[2024-04-13T16:12:30.570+0000] {processor.py:161} INFO - Started process (PID=39) to work on /home/airflow/.local/lib/python3.12/site-packages/airflow/example_dags/example_sensors.py
[2024-04-13T16:12:30.572+0000] {processor.py:830} INFO - Processing file /home/airflow/.local/lib/python3.12/site-packages/airflow/example_dags/example_sensors.py for tasks to queue
[2024-04-13T16:12:30.573+0000] {logging_mixin.py:188} INFO - [2024-04-13T16:12:30.573+0000] {dagbag.py:540} INFO - Filling up the DagBag from /home/airflow/.local/lib/python3.12/site-packages/airflow/example_dags/example_sensors.py
[2024-04-13T16:12:30.582+0000] {processor.py:840} INFO - DAG(s) 'example_sensors' retrieved from /home/airflow/.local/lib/python3.12/site-packages/airflow/example_dags/example_sensors.py
[2024-04-13T16:12:30.615+0000] {logging_mixin.py:188} INFO - [2024-04-13T16:12:30.615+0000] {dag.py:3096} INFO - Sync 1 DAGs
[2024-04-13T16:12:30.636+0000] {logging_mixin.py:188} INFO - [2024-04-13T16:12:30.636+0000] {dag.py:3954} INFO - Setting next_dagrun for example_sensors to None, run_after=None
[2024-04-13T16:12:30.664+0000] {processor.py:183} INFO - Processing /home/airflow/.local/lib/python3.12/site-packages/airflow/example_dags/example_sensors.py took 0.100 seconds
[2024-04-13T16:13:01.413+0000] {processor.py:161} INFO - Started process (PID=97) to work on /home/airflow/.local/lib/python3.12/site-packages/airflow/example_dags/example_sensors.py
[2024-04-13T16:13:01.413+0000] {processor.py:830} INFO - Processing file /home/airflow/.local/lib/python3.12/site-packages/airflow/example_dags/example_sensors.py for tasks to queue
[2024-04-13T16:13:01.414+0000] {logging_mixin.py:188} INFO - [2024-04-13T16:13:01.414+0000] {dagbag.py:540} INFO - Filling up the DagBag from /home/airflow/.local/lib/python3.12/site-packages/airflow/example_dags/example_sensors.py
[2024-04-13T16:13:01.418+0000] {processor.py:840} INFO - DAG(s) 'example_sensors' retrieved from /home/airflow/.local/lib/python3.12/site-packages/airflow/example_dags/example_sensors.py
[2024-04-13T16:13:01.461+0000] {logging_mixin.py:188} INFO - [2024-04-13T16:13:01.461+0000] {dag.py:3096} INFO - Sync 1 DAGs
[2024-04-13T16:13:01.465+0000] {logging_mixin.py:188} INFO - [2024-04-13T16:13:01.465+0000] {dag.py:3954} INFO - Setting next_dagrun for example_sensors to None, run_after=None
[2024-04-13T16:13:01.472+0000] {processor.py:183} INFO - Processing /home/airflow/.local/lib/python3.12/site-packages/airflow/example_dags/example_sensors.py took 0.062 seconds
[2024-04-13T16:13:31.645+0000] {processor.py:161} INFO - Started process (PID=155) to work on /home/airflow/.local/lib/python3.12/site-packages/airflow/example_dags/example_sensors.py
[2024-04-13T16:13:31.645+0000] {processor.py:830} INFO - Processing file /home/airflow/.local/lib/python3.12/site-packages/airflow/example_dags/example_sensors.py for tasks to queue
[2024-04-13T16:13:31.646+0000] {logging_mixin.py:188} INFO - [2024-04-13T16:13:31.646+0000] {dagbag.py:540} INFO - Filling up the DagBag from /home/airflow/.local/lib/python3.12/site-packages/airflow/example_dags/example_sensors.py
[2024-04-13T16:13:31.650+0000] {processor.py:840} INFO - DAG(s) 'example_sensors' retrieved from /home/airflow/.local/lib/python3.12/site-packages/airflow/example_dags/example_sensors.py
[2024-04-13T16:13:31.660+0000] {logging_mixin.py:188} INFO - [2024-04-13T16:13:31.660+0000] {dag.py:3096} INFO - Sync 1 DAGs
[2024-04-13T16:13:31.665+0000] {logging_mixin.py:188} INFO - [2024-04-13T16:13:31.665+0000] {dag.py:3954} INFO - Setting next_dagrun for example_sensors to None, run_after=None
[2024-04-13T16:13:31.672+0000] {processor.py:183} INFO - Processing /home/airflow/.local/lib/python3.12/site-packages/airflow/example_dags/example_sensors.py took 0.029 seconds
[2024-04-13T16:14:02.123+0000] {processor.py:161} INFO - Started process (PID=213) to work on /home/airflow/.local/lib/python3.12/site-packages/airflow/example_dags/example_sensors.py
[2024-04-13T16:14:02.124+0000] {processor.py:830} INFO - Processing file /home/airflow/.local/lib/python3.12/site-packages/airflow/example_dags/example_sensors.py for tasks to queue
[2024-04-13T16:14:02.125+0000] {logging_mixin.py:188} INFO - [2024-04-13T16:14:02.125+0000] {dagbag.py:540} INFO - Filling up the DagBag from /home/airflow/.local/lib/python3.12/site-packages/airflow/example_dags/example_sensors.py
[2024-04-13T16:14:02.129+0000] {processor.py:840} INFO - DAG(s) 'example_sensors' retrieved from /home/airflow/.local/lib/python3.12/site-packages/airflow/example_dags/example_sensors.py
[2024-04-13T16:14:02.143+0000] {logging_mixin.py:188} INFO - [2024-04-13T16:14:02.143+0000] {dag.py:3096} INFO - Sync 1 DAGs
[2024-04-13T16:14:02.150+0000] {logging_mixin.py:188} INFO - [2024-04-13T16:14:02.150+0000] {dag.py:3954} INFO - Setting next_dagrun for example_sensors to None, run_after=None
[2024-04-13T16:14:02.158+0000] {processor.py:183} INFO - Processing /home/airflow/.local/lib/python3.12/site-packages/airflow/example_dags/example_sensors.py took 0.038 seconds
[2024-04-13T16:14:32.582+0000] {processor.py:161} INFO - Started process (PID=271) to work on /home/airflow/.local/lib/python3.12/site-packages/airflow/example_dags/example_sensors.py
[2024-04-13T16:14:32.582+0000] {processor.py:830} INFO - Processing file /home/airflow/.local/lib/python3.12/site-packages/airflow/example_dags/example_sensors.py for tasks to queue
[2024-04-13T16:14:32.583+0000] {logging_mixin.py:188} INFO - [2024-04-13T16:14:32.583+0000] {dagbag.py:540} INFO - Filling up the DagBag from /home/airflow/.local/lib/python3.12/site-packages/airflow/example_dags/example_sensors.py
[2024-04-13T16:14:32.587+0000] {processor.py:840} INFO - DAG(s) 'example_sensors' retrieved from /home/airflow/.local/lib/python3.12/site-packages/airflow/example_dags/example_sensors.py
[2024-04-13T16:14:32.598+0000] {logging_mixin.py:188} INFO - [2024-04-13T16:14:32.597+0000] {dag.py:3096} INFO - Sync 1 DAGs
[2024-04-13T16:14:32.602+0000] {logging_mixin.py:188} INFO - [2024-04-13T16:14:32.602+0000] {dag.py:3954} INFO - Setting next_dagrun for example_sensors to None, run_after=None
[2024-04-13T16:14:32.609+0000] {processor.py:183} INFO - Processing /home/airflow/.local/lib/python3.12/site-packages/airflow/example_dags/example_sensors.py took 0.030 seconds
[2024-04-13T16:15:03.123+0000] {processor.py:161} INFO - Started process (PID=329) to work on /home/airflow/.local/lib/python3.12/site-packages/airflow/example_dags/example_sensors.py
[2024-04-13T16:15:03.123+0000] {processor.py:830} INFO - Processing file /home/airflow/.local/lib/python3.12/site-packages/airflow/example_dags/example_sensors.py for tasks to queue
[2024-04-13T16:15:03.124+0000] {logging_mixin.py:188} INFO - [2024-04-13T16:15:03.124+0000] {dagbag.py:540} INFO - Filling up the DagBag from /home/airflow/.local/lib/python3.12/site-packages/airflow/example_dags/example_sensors.py
[2024-04-13T16:15:03.129+0000] {processor.py:840} INFO - DAG(s) 'example_sensors' retrieved from /home/airflow/.local/lib/python3.12/site-packages/airflow/example_dags/example_sensors.py
[2024-04-13T16:15:03.140+0000] {logging_mixin.py:188} INFO - [2024-04-13T16:15:03.140+0000] {dag.py:3096} INFO - Sync 1 DAGs
[2024-04-13T16:15:03.145+0000] {logging_mixin.py:188} INFO - [2024-04-13T16:15:03.145+0000] {dag.py:3954} INFO - Setting next_dagrun for example_sensors to None, run_after=None
[2024-04-13T16:15:03.153+0000] {processor.py:183} INFO - Processing /home/airflow/.local/lib/python3.12/site-packages/airflow/example_dags/example_sensors.py took 0.032 seconds
[2024-04-13T16:15:33.610+0000] {processor.py:161} INFO - Started process (PID=387) to work on /home/airflow/.local/lib/python3.12/site-packages/airflow/example_dags/example_sensors.py
[2024-04-13T16:15:33.611+0000] {processor.py:830} INFO - Processing file /home/airflow/.local/lib/python3.12/site-packages/airflow/example_dags/example_sensors.py for tasks to queue
[2024-04-13T16:15:33.611+0000] {logging_mixin.py:188} INFO - [2024-04-13T16:15:33.611+0000] {dagbag.py:540} INFO - Filling up the DagBag from /home/airflow/.local/lib/python3.12/site-packages/airflow/example_dags/example_sensors.py
[2024-04-13T16:15:33.615+0000] {processor.py:840} INFO - DAG(s) 'example_sensors' retrieved from /home/airflow/.local/lib/python3.12/site-packages/airflow/example_dags/example_sensors.py
[2024-04-13T16:15:33.627+0000] {logging_mixin.py:188} INFO - [2024-04-13T16:15:33.627+0000] {dag.py:3096} INFO - Sync 1 DAGs
[2024-04-13T16:15:33.633+0000] {logging_mixin.py:188} INFO - [2024-04-13T16:15:33.633+0000] {dag.py:3954} INFO - Setting next_dagrun for example_sensors to None, run_after=None
[2024-04-13T16:15:33.642+0000] {processor.py:183} INFO - Processing /home/airflow/.local/lib/python3.12/site-packages/airflow/example_dags/example_sensors.py took 0.034 seconds
[2024-04-13T16:16:04.130+0000] {processor.py:161} INFO - Started process (PID=445) to work on /home/airflow/.local/lib/python3.12/site-packages/airflow/example_dags/example_sensors.py
[2024-04-13T16:16:04.131+0000] {processor.py:830} INFO - Processing file /home/airflow/.local/lib/python3.12/site-packages/airflow/example_dags/example_sensors.py for tasks to queue
[2024-04-13T16:16:04.133+0000] {logging_mixin.py:188} INFO - [2024-04-13T16:16:04.133+0000] {dagbag.py:540} INFO - Filling up the DagBag from /home/airflow/.local/lib/python3.12/site-packages/airflow/example_dags/example_sensors.py
[2024-04-13T16:16:04.137+0000] {processor.py:840} INFO - DAG(s) 'example_sensors' retrieved from /home/airflow/.local/lib/python3.12/site-packages/airflow/example_dags/example_sensors.py
[2024-04-13T16:16:04.148+0000] {logging_mixin.py:188} INFO - [2024-04-13T16:16:04.148+0000] {dag.py:3096} INFO - Sync 1 DAGs
[2024-04-13T16:16:04.152+0000] {logging_mixin.py:188} INFO - [2024-04-13T16:16:04.152+0000] {dag.py:3954} INFO - Setting next_dagrun for example_sensors to None, run_after=None
[2024-04-13T16:16:04.160+0000] {processor.py:183} INFO - Processing /home/airflow/.local/lib/python3.12/site-packages/airflow/example_dags/example_sensors.py took 0.035 seconds
[2024-04-13T16:16:34.713+0000] {processor.py:161} INFO - Started process (PID=503) to work on /home/airflow/.local/lib/python3.12/site-packages/airflow/example_dags/example_sensors.py
[2024-04-13T16:16:34.714+0000] {processor.py:830} INFO - Processing file /home/airflow/.local/lib/python3.12/site-packages/airflow/example_dags/example_sensors.py for tasks to queue
[2024-04-13T16:16:34.714+0000] {logging_mixin.py:188} INFO - [2024-04-13T16:16:34.714+0000] {dagbag.py:540} INFO - Filling up the DagBag from /home/airflow/.local/lib/python3.12/site-packages/airflow/example_dags/example_sensors.py
[2024-04-13T16:16:34.718+0000] {processor.py:840} INFO - DAG(s) 'example_sensors' retrieved from /home/airflow/.local/lib/python3.12/site-packages/airflow/example_dags/example_sensors.py
[2024-04-13T16:16:34.730+0000] {logging_mixin.py:188} INFO - [2024-04-13T16:16:34.730+0000] {dag.py:3096} INFO - Sync 1 DAGs
[2024-04-13T16:16:34.735+0000] {logging_mixin.py:188} INFO - [2024-04-13T16:16:34.735+0000] {dag.py:3954} INFO - Setting next_dagrun for example_sensors to None, run_after=None
[2024-04-13T16:16:34.743+0000] {processor.py:183} INFO - Processing /home/airflow/.local/lib/python3.12/site-packages/airflow/example_dags/example_sensors.py took 0.032 seconds
[2024-04-13T16:17:05.400+0000] {processor.py:161} INFO - Started process (PID=561) to work on /home/airflow/.local/lib/python3.12/site-packages/airflow/example_dags/example_sensors.py
[2024-04-13T16:17:05.400+0000] {processor.py:830} INFO - Processing file /home/airflow/.local/lib/python3.12/site-packages/airflow/example_dags/example_sensors.py for tasks to queue
[2024-04-13T16:17:05.401+0000] {logging_mixin.py:188} INFO - [2024-04-13T16:17:05.401+0000] {dagbag.py:540} INFO - Filling up the DagBag from /home/airflow/.local/lib/python3.12/site-packages/airflow/example_dags/example_sensors.py
[2024-04-13T16:17:05.405+0000] {processor.py:840} INFO - DAG(s) 'example_sensors' retrieved from /home/airflow/.local/lib/python3.12/site-packages/airflow/example_dags/example_sensors.py
[2024-04-13T16:17:05.419+0000] {logging_mixin.py:188} INFO - [2024-04-13T16:17:05.418+0000] {dag.py:3096} INFO - Sync 1 DAGs
[2024-04-13T16:17:05.424+0000] {logging_mixin.py:188} INFO - [2024-04-13T16:17:05.424+0000] {dag.py:3954} INFO - Setting next_dagrun for example_sensors to None, run_after=None
[2024-04-13T16:17:05.431+0000] {processor.py:183} INFO - Processing /home/airflow/.local/lib/python3.12/site-packages/airflow/example_dags/example_sensors.py took 0.034 seconds
[2024-04-13T16:17:35.941+0000] {processor.py:161} INFO - Started process (PID=619) to work on /home/airflow/.local/lib/python3.12/site-packages/airflow/example_dags/example_sensors.py
[2024-04-13T16:17:35.942+0000] {processor.py:830} INFO - Processing file /home/airflow/.local/lib/python3.12/site-packages/airflow/example_dags/example_sensors.py for tasks to queue
[2024-04-13T16:17:35.943+0000] {logging_mixin.py:188} INFO - [2024-04-13T16:17:35.943+0000] {dagbag.py:540} INFO - Filling up the DagBag from /home/airflow/.local/lib/python3.12/site-packages/airflow/example_dags/example_sensors.py
[2024-04-13T16:17:35.947+0000] {processor.py:840} INFO - DAG(s) 'example_sensors' retrieved from /home/airflow/.local/lib/python3.12/site-packages/airflow/example_dags/example_sensors.py
[2024-04-13T16:17:35.962+0000] {logging_mixin.py:188} INFO - [2024-04-13T16:17:35.961+0000] {dag.py:3096} INFO - Sync 1 DAGs
[2024-04-13T16:17:35.967+0000] {logging_mixin.py:188} INFO - [2024-04-13T16:17:35.967+0000] {dag.py:3954} INFO - Setting next_dagrun for example_sensors to None, run_after=None
[2024-04-13T16:17:35.974+0000] {processor.py:183} INFO - Processing /home/airflow/.local/lib/python3.12/site-packages/airflow/example_dags/example_sensors.py took 0.036 seconds
[2024-04-13T16:18:06.609+0000] {processor.py:161} INFO - Started process (PID=677) to work on /home/airflow/.local/lib/python3.12/site-packages/airflow/example_dags/example_sensors.py
[2024-04-13T16:18:06.610+0000] {processor.py:830} INFO - Processing file /home/airflow/.local/lib/python3.12/site-packages/airflow/example_dags/example_sensors.py for tasks to queue
[2024-04-13T16:18:06.612+0000] {logging_mixin.py:188} INFO - [2024-04-13T16:18:06.612+0000] {dagbag.py:540} INFO - Filling up the DagBag from /home/airflow/.local/lib/python3.12/site-packages/airflow/example_dags/example_sensors.py
[2024-04-13T16:18:06.619+0000] {processor.py:840} INFO - DAG(s) 'example_sensors' retrieved from /home/airflow/.local/lib/python3.12/site-packages/airflow/example_dags/example_sensors.py
[2024-04-13T16:18:06.635+0000] {logging_mixin.py:188} INFO - [2024-04-13T16:18:06.635+0000] {dag.py:3096} INFO - Sync 1 DAGs
[2024-04-13T16:18:06.640+0000] {logging_mixin.py:188} INFO - [2024-04-13T16:18:06.640+0000] {dag.py:3954} INFO - Setting next_dagrun for example_sensors to None, run_after=None
[2024-04-13T16:18:06.647+0000] {processor.py:183} INFO - Processing /home/airflow/.local/lib/python3.12/site-packages/airflow/example_dags/example_sensors.py took 0.042 seconds
[2024-04-13T16:18:37.280+0000] {processor.py:161} INFO - Started process (PID=735) to work on /home/airflow/.local/lib/python3.12/site-packages/airflow/example_dags/example_sensors.py
[2024-04-13T16:18:37.280+0000] {processor.py:830} INFO - Processing file /home/airflow/.local/lib/python3.12/site-packages/airflow/example_dags/example_sensors.py for tasks to queue
[2024-04-13T16:18:37.281+0000] {logging_mixin.py:188} INFO - [2024-04-13T16:18:37.281+0000] {dagbag.py:540} INFO - Filling up the DagBag from /home/airflow/.local/lib/python3.12/site-packages/airflow/example_dags/example_sensors.py
[2024-04-13T16:18:37.285+0000] {processor.py:840} INFO - DAG(s) 'example_sensors' retrieved from /home/airflow/.local/lib/python3.12/site-packages/airflow/example_dags/example_sensors.py
[2024-04-13T16:18:37.295+0000] {logging_mixin.py:188} INFO - [2024-04-13T16:18:37.295+0000] {dag.py:3096} INFO - Sync 1 DAGs
[2024-04-13T16:18:37.300+0000] {logging_mixin.py:188} INFO - [2024-04-13T16:18:37.300+0000] {dag.py:3954} INFO - Setting next_dagrun for example_sensors to None, run_after=None
[2024-04-13T16:18:37.307+0000] {processor.py:183} INFO - Processing /home/airflow/.local/lib/python3.12/site-packages/airflow/example_dags/example_sensors.py took 0.030 seconds
[2024-04-13T16:19:07.857+0000] {processor.py:161} INFO - Started process (PID=792) to work on /home/airflow/.local/lib/python3.12/site-packages/airflow/example_dags/example_sensors.py
[2024-04-13T16:19:07.858+0000] {processor.py:830} INFO - Processing file /home/airflow/.local/lib/python3.12/site-packages/airflow/example_dags/example_sensors.py for tasks to queue
[2024-04-13T16:19:07.859+0000] {logging_mixin.py:188} INFO - [2024-04-13T16:19:07.859+0000] {dagbag.py:540} INFO - Filling up the DagBag from /home/airflow/.local/lib/python3.12/site-packages/airflow/example_dags/example_sensors.py
[2024-04-13T16:19:07.862+0000] {processor.py:840} INFO - DAG(s) 'example_sensors' retrieved from /home/airflow/.local/lib/python3.12/site-packages/airflow/example_dags/example_sensors.py
[2024-04-13T16:19:07.873+0000] {logging_mixin.py:188} INFO - [2024-04-13T16:19:07.872+0000] {dag.py:3096} INFO - Sync 1 DAGs
[2024-04-13T16:19:07.877+0000] {logging_mixin.py:188} INFO - [2024-04-13T16:19:07.877+0000] {dag.py:3954} INFO - Setting next_dagrun for example_sensors to None, run_after=None
[2024-04-13T16:19:07.884+0000] {processor.py:183} INFO - Processing /home/airflow/.local/lib/python3.12/site-packages/airflow/example_dags/example_sensors.py took 0.029 seconds
[2024-04-13T16:19:37.916+0000] {processor.py:161} INFO - Started process (PID=850) to work on /home/airflow/.local/lib/python3.12/site-packages/airflow/example_dags/example_sensors.py
[2024-04-13T16:19:37.917+0000] {processor.py:830} INFO - Processing file /home/airflow/.local/lib/python3.12/site-packages/airflow/example_dags/example_sensors.py for tasks to queue
[2024-04-13T16:19:37.918+0000] {logging_mixin.py:188} INFO - [2024-04-13T16:19:37.917+0000] {dagbag.py:540} INFO - Filling up the DagBag from /home/airflow/.local/lib/python3.12/site-packages/airflow/example_dags/example_sensors.py
[2024-04-13T16:19:37.922+0000] {processor.py:840} INFO - DAG(s) 'example_sensors' retrieved from /home/airflow/.local/lib/python3.12/site-packages/airflow/example_dags/example_sensors.py
[2024-04-13T16:19:37.933+0000] {logging_mixin.py:188} INFO - [2024-04-13T16:19:37.933+0000] {dag.py:3096} INFO - Sync 1 DAGs
[2024-04-13T16:19:37.938+0000] {logging_mixin.py:188} INFO - [2024-04-13T16:19:37.938+0000] {dag.py:3954} INFO - Setting next_dagrun for example_sensors to None, run_after=None
[2024-04-13T16:19:37.947+0000] {processor.py:183} INFO - Processing /home/airflow/.local/lib/python3.12/site-packages/airflow/example_dags/example_sensors.py took 0.033 seconds
[2024-04-13T16:20:08.034+0000] {processor.py:161} INFO - Started process (PID=907) to work on /home/airflow/.local/lib/python3.12/site-packages/airflow/example_dags/example_sensors.py
[2024-04-13T16:20:08.034+0000] {processor.py:830} INFO - Processing file /home/airflow/.local/lib/python3.12/site-packages/airflow/example_dags/example_sensors.py for tasks to queue
[2024-04-13T16:20:08.035+0000] {logging_mixin.py:188} INFO - [2024-04-13T16:20:08.035+0000] {dagbag.py:540} INFO - Filling up the DagBag from /home/airflow/.local/lib/python3.12/site-packages/airflow/example_dags/example_sensors.py
[2024-04-13T16:20:08.039+0000] {processor.py:840} INFO - DAG(s) 'example_sensors' retrieved from /home/airflow/.local/lib/python3.12/site-packages/airflow/example_dags/example_sensors.py
[2024-04-13T16:20:08.049+0000] {logging_mixin.py:188} INFO - [2024-04-13T16:20:08.049+0000] {dag.py:3096} INFO - Sync 1 DAGs
[2024-04-13T16:20:08.054+0000] {logging_mixin.py:188} INFO - [2024-04-13T16:20:08.054+0000] {dag.py:3954} INFO - Setting next_dagrun for example_sensors to None, run_after=None
[2024-04-13T16:20:08.061+0000] {processor.py:183} INFO - Processing /home/airflow/.local/lib/python3.12/site-packages/airflow/example_dags/example_sensors.py took 0.030 seconds
[2024-04-13T16:20:38.237+0000] {processor.py:161} INFO - Started process (PID=965) to work on /home/airflow/.local/lib/python3.12/site-packages/airflow/example_dags/example_sensors.py
[2024-04-13T16:20:38.237+0000] {processor.py:830} INFO - Processing file /home/airflow/.local/lib/python3.12/site-packages/airflow/example_dags/example_sensors.py for tasks to queue
[2024-04-13T16:20:38.238+0000] {logging_mixin.py:188} INFO - [2024-04-13T16:20:38.238+0000] {dagbag.py:540} INFO - Filling up the DagBag from /home/airflow/.local/lib/python3.12/site-packages/airflow/example_dags/example_sensors.py
[2024-04-13T16:20:38.242+0000] {processor.py:840} INFO - DAG(s) 'example_sensors' retrieved from /home/airflow/.local/lib/python3.12/site-packages/airflow/example_dags/example_sensors.py
[2024-04-13T16:20:38.253+0000] {logging_mixin.py:188} INFO - [2024-04-13T16:20:38.253+0000] {dag.py:3096} INFO - Sync 1 DAGs
[2024-04-13T16:20:38.258+0000] {logging_mixin.py:188} INFO - [2024-04-13T16:20:38.258+0000] {dag.py:3954} INFO - Setting next_dagrun for example_sensors to None, run_after=None
[2024-04-13T16:20:38.265+0000] {processor.py:183} INFO - Processing /home/airflow/.local/lib/python3.12/site-packages/airflow/example_dags/example_sensors.py took 0.030 seconds
[2024-04-13T16:21:09.511+0000] {processor.py:161} INFO - Started process (PID=1024) to work on /home/airflow/.local/lib/python3.12/site-packages/airflow/example_dags/example_sensors.py
[2024-04-13T16:21:09.512+0000] {processor.py:830} INFO - Processing file /home/airflow/.local/lib/python3.12/site-packages/airflow/example_dags/example_sensors.py for tasks to queue
[2024-04-13T16:21:09.513+0000] {logging_mixin.py:188} INFO - [2024-04-13T16:21:09.512+0000] {dagbag.py:540} INFO - Filling up the DagBag from /home/airflow/.local/lib/python3.12/site-packages/airflow/example_dags/example_sensors.py
[2024-04-13T16:21:09.517+0000] {processor.py:840} INFO - DAG(s) 'example_sensors' retrieved from /home/airflow/.local/lib/python3.12/site-packages/airflow/example_dags/example_sensors.py
[2024-04-13T16:21:09.529+0000] {logging_mixin.py:188} INFO - [2024-04-13T16:21:09.529+0000] {dag.py:3096} INFO - Sync 1 DAGs
[2024-04-13T16:21:09.534+0000] {logging_mixin.py:188} INFO - [2024-04-13T16:21:09.534+0000] {dag.py:3954} INFO - Setting next_dagrun for example_sensors to None, run_after=None
[2024-04-13T16:21:09.541+0000] {processor.py:183} INFO - Processing /home/airflow/.local/lib/python3.12/site-packages/airflow/example_dags/example_sensors.py took 0.033 seconds
[2024-04-13T16:21:40.466+0000] {processor.py:161} INFO - Started process (PID=1082) to work on /home/airflow/.local/lib/python3.12/site-packages/airflow/example_dags/example_sensors.py
[2024-04-13T16:21:40.467+0000] {processor.py:830} INFO - Processing file /home/airflow/.local/lib/python3.12/site-packages/airflow/example_dags/example_sensors.py for tasks to queue
[2024-04-13T16:21:40.468+0000] {logging_mixin.py:188} INFO - [2024-04-13T16:21:40.468+0000] {dagbag.py:540} INFO - Filling up the DagBag from /home/airflow/.local/lib/python3.12/site-packages/airflow/example_dags/example_sensors.py
[2024-04-13T16:21:40.472+0000] {processor.py:840} INFO - DAG(s) 'example_sensors' retrieved from /home/airflow/.local/lib/python3.12/site-packages/airflow/example_dags/example_sensors.py
[2024-04-13T16:21:40.486+0000] {logging_mixin.py:188} INFO - [2024-04-13T16:21:40.486+0000] {dag.py:3096} INFO - Sync 1 DAGs
[2024-04-13T16:21:40.576+0000] {logging_mixin.py:188} INFO - [2024-04-13T16:21:40.576+0000] {dag.py:3954} INFO - Setting next_dagrun for example_sensors to None, run_after=None
[2024-04-13T16:21:40.587+0000] {processor.py:183} INFO - Processing /home/airflow/.local/lib/python3.12/site-packages/airflow/example_dags/example_sensors.py took 0.124 seconds
[2024-04-13T16:22:10.764+0000] {processor.py:161} INFO - Started process (PID=1140) to work on /home/airflow/.local/lib/python3.12/site-packages/airflow/example_dags/example_sensors.py
[2024-04-13T16:22:10.765+0000] {processor.py:830} INFO - Processing file /home/airflow/.local/lib/python3.12/site-packages/airflow/example_dags/example_sensors.py for tasks to queue
[2024-04-13T16:22:10.765+0000] {logging_mixin.py:188} INFO - [2024-04-13T16:22:10.765+0000] {dagbag.py:540} INFO - Filling up the DagBag from /home/airflow/.local/lib/python3.12/site-packages/airflow/example_dags/example_sensors.py
[2024-04-13T16:22:10.769+0000] {processor.py:840} INFO - DAG(s) 'example_sensors' retrieved from /home/airflow/.local/lib/python3.12/site-packages/airflow/example_dags/example_sensors.py
[2024-04-13T16:22:10.779+0000] {logging_mixin.py:188} INFO - [2024-04-13T16:22:10.779+0000] {dag.py:3096} INFO - Sync 1 DAGs
[2024-04-13T16:22:10.785+0000] {logging_mixin.py:188} INFO - [2024-04-13T16:22:10.785+0000] {dag.py:3954} INFO - Setting next_dagrun for example_sensors to None, run_after=None
[2024-04-13T16:22:10.792+0000] {processor.py:183} INFO - Processing /home/airflow/.local/lib/python3.12/site-packages/airflow/example_dags/example_sensors.py took 0.031 seconds
[2024-04-13T16:22:41.350+0000] {processor.py:161} INFO - Started process (PID=1198) to work on /home/airflow/.local/lib/python3.12/site-packages/airflow/example_dags/example_sensors.py
[2024-04-13T16:22:41.351+0000] {processor.py:830} INFO - Processing file /home/airflow/.local/lib/python3.12/site-packages/airflow/example_dags/example_sensors.py for tasks to queue
[2024-04-13T16:22:41.352+0000] {logging_mixin.py:188} INFO - [2024-04-13T16:22:41.352+0000] {dagbag.py:540} INFO - Filling up the DagBag from /home/airflow/.local/lib/python3.12/site-packages/airflow/example_dags/example_sensors.py
[2024-04-13T16:22:41.356+0000] {processor.py:840} INFO - DAG(s) 'example_sensors' retrieved from /home/airflow/.local/lib/python3.12/site-packages/airflow/example_dags/example_sensors.py
[2024-04-13T16:22:41.367+0000] {logging_mixin.py:188} INFO - [2024-04-13T16:22:41.367+0000] {dag.py:3096} INFO - Sync 1 DAGs
[2024-04-13T16:22:41.372+0000] {logging_mixin.py:188} INFO - [2024-04-13T16:22:41.372+0000] {dag.py:3954} INFO - Setting next_dagrun for example_sensors to None, run_after=None
[2024-04-13T16:22:41.380+0000] {processor.py:183} INFO - Processing /home/airflow/.local/lib/python3.12/site-packages/airflow/example_dags/example_sensors.py took 0.034 seconds
[2024-04-13T16:23:11.992+0000] {processor.py:161} INFO - Started process (PID=1256) to work on /home/airflow/.local/lib/python3.12/site-packages/airflow/example_dags/example_sensors.py
[2024-04-13T16:23:11.992+0000] {processor.py:830} INFO - Processing file /home/airflow/.local/lib/python3.12/site-packages/airflow/example_dags/example_sensors.py for tasks to queue
[2024-04-13T16:23:11.993+0000] {logging_mixin.py:188} INFO - [2024-04-13T16:23:11.993+0000] {dagbag.py:540} INFO - Filling up the DagBag from /home/airflow/.local/lib/python3.12/site-packages/airflow/example_dags/example_sensors.py
[2024-04-13T16:23:11.997+0000] {processor.py:840} INFO - DAG(s) 'example_sensors' retrieved from /home/airflow/.local/lib/python3.12/site-packages/airflow/example_dags/example_sensors.py
[2024-04-13T16:23:12.009+0000] {logging_mixin.py:188} INFO - [2024-04-13T16:23:12.009+0000] {dag.py:3096} INFO - Sync 1 DAGs
[2024-04-13T16:23:12.015+0000] {logging_mixin.py:188} INFO - [2024-04-13T16:23:12.015+0000] {dag.py:3954} INFO - Setting next_dagrun for example_sensors to None, run_after=None
[2024-04-13T16:23:12.023+0000] {processor.py:183} INFO - Processing /home/airflow/.local/lib/python3.12/site-packages/airflow/example_dags/example_sensors.py took 0.034 seconds
[2024-04-13T16:23:42.669+0000] {processor.py:161} INFO - Started process (PID=1314) to work on /home/airflow/.local/lib/python3.12/site-packages/airflow/example_dags/example_sensors.py
[2024-04-13T16:23:42.670+0000] {processor.py:830} INFO - Processing file /home/airflow/.local/lib/python3.12/site-packages/airflow/example_dags/example_sensors.py for tasks to queue
[2024-04-13T16:23:42.670+0000] {logging_mixin.py:188} INFO - [2024-04-13T16:23:42.670+0000] {dagbag.py:540} INFO - Filling up the DagBag from /home/airflow/.local/lib/python3.12/site-packages/airflow/example_dags/example_sensors.py
[2024-04-13T16:23:42.674+0000] {processor.py:840} INFO - DAG(s) 'example_sensors' retrieved from /home/airflow/.local/lib/python3.12/site-packages/airflow/example_dags/example_sensors.py
[2024-04-13T16:23:42.685+0000] {logging_mixin.py:188} INFO - [2024-04-13T16:23:42.685+0000] {dag.py:3096} INFO - Sync 1 DAGs
[2024-04-13T16:23:42.690+0000] {logging_mixin.py:188} INFO - [2024-04-13T16:23:42.690+0000] {dag.py:3954} INFO - Setting next_dagrun for example_sensors to None, run_after=None
[2024-04-13T16:23:42.698+0000] {processor.py:183} INFO - Processing /home/airflow/.local/lib/python3.12/site-packages/airflow/example_dags/example_sensors.py took 0.031 seconds
[2024-04-13T16:24:13.265+0000] {processor.py:161} INFO - Started process (PID=1372) to work on /home/airflow/.local/lib/python3.12/site-packages/airflow/example_dags/example_sensors.py
[2024-04-13T16:24:13.266+0000] {processor.py:830} INFO - Processing file /home/airflow/.local/lib/python3.12/site-packages/airflow/example_dags/example_sensors.py for tasks to queue
[2024-04-13T16:24:13.267+0000] {logging_mixin.py:188} INFO - [2024-04-13T16:24:13.266+0000] {dagbag.py:540} INFO - Filling up the DagBag from /home/airflow/.local/lib/python3.12/site-packages/airflow/example_dags/example_sensors.py
[2024-04-13T16:24:13.271+0000] {processor.py:840} INFO - DAG(s) 'example_sensors' retrieved from /home/airflow/.local/lib/python3.12/site-packages/airflow/example_dags/example_sensors.py
[2024-04-13T16:24:13.281+0000] {logging_mixin.py:188} INFO - [2024-04-13T16:24:13.281+0000] {dag.py:3096} INFO - Sync 1 DAGs
[2024-04-13T16:24:13.287+0000] {logging_mixin.py:188} INFO - [2024-04-13T16:24:13.287+0000] {dag.py:3954} INFO - Setting next_dagrun for example_sensors to None, run_after=None
[2024-04-13T16:24:13.294+0000] {processor.py:183} INFO - Processing /home/airflow/.local/lib/python3.12/site-packages/airflow/example_dags/example_sensors.py took 0.032 seconds
[2024-04-13T16:24:43.840+0000] {processor.py:161} INFO - Started process (PID=1430) to work on /home/airflow/.local/lib/python3.12/site-packages/airflow/example_dags/example_sensors.py
[2024-04-13T16:24:43.841+0000] {processor.py:830} INFO - Processing file /home/airflow/.local/lib/python3.12/site-packages/airflow/example_dags/example_sensors.py for tasks to queue
[2024-04-13T16:24:43.842+0000] {logging_mixin.py:188} INFO - [2024-04-13T16:24:43.842+0000] {dagbag.py:540} INFO - Filling up the DagBag from /home/airflow/.local/lib/python3.12/site-packages/airflow/example_dags/example_sensors.py
[2024-04-13T16:24:43.846+0000] {processor.py:840} INFO - DAG(s) 'example_sensors' retrieved from /home/airflow/.local/lib/python3.12/site-packages/airflow/example_dags/example_sensors.py
[2024-04-13T16:24:43.856+0000] {logging_mixin.py:188} INFO - [2024-04-13T16:24:43.856+0000] {dag.py:3096} INFO - Sync 1 DAGs
[2024-04-13T16:24:43.862+0000] {logging_mixin.py:188} INFO - [2024-04-13T16:24:43.861+0000] {dag.py:3954} INFO - Setting next_dagrun for example_sensors to None, run_after=None
[2024-04-13T16:24:43.869+0000] {processor.py:183} INFO - Processing /home/airflow/.local/lib/python3.12/site-packages/airflow/example_dags/example_sensors.py took 0.031 seconds
[2024-04-13T16:25:14.430+0000] {processor.py:161} INFO - Started process (PID=1488) to work on /home/airflow/.local/lib/python3.12/site-packages/airflow/example_dags/example_sensors.py
[2024-04-13T16:25:14.431+0000] {processor.py:830} INFO - Processing file /home/airflow/.local/lib/python3.12/site-packages/airflow/example_dags/example_sensors.py for tasks to queue
[2024-04-13T16:25:14.432+0000] {logging_mixin.py:188} INFO - [2024-04-13T16:25:14.432+0000] {dagbag.py:540} INFO - Filling up the DagBag from /home/airflow/.local/lib/python3.12/site-packages/airflow/example_dags/example_sensors.py
[2024-04-13T16:25:14.436+0000] {processor.py:840} INFO - DAG(s) 'example_sensors' retrieved from /home/airflow/.local/lib/python3.12/site-packages/airflow/example_dags/example_sensors.py
[2024-04-13T16:25:14.447+0000] {logging_mixin.py:188} INFO - [2024-04-13T16:25:14.446+0000] {dag.py:3096} INFO - Sync 1 DAGs
[2024-04-13T16:25:14.452+0000] {logging_mixin.py:188} INFO - [2024-04-13T16:25:14.452+0000] {dag.py:3954} INFO - Setting next_dagrun for example_sensors to None, run_after=None
[2024-04-13T16:25:14.459+0000] {processor.py:183} INFO - Processing /home/airflow/.local/lib/python3.12/site-packages/airflow/example_dags/example_sensors.py took 0.032 seconds
[2024-04-13T16:25:44.992+0000] {processor.py:161} INFO - Started process (PID=1546) to work on /home/airflow/.local/lib/python3.12/site-packages/airflow/example_dags/example_sensors.py
[2024-04-13T16:25:44.993+0000] {processor.py:830} INFO - Processing file /home/airflow/.local/lib/python3.12/site-packages/airflow/example_dags/example_sensors.py for tasks to queue
[2024-04-13T16:25:44.993+0000] {logging_mixin.py:188} INFO - [2024-04-13T16:25:44.993+0000] {dagbag.py:540} INFO - Filling up the DagBag from /home/airflow/.local/lib/python3.12/site-packages/airflow/example_dags/example_sensors.py
[2024-04-13T16:25:44.997+0000] {processor.py:840} INFO - DAG(s) 'example_sensors' retrieved from /home/airflow/.local/lib/python3.12/site-packages/airflow/example_dags/example_sensors.py
[2024-04-13T16:25:45.008+0000] {logging_mixin.py:188} INFO - [2024-04-13T16:25:45.008+0000] {dag.py:3096} INFO - Sync 1 DAGs
[2024-04-13T16:25:45.013+0000] {logging_mixin.py:188} INFO - [2024-04-13T16:25:45.013+0000] {dag.py:3954} INFO - Setting next_dagrun for example_sensors to None, run_after=None
[2024-04-13T16:25:45.020+0000] {processor.py:183} INFO - Processing /home/airflow/.local/lib/python3.12/site-packages/airflow/example_dags/example_sensors.py took 0.030 seconds
[2024-04-13T16:26:15.589+0000] {processor.py:161} INFO - Started process (PID=1604) to work on /home/airflow/.local/lib/python3.12/site-packages/airflow/example_dags/example_sensors.py
[2024-04-13T16:26:15.589+0000] {processor.py:830} INFO - Processing file /home/airflow/.local/lib/python3.12/site-packages/airflow/example_dags/example_sensors.py for tasks to queue
[2024-04-13T16:26:15.590+0000] {logging_mixin.py:188} INFO - [2024-04-13T16:26:15.590+0000] {dagbag.py:540} INFO - Filling up the DagBag from /home/airflow/.local/lib/python3.12/site-packages/airflow/example_dags/example_sensors.py
[2024-04-13T16:26:15.594+0000] {processor.py:840} INFO - DAG(s) 'example_sensors' retrieved from /home/airflow/.local/lib/python3.12/site-packages/airflow/example_dags/example_sensors.py
[2024-04-13T16:26:15.605+0000] {logging_mixin.py:188} INFO - [2024-04-13T16:26:15.604+0000] {dag.py:3096} INFO - Sync 1 DAGs
[2024-04-13T16:26:15.610+0000] {logging_mixin.py:188} INFO - [2024-04-13T16:26:15.609+0000] {dag.py:3954} INFO - Setting next_dagrun for example_sensors to None, run_after=None
[2024-04-13T16:26:15.616+0000] {processor.py:183} INFO - Processing /home/airflow/.local/lib/python3.12/site-packages/airflow/example_dags/example_sensors.py took 0.030 seconds
[2024-04-13T16:26:46.084+0000] {processor.py:161} INFO - Started process (PID=1662) to work on /home/airflow/.local/lib/python3.12/site-packages/airflow/example_dags/example_sensors.py
[2024-04-13T16:26:46.085+0000] {processor.py:830} INFO - Processing file /home/airflow/.local/lib/python3.12/site-packages/airflow/example_dags/example_sensors.py for tasks to queue
[2024-04-13T16:26:46.086+0000] {logging_mixin.py:188} INFO - [2024-04-13T16:26:46.085+0000] {dagbag.py:540} INFO - Filling up the DagBag from /home/airflow/.local/lib/python3.12/site-packages/airflow/example_dags/example_sensors.py
[2024-04-13T16:26:46.089+0000] {processor.py:840} INFO - DAG(s) 'example_sensors' retrieved from /home/airflow/.local/lib/python3.12/site-packages/airflow/example_dags/example_sensors.py
[2024-04-13T16:26:46.099+0000] {logging_mixin.py:188} INFO - [2024-04-13T16:26:46.099+0000] {dag.py:3096} INFO - Sync 1 DAGs
[2024-04-13T16:26:46.104+0000] {logging_mixin.py:188} INFO - [2024-04-13T16:26:46.104+0000] {dag.py:3954} INFO - Setting next_dagrun for example_sensors to None, run_after=None
[2024-04-13T16:26:46.111+0000] {processor.py:183} INFO - Processing /home/airflow/.local/lib/python3.12/site-packages/airflow/example_dags/example_sensors.py took 0.030 seconds
[2024-04-13T16:27:16.730+0000] {processor.py:161} INFO - Started process (PID=1720) to work on /home/airflow/.local/lib/python3.12/site-packages/airflow/example_dags/example_sensors.py
[2024-04-13T16:27:16.730+0000] {processor.py:830} INFO - Processing file /home/airflow/.local/lib/python3.12/site-packages/airflow/example_dags/example_sensors.py for tasks to queue
[2024-04-13T16:27:16.731+0000] {logging_mixin.py:188} INFO - [2024-04-13T16:27:16.731+0000] {dagbag.py:540} INFO - Filling up the DagBag from /home/airflow/.local/lib/python3.12/site-packages/airflow/example_dags/example_sensors.py
[2024-04-13T16:27:16.736+0000] {processor.py:840} INFO - DAG(s) 'example_sensors' retrieved from /home/airflow/.local/lib/python3.12/site-packages/airflow/example_dags/example_sensors.py
[2024-04-13T16:27:16.747+0000] {logging_mixin.py:188} INFO - [2024-04-13T16:27:16.747+0000] {dag.py:3096} INFO - Sync 1 DAGs
[2024-04-13T16:27:16.753+0000] {logging_mixin.py:188} INFO - [2024-04-13T16:27:16.753+0000] {dag.py:3954} INFO - Setting next_dagrun for example_sensors to None, run_after=None
[2024-04-13T16:27:16.760+0000] {processor.py:183} INFO - Processing /home/airflow/.local/lib/python3.12/site-packages/airflow/example_dags/example_sensors.py took 0.034 seconds
[2024-04-13T16:27:47.566+0000] {processor.py:161} INFO - Started process (PID=1778) to work on /home/airflow/.local/lib/python3.12/site-packages/airflow/example_dags/example_sensors.py
[2024-04-13T16:27:47.566+0000] {processor.py:830} INFO - Processing file /home/airflow/.local/lib/python3.12/site-packages/airflow/example_dags/example_sensors.py for tasks to queue
[2024-04-13T16:27:47.567+0000] {logging_mixin.py:188} INFO - [2024-04-13T16:27:47.567+0000] {dagbag.py:540} INFO - Filling up the DagBag from /home/airflow/.local/lib/python3.12/site-packages/airflow/example_dags/example_sensors.py
[2024-04-13T16:27:47.571+0000] {processor.py:840} INFO - DAG(s) 'example_sensors' retrieved from /home/airflow/.local/lib/python3.12/site-packages/airflow/example_dags/example_sensors.py
[2024-04-13T16:27:47.581+0000] {logging_mixin.py:188} INFO - [2024-04-13T16:27:47.581+0000] {dag.py:3096} INFO - Sync 1 DAGs
[2024-04-13T16:27:47.587+0000] {logging_mixin.py:188} INFO - [2024-04-13T16:27:47.587+0000] {dag.py:3954} INFO - Setting next_dagrun for example_sensors to None, run_after=None
[2024-04-13T16:27:47.594+0000] {processor.py:183} INFO - Processing /home/airflow/.local/lib/python3.12/site-packages/airflow/example_dags/example_sensors.py took 0.031 seconds
[2024-04-13T16:28:18.186+0000] {processor.py:161} INFO - Started process (PID=1843) to work on /home/airflow/.local/lib/python3.12/site-packages/airflow/example_dags/example_sensors.py
[2024-04-13T16:28:18.186+0000] {processor.py:830} INFO - Processing file /home/airflow/.local/lib/python3.12/site-packages/airflow/example_dags/example_sensors.py for tasks to queue
[2024-04-13T16:28:18.187+0000] {logging_mixin.py:188} INFO - [2024-04-13T16:28:18.187+0000] {dagbag.py:540} INFO - Filling up the DagBag from /home/airflow/.local/lib/python3.12/site-packages/airflow/example_dags/example_sensors.py
[2024-04-13T16:28:18.191+0000] {processor.py:840} INFO - DAG(s) 'example_sensors' retrieved from /home/airflow/.local/lib/python3.12/site-packages/airflow/example_dags/example_sensors.py
[2024-04-13T16:28:18.202+0000] {logging_mixin.py:188} INFO - [2024-04-13T16:28:18.202+0000] {dag.py:3096} INFO - Sync 1 DAGs
[2024-04-13T16:28:18.208+0000] {logging_mixin.py:188} INFO - [2024-04-13T16:28:18.208+0000] {dag.py:3954} INFO - Setting next_dagrun for example_sensors to None, run_after=None
[2024-04-13T16:28:18.215+0000] {processor.py:183} INFO - Processing /home/airflow/.local/lib/python3.12/site-packages/airflow/example_dags/example_sensors.py took 0.032 seconds
[2024-04-13T16:28:48.840+0000] {processor.py:161} INFO - Started process (PID=1901) to work on /home/airflow/.local/lib/python3.12/site-packages/airflow/example_dags/example_sensors.py
[2024-04-13T16:28:48.843+0000] {processor.py:830} INFO - Processing file /home/airflow/.local/lib/python3.12/site-packages/airflow/example_dags/example_sensors.py for tasks to queue
[2024-04-13T16:28:48.844+0000] {logging_mixin.py:188} INFO - [2024-04-13T16:28:48.844+0000] {dagbag.py:540} INFO - Filling up the DagBag from /home/airflow/.local/lib/python3.12/site-packages/airflow/example_dags/example_sensors.py
[2024-04-13T16:28:48.852+0000] {processor.py:840} INFO - DAG(s) 'example_sensors' retrieved from /home/airflow/.local/lib/python3.12/site-packages/airflow/example_dags/example_sensors.py
[2024-04-13T16:28:48.866+0000] {logging_mixin.py:188} INFO - [2024-04-13T16:28:48.865+0000] {dag.py:3096} INFO - Sync 1 DAGs
[2024-04-13T16:28:48.872+0000] {logging_mixin.py:188} INFO - [2024-04-13T16:28:48.872+0000] {dag.py:3954} INFO - Setting next_dagrun for example_sensors to None, run_after=None
[2024-04-13T16:28:48.883+0000] {processor.py:183} INFO - Processing /home/airflow/.local/lib/python3.12/site-packages/airflow/example_dags/example_sensors.py took 0.048 seconds
[2024-04-13T16:29:19.460+0000] {processor.py:161} INFO - Started process (PID=1959) to work on /home/airflow/.local/lib/python3.12/site-packages/airflow/example_dags/example_sensors.py
[2024-04-13T16:29:19.460+0000] {processor.py:830} INFO - Processing file /home/airflow/.local/lib/python3.12/site-packages/airflow/example_dags/example_sensors.py for tasks to queue
[2024-04-13T16:29:19.461+0000] {logging_mixin.py:188} INFO - [2024-04-13T16:29:19.461+0000] {dagbag.py:540} INFO - Filling up the DagBag from /home/airflow/.local/lib/python3.12/site-packages/airflow/example_dags/example_sensors.py
[2024-04-13T16:29:19.465+0000] {processor.py:840} INFO - DAG(s) 'example_sensors' retrieved from /home/airflow/.local/lib/python3.12/site-packages/airflow/example_dags/example_sensors.py
[2024-04-13T16:29:19.475+0000] {logging_mixin.py:188} INFO - [2024-04-13T16:29:19.475+0000] {dag.py:3096} INFO - Sync 1 DAGs
[2024-04-13T16:29:19.480+0000] {logging_mixin.py:188} INFO - [2024-04-13T16:29:19.480+0000] {dag.py:3954} INFO - Setting next_dagrun for example_sensors to None, run_after=None
[2024-04-13T16:29:19.488+0000] {processor.py:183} INFO - Processing /home/airflow/.local/lib/python3.12/site-packages/airflow/example_dags/example_sensors.py took 0.031 seconds
[2024-04-13T16:29:50.087+0000] {processor.py:161} INFO - Started process (PID=2017) to work on /home/airflow/.local/lib/python3.12/site-packages/airflow/example_dags/example_sensors.py
[2024-04-13T16:29:50.088+0000] {processor.py:830} INFO - Processing file /home/airflow/.local/lib/python3.12/site-packages/airflow/example_dags/example_sensors.py for tasks to queue
[2024-04-13T16:29:50.089+0000] {logging_mixin.py:188} INFO - [2024-04-13T16:29:50.089+0000] {dagbag.py:540} INFO - Filling up the DagBag from /home/airflow/.local/lib/python3.12/site-packages/airflow/example_dags/example_sensors.py
[2024-04-13T16:29:50.093+0000] {processor.py:840} INFO - DAG(s) 'example_sensors' retrieved from /home/airflow/.local/lib/python3.12/site-packages/airflow/example_dags/example_sensors.py
[2024-04-13T16:29:50.104+0000] {logging_mixin.py:188} INFO - [2024-04-13T16:29:50.104+0000] {dag.py:3096} INFO - Sync 1 DAGs
[2024-04-13T16:29:50.111+0000] {logging_mixin.py:188} INFO - [2024-04-13T16:29:50.111+0000] {dag.py:3954} INFO - Setting next_dagrun for example_sensors to None, run_after=None
[2024-04-13T16:29:50.120+0000] {processor.py:183} INFO - Processing /home/airflow/.local/lib/python3.12/site-packages/airflow/example_dags/example_sensors.py took 0.035 seconds
[2024-04-13T16:30:20.744+0000] {processor.py:161} INFO - Started process (PID=2075) to work on /home/airflow/.local/lib/python3.12/site-packages/airflow/example_dags/example_sensors.py
[2024-04-13T16:30:20.744+0000] {processor.py:830} INFO - Processing file /home/airflow/.local/lib/python3.12/site-packages/airflow/example_dags/example_sensors.py for tasks to queue
[2024-04-13T16:30:20.745+0000] {logging_mixin.py:188} INFO - [2024-04-13T16:30:20.745+0000] {dagbag.py:540} INFO - Filling up the DagBag from /home/airflow/.local/lib/python3.12/site-packages/airflow/example_dags/example_sensors.py
[2024-04-13T16:30:20.749+0000] {processor.py:840} INFO - DAG(s) 'example_sensors' retrieved from /home/airflow/.local/lib/python3.12/site-packages/airflow/example_dags/example_sensors.py
[2024-04-13T16:30:20.759+0000] {logging_mixin.py:188} INFO - [2024-04-13T16:30:20.759+0000] {dag.py:3096} INFO - Sync 1 DAGs
[2024-04-13T16:30:20.765+0000] {logging_mixin.py:188} INFO - [2024-04-13T16:30:20.764+0000] {dag.py:3954} INFO - Setting next_dagrun for example_sensors to None, run_after=None
[2024-04-13T16:30:20.772+0000] {processor.py:183} INFO - Processing /home/airflow/.local/lib/python3.12/site-packages/airflow/example_dags/example_sensors.py took 0.031 seconds
[2024-04-13T16:30:51.345+0000] {processor.py:161} INFO - Started process (PID=2133) to work on /home/airflow/.local/lib/python3.12/site-packages/airflow/example_dags/example_sensors.py
[2024-04-13T16:30:51.346+0000] {processor.py:830} INFO - Processing file /home/airflow/.local/lib/python3.12/site-packages/airflow/example_dags/example_sensors.py for tasks to queue
[2024-04-13T16:30:51.346+0000] {logging_mixin.py:188} INFO - [2024-04-13T16:30:51.346+0000] {dagbag.py:540} INFO - Filling up the DagBag from /home/airflow/.local/lib/python3.12/site-packages/airflow/example_dags/example_sensors.py
[2024-04-13T16:30:51.350+0000] {processor.py:840} INFO - DAG(s) 'example_sensors' retrieved from /home/airflow/.local/lib/python3.12/site-packages/airflow/example_dags/example_sensors.py
[2024-04-13T16:30:51.360+0000] {logging_mixin.py:188} INFO - [2024-04-13T16:30:51.359+0000] {dag.py:3096} INFO - Sync 1 DAGs
[2024-04-13T16:30:51.364+0000] {logging_mixin.py:188} INFO - [2024-04-13T16:30:51.364+0000] {dag.py:3954} INFO - Setting next_dagrun for example_sensors to None, run_after=None
[2024-04-13T16:30:51.371+0000] {processor.py:183} INFO - Processing /home/airflow/.local/lib/python3.12/site-packages/airflow/example_dags/example_sensors.py took 0.028 seconds
[2024-04-13T16:31:21.971+0000] {processor.py:161} INFO - Started process (PID=2191) to work on /home/airflow/.local/lib/python3.12/site-packages/airflow/example_dags/example_sensors.py
[2024-04-13T16:31:21.972+0000] {processor.py:830} INFO - Processing file /home/airflow/.local/lib/python3.12/site-packages/airflow/example_dags/example_sensors.py for tasks to queue
[2024-04-13T16:31:21.972+0000] {logging_mixin.py:188} INFO - [2024-04-13T16:31:21.972+0000] {dagbag.py:540} INFO - Filling up the DagBag from /home/airflow/.local/lib/python3.12/site-packages/airflow/example_dags/example_sensors.py
[2024-04-13T16:31:21.976+0000] {processor.py:840} INFO - DAG(s) 'example_sensors' retrieved from /home/airflow/.local/lib/python3.12/site-packages/airflow/example_dags/example_sensors.py
[2024-04-13T16:31:21.987+0000] {logging_mixin.py:188} INFO - [2024-04-13T16:31:21.986+0000] {dag.py:3096} INFO - Sync 1 DAGs
[2024-04-13T16:31:21.992+0000] {logging_mixin.py:188} INFO - [2024-04-13T16:31:21.992+0000] {dag.py:3954} INFO - Setting next_dagrun for example_sensors to None, run_after=None
[2024-04-13T16:31:21.999+0000] {processor.py:183} INFO - Processing /home/airflow/.local/lib/python3.12/site-packages/airflow/example_dags/example_sensors.py took 0.030 seconds
[2024-04-13T16:31:52.573+0000] {processor.py:161} INFO - Started process (PID=2249) to work on /home/airflow/.local/lib/python3.12/site-packages/airflow/example_dags/example_sensors.py
[2024-04-13T16:31:52.573+0000] {processor.py:830} INFO - Processing file /home/airflow/.local/lib/python3.12/site-packages/airflow/example_dags/example_sensors.py for tasks to queue
[2024-04-13T16:31:52.574+0000] {logging_mixin.py:188} INFO - [2024-04-13T16:31:52.574+0000] {dagbag.py:540} INFO - Filling up the DagBag from /home/airflow/.local/lib/python3.12/site-packages/airflow/example_dags/example_sensors.py
[2024-04-13T16:31:52.578+0000] {processor.py:840} INFO - DAG(s) 'example_sensors' retrieved from /home/airflow/.local/lib/python3.12/site-packages/airflow/example_dags/example_sensors.py
[2024-04-13T16:31:52.589+0000] {logging_mixin.py:188} INFO - [2024-04-13T16:31:52.589+0000] {dag.py:3096} INFO - Sync 1 DAGs
[2024-04-13T16:31:52.594+0000] {logging_mixin.py:188} INFO - [2024-04-13T16:31:52.594+0000] {dag.py:3954} INFO - Setting next_dagrun for example_sensors to None, run_after=None
[2024-04-13T16:31:52.602+0000] {processor.py:183} INFO - Processing /home/airflow/.local/lib/python3.12/site-packages/airflow/example_dags/example_sensors.py took 0.032 seconds
[2024-04-13T16:32:23.025+0000] {processor.py:161} INFO - Started process (PID=2306) to work on /home/airflow/.local/lib/python3.12/site-packages/airflow/example_dags/example_sensors.py
[2024-04-13T16:32:23.026+0000] {processor.py:830} INFO - Processing file /home/airflow/.local/lib/python3.12/site-packages/airflow/example_dags/example_sensors.py for tasks to queue
[2024-04-13T16:32:23.027+0000] {logging_mixin.py:188} INFO - [2024-04-13T16:32:23.027+0000] {dagbag.py:540} INFO - Filling up the DagBag from /home/airflow/.local/lib/python3.12/site-packages/airflow/example_dags/example_sensors.py
[2024-04-13T16:32:23.031+0000] {processor.py:840} INFO - DAG(s) 'example_sensors' retrieved from /home/airflow/.local/lib/python3.12/site-packages/airflow/example_dags/example_sensors.py
[2024-04-13T16:32:23.041+0000] {logging_mixin.py:188} INFO - [2024-04-13T16:32:23.041+0000] {dag.py:3096} INFO - Sync 1 DAGs
[2024-04-13T16:32:23.046+0000] {logging_mixin.py:188} INFO - [2024-04-13T16:32:23.046+0000] {dag.py:3954} INFO - Setting next_dagrun for example_sensors to None, run_after=None
[2024-04-13T16:32:23.053+0000] {processor.py:183} INFO - Processing /home/airflow/.local/lib/python3.12/site-packages/airflow/example_dags/example_sensors.py took 0.030 seconds
[2024-04-13T16:32:53.729+0000] {processor.py:161} INFO - Started process (PID=2364) to work on /home/airflow/.local/lib/python3.12/site-packages/airflow/example_dags/example_sensors.py
[2024-04-13T16:32:53.729+0000] {processor.py:830} INFO - Processing file /home/airflow/.local/lib/python3.12/site-packages/airflow/example_dags/example_sensors.py for tasks to queue
[2024-04-13T16:32:53.730+0000] {logging_mixin.py:188} INFO - [2024-04-13T16:32:53.730+0000] {dagbag.py:540} INFO - Filling up the DagBag from /home/airflow/.local/lib/python3.12/site-packages/airflow/example_dags/example_sensors.py
[2024-04-13T16:32:53.734+0000] {processor.py:840} INFO - DAG(s) 'example_sensors' retrieved from /home/airflow/.local/lib/python3.12/site-packages/airflow/example_dags/example_sensors.py
[2024-04-13T16:32:53.744+0000] {logging_mixin.py:188} INFO - [2024-04-13T16:32:53.744+0000] {dag.py:3096} INFO - Sync 1 DAGs
[2024-04-13T16:32:53.749+0000] {logging_mixin.py:188} INFO - [2024-04-13T16:32:53.749+0000] {dag.py:3954} INFO - Setting next_dagrun for example_sensors to None, run_after=None
[2024-04-13T16:32:53.757+0000] {processor.py:183} INFO - Processing /home/airflow/.local/lib/python3.12/site-packages/airflow/example_dags/example_sensors.py took 0.031 seconds
[2024-04-13T16:33:24.314+0000] {processor.py:161} INFO - Started process (PID=2422) to work on /home/airflow/.local/lib/python3.12/site-packages/airflow/example_dags/example_sensors.py
[2024-04-13T16:33:24.314+0000] {processor.py:830} INFO - Processing file /home/airflow/.local/lib/python3.12/site-packages/airflow/example_dags/example_sensors.py for tasks to queue
[2024-04-13T16:33:24.315+0000] {logging_mixin.py:188} INFO - [2024-04-13T16:33:24.315+0000] {dagbag.py:540} INFO - Filling up the DagBag from /home/airflow/.local/lib/python3.12/site-packages/airflow/example_dags/example_sensors.py
[2024-04-13T16:33:24.319+0000] {processor.py:840} INFO - DAG(s) 'example_sensors' retrieved from /home/airflow/.local/lib/python3.12/site-packages/airflow/example_dags/example_sensors.py
[2024-04-13T16:33:24.330+0000] {logging_mixin.py:188} INFO - [2024-04-13T16:33:24.329+0000] {dag.py:3096} INFO - Sync 1 DAGs
[2024-04-13T16:33:24.335+0000] {logging_mixin.py:188} INFO - [2024-04-13T16:33:24.335+0000] {dag.py:3954} INFO - Setting next_dagrun for example_sensors to None, run_after=None
[2024-04-13T16:33:24.342+0000] {processor.py:183} INFO - Processing /home/airflow/.local/lib/python3.12/site-packages/airflow/example_dags/example_sensors.py took 0.031 seconds
[2024-04-13T16:33:54.953+0000] {processor.py:161} INFO - Started process (PID=2480) to work on /home/airflow/.local/lib/python3.12/site-packages/airflow/example_dags/example_sensors.py
[2024-04-13T16:33:54.954+0000] {processor.py:830} INFO - Processing file /home/airflow/.local/lib/python3.12/site-packages/airflow/example_dags/example_sensors.py for tasks to queue
[2024-04-13T16:33:54.954+0000] {logging_mixin.py:188} INFO - [2024-04-13T16:33:54.954+0000] {dagbag.py:540} INFO - Filling up the DagBag from /home/airflow/.local/lib/python3.12/site-packages/airflow/example_dags/example_sensors.py
[2024-04-13T16:33:54.958+0000] {processor.py:840} INFO - DAG(s) 'example_sensors' retrieved from /home/airflow/.local/lib/python3.12/site-packages/airflow/example_dags/example_sensors.py
[2024-04-13T16:33:54.969+0000] {logging_mixin.py:188} INFO - [2024-04-13T16:33:54.969+0000] {dag.py:3096} INFO - Sync 1 DAGs
[2024-04-13T16:33:54.974+0000] {logging_mixin.py:188} INFO - [2024-04-13T16:33:54.974+0000] {dag.py:3954} INFO - Setting next_dagrun for example_sensors to None, run_after=None
[2024-04-13T16:33:54.981+0000] {processor.py:183} INFO - Processing /home/airflow/.local/lib/python3.12/site-packages/airflow/example_dags/example_sensors.py took 0.030 seconds
[2024-04-13T16:34:25.594+0000] {processor.py:161} INFO - Started process (PID=2538) to work on /home/airflow/.local/lib/python3.12/site-packages/airflow/example_dags/example_sensors.py
[2024-04-13T16:34:25.594+0000] {processor.py:830} INFO - Processing file /home/airflow/.local/lib/python3.12/site-packages/airflow/example_dags/example_sensors.py for tasks to queue
[2024-04-13T16:34:25.595+0000] {logging_mixin.py:188} INFO - [2024-04-13T16:34:25.595+0000] {dagbag.py:540} INFO - Filling up the DagBag from /home/airflow/.local/lib/python3.12/site-packages/airflow/example_dags/example_sensors.py
[2024-04-13T16:34:25.599+0000] {processor.py:840} INFO - DAG(s) 'example_sensors' retrieved from /home/airflow/.local/lib/python3.12/site-packages/airflow/example_dags/example_sensors.py
[2024-04-13T16:34:25.609+0000] {logging_mixin.py:188} INFO - [2024-04-13T16:34:25.609+0000] {dag.py:3096} INFO - Sync 1 DAGs
[2024-04-13T16:34:25.615+0000] {logging_mixin.py:188} INFO - [2024-04-13T16:34:25.614+0000] {dag.py:3954} INFO - Setting next_dagrun for example_sensors to None, run_after=None
[2024-04-13T16:34:25.621+0000] {processor.py:183} INFO - Processing /home/airflow/.local/lib/python3.12/site-packages/airflow/example_dags/example_sensors.py took 0.031 seconds
[2024-04-13T16:34:56.077+0000] {processor.py:161} INFO - Started process (PID=2596) to work on /home/airflow/.local/lib/python3.12/site-packages/airflow/example_dags/example_sensors.py
[2024-04-13T16:34:56.077+0000] {processor.py:830} INFO - Processing file /home/airflow/.local/lib/python3.12/site-packages/airflow/example_dags/example_sensors.py for tasks to queue
[2024-04-13T16:34:56.078+0000] {logging_mixin.py:188} INFO - [2024-04-13T16:34:56.078+0000] {dagbag.py:540} INFO - Filling up the DagBag from /home/airflow/.local/lib/python3.12/site-packages/airflow/example_dags/example_sensors.py
[2024-04-13T16:34:56.082+0000] {processor.py:840} INFO - DAG(s) 'example_sensors' retrieved from /home/airflow/.local/lib/python3.12/site-packages/airflow/example_dags/example_sensors.py
[2024-04-13T16:34:56.093+0000] {logging_mixin.py:188} INFO - [2024-04-13T16:34:56.093+0000] {dag.py:3096} INFO - Sync 1 DAGs
[2024-04-13T16:34:56.098+0000] {logging_mixin.py:188} INFO - [2024-04-13T16:34:56.098+0000] {dag.py:3954} INFO - Setting next_dagrun for example_sensors to None, run_after=None
[2024-04-13T16:34:56.105+0000] {processor.py:183} INFO - Processing /home/airflow/.local/lib/python3.12/site-packages/airflow/example_dags/example_sensors.py took 0.032 seconds
[2024-04-13T16:35:26.733+0000] {processor.py:161} INFO - Started process (PID=2654) to work on /home/airflow/.local/lib/python3.12/site-packages/airflow/example_dags/example_sensors.py
[2024-04-13T16:35:26.733+0000] {processor.py:830} INFO - Processing file /home/airflow/.local/lib/python3.12/site-packages/airflow/example_dags/example_sensors.py for tasks to queue
[2024-04-13T16:35:26.734+0000] {logging_mixin.py:188} INFO - [2024-04-13T16:35:26.734+0000] {dagbag.py:540} INFO - Filling up the DagBag from /home/airflow/.local/lib/python3.12/site-packages/airflow/example_dags/example_sensors.py
[2024-04-13T16:35:26.738+0000] {processor.py:840} INFO - DAG(s) 'example_sensors' retrieved from /home/airflow/.local/lib/python3.12/site-packages/airflow/example_dags/example_sensors.py
[2024-04-13T16:35:26.748+0000] {logging_mixin.py:188} INFO - [2024-04-13T16:35:26.748+0000] {dag.py:3096} INFO - Sync 1 DAGs
[2024-04-13T16:35:26.753+0000] {logging_mixin.py:188} INFO - [2024-04-13T16:35:26.753+0000] {dag.py:3954} INFO - Setting next_dagrun for example_sensors to None, run_after=None
[2024-04-13T16:35:26.761+0000] {processor.py:183} INFO - Processing /home/airflow/.local/lib/python3.12/site-packages/airflow/example_dags/example_sensors.py took 0.031 seconds
[2024-04-13T16:35:57.347+0000] {processor.py:161} INFO - Started process (PID=2712) to work on /home/airflow/.local/lib/python3.12/site-packages/airflow/example_dags/example_sensors.py
[2024-04-13T16:35:57.348+0000] {processor.py:830} INFO - Processing file /home/airflow/.local/lib/python3.12/site-packages/airflow/example_dags/example_sensors.py for tasks to queue
[2024-04-13T16:35:57.349+0000] {logging_mixin.py:188} INFO - [2024-04-13T16:35:57.349+0000] {dagbag.py:540} INFO - Filling up the DagBag from /home/airflow/.local/lib/python3.12/site-packages/airflow/example_dags/example_sensors.py
[2024-04-13T16:35:57.353+0000] {processor.py:840} INFO - DAG(s) 'example_sensors' retrieved from /home/airflow/.local/lib/python3.12/site-packages/airflow/example_dags/example_sensors.py
[2024-04-13T16:35:57.363+0000] {logging_mixin.py:188} INFO - [2024-04-13T16:35:57.363+0000] {dag.py:3096} INFO - Sync 1 DAGs
[2024-04-13T16:35:57.368+0000] {logging_mixin.py:188} INFO - [2024-04-13T16:35:57.368+0000] {dag.py:3954} INFO - Setting next_dagrun for example_sensors to None, run_after=None
[2024-04-13T16:35:57.376+0000] {processor.py:183} INFO - Processing /home/airflow/.local/lib/python3.12/site-packages/airflow/example_dags/example_sensors.py took 0.031 seconds
[2024-04-13T16:36:27.992+0000] {processor.py:161} INFO - Started process (PID=2770) to work on /home/airflow/.local/lib/python3.12/site-packages/airflow/example_dags/example_sensors.py
[2024-04-13T16:36:27.992+0000] {processor.py:830} INFO - Processing file /home/airflow/.local/lib/python3.12/site-packages/airflow/example_dags/example_sensors.py for tasks to queue
[2024-04-13T16:36:27.993+0000] {logging_mixin.py:188} INFO - [2024-04-13T16:36:27.993+0000] {dagbag.py:540} INFO - Filling up the DagBag from /home/airflow/.local/lib/python3.12/site-packages/airflow/example_dags/example_sensors.py
[2024-04-13T16:36:27.997+0000] {processor.py:840} INFO - DAG(s) 'example_sensors' retrieved from /home/airflow/.local/lib/python3.12/site-packages/airflow/example_dags/example_sensors.py
[2024-04-13T16:36:28.008+0000] {logging_mixin.py:188} INFO - [2024-04-13T16:36:28.008+0000] {dag.py:3096} INFO - Sync 1 DAGs
[2024-04-13T16:36:28.013+0000] {logging_mixin.py:188} INFO - [2024-04-13T16:36:28.013+0000] {dag.py:3954} INFO - Setting next_dagrun for example_sensors to None, run_after=None
[2024-04-13T16:36:28.020+0000] {processor.py:183} INFO - Processing /home/airflow/.local/lib/python3.12/site-packages/airflow/example_dags/example_sensors.py took 0.031 seconds
[2024-04-13T16:36:58.588+0000] {processor.py:161} INFO - Started process (PID=2827) to work on /home/airflow/.local/lib/python3.12/site-packages/airflow/example_dags/example_sensors.py
[2024-04-13T16:36:58.589+0000] {processor.py:830} INFO - Processing file /home/airflow/.local/lib/python3.12/site-packages/airflow/example_dags/example_sensors.py for tasks to queue
[2024-04-13T16:36:58.590+0000] {logging_mixin.py:188} INFO - [2024-04-13T16:36:58.590+0000] {dagbag.py:540} INFO - Filling up the DagBag from /home/airflow/.local/lib/python3.12/site-packages/airflow/example_dags/example_sensors.py
[2024-04-13T16:36:58.594+0000] {processor.py:840} INFO - DAG(s) 'example_sensors' retrieved from /home/airflow/.local/lib/python3.12/site-packages/airflow/example_dags/example_sensors.py
[2024-04-13T16:36:58.606+0000] {logging_mixin.py:188} INFO - [2024-04-13T16:36:58.605+0000] {dag.py:3096} INFO - Sync 1 DAGs
[2024-04-13T16:36:58.611+0000] {logging_mixin.py:188} INFO - [2024-04-13T16:36:58.611+0000] {dag.py:3954} INFO - Setting next_dagrun for example_sensors to None, run_after=None
[2024-04-13T16:36:58.618+0000] {processor.py:183} INFO - Processing /home/airflow/.local/lib/python3.12/site-packages/airflow/example_dags/example_sensors.py took 0.033 seconds
[2024-04-13T16:37:29.088+0000] {processor.py:161} INFO - Started process (PID=2885) to work on /home/airflow/.local/lib/python3.12/site-packages/airflow/example_dags/example_sensors.py
[2024-04-13T16:37:29.088+0000] {processor.py:830} INFO - Processing file /home/airflow/.local/lib/python3.12/site-packages/airflow/example_dags/example_sensors.py for tasks to queue
[2024-04-13T16:37:29.089+0000] {logging_mixin.py:188} INFO - [2024-04-13T16:37:29.089+0000] {dagbag.py:540} INFO - Filling up the DagBag from /home/airflow/.local/lib/python3.12/site-packages/airflow/example_dags/example_sensors.py
[2024-04-13T16:37:29.093+0000] {processor.py:840} INFO - DAG(s) 'example_sensors' retrieved from /home/airflow/.local/lib/python3.12/site-packages/airflow/example_dags/example_sensors.py
[2024-04-13T16:37:29.108+0000] {logging_mixin.py:188} INFO - [2024-04-13T16:37:29.108+0000] {dag.py:3096} INFO - Sync 1 DAGs
[2024-04-13T16:37:29.114+0000] {logging_mixin.py:188} INFO - [2024-04-13T16:37:29.114+0000] {dag.py:3954} INFO - Setting next_dagrun for example_sensors to None, run_after=None
[2024-04-13T16:37:29.122+0000] {processor.py:183} INFO - Processing /home/airflow/.local/lib/python3.12/site-packages/airflow/example_dags/example_sensors.py took 0.037 seconds
[2024-04-13T16:38:00.496+0000] {processor.py:161} INFO - Started process (PID=2943) to work on /home/airflow/.local/lib/python3.12/site-packages/airflow/example_dags/example_sensors.py
[2024-04-13T16:38:00.501+0000] {processor.py:830} INFO - Processing file /home/airflow/.local/lib/python3.12/site-packages/airflow/example_dags/example_sensors.py for tasks to queue
[2024-04-13T16:38:00.506+0000] {logging_mixin.py:188} INFO - [2024-04-13T16:38:00.505+0000] {dagbag.py:540} INFO - Filling up the DagBag from /home/airflow/.local/lib/python3.12/site-packages/airflow/example_dags/example_sensors.py
[2024-04-13T16:38:00.522+0000] {processor.py:840} INFO - DAG(s) 'example_sensors' retrieved from /home/airflow/.local/lib/python3.12/site-packages/airflow/example_dags/example_sensors.py
[2024-04-13T16:38:00.559+0000] {logging_mixin.py:188} INFO - [2024-04-13T16:38:00.558+0000] {dag.py:3096} INFO - Sync 1 DAGs
[2024-04-13T16:38:00.582+0000] {logging_mixin.py:188} INFO - [2024-04-13T16:38:00.582+0000] {dag.py:3954} INFO - Setting next_dagrun for example_sensors to None, run_after=None
[2024-04-13T16:38:00.657+0000] {processor.py:183} INFO - Processing /home/airflow/.local/lib/python3.12/site-packages/airflow/example_dags/example_sensors.py took 0.170 seconds
[2024-04-13T16:38:30.715+0000] {processor.py:161} INFO - Started process (PID=3001) to work on /home/airflow/.local/lib/python3.12/site-packages/airflow/example_dags/example_sensors.py
[2024-04-13T16:38:30.716+0000] {processor.py:830} INFO - Processing file /home/airflow/.local/lib/python3.12/site-packages/airflow/example_dags/example_sensors.py for tasks to queue
[2024-04-13T16:38:30.717+0000] {logging_mixin.py:188} INFO - [2024-04-13T16:38:30.716+0000] {dagbag.py:540} INFO - Filling up the DagBag from /home/airflow/.local/lib/python3.12/site-packages/airflow/example_dags/example_sensors.py
[2024-04-13T16:38:30.721+0000] {processor.py:840} INFO - DAG(s) 'example_sensors' retrieved from /home/airflow/.local/lib/python3.12/site-packages/airflow/example_dags/example_sensors.py
[2024-04-13T16:38:30.733+0000] {logging_mixin.py:188} INFO - [2024-04-13T16:38:30.733+0000] {dag.py:3096} INFO - Sync 1 DAGs
[2024-04-13T16:38:30.739+0000] {logging_mixin.py:188} INFO - [2024-04-13T16:38:30.739+0000] {dag.py:3954} INFO - Setting next_dagrun for example_sensors to None, run_after=None
[2024-04-13T16:38:30.747+0000] {processor.py:183} INFO - Processing /home/airflow/.local/lib/python3.12/site-packages/airflow/example_dags/example_sensors.py took 0.035 seconds
[2024-04-13T16:39:01.117+0000] {processor.py:161} INFO - Started process (PID=3059) to work on /home/airflow/.local/lib/python3.12/site-packages/airflow/example_dags/example_sensors.py
[2024-04-13T16:39:01.117+0000] {processor.py:830} INFO - Processing file /home/airflow/.local/lib/python3.12/site-packages/airflow/example_dags/example_sensors.py for tasks to queue
[2024-04-13T16:39:01.118+0000] {logging_mixin.py:188} INFO - [2024-04-13T16:39:01.118+0000] {dagbag.py:540} INFO - Filling up the DagBag from /home/airflow/.local/lib/python3.12/site-packages/airflow/example_dags/example_sensors.py
[2024-04-13T16:39:01.122+0000] {processor.py:840} INFO - DAG(s) 'example_sensors' retrieved from /home/airflow/.local/lib/python3.12/site-packages/airflow/example_dags/example_sensors.py
[2024-04-13T16:39:01.132+0000] {logging_mixin.py:188} INFO - [2024-04-13T16:39:01.132+0000] {dag.py:3096} INFO - Sync 1 DAGs
[2024-04-13T16:39:01.138+0000] {logging_mixin.py:188} INFO - [2024-04-13T16:39:01.138+0000] {dag.py:3954} INFO - Setting next_dagrun for example_sensors to None, run_after=None
[2024-04-13T16:39:01.145+0000] {processor.py:183} INFO - Processing /home/airflow/.local/lib/python3.12/site-packages/airflow/example_dags/example_sensors.py took 0.031 seconds
[2024-04-13T16:39:31.667+0000] {processor.py:161} INFO - Started process (PID=3116) to work on /home/airflow/.local/lib/python3.12/site-packages/airflow/example_dags/example_sensors.py
[2024-04-13T16:39:31.667+0000] {processor.py:830} INFO - Processing file /home/airflow/.local/lib/python3.12/site-packages/airflow/example_dags/example_sensors.py for tasks to queue
[2024-04-13T16:39:31.668+0000] {logging_mixin.py:188} INFO - [2024-04-13T16:39:31.668+0000] {dagbag.py:540} INFO - Filling up the DagBag from /home/airflow/.local/lib/python3.12/site-packages/airflow/example_dags/example_sensors.py
[2024-04-13T16:39:31.672+0000] {processor.py:840} INFO - DAG(s) 'example_sensors' retrieved from /home/airflow/.local/lib/python3.12/site-packages/airflow/example_dags/example_sensors.py
[2024-04-13T16:39:31.682+0000] {logging_mixin.py:188} INFO - [2024-04-13T16:39:31.682+0000] {dag.py:3096} INFO - Sync 1 DAGs
[2024-04-13T16:39:31.687+0000] {logging_mixin.py:188} INFO - [2024-04-13T16:39:31.687+0000] {dag.py:3954} INFO - Setting next_dagrun for example_sensors to None, run_after=None
[2024-04-13T16:39:31.694+0000] {processor.py:183} INFO - Processing /home/airflow/.local/lib/python3.12/site-packages/airflow/example_dags/example_sensors.py took 0.030 seconds
[2024-04-13T16:40:02.183+0000] {processor.py:161} INFO - Started process (PID=3174) to work on /home/airflow/.local/lib/python3.12/site-packages/airflow/example_dags/example_sensors.py
[2024-04-13T16:40:02.183+0000] {processor.py:830} INFO - Processing file /home/airflow/.local/lib/python3.12/site-packages/airflow/example_dags/example_sensors.py for tasks to queue
[2024-04-13T16:40:02.184+0000] {logging_mixin.py:188} INFO - [2024-04-13T16:40:02.184+0000] {dagbag.py:540} INFO - Filling up the DagBag from /home/airflow/.local/lib/python3.12/site-packages/airflow/example_dags/example_sensors.py
[2024-04-13T16:40:02.188+0000] {processor.py:840} INFO - DAG(s) 'example_sensors' retrieved from /home/airflow/.local/lib/python3.12/site-packages/airflow/example_dags/example_sensors.py
[2024-04-13T16:40:02.198+0000] {logging_mixin.py:188} INFO - [2024-04-13T16:40:02.198+0000] {dag.py:3096} INFO - Sync 1 DAGs
[2024-04-13T16:40:02.203+0000] {logging_mixin.py:188} INFO - [2024-04-13T16:40:02.203+0000] {dag.py:3954} INFO - Setting next_dagrun for example_sensors to None, run_after=None
[2024-04-13T16:40:02.210+0000] {processor.py:183} INFO - Processing /home/airflow/.local/lib/python3.12/site-packages/airflow/example_dags/example_sensors.py took 0.030 seconds
[2024-04-13T16:40:32.687+0000] {processor.py:161} INFO - Started process (PID=3232) to work on /home/airflow/.local/lib/python3.12/site-packages/airflow/example_dags/example_sensors.py
[2024-04-13T16:40:32.688+0000] {processor.py:830} INFO - Processing file /home/airflow/.local/lib/python3.12/site-packages/airflow/example_dags/example_sensors.py for tasks to queue
[2024-04-13T16:40:32.689+0000] {logging_mixin.py:188} INFO - [2024-04-13T16:40:32.688+0000] {dagbag.py:540} INFO - Filling up the DagBag from /home/airflow/.local/lib/python3.12/site-packages/airflow/example_dags/example_sensors.py
[2024-04-13T16:40:32.692+0000] {processor.py:840} INFO - DAG(s) 'example_sensors' retrieved from /home/airflow/.local/lib/python3.12/site-packages/airflow/example_dags/example_sensors.py
[2024-04-13T16:40:32.703+0000] {logging_mixin.py:188} INFO - [2024-04-13T16:40:32.703+0000] {dag.py:3096} INFO - Sync 1 DAGs
[2024-04-13T16:40:32.708+0000] {logging_mixin.py:188} INFO - [2024-04-13T16:40:32.708+0000] {dag.py:3954} INFO - Setting next_dagrun for example_sensors to None, run_after=None
[2024-04-13T16:40:32.715+0000] {processor.py:183} INFO - Processing /home/airflow/.local/lib/python3.12/site-packages/airflow/example_dags/example_sensors.py took 0.030 seconds
[2024-04-13T16:41:03.257+0000] {processor.py:161} INFO - Started process (PID=3290) to work on /home/airflow/.local/lib/python3.12/site-packages/airflow/example_dags/example_sensors.py
[2024-04-13T16:41:03.258+0000] {processor.py:830} INFO - Processing file /home/airflow/.local/lib/python3.12/site-packages/airflow/example_dags/example_sensors.py for tasks to queue
[2024-04-13T16:41:03.259+0000] {logging_mixin.py:188} INFO - [2024-04-13T16:41:03.259+0000] {dagbag.py:540} INFO - Filling up the DagBag from /home/airflow/.local/lib/python3.12/site-packages/airflow/example_dags/example_sensors.py
[2024-04-13T16:41:03.263+0000] {processor.py:840} INFO - DAG(s) 'example_sensors' retrieved from /home/airflow/.local/lib/python3.12/site-packages/airflow/example_dags/example_sensors.py
[2024-04-13T16:41:03.273+0000] {logging_mixin.py:188} INFO - [2024-04-13T16:41:03.273+0000] {dag.py:3096} INFO - Sync 1 DAGs
[2024-04-13T16:41:03.279+0000] {logging_mixin.py:188} INFO - [2024-04-13T16:41:03.279+0000] {dag.py:3954} INFO - Setting next_dagrun for example_sensors to None, run_after=None
[2024-04-13T16:41:03.286+0000] {processor.py:183} INFO - Processing /home/airflow/.local/lib/python3.12/site-packages/airflow/example_dags/example_sensors.py took 0.031 seconds
