[2024-04-13T16:12:30.693+0000] {processor.py:161} INFO - Started process (PID=41) to work on /home/airflow/.local/lib/python3.12/site-packages/airflow/example_dags/example_datasets.py
[2024-04-13T16:12:30.694+0000] {processor.py:830} INFO - Processing file /home/airflow/.local/lib/python3.12/site-packages/airflow/example_dags/example_datasets.py for tasks to queue
[2024-04-13T16:12:30.697+0000] {logging_mixin.py:188} INFO - [2024-04-13T16:12:30.697+0000] {dagbag.py:540} INFO - Filling up the DagBag from /home/airflow/.local/lib/python3.12/site-packages/airflow/example_dags/example_datasets.py
[2024-04-13T16:12:30.710+0000] {processor.py:840} INFO - DAG(s) 'dataset_produces_2', 'consume_1_and_2_with_dataset_expressions', 'dataset_produces_1', 'consume_1_or_both_2_and_3_with_dataset_expressions', 'dataset_consumes_1_never_scheduled', 'consume_1_or_2_with_dataset_expressions', 'dataset_consumes_1_and_2', 'dataset_consumes_unknown_never_scheduled', 'conditional_dataset_and_time_based_timetable', 'dataset_consumes_1' retrieved from /home/airflow/.local/lib/python3.12/site-packages/airflow/example_dags/example_datasets.py
[2024-04-13T16:12:30.730+0000] {logging_mixin.py:188} INFO - [2024-04-13T16:12:30.730+0000] {dag.py:3096} INFO - Sync 10 DAGs
[2024-04-13T16:12:30.753+0000] {logging_mixin.py:188} INFO - [2024-04-13T16:12:30.753+0000] {dag.py:3954} INFO - Setting next_dagrun for conditional_dataset_and_time_based_timetable to 2024-04-10 01:00:00+00:00, run_after=2024-04-10 01:00:00+00:00
[2024-04-13T16:12:30.756+0000] {logging_mixin.py:188} INFO - [2024-04-13T16:12:30.756+0000] {dag.py:3954} INFO - Setting next_dagrun for consume_1_and_2_with_dataset_expressions to None, run_after=None
[2024-04-13T16:12:30.758+0000] {logging_mixin.py:188} INFO - [2024-04-13T16:12:30.758+0000] {dag.py:3954} INFO - Setting next_dagrun for consume_1_or_2_with_dataset_expressions to None, run_after=None
[2024-04-13T16:12:30.759+0000] {logging_mixin.py:188} INFO - [2024-04-13T16:12:30.759+0000] {dag.py:3954} INFO - Setting next_dagrun for consume_1_or_both_2_and_3_with_dataset_expressions to None, run_after=None
[2024-04-13T16:12:30.760+0000] {logging_mixin.py:188} INFO - [2024-04-13T16:12:30.760+0000] {dag.py:3954} INFO - Setting next_dagrun for dataset_consumes_1 to None, run_after=None
[2024-04-13T16:12:30.761+0000] {logging_mixin.py:188} INFO - [2024-04-13T16:12:30.761+0000] {dag.py:3954} INFO - Setting next_dagrun for dataset_consumes_1_and_2 to None, run_after=None
[2024-04-13T16:12:30.762+0000] {logging_mixin.py:188} INFO - [2024-04-13T16:12:30.762+0000] {dag.py:3954} INFO - Setting next_dagrun for dataset_consumes_1_never_scheduled to None, run_after=None
[2024-04-13T16:12:30.764+0000] {logging_mixin.py:188} INFO - [2024-04-13T16:12:30.763+0000] {dag.py:3954} INFO - Setting next_dagrun for dataset_consumes_unknown_never_scheduled to None, run_after=None
[2024-04-13T16:12:30.765+0000] {logging_mixin.py:188} INFO - [2024-04-13T16:12:30.765+0000] {dag.py:3954} INFO - Setting next_dagrun for dataset_produces_1 to 2024-04-12 00:00:00+00:00, run_after=2024-04-13 00:00:00+00:00
[2024-04-13T16:12:30.766+0000] {logging_mixin.py:188} INFO - [2024-04-13T16:12:30.766+0000] {dag.py:3954} INFO - Setting next_dagrun for dataset_produces_2 to None, run_after=None
[2024-04-13T16:12:30.815+0000] {processor.py:183} INFO - Processing /home/airflow/.local/lib/python3.12/site-packages/airflow/example_dags/example_datasets.py took 0.128 seconds
[2024-04-13T16:13:01.483+0000] {processor.py:161} INFO - Started process (PID=99) to work on /home/airflow/.local/lib/python3.12/site-packages/airflow/example_dags/example_datasets.py
[2024-04-13T16:13:01.484+0000] {processor.py:830} INFO - Processing file /home/airflow/.local/lib/python3.12/site-packages/airflow/example_dags/example_datasets.py for tasks to queue
[2024-04-13T16:13:01.485+0000] {logging_mixin.py:188} INFO - [2024-04-13T16:13:01.485+0000] {dagbag.py:540} INFO - Filling up the DagBag from /home/airflow/.local/lib/python3.12/site-packages/airflow/example_dags/example_datasets.py
[2024-04-13T16:13:01.491+0000] {processor.py:840} INFO - DAG(s) 'consume_1_and_2_with_dataset_expressions', 'dataset_consumes_1_and_2', 'conditional_dataset_and_time_based_timetable', 'dataset_produces_1', 'consume_1_or_both_2_and_3_with_dataset_expressions', 'dataset_consumes_1_never_scheduled', 'consume_1_or_2_with_dataset_expressions', 'dataset_consumes_unknown_never_scheduled', 'dataset_consumes_1', 'dataset_produces_2' retrieved from /home/airflow/.local/lib/python3.12/site-packages/airflow/example_dags/example_datasets.py
[2024-04-13T16:13:01.567+0000] {logging_mixin.py:188} INFO - [2024-04-13T16:13:01.567+0000] {dag.py:3096} INFO - Sync 10 DAGs
[2024-04-13T16:13:01.576+0000] {logging_mixin.py:188} INFO - [2024-04-13T16:13:01.576+0000] {dag.py:3954} INFO - Setting next_dagrun for conditional_dataset_and_time_based_timetable to 2024-04-10 01:00:00+00:00, run_after=2024-04-10 01:00:00+00:00
[2024-04-13T16:13:01.577+0000] {logging_mixin.py:188} INFO - [2024-04-13T16:13:01.577+0000] {dag.py:3954} INFO - Setting next_dagrun for consume_1_and_2_with_dataset_expressions to None, run_after=None
[2024-04-13T16:13:01.578+0000] {logging_mixin.py:188} INFO - [2024-04-13T16:13:01.578+0000] {dag.py:3954} INFO - Setting next_dagrun for consume_1_or_2_with_dataset_expressions to None, run_after=None
[2024-04-13T16:13:01.578+0000] {logging_mixin.py:188} INFO - [2024-04-13T16:13:01.578+0000] {dag.py:3954} INFO - Setting next_dagrun for consume_1_or_both_2_and_3_with_dataset_expressions to None, run_after=None
[2024-04-13T16:13:01.579+0000] {logging_mixin.py:188} INFO - [2024-04-13T16:13:01.579+0000] {dag.py:3954} INFO - Setting next_dagrun for dataset_consumes_1 to None, run_after=None
[2024-04-13T16:13:01.579+0000] {logging_mixin.py:188} INFO - [2024-04-13T16:13:01.579+0000] {dag.py:3954} INFO - Setting next_dagrun for dataset_consumes_1_and_2 to None, run_after=None
[2024-04-13T16:13:01.580+0000] {logging_mixin.py:188} INFO - [2024-04-13T16:13:01.580+0000] {dag.py:3954} INFO - Setting next_dagrun for dataset_consumes_1_never_scheduled to None, run_after=None
[2024-04-13T16:13:01.580+0000] {logging_mixin.py:188} INFO - [2024-04-13T16:13:01.580+0000] {dag.py:3954} INFO - Setting next_dagrun for dataset_consumes_unknown_never_scheduled to None, run_after=None
[2024-04-13T16:13:01.581+0000] {logging_mixin.py:188} INFO - [2024-04-13T16:13:01.581+0000] {dag.py:3954} INFO - Setting next_dagrun for dataset_produces_1 to 2024-04-12 00:00:00+00:00, run_after=2024-04-13 00:00:00+00:00
[2024-04-13T16:13:01.581+0000] {logging_mixin.py:188} INFO - [2024-04-13T16:13:01.581+0000] {dag.py:3954} INFO - Setting next_dagrun for dataset_produces_2 to None, run_after=None
[2024-04-13T16:13:01.594+0000] {processor.py:183} INFO - Processing /home/airflow/.local/lib/python3.12/site-packages/airflow/example_dags/example_datasets.py took 0.113 seconds
[2024-04-13T16:13:31.717+0000] {processor.py:161} INFO - Started process (PID=158) to work on /home/airflow/.local/lib/python3.12/site-packages/airflow/example_dags/example_datasets.py
[2024-04-13T16:13:31.717+0000] {processor.py:830} INFO - Processing file /home/airflow/.local/lib/python3.12/site-packages/airflow/example_dags/example_datasets.py for tasks to queue
[2024-04-13T16:13:31.718+0000] {logging_mixin.py:188} INFO - [2024-04-13T16:13:31.718+0000] {dagbag.py:540} INFO - Filling up the DagBag from /home/airflow/.local/lib/python3.12/site-packages/airflow/example_dags/example_datasets.py
[2024-04-13T16:13:31.723+0000] {processor.py:840} INFO - DAG(s) 'dataset_consumes_unknown_never_scheduled', 'dataset_produces_2', 'consume_1_and_2_with_dataset_expressions', 'consume_1_or_2_with_dataset_expressions', 'dataset_consumes_1_and_2', 'dataset_consumes_1_never_scheduled', 'conditional_dataset_and_time_based_timetable', 'dataset_consumes_1', 'consume_1_or_both_2_and_3_with_dataset_expressions', 'dataset_produces_1' retrieved from /home/airflow/.local/lib/python3.12/site-packages/airflow/example_dags/example_datasets.py
[2024-04-13T16:13:31.740+0000] {logging_mixin.py:188} INFO - [2024-04-13T16:13:31.740+0000] {dag.py:3096} INFO - Sync 10 DAGs
[2024-04-13T16:13:31.750+0000] {logging_mixin.py:188} INFO - [2024-04-13T16:13:31.749+0000] {dag.py:3954} INFO - Setting next_dagrun for conditional_dataset_and_time_based_timetable to 2024-04-10 01:00:00+00:00, run_after=2024-04-10 01:00:00+00:00
[2024-04-13T16:13:31.752+0000] {logging_mixin.py:188} INFO - [2024-04-13T16:13:31.751+0000] {dag.py:3954} INFO - Setting next_dagrun for consume_1_and_2_with_dataset_expressions to None, run_after=None
[2024-04-13T16:13:31.752+0000] {logging_mixin.py:188} INFO - [2024-04-13T16:13:31.752+0000] {dag.py:3954} INFO - Setting next_dagrun for consume_1_or_2_with_dataset_expressions to None, run_after=None
[2024-04-13T16:13:31.753+0000] {logging_mixin.py:188} INFO - [2024-04-13T16:13:31.753+0000] {dag.py:3954} INFO - Setting next_dagrun for consume_1_or_both_2_and_3_with_dataset_expressions to None, run_after=None
[2024-04-13T16:13:31.753+0000] {logging_mixin.py:188} INFO - [2024-04-13T16:13:31.753+0000] {dag.py:3954} INFO - Setting next_dagrun for dataset_consumes_1 to None, run_after=None
[2024-04-13T16:13:31.754+0000] {logging_mixin.py:188} INFO - [2024-04-13T16:13:31.754+0000] {dag.py:3954} INFO - Setting next_dagrun for dataset_consumes_1_and_2 to None, run_after=None
[2024-04-13T16:13:31.754+0000] {logging_mixin.py:188} INFO - [2024-04-13T16:13:31.754+0000] {dag.py:3954} INFO - Setting next_dagrun for dataset_consumes_1_never_scheduled to None, run_after=None
[2024-04-13T16:13:31.755+0000] {logging_mixin.py:188} INFO - [2024-04-13T16:13:31.755+0000] {dag.py:3954} INFO - Setting next_dagrun for dataset_consumes_unknown_never_scheduled to None, run_after=None
[2024-04-13T16:13:31.755+0000] {logging_mixin.py:188} INFO - [2024-04-13T16:13:31.755+0000] {dag.py:3954} INFO - Setting next_dagrun for dataset_produces_1 to 2024-04-12 00:00:00+00:00, run_after=2024-04-13 00:00:00+00:00
[2024-04-13T16:13:31.756+0000] {logging_mixin.py:188} INFO - [2024-04-13T16:13:31.756+0000] {dag.py:3954} INFO - Setting next_dagrun for dataset_produces_2 to None, run_after=None
[2024-04-13T16:13:31.767+0000] {processor.py:183} INFO - Processing /home/airflow/.local/lib/python3.12/site-packages/airflow/example_dags/example_datasets.py took 0.052 seconds
[2024-04-13T16:14:02.184+0000] {processor.py:161} INFO - Started process (PID=215) to work on /home/airflow/.local/lib/python3.12/site-packages/airflow/example_dags/example_datasets.py
[2024-04-13T16:14:02.184+0000] {processor.py:830} INFO - Processing file /home/airflow/.local/lib/python3.12/site-packages/airflow/example_dags/example_datasets.py for tasks to queue
[2024-04-13T16:14:02.185+0000] {logging_mixin.py:188} INFO - [2024-04-13T16:14:02.185+0000] {dagbag.py:540} INFO - Filling up the DagBag from /home/airflow/.local/lib/python3.12/site-packages/airflow/example_dags/example_datasets.py
[2024-04-13T16:14:02.190+0000] {processor.py:840} INFO - DAG(s) 'dataset_consumes_1_and_2', 'consume_1_or_both_2_and_3_with_dataset_expressions', 'dataset_produces_2', 'dataset_consumes_1', 'consume_1_or_2_with_dataset_expressions', 'dataset_consumes_unknown_never_scheduled', 'consume_1_and_2_with_dataset_expressions', 'conditional_dataset_and_time_based_timetable', 'dataset_consumes_1_never_scheduled', 'dataset_produces_1' retrieved from /home/airflow/.local/lib/python3.12/site-packages/airflow/example_dags/example_datasets.py
[2024-04-13T16:14:02.207+0000] {logging_mixin.py:188} INFO - [2024-04-13T16:14:02.207+0000] {dag.py:3096} INFO - Sync 10 DAGs
[2024-04-13T16:14:02.217+0000] {logging_mixin.py:188} INFO - [2024-04-13T16:14:02.217+0000] {dag.py:3954} INFO - Setting next_dagrun for conditional_dataset_and_time_based_timetable to 2024-04-10 01:00:00+00:00, run_after=2024-04-10 01:00:00+00:00
[2024-04-13T16:14:02.218+0000] {logging_mixin.py:188} INFO - [2024-04-13T16:14:02.218+0000] {dag.py:3954} INFO - Setting next_dagrun for consume_1_and_2_with_dataset_expressions to None, run_after=None
[2024-04-13T16:14:02.219+0000] {logging_mixin.py:188} INFO - [2024-04-13T16:14:02.219+0000] {dag.py:3954} INFO - Setting next_dagrun for consume_1_or_2_with_dataset_expressions to None, run_after=None
[2024-04-13T16:14:02.219+0000] {logging_mixin.py:188} INFO - [2024-04-13T16:14:02.219+0000] {dag.py:3954} INFO - Setting next_dagrun for consume_1_or_both_2_and_3_with_dataset_expressions to None, run_after=None
[2024-04-13T16:14:02.220+0000] {logging_mixin.py:188} INFO - [2024-04-13T16:14:02.220+0000] {dag.py:3954} INFO - Setting next_dagrun for dataset_consumes_1 to None, run_after=None
[2024-04-13T16:14:02.220+0000] {logging_mixin.py:188} INFO - [2024-04-13T16:14:02.220+0000] {dag.py:3954} INFO - Setting next_dagrun for dataset_consumes_1_and_2 to None, run_after=None
[2024-04-13T16:14:02.221+0000] {logging_mixin.py:188} INFO - [2024-04-13T16:14:02.221+0000] {dag.py:3954} INFO - Setting next_dagrun for dataset_consumes_1_never_scheduled to None, run_after=None
[2024-04-13T16:14:02.221+0000] {logging_mixin.py:188} INFO - [2024-04-13T16:14:02.221+0000] {dag.py:3954} INFO - Setting next_dagrun for dataset_consumes_unknown_never_scheduled to None, run_after=None
[2024-04-13T16:14:02.222+0000] {logging_mixin.py:188} INFO - [2024-04-13T16:14:02.222+0000] {dag.py:3954} INFO - Setting next_dagrun for dataset_produces_1 to 2024-04-12 00:00:00+00:00, run_after=2024-04-13 00:00:00+00:00
[2024-04-13T16:14:02.222+0000] {logging_mixin.py:188} INFO - [2024-04-13T16:14:02.222+0000] {dag.py:3954} INFO - Setting next_dagrun for dataset_produces_2 to None, run_after=None
[2024-04-13T16:14:02.234+0000] {processor.py:183} INFO - Processing /home/airflow/.local/lib/python3.12/site-packages/airflow/example_dags/example_datasets.py took 0.052 seconds
[2024-04-13T16:14:32.620+0000] {processor.py:161} INFO - Started process (PID=273) to work on /home/airflow/.local/lib/python3.12/site-packages/airflow/example_dags/example_datasets.py
[2024-04-13T16:14:32.620+0000] {processor.py:830} INFO - Processing file /home/airflow/.local/lib/python3.12/site-packages/airflow/example_dags/example_datasets.py for tasks to queue
[2024-04-13T16:14:32.621+0000] {logging_mixin.py:188} INFO - [2024-04-13T16:14:32.621+0000] {dagbag.py:540} INFO - Filling up the DagBag from /home/airflow/.local/lib/python3.12/site-packages/airflow/example_dags/example_datasets.py
[2024-04-13T16:14:32.627+0000] {processor.py:840} INFO - DAG(s) 'dataset_produces_2', 'dataset_consumes_1', 'dataset_consumes_unknown_never_scheduled', 'dataset_consumes_1_and_2', 'dataset_consumes_1_never_scheduled', 'dataset_produces_1', 'conditional_dataset_and_time_based_timetable', 'consume_1_and_2_with_dataset_expressions', 'consume_1_or_2_with_dataset_expressions', 'consume_1_or_both_2_and_3_with_dataset_expressions' retrieved from /home/airflow/.local/lib/python3.12/site-packages/airflow/example_dags/example_datasets.py
[2024-04-13T16:14:32.644+0000] {logging_mixin.py:188} INFO - [2024-04-13T16:14:32.644+0000] {dag.py:3096} INFO - Sync 10 DAGs
[2024-04-13T16:14:32.655+0000] {logging_mixin.py:188} INFO - [2024-04-13T16:14:32.655+0000] {dag.py:3954} INFO - Setting next_dagrun for conditional_dataset_and_time_based_timetable to 2024-04-10 01:00:00+00:00, run_after=2024-04-10 01:00:00+00:00
[2024-04-13T16:14:32.656+0000] {logging_mixin.py:188} INFO - [2024-04-13T16:14:32.656+0000] {dag.py:3954} INFO - Setting next_dagrun for consume_1_and_2_with_dataset_expressions to None, run_after=None
[2024-04-13T16:14:32.657+0000] {logging_mixin.py:188} INFO - [2024-04-13T16:14:32.657+0000] {dag.py:3954} INFO - Setting next_dagrun for consume_1_or_2_with_dataset_expressions to None, run_after=None
[2024-04-13T16:14:32.657+0000] {logging_mixin.py:188} INFO - [2024-04-13T16:14:32.657+0000] {dag.py:3954} INFO - Setting next_dagrun for consume_1_or_both_2_and_3_with_dataset_expressions to None, run_after=None
[2024-04-13T16:14:32.658+0000] {logging_mixin.py:188} INFO - [2024-04-13T16:14:32.658+0000] {dag.py:3954} INFO - Setting next_dagrun for dataset_consumes_1 to None, run_after=None
[2024-04-13T16:14:32.659+0000] {logging_mixin.py:188} INFO - [2024-04-13T16:14:32.659+0000] {dag.py:3954} INFO - Setting next_dagrun for dataset_consumes_1_and_2 to None, run_after=None
[2024-04-13T16:14:32.659+0000] {logging_mixin.py:188} INFO - [2024-04-13T16:14:32.659+0000] {dag.py:3954} INFO - Setting next_dagrun for dataset_consumes_1_never_scheduled to None, run_after=None
[2024-04-13T16:14:32.660+0000] {logging_mixin.py:188} INFO - [2024-04-13T16:14:32.660+0000] {dag.py:3954} INFO - Setting next_dagrun for dataset_consumes_unknown_never_scheduled to None, run_after=None
[2024-04-13T16:14:32.661+0000] {logging_mixin.py:188} INFO - [2024-04-13T16:14:32.661+0000] {dag.py:3954} INFO - Setting next_dagrun for dataset_produces_1 to 2024-04-12 00:00:00+00:00, run_after=2024-04-13 00:00:00+00:00
[2024-04-13T16:14:32.661+0000] {logging_mixin.py:188} INFO - [2024-04-13T16:14:32.661+0000] {dag.py:3954} INFO - Setting next_dagrun for dataset_produces_2 to None, run_after=None
[2024-04-13T16:14:32.672+0000] {processor.py:183} INFO - Processing /home/airflow/.local/lib/python3.12/site-packages/airflow/example_dags/example_datasets.py took 0.055 seconds
[2024-04-13T16:15:03.205+0000] {processor.py:161} INFO - Started process (PID=331) to work on /home/airflow/.local/lib/python3.12/site-packages/airflow/example_dags/example_datasets.py
[2024-04-13T16:15:03.205+0000] {processor.py:830} INFO - Processing file /home/airflow/.local/lib/python3.12/site-packages/airflow/example_dags/example_datasets.py for tasks to queue
[2024-04-13T16:15:03.206+0000] {logging_mixin.py:188} INFO - [2024-04-13T16:15:03.206+0000] {dagbag.py:540} INFO - Filling up the DagBag from /home/airflow/.local/lib/python3.12/site-packages/airflow/example_dags/example_datasets.py
[2024-04-13T16:15:03.211+0000] {processor.py:840} INFO - DAG(s) 'dataset_consumes_1', 'dataset_produces_1', 'dataset_consumes_1_and_2', 'consume_1_or_both_2_and_3_with_dataset_expressions', 'dataset_consumes_unknown_never_scheduled', 'dataset_produces_2', 'consume_1_or_2_with_dataset_expressions', 'consume_1_and_2_with_dataset_expressions', 'conditional_dataset_and_time_based_timetable', 'dataset_consumes_1_never_scheduled' retrieved from /home/airflow/.local/lib/python3.12/site-packages/airflow/example_dags/example_datasets.py
[2024-04-13T16:15:03.229+0000] {logging_mixin.py:188} INFO - [2024-04-13T16:15:03.229+0000] {dag.py:3096} INFO - Sync 10 DAGs
[2024-04-13T16:15:03.238+0000] {logging_mixin.py:188} INFO - [2024-04-13T16:15:03.238+0000] {dag.py:3954} INFO - Setting next_dagrun for conditional_dataset_and_time_based_timetable to 2024-04-10 01:00:00+00:00, run_after=2024-04-10 01:00:00+00:00
[2024-04-13T16:15:03.240+0000] {logging_mixin.py:188} INFO - [2024-04-13T16:15:03.240+0000] {dag.py:3954} INFO - Setting next_dagrun for consume_1_and_2_with_dataset_expressions to None, run_after=None
[2024-04-13T16:15:03.240+0000] {logging_mixin.py:188} INFO - [2024-04-13T16:15:03.240+0000] {dag.py:3954} INFO - Setting next_dagrun for consume_1_or_2_with_dataset_expressions to None, run_after=None
[2024-04-13T16:15:03.241+0000] {logging_mixin.py:188} INFO - [2024-04-13T16:15:03.241+0000] {dag.py:3954} INFO - Setting next_dagrun for consume_1_or_both_2_and_3_with_dataset_expressions to None, run_after=None
[2024-04-13T16:15:03.242+0000] {logging_mixin.py:188} INFO - [2024-04-13T16:15:03.242+0000] {dag.py:3954} INFO - Setting next_dagrun for dataset_consumes_1 to None, run_after=None
[2024-04-13T16:15:03.242+0000] {logging_mixin.py:188} INFO - [2024-04-13T16:15:03.242+0000] {dag.py:3954} INFO - Setting next_dagrun for dataset_consumes_1_and_2 to None, run_after=None
[2024-04-13T16:15:03.243+0000] {logging_mixin.py:188} INFO - [2024-04-13T16:15:03.243+0000] {dag.py:3954} INFO - Setting next_dagrun for dataset_consumes_1_never_scheduled to None, run_after=None
[2024-04-13T16:15:03.243+0000] {logging_mixin.py:188} INFO - [2024-04-13T16:15:03.243+0000] {dag.py:3954} INFO - Setting next_dagrun for dataset_consumes_unknown_never_scheduled to None, run_after=None
[2024-04-13T16:15:03.244+0000] {logging_mixin.py:188} INFO - [2024-04-13T16:15:03.244+0000] {dag.py:3954} INFO - Setting next_dagrun for dataset_produces_1 to 2024-04-12 00:00:00+00:00, run_after=2024-04-13 00:00:00+00:00
[2024-04-13T16:15:03.245+0000] {logging_mixin.py:188} INFO - [2024-04-13T16:15:03.244+0000] {dag.py:3954} INFO - Setting next_dagrun for dataset_produces_2 to None, run_after=None
[2024-04-13T16:15:03.256+0000] {processor.py:183} INFO - Processing /home/airflow/.local/lib/python3.12/site-packages/airflow/example_dags/example_datasets.py took 0.054 seconds
[2024-04-13T16:15:33.669+0000] {processor.py:161} INFO - Started process (PID=389) to work on /home/airflow/.local/lib/python3.12/site-packages/airflow/example_dags/example_datasets.py
[2024-04-13T16:15:33.669+0000] {processor.py:830} INFO - Processing file /home/airflow/.local/lib/python3.12/site-packages/airflow/example_dags/example_datasets.py for tasks to queue
[2024-04-13T16:15:33.670+0000] {logging_mixin.py:188} INFO - [2024-04-13T16:15:33.670+0000] {dagbag.py:540} INFO - Filling up the DagBag from /home/airflow/.local/lib/python3.12/site-packages/airflow/example_dags/example_datasets.py
[2024-04-13T16:15:33.675+0000] {processor.py:840} INFO - DAG(s) 'dataset_produces_1', 'dataset_consumes_unknown_never_scheduled', 'dataset_consumes_1', 'consume_1_or_both_2_and_3_with_dataset_expressions', 'conditional_dataset_and_time_based_timetable', 'dataset_produces_2', 'dataset_consumes_1_never_scheduled', 'consume_1_and_2_with_dataset_expressions', 'dataset_consumes_1_and_2', 'consume_1_or_2_with_dataset_expressions' retrieved from /home/airflow/.local/lib/python3.12/site-packages/airflow/example_dags/example_datasets.py
[2024-04-13T16:15:33.692+0000] {logging_mixin.py:188} INFO - [2024-04-13T16:15:33.692+0000] {dag.py:3096} INFO - Sync 10 DAGs
[2024-04-13T16:15:33.702+0000] {logging_mixin.py:188} INFO - [2024-04-13T16:15:33.702+0000] {dag.py:3954} INFO - Setting next_dagrun for conditional_dataset_and_time_based_timetable to 2024-04-10 01:00:00+00:00, run_after=2024-04-10 01:00:00+00:00
[2024-04-13T16:15:33.703+0000] {logging_mixin.py:188} INFO - [2024-04-13T16:15:33.703+0000] {dag.py:3954} INFO - Setting next_dagrun for consume_1_and_2_with_dataset_expressions to None, run_after=None
[2024-04-13T16:15:33.704+0000] {logging_mixin.py:188} INFO - [2024-04-13T16:15:33.704+0000] {dag.py:3954} INFO - Setting next_dagrun for consume_1_or_2_with_dataset_expressions to None, run_after=None
[2024-04-13T16:15:33.705+0000] {logging_mixin.py:188} INFO - [2024-04-13T16:15:33.704+0000] {dag.py:3954} INFO - Setting next_dagrun for consume_1_or_both_2_and_3_with_dataset_expressions to None, run_after=None
[2024-04-13T16:15:33.705+0000] {logging_mixin.py:188} INFO - [2024-04-13T16:15:33.705+0000] {dag.py:3954} INFO - Setting next_dagrun for dataset_consumes_1 to None, run_after=None
[2024-04-13T16:15:33.706+0000] {logging_mixin.py:188} INFO - [2024-04-13T16:15:33.705+0000] {dag.py:3954} INFO - Setting next_dagrun for dataset_consumes_1_and_2 to None, run_after=None
[2024-04-13T16:15:33.706+0000] {logging_mixin.py:188} INFO - [2024-04-13T16:15:33.706+0000] {dag.py:3954} INFO - Setting next_dagrun for dataset_consumes_1_never_scheduled to None, run_after=None
[2024-04-13T16:15:33.707+0000] {logging_mixin.py:188} INFO - [2024-04-13T16:15:33.706+0000] {dag.py:3954} INFO - Setting next_dagrun for dataset_consumes_unknown_never_scheduled to None, run_after=None
[2024-04-13T16:15:33.707+0000] {logging_mixin.py:188} INFO - [2024-04-13T16:15:33.707+0000] {dag.py:3954} INFO - Setting next_dagrun for dataset_produces_1 to 2024-04-12 00:00:00+00:00, run_after=2024-04-13 00:00:00+00:00
[2024-04-13T16:15:33.708+0000] {logging_mixin.py:188} INFO - [2024-04-13T16:15:33.708+0000] {dag.py:3954} INFO - Setting next_dagrun for dataset_produces_2 to None, run_after=None
[2024-04-13T16:15:33.719+0000] {processor.py:183} INFO - Processing /home/airflow/.local/lib/python3.12/site-packages/airflow/example_dags/example_datasets.py took 0.053 seconds
[2024-04-13T16:16:04.182+0000] {processor.py:161} INFO - Started process (PID=447) to work on /home/airflow/.local/lib/python3.12/site-packages/airflow/example_dags/example_datasets.py
[2024-04-13T16:16:04.182+0000] {processor.py:830} INFO - Processing file /home/airflow/.local/lib/python3.12/site-packages/airflow/example_dags/example_datasets.py for tasks to queue
[2024-04-13T16:16:04.183+0000] {logging_mixin.py:188} INFO - [2024-04-13T16:16:04.183+0000] {dagbag.py:540} INFO - Filling up the DagBag from /home/airflow/.local/lib/python3.12/site-packages/airflow/example_dags/example_datasets.py
[2024-04-13T16:16:04.189+0000] {processor.py:840} INFO - DAG(s) 'conditional_dataset_and_time_based_timetable', 'consume_1_or_2_with_dataset_expressions', 'dataset_produces_2', 'dataset_produces_1', 'consume_1_or_both_2_and_3_with_dataset_expressions', 'dataset_consumes_1', 'consume_1_and_2_with_dataset_expressions', 'dataset_consumes_1_never_scheduled', 'dataset_consumes_unknown_never_scheduled', 'dataset_consumes_1_and_2' retrieved from /home/airflow/.local/lib/python3.12/site-packages/airflow/example_dags/example_datasets.py
[2024-04-13T16:16:04.205+0000] {logging_mixin.py:188} INFO - [2024-04-13T16:16:04.205+0000] {dag.py:3096} INFO - Sync 10 DAGs
[2024-04-13T16:16:04.215+0000] {logging_mixin.py:188} INFO - [2024-04-13T16:16:04.215+0000] {dag.py:3954} INFO - Setting next_dagrun for conditional_dataset_and_time_based_timetable to 2024-04-10 01:00:00+00:00, run_after=2024-04-10 01:00:00+00:00
[2024-04-13T16:16:04.217+0000] {logging_mixin.py:188} INFO - [2024-04-13T16:16:04.217+0000] {dag.py:3954} INFO - Setting next_dagrun for consume_1_and_2_with_dataset_expressions to None, run_after=None
[2024-04-13T16:16:04.217+0000] {logging_mixin.py:188} INFO - [2024-04-13T16:16:04.217+0000] {dag.py:3954} INFO - Setting next_dagrun for consume_1_or_2_with_dataset_expressions to None, run_after=None
[2024-04-13T16:16:04.218+0000] {logging_mixin.py:188} INFO - [2024-04-13T16:16:04.218+0000] {dag.py:3954} INFO - Setting next_dagrun for consume_1_or_both_2_and_3_with_dataset_expressions to None, run_after=None
[2024-04-13T16:16:04.218+0000] {logging_mixin.py:188} INFO - [2024-04-13T16:16:04.218+0000] {dag.py:3954} INFO - Setting next_dagrun for dataset_consumes_1 to None, run_after=None
[2024-04-13T16:16:04.219+0000] {logging_mixin.py:188} INFO - [2024-04-13T16:16:04.219+0000] {dag.py:3954} INFO - Setting next_dagrun for dataset_consumes_1_and_2 to None, run_after=None
[2024-04-13T16:16:04.219+0000] {logging_mixin.py:188} INFO - [2024-04-13T16:16:04.219+0000] {dag.py:3954} INFO - Setting next_dagrun for dataset_consumes_1_never_scheduled to None, run_after=None
[2024-04-13T16:16:04.220+0000] {logging_mixin.py:188} INFO - [2024-04-13T16:16:04.220+0000] {dag.py:3954} INFO - Setting next_dagrun for dataset_consumes_unknown_never_scheduled to None, run_after=None
[2024-04-13T16:16:04.221+0000] {logging_mixin.py:188} INFO - [2024-04-13T16:16:04.221+0000] {dag.py:3954} INFO - Setting next_dagrun for dataset_produces_1 to 2024-04-12 00:00:00+00:00, run_after=2024-04-13 00:00:00+00:00
[2024-04-13T16:16:04.221+0000] {logging_mixin.py:188} INFO - [2024-04-13T16:16:04.221+0000] {dag.py:3954} INFO - Setting next_dagrun for dataset_produces_2 to None, run_after=None
[2024-04-13T16:16:04.233+0000] {processor.py:183} INFO - Processing /home/airflow/.local/lib/python3.12/site-packages/airflow/example_dags/example_datasets.py took 0.054 seconds
[2024-04-13T16:16:34.797+0000] {processor.py:161} INFO - Started process (PID=505) to work on /home/airflow/.local/lib/python3.12/site-packages/airflow/example_dags/example_datasets.py
[2024-04-13T16:16:34.797+0000] {processor.py:830} INFO - Processing file /home/airflow/.local/lib/python3.12/site-packages/airflow/example_dags/example_datasets.py for tasks to queue
[2024-04-13T16:16:34.798+0000] {logging_mixin.py:188} INFO - [2024-04-13T16:16:34.798+0000] {dagbag.py:540} INFO - Filling up the DagBag from /home/airflow/.local/lib/python3.12/site-packages/airflow/example_dags/example_datasets.py
[2024-04-13T16:16:34.803+0000] {processor.py:840} INFO - DAG(s) 'dataset_consumes_unknown_never_scheduled', 'dataset_consumes_1', 'dataset_produces_2', 'conditional_dataset_and_time_based_timetable', 'consume_1_or_2_with_dataset_expressions', 'consume_1_or_both_2_and_3_with_dataset_expressions', 'dataset_consumes_1_and_2', 'dataset_produces_1', 'dataset_consumes_1_never_scheduled', 'consume_1_and_2_with_dataset_expressions' retrieved from /home/airflow/.local/lib/python3.12/site-packages/airflow/example_dags/example_datasets.py
[2024-04-13T16:16:34.821+0000] {logging_mixin.py:188} INFO - [2024-04-13T16:16:34.821+0000] {dag.py:3096} INFO - Sync 10 DAGs
[2024-04-13T16:16:34.831+0000] {logging_mixin.py:188} INFO - [2024-04-13T16:16:34.831+0000] {dag.py:3954} INFO - Setting next_dagrun for conditional_dataset_and_time_based_timetable to 2024-04-10 01:00:00+00:00, run_after=2024-04-10 01:00:00+00:00
[2024-04-13T16:16:34.832+0000] {logging_mixin.py:188} INFO - [2024-04-13T16:16:34.832+0000] {dag.py:3954} INFO - Setting next_dagrun for consume_1_and_2_with_dataset_expressions to None, run_after=None
[2024-04-13T16:16:34.833+0000] {logging_mixin.py:188} INFO - [2024-04-13T16:16:34.833+0000] {dag.py:3954} INFO - Setting next_dagrun for consume_1_or_2_with_dataset_expressions to None, run_after=None
[2024-04-13T16:16:34.834+0000] {logging_mixin.py:188} INFO - [2024-04-13T16:16:34.834+0000] {dag.py:3954} INFO - Setting next_dagrun for consume_1_or_both_2_and_3_with_dataset_expressions to None, run_after=None
[2024-04-13T16:16:34.834+0000] {logging_mixin.py:188} INFO - [2024-04-13T16:16:34.834+0000] {dag.py:3954} INFO - Setting next_dagrun for dataset_consumes_1 to None, run_after=None
[2024-04-13T16:16:34.835+0000] {logging_mixin.py:188} INFO - [2024-04-13T16:16:34.835+0000] {dag.py:3954} INFO - Setting next_dagrun for dataset_consumes_1_and_2 to None, run_after=None
[2024-04-13T16:16:34.835+0000] {logging_mixin.py:188} INFO - [2024-04-13T16:16:34.835+0000] {dag.py:3954} INFO - Setting next_dagrun for dataset_consumes_1_never_scheduled to None, run_after=None
[2024-04-13T16:16:34.836+0000] {logging_mixin.py:188} INFO - [2024-04-13T16:16:34.836+0000] {dag.py:3954} INFO - Setting next_dagrun for dataset_consumes_unknown_never_scheduled to None, run_after=None
[2024-04-13T16:16:34.837+0000] {logging_mixin.py:188} INFO - [2024-04-13T16:16:34.837+0000] {dag.py:3954} INFO - Setting next_dagrun for dataset_produces_1 to 2024-04-12 00:00:00+00:00, run_after=2024-04-13 00:00:00+00:00
[2024-04-13T16:16:34.837+0000] {logging_mixin.py:188} INFO - [2024-04-13T16:16:34.837+0000] {dag.py:3954} INFO - Setting next_dagrun for dataset_produces_2 to None, run_after=None
[2024-04-13T16:16:34.848+0000] {processor.py:183} INFO - Processing /home/airflow/.local/lib/python3.12/site-packages/airflow/example_dags/example_datasets.py took 0.054 seconds
[2024-04-13T16:17:05.459+0000] {processor.py:161} INFO - Started process (PID=563) to work on /home/airflow/.local/lib/python3.12/site-packages/airflow/example_dags/example_datasets.py
[2024-04-13T16:17:05.460+0000] {processor.py:830} INFO - Processing file /home/airflow/.local/lib/python3.12/site-packages/airflow/example_dags/example_datasets.py for tasks to queue
[2024-04-13T16:17:05.460+0000] {logging_mixin.py:188} INFO - [2024-04-13T16:17:05.460+0000] {dagbag.py:540} INFO - Filling up the DagBag from /home/airflow/.local/lib/python3.12/site-packages/airflow/example_dags/example_datasets.py
[2024-04-13T16:17:05.466+0000] {processor.py:840} INFO - DAG(s) 'conditional_dataset_and_time_based_timetable', 'consume_1_or_both_2_and_3_with_dataset_expressions', 'dataset_produces_1', 'consume_1_and_2_with_dataset_expressions', 'consume_1_or_2_with_dataset_expressions', 'dataset_consumes_1_never_scheduled', 'dataset_consumes_1', 'dataset_consumes_1_and_2', 'dataset_produces_2', 'dataset_consumes_unknown_never_scheduled' retrieved from /home/airflow/.local/lib/python3.12/site-packages/airflow/example_dags/example_datasets.py
[2024-04-13T16:17:05.483+0000] {logging_mixin.py:188} INFO - [2024-04-13T16:17:05.483+0000] {dag.py:3096} INFO - Sync 10 DAGs
[2024-04-13T16:17:05.493+0000] {logging_mixin.py:188} INFO - [2024-04-13T16:17:05.493+0000] {dag.py:3954} INFO - Setting next_dagrun for conditional_dataset_and_time_based_timetable to 2024-04-10 01:00:00+00:00, run_after=2024-04-10 01:00:00+00:00
[2024-04-13T16:17:05.495+0000] {logging_mixin.py:188} INFO - [2024-04-13T16:17:05.495+0000] {dag.py:3954} INFO - Setting next_dagrun for consume_1_and_2_with_dataset_expressions to None, run_after=None
[2024-04-13T16:17:05.495+0000] {logging_mixin.py:188} INFO - [2024-04-13T16:17:05.495+0000] {dag.py:3954} INFO - Setting next_dagrun for consume_1_or_2_with_dataset_expressions to None, run_after=None
[2024-04-13T16:17:05.496+0000] {logging_mixin.py:188} INFO - [2024-04-13T16:17:05.496+0000] {dag.py:3954} INFO - Setting next_dagrun for consume_1_or_both_2_and_3_with_dataset_expressions to None, run_after=None
[2024-04-13T16:17:05.496+0000] {logging_mixin.py:188} INFO - [2024-04-13T16:17:05.496+0000] {dag.py:3954} INFO - Setting next_dagrun for dataset_consumes_1 to None, run_after=None
[2024-04-13T16:17:05.497+0000] {logging_mixin.py:188} INFO - [2024-04-13T16:17:05.497+0000] {dag.py:3954} INFO - Setting next_dagrun for dataset_consumes_1_and_2 to None, run_after=None
[2024-04-13T16:17:05.497+0000] {logging_mixin.py:188} INFO - [2024-04-13T16:17:05.497+0000] {dag.py:3954} INFO - Setting next_dagrun for dataset_consumes_1_never_scheduled to None, run_after=None
[2024-04-13T16:17:05.498+0000] {logging_mixin.py:188} INFO - [2024-04-13T16:17:05.498+0000] {dag.py:3954} INFO - Setting next_dagrun for dataset_consumes_unknown_never_scheduled to None, run_after=None
[2024-04-13T16:17:05.498+0000] {logging_mixin.py:188} INFO - [2024-04-13T16:17:05.498+0000] {dag.py:3954} INFO - Setting next_dagrun for dataset_produces_1 to 2024-04-12 00:00:00+00:00, run_after=2024-04-13 00:00:00+00:00
[2024-04-13T16:17:05.499+0000] {logging_mixin.py:188} INFO - [2024-04-13T16:17:05.499+0000] {dag.py:3954} INFO - Setting next_dagrun for dataset_produces_2 to None, run_after=None
[2024-04-13T16:17:05.509+0000] {processor.py:183} INFO - Processing /home/airflow/.local/lib/python3.12/site-packages/airflow/example_dags/example_datasets.py took 0.053 seconds
[2024-04-13T16:17:36.002+0000] {processor.py:161} INFO - Started process (PID=621) to work on /home/airflow/.local/lib/python3.12/site-packages/airflow/example_dags/example_datasets.py
[2024-04-13T16:17:36.002+0000] {processor.py:830} INFO - Processing file /home/airflow/.local/lib/python3.12/site-packages/airflow/example_dags/example_datasets.py for tasks to queue
[2024-04-13T16:17:36.003+0000] {logging_mixin.py:188} INFO - [2024-04-13T16:17:36.003+0000] {dagbag.py:540} INFO - Filling up the DagBag from /home/airflow/.local/lib/python3.12/site-packages/airflow/example_dags/example_datasets.py
[2024-04-13T16:17:36.009+0000] {processor.py:840} INFO - DAG(s) 'consume_1_or_2_with_dataset_expressions', 'conditional_dataset_and_time_based_timetable', 'consume_1_or_both_2_and_3_with_dataset_expressions', 'dataset_consumes_unknown_never_scheduled', 'dataset_consumes_1', 'dataset_consumes_1_never_scheduled', 'consume_1_and_2_with_dataset_expressions', 'dataset_produces_2', 'dataset_consumes_1_and_2', 'dataset_produces_1' retrieved from /home/airflow/.local/lib/python3.12/site-packages/airflow/example_dags/example_datasets.py
[2024-04-13T16:17:36.026+0000] {logging_mixin.py:188} INFO - [2024-04-13T16:17:36.026+0000] {dag.py:3096} INFO - Sync 10 DAGs
[2024-04-13T16:17:36.037+0000] {logging_mixin.py:188} INFO - [2024-04-13T16:17:36.037+0000] {dag.py:3954} INFO - Setting next_dagrun for conditional_dataset_and_time_based_timetable to 2024-04-10 01:00:00+00:00, run_after=2024-04-10 01:00:00+00:00
[2024-04-13T16:17:36.038+0000] {logging_mixin.py:188} INFO - [2024-04-13T16:17:36.038+0000] {dag.py:3954} INFO - Setting next_dagrun for consume_1_and_2_with_dataset_expressions to None, run_after=None
[2024-04-13T16:17:36.039+0000] {logging_mixin.py:188} INFO - [2024-04-13T16:17:36.039+0000] {dag.py:3954} INFO - Setting next_dagrun for consume_1_or_2_with_dataset_expressions to None, run_after=None
[2024-04-13T16:17:36.039+0000] {logging_mixin.py:188} INFO - [2024-04-13T16:17:36.039+0000] {dag.py:3954} INFO - Setting next_dagrun for consume_1_or_both_2_and_3_with_dataset_expressions to None, run_after=None
[2024-04-13T16:17:36.040+0000] {logging_mixin.py:188} INFO - [2024-04-13T16:17:36.040+0000] {dag.py:3954} INFO - Setting next_dagrun for dataset_consumes_1 to None, run_after=None
[2024-04-13T16:17:36.041+0000] {logging_mixin.py:188} INFO - [2024-04-13T16:17:36.040+0000] {dag.py:3954} INFO - Setting next_dagrun for dataset_consumes_1_and_2 to None, run_after=None
[2024-04-13T16:17:36.041+0000] {logging_mixin.py:188} INFO - [2024-04-13T16:17:36.041+0000] {dag.py:3954} INFO - Setting next_dagrun for dataset_consumes_1_never_scheduled to None, run_after=None
[2024-04-13T16:17:36.042+0000] {logging_mixin.py:188} INFO - [2024-04-13T16:17:36.041+0000] {dag.py:3954} INFO - Setting next_dagrun for dataset_consumes_unknown_never_scheduled to None, run_after=None
[2024-04-13T16:17:36.042+0000] {logging_mixin.py:188} INFO - [2024-04-13T16:17:36.042+0000] {dag.py:3954} INFO - Setting next_dagrun for dataset_produces_1 to 2024-04-12 00:00:00+00:00, run_after=2024-04-13 00:00:00+00:00
[2024-04-13T16:17:36.043+0000] {logging_mixin.py:188} INFO - [2024-04-13T16:17:36.043+0000] {dag.py:3954} INFO - Setting next_dagrun for dataset_produces_2 to None, run_after=None
[2024-04-13T16:17:36.055+0000] {processor.py:183} INFO - Processing /home/airflow/.local/lib/python3.12/site-packages/airflow/example_dags/example_datasets.py took 0.056 seconds
[2024-04-13T16:18:06.688+0000] {processor.py:161} INFO - Started process (PID=679) to work on /home/airflow/.local/lib/python3.12/site-packages/airflow/example_dags/example_datasets.py
[2024-04-13T16:18:06.689+0000] {processor.py:830} INFO - Processing file /home/airflow/.local/lib/python3.12/site-packages/airflow/example_dags/example_datasets.py for tasks to queue
[2024-04-13T16:18:06.689+0000] {logging_mixin.py:188} INFO - [2024-04-13T16:18:06.689+0000] {dagbag.py:540} INFO - Filling up the DagBag from /home/airflow/.local/lib/python3.12/site-packages/airflow/example_dags/example_datasets.py
[2024-04-13T16:18:06.695+0000] {processor.py:840} INFO - DAG(s) 'dataset_consumes_1_and_2', 'dataset_consumes_1', 'conditional_dataset_and_time_based_timetable', 'dataset_consumes_1_never_scheduled', 'dataset_consumes_unknown_never_scheduled', 'dataset_produces_1', 'consume_1_and_2_with_dataset_expressions', 'dataset_produces_2', 'consume_1_or_both_2_and_3_with_dataset_expressions', 'consume_1_or_2_with_dataset_expressions' retrieved from /home/airflow/.local/lib/python3.12/site-packages/airflow/example_dags/example_datasets.py
[2024-04-13T16:18:06.712+0000] {logging_mixin.py:188} INFO - [2024-04-13T16:18:06.712+0000] {dag.py:3096} INFO - Sync 10 DAGs
[2024-04-13T16:18:06.722+0000] {logging_mixin.py:188} INFO - [2024-04-13T16:18:06.721+0000] {dag.py:3954} INFO - Setting next_dagrun for conditional_dataset_and_time_based_timetable to 2024-04-10 01:00:00+00:00, run_after=2024-04-10 01:00:00+00:00
[2024-04-13T16:18:06.723+0000] {logging_mixin.py:188} INFO - [2024-04-13T16:18:06.723+0000] {dag.py:3954} INFO - Setting next_dagrun for consume_1_and_2_with_dataset_expressions to None, run_after=None
[2024-04-13T16:18:06.724+0000] {logging_mixin.py:188} INFO - [2024-04-13T16:18:06.724+0000] {dag.py:3954} INFO - Setting next_dagrun for consume_1_or_2_with_dataset_expressions to None, run_after=None
[2024-04-13T16:18:06.724+0000] {logging_mixin.py:188} INFO - [2024-04-13T16:18:06.724+0000] {dag.py:3954} INFO - Setting next_dagrun for consume_1_or_both_2_and_3_with_dataset_expressions to None, run_after=None
[2024-04-13T16:18:06.725+0000] {logging_mixin.py:188} INFO - [2024-04-13T16:18:06.725+0000] {dag.py:3954} INFO - Setting next_dagrun for dataset_consumes_1 to None, run_after=None
[2024-04-13T16:18:06.725+0000] {logging_mixin.py:188} INFO - [2024-04-13T16:18:06.725+0000] {dag.py:3954} INFO - Setting next_dagrun for dataset_consumes_1_and_2 to None, run_after=None
[2024-04-13T16:18:06.726+0000] {logging_mixin.py:188} INFO - [2024-04-13T16:18:06.726+0000] {dag.py:3954} INFO - Setting next_dagrun for dataset_consumes_1_never_scheduled to None, run_after=None
[2024-04-13T16:18:06.726+0000] {logging_mixin.py:188} INFO - [2024-04-13T16:18:06.726+0000] {dag.py:3954} INFO - Setting next_dagrun for dataset_consumes_unknown_never_scheduled to None, run_after=None
[2024-04-13T16:18:06.727+0000] {logging_mixin.py:188} INFO - [2024-04-13T16:18:06.727+0000] {dag.py:3954} INFO - Setting next_dagrun for dataset_produces_1 to 2024-04-12 00:00:00+00:00, run_after=2024-04-13 00:00:00+00:00
[2024-04-13T16:18:06.727+0000] {logging_mixin.py:188} INFO - [2024-04-13T16:18:06.727+0000] {dag.py:3954} INFO - Setting next_dagrun for dataset_produces_2 to None, run_after=None
[2024-04-13T16:18:06.739+0000] {processor.py:183} INFO - Processing /home/airflow/.local/lib/python3.12/site-packages/airflow/example_dags/example_datasets.py took 0.054 seconds
[2024-04-13T16:18:37.317+0000] {processor.py:161} INFO - Started process (PID=737) to work on /home/airflow/.local/lib/python3.12/site-packages/airflow/example_dags/example_datasets.py
[2024-04-13T16:18:37.317+0000] {processor.py:830} INFO - Processing file /home/airflow/.local/lib/python3.12/site-packages/airflow/example_dags/example_datasets.py for tasks to queue
[2024-04-13T16:18:37.318+0000] {logging_mixin.py:188} INFO - [2024-04-13T16:18:37.318+0000] {dagbag.py:540} INFO - Filling up the DagBag from /home/airflow/.local/lib/python3.12/site-packages/airflow/example_dags/example_datasets.py
[2024-04-13T16:18:37.323+0000] {processor.py:840} INFO - DAG(s) 'dataset_consumes_1_never_scheduled', 'dataset_consumes_1_and_2', 'dataset_consumes_1', 'consume_1_or_both_2_and_3_with_dataset_expressions', 'dataset_consumes_unknown_never_scheduled', 'consume_1_or_2_with_dataset_expressions', 'dataset_produces_2', 'dataset_produces_1', 'consume_1_and_2_with_dataset_expressions', 'conditional_dataset_and_time_based_timetable' retrieved from /home/airflow/.local/lib/python3.12/site-packages/airflow/example_dags/example_datasets.py
[2024-04-13T16:18:37.340+0000] {logging_mixin.py:188} INFO - [2024-04-13T16:18:37.339+0000] {dag.py:3096} INFO - Sync 10 DAGs
[2024-04-13T16:18:37.349+0000] {logging_mixin.py:188} INFO - [2024-04-13T16:18:37.349+0000] {dag.py:3954} INFO - Setting next_dagrun for conditional_dataset_and_time_based_timetable to 2024-04-10 01:00:00+00:00, run_after=2024-04-10 01:00:00+00:00
[2024-04-13T16:18:37.420+0000] {logging_mixin.py:188} INFO - [2024-04-13T16:18:37.420+0000] {dag.py:3954} INFO - Setting next_dagrun for consume_1_and_2_with_dataset_expressions to None, run_after=None
[2024-04-13T16:18:37.421+0000] {logging_mixin.py:188} INFO - [2024-04-13T16:18:37.421+0000] {dag.py:3954} INFO - Setting next_dagrun for consume_1_or_2_with_dataset_expressions to None, run_after=None
[2024-04-13T16:18:37.421+0000] {logging_mixin.py:188} INFO - [2024-04-13T16:18:37.421+0000] {dag.py:3954} INFO - Setting next_dagrun for consume_1_or_both_2_and_3_with_dataset_expressions to None, run_after=None
[2024-04-13T16:18:37.422+0000] {logging_mixin.py:188} INFO - [2024-04-13T16:18:37.422+0000] {dag.py:3954} INFO - Setting next_dagrun for dataset_consumes_1 to None, run_after=None
[2024-04-13T16:18:37.422+0000] {logging_mixin.py:188} INFO - [2024-04-13T16:18:37.422+0000] {dag.py:3954} INFO - Setting next_dagrun for dataset_consumes_1_and_2 to None, run_after=None
[2024-04-13T16:18:37.423+0000] {logging_mixin.py:188} INFO - [2024-04-13T16:18:37.423+0000] {dag.py:3954} INFO - Setting next_dagrun for dataset_consumes_1_never_scheduled to None, run_after=None
[2024-04-13T16:18:37.423+0000] {logging_mixin.py:188} INFO - [2024-04-13T16:18:37.423+0000] {dag.py:3954} INFO - Setting next_dagrun for dataset_consumes_unknown_never_scheduled to None, run_after=None
[2024-04-13T16:18:37.424+0000] {logging_mixin.py:188} INFO - [2024-04-13T16:18:37.424+0000] {dag.py:3954} INFO - Setting next_dagrun for dataset_produces_1 to 2024-04-12 00:00:00+00:00, run_after=2024-04-13 00:00:00+00:00
[2024-04-13T16:18:37.425+0000] {logging_mixin.py:188} INFO - [2024-04-13T16:18:37.424+0000] {dag.py:3954} INFO - Setting next_dagrun for dataset_produces_2 to None, run_after=None
[2024-04-13T16:18:37.435+0000] {processor.py:183} INFO - Processing /home/airflow/.local/lib/python3.12/site-packages/airflow/example_dags/example_datasets.py took 0.121 seconds
[2024-04-13T16:19:07.907+0000] {processor.py:161} INFO - Started process (PID=794) to work on /home/airflow/.local/lib/python3.12/site-packages/airflow/example_dags/example_datasets.py
[2024-04-13T16:19:07.907+0000] {processor.py:830} INFO - Processing file /home/airflow/.local/lib/python3.12/site-packages/airflow/example_dags/example_datasets.py for tasks to queue
[2024-04-13T16:19:07.908+0000] {logging_mixin.py:188} INFO - [2024-04-13T16:19:07.908+0000] {dagbag.py:540} INFO - Filling up the DagBag from /home/airflow/.local/lib/python3.12/site-packages/airflow/example_dags/example_datasets.py
[2024-04-13T16:19:07.914+0000] {processor.py:840} INFO - DAG(s) 'dataset_produces_2', 'consume_1_and_2_with_dataset_expressions', 'consume_1_or_2_with_dataset_expressions', 'dataset_consumes_1_and_2', 'dataset_consumes_1_never_scheduled', 'dataset_consumes_unknown_never_scheduled', 'conditional_dataset_and_time_based_timetable', 'consume_1_or_both_2_and_3_with_dataset_expressions', 'dataset_consumes_1', 'dataset_produces_1' retrieved from /home/airflow/.local/lib/python3.12/site-packages/airflow/example_dags/example_datasets.py
[2024-04-13T16:19:07.930+0000] {logging_mixin.py:188} INFO - [2024-04-13T16:19:07.930+0000] {dag.py:3096} INFO - Sync 10 DAGs
[2024-04-13T16:19:07.941+0000] {logging_mixin.py:188} INFO - [2024-04-13T16:19:07.941+0000] {dag.py:3954} INFO - Setting next_dagrun for conditional_dataset_and_time_based_timetable to 2024-04-10 01:00:00+00:00, run_after=2024-04-10 01:00:00+00:00
[2024-04-13T16:19:07.943+0000] {logging_mixin.py:188} INFO - [2024-04-13T16:19:07.943+0000] {dag.py:3954} INFO - Setting next_dagrun for consume_1_and_2_with_dataset_expressions to None, run_after=None
[2024-04-13T16:19:07.944+0000] {logging_mixin.py:188} INFO - [2024-04-13T16:19:07.944+0000] {dag.py:3954} INFO - Setting next_dagrun for consume_1_or_2_with_dataset_expressions to None, run_after=None
[2024-04-13T16:19:07.944+0000] {logging_mixin.py:188} INFO - [2024-04-13T16:19:07.944+0000] {dag.py:3954} INFO - Setting next_dagrun for consume_1_or_both_2_and_3_with_dataset_expressions to None, run_after=None
[2024-04-13T16:19:07.945+0000] {logging_mixin.py:188} INFO - [2024-04-13T16:19:07.945+0000] {dag.py:3954} INFO - Setting next_dagrun for dataset_consumes_1 to None, run_after=None
[2024-04-13T16:19:07.946+0000] {logging_mixin.py:188} INFO - [2024-04-13T16:19:07.945+0000] {dag.py:3954} INFO - Setting next_dagrun for dataset_consumes_1_and_2 to None, run_after=None
[2024-04-13T16:19:07.946+0000] {logging_mixin.py:188} INFO - [2024-04-13T16:19:07.946+0000] {dag.py:3954} INFO - Setting next_dagrun for dataset_consumes_1_never_scheduled to None, run_after=None
[2024-04-13T16:19:07.947+0000] {logging_mixin.py:188} INFO - [2024-04-13T16:19:07.946+0000] {dag.py:3954} INFO - Setting next_dagrun for dataset_consumes_unknown_never_scheduled to None, run_after=None
[2024-04-13T16:19:07.947+0000] {logging_mixin.py:188} INFO - [2024-04-13T16:19:07.947+0000] {dag.py:3954} INFO - Setting next_dagrun for dataset_produces_1 to 2024-04-12 00:00:00+00:00, run_after=2024-04-13 00:00:00+00:00
[2024-04-13T16:19:07.948+0000] {logging_mixin.py:188} INFO - [2024-04-13T16:19:07.948+0000] {dag.py:3954} INFO - Setting next_dagrun for dataset_produces_2 to None, run_after=None
[2024-04-13T16:19:08.047+0000] {processor.py:183} INFO - Processing /home/airflow/.local/lib/python3.12/site-packages/airflow/example_dags/example_datasets.py took 0.143 seconds
