[2024-04-13T16:12:31.425+0000] {processor.py:161} INFO - Started process (PID=57) to work on /home/airflow/.local/lib/python3.12/site-packages/airflow/example_dags/example_sla_dag.py
[2024-04-13T16:12:31.427+0000] {processor.py:830} INFO - Processing file /home/airflow/.local/lib/python3.12/site-packages/airflow/example_dags/example_sla_dag.py for tasks to queue
[2024-04-13T16:12:31.428+0000] {logging_mixin.py:188} INFO - [2024-04-13T16:12:31.428+0000] {dagbag.py:540} INFO - Filling up the DagBag from /home/airflow/.local/lib/python3.12/site-packages/airflow/example_dags/example_sla_dag.py
[2024-04-13T16:12:31.436+0000] {processor.py:840} INFO - DAG(s) 'example_sla_dag' retrieved from /home/airflow/.local/lib/python3.12/site-packages/airflow/example_dags/example_sla_dag.py
[2024-04-13T16:12:31.444+0000] {logging_mixin.py:188} INFO - [2024-04-13T16:12:31.444+0000] {dag.py:3096} INFO - Sync 1 DAGs
[2024-04-13T16:12:31.457+0000] {logging_mixin.py:188} INFO - [2024-04-13T16:12:31.457+0000] {dag.py:3954} INFO - Setting next_dagrun for example_sla_dag to 2024-04-13 16:10:00+00:00, run_after=2024-04-13 16:12:00+00:00
[2024-04-13T16:12:31.467+0000] {processor.py:183} INFO - Processing /home/airflow/.local/lib/python3.12/site-packages/airflow/example_dags/example_sla_dag.py took 0.048 seconds
[2024-04-13T16:13:02.217+0000] {processor.py:161} INFO - Started process (PID=115) to work on /home/airflow/.local/lib/python3.12/site-packages/airflow/example_dags/example_sla_dag.py
[2024-04-13T16:13:02.218+0000] {processor.py:830} INFO - Processing file /home/airflow/.local/lib/python3.12/site-packages/airflow/example_dags/example_sla_dag.py for tasks to queue
[2024-04-13T16:13:02.219+0000] {logging_mixin.py:188} INFO - [2024-04-13T16:13:02.219+0000] {dagbag.py:540} INFO - Filling up the DagBag from /home/airflow/.local/lib/python3.12/site-packages/airflow/example_dags/example_sla_dag.py
[2024-04-13T16:13:02.222+0000] {processor.py:840} INFO - DAG(s) 'example_sla_dag' retrieved from /home/airflow/.local/lib/python3.12/site-packages/airflow/example_dags/example_sla_dag.py
[2024-04-13T16:13:02.258+0000] {logging_mixin.py:188} INFO - [2024-04-13T16:13:02.258+0000] {dag.py:3096} INFO - Sync 1 DAGs
[2024-04-13T16:13:02.267+0000] {logging_mixin.py:188} INFO - [2024-04-13T16:13:02.267+0000] {dag.py:3954} INFO - Setting next_dagrun for example_sla_dag to 2024-04-13 16:10:00+00:00, run_after=2024-04-13 16:12:00+00:00
[2024-04-13T16:13:02.273+0000] {processor.py:183} INFO - Processing /home/airflow/.local/lib/python3.12/site-packages/airflow/example_dags/example_sla_dag.py took 0.058 seconds
[2024-04-13T16:13:33.092+0000] {processor.py:161} INFO - Started process (PID=173) to work on /home/airflow/.local/lib/python3.12/site-packages/airflow/example_dags/example_sla_dag.py
[2024-04-13T16:13:33.093+0000] {processor.py:830} INFO - Processing file /home/airflow/.local/lib/python3.12/site-packages/airflow/example_dags/example_sla_dag.py for tasks to queue
[2024-04-13T16:13:33.094+0000] {logging_mixin.py:188} INFO - [2024-04-13T16:13:33.094+0000] {dagbag.py:540} INFO - Filling up the DagBag from /home/airflow/.local/lib/python3.12/site-packages/airflow/example_dags/example_sla_dag.py
[2024-04-13T16:13:33.098+0000] {processor.py:840} INFO - DAG(s) 'example_sla_dag' retrieved from /home/airflow/.local/lib/python3.12/site-packages/airflow/example_dags/example_sla_dag.py
[2024-04-13T16:13:33.106+0000] {logging_mixin.py:188} INFO - [2024-04-13T16:13:33.106+0000] {dag.py:3096} INFO - Sync 1 DAGs
[2024-04-13T16:13:33.115+0000] {logging_mixin.py:188} INFO - [2024-04-13T16:13:33.115+0000] {dag.py:3954} INFO - Setting next_dagrun for example_sla_dag to 2024-04-13 16:10:00+00:00, run_after=2024-04-13 16:12:00+00:00
[2024-04-13T16:13:33.122+0000] {processor.py:183} INFO - Processing /home/airflow/.local/lib/python3.12/site-packages/airflow/example_dags/example_sla_dag.py took 0.032 seconds
[2024-04-13T16:14:03.583+0000] {processor.py:161} INFO - Started process (PID=231) to work on /home/airflow/.local/lib/python3.12/site-packages/airflow/example_dags/example_sla_dag.py
[2024-04-13T16:14:03.583+0000] {processor.py:830} INFO - Processing file /home/airflow/.local/lib/python3.12/site-packages/airflow/example_dags/example_sla_dag.py for tasks to queue
[2024-04-13T16:14:03.584+0000] {logging_mixin.py:188} INFO - [2024-04-13T16:14:03.584+0000] {dagbag.py:540} INFO - Filling up the DagBag from /home/airflow/.local/lib/python3.12/site-packages/airflow/example_dags/example_sla_dag.py
[2024-04-13T16:14:03.588+0000] {processor.py:840} INFO - DAG(s) 'example_sla_dag' retrieved from /home/airflow/.local/lib/python3.12/site-packages/airflow/example_dags/example_sla_dag.py
[2024-04-13T16:14:03.596+0000] {logging_mixin.py:188} INFO - [2024-04-13T16:14:03.596+0000] {dag.py:3096} INFO - Sync 1 DAGs
[2024-04-13T16:14:03.604+0000] {logging_mixin.py:188} INFO - [2024-04-13T16:14:03.604+0000] {dag.py:3954} INFO - Setting next_dagrun for example_sla_dag to 2024-04-13 16:12:00+00:00, run_after=2024-04-13 16:14:00+00:00
[2024-04-13T16:14:03.612+0000] {processor.py:183} INFO - Processing /home/airflow/.local/lib/python3.12/site-packages/airflow/example_dags/example_sla_dag.py took 0.032 seconds
[2024-04-13T16:14:33.998+0000] {processor.py:161} INFO - Started process (PID=289) to work on /home/airflow/.local/lib/python3.12/site-packages/airflow/example_dags/example_sla_dag.py
[2024-04-13T16:14:33.998+0000] {processor.py:830} INFO - Processing file /home/airflow/.local/lib/python3.12/site-packages/airflow/example_dags/example_sla_dag.py for tasks to queue
[2024-04-13T16:14:33.999+0000] {logging_mixin.py:188} INFO - [2024-04-13T16:14:33.999+0000] {dagbag.py:540} INFO - Filling up the DagBag from /home/airflow/.local/lib/python3.12/site-packages/airflow/example_dags/example_sla_dag.py
[2024-04-13T16:14:34.003+0000] {processor.py:840} INFO - DAG(s) 'example_sla_dag' retrieved from /home/airflow/.local/lib/python3.12/site-packages/airflow/example_dags/example_sla_dag.py
[2024-04-13T16:14:34.010+0000] {logging_mixin.py:188} INFO - [2024-04-13T16:14:34.010+0000] {dag.py:3096} INFO - Sync 1 DAGs
[2024-04-13T16:14:34.019+0000] {logging_mixin.py:188} INFO - [2024-04-13T16:14:34.019+0000] {dag.py:3954} INFO - Setting next_dagrun for example_sla_dag to 2024-04-13 16:12:00+00:00, run_after=2024-04-13 16:14:00+00:00
[2024-04-13T16:14:34.026+0000] {processor.py:183} INFO - Processing /home/airflow/.local/lib/python3.12/site-packages/airflow/example_dags/example_sla_dag.py took 0.030 seconds
[2024-04-13T16:15:04.561+0000] {processor.py:161} INFO - Started process (PID=347) to work on /home/airflow/.local/lib/python3.12/site-packages/airflow/example_dags/example_sla_dag.py
[2024-04-13T16:15:04.562+0000] {processor.py:830} INFO - Processing file /home/airflow/.local/lib/python3.12/site-packages/airflow/example_dags/example_sla_dag.py for tasks to queue
[2024-04-13T16:15:04.563+0000] {logging_mixin.py:188} INFO - [2024-04-13T16:15:04.562+0000] {dagbag.py:540} INFO - Filling up the DagBag from /home/airflow/.local/lib/python3.12/site-packages/airflow/example_dags/example_sla_dag.py
[2024-04-13T16:15:04.566+0000] {processor.py:840} INFO - DAG(s) 'example_sla_dag' retrieved from /home/airflow/.local/lib/python3.12/site-packages/airflow/example_dags/example_sla_dag.py
[2024-04-13T16:15:04.574+0000] {logging_mixin.py:188} INFO - [2024-04-13T16:15:04.574+0000] {dag.py:3096} INFO - Sync 1 DAGs
[2024-04-13T16:15:04.583+0000] {logging_mixin.py:188} INFO - [2024-04-13T16:15:04.583+0000] {dag.py:3954} INFO - Setting next_dagrun for example_sla_dag to 2024-04-13 16:12:00+00:00, run_after=2024-04-13 16:14:00+00:00
[2024-04-13T16:15:04.589+0000] {processor.py:183} INFO - Processing /home/airflow/.local/lib/python3.12/site-packages/airflow/example_dags/example_sla_dag.py took 0.030 seconds
[2024-04-13T16:15:35.042+0000] {processor.py:161} INFO - Started process (PID=405) to work on /home/airflow/.local/lib/python3.12/site-packages/airflow/example_dags/example_sla_dag.py
[2024-04-13T16:15:35.042+0000] {processor.py:830} INFO - Processing file /home/airflow/.local/lib/python3.12/site-packages/airflow/example_dags/example_sla_dag.py for tasks to queue
[2024-04-13T16:15:35.043+0000] {logging_mixin.py:188} INFO - [2024-04-13T16:15:35.043+0000] {dagbag.py:540} INFO - Filling up the DagBag from /home/airflow/.local/lib/python3.12/site-packages/airflow/example_dags/example_sla_dag.py
[2024-04-13T16:15:35.046+0000] {processor.py:840} INFO - DAG(s) 'example_sla_dag' retrieved from /home/airflow/.local/lib/python3.12/site-packages/airflow/example_dags/example_sla_dag.py
[2024-04-13T16:15:35.054+0000] {logging_mixin.py:188} INFO - [2024-04-13T16:15:35.054+0000] {dag.py:3096} INFO - Sync 1 DAGs
[2024-04-13T16:15:35.063+0000] {logging_mixin.py:188} INFO - [2024-04-13T16:15:35.063+0000] {dag.py:3954} INFO - Setting next_dagrun for example_sla_dag to 2024-04-13 16:12:00+00:00, run_after=2024-04-13 16:14:00+00:00
[2024-04-13T16:15:35.070+0000] {processor.py:183} INFO - Processing /home/airflow/.local/lib/python3.12/site-packages/airflow/example_dags/example_sla_dag.py took 0.030 seconds
[2024-04-13T16:16:05.603+0000] {processor.py:161} INFO - Started process (PID=463) to work on /home/airflow/.local/lib/python3.12/site-packages/airflow/example_dags/example_sla_dag.py
[2024-04-13T16:16:05.603+0000] {processor.py:830} INFO - Processing file /home/airflow/.local/lib/python3.12/site-packages/airflow/example_dags/example_sla_dag.py for tasks to queue
[2024-04-13T16:16:05.604+0000] {logging_mixin.py:188} INFO - [2024-04-13T16:16:05.604+0000] {dagbag.py:540} INFO - Filling up the DagBag from /home/airflow/.local/lib/python3.12/site-packages/airflow/example_dags/example_sla_dag.py
[2024-04-13T16:16:05.609+0000] {processor.py:840} INFO - DAG(s) 'example_sla_dag' retrieved from /home/airflow/.local/lib/python3.12/site-packages/airflow/example_dags/example_sla_dag.py
[2024-04-13T16:16:05.619+0000] {logging_mixin.py:188} INFO - [2024-04-13T16:16:05.619+0000] {dag.py:3096} INFO - Sync 1 DAGs
[2024-04-13T16:16:05.629+0000] {logging_mixin.py:188} INFO - [2024-04-13T16:16:05.629+0000] {dag.py:3954} INFO - Setting next_dagrun for example_sla_dag to 2024-04-13 16:14:00+00:00, run_after=2024-04-13 16:16:00+00:00
[2024-04-13T16:16:05.635+0000] {processor.py:183} INFO - Processing /home/airflow/.local/lib/python3.12/site-packages/airflow/example_dags/example_sla_dag.py took 0.036 seconds
[2024-04-13T16:16:36.213+0000] {processor.py:161} INFO - Started process (PID=521) to work on /home/airflow/.local/lib/python3.12/site-packages/airflow/example_dags/example_sla_dag.py
[2024-04-13T16:16:36.214+0000] {processor.py:830} INFO - Processing file /home/airflow/.local/lib/python3.12/site-packages/airflow/example_dags/example_sla_dag.py for tasks to queue
[2024-04-13T16:16:36.215+0000] {logging_mixin.py:188} INFO - [2024-04-13T16:16:36.215+0000] {dagbag.py:540} INFO - Filling up the DagBag from /home/airflow/.local/lib/python3.12/site-packages/airflow/example_dags/example_sla_dag.py
[2024-04-13T16:16:36.219+0000] {processor.py:840} INFO - DAG(s) 'example_sla_dag' retrieved from /home/airflow/.local/lib/python3.12/site-packages/airflow/example_dags/example_sla_dag.py
[2024-04-13T16:16:36.230+0000] {logging_mixin.py:188} INFO - [2024-04-13T16:16:36.230+0000] {dag.py:3096} INFO - Sync 1 DAGs
[2024-04-13T16:16:36.240+0000] {logging_mixin.py:188} INFO - [2024-04-13T16:16:36.240+0000] {dag.py:3954} INFO - Setting next_dagrun for example_sla_dag to 2024-04-13 16:14:00+00:00, run_after=2024-04-13 16:16:00+00:00
[2024-04-13T16:16:36.248+0000] {processor.py:183} INFO - Processing /home/airflow/.local/lib/python3.12/site-packages/airflow/example_dags/example_sla_dag.py took 0.037 seconds
[2024-04-13T16:17:06.849+0000] {processor.py:161} INFO - Started process (PID=579) to work on /home/airflow/.local/lib/python3.12/site-packages/airflow/example_dags/example_sla_dag.py
[2024-04-13T16:17:06.850+0000] {processor.py:830} INFO - Processing file /home/airflow/.local/lib/python3.12/site-packages/airflow/example_dags/example_sla_dag.py for tasks to queue
[2024-04-13T16:17:06.850+0000] {logging_mixin.py:188} INFO - [2024-04-13T16:17:06.850+0000] {dagbag.py:540} INFO - Filling up the DagBag from /home/airflow/.local/lib/python3.12/site-packages/airflow/example_dags/example_sla_dag.py
[2024-04-13T16:17:06.854+0000] {processor.py:840} INFO - DAG(s) 'example_sla_dag' retrieved from /home/airflow/.local/lib/python3.12/site-packages/airflow/example_dags/example_sla_dag.py
[2024-04-13T16:17:06.861+0000] {logging_mixin.py:188} INFO - [2024-04-13T16:17:06.861+0000] {dag.py:3096} INFO - Sync 1 DAGs
[2024-04-13T16:17:06.870+0000] {logging_mixin.py:188} INFO - [2024-04-13T16:17:06.870+0000] {dag.py:3954} INFO - Setting next_dagrun for example_sla_dag to 2024-04-13 16:14:00+00:00, run_after=2024-04-13 16:16:00+00:00
[2024-04-13T16:17:06.877+0000] {processor.py:183} INFO - Processing /home/airflow/.local/lib/python3.12/site-packages/airflow/example_dags/example_sla_dag.py took 0.030 seconds
[2024-04-13T16:17:37.423+0000] {processor.py:161} INFO - Started process (PID=637) to work on /home/airflow/.local/lib/python3.12/site-packages/airflow/example_dags/example_sla_dag.py
[2024-04-13T16:17:37.423+0000] {processor.py:830} INFO - Processing file /home/airflow/.local/lib/python3.12/site-packages/airflow/example_dags/example_sla_dag.py for tasks to queue
[2024-04-13T16:17:37.424+0000] {logging_mixin.py:188} INFO - [2024-04-13T16:17:37.424+0000] {dagbag.py:540} INFO - Filling up the DagBag from /home/airflow/.local/lib/python3.12/site-packages/airflow/example_dags/example_sla_dag.py
[2024-04-13T16:17:37.428+0000] {processor.py:840} INFO - DAG(s) 'example_sla_dag' retrieved from /home/airflow/.local/lib/python3.12/site-packages/airflow/example_dags/example_sla_dag.py
[2024-04-13T16:17:37.437+0000] {logging_mixin.py:188} INFO - [2024-04-13T16:17:37.437+0000] {dag.py:3096} INFO - Sync 1 DAGs
[2024-04-13T16:17:37.446+0000] {logging_mixin.py:188} INFO - [2024-04-13T16:17:37.446+0000] {dag.py:3954} INFO - Setting next_dagrun for example_sla_dag to 2024-04-13 16:14:00+00:00, run_after=2024-04-13 16:16:00+00:00
[2024-04-13T16:17:37.453+0000] {processor.py:183} INFO - Processing /home/airflow/.local/lib/python3.12/site-packages/airflow/example_dags/example_sla_dag.py took 0.032 seconds
[2024-04-13T16:18:08.064+0000] {processor.py:161} INFO - Started process (PID=695) to work on /home/airflow/.local/lib/python3.12/site-packages/airflow/example_dags/example_sla_dag.py
[2024-04-13T16:18:08.065+0000] {processor.py:830} INFO - Processing file /home/airflow/.local/lib/python3.12/site-packages/airflow/example_dags/example_sla_dag.py for tasks to queue
[2024-04-13T16:18:08.066+0000] {logging_mixin.py:188} INFO - [2024-04-13T16:18:08.066+0000] {dagbag.py:540} INFO - Filling up the DagBag from /home/airflow/.local/lib/python3.12/site-packages/airflow/example_dags/example_sla_dag.py
[2024-04-13T16:18:08.069+0000] {processor.py:840} INFO - DAG(s) 'example_sla_dag' retrieved from /home/airflow/.local/lib/python3.12/site-packages/airflow/example_dags/example_sla_dag.py
[2024-04-13T16:18:08.077+0000] {logging_mixin.py:188} INFO - [2024-04-13T16:18:08.077+0000] {dag.py:3096} INFO - Sync 1 DAGs
[2024-04-13T16:18:08.086+0000] {logging_mixin.py:188} INFO - [2024-04-13T16:18:08.086+0000] {dag.py:3954} INFO - Setting next_dagrun for example_sla_dag to 2024-04-13 16:16:00+00:00, run_after=2024-04-13 16:18:00+00:00
[2024-04-13T16:18:08.093+0000] {processor.py:183} INFO - Processing /home/airflow/.local/lib/python3.12/site-packages/airflow/example_dags/example_sla_dag.py took 0.031 seconds
[2024-04-13T16:18:38.804+0000] {processor.py:161} INFO - Started process (PID=753) to work on /home/airflow/.local/lib/python3.12/site-packages/airflow/example_dags/example_sla_dag.py
[2024-04-13T16:18:38.804+0000] {processor.py:830} INFO - Processing file /home/airflow/.local/lib/python3.12/site-packages/airflow/example_dags/example_sla_dag.py for tasks to queue
[2024-04-13T16:18:38.805+0000] {logging_mixin.py:188} INFO - [2024-04-13T16:18:38.805+0000] {dagbag.py:540} INFO - Filling up the DagBag from /home/airflow/.local/lib/python3.12/site-packages/airflow/example_dags/example_sla_dag.py
[2024-04-13T16:18:38.809+0000] {processor.py:840} INFO - DAG(s) 'example_sla_dag' retrieved from /home/airflow/.local/lib/python3.12/site-packages/airflow/example_dags/example_sla_dag.py
[2024-04-13T16:18:38.817+0000] {logging_mixin.py:188} INFO - [2024-04-13T16:18:38.817+0000] {dag.py:3096} INFO - Sync 1 DAGs
[2024-04-13T16:18:38.826+0000] {logging_mixin.py:188} INFO - [2024-04-13T16:18:38.826+0000] {dag.py:3954} INFO - Setting next_dagrun for example_sla_dag to 2024-04-13 16:16:00+00:00, run_after=2024-04-13 16:18:00+00:00
[2024-04-13T16:18:38.833+0000] {processor.py:183} INFO - Processing /home/airflow/.local/lib/python3.12/site-packages/airflow/example_dags/example_sla_dag.py took 0.032 seconds
[2024-04-13T16:19:09.709+0000] {processor.py:161} INFO - Started process (PID=810) to work on /home/airflow/.local/lib/python3.12/site-packages/airflow/example_dags/example_sla_dag.py
[2024-04-13T16:19:09.710+0000] {processor.py:830} INFO - Processing file /home/airflow/.local/lib/python3.12/site-packages/airflow/example_dags/example_sla_dag.py for tasks to queue
[2024-04-13T16:19:09.711+0000] {logging_mixin.py:188} INFO - [2024-04-13T16:19:09.711+0000] {dagbag.py:540} INFO - Filling up the DagBag from /home/airflow/.local/lib/python3.12/site-packages/airflow/example_dags/example_sla_dag.py
[2024-04-13T16:19:09.715+0000] {processor.py:840} INFO - DAG(s) 'example_sla_dag' retrieved from /home/airflow/.local/lib/python3.12/site-packages/airflow/example_dags/example_sla_dag.py
[2024-04-13T16:19:09.725+0000] {logging_mixin.py:188} INFO - [2024-04-13T16:19:09.725+0000] {dag.py:3096} INFO - Sync 1 DAGs
[2024-04-13T16:19:09.734+0000] {logging_mixin.py:188} INFO - [2024-04-13T16:19:09.734+0000] {dag.py:3954} INFO - Setting next_dagrun for example_sla_dag to 2024-04-13 16:16:00+00:00, run_after=2024-04-13 16:18:00+00:00
[2024-04-13T16:19:09.821+0000] {processor.py:183} INFO - Processing /home/airflow/.local/lib/python3.12/site-packages/airflow/example_dags/example_sla_dag.py took 0.114 seconds
[2024-04-13T16:19:40.541+0000] {processor.py:161} INFO - Started process (PID=868) to work on /home/airflow/.local/lib/python3.12/site-packages/airflow/example_dags/example_sla_dag.py
[2024-04-13T16:19:40.542+0000] {processor.py:830} INFO - Processing file /home/airflow/.local/lib/python3.12/site-packages/airflow/example_dags/example_sla_dag.py for tasks to queue
[2024-04-13T16:19:40.542+0000] {logging_mixin.py:188} INFO - [2024-04-13T16:19:40.542+0000] {dagbag.py:540} INFO - Filling up the DagBag from /home/airflow/.local/lib/python3.12/site-packages/airflow/example_dags/example_sla_dag.py
[2024-04-13T16:19:40.546+0000] {processor.py:840} INFO - DAG(s) 'example_sla_dag' retrieved from /home/airflow/.local/lib/python3.12/site-packages/airflow/example_dags/example_sla_dag.py
[2024-04-13T16:19:40.555+0000] {logging_mixin.py:188} INFO - [2024-04-13T16:19:40.555+0000] {dag.py:3096} INFO - Sync 1 DAGs
[2024-04-13T16:19:40.565+0000] {logging_mixin.py:188} INFO - [2024-04-13T16:19:40.565+0000] {dag.py:3954} INFO - Setting next_dagrun for example_sla_dag to 2024-04-13 16:16:00+00:00, run_after=2024-04-13 16:18:00+00:00
[2024-04-13T16:19:40.666+0000] {processor.py:183} INFO - Processing /home/airflow/.local/lib/python3.12/site-packages/airflow/example_dags/example_sla_dag.py took 0.127 seconds
[2024-04-13T16:20:11.650+0000] {processor.py:161} INFO - Started process (PID=926) to work on /home/airflow/.local/lib/python3.12/site-packages/airflow/example_dags/example_sla_dag.py
[2024-04-13T16:20:11.653+0000] {processor.py:830} INFO - Processing file /home/airflow/.local/lib/python3.12/site-packages/airflow/example_dags/example_sla_dag.py for tasks to queue
[2024-04-13T16:20:11.656+0000] {logging_mixin.py:188} INFO - [2024-04-13T16:20:11.656+0000] {dagbag.py:540} INFO - Filling up the DagBag from /home/airflow/.local/lib/python3.12/site-packages/airflow/example_dags/example_sla_dag.py
[2024-04-13T16:20:11.663+0000] {processor.py:840} INFO - DAG(s) 'example_sla_dag' retrieved from /home/airflow/.local/lib/python3.12/site-packages/airflow/example_dags/example_sla_dag.py
[2024-04-13T16:20:11.676+0000] {logging_mixin.py:188} INFO - [2024-04-13T16:20:11.676+0000] {dag.py:3096} INFO - Sync 1 DAGs
[2024-04-13T16:20:11.687+0000] {logging_mixin.py:188} INFO - [2024-04-13T16:20:11.687+0000] {dag.py:3954} INFO - Setting next_dagrun for example_sla_dag to 2024-04-13 16:18:00+00:00, run_after=2024-04-13 16:20:00+00:00
[2024-04-13T16:20:11.695+0000] {processor.py:183} INFO - Processing /home/airflow/.local/lib/python3.12/site-packages/airflow/example_dags/example_sla_dag.py took 0.051 seconds
[2024-04-13T16:20:41.837+0000] {processor.py:161} INFO - Started process (PID=984) to work on /home/airflow/.local/lib/python3.12/site-packages/airflow/example_dags/example_sla_dag.py
[2024-04-13T16:20:41.838+0000] {processor.py:830} INFO - Processing file /home/airflow/.local/lib/python3.12/site-packages/airflow/example_dags/example_sla_dag.py for tasks to queue
[2024-04-13T16:20:41.840+0000] {logging_mixin.py:188} INFO - [2024-04-13T16:20:41.840+0000] {dagbag.py:540} INFO - Filling up the DagBag from /home/airflow/.local/lib/python3.12/site-packages/airflow/example_dags/example_sla_dag.py
[2024-04-13T16:20:41.847+0000] {processor.py:840} INFO - DAG(s) 'example_sla_dag' retrieved from /home/airflow/.local/lib/python3.12/site-packages/airflow/example_dags/example_sla_dag.py
[2024-04-13T16:20:41.860+0000] {logging_mixin.py:188} INFO - [2024-04-13T16:20:41.859+0000] {dag.py:3096} INFO - Sync 1 DAGs
[2024-04-13T16:20:41.871+0000] {logging_mixin.py:188} INFO - [2024-04-13T16:20:41.871+0000] {dag.py:3954} INFO - Setting next_dagrun for example_sla_dag to 2024-04-13 16:18:00+00:00, run_after=2024-04-13 16:20:00+00:00
[2024-04-13T16:20:41.879+0000] {processor.py:183} INFO - Processing /home/airflow/.local/lib/python3.12/site-packages/airflow/example_dags/example_sla_dag.py took 0.048 seconds
[2024-04-13T16:21:11.939+0000] {processor.py:161} INFO - Started process (PID=1042) to work on /home/airflow/.local/lib/python3.12/site-packages/airflow/example_dags/example_sla_dag.py
[2024-04-13T16:21:11.940+0000] {processor.py:830} INFO - Processing file /home/airflow/.local/lib/python3.12/site-packages/airflow/example_dags/example_sla_dag.py for tasks to queue
[2024-04-13T16:21:11.941+0000] {logging_mixin.py:188} INFO - [2024-04-13T16:21:11.941+0000] {dagbag.py:540} INFO - Filling up the DagBag from /home/airflow/.local/lib/python3.12/site-packages/airflow/example_dags/example_sla_dag.py
[2024-04-13T16:21:11.948+0000] {processor.py:840} INFO - DAG(s) 'example_sla_dag' retrieved from /home/airflow/.local/lib/python3.12/site-packages/airflow/example_dags/example_sla_dag.py
[2024-04-13T16:21:11.962+0000] {logging_mixin.py:188} INFO - [2024-04-13T16:21:11.961+0000] {dag.py:3096} INFO - Sync 1 DAGs
[2024-04-13T16:21:11.975+0000] {logging_mixin.py:188} INFO - [2024-04-13T16:21:11.975+0000] {dag.py:3954} INFO - Setting next_dagrun for example_sla_dag to 2024-04-13 16:18:00+00:00, run_after=2024-04-13 16:20:00+00:00
[2024-04-13T16:21:11.984+0000] {processor.py:183} INFO - Processing /home/airflow/.local/lib/python3.12/site-packages/airflow/example_dags/example_sla_dag.py took 0.050 seconds
[2024-04-13T16:21:42.647+0000] {processor.py:161} INFO - Started process (PID=1100) to work on /home/airflow/.local/lib/python3.12/site-packages/airflow/example_dags/example_sla_dag.py
[2024-04-13T16:21:42.648+0000] {processor.py:830} INFO - Processing file /home/airflow/.local/lib/python3.12/site-packages/airflow/example_dags/example_sla_dag.py for tasks to queue
[2024-04-13T16:21:42.650+0000] {logging_mixin.py:188} INFO - [2024-04-13T16:21:42.650+0000] {dagbag.py:540} INFO - Filling up the DagBag from /home/airflow/.local/lib/python3.12/site-packages/airflow/example_dags/example_sla_dag.py
[2024-04-13T16:21:42.657+0000] {processor.py:840} INFO - DAG(s) 'example_sla_dag' retrieved from /home/airflow/.local/lib/python3.12/site-packages/airflow/example_dags/example_sla_dag.py
[2024-04-13T16:21:42.669+0000] {logging_mixin.py:188} INFO - [2024-04-13T16:21:42.669+0000] {dag.py:3096} INFO - Sync 1 DAGs
[2024-04-13T16:21:42.681+0000] {logging_mixin.py:188} INFO - [2024-04-13T16:21:42.681+0000] {dag.py:3954} INFO - Setting next_dagrun for example_sla_dag to 2024-04-13 16:18:00+00:00, run_after=2024-04-13 16:20:00+00:00
[2024-04-13T16:21:42.689+0000] {processor.py:183} INFO - Processing /home/airflow/.local/lib/python3.12/site-packages/airflow/example_dags/example_sla_dag.py took 0.047 seconds
[2024-04-13T16:22:13.217+0000] {processor.py:161} INFO - Started process (PID=1158) to work on /home/airflow/.local/lib/python3.12/site-packages/airflow/example_dags/example_sla_dag.py
[2024-04-13T16:22:13.218+0000] {processor.py:830} INFO - Processing file /home/airflow/.local/lib/python3.12/site-packages/airflow/example_dags/example_sla_dag.py for tasks to queue
[2024-04-13T16:22:13.219+0000] {logging_mixin.py:188} INFO - [2024-04-13T16:22:13.219+0000] {dagbag.py:540} INFO - Filling up the DagBag from /home/airflow/.local/lib/python3.12/site-packages/airflow/example_dags/example_sla_dag.py
[2024-04-13T16:22:13.225+0000] {processor.py:840} INFO - DAG(s) 'example_sla_dag' retrieved from /home/airflow/.local/lib/python3.12/site-packages/airflow/example_dags/example_sla_dag.py
[2024-04-13T16:22:13.237+0000] {logging_mixin.py:188} INFO - [2024-04-13T16:22:13.237+0000] {dag.py:3096} INFO - Sync 1 DAGs
[2024-04-13T16:22:13.251+0000] {logging_mixin.py:188} INFO - [2024-04-13T16:22:13.251+0000] {dag.py:3954} INFO - Setting next_dagrun for example_sla_dag to 2024-04-13 16:20:00+00:00, run_after=2024-04-13 16:22:00+00:00
[2024-04-13T16:22:13.259+0000] {processor.py:183} INFO - Processing /home/airflow/.local/lib/python3.12/site-packages/airflow/example_dags/example_sla_dag.py took 0.046 seconds
[2024-04-13T16:22:43.813+0000] {processor.py:161} INFO - Started process (PID=1216) to work on /home/airflow/.local/lib/python3.12/site-packages/airflow/example_dags/example_sla_dag.py
[2024-04-13T16:22:43.814+0000] {processor.py:830} INFO - Processing file /home/airflow/.local/lib/python3.12/site-packages/airflow/example_dags/example_sla_dag.py for tasks to queue
[2024-04-13T16:22:43.815+0000] {logging_mixin.py:188} INFO - [2024-04-13T16:22:43.815+0000] {dagbag.py:540} INFO - Filling up the DagBag from /home/airflow/.local/lib/python3.12/site-packages/airflow/example_dags/example_sla_dag.py
[2024-04-13T16:22:43.822+0000] {processor.py:840} INFO - DAG(s) 'example_sla_dag' retrieved from /home/airflow/.local/lib/python3.12/site-packages/airflow/example_dags/example_sla_dag.py
[2024-04-13T16:22:43.834+0000] {logging_mixin.py:188} INFO - [2024-04-13T16:22:43.833+0000] {dag.py:3096} INFO - Sync 1 DAGs
[2024-04-13T16:22:43.846+0000] {logging_mixin.py:188} INFO - [2024-04-13T16:22:43.846+0000] {dag.py:3954} INFO - Setting next_dagrun for example_sla_dag to 2024-04-13 16:20:00+00:00, run_after=2024-04-13 16:22:00+00:00
[2024-04-13T16:22:43.853+0000] {processor.py:183} INFO - Processing /home/airflow/.local/lib/python3.12/site-packages/airflow/example_dags/example_sla_dag.py took 0.046 seconds
[2024-04-13T16:23:14.475+0000] {processor.py:161} INFO - Started process (PID=1274) to work on /home/airflow/.local/lib/python3.12/site-packages/airflow/example_dags/example_sla_dag.py
[2024-04-13T16:23:14.476+0000] {processor.py:830} INFO - Processing file /home/airflow/.local/lib/python3.12/site-packages/airflow/example_dags/example_sla_dag.py for tasks to queue
[2024-04-13T16:23:14.478+0000] {logging_mixin.py:188} INFO - [2024-04-13T16:23:14.478+0000] {dagbag.py:540} INFO - Filling up the DagBag from /home/airflow/.local/lib/python3.12/site-packages/airflow/example_dags/example_sla_dag.py
[2024-04-13T16:23:14.482+0000] {processor.py:840} INFO - DAG(s) 'example_sla_dag' retrieved from /home/airflow/.local/lib/python3.12/site-packages/airflow/example_dags/example_sla_dag.py
[2024-04-13T16:23:14.492+0000] {logging_mixin.py:188} INFO - [2024-04-13T16:23:14.492+0000] {dag.py:3096} INFO - Sync 1 DAGs
[2024-04-13T16:23:14.501+0000] {logging_mixin.py:188} INFO - [2024-04-13T16:23:14.501+0000] {dag.py:3954} INFO - Setting next_dagrun for example_sla_dag to 2024-04-13 16:20:00+00:00, run_after=2024-04-13 16:22:00+00:00
[2024-04-13T16:23:14.508+0000] {processor.py:183} INFO - Processing /home/airflow/.local/lib/python3.12/site-packages/airflow/example_dags/example_sla_dag.py took 0.040 seconds
[2024-04-13T16:23:45.064+0000] {processor.py:161} INFO - Started process (PID=1332) to work on /home/airflow/.local/lib/python3.12/site-packages/airflow/example_dags/example_sla_dag.py
[2024-04-13T16:23:45.065+0000] {processor.py:830} INFO - Processing file /home/airflow/.local/lib/python3.12/site-packages/airflow/example_dags/example_sla_dag.py for tasks to queue
[2024-04-13T16:23:45.067+0000] {logging_mixin.py:188} INFO - [2024-04-13T16:23:45.067+0000] {dagbag.py:540} INFO - Filling up the DagBag from /home/airflow/.local/lib/python3.12/site-packages/airflow/example_dags/example_sla_dag.py
[2024-04-13T16:23:45.075+0000] {processor.py:840} INFO - DAG(s) 'example_sla_dag' retrieved from /home/airflow/.local/lib/python3.12/site-packages/airflow/example_dags/example_sla_dag.py
[2024-04-13T16:23:45.087+0000] {logging_mixin.py:188} INFO - [2024-04-13T16:23:45.087+0000] {dag.py:3096} INFO - Sync 1 DAGs
[2024-04-13T16:23:45.100+0000] {logging_mixin.py:188} INFO - [2024-04-13T16:23:45.100+0000] {dag.py:3954} INFO - Setting next_dagrun for example_sla_dag to 2024-04-13 16:20:00+00:00, run_after=2024-04-13 16:22:00+00:00
[2024-04-13T16:23:45.107+0000] {processor.py:183} INFO - Processing /home/airflow/.local/lib/python3.12/site-packages/airflow/example_dags/example_sla_dag.py took 0.049 seconds
[2024-04-13T16:24:15.652+0000] {processor.py:161} INFO - Started process (PID=1390) to work on /home/airflow/.local/lib/python3.12/site-packages/airflow/example_dags/example_sla_dag.py
[2024-04-13T16:24:15.652+0000] {processor.py:830} INFO - Processing file /home/airflow/.local/lib/python3.12/site-packages/airflow/example_dags/example_sla_dag.py for tasks to queue
[2024-04-13T16:24:15.653+0000] {logging_mixin.py:188} INFO - [2024-04-13T16:24:15.653+0000] {dagbag.py:540} INFO - Filling up the DagBag from /home/airflow/.local/lib/python3.12/site-packages/airflow/example_dags/example_sla_dag.py
[2024-04-13T16:24:15.658+0000] {processor.py:840} INFO - DAG(s) 'example_sla_dag' retrieved from /home/airflow/.local/lib/python3.12/site-packages/airflow/example_dags/example_sla_dag.py
[2024-04-13T16:24:15.668+0000] {logging_mixin.py:188} INFO - [2024-04-13T16:24:15.667+0000] {dag.py:3096} INFO - Sync 1 DAGs
[2024-04-13T16:24:15.679+0000] {logging_mixin.py:188} INFO - [2024-04-13T16:24:15.679+0000] {dag.py:3954} INFO - Setting next_dagrun for example_sla_dag to 2024-04-13 16:22:00+00:00, run_after=2024-04-13 16:24:00+00:00
[2024-04-13T16:24:15.687+0000] {processor.py:183} INFO - Processing /home/airflow/.local/lib/python3.12/site-packages/airflow/example_dags/example_sla_dag.py took 0.039 seconds
[2024-04-13T16:24:46.221+0000] {processor.py:161} INFO - Started process (PID=1448) to work on /home/airflow/.local/lib/python3.12/site-packages/airflow/example_dags/example_sla_dag.py
[2024-04-13T16:24:46.221+0000] {processor.py:830} INFO - Processing file /home/airflow/.local/lib/python3.12/site-packages/airflow/example_dags/example_sla_dag.py for tasks to queue
[2024-04-13T16:24:46.222+0000] {logging_mixin.py:188} INFO - [2024-04-13T16:24:46.222+0000] {dagbag.py:540} INFO - Filling up the DagBag from /home/airflow/.local/lib/python3.12/site-packages/airflow/example_dags/example_sla_dag.py
[2024-04-13T16:24:46.227+0000] {processor.py:840} INFO - DAG(s) 'example_sla_dag' retrieved from /home/airflow/.local/lib/python3.12/site-packages/airflow/example_dags/example_sla_dag.py
[2024-04-13T16:24:46.236+0000] {logging_mixin.py:188} INFO - [2024-04-13T16:24:46.236+0000] {dag.py:3096} INFO - Sync 1 DAGs
[2024-04-13T16:24:46.245+0000] {logging_mixin.py:188} INFO - [2024-04-13T16:24:46.245+0000] {dag.py:3954} INFO - Setting next_dagrun for example_sla_dag to 2024-04-13 16:22:00+00:00, run_after=2024-04-13 16:24:00+00:00
[2024-04-13T16:24:46.252+0000] {processor.py:183} INFO - Processing /home/airflow/.local/lib/python3.12/site-packages/airflow/example_dags/example_sla_dag.py took 0.034 seconds
[2024-04-13T16:25:16.824+0000] {processor.py:161} INFO - Started process (PID=1506) to work on /home/airflow/.local/lib/python3.12/site-packages/airflow/example_dags/example_sla_dag.py
[2024-04-13T16:25:16.825+0000] {processor.py:830} INFO - Processing file /home/airflow/.local/lib/python3.12/site-packages/airflow/example_dags/example_sla_dag.py for tasks to queue
[2024-04-13T16:25:16.827+0000] {logging_mixin.py:188} INFO - [2024-04-13T16:25:16.827+0000] {dagbag.py:540} INFO - Filling up the DagBag from /home/airflow/.local/lib/python3.12/site-packages/airflow/example_dags/example_sla_dag.py
[2024-04-13T16:25:16.834+0000] {processor.py:840} INFO - DAG(s) 'example_sla_dag' retrieved from /home/airflow/.local/lib/python3.12/site-packages/airflow/example_dags/example_sla_dag.py
[2024-04-13T16:25:16.845+0000] {logging_mixin.py:188} INFO - [2024-04-13T16:25:16.845+0000] {dag.py:3096} INFO - Sync 1 DAGs
[2024-04-13T16:25:16.858+0000] {logging_mixin.py:188} INFO - [2024-04-13T16:25:16.858+0000] {dag.py:3954} INFO - Setting next_dagrun for example_sla_dag to 2024-04-13 16:22:00+00:00, run_after=2024-04-13 16:24:00+00:00
[2024-04-13T16:25:16.866+0000] {processor.py:183} INFO - Processing /home/airflow/.local/lib/python3.12/site-packages/airflow/example_dags/example_sla_dag.py took 0.047 seconds
[2024-04-13T16:25:47.445+0000] {processor.py:161} INFO - Started process (PID=1564) to work on /home/airflow/.local/lib/python3.12/site-packages/airflow/example_dags/example_sla_dag.py
[2024-04-13T16:25:47.446+0000] {processor.py:830} INFO - Processing file /home/airflow/.local/lib/python3.12/site-packages/airflow/example_dags/example_sla_dag.py for tasks to queue
[2024-04-13T16:25:47.447+0000] {logging_mixin.py:188} INFO - [2024-04-13T16:25:47.447+0000] {dagbag.py:540} INFO - Filling up the DagBag from /home/airflow/.local/lib/python3.12/site-packages/airflow/example_dags/example_sla_dag.py
[2024-04-13T16:25:47.451+0000] {processor.py:840} INFO - DAG(s) 'example_sla_dag' retrieved from /home/airflow/.local/lib/python3.12/site-packages/airflow/example_dags/example_sla_dag.py
[2024-04-13T16:25:47.459+0000] {logging_mixin.py:188} INFO - [2024-04-13T16:25:47.459+0000] {dag.py:3096} INFO - Sync 1 DAGs
[2024-04-13T16:25:47.469+0000] {logging_mixin.py:188} INFO - [2024-04-13T16:25:47.469+0000] {dag.py:3954} INFO - Setting next_dagrun for example_sla_dag to 2024-04-13 16:22:00+00:00, run_after=2024-04-13 16:24:00+00:00
[2024-04-13T16:25:47.476+0000] {processor.py:183} INFO - Processing /home/airflow/.local/lib/python3.12/site-packages/airflow/example_dags/example_sla_dag.py took 0.034 seconds
[2024-04-13T16:26:17.974+0000] {processor.py:161} INFO - Started process (PID=1628) to work on /home/airflow/.local/lib/python3.12/site-packages/airflow/example_dags/example_sla_dag.py
[2024-04-13T16:26:17.975+0000] {processor.py:830} INFO - Processing file /home/airflow/.local/lib/python3.12/site-packages/airflow/example_dags/example_sla_dag.py for tasks to queue
[2024-04-13T16:26:17.976+0000] {logging_mixin.py:188} INFO - [2024-04-13T16:26:17.975+0000] {dagbag.py:540} INFO - Filling up the DagBag from /home/airflow/.local/lib/python3.12/site-packages/airflow/example_dags/example_sla_dag.py
[2024-04-13T16:26:17.979+0000] {processor.py:840} INFO - DAG(s) 'example_sla_dag' retrieved from /home/airflow/.local/lib/python3.12/site-packages/airflow/example_dags/example_sla_dag.py
[2024-04-13T16:26:17.987+0000] {logging_mixin.py:188} INFO - [2024-04-13T16:26:17.987+0000] {dag.py:3096} INFO - Sync 1 DAGs
[2024-04-13T16:26:17.996+0000] {logging_mixin.py:188} INFO - [2024-04-13T16:26:17.996+0000] {dag.py:3954} INFO - Setting next_dagrun for example_sla_dag to 2024-04-13 16:24:00+00:00, run_after=2024-04-13 16:26:00+00:00
[2024-04-13T16:26:18.003+0000] {processor.py:183} INFO - Processing /home/airflow/.local/lib/python3.12/site-packages/airflow/example_dags/example_sla_dag.py took 0.031 seconds
[2024-04-13T16:26:48.532+0000] {processor.py:161} INFO - Started process (PID=1686) to work on /home/airflow/.local/lib/python3.12/site-packages/airflow/example_dags/example_sla_dag.py
[2024-04-13T16:26:48.533+0000] {processor.py:830} INFO - Processing file /home/airflow/.local/lib/python3.12/site-packages/airflow/example_dags/example_sla_dag.py for tasks to queue
[2024-04-13T16:26:48.536+0000] {logging_mixin.py:188} INFO - [2024-04-13T16:26:48.535+0000] {dagbag.py:540} INFO - Filling up the DagBag from /home/airflow/.local/lib/python3.12/site-packages/airflow/example_dags/example_sla_dag.py
[2024-04-13T16:26:48.544+0000] {processor.py:840} INFO - DAG(s) 'example_sla_dag' retrieved from /home/airflow/.local/lib/python3.12/site-packages/airflow/example_dags/example_sla_dag.py
[2024-04-13T16:26:48.558+0000] {logging_mixin.py:188} INFO - [2024-04-13T16:26:48.558+0000] {dag.py:3096} INFO - Sync 1 DAGs
[2024-04-13T16:26:48.571+0000] {logging_mixin.py:188} INFO - [2024-04-13T16:26:48.571+0000] {dag.py:3954} INFO - Setting next_dagrun for example_sla_dag to 2024-04-13 16:24:00+00:00, run_after=2024-04-13 16:26:00+00:00
[2024-04-13T16:26:48.578+0000] {processor.py:183} INFO - Processing /home/airflow/.local/lib/python3.12/site-packages/airflow/example_dags/example_sla_dag.py took 0.053 seconds
[2024-04-13T16:27:19.222+0000] {processor.py:161} INFO - Started process (PID=1744) to work on /home/airflow/.local/lib/python3.12/site-packages/airflow/example_dags/example_sla_dag.py
[2024-04-13T16:27:19.224+0000] {processor.py:830} INFO - Processing file /home/airflow/.local/lib/python3.12/site-packages/airflow/example_dags/example_sla_dag.py for tasks to queue
[2024-04-13T16:27:19.226+0000] {logging_mixin.py:188} INFO - [2024-04-13T16:27:19.226+0000] {dagbag.py:540} INFO - Filling up the DagBag from /home/airflow/.local/lib/python3.12/site-packages/airflow/example_dags/example_sla_dag.py
[2024-04-13T16:27:19.234+0000] {processor.py:840} INFO - DAG(s) 'example_sla_dag' retrieved from /home/airflow/.local/lib/python3.12/site-packages/airflow/example_dags/example_sla_dag.py
[2024-04-13T16:27:19.246+0000] {logging_mixin.py:188} INFO - [2024-04-13T16:27:19.246+0000] {dag.py:3096} INFO - Sync 1 DAGs
[2024-04-13T16:27:19.260+0000] {logging_mixin.py:188} INFO - [2024-04-13T16:27:19.260+0000] {dag.py:3954} INFO - Setting next_dagrun for example_sla_dag to 2024-04-13 16:24:00+00:00, run_after=2024-04-13 16:26:00+00:00
[2024-04-13T16:27:19.267+0000] {processor.py:183} INFO - Processing /home/airflow/.local/lib/python3.12/site-packages/airflow/example_dags/example_sla_dag.py took 0.052 seconds
[2024-04-13T16:27:49.986+0000] {processor.py:161} INFO - Started process (PID=1802) to work on /home/airflow/.local/lib/python3.12/site-packages/airflow/example_dags/example_sla_dag.py
[2024-04-13T16:27:49.988+0000] {processor.py:830} INFO - Processing file /home/airflow/.local/lib/python3.12/site-packages/airflow/example_dags/example_sla_dag.py for tasks to queue
[2024-04-13T16:27:49.989+0000] {logging_mixin.py:188} INFO - [2024-04-13T16:27:49.989+0000] {dagbag.py:540} INFO - Filling up the DagBag from /home/airflow/.local/lib/python3.12/site-packages/airflow/example_dags/example_sla_dag.py
[2024-04-13T16:27:49.996+0000] {processor.py:840} INFO - DAG(s) 'example_sla_dag' retrieved from /home/airflow/.local/lib/python3.12/site-packages/airflow/example_dags/example_sla_dag.py
[2024-04-13T16:27:50.008+0000] {logging_mixin.py:188} INFO - [2024-04-13T16:27:50.008+0000] {dag.py:3096} INFO - Sync 1 DAGs
[2024-04-13T16:27:50.021+0000] {logging_mixin.py:188} INFO - [2024-04-13T16:27:50.020+0000] {dag.py:3954} INFO - Setting next_dagrun for example_sla_dag to 2024-04-13 16:24:00+00:00, run_after=2024-04-13 16:26:00+00:00
[2024-04-13T16:27:50.028+0000] {processor.py:183} INFO - Processing /home/airflow/.local/lib/python3.12/site-packages/airflow/example_dags/example_sla_dag.py took 0.048 seconds
[2024-04-13T16:28:20.652+0000] {processor.py:161} INFO - Started process (PID=1861) to work on /home/airflow/.local/lib/python3.12/site-packages/airflow/example_dags/example_sla_dag.py
[2024-04-13T16:28:20.653+0000] {processor.py:830} INFO - Processing file /home/airflow/.local/lib/python3.12/site-packages/airflow/example_dags/example_sla_dag.py for tasks to queue
[2024-04-13T16:28:20.654+0000] {logging_mixin.py:188} INFO - [2024-04-13T16:28:20.654+0000] {dagbag.py:540} INFO - Filling up the DagBag from /home/airflow/.local/lib/python3.12/site-packages/airflow/example_dags/example_sla_dag.py
[2024-04-13T16:28:20.661+0000] {processor.py:840} INFO - DAG(s) 'example_sla_dag' retrieved from /home/airflow/.local/lib/python3.12/site-packages/airflow/example_dags/example_sla_dag.py
[2024-04-13T16:28:20.673+0000] {logging_mixin.py:188} INFO - [2024-04-13T16:28:20.673+0000] {dag.py:3096} INFO - Sync 1 DAGs
[2024-04-13T16:28:20.685+0000] {logging_mixin.py:188} INFO - [2024-04-13T16:28:20.685+0000] {dag.py:3954} INFO - Setting next_dagrun for example_sla_dag to 2024-04-13 16:26:00+00:00, run_after=2024-04-13 16:28:00+00:00
[2024-04-13T16:28:20.693+0000] {processor.py:183} INFO - Processing /home/airflow/.local/lib/python3.12/site-packages/airflow/example_dags/example_sla_dag.py took 0.048 seconds
[2024-04-13T16:28:51.300+0000] {processor.py:161} INFO - Started process (PID=1919) to work on /home/airflow/.local/lib/python3.12/site-packages/airflow/example_dags/example_sla_dag.py
[2024-04-13T16:28:51.301+0000] {processor.py:830} INFO - Processing file /home/airflow/.local/lib/python3.12/site-packages/airflow/example_dags/example_sla_dag.py for tasks to queue
[2024-04-13T16:28:51.302+0000] {logging_mixin.py:188} INFO - [2024-04-13T16:28:51.302+0000] {dagbag.py:540} INFO - Filling up the DagBag from /home/airflow/.local/lib/python3.12/site-packages/airflow/example_dags/example_sla_dag.py
[2024-04-13T16:28:51.309+0000] {processor.py:840} INFO - DAG(s) 'example_sla_dag' retrieved from /home/airflow/.local/lib/python3.12/site-packages/airflow/example_dags/example_sla_dag.py
[2024-04-13T16:28:51.320+0000] {logging_mixin.py:188} INFO - [2024-04-13T16:28:51.320+0000] {dag.py:3096} INFO - Sync 1 DAGs
[2024-04-13T16:28:51.332+0000] {logging_mixin.py:188} INFO - [2024-04-13T16:28:51.332+0000] {dag.py:3954} INFO - Setting next_dagrun for example_sla_dag to 2024-04-13 16:26:00+00:00, run_after=2024-04-13 16:28:00+00:00
[2024-04-13T16:28:51.340+0000] {processor.py:183} INFO - Processing /home/airflow/.local/lib/python3.12/site-packages/airflow/example_dags/example_sla_dag.py took 0.045 seconds
[2024-04-13T16:29:21.910+0000] {processor.py:161} INFO - Started process (PID=1977) to work on /home/airflow/.local/lib/python3.12/site-packages/airflow/example_dags/example_sla_dag.py
[2024-04-13T16:29:21.910+0000] {processor.py:830} INFO - Processing file /home/airflow/.local/lib/python3.12/site-packages/airflow/example_dags/example_sla_dag.py for tasks to queue
[2024-04-13T16:29:21.912+0000] {logging_mixin.py:188} INFO - [2024-04-13T16:29:21.912+0000] {dagbag.py:540} INFO - Filling up the DagBag from /home/airflow/.local/lib/python3.12/site-packages/airflow/example_dags/example_sla_dag.py
[2024-04-13T16:29:21.919+0000] {processor.py:840} INFO - DAG(s) 'example_sla_dag' retrieved from /home/airflow/.local/lib/python3.12/site-packages/airflow/example_dags/example_sla_dag.py
[2024-04-13T16:29:21.931+0000] {logging_mixin.py:188} INFO - [2024-04-13T16:29:21.931+0000] {dag.py:3096} INFO - Sync 1 DAGs
[2024-04-13T16:29:21.944+0000] {logging_mixin.py:188} INFO - [2024-04-13T16:29:21.943+0000] {dag.py:3954} INFO - Setting next_dagrun for example_sla_dag to 2024-04-13 16:26:00+00:00, run_after=2024-04-13 16:28:00+00:00
[2024-04-13T16:29:21.951+0000] {processor.py:183} INFO - Processing /home/airflow/.local/lib/python3.12/site-packages/airflow/example_dags/example_sla_dag.py took 0.048 seconds
[2024-04-13T16:29:52.549+0000] {processor.py:161} INFO - Started process (PID=2035) to work on /home/airflow/.local/lib/python3.12/site-packages/airflow/example_dags/example_sla_dag.py
[2024-04-13T16:29:52.550+0000] {processor.py:830} INFO - Processing file /home/airflow/.local/lib/python3.12/site-packages/airflow/example_dags/example_sla_dag.py for tasks to queue
[2024-04-13T16:29:52.552+0000] {logging_mixin.py:188} INFO - [2024-04-13T16:29:52.552+0000] {dagbag.py:540} INFO - Filling up the DagBag from /home/airflow/.local/lib/python3.12/site-packages/airflow/example_dags/example_sla_dag.py
[2024-04-13T16:29:52.559+0000] {processor.py:840} INFO - DAG(s) 'example_sla_dag' retrieved from /home/airflow/.local/lib/python3.12/site-packages/airflow/example_dags/example_sla_dag.py
[2024-04-13T16:29:52.571+0000] {logging_mixin.py:188} INFO - [2024-04-13T16:29:52.570+0000] {dag.py:3096} INFO - Sync 1 DAGs
[2024-04-13T16:29:52.584+0000] {logging_mixin.py:188} INFO - [2024-04-13T16:29:52.583+0000] {dag.py:3954} INFO - Setting next_dagrun for example_sla_dag to 2024-04-13 16:26:00+00:00, run_after=2024-04-13 16:28:00+00:00
[2024-04-13T16:29:52.591+0000] {processor.py:183} INFO - Processing /home/airflow/.local/lib/python3.12/site-packages/airflow/example_dags/example_sla_dag.py took 0.048 seconds
[2024-04-13T16:30:23.177+0000] {processor.py:161} INFO - Started process (PID=2093) to work on /home/airflow/.local/lib/python3.12/site-packages/airflow/example_dags/example_sla_dag.py
[2024-04-13T16:30:23.178+0000] {processor.py:830} INFO - Processing file /home/airflow/.local/lib/python3.12/site-packages/airflow/example_dags/example_sla_dag.py for tasks to queue
[2024-04-13T16:30:23.180+0000] {logging_mixin.py:188} INFO - [2024-04-13T16:30:23.180+0000] {dagbag.py:540} INFO - Filling up the DagBag from /home/airflow/.local/lib/python3.12/site-packages/airflow/example_dags/example_sla_dag.py
[2024-04-13T16:30:23.187+0000] {processor.py:840} INFO - DAG(s) 'example_sla_dag' retrieved from /home/airflow/.local/lib/python3.12/site-packages/airflow/example_dags/example_sla_dag.py
[2024-04-13T16:30:23.199+0000] {logging_mixin.py:188} INFO - [2024-04-13T16:30:23.199+0000] {dag.py:3096} INFO - Sync 1 DAGs
[2024-04-13T16:30:23.212+0000] {logging_mixin.py:188} INFO - [2024-04-13T16:30:23.212+0000] {dag.py:3954} INFO - Setting next_dagrun for example_sla_dag to 2024-04-13 16:28:00+00:00, run_after=2024-04-13 16:30:00+00:00
[2024-04-13T16:30:23.219+0000] {processor.py:183} INFO - Processing /home/airflow/.local/lib/python3.12/site-packages/airflow/example_dags/example_sla_dag.py took 0.047 seconds
[2024-04-13T16:30:53.820+0000] {processor.py:161} INFO - Started process (PID=2151) to work on /home/airflow/.local/lib/python3.12/site-packages/airflow/example_dags/example_sla_dag.py
[2024-04-13T16:30:53.822+0000] {processor.py:830} INFO - Processing file /home/airflow/.local/lib/python3.12/site-packages/airflow/example_dags/example_sla_dag.py for tasks to queue
[2024-04-13T16:30:53.824+0000] {logging_mixin.py:188} INFO - [2024-04-13T16:30:53.824+0000] {dagbag.py:540} INFO - Filling up the DagBag from /home/airflow/.local/lib/python3.12/site-packages/airflow/example_dags/example_sla_dag.py
[2024-04-13T16:30:53.833+0000] {processor.py:840} INFO - DAG(s) 'example_sla_dag' retrieved from /home/airflow/.local/lib/python3.12/site-packages/airflow/example_dags/example_sla_dag.py
[2024-04-13T16:30:53.849+0000] {logging_mixin.py:188} INFO - [2024-04-13T16:30:53.849+0000] {dag.py:3096} INFO - Sync 1 DAGs
[2024-04-13T16:30:53.863+0000] {logging_mixin.py:188} INFO - [2024-04-13T16:30:53.863+0000] {dag.py:3954} INFO - Setting next_dagrun for example_sla_dag to 2024-04-13 16:28:00+00:00, run_after=2024-04-13 16:30:00+00:00
[2024-04-13T16:30:53.871+0000] {processor.py:183} INFO - Processing /home/airflow/.local/lib/python3.12/site-packages/airflow/example_dags/example_sla_dag.py took 0.058 seconds
[2024-04-13T16:31:24.421+0000] {processor.py:161} INFO - Started process (PID=2209) to work on /home/airflow/.local/lib/python3.12/site-packages/airflow/example_dags/example_sla_dag.py
[2024-04-13T16:31:24.422+0000] {processor.py:830} INFO - Processing file /home/airflow/.local/lib/python3.12/site-packages/airflow/example_dags/example_sla_dag.py for tasks to queue
[2024-04-13T16:31:24.424+0000] {logging_mixin.py:188} INFO - [2024-04-13T16:31:24.424+0000] {dagbag.py:540} INFO - Filling up the DagBag from /home/airflow/.local/lib/python3.12/site-packages/airflow/example_dags/example_sla_dag.py
[2024-04-13T16:31:24.432+0000] {processor.py:840} INFO - DAG(s) 'example_sla_dag' retrieved from /home/airflow/.local/lib/python3.12/site-packages/airflow/example_dags/example_sla_dag.py
[2024-04-13T16:31:24.446+0000] {logging_mixin.py:188} INFO - [2024-04-13T16:31:24.446+0000] {dag.py:3096} INFO - Sync 1 DAGs
[2024-04-13T16:31:24.459+0000] {logging_mixin.py:188} INFO - [2024-04-13T16:31:24.459+0000] {dag.py:3954} INFO - Setting next_dagrun for example_sla_dag to 2024-04-13 16:28:00+00:00, run_after=2024-04-13 16:30:00+00:00
[2024-04-13T16:31:24.468+0000] {processor.py:183} INFO - Processing /home/airflow/.local/lib/python3.12/site-packages/airflow/example_dags/example_sla_dag.py took 0.053 seconds
[2024-04-13T16:31:55.005+0000] {processor.py:161} INFO - Started process (PID=2267) to work on /home/airflow/.local/lib/python3.12/site-packages/airflow/example_dags/example_sla_dag.py
[2024-04-13T16:31:55.006+0000] {processor.py:830} INFO - Processing file /home/airflow/.local/lib/python3.12/site-packages/airflow/example_dags/example_sla_dag.py for tasks to queue
[2024-04-13T16:31:55.007+0000] {logging_mixin.py:188} INFO - [2024-04-13T16:31:55.007+0000] {dagbag.py:540} INFO - Filling up the DagBag from /home/airflow/.local/lib/python3.12/site-packages/airflow/example_dags/example_sla_dag.py
[2024-04-13T16:31:55.016+0000] {processor.py:840} INFO - DAG(s) 'example_sla_dag' retrieved from /home/airflow/.local/lib/python3.12/site-packages/airflow/example_dags/example_sla_dag.py
[2024-04-13T16:31:55.027+0000] {logging_mixin.py:188} INFO - [2024-04-13T16:31:55.027+0000] {dag.py:3096} INFO - Sync 1 DAGs
[2024-04-13T16:31:55.039+0000] {logging_mixin.py:188} INFO - [2024-04-13T16:31:55.039+0000] {dag.py:3954} INFO - Setting next_dagrun for example_sla_dag to 2024-04-13 16:28:00+00:00, run_after=2024-04-13 16:30:00+00:00
[2024-04-13T16:31:55.046+0000] {processor.py:183} INFO - Processing /home/airflow/.local/lib/python3.12/site-packages/airflow/example_dags/example_sla_dag.py took 0.047 seconds
[2024-04-13T16:32:25.482+0000] {processor.py:161} INFO - Started process (PID=2324) to work on /home/airflow/.local/lib/python3.12/site-packages/airflow/example_dags/example_sla_dag.py
[2024-04-13T16:32:25.483+0000] {processor.py:830} INFO - Processing file /home/airflow/.local/lib/python3.12/site-packages/airflow/example_dags/example_sla_dag.py for tasks to queue
[2024-04-13T16:32:25.485+0000] {logging_mixin.py:188} INFO - [2024-04-13T16:32:25.484+0000] {dagbag.py:540} INFO - Filling up the DagBag from /home/airflow/.local/lib/python3.12/site-packages/airflow/example_dags/example_sla_dag.py
[2024-04-13T16:32:25.492+0000] {processor.py:840} INFO - DAG(s) 'example_sla_dag' retrieved from /home/airflow/.local/lib/python3.12/site-packages/airflow/example_dags/example_sla_dag.py
[2024-04-13T16:32:25.504+0000] {logging_mixin.py:188} INFO - [2024-04-13T16:32:25.503+0000] {dag.py:3096} INFO - Sync 1 DAGs
[2024-04-13T16:32:25.517+0000] {logging_mixin.py:188} INFO - [2024-04-13T16:32:25.517+0000] {dag.py:3954} INFO - Setting next_dagrun for example_sla_dag to 2024-04-13 16:30:00+00:00, run_after=2024-04-13 16:32:00+00:00
[2024-04-13T16:32:25.525+0000] {processor.py:183} INFO - Processing /home/airflow/.local/lib/python3.12/site-packages/airflow/example_dags/example_sla_dag.py took 0.049 seconds
[2024-04-13T16:32:56.140+0000] {processor.py:161} INFO - Started process (PID=2382) to work on /home/airflow/.local/lib/python3.12/site-packages/airflow/example_dags/example_sla_dag.py
[2024-04-13T16:32:56.141+0000] {processor.py:830} INFO - Processing file /home/airflow/.local/lib/python3.12/site-packages/airflow/example_dags/example_sla_dag.py for tasks to queue
[2024-04-13T16:32:56.142+0000] {logging_mixin.py:188} INFO - [2024-04-13T16:32:56.142+0000] {dagbag.py:540} INFO - Filling up the DagBag from /home/airflow/.local/lib/python3.12/site-packages/airflow/example_dags/example_sla_dag.py
[2024-04-13T16:32:56.148+0000] {processor.py:840} INFO - DAG(s) 'example_sla_dag' retrieved from /home/airflow/.local/lib/python3.12/site-packages/airflow/example_dags/example_sla_dag.py
[2024-04-13T16:32:56.160+0000] {logging_mixin.py:188} INFO - [2024-04-13T16:32:56.160+0000] {dag.py:3096} INFO - Sync 1 DAGs
[2024-04-13T16:32:56.179+0000] {logging_mixin.py:188} INFO - [2024-04-13T16:32:56.179+0000] {dag.py:3954} INFO - Setting next_dagrun for example_sla_dag to 2024-04-13 16:30:00+00:00, run_after=2024-04-13 16:32:00+00:00
[2024-04-13T16:32:56.191+0000] {processor.py:183} INFO - Processing /home/airflow/.local/lib/python3.12/site-packages/airflow/example_dags/example_sla_dag.py took 0.054 seconds
[2024-04-13T16:33:26.760+0000] {processor.py:161} INFO - Started process (PID=2440) to work on /home/airflow/.local/lib/python3.12/site-packages/airflow/example_dags/example_sla_dag.py
[2024-04-13T16:33:26.761+0000] {processor.py:830} INFO - Processing file /home/airflow/.local/lib/python3.12/site-packages/airflow/example_dags/example_sla_dag.py for tasks to queue
[2024-04-13T16:33:26.763+0000] {logging_mixin.py:188} INFO - [2024-04-13T16:33:26.762+0000] {dagbag.py:540} INFO - Filling up the DagBag from /home/airflow/.local/lib/python3.12/site-packages/airflow/example_dags/example_sla_dag.py
[2024-04-13T16:33:26.769+0000] {processor.py:840} INFO - DAG(s) 'example_sla_dag' retrieved from /home/airflow/.local/lib/python3.12/site-packages/airflow/example_dags/example_sla_dag.py
[2024-04-13T16:33:26.780+0000] {logging_mixin.py:188} INFO - [2024-04-13T16:33:26.780+0000] {dag.py:3096} INFO - Sync 1 DAGs
[2024-04-13T16:33:26.793+0000] {logging_mixin.py:188} INFO - [2024-04-13T16:33:26.793+0000] {dag.py:3954} INFO - Setting next_dagrun for example_sla_dag to 2024-04-13 16:30:00+00:00, run_after=2024-04-13 16:32:00+00:00
[2024-04-13T16:33:26.800+0000] {processor.py:183} INFO - Processing /home/airflow/.local/lib/python3.12/site-packages/airflow/example_dags/example_sla_dag.py took 0.047 seconds
[2024-04-13T16:33:57.422+0000] {processor.py:161} INFO - Started process (PID=2498) to work on /home/airflow/.local/lib/python3.12/site-packages/airflow/example_dags/example_sla_dag.py
[2024-04-13T16:33:57.423+0000] {processor.py:830} INFO - Processing file /home/airflow/.local/lib/python3.12/site-packages/airflow/example_dags/example_sla_dag.py for tasks to queue
[2024-04-13T16:33:57.425+0000] {logging_mixin.py:188} INFO - [2024-04-13T16:33:57.424+0000] {dagbag.py:540} INFO - Filling up the DagBag from /home/airflow/.local/lib/python3.12/site-packages/airflow/example_dags/example_sla_dag.py
[2024-04-13T16:33:57.432+0000] {processor.py:840} INFO - DAG(s) 'example_sla_dag' retrieved from /home/airflow/.local/lib/python3.12/site-packages/airflow/example_dags/example_sla_dag.py
[2024-04-13T16:33:57.444+0000] {logging_mixin.py:188} INFO - [2024-04-13T16:33:57.444+0000] {dag.py:3096} INFO - Sync 1 DAGs
[2024-04-13T16:33:57.456+0000] {logging_mixin.py:188} INFO - [2024-04-13T16:33:57.456+0000] {dag.py:3954} INFO - Setting next_dagrun for example_sla_dag to 2024-04-13 16:30:00+00:00, run_after=2024-04-13 16:32:00+00:00
[2024-04-13T16:33:57.463+0000] {processor.py:183} INFO - Processing /home/airflow/.local/lib/python3.12/site-packages/airflow/example_dags/example_sla_dag.py took 0.048 seconds
[2024-04-13T16:34:27.983+0000] {processor.py:161} INFO - Started process (PID=2556) to work on /home/airflow/.local/lib/python3.12/site-packages/airflow/example_dags/example_sla_dag.py
[2024-04-13T16:34:27.984+0000] {processor.py:830} INFO - Processing file /home/airflow/.local/lib/python3.12/site-packages/airflow/example_dags/example_sla_dag.py for tasks to queue
[2024-04-13T16:34:27.985+0000] {logging_mixin.py:188} INFO - [2024-04-13T16:34:27.985+0000] {dagbag.py:540} INFO - Filling up the DagBag from /home/airflow/.local/lib/python3.12/site-packages/airflow/example_dags/example_sla_dag.py
[2024-04-13T16:34:27.992+0000] {processor.py:840} INFO - DAG(s) 'example_sla_dag' retrieved from /home/airflow/.local/lib/python3.12/site-packages/airflow/example_dags/example_sla_dag.py
[2024-04-13T16:34:28.004+0000] {logging_mixin.py:188} INFO - [2024-04-13T16:34:28.004+0000] {dag.py:3096} INFO - Sync 1 DAGs
[2024-04-13T16:34:28.016+0000] {logging_mixin.py:188} INFO - [2024-04-13T16:34:28.016+0000] {dag.py:3954} INFO - Setting next_dagrun for example_sla_dag to 2024-04-13 16:32:00+00:00, run_after=2024-04-13 16:34:00+00:00
[2024-04-13T16:34:28.023+0000] {processor.py:183} INFO - Processing /home/airflow/.local/lib/python3.12/site-packages/airflow/example_dags/example_sla_dag.py took 0.047 seconds
[2024-04-13T16:34:58.535+0000] {processor.py:161} INFO - Started process (PID=2614) to work on /home/airflow/.local/lib/python3.12/site-packages/airflow/example_dags/example_sla_dag.py
[2024-04-13T16:34:58.536+0000] {processor.py:830} INFO - Processing file /home/airflow/.local/lib/python3.12/site-packages/airflow/example_dags/example_sla_dag.py for tasks to queue
[2024-04-13T16:34:58.537+0000] {logging_mixin.py:188} INFO - [2024-04-13T16:34:58.537+0000] {dagbag.py:540} INFO - Filling up the DagBag from /home/airflow/.local/lib/python3.12/site-packages/airflow/example_dags/example_sla_dag.py
[2024-04-13T16:34:58.544+0000] {processor.py:840} INFO - DAG(s) 'example_sla_dag' retrieved from /home/airflow/.local/lib/python3.12/site-packages/airflow/example_dags/example_sla_dag.py
[2024-04-13T16:34:58.556+0000] {logging_mixin.py:188} INFO - [2024-04-13T16:34:58.556+0000] {dag.py:3096} INFO - Sync 1 DAGs
[2024-04-13T16:34:58.569+0000] {logging_mixin.py:188} INFO - [2024-04-13T16:34:58.569+0000] {dag.py:3954} INFO - Setting next_dagrun for example_sla_dag to 2024-04-13 16:32:00+00:00, run_after=2024-04-13 16:34:00+00:00
[2024-04-13T16:34:58.576+0000] {processor.py:183} INFO - Processing /home/airflow/.local/lib/python3.12/site-packages/airflow/example_dags/example_sla_dag.py took 0.047 seconds
[2024-04-13T16:35:29.189+0000] {processor.py:161} INFO - Started process (PID=2672) to work on /home/airflow/.local/lib/python3.12/site-packages/airflow/example_dags/example_sla_dag.py
[2024-04-13T16:35:29.190+0000] {processor.py:830} INFO - Processing file /home/airflow/.local/lib/python3.12/site-packages/airflow/example_dags/example_sla_dag.py for tasks to queue
[2024-04-13T16:35:29.191+0000] {logging_mixin.py:188} INFO - [2024-04-13T16:35:29.191+0000] {dagbag.py:540} INFO - Filling up the DagBag from /home/airflow/.local/lib/python3.12/site-packages/airflow/example_dags/example_sla_dag.py
[2024-04-13T16:35:29.198+0000] {processor.py:840} INFO - DAG(s) 'example_sla_dag' retrieved from /home/airflow/.local/lib/python3.12/site-packages/airflow/example_dags/example_sla_dag.py
[2024-04-13T16:35:29.210+0000] {logging_mixin.py:188} INFO - [2024-04-13T16:35:29.210+0000] {dag.py:3096} INFO - Sync 1 DAGs
[2024-04-13T16:35:29.222+0000] {logging_mixin.py:188} INFO - [2024-04-13T16:35:29.222+0000] {dag.py:3954} INFO - Setting next_dagrun for example_sla_dag to 2024-04-13 16:32:00+00:00, run_after=2024-04-13 16:34:00+00:00
[2024-04-13T16:35:29.230+0000] {processor.py:183} INFO - Processing /home/airflow/.local/lib/python3.12/site-packages/airflow/example_dags/example_sla_dag.py took 0.047 seconds
[2024-04-13T16:35:59.787+0000] {processor.py:161} INFO - Started process (PID=2730) to work on /home/airflow/.local/lib/python3.12/site-packages/airflow/example_dags/example_sla_dag.py
[2024-04-13T16:35:59.790+0000] {processor.py:830} INFO - Processing file /home/airflow/.local/lib/python3.12/site-packages/airflow/example_dags/example_sla_dag.py for tasks to queue
[2024-04-13T16:35:59.792+0000] {logging_mixin.py:188} INFO - [2024-04-13T16:35:59.791+0000] {dagbag.py:540} INFO - Filling up the DagBag from /home/airflow/.local/lib/python3.12/site-packages/airflow/example_dags/example_sla_dag.py
[2024-04-13T16:35:59.800+0000] {processor.py:840} INFO - DAG(s) 'example_sla_dag' retrieved from /home/airflow/.local/lib/python3.12/site-packages/airflow/example_dags/example_sla_dag.py
[2024-04-13T16:35:59.812+0000] {logging_mixin.py:188} INFO - [2024-04-13T16:35:59.812+0000] {dag.py:3096} INFO - Sync 1 DAGs
[2024-04-13T16:35:59.825+0000] {logging_mixin.py:188} INFO - [2024-04-13T16:35:59.824+0000] {dag.py:3954} INFO - Setting next_dagrun for example_sla_dag to 2024-04-13 16:32:00+00:00, run_after=2024-04-13 16:34:00+00:00
[2024-04-13T16:35:59.832+0000] {processor.py:183} INFO - Processing /home/airflow/.local/lib/python3.12/site-packages/airflow/example_dags/example_sla_dag.py took 0.051 seconds
[2024-04-13T16:36:30.455+0000] {processor.py:161} INFO - Started process (PID=2788) to work on /home/airflow/.local/lib/python3.12/site-packages/airflow/example_dags/example_sla_dag.py
[2024-04-13T16:36:30.456+0000] {processor.py:830} INFO - Processing file /home/airflow/.local/lib/python3.12/site-packages/airflow/example_dags/example_sla_dag.py for tasks to queue
[2024-04-13T16:36:30.458+0000] {logging_mixin.py:188} INFO - [2024-04-13T16:36:30.458+0000] {dagbag.py:540} INFO - Filling up the DagBag from /home/airflow/.local/lib/python3.12/site-packages/airflow/example_dags/example_sla_dag.py
[2024-04-13T16:36:30.465+0000] {processor.py:840} INFO - DAG(s) 'example_sla_dag' retrieved from /home/airflow/.local/lib/python3.12/site-packages/airflow/example_dags/example_sla_dag.py
[2024-04-13T16:36:30.477+0000] {logging_mixin.py:188} INFO - [2024-04-13T16:36:30.477+0000] {dag.py:3096} INFO - Sync 1 DAGs
[2024-04-13T16:36:30.489+0000] {logging_mixin.py:188} INFO - [2024-04-13T16:36:30.489+0000] {dag.py:3954} INFO - Setting next_dagrun for example_sla_dag to 2024-04-13 16:34:00+00:00, run_after=2024-04-13 16:36:00+00:00
[2024-04-13T16:36:30.497+0000] {processor.py:183} INFO - Processing /home/airflow/.local/lib/python3.12/site-packages/airflow/example_dags/example_sla_dag.py took 0.048 seconds
[2024-04-13T16:37:01.002+0000] {processor.py:161} INFO - Started process (PID=2845) to work on /home/airflow/.local/lib/python3.12/site-packages/airflow/example_dags/example_sla_dag.py
[2024-04-13T16:37:01.002+0000] {processor.py:830} INFO - Processing file /home/airflow/.local/lib/python3.12/site-packages/airflow/example_dags/example_sla_dag.py for tasks to queue
[2024-04-13T16:37:01.004+0000] {logging_mixin.py:188} INFO - [2024-04-13T16:37:01.004+0000] {dagbag.py:540} INFO - Filling up the DagBag from /home/airflow/.local/lib/python3.12/site-packages/airflow/example_dags/example_sla_dag.py
[2024-04-13T16:37:01.011+0000] {processor.py:840} INFO - DAG(s) 'example_sla_dag' retrieved from /home/airflow/.local/lib/python3.12/site-packages/airflow/example_dags/example_sla_dag.py
[2024-04-13T16:37:01.022+0000] {logging_mixin.py:188} INFO - [2024-04-13T16:37:01.022+0000] {dag.py:3096} INFO - Sync 1 DAGs
[2024-04-13T16:37:01.035+0000] {logging_mixin.py:188} INFO - [2024-04-13T16:37:01.035+0000] {dag.py:3954} INFO - Setting next_dagrun for example_sla_dag to 2024-04-13 16:34:00+00:00, run_after=2024-04-13 16:36:00+00:00
[2024-04-13T16:37:01.042+0000] {processor.py:183} INFO - Processing /home/airflow/.local/lib/python3.12/site-packages/airflow/example_dags/example_sla_dag.py took 0.046 seconds
[2024-04-13T16:37:31.559+0000] {processor.py:161} INFO - Started process (PID=2903) to work on /home/airflow/.local/lib/python3.12/site-packages/airflow/example_dags/example_sla_dag.py
[2024-04-13T16:37:31.560+0000] {processor.py:830} INFO - Processing file /home/airflow/.local/lib/python3.12/site-packages/airflow/example_dags/example_sla_dag.py for tasks to queue
[2024-04-13T16:37:31.561+0000] {logging_mixin.py:188} INFO - [2024-04-13T16:37:31.561+0000] {dagbag.py:540} INFO - Filling up the DagBag from /home/airflow/.local/lib/python3.12/site-packages/airflow/example_dags/example_sla_dag.py
[2024-04-13T16:37:31.565+0000] {processor.py:840} INFO - DAG(s) 'example_sla_dag' retrieved from /home/airflow/.local/lib/python3.12/site-packages/airflow/example_dags/example_sla_dag.py
[2024-04-13T16:37:31.576+0000] {logging_mixin.py:188} INFO - [2024-04-13T16:37:31.575+0000] {dag.py:3096} INFO - Sync 1 DAGs
[2024-04-13T16:37:31.587+0000] {logging_mixin.py:188} INFO - [2024-04-13T16:37:31.587+0000] {dag.py:3954} INFO - Setting next_dagrun for example_sla_dag to 2024-04-13 16:34:00+00:00, run_after=2024-04-13 16:36:00+00:00
[2024-04-13T16:37:31.595+0000] {processor.py:183} INFO - Processing /home/airflow/.local/lib/python3.12/site-packages/airflow/example_dags/example_sla_dag.py took 0.039 seconds
[2024-04-13T16:38:02.061+0000] {processor.py:161} INFO - Started process (PID=2961) to work on /home/airflow/.local/lib/python3.12/site-packages/airflow/example_dags/example_sla_dag.py
[2024-04-13T16:38:02.065+0000] {processor.py:830} INFO - Processing file /home/airflow/.local/lib/python3.12/site-packages/airflow/example_dags/example_sla_dag.py for tasks to queue
[2024-04-13T16:38:02.073+0000] {logging_mixin.py:188} INFO - [2024-04-13T16:38:02.072+0000] {dagbag.py:540} INFO - Filling up the DagBag from /home/airflow/.local/lib/python3.12/site-packages/airflow/example_dags/example_sla_dag.py
[2024-04-13T16:38:02.081+0000] {processor.py:840} INFO - DAG(s) 'example_sla_dag' retrieved from /home/airflow/.local/lib/python3.12/site-packages/airflow/example_dags/example_sla_dag.py
[2024-04-13T16:38:02.108+0000] {logging_mixin.py:188} INFO - [2024-04-13T16:38:02.107+0000] {dag.py:3096} INFO - Sync 1 DAGs
[2024-04-13T16:38:02.137+0000] {logging_mixin.py:188} INFO - [2024-04-13T16:38:02.137+0000] {dag.py:3954} INFO - Setting next_dagrun for example_sla_dag to 2024-04-13 16:36:00+00:00, run_after=2024-04-13 16:38:00+00:00
[2024-04-13T16:38:02.167+0000] {processor.py:183} INFO - Processing /home/airflow/.local/lib/python3.12/site-packages/airflow/example_dags/example_sla_dag.py took 0.113 seconds
[2024-04-13T16:38:32.240+0000] {processor.py:161} INFO - Started process (PID=3019) to work on /home/airflow/.local/lib/python3.12/site-packages/airflow/example_dags/example_sla_dag.py
[2024-04-13T16:38:32.240+0000] {processor.py:830} INFO - Processing file /home/airflow/.local/lib/python3.12/site-packages/airflow/example_dags/example_sla_dag.py for tasks to queue
[2024-04-13T16:38:32.241+0000] {logging_mixin.py:188} INFO - [2024-04-13T16:38:32.241+0000] {dagbag.py:540} INFO - Filling up the DagBag from /home/airflow/.local/lib/python3.12/site-packages/airflow/example_dags/example_sla_dag.py
[2024-04-13T16:38:32.245+0000] {processor.py:840} INFO - DAG(s) 'example_sla_dag' retrieved from /home/airflow/.local/lib/python3.12/site-packages/airflow/example_dags/example_sla_dag.py
[2024-04-13T16:38:32.255+0000] {logging_mixin.py:188} INFO - [2024-04-13T16:38:32.255+0000] {dag.py:3096} INFO - Sync 1 DAGs
[2024-04-13T16:38:32.267+0000] {logging_mixin.py:188} INFO - [2024-04-13T16:38:32.266+0000] {dag.py:3954} INFO - Setting next_dagrun for example_sla_dag to 2024-04-13 16:36:00+00:00, run_after=2024-04-13 16:38:00+00:00
[2024-04-13T16:38:32.274+0000] {processor.py:183} INFO - Processing /home/airflow/.local/lib/python3.12/site-packages/airflow/example_dags/example_sla_dag.py took 0.038 seconds
[2024-04-13T16:39:02.526+0000] {processor.py:161} INFO - Started process (PID=3077) to work on /home/airflow/.local/lib/python3.12/site-packages/airflow/example_dags/example_sla_dag.py
[2024-04-13T16:39:02.526+0000] {processor.py:830} INFO - Processing file /home/airflow/.local/lib/python3.12/site-packages/airflow/example_dags/example_sla_dag.py for tasks to queue
[2024-04-13T16:39:02.527+0000] {logging_mixin.py:188} INFO - [2024-04-13T16:39:02.527+0000] {dagbag.py:540} INFO - Filling up the DagBag from /home/airflow/.local/lib/python3.12/site-packages/airflow/example_dags/example_sla_dag.py
[2024-04-13T16:39:02.531+0000] {processor.py:840} INFO - DAG(s) 'example_sla_dag' retrieved from /home/airflow/.local/lib/python3.12/site-packages/airflow/example_dags/example_sla_dag.py
[2024-04-13T16:39:02.539+0000] {logging_mixin.py:188} INFO - [2024-04-13T16:39:02.539+0000] {dag.py:3096} INFO - Sync 1 DAGs
[2024-04-13T16:39:02.548+0000] {logging_mixin.py:188} INFO - [2024-04-13T16:39:02.548+0000] {dag.py:3954} INFO - Setting next_dagrun for example_sla_dag to 2024-04-13 16:36:00+00:00, run_after=2024-04-13 16:38:00+00:00
[2024-04-13T16:39:02.555+0000] {processor.py:183} INFO - Processing /home/airflow/.local/lib/python3.12/site-packages/airflow/example_dags/example_sla_dag.py took 0.031 seconds
[2024-04-13T16:39:33.078+0000] {processor.py:161} INFO - Started process (PID=3134) to work on /home/airflow/.local/lib/python3.12/site-packages/airflow/example_dags/example_sla_dag.py
[2024-04-13T16:39:33.078+0000] {processor.py:830} INFO - Processing file /home/airflow/.local/lib/python3.12/site-packages/airflow/example_dags/example_sla_dag.py for tasks to queue
[2024-04-13T16:39:33.079+0000] {logging_mixin.py:188} INFO - [2024-04-13T16:39:33.079+0000] {dagbag.py:540} INFO - Filling up the DagBag from /home/airflow/.local/lib/python3.12/site-packages/airflow/example_dags/example_sla_dag.py
[2024-04-13T16:39:33.083+0000] {processor.py:840} INFO - DAG(s) 'example_sla_dag' retrieved from /home/airflow/.local/lib/python3.12/site-packages/airflow/example_dags/example_sla_dag.py
[2024-04-13T16:39:33.091+0000] {logging_mixin.py:188} INFO - [2024-04-13T16:39:33.091+0000] {dag.py:3096} INFO - Sync 1 DAGs
[2024-04-13T16:39:33.101+0000] {logging_mixin.py:188} INFO - [2024-04-13T16:39:33.100+0000] {dag.py:3954} INFO - Setting next_dagrun for example_sla_dag to 2024-04-13 16:36:00+00:00, run_after=2024-04-13 16:38:00+00:00
[2024-04-13T16:39:33.108+0000] {processor.py:183} INFO - Processing /home/airflow/.local/lib/python3.12/site-packages/airflow/example_dags/example_sla_dag.py took 0.032 seconds
[2024-04-13T16:40:03.582+0000] {processor.py:161} INFO - Started process (PID=3192) to work on /home/airflow/.local/lib/python3.12/site-packages/airflow/example_dags/example_sla_dag.py
[2024-04-13T16:40:03.582+0000] {processor.py:830} INFO - Processing file /home/airflow/.local/lib/python3.12/site-packages/airflow/example_dags/example_sla_dag.py for tasks to queue
[2024-04-13T16:40:03.583+0000] {logging_mixin.py:188} INFO - [2024-04-13T16:40:03.583+0000] {dagbag.py:540} INFO - Filling up the DagBag from /home/airflow/.local/lib/python3.12/site-packages/airflow/example_dags/example_sla_dag.py
[2024-04-13T16:40:03.587+0000] {processor.py:840} INFO - DAG(s) 'example_sla_dag' retrieved from /home/airflow/.local/lib/python3.12/site-packages/airflow/example_dags/example_sla_dag.py
[2024-04-13T16:40:03.595+0000] {logging_mixin.py:188} INFO - [2024-04-13T16:40:03.594+0000] {dag.py:3096} INFO - Sync 1 DAGs
[2024-04-13T16:40:03.604+0000] {logging_mixin.py:188} INFO - [2024-04-13T16:40:03.604+0000] {dag.py:3954} INFO - Setting next_dagrun for example_sla_dag to 2024-04-13 16:38:00+00:00, run_after=2024-04-13 16:40:00+00:00
[2024-04-13T16:40:03.610+0000] {processor.py:183} INFO - Processing /home/airflow/.local/lib/python3.12/site-packages/airflow/example_dags/example_sla_dag.py took 0.031 seconds
[2024-04-13T16:40:34.098+0000] {processor.py:161} INFO - Started process (PID=3250) to work on /home/airflow/.local/lib/python3.12/site-packages/airflow/example_dags/example_sla_dag.py
[2024-04-13T16:40:34.099+0000] {processor.py:830} INFO - Processing file /home/airflow/.local/lib/python3.12/site-packages/airflow/example_dags/example_sla_dag.py for tasks to queue
[2024-04-13T16:40:34.099+0000] {logging_mixin.py:188} INFO - [2024-04-13T16:40:34.099+0000] {dagbag.py:540} INFO - Filling up the DagBag from /home/airflow/.local/lib/python3.12/site-packages/airflow/example_dags/example_sla_dag.py
[2024-04-13T16:40:34.103+0000] {processor.py:840} INFO - DAG(s) 'example_sla_dag' retrieved from /home/airflow/.local/lib/python3.12/site-packages/airflow/example_dags/example_sla_dag.py
[2024-04-13T16:40:34.111+0000] {logging_mixin.py:188} INFO - [2024-04-13T16:40:34.111+0000] {dag.py:3096} INFO - Sync 1 DAGs
[2024-04-13T16:40:34.121+0000] {logging_mixin.py:188} INFO - [2024-04-13T16:40:34.121+0000] {dag.py:3954} INFO - Setting next_dagrun for example_sla_dag to 2024-04-13 16:38:00+00:00, run_after=2024-04-13 16:40:00+00:00
[2024-04-13T16:40:34.128+0000] {processor.py:183} INFO - Processing /home/airflow/.local/lib/python3.12/site-packages/airflow/example_dags/example_sla_dag.py took 0.032 seconds
[2024-04-13T16:41:04.702+0000] {processor.py:161} INFO - Started process (PID=3308) to work on /home/airflow/.local/lib/python3.12/site-packages/airflow/example_dags/example_sla_dag.py
[2024-04-13T16:41:04.702+0000] {processor.py:830} INFO - Processing file /home/airflow/.local/lib/python3.12/site-packages/airflow/example_dags/example_sla_dag.py for tasks to queue
[2024-04-13T16:41:04.703+0000] {logging_mixin.py:188} INFO - [2024-04-13T16:41:04.703+0000] {dagbag.py:540} INFO - Filling up the DagBag from /home/airflow/.local/lib/python3.12/site-packages/airflow/example_dags/example_sla_dag.py
[2024-04-13T16:41:04.707+0000] {processor.py:840} INFO - DAG(s) 'example_sla_dag' retrieved from /home/airflow/.local/lib/python3.12/site-packages/airflow/example_dags/example_sla_dag.py
[2024-04-13T16:41:04.716+0000] {logging_mixin.py:188} INFO - [2024-04-13T16:41:04.716+0000] {dag.py:3096} INFO - Sync 1 DAGs
[2024-04-13T16:41:04.726+0000] {logging_mixin.py:188} INFO - [2024-04-13T16:41:04.726+0000] {dag.py:3954} INFO - Setting next_dagrun for example_sla_dag to 2024-04-13 16:38:00+00:00, run_after=2024-04-13 16:40:00+00:00
[2024-04-13T16:41:04.734+0000] {processor.py:183} INFO - Processing /home/airflow/.local/lib/python3.12/site-packages/airflow/example_dags/example_sla_dag.py took 0.034 seconds
