[2024-04-13T16:12:30.216+0000] {processor.py:161} INFO - Started process (PID=33) to work on /home/airflow/.local/lib/python3.12/site-packages/airflow/example_dags/example_local_kubernetes_executor.py
[2024-04-13T16:12:30.227+0000] {processor.py:830} INFO - Processing file /home/airflow/.local/lib/python3.12/site-packages/airflow/example_dags/example_local_kubernetes_executor.py for tasks to queue
[2024-04-13T16:12:30.232+0000] {logging_mixin.py:188} INFO - [2024-04-13T16:12:30.232+0000] {dagbag.py:540} INFO - Filling up the DagBag from /home/airflow/.local/lib/python3.12/site-packages/airflow/example_dags/example_local_kubernetes_executor.py
[2024-04-13T16:12:30.260+0000] {processor.py:840} INFO - DAG(s) 'example_local_kubernetes_executor' retrieved from /home/airflow/.local/lib/python3.12/site-packages/airflow/example_dags/example_local_kubernetes_executor.py
[2024-04-13T16:12:30.275+0000] {logging_mixin.py:188} INFO - [2024-04-13T16:12:30.275+0000] {dag.py:3096} INFO - Sync 1 DAGs
[2024-04-13T16:12:30.286+0000] {logging_mixin.py:188} INFO - [2024-04-13T16:12:30.286+0000] {dag.py:3954} INFO - Setting next_dagrun for example_local_kubernetes_executor to None, run_after=None
[2024-04-13T16:12:30.301+0000] {processor.py:183} INFO - Processing /home/airflow/.local/lib/python3.12/site-packages/airflow/example_dags/example_local_kubernetes_executor.py took 0.092 seconds
[2024-04-13T16:13:01.163+0000] {processor.py:161} INFO - Started process (PID=91) to work on /home/airflow/.local/lib/python3.12/site-packages/airflow/example_dags/example_local_kubernetes_executor.py
[2024-04-13T16:13:01.163+0000] {processor.py:830} INFO - Processing file /home/airflow/.local/lib/python3.12/site-packages/airflow/example_dags/example_local_kubernetes_executor.py for tasks to queue
[2024-04-13T16:13:01.164+0000] {logging_mixin.py:188} INFO - [2024-04-13T16:13:01.164+0000] {dagbag.py:540} INFO - Filling up the DagBag from /home/airflow/.local/lib/python3.12/site-packages/airflow/example_dags/example_local_kubernetes_executor.py
[2024-04-13T16:13:01.168+0000] {processor.py:840} INFO - DAG(s) 'example_local_kubernetes_executor' retrieved from /home/airflow/.local/lib/python3.12/site-packages/airflow/example_dags/example_local_kubernetes_executor.py
[2024-04-13T16:13:01.216+0000] {logging_mixin.py:188} INFO - [2024-04-13T16:13:01.216+0000] {dag.py:3096} INFO - Sync 1 DAGs
[2024-04-13T16:13:01.220+0000] {logging_mixin.py:188} INFO - [2024-04-13T16:13:01.220+0000] {dag.py:3954} INFO - Setting next_dagrun for example_local_kubernetes_executor to None, run_after=None
[2024-04-13T16:13:01.227+0000] {processor.py:183} INFO - Processing /home/airflow/.local/lib/python3.12/site-packages/airflow/example_dags/example_local_kubernetes_executor.py took 0.066 seconds
[2024-04-13T16:13:31.521+0000] {processor.py:161} INFO - Started process (PID=149) to work on /home/airflow/.local/lib/python3.12/site-packages/airflow/example_dags/example_local_kubernetes_executor.py
[2024-04-13T16:13:31.521+0000] {processor.py:830} INFO - Processing file /home/airflow/.local/lib/python3.12/site-packages/airflow/example_dags/example_local_kubernetes_executor.py for tasks to queue
[2024-04-13T16:13:31.522+0000] {logging_mixin.py:188} INFO - [2024-04-13T16:13:31.522+0000] {dagbag.py:540} INFO - Filling up the DagBag from /home/airflow/.local/lib/python3.12/site-packages/airflow/example_dags/example_local_kubernetes_executor.py
[2024-04-13T16:13:31.525+0000] {processor.py:840} INFO - DAG(s) 'example_local_kubernetes_executor' retrieved from /home/airflow/.local/lib/python3.12/site-packages/airflow/example_dags/example_local_kubernetes_executor.py
[2024-04-13T16:13:31.540+0000] {logging_mixin.py:188} INFO - [2024-04-13T16:13:31.539+0000] {dag.py:3096} INFO - Sync 1 DAGs
[2024-04-13T16:13:31.544+0000] {logging_mixin.py:188} INFO - [2024-04-13T16:13:31.544+0000] {dag.py:3954} INFO - Setting next_dagrun for example_local_kubernetes_executor to None, run_after=None
[2024-04-13T16:13:31.551+0000] {processor.py:183} INFO - Processing /home/airflow/.local/lib/python3.12/site-packages/airflow/example_dags/example_local_kubernetes_executor.py took 0.033 seconds
[2024-04-13T16:14:01.954+0000] {processor.py:161} INFO - Started process (PID=207) to work on /home/airflow/.local/lib/python3.12/site-packages/airflow/example_dags/example_local_kubernetes_executor.py
[2024-04-13T16:14:01.955+0000] {processor.py:830} INFO - Processing file /home/airflow/.local/lib/python3.12/site-packages/airflow/example_dags/example_local_kubernetes_executor.py for tasks to queue
[2024-04-13T16:14:01.955+0000] {logging_mixin.py:188} INFO - [2024-04-13T16:14:01.955+0000] {dagbag.py:540} INFO - Filling up the DagBag from /home/airflow/.local/lib/python3.12/site-packages/airflow/example_dags/example_local_kubernetes_executor.py
[2024-04-13T16:14:01.958+0000] {processor.py:840} INFO - DAG(s) 'example_local_kubernetes_executor' retrieved from /home/airflow/.local/lib/python3.12/site-packages/airflow/example_dags/example_local_kubernetes_executor.py
[2024-04-13T16:14:01.972+0000] {logging_mixin.py:188} INFO - [2024-04-13T16:14:01.972+0000] {dag.py:3096} INFO - Sync 1 DAGs
[2024-04-13T16:14:01.976+0000] {logging_mixin.py:188} INFO - [2024-04-13T16:14:01.976+0000] {dag.py:3954} INFO - Setting next_dagrun for example_local_kubernetes_executor to None, run_after=None
[2024-04-13T16:14:01.983+0000] {processor.py:183} INFO - Processing /home/airflow/.local/lib/python3.12/site-packages/airflow/example_dags/example_local_kubernetes_executor.py took 0.031 seconds
[2024-04-13T16:14:32.422+0000] {processor.py:161} INFO - Started process (PID=265) to work on /home/airflow/.local/lib/python3.12/site-packages/airflow/example_dags/example_local_kubernetes_executor.py
[2024-04-13T16:14:32.423+0000] {processor.py:830} INFO - Processing file /home/airflow/.local/lib/python3.12/site-packages/airflow/example_dags/example_local_kubernetes_executor.py for tasks to queue
[2024-04-13T16:14:32.424+0000] {logging_mixin.py:188} INFO - [2024-04-13T16:14:32.423+0000] {dagbag.py:540} INFO - Filling up the DagBag from /home/airflow/.local/lib/python3.12/site-packages/airflow/example_dags/example_local_kubernetes_executor.py
[2024-04-13T16:14:32.427+0000] {processor.py:840} INFO - DAG(s) 'example_local_kubernetes_executor' retrieved from /home/airflow/.local/lib/python3.12/site-packages/airflow/example_dags/example_local_kubernetes_executor.py
[2024-04-13T16:14:32.441+0000] {logging_mixin.py:188} INFO - [2024-04-13T16:14:32.441+0000] {dag.py:3096} INFO - Sync 1 DAGs
[2024-04-13T16:14:32.445+0000] {logging_mixin.py:188} INFO - [2024-04-13T16:14:32.445+0000] {dag.py:3954} INFO - Setting next_dagrun for example_local_kubernetes_executor to None, run_after=None
[2024-04-13T16:14:32.452+0000] {processor.py:183} INFO - Processing /home/airflow/.local/lib/python3.12/site-packages/airflow/example_dags/example_local_kubernetes_executor.py took 0.032 seconds
[2024-04-13T16:15:02.961+0000] {processor.py:161} INFO - Started process (PID=323) to work on /home/airflow/.local/lib/python3.12/site-packages/airflow/example_dags/example_local_kubernetes_executor.py
[2024-04-13T16:15:02.962+0000] {processor.py:830} INFO - Processing file /home/airflow/.local/lib/python3.12/site-packages/airflow/example_dags/example_local_kubernetes_executor.py for tasks to queue
[2024-04-13T16:15:02.963+0000] {logging_mixin.py:188} INFO - [2024-04-13T16:15:02.962+0000] {dagbag.py:540} INFO - Filling up the DagBag from /home/airflow/.local/lib/python3.12/site-packages/airflow/example_dags/example_local_kubernetes_executor.py
[2024-04-13T16:15:02.966+0000] {processor.py:840} INFO - DAG(s) 'example_local_kubernetes_executor' retrieved from /home/airflow/.local/lib/python3.12/site-packages/airflow/example_dags/example_local_kubernetes_executor.py
[2024-04-13T16:15:02.979+0000] {logging_mixin.py:188} INFO - [2024-04-13T16:15:02.979+0000] {dag.py:3096} INFO - Sync 1 DAGs
[2024-04-13T16:15:02.984+0000] {logging_mixin.py:188} INFO - [2024-04-13T16:15:02.984+0000] {dag.py:3954} INFO - Setting next_dagrun for example_local_kubernetes_executor to None, run_after=None
[2024-04-13T16:15:02.990+0000] {processor.py:183} INFO - Processing /home/airflow/.local/lib/python3.12/site-packages/airflow/example_dags/example_local_kubernetes_executor.py took 0.031 seconds
[2024-04-13T16:15:33.443+0000] {processor.py:161} INFO - Started process (PID=381) to work on /home/airflow/.local/lib/python3.12/site-packages/airflow/example_dags/example_local_kubernetes_executor.py
[2024-04-13T16:15:33.443+0000] {processor.py:830} INFO - Processing file /home/airflow/.local/lib/python3.12/site-packages/airflow/example_dags/example_local_kubernetes_executor.py for tasks to queue
[2024-04-13T16:15:33.444+0000] {logging_mixin.py:188} INFO - [2024-04-13T16:15:33.444+0000] {dagbag.py:540} INFO - Filling up the DagBag from /home/airflow/.local/lib/python3.12/site-packages/airflow/example_dags/example_local_kubernetes_executor.py
[2024-04-13T16:15:33.447+0000] {processor.py:840} INFO - DAG(s) 'example_local_kubernetes_executor' retrieved from /home/airflow/.local/lib/python3.12/site-packages/airflow/example_dags/example_local_kubernetes_executor.py
[2024-04-13T16:15:33.461+0000] {logging_mixin.py:188} INFO - [2024-04-13T16:15:33.461+0000] {dag.py:3096} INFO - Sync 1 DAGs
[2024-04-13T16:15:33.466+0000] {logging_mixin.py:188} INFO - [2024-04-13T16:15:33.465+0000] {dag.py:3954} INFO - Setting next_dagrun for example_local_kubernetes_executor to None, run_after=None
[2024-04-13T16:15:33.472+0000] {processor.py:183} INFO - Processing /home/airflow/.local/lib/python3.12/site-packages/airflow/example_dags/example_local_kubernetes_executor.py took 0.032 seconds
[2024-04-13T16:16:03.925+0000] {processor.py:161} INFO - Started process (PID=439) to work on /home/airflow/.local/lib/python3.12/site-packages/airflow/example_dags/example_local_kubernetes_executor.py
[2024-04-13T16:16:03.925+0000] {processor.py:830} INFO - Processing file /home/airflow/.local/lib/python3.12/site-packages/airflow/example_dags/example_local_kubernetes_executor.py for tasks to queue
[2024-04-13T16:16:03.926+0000] {logging_mixin.py:188} INFO - [2024-04-13T16:16:03.926+0000] {dagbag.py:540} INFO - Filling up the DagBag from /home/airflow/.local/lib/python3.12/site-packages/airflow/example_dags/example_local_kubernetes_executor.py
[2024-04-13T16:16:03.929+0000] {processor.py:840} INFO - DAG(s) 'example_local_kubernetes_executor' retrieved from /home/airflow/.local/lib/python3.12/site-packages/airflow/example_dags/example_local_kubernetes_executor.py
[2024-04-13T16:16:03.942+0000] {logging_mixin.py:188} INFO - [2024-04-13T16:16:03.942+0000] {dag.py:3096} INFO - Sync 1 DAGs
[2024-04-13T16:16:03.948+0000] {logging_mixin.py:188} INFO - [2024-04-13T16:16:03.948+0000] {dag.py:3954} INFO - Setting next_dagrun for example_local_kubernetes_executor to None, run_after=None
[2024-04-13T16:16:03.954+0000] {processor.py:183} INFO - Processing /home/airflow/.local/lib/python3.12/site-packages/airflow/example_dags/example_local_kubernetes_executor.py took 0.032 seconds
[2024-04-13T16:16:34.544+0000] {processor.py:161} INFO - Started process (PID=497) to work on /home/airflow/.local/lib/python3.12/site-packages/airflow/example_dags/example_local_kubernetes_executor.py
[2024-04-13T16:16:34.545+0000] {processor.py:830} INFO - Processing file /home/airflow/.local/lib/python3.12/site-packages/airflow/example_dags/example_local_kubernetes_executor.py for tasks to queue
[2024-04-13T16:16:34.546+0000] {logging_mixin.py:188} INFO - [2024-04-13T16:16:34.546+0000] {dagbag.py:540} INFO - Filling up the DagBag from /home/airflow/.local/lib/python3.12/site-packages/airflow/example_dags/example_local_kubernetes_executor.py
[2024-04-13T16:16:34.549+0000] {processor.py:840} INFO - DAG(s) 'example_local_kubernetes_executor' retrieved from /home/airflow/.local/lib/python3.12/site-packages/airflow/example_dags/example_local_kubernetes_executor.py
[2024-04-13T16:16:34.564+0000] {logging_mixin.py:188} INFO - [2024-04-13T16:16:34.564+0000] {dag.py:3096} INFO - Sync 1 DAGs
[2024-04-13T16:16:34.569+0000] {logging_mixin.py:188} INFO - [2024-04-13T16:16:34.569+0000] {dag.py:3954} INFO - Setting next_dagrun for example_local_kubernetes_executor to None, run_after=None
[2024-04-13T16:16:34.577+0000] {processor.py:183} INFO - Processing /home/airflow/.local/lib/python3.12/site-packages/airflow/example_dags/example_local_kubernetes_executor.py took 0.035 seconds
[2024-04-13T16:17:05.181+0000] {processor.py:161} INFO - Started process (PID=555) to work on /home/airflow/.local/lib/python3.12/site-packages/airflow/example_dags/example_local_kubernetes_executor.py
[2024-04-13T16:17:05.182+0000] {processor.py:830} INFO - Processing file /home/airflow/.local/lib/python3.12/site-packages/airflow/example_dags/example_local_kubernetes_executor.py for tasks to queue
[2024-04-13T16:17:05.182+0000] {logging_mixin.py:188} INFO - [2024-04-13T16:17:05.182+0000] {dagbag.py:540} INFO - Filling up the DagBag from /home/airflow/.local/lib/python3.12/site-packages/airflow/example_dags/example_local_kubernetes_executor.py
[2024-04-13T16:17:05.186+0000] {processor.py:840} INFO - DAG(s) 'example_local_kubernetes_executor' retrieved from /home/airflow/.local/lib/python3.12/site-packages/airflow/example_dags/example_local_kubernetes_executor.py
[2024-04-13T16:17:05.201+0000] {logging_mixin.py:188} INFO - [2024-04-13T16:17:05.201+0000] {dag.py:3096} INFO - Sync 1 DAGs
[2024-04-13T16:17:05.206+0000] {logging_mixin.py:188} INFO - [2024-04-13T16:17:05.206+0000] {dag.py:3954} INFO - Setting next_dagrun for example_local_kubernetes_executor to None, run_after=None
[2024-04-13T16:17:05.213+0000] {processor.py:183} INFO - Processing /home/airflow/.local/lib/python3.12/site-packages/airflow/example_dags/example_local_kubernetes_executor.py took 0.034 seconds
[2024-04-13T16:17:35.732+0000] {processor.py:161} INFO - Started process (PID=613) to work on /home/airflow/.local/lib/python3.12/site-packages/airflow/example_dags/example_local_kubernetes_executor.py
[2024-04-13T16:17:35.733+0000] {processor.py:830} INFO - Processing file /home/airflow/.local/lib/python3.12/site-packages/airflow/example_dags/example_local_kubernetes_executor.py for tasks to queue
[2024-04-13T16:17:35.734+0000] {logging_mixin.py:188} INFO - [2024-04-13T16:17:35.733+0000] {dagbag.py:540} INFO - Filling up the DagBag from /home/airflow/.local/lib/python3.12/site-packages/airflow/example_dags/example_local_kubernetes_executor.py
[2024-04-13T16:17:35.737+0000] {processor.py:840} INFO - DAG(s) 'example_local_kubernetes_executor' retrieved from /home/airflow/.local/lib/python3.12/site-packages/airflow/example_dags/example_local_kubernetes_executor.py
[2024-04-13T16:17:35.749+0000] {logging_mixin.py:188} INFO - [2024-04-13T16:17:35.749+0000] {dag.py:3096} INFO - Sync 1 DAGs
[2024-04-13T16:17:35.754+0000] {logging_mixin.py:188} INFO - [2024-04-13T16:17:35.754+0000] {dag.py:3954} INFO - Setting next_dagrun for example_local_kubernetes_executor to None, run_after=None
[2024-04-13T16:17:35.761+0000] {processor.py:183} INFO - Processing /home/airflow/.local/lib/python3.12/site-packages/airflow/example_dags/example_local_kubernetes_executor.py took 0.031 seconds
[2024-04-13T16:18:06.364+0000] {processor.py:161} INFO - Started process (PID=671) to work on /home/airflow/.local/lib/python3.12/site-packages/airflow/example_dags/example_local_kubernetes_executor.py
[2024-04-13T16:18:06.364+0000] {processor.py:830} INFO - Processing file /home/airflow/.local/lib/python3.12/site-packages/airflow/example_dags/example_local_kubernetes_executor.py for tasks to queue
[2024-04-13T16:18:06.365+0000] {logging_mixin.py:188} INFO - [2024-04-13T16:18:06.365+0000] {dagbag.py:540} INFO - Filling up the DagBag from /home/airflow/.local/lib/python3.12/site-packages/airflow/example_dags/example_local_kubernetes_executor.py
[2024-04-13T16:18:06.368+0000] {processor.py:840} INFO - DAG(s) 'example_local_kubernetes_executor' retrieved from /home/airflow/.local/lib/python3.12/site-packages/airflow/example_dags/example_local_kubernetes_executor.py
[2024-04-13T16:18:06.383+0000] {logging_mixin.py:188} INFO - [2024-04-13T16:18:06.383+0000] {dag.py:3096} INFO - Sync 1 DAGs
[2024-04-13T16:18:06.387+0000] {logging_mixin.py:188} INFO - [2024-04-13T16:18:06.387+0000] {dag.py:3954} INFO - Setting next_dagrun for example_local_kubernetes_executor to None, run_after=None
[2024-04-13T16:18:06.394+0000] {processor.py:183} INFO - Processing /home/airflow/.local/lib/python3.12/site-packages/airflow/example_dags/example_local_kubernetes_executor.py took 0.032 seconds
[2024-04-13T16:18:36.978+0000] {processor.py:161} INFO - Started process (PID=729) to work on /home/airflow/.local/lib/python3.12/site-packages/airflow/example_dags/example_local_kubernetes_executor.py
[2024-04-13T16:18:36.978+0000] {processor.py:830} INFO - Processing file /home/airflow/.local/lib/python3.12/site-packages/airflow/example_dags/example_local_kubernetes_executor.py for tasks to queue
[2024-04-13T16:18:36.979+0000] {logging_mixin.py:188} INFO - [2024-04-13T16:18:36.979+0000] {dagbag.py:540} INFO - Filling up the DagBag from /home/airflow/.local/lib/python3.12/site-packages/airflow/example_dags/example_local_kubernetes_executor.py
[2024-04-13T16:18:36.982+0000] {processor.py:840} INFO - DAG(s) 'example_local_kubernetes_executor' retrieved from /home/airflow/.local/lib/python3.12/site-packages/airflow/example_dags/example_local_kubernetes_executor.py
[2024-04-13T16:18:36.995+0000] {logging_mixin.py:188} INFO - [2024-04-13T16:18:36.995+0000] {dag.py:3096} INFO - Sync 1 DAGs
[2024-04-13T16:18:37.000+0000] {logging_mixin.py:188} INFO - [2024-04-13T16:18:37.000+0000] {dag.py:3954} INFO - Setting next_dagrun for example_local_kubernetes_executor to None, run_after=None
[2024-04-13T16:18:37.006+0000] {processor.py:183} INFO - Processing /home/airflow/.local/lib/python3.12/site-packages/airflow/example_dags/example_local_kubernetes_executor.py took 0.031 seconds
[2024-04-13T16:19:07.684+0000] {processor.py:161} INFO - Started process (PID=786) to work on /home/airflow/.local/lib/python3.12/site-packages/airflow/example_dags/example_local_kubernetes_executor.py
[2024-04-13T16:19:07.684+0000] {processor.py:830} INFO - Processing file /home/airflow/.local/lib/python3.12/site-packages/airflow/example_dags/example_local_kubernetes_executor.py for tasks to queue
[2024-04-13T16:19:07.685+0000] {logging_mixin.py:188} INFO - [2024-04-13T16:19:07.685+0000] {dagbag.py:540} INFO - Filling up the DagBag from /home/airflow/.local/lib/python3.12/site-packages/airflow/example_dags/example_local_kubernetes_executor.py
[2024-04-13T16:19:07.689+0000] {processor.py:840} INFO - DAG(s) 'example_local_kubernetes_executor' retrieved from /home/airflow/.local/lib/python3.12/site-packages/airflow/example_dags/example_local_kubernetes_executor.py
[2024-04-13T16:19:07.703+0000] {logging_mixin.py:188} INFO - [2024-04-13T16:19:07.703+0000] {dag.py:3096} INFO - Sync 1 DAGs
[2024-04-13T16:19:07.708+0000] {logging_mixin.py:188} INFO - [2024-04-13T16:19:07.707+0000] {dag.py:3954} INFO - Setting next_dagrun for example_local_kubernetes_executor to None, run_after=None
[2024-04-13T16:19:07.714+0000] {processor.py:183} INFO - Processing /home/airflow/.local/lib/python3.12/site-packages/airflow/example_dags/example_local_kubernetes_executor.py took 0.033 seconds
[2024-04-13T16:19:37.787+0000] {processor.py:161} INFO - Started process (PID=844) to work on /home/airflow/.local/lib/python3.12/site-packages/airflow/example_dags/example_local_kubernetes_executor.py
[2024-04-13T16:19:37.788+0000] {processor.py:830} INFO - Processing file /home/airflow/.local/lib/python3.12/site-packages/airflow/example_dags/example_local_kubernetes_executor.py for tasks to queue
[2024-04-13T16:19:37.789+0000] {logging_mixin.py:188} INFO - [2024-04-13T16:19:37.788+0000] {dagbag.py:540} INFO - Filling up the DagBag from /home/airflow/.local/lib/python3.12/site-packages/airflow/example_dags/example_local_kubernetes_executor.py
[2024-04-13T16:19:37.792+0000] {processor.py:840} INFO - DAG(s) 'example_local_kubernetes_executor' retrieved from /home/airflow/.local/lib/python3.12/site-packages/airflow/example_dags/example_local_kubernetes_executor.py
[2024-04-13T16:19:37.806+0000] {logging_mixin.py:188} INFO - [2024-04-13T16:19:37.806+0000] {dag.py:3096} INFO - Sync 1 DAGs
[2024-04-13T16:19:37.811+0000] {logging_mixin.py:188} INFO - [2024-04-13T16:19:37.811+0000] {dag.py:3954} INFO - Setting next_dagrun for example_local_kubernetes_executor to None, run_after=None
[2024-04-13T16:19:37.817+0000] {processor.py:183} INFO - Processing /home/airflow/.local/lib/python3.12/site-packages/airflow/example_dags/example_local_kubernetes_executor.py took 0.033 seconds
[2024-04-13T16:20:07.884+0000] {processor.py:161} INFO - Started process (PID=902) to work on /home/airflow/.local/lib/python3.12/site-packages/airflow/example_dags/example_local_kubernetes_executor.py
[2024-04-13T16:20:07.884+0000] {processor.py:830} INFO - Processing file /home/airflow/.local/lib/python3.12/site-packages/airflow/example_dags/example_local_kubernetes_executor.py for tasks to queue
[2024-04-13T16:20:07.885+0000] {logging_mixin.py:188} INFO - [2024-04-13T16:20:07.885+0000] {dagbag.py:540} INFO - Filling up the DagBag from /home/airflow/.local/lib/python3.12/site-packages/airflow/example_dags/example_local_kubernetes_executor.py
[2024-04-13T16:20:07.888+0000] {processor.py:840} INFO - DAG(s) 'example_local_kubernetes_executor' retrieved from /home/airflow/.local/lib/python3.12/site-packages/airflow/example_dags/example_local_kubernetes_executor.py
[2024-04-13T16:20:07.901+0000] {logging_mixin.py:188} INFO - [2024-04-13T16:20:07.901+0000] {dag.py:3096} INFO - Sync 1 DAGs
[2024-04-13T16:20:07.906+0000] {logging_mixin.py:188} INFO - [2024-04-13T16:20:07.906+0000] {dag.py:3954} INFO - Setting next_dagrun for example_local_kubernetes_executor to None, run_after=None
[2024-04-13T16:20:07.912+0000] {processor.py:183} INFO - Processing /home/airflow/.local/lib/python3.12/site-packages/airflow/example_dags/example_local_kubernetes_executor.py took 0.031 seconds
[2024-04-13T16:20:38.089+0000] {processor.py:161} INFO - Started process (PID=960) to work on /home/airflow/.local/lib/python3.12/site-packages/airflow/example_dags/example_local_kubernetes_executor.py
[2024-04-13T16:20:38.089+0000] {processor.py:830} INFO - Processing file /home/airflow/.local/lib/python3.12/site-packages/airflow/example_dags/example_local_kubernetes_executor.py for tasks to queue
[2024-04-13T16:20:38.090+0000] {logging_mixin.py:188} INFO - [2024-04-13T16:20:38.090+0000] {dagbag.py:540} INFO - Filling up the DagBag from /home/airflow/.local/lib/python3.12/site-packages/airflow/example_dags/example_local_kubernetes_executor.py
[2024-04-13T16:20:38.093+0000] {processor.py:840} INFO - DAG(s) 'example_local_kubernetes_executor' retrieved from /home/airflow/.local/lib/python3.12/site-packages/airflow/example_dags/example_local_kubernetes_executor.py
[2024-04-13T16:20:38.106+0000] {logging_mixin.py:188} INFO - [2024-04-13T16:20:38.106+0000] {dag.py:3096} INFO - Sync 1 DAGs
[2024-04-13T16:20:38.110+0000] {logging_mixin.py:188} INFO - [2024-04-13T16:20:38.110+0000] {dag.py:3954} INFO - Setting next_dagrun for example_local_kubernetes_executor to None, run_after=None
[2024-04-13T16:20:38.117+0000] {processor.py:183} INFO - Processing /home/airflow/.local/lib/python3.12/site-packages/airflow/example_dags/example_local_kubernetes_executor.py took 0.031 seconds
[2024-04-13T16:21:09.102+0000] {processor.py:161} INFO - Started process (PID=1018) to work on /home/airflow/.local/lib/python3.12/site-packages/airflow/example_dags/example_local_kubernetes_executor.py
[2024-04-13T16:21:09.103+0000] {processor.py:830} INFO - Processing file /home/airflow/.local/lib/python3.12/site-packages/airflow/example_dags/example_local_kubernetes_executor.py for tasks to queue
[2024-04-13T16:21:09.104+0000] {logging_mixin.py:188} INFO - [2024-04-13T16:21:09.104+0000] {dagbag.py:540} INFO - Filling up the DagBag from /home/airflow/.local/lib/python3.12/site-packages/airflow/example_dags/example_local_kubernetes_executor.py
[2024-04-13T16:21:09.107+0000] {processor.py:840} INFO - DAG(s) 'example_local_kubernetes_executor' retrieved from /home/airflow/.local/lib/python3.12/site-packages/airflow/example_dags/example_local_kubernetes_executor.py
[2024-04-13T16:21:09.121+0000] {logging_mixin.py:188} INFO - [2024-04-13T16:21:09.121+0000] {dag.py:3096} INFO - Sync 1 DAGs
[2024-04-13T16:21:09.206+0000] {logging_mixin.py:188} INFO - [2024-04-13T16:21:09.206+0000] {dag.py:3954} INFO - Setting next_dagrun for example_local_kubernetes_executor to None, run_after=None
[2024-04-13T16:21:09.213+0000] {processor.py:183} INFO - Processing /home/airflow/.local/lib/python3.12/site-packages/airflow/example_dags/example_local_kubernetes_executor.py took 0.113 seconds
[2024-04-13T16:21:39.967+0000] {processor.py:161} INFO - Started process (PID=1076) to work on /home/airflow/.local/lib/python3.12/site-packages/airflow/example_dags/example_local_kubernetes_executor.py
[2024-04-13T16:21:39.967+0000] {processor.py:830} INFO - Processing file /home/airflow/.local/lib/python3.12/site-packages/airflow/example_dags/example_local_kubernetes_executor.py for tasks to queue
[2024-04-13T16:21:39.968+0000] {logging_mixin.py:188} INFO - [2024-04-13T16:21:39.968+0000] {dagbag.py:540} INFO - Filling up the DagBag from /home/airflow/.local/lib/python3.12/site-packages/airflow/example_dags/example_local_kubernetes_executor.py
[2024-04-13T16:21:39.971+0000] {processor.py:840} INFO - DAG(s) 'example_local_kubernetes_executor' retrieved from /home/airflow/.local/lib/python3.12/site-packages/airflow/example_dags/example_local_kubernetes_executor.py
[2024-04-13T16:21:39.985+0000] {logging_mixin.py:188} INFO - [2024-04-13T16:21:39.984+0000] {dag.py:3096} INFO - Sync 1 DAGs
[2024-04-13T16:21:40.072+0000] {logging_mixin.py:188} INFO - [2024-04-13T16:21:40.072+0000] {dag.py:3954} INFO - Setting next_dagrun for example_local_kubernetes_executor to None, run_after=None
[2024-04-13T16:21:40.079+0000] {processor.py:183} INFO - Processing /home/airflow/.local/lib/python3.12/site-packages/airflow/example_dags/example_local_kubernetes_executor.py took 0.114 seconds
[2024-04-13T16:22:10.551+0000] {processor.py:161} INFO - Started process (PID=1134) to work on /home/airflow/.local/lib/python3.12/site-packages/airflow/example_dags/example_local_kubernetes_executor.py
[2024-04-13T16:22:10.551+0000] {processor.py:830} INFO - Processing file /home/airflow/.local/lib/python3.12/site-packages/airflow/example_dags/example_local_kubernetes_executor.py for tasks to queue
[2024-04-13T16:22:10.553+0000] {logging_mixin.py:188} INFO - [2024-04-13T16:22:10.553+0000] {dagbag.py:540} INFO - Filling up the DagBag from /home/airflow/.local/lib/python3.12/site-packages/airflow/example_dags/example_local_kubernetes_executor.py
[2024-04-13T16:22:10.559+0000] {processor.py:840} INFO - DAG(s) 'example_local_kubernetes_executor' retrieved from /home/airflow/.local/lib/python3.12/site-packages/airflow/example_dags/example_local_kubernetes_executor.py
[2024-04-13T16:22:10.581+0000] {logging_mixin.py:188} INFO - [2024-04-13T16:22:10.581+0000] {dag.py:3096} INFO - Sync 1 DAGs
[2024-04-13T16:22:10.588+0000] {logging_mixin.py:188} INFO - [2024-04-13T16:22:10.588+0000] {dag.py:3954} INFO - Setting next_dagrun for example_local_kubernetes_executor to None, run_after=None
[2024-04-13T16:22:10.596+0000] {processor.py:183} INFO - Processing /home/airflow/.local/lib/python3.12/site-packages/airflow/example_dags/example_local_kubernetes_executor.py took 0.050 seconds
[2024-04-13T16:22:41.126+0000] {processor.py:161} INFO - Started process (PID=1192) to work on /home/airflow/.local/lib/python3.12/site-packages/airflow/example_dags/example_local_kubernetes_executor.py
[2024-04-13T16:22:41.126+0000] {processor.py:830} INFO - Processing file /home/airflow/.local/lib/python3.12/site-packages/airflow/example_dags/example_local_kubernetes_executor.py for tasks to queue
[2024-04-13T16:22:41.127+0000] {logging_mixin.py:188} INFO - [2024-04-13T16:22:41.127+0000] {dagbag.py:540} INFO - Filling up the DagBag from /home/airflow/.local/lib/python3.12/site-packages/airflow/example_dags/example_local_kubernetes_executor.py
[2024-04-13T16:22:41.130+0000] {processor.py:840} INFO - DAG(s) 'example_local_kubernetes_executor' retrieved from /home/airflow/.local/lib/python3.12/site-packages/airflow/example_dags/example_local_kubernetes_executor.py
[2024-04-13T16:22:41.144+0000] {logging_mixin.py:188} INFO - [2024-04-13T16:22:41.144+0000] {dag.py:3096} INFO - Sync 1 DAGs
[2024-04-13T16:22:41.149+0000] {logging_mixin.py:188} INFO - [2024-04-13T16:22:41.149+0000] {dag.py:3954} INFO - Setting next_dagrun for example_local_kubernetes_executor to None, run_after=None
[2024-04-13T16:22:41.156+0000] {processor.py:183} INFO - Processing /home/airflow/.local/lib/python3.12/site-packages/airflow/example_dags/example_local_kubernetes_executor.py took 0.033 seconds
[2024-04-13T16:23:11.806+0000] {processor.py:161} INFO - Started process (PID=1250) to work on /home/airflow/.local/lib/python3.12/site-packages/airflow/example_dags/example_local_kubernetes_executor.py
[2024-04-13T16:23:11.807+0000] {processor.py:830} INFO - Processing file /home/airflow/.local/lib/python3.12/site-packages/airflow/example_dags/example_local_kubernetes_executor.py for tasks to queue
[2024-04-13T16:23:11.808+0000] {logging_mixin.py:188} INFO - [2024-04-13T16:23:11.808+0000] {dagbag.py:540} INFO - Filling up the DagBag from /home/airflow/.local/lib/python3.12/site-packages/airflow/example_dags/example_local_kubernetes_executor.py
[2024-04-13T16:23:11.813+0000] {processor.py:840} INFO - DAG(s) 'example_local_kubernetes_executor' retrieved from /home/airflow/.local/lib/python3.12/site-packages/airflow/example_dags/example_local_kubernetes_executor.py
[2024-04-13T16:23:11.832+0000] {logging_mixin.py:188} INFO - [2024-04-13T16:23:11.832+0000] {dag.py:3096} INFO - Sync 1 DAGs
[2024-04-13T16:23:11.839+0000] {logging_mixin.py:188} INFO - [2024-04-13T16:23:11.839+0000] {dag.py:3954} INFO - Setting next_dagrun for example_local_kubernetes_executor to None, run_after=None
[2024-04-13T16:23:11.848+0000] {processor.py:183} INFO - Processing /home/airflow/.local/lib/python3.12/site-packages/airflow/example_dags/example_local_kubernetes_executor.py took 0.047 seconds
[2024-04-13T16:23:42.520+0000] {processor.py:161} INFO - Started process (PID=1308) to work on /home/airflow/.local/lib/python3.12/site-packages/airflow/example_dags/example_local_kubernetes_executor.py
[2024-04-13T16:23:42.521+0000] {processor.py:830} INFO - Processing file /home/airflow/.local/lib/python3.12/site-packages/airflow/example_dags/example_local_kubernetes_executor.py for tasks to queue
[2024-04-13T16:23:42.521+0000] {logging_mixin.py:188} INFO - [2024-04-13T16:23:42.521+0000] {dagbag.py:540} INFO - Filling up the DagBag from /home/airflow/.local/lib/python3.12/site-packages/airflow/example_dags/example_local_kubernetes_executor.py
[2024-04-13T16:23:42.525+0000] {processor.py:840} INFO - DAG(s) 'example_local_kubernetes_executor' retrieved from /home/airflow/.local/lib/python3.12/site-packages/airflow/example_dags/example_local_kubernetes_executor.py
[2024-04-13T16:23:42.539+0000] {logging_mixin.py:188} INFO - [2024-04-13T16:23:42.539+0000] {dag.py:3096} INFO - Sync 1 DAGs
[2024-04-13T16:23:42.544+0000] {logging_mixin.py:188} INFO - [2024-04-13T16:23:42.544+0000] {dag.py:3954} INFO - Setting next_dagrun for example_local_kubernetes_executor to None, run_after=None
[2024-04-13T16:23:42.550+0000] {processor.py:183} INFO - Processing /home/airflow/.local/lib/python3.12/site-packages/airflow/example_dags/example_local_kubernetes_executor.py took 0.033 seconds
[2024-04-13T16:24:13.091+0000] {processor.py:161} INFO - Started process (PID=1366) to work on /home/airflow/.local/lib/python3.12/site-packages/airflow/example_dags/example_local_kubernetes_executor.py
[2024-04-13T16:24:13.092+0000] {processor.py:830} INFO - Processing file /home/airflow/.local/lib/python3.12/site-packages/airflow/example_dags/example_local_kubernetes_executor.py for tasks to queue
[2024-04-13T16:24:13.093+0000] {logging_mixin.py:188} INFO - [2024-04-13T16:24:13.093+0000] {dagbag.py:540} INFO - Filling up the DagBag from /home/airflow/.local/lib/python3.12/site-packages/airflow/example_dags/example_local_kubernetes_executor.py
[2024-04-13T16:24:13.097+0000] {processor.py:840} INFO - DAG(s) 'example_local_kubernetes_executor' retrieved from /home/airflow/.local/lib/python3.12/site-packages/airflow/example_dags/example_local_kubernetes_executor.py
[2024-04-13T16:24:13.113+0000] {logging_mixin.py:188} INFO - [2024-04-13T16:24:13.113+0000] {dag.py:3096} INFO - Sync 1 DAGs
[2024-04-13T16:24:13.118+0000] {logging_mixin.py:188} INFO - [2024-04-13T16:24:13.118+0000] {dag.py:3954} INFO - Setting next_dagrun for example_local_kubernetes_executor to None, run_after=None
[2024-04-13T16:24:13.125+0000] {processor.py:183} INFO - Processing /home/airflow/.local/lib/python3.12/site-packages/airflow/example_dags/example_local_kubernetes_executor.py took 0.037 seconds
[2024-04-13T16:24:43.671+0000] {processor.py:161} INFO - Started process (PID=1424) to work on /home/airflow/.local/lib/python3.12/site-packages/airflow/example_dags/example_local_kubernetes_executor.py
[2024-04-13T16:24:43.672+0000] {processor.py:830} INFO - Processing file /home/airflow/.local/lib/python3.12/site-packages/airflow/example_dags/example_local_kubernetes_executor.py for tasks to queue
[2024-04-13T16:24:43.673+0000] {logging_mixin.py:188} INFO - [2024-04-13T16:24:43.673+0000] {dagbag.py:540} INFO - Filling up the DagBag from /home/airflow/.local/lib/python3.12/site-packages/airflow/example_dags/example_local_kubernetes_executor.py
[2024-04-13T16:24:43.676+0000] {processor.py:840} INFO - DAG(s) 'example_local_kubernetes_executor' retrieved from /home/airflow/.local/lib/python3.12/site-packages/airflow/example_dags/example_local_kubernetes_executor.py
[2024-04-13T16:24:43.691+0000] {logging_mixin.py:188} INFO - [2024-04-13T16:24:43.691+0000] {dag.py:3096} INFO - Sync 1 DAGs
[2024-04-13T16:24:43.695+0000] {logging_mixin.py:188} INFO - [2024-04-13T16:24:43.695+0000] {dag.py:3954} INFO - Setting next_dagrun for example_local_kubernetes_executor to None, run_after=None
[2024-04-13T16:24:43.702+0000] {processor.py:183} INFO - Processing /home/airflow/.local/lib/python3.12/site-packages/airflow/example_dags/example_local_kubernetes_executor.py took 0.033 seconds
[2024-04-13T16:25:14.248+0000] {processor.py:161} INFO - Started process (PID=1482) to work on /home/airflow/.local/lib/python3.12/site-packages/airflow/example_dags/example_local_kubernetes_executor.py
[2024-04-13T16:25:14.248+0000] {processor.py:830} INFO - Processing file /home/airflow/.local/lib/python3.12/site-packages/airflow/example_dags/example_local_kubernetes_executor.py for tasks to queue
[2024-04-13T16:25:14.249+0000] {logging_mixin.py:188} INFO - [2024-04-13T16:25:14.249+0000] {dagbag.py:540} INFO - Filling up the DagBag from /home/airflow/.local/lib/python3.12/site-packages/airflow/example_dags/example_local_kubernetes_executor.py
[2024-04-13T16:25:14.253+0000] {processor.py:840} INFO - DAG(s) 'example_local_kubernetes_executor' retrieved from /home/airflow/.local/lib/python3.12/site-packages/airflow/example_dags/example_local_kubernetes_executor.py
[2024-04-13T16:25:14.269+0000] {logging_mixin.py:188} INFO - [2024-04-13T16:25:14.269+0000] {dag.py:3096} INFO - Sync 1 DAGs
[2024-04-13T16:25:14.274+0000] {logging_mixin.py:188} INFO - [2024-04-13T16:25:14.274+0000] {dag.py:3954} INFO - Setting next_dagrun for example_local_kubernetes_executor to None, run_after=None
[2024-04-13T16:25:14.281+0000] {processor.py:183} INFO - Processing /home/airflow/.local/lib/python3.12/site-packages/airflow/example_dags/example_local_kubernetes_executor.py took 0.036 seconds
[2024-04-13T16:25:44.814+0000] {processor.py:161} INFO - Started process (PID=1540) to work on /home/airflow/.local/lib/python3.12/site-packages/airflow/example_dags/example_local_kubernetes_executor.py
[2024-04-13T16:25:44.814+0000] {processor.py:830} INFO - Processing file /home/airflow/.local/lib/python3.12/site-packages/airflow/example_dags/example_local_kubernetes_executor.py for tasks to queue
[2024-04-13T16:25:44.815+0000] {logging_mixin.py:188} INFO - [2024-04-13T16:25:44.815+0000] {dagbag.py:540} INFO - Filling up the DagBag from /home/airflow/.local/lib/python3.12/site-packages/airflow/example_dags/example_local_kubernetes_executor.py
[2024-04-13T16:25:44.819+0000] {processor.py:840} INFO - DAG(s) 'example_local_kubernetes_executor' retrieved from /home/airflow/.local/lib/python3.12/site-packages/airflow/example_dags/example_local_kubernetes_executor.py
[2024-04-13T16:25:44.832+0000] {logging_mixin.py:188} INFO - [2024-04-13T16:25:44.832+0000] {dag.py:3096} INFO - Sync 1 DAGs
[2024-04-13T16:25:44.837+0000] {logging_mixin.py:188} INFO - [2024-04-13T16:25:44.837+0000] {dag.py:3954} INFO - Setting next_dagrun for example_local_kubernetes_executor to None, run_after=None
[2024-04-13T16:25:44.844+0000] {processor.py:183} INFO - Processing /home/airflow/.local/lib/python3.12/site-packages/airflow/example_dags/example_local_kubernetes_executor.py took 0.033 seconds
[2024-04-13T16:26:15.409+0000] {processor.py:161} INFO - Started process (PID=1598) to work on /home/airflow/.local/lib/python3.12/site-packages/airflow/example_dags/example_local_kubernetes_executor.py
[2024-04-13T16:26:15.409+0000] {processor.py:830} INFO - Processing file /home/airflow/.local/lib/python3.12/site-packages/airflow/example_dags/example_local_kubernetes_executor.py for tasks to queue
[2024-04-13T16:26:15.410+0000] {logging_mixin.py:188} INFO - [2024-04-13T16:26:15.410+0000] {dagbag.py:540} INFO - Filling up the DagBag from /home/airflow/.local/lib/python3.12/site-packages/airflow/example_dags/example_local_kubernetes_executor.py
[2024-04-13T16:26:15.413+0000] {processor.py:840} INFO - DAG(s) 'example_local_kubernetes_executor' retrieved from /home/airflow/.local/lib/python3.12/site-packages/airflow/example_dags/example_local_kubernetes_executor.py
[2024-04-13T16:26:15.427+0000] {logging_mixin.py:188} INFO - [2024-04-13T16:26:15.427+0000] {dag.py:3096} INFO - Sync 1 DAGs
[2024-04-13T16:26:15.431+0000] {logging_mixin.py:188} INFO - [2024-04-13T16:26:15.431+0000] {dag.py:3954} INFO - Setting next_dagrun for example_local_kubernetes_executor to None, run_after=None
[2024-04-13T16:26:15.438+0000] {processor.py:183} INFO - Processing /home/airflow/.local/lib/python3.12/site-packages/airflow/example_dags/example_local_kubernetes_executor.py took 0.032 seconds
[2024-04-13T16:26:45.899+0000] {processor.py:161} INFO - Started process (PID=1656) to work on /home/airflow/.local/lib/python3.12/site-packages/airflow/example_dags/example_local_kubernetes_executor.py
[2024-04-13T16:26:45.899+0000] {processor.py:830} INFO - Processing file /home/airflow/.local/lib/python3.12/site-packages/airflow/example_dags/example_local_kubernetes_executor.py for tasks to queue
[2024-04-13T16:26:45.900+0000] {logging_mixin.py:188} INFO - [2024-04-13T16:26:45.900+0000] {dagbag.py:540} INFO - Filling up the DagBag from /home/airflow/.local/lib/python3.12/site-packages/airflow/example_dags/example_local_kubernetes_executor.py
[2024-04-13T16:26:45.903+0000] {processor.py:840} INFO - DAG(s) 'example_local_kubernetes_executor' retrieved from /home/airflow/.local/lib/python3.12/site-packages/airflow/example_dags/example_local_kubernetes_executor.py
[2024-04-13T16:26:45.918+0000] {logging_mixin.py:188} INFO - [2024-04-13T16:26:45.918+0000] {dag.py:3096} INFO - Sync 1 DAGs
[2024-04-13T16:26:45.922+0000] {logging_mixin.py:188} INFO - [2024-04-13T16:26:45.922+0000] {dag.py:3954} INFO - Setting next_dagrun for example_local_kubernetes_executor to None, run_after=None
[2024-04-13T16:26:45.930+0000] {processor.py:183} INFO - Processing /home/airflow/.local/lib/python3.12/site-packages/airflow/example_dags/example_local_kubernetes_executor.py took 0.033 seconds
[2024-04-13T16:27:16.543+0000] {processor.py:161} INFO - Started process (PID=1714) to work on /home/airflow/.local/lib/python3.12/site-packages/airflow/example_dags/example_local_kubernetes_executor.py
[2024-04-13T16:27:16.544+0000] {processor.py:830} INFO - Processing file /home/airflow/.local/lib/python3.12/site-packages/airflow/example_dags/example_local_kubernetes_executor.py for tasks to queue
[2024-04-13T16:27:16.545+0000] {logging_mixin.py:188} INFO - [2024-04-13T16:27:16.545+0000] {dagbag.py:540} INFO - Filling up the DagBag from /home/airflow/.local/lib/python3.12/site-packages/airflow/example_dags/example_local_kubernetes_executor.py
[2024-04-13T16:27:16.550+0000] {processor.py:840} INFO - DAG(s) 'example_local_kubernetes_executor' retrieved from /home/airflow/.local/lib/python3.12/site-packages/airflow/example_dags/example_local_kubernetes_executor.py
[2024-04-13T16:27:16.567+0000] {logging_mixin.py:188} INFO - [2024-04-13T16:27:16.567+0000] {dag.py:3096} INFO - Sync 1 DAGs
[2024-04-13T16:27:16.573+0000] {logging_mixin.py:188} INFO - [2024-04-13T16:27:16.573+0000] {dag.py:3954} INFO - Setting next_dagrun for example_local_kubernetes_executor to None, run_after=None
[2024-04-13T16:27:16.581+0000] {processor.py:183} INFO - Processing /home/airflow/.local/lib/python3.12/site-packages/airflow/example_dags/example_local_kubernetes_executor.py took 0.041 seconds
[2024-04-13T16:27:47.387+0000] {processor.py:161} INFO - Started process (PID=1772) to work on /home/airflow/.local/lib/python3.12/site-packages/airflow/example_dags/example_local_kubernetes_executor.py
[2024-04-13T16:27:47.388+0000] {processor.py:830} INFO - Processing file /home/airflow/.local/lib/python3.12/site-packages/airflow/example_dags/example_local_kubernetes_executor.py for tasks to queue
[2024-04-13T16:27:47.388+0000] {logging_mixin.py:188} INFO - [2024-04-13T16:27:47.388+0000] {dagbag.py:540} INFO - Filling up the DagBag from /home/airflow/.local/lib/python3.12/site-packages/airflow/example_dags/example_local_kubernetes_executor.py
[2024-04-13T16:27:47.392+0000] {processor.py:840} INFO - DAG(s) 'example_local_kubernetes_executor' retrieved from /home/airflow/.local/lib/python3.12/site-packages/airflow/example_dags/example_local_kubernetes_executor.py
[2024-04-13T16:27:47.405+0000] {logging_mixin.py:188} INFO - [2024-04-13T16:27:47.405+0000] {dag.py:3096} INFO - Sync 1 DAGs
[2024-04-13T16:27:47.410+0000] {logging_mixin.py:188} INFO - [2024-04-13T16:27:47.410+0000] {dag.py:3954} INFO - Setting next_dagrun for example_local_kubernetes_executor to None, run_after=None
[2024-04-13T16:27:47.416+0000] {processor.py:183} INFO - Processing /home/airflow/.local/lib/python3.12/site-packages/airflow/example_dags/example_local_kubernetes_executor.py took 0.032 seconds
[2024-04-13T16:28:17.969+0000] {processor.py:161} INFO - Started process (PID=1837) to work on /home/airflow/.local/lib/python3.12/site-packages/airflow/example_dags/example_local_kubernetes_executor.py
[2024-04-13T16:28:17.972+0000] {processor.py:830} INFO - Processing file /home/airflow/.local/lib/python3.12/site-packages/airflow/example_dags/example_local_kubernetes_executor.py for tasks to queue
[2024-04-13T16:28:17.974+0000] {logging_mixin.py:188} INFO - [2024-04-13T16:28:17.974+0000] {dagbag.py:540} INFO - Filling up the DagBag from /home/airflow/.local/lib/python3.12/site-packages/airflow/example_dags/example_local_kubernetes_executor.py
[2024-04-13T16:28:17.979+0000] {processor.py:840} INFO - DAG(s) 'example_local_kubernetes_executor' retrieved from /home/airflow/.local/lib/python3.12/site-packages/airflow/example_dags/example_local_kubernetes_executor.py
[2024-04-13T16:28:17.997+0000] {logging_mixin.py:188} INFO - [2024-04-13T16:28:17.997+0000] {dag.py:3096} INFO - Sync 1 DAGs
[2024-04-13T16:28:18.003+0000] {logging_mixin.py:188} INFO - [2024-04-13T16:28:18.003+0000] {dag.py:3954} INFO - Setting next_dagrun for example_local_kubernetes_executor to None, run_after=None
[2024-04-13T16:28:18.010+0000] {processor.py:183} INFO - Processing /home/airflow/.local/lib/python3.12/site-packages/airflow/example_dags/example_local_kubernetes_executor.py took 0.045 seconds
[2024-04-13T16:28:48.617+0000] {processor.py:161} INFO - Started process (PID=1895) to work on /home/airflow/.local/lib/python3.12/site-packages/airflow/example_dags/example_local_kubernetes_executor.py
[2024-04-13T16:28:48.617+0000] {processor.py:830} INFO - Processing file /home/airflow/.local/lib/python3.12/site-packages/airflow/example_dags/example_local_kubernetes_executor.py for tasks to queue
[2024-04-13T16:28:48.618+0000] {logging_mixin.py:188} INFO - [2024-04-13T16:28:48.618+0000] {dagbag.py:540} INFO - Filling up the DagBag from /home/airflow/.local/lib/python3.12/site-packages/airflow/example_dags/example_local_kubernetes_executor.py
[2024-04-13T16:28:48.621+0000] {processor.py:840} INFO - DAG(s) 'example_local_kubernetes_executor' retrieved from /home/airflow/.local/lib/python3.12/site-packages/airflow/example_dags/example_local_kubernetes_executor.py
[2024-04-13T16:28:48.634+0000] {logging_mixin.py:188} INFO - [2024-04-13T16:28:48.634+0000] {dag.py:3096} INFO - Sync 1 DAGs
[2024-04-13T16:28:48.640+0000] {logging_mixin.py:188} INFO - [2024-04-13T16:28:48.640+0000] {dag.py:3954} INFO - Setting next_dagrun for example_local_kubernetes_executor to None, run_after=None
[2024-04-13T16:28:48.646+0000] {processor.py:183} INFO - Processing /home/airflow/.local/lib/python3.12/site-packages/airflow/example_dags/example_local_kubernetes_executor.py took 0.032 seconds
[2024-04-13T16:29:19.281+0000] {processor.py:161} INFO - Started process (PID=1953) to work on /home/airflow/.local/lib/python3.12/site-packages/airflow/example_dags/example_local_kubernetes_executor.py
[2024-04-13T16:29:19.282+0000] {processor.py:830} INFO - Processing file /home/airflow/.local/lib/python3.12/site-packages/airflow/example_dags/example_local_kubernetes_executor.py for tasks to queue
[2024-04-13T16:29:19.283+0000] {logging_mixin.py:188} INFO - [2024-04-13T16:29:19.282+0000] {dagbag.py:540} INFO - Filling up the DagBag from /home/airflow/.local/lib/python3.12/site-packages/airflow/example_dags/example_local_kubernetes_executor.py
[2024-04-13T16:29:19.286+0000] {processor.py:840} INFO - DAG(s) 'example_local_kubernetes_executor' retrieved from /home/airflow/.local/lib/python3.12/site-packages/airflow/example_dags/example_local_kubernetes_executor.py
[2024-04-13T16:29:19.302+0000] {logging_mixin.py:188} INFO - [2024-04-13T16:29:19.302+0000] {dag.py:3096} INFO - Sync 1 DAGs
[2024-04-13T16:29:19.307+0000] {logging_mixin.py:188} INFO - [2024-04-13T16:29:19.307+0000] {dag.py:3954} INFO - Setting next_dagrun for example_local_kubernetes_executor to None, run_after=None
[2024-04-13T16:29:19.315+0000] {processor.py:183} INFO - Processing /home/airflow/.local/lib/python3.12/site-packages/airflow/example_dags/example_local_kubernetes_executor.py took 0.037 seconds
[2024-04-13T16:29:49.909+0000] {processor.py:161} INFO - Started process (PID=2011) to work on /home/airflow/.local/lib/python3.12/site-packages/airflow/example_dags/example_local_kubernetes_executor.py
[2024-04-13T16:29:49.910+0000] {processor.py:830} INFO - Processing file /home/airflow/.local/lib/python3.12/site-packages/airflow/example_dags/example_local_kubernetes_executor.py for tasks to queue
[2024-04-13T16:29:49.911+0000] {logging_mixin.py:188} INFO - [2024-04-13T16:29:49.910+0000] {dagbag.py:540} INFO - Filling up the DagBag from /home/airflow/.local/lib/python3.12/site-packages/airflow/example_dags/example_local_kubernetes_executor.py
[2024-04-13T16:29:49.914+0000] {processor.py:840} INFO - DAG(s) 'example_local_kubernetes_executor' retrieved from /home/airflow/.local/lib/python3.12/site-packages/airflow/example_dags/example_local_kubernetes_executor.py
[2024-04-13T16:29:49.928+0000] {logging_mixin.py:188} INFO - [2024-04-13T16:29:49.928+0000] {dag.py:3096} INFO - Sync 1 DAGs
[2024-04-13T16:29:49.933+0000] {logging_mixin.py:188} INFO - [2024-04-13T16:29:49.933+0000] {dag.py:3954} INFO - Setting next_dagrun for example_local_kubernetes_executor to None, run_after=None
[2024-04-13T16:29:49.939+0000] {processor.py:183} INFO - Processing /home/airflow/.local/lib/python3.12/site-packages/airflow/example_dags/example_local_kubernetes_executor.py took 0.033 seconds
[2024-04-13T16:30:20.579+0000] {processor.py:161} INFO - Started process (PID=2069) to work on /home/airflow/.local/lib/python3.12/site-packages/airflow/example_dags/example_local_kubernetes_executor.py
[2024-04-13T16:30:20.579+0000] {processor.py:830} INFO - Processing file /home/airflow/.local/lib/python3.12/site-packages/airflow/example_dags/example_local_kubernetes_executor.py for tasks to queue
[2024-04-13T16:30:20.580+0000] {logging_mixin.py:188} INFO - [2024-04-13T16:30:20.580+0000] {dagbag.py:540} INFO - Filling up the DagBag from /home/airflow/.local/lib/python3.12/site-packages/airflow/example_dags/example_local_kubernetes_executor.py
[2024-04-13T16:30:20.584+0000] {processor.py:840} INFO - DAG(s) 'example_local_kubernetes_executor' retrieved from /home/airflow/.local/lib/python3.12/site-packages/airflow/example_dags/example_local_kubernetes_executor.py
[2024-04-13T16:30:20.598+0000] {logging_mixin.py:188} INFO - [2024-04-13T16:30:20.598+0000] {dag.py:3096} INFO - Sync 1 DAGs
[2024-04-13T16:30:20.602+0000] {logging_mixin.py:188} INFO - [2024-04-13T16:30:20.602+0000] {dag.py:3954} INFO - Setting next_dagrun for example_local_kubernetes_executor to None, run_after=None
[2024-04-13T16:30:20.609+0000] {processor.py:183} INFO - Processing /home/airflow/.local/lib/python3.12/site-packages/airflow/example_dags/example_local_kubernetes_executor.py took 0.033 seconds
[2024-04-13T16:30:51.182+0000] {processor.py:161} INFO - Started process (PID=2127) to work on /home/airflow/.local/lib/python3.12/site-packages/airflow/example_dags/example_local_kubernetes_executor.py
[2024-04-13T16:30:51.182+0000] {processor.py:830} INFO - Processing file /home/airflow/.local/lib/python3.12/site-packages/airflow/example_dags/example_local_kubernetes_executor.py for tasks to queue
[2024-04-13T16:30:51.183+0000] {logging_mixin.py:188} INFO - [2024-04-13T16:30:51.183+0000] {dagbag.py:540} INFO - Filling up the DagBag from /home/airflow/.local/lib/python3.12/site-packages/airflow/example_dags/example_local_kubernetes_executor.py
[2024-04-13T16:30:51.187+0000] {processor.py:840} INFO - DAG(s) 'example_local_kubernetes_executor' retrieved from /home/airflow/.local/lib/python3.12/site-packages/airflow/example_dags/example_local_kubernetes_executor.py
[2024-04-13T16:30:51.201+0000] {logging_mixin.py:188} INFO - [2024-04-13T16:30:51.201+0000] {dag.py:3096} INFO - Sync 1 DAGs
[2024-04-13T16:30:51.206+0000] {logging_mixin.py:188} INFO - [2024-04-13T16:30:51.206+0000] {dag.py:3954} INFO - Setting next_dagrun for example_local_kubernetes_executor to None, run_after=None
[2024-04-13T16:30:51.214+0000] {processor.py:183} INFO - Processing /home/airflow/.local/lib/python3.12/site-packages/airflow/example_dags/example_local_kubernetes_executor.py took 0.035 seconds
[2024-04-13T16:31:21.800+0000] {processor.py:161} INFO - Started process (PID=2185) to work on /home/airflow/.local/lib/python3.12/site-packages/airflow/example_dags/example_local_kubernetes_executor.py
[2024-04-13T16:31:21.800+0000] {processor.py:830} INFO - Processing file /home/airflow/.local/lib/python3.12/site-packages/airflow/example_dags/example_local_kubernetes_executor.py for tasks to queue
[2024-04-13T16:31:21.801+0000] {logging_mixin.py:188} INFO - [2024-04-13T16:31:21.801+0000] {dagbag.py:540} INFO - Filling up the DagBag from /home/airflow/.local/lib/python3.12/site-packages/airflow/example_dags/example_local_kubernetes_executor.py
[2024-04-13T16:31:21.805+0000] {processor.py:840} INFO - DAG(s) 'example_local_kubernetes_executor' retrieved from /home/airflow/.local/lib/python3.12/site-packages/airflow/example_dags/example_local_kubernetes_executor.py
[2024-04-13T16:31:21.821+0000] {logging_mixin.py:188} INFO - [2024-04-13T16:31:21.821+0000] {dag.py:3096} INFO - Sync 1 DAGs
[2024-04-13T16:31:21.825+0000] {logging_mixin.py:188} INFO - [2024-04-13T16:31:21.825+0000] {dag.py:3954} INFO - Setting next_dagrun for example_local_kubernetes_executor to None, run_after=None
[2024-04-13T16:31:21.833+0000] {processor.py:183} INFO - Processing /home/airflow/.local/lib/python3.12/site-packages/airflow/example_dags/example_local_kubernetes_executor.py took 0.035 seconds
[2024-04-13T16:31:52.431+0000] {processor.py:161} INFO - Started process (PID=2243) to work on /home/airflow/.local/lib/python3.12/site-packages/airflow/example_dags/example_local_kubernetes_executor.py
[2024-04-13T16:31:52.431+0000] {processor.py:830} INFO - Processing file /home/airflow/.local/lib/python3.12/site-packages/airflow/example_dags/example_local_kubernetes_executor.py for tasks to queue
[2024-04-13T16:31:52.432+0000] {logging_mixin.py:188} INFO - [2024-04-13T16:31:52.432+0000] {dagbag.py:540} INFO - Filling up the DagBag from /home/airflow/.local/lib/python3.12/site-packages/airflow/example_dags/example_local_kubernetes_executor.py
[2024-04-13T16:31:52.435+0000] {processor.py:840} INFO - DAG(s) 'example_local_kubernetes_executor' retrieved from /home/airflow/.local/lib/python3.12/site-packages/airflow/example_dags/example_local_kubernetes_executor.py
[2024-04-13T16:31:52.449+0000] {logging_mixin.py:188} INFO - [2024-04-13T16:31:52.449+0000] {dag.py:3096} INFO - Sync 1 DAGs
[2024-04-13T16:31:52.453+0000] {logging_mixin.py:188} INFO - [2024-04-13T16:31:52.453+0000] {dag.py:3954} INFO - Setting next_dagrun for example_local_kubernetes_executor to None, run_after=None
[2024-04-13T16:31:52.460+0000] {processor.py:183} INFO - Processing /home/airflow/.local/lib/python3.12/site-packages/airflow/example_dags/example_local_kubernetes_executor.py took 0.031 seconds
[2024-04-13T16:32:22.850+0000] {processor.py:161} INFO - Started process (PID=2300) to work on /home/airflow/.local/lib/python3.12/site-packages/airflow/example_dags/example_local_kubernetes_executor.py
[2024-04-13T16:32:22.850+0000] {processor.py:830} INFO - Processing file /home/airflow/.local/lib/python3.12/site-packages/airflow/example_dags/example_local_kubernetes_executor.py for tasks to queue
[2024-04-13T16:32:22.851+0000] {logging_mixin.py:188} INFO - [2024-04-13T16:32:22.851+0000] {dagbag.py:540} INFO - Filling up the DagBag from /home/airflow/.local/lib/python3.12/site-packages/airflow/example_dags/example_local_kubernetes_executor.py
[2024-04-13T16:32:22.854+0000] {processor.py:840} INFO - DAG(s) 'example_local_kubernetes_executor' retrieved from /home/airflow/.local/lib/python3.12/site-packages/airflow/example_dags/example_local_kubernetes_executor.py
[2024-04-13T16:32:22.867+0000] {logging_mixin.py:188} INFO - [2024-04-13T16:32:22.867+0000] {dag.py:3096} INFO - Sync 1 DAGs
[2024-04-13T16:32:22.872+0000] {logging_mixin.py:188} INFO - [2024-04-13T16:32:22.872+0000] {dag.py:3954} INFO - Setting next_dagrun for example_local_kubernetes_executor to None, run_after=None
[2024-04-13T16:32:22.878+0000] {processor.py:183} INFO - Processing /home/airflow/.local/lib/python3.12/site-packages/airflow/example_dags/example_local_kubernetes_executor.py took 0.031 seconds
[2024-04-13T16:32:53.548+0000] {processor.py:161} INFO - Started process (PID=2358) to work on /home/airflow/.local/lib/python3.12/site-packages/airflow/example_dags/example_local_kubernetes_executor.py
[2024-04-13T16:32:53.549+0000] {processor.py:830} INFO - Processing file /home/airflow/.local/lib/python3.12/site-packages/airflow/example_dags/example_local_kubernetes_executor.py for tasks to queue
[2024-04-13T16:32:53.550+0000] {logging_mixin.py:188} INFO - [2024-04-13T16:32:53.550+0000] {dagbag.py:540} INFO - Filling up the DagBag from /home/airflow/.local/lib/python3.12/site-packages/airflow/example_dags/example_local_kubernetes_executor.py
[2024-04-13T16:32:53.554+0000] {processor.py:840} INFO - DAG(s) 'example_local_kubernetes_executor' retrieved from /home/airflow/.local/lib/python3.12/site-packages/airflow/example_dags/example_local_kubernetes_executor.py
[2024-04-13T16:32:53.573+0000] {logging_mixin.py:188} INFO - [2024-04-13T16:32:53.572+0000] {dag.py:3096} INFO - Sync 1 DAGs
[2024-04-13T16:32:53.584+0000] {logging_mixin.py:188} INFO - [2024-04-13T16:32:53.584+0000] {dag.py:3954} INFO - Setting next_dagrun for example_local_kubernetes_executor to None, run_after=None
[2024-04-13T16:32:53.592+0000] {processor.py:183} INFO - Processing /home/airflow/.local/lib/python3.12/site-packages/airflow/example_dags/example_local_kubernetes_executor.py took 0.047 seconds
[2024-04-13T16:33:24.148+0000] {processor.py:161} INFO - Started process (PID=2416) to work on /home/airflow/.local/lib/python3.12/site-packages/airflow/example_dags/example_local_kubernetes_executor.py
[2024-04-13T16:33:24.149+0000] {processor.py:830} INFO - Processing file /home/airflow/.local/lib/python3.12/site-packages/airflow/example_dags/example_local_kubernetes_executor.py for tasks to queue
[2024-04-13T16:33:24.150+0000] {logging_mixin.py:188} INFO - [2024-04-13T16:33:24.150+0000] {dagbag.py:540} INFO - Filling up the DagBag from /home/airflow/.local/lib/python3.12/site-packages/airflow/example_dags/example_local_kubernetes_executor.py
[2024-04-13T16:33:24.153+0000] {processor.py:840} INFO - DAG(s) 'example_local_kubernetes_executor' retrieved from /home/airflow/.local/lib/python3.12/site-packages/airflow/example_dags/example_local_kubernetes_executor.py
[2024-04-13T16:33:24.167+0000] {logging_mixin.py:188} INFO - [2024-04-13T16:33:24.167+0000] {dag.py:3096} INFO - Sync 1 DAGs
[2024-04-13T16:33:24.172+0000] {logging_mixin.py:188} INFO - [2024-04-13T16:33:24.172+0000] {dag.py:3954} INFO - Setting next_dagrun for example_local_kubernetes_executor to None, run_after=None
[2024-04-13T16:33:24.179+0000] {processor.py:183} INFO - Processing /home/airflow/.local/lib/python3.12/site-packages/airflow/example_dags/example_local_kubernetes_executor.py took 0.033 seconds
[2024-04-13T16:33:54.776+0000] {processor.py:161} INFO - Started process (PID=2474) to work on /home/airflow/.local/lib/python3.12/site-packages/airflow/example_dags/example_local_kubernetes_executor.py
[2024-04-13T16:33:54.776+0000] {processor.py:830} INFO - Processing file /home/airflow/.local/lib/python3.12/site-packages/airflow/example_dags/example_local_kubernetes_executor.py for tasks to queue
[2024-04-13T16:33:54.777+0000] {logging_mixin.py:188} INFO - [2024-04-13T16:33:54.777+0000] {dagbag.py:540} INFO - Filling up the DagBag from /home/airflow/.local/lib/python3.12/site-packages/airflow/example_dags/example_local_kubernetes_executor.py
[2024-04-13T16:33:54.780+0000] {processor.py:840} INFO - DAG(s) 'example_local_kubernetes_executor' retrieved from /home/airflow/.local/lib/python3.12/site-packages/airflow/example_dags/example_local_kubernetes_executor.py
[2024-04-13T16:33:54.794+0000] {logging_mixin.py:188} INFO - [2024-04-13T16:33:54.794+0000] {dag.py:3096} INFO - Sync 1 DAGs
[2024-04-13T16:33:54.799+0000] {logging_mixin.py:188} INFO - [2024-04-13T16:33:54.799+0000] {dag.py:3954} INFO - Setting next_dagrun for example_local_kubernetes_executor to None, run_after=None
[2024-04-13T16:33:54.805+0000] {processor.py:183} INFO - Processing /home/airflow/.local/lib/python3.12/site-packages/airflow/example_dags/example_local_kubernetes_executor.py took 0.032 seconds
[2024-04-13T16:34:25.413+0000] {processor.py:161} INFO - Started process (PID=2532) to work on /home/airflow/.local/lib/python3.12/site-packages/airflow/example_dags/example_local_kubernetes_executor.py
[2024-04-13T16:34:25.413+0000] {processor.py:830} INFO - Processing file /home/airflow/.local/lib/python3.12/site-packages/airflow/example_dags/example_local_kubernetes_executor.py for tasks to queue
[2024-04-13T16:34:25.414+0000] {logging_mixin.py:188} INFO - [2024-04-13T16:34:25.414+0000] {dagbag.py:540} INFO - Filling up the DagBag from /home/airflow/.local/lib/python3.12/site-packages/airflow/example_dags/example_local_kubernetes_executor.py
[2024-04-13T16:34:25.417+0000] {processor.py:840} INFO - DAG(s) 'example_local_kubernetes_executor' retrieved from /home/airflow/.local/lib/python3.12/site-packages/airflow/example_dags/example_local_kubernetes_executor.py
[2024-04-13T16:34:25.430+0000] {logging_mixin.py:188} INFO - [2024-04-13T16:34:25.430+0000] {dag.py:3096} INFO - Sync 1 DAGs
[2024-04-13T16:34:25.435+0000] {logging_mixin.py:188} INFO - [2024-04-13T16:34:25.435+0000] {dag.py:3954} INFO - Setting next_dagrun for example_local_kubernetes_executor to None, run_after=None
[2024-04-13T16:34:25.441+0000] {processor.py:183} INFO - Processing /home/airflow/.local/lib/python3.12/site-packages/airflow/example_dags/example_local_kubernetes_executor.py took 0.031 seconds
[2024-04-13T16:34:55.900+0000] {processor.py:161} INFO - Started process (PID=2590) to work on /home/airflow/.local/lib/python3.12/site-packages/airflow/example_dags/example_local_kubernetes_executor.py
[2024-04-13T16:34:55.900+0000] {processor.py:830} INFO - Processing file /home/airflow/.local/lib/python3.12/site-packages/airflow/example_dags/example_local_kubernetes_executor.py for tasks to queue
[2024-04-13T16:34:55.901+0000] {logging_mixin.py:188} INFO - [2024-04-13T16:34:55.901+0000] {dagbag.py:540} INFO - Filling up the DagBag from /home/airflow/.local/lib/python3.12/site-packages/airflow/example_dags/example_local_kubernetes_executor.py
[2024-04-13T16:34:55.904+0000] {processor.py:840} INFO - DAG(s) 'example_local_kubernetes_executor' retrieved from /home/airflow/.local/lib/python3.12/site-packages/airflow/example_dags/example_local_kubernetes_executor.py
[2024-04-13T16:34:55.918+0000] {logging_mixin.py:188} INFO - [2024-04-13T16:34:55.918+0000] {dag.py:3096} INFO - Sync 1 DAGs
[2024-04-13T16:34:55.923+0000] {logging_mixin.py:188} INFO - [2024-04-13T16:34:55.923+0000] {dag.py:3954} INFO - Setting next_dagrun for example_local_kubernetes_executor to None, run_after=None
[2024-04-13T16:34:55.931+0000] {processor.py:183} INFO - Processing /home/airflow/.local/lib/python3.12/site-packages/airflow/example_dags/example_local_kubernetes_executor.py took 0.033 seconds
[2024-04-13T16:35:26.554+0000] {processor.py:161} INFO - Started process (PID=2648) to work on /home/airflow/.local/lib/python3.12/site-packages/airflow/example_dags/example_local_kubernetes_executor.py
[2024-04-13T16:35:26.554+0000] {processor.py:830} INFO - Processing file /home/airflow/.local/lib/python3.12/site-packages/airflow/example_dags/example_local_kubernetes_executor.py for tasks to queue
[2024-04-13T16:35:26.555+0000] {logging_mixin.py:188} INFO - [2024-04-13T16:35:26.555+0000] {dagbag.py:540} INFO - Filling up the DagBag from /home/airflow/.local/lib/python3.12/site-packages/airflow/example_dags/example_local_kubernetes_executor.py
[2024-04-13T16:35:26.558+0000] {processor.py:840} INFO - DAG(s) 'example_local_kubernetes_executor' retrieved from /home/airflow/.local/lib/python3.12/site-packages/airflow/example_dags/example_local_kubernetes_executor.py
[2024-04-13T16:35:26.571+0000] {logging_mixin.py:188} INFO - [2024-04-13T16:35:26.571+0000] {dag.py:3096} INFO - Sync 1 DAGs
[2024-04-13T16:35:26.576+0000] {logging_mixin.py:188} INFO - [2024-04-13T16:35:26.576+0000] {dag.py:3954} INFO - Setting next_dagrun for example_local_kubernetes_executor to None, run_after=None
[2024-04-13T16:35:26.583+0000] {processor.py:183} INFO - Processing /home/airflow/.local/lib/python3.12/site-packages/airflow/example_dags/example_local_kubernetes_executor.py took 0.032 seconds
[2024-04-13T16:35:57.183+0000] {processor.py:161} INFO - Started process (PID=2706) to work on /home/airflow/.local/lib/python3.12/site-packages/airflow/example_dags/example_local_kubernetes_executor.py
[2024-04-13T16:35:57.184+0000] {processor.py:830} INFO - Processing file /home/airflow/.local/lib/python3.12/site-packages/airflow/example_dags/example_local_kubernetes_executor.py for tasks to queue
[2024-04-13T16:35:57.185+0000] {logging_mixin.py:188} INFO - [2024-04-13T16:35:57.185+0000] {dagbag.py:540} INFO - Filling up the DagBag from /home/airflow/.local/lib/python3.12/site-packages/airflow/example_dags/example_local_kubernetes_executor.py
[2024-04-13T16:35:57.188+0000] {processor.py:840} INFO - DAG(s) 'example_local_kubernetes_executor' retrieved from /home/airflow/.local/lib/python3.12/site-packages/airflow/example_dags/example_local_kubernetes_executor.py
[2024-04-13T16:35:57.202+0000] {logging_mixin.py:188} INFO - [2024-04-13T16:35:57.202+0000] {dag.py:3096} INFO - Sync 1 DAGs
[2024-04-13T16:35:57.207+0000] {logging_mixin.py:188} INFO - [2024-04-13T16:35:57.207+0000] {dag.py:3954} INFO - Setting next_dagrun for example_local_kubernetes_executor to None, run_after=None
[2024-04-13T16:35:57.214+0000] {processor.py:183} INFO - Processing /home/airflow/.local/lib/python3.12/site-packages/airflow/example_dags/example_local_kubernetes_executor.py took 0.033 seconds
[2024-04-13T16:36:27.815+0000] {processor.py:161} INFO - Started process (PID=2764) to work on /home/airflow/.local/lib/python3.12/site-packages/airflow/example_dags/example_local_kubernetes_executor.py
[2024-04-13T16:36:27.815+0000] {processor.py:830} INFO - Processing file /home/airflow/.local/lib/python3.12/site-packages/airflow/example_dags/example_local_kubernetes_executor.py for tasks to queue
[2024-04-13T16:36:27.816+0000] {logging_mixin.py:188} INFO - [2024-04-13T16:36:27.816+0000] {dagbag.py:540} INFO - Filling up the DagBag from /home/airflow/.local/lib/python3.12/site-packages/airflow/example_dags/example_local_kubernetes_executor.py
[2024-04-13T16:36:27.819+0000] {processor.py:840} INFO - DAG(s) 'example_local_kubernetes_executor' retrieved from /home/airflow/.local/lib/python3.12/site-packages/airflow/example_dags/example_local_kubernetes_executor.py
[2024-04-13T16:36:27.833+0000] {logging_mixin.py:188} INFO - [2024-04-13T16:36:27.833+0000] {dag.py:3096} INFO - Sync 1 DAGs
[2024-04-13T16:36:27.837+0000] {logging_mixin.py:188} INFO - [2024-04-13T16:36:27.837+0000] {dag.py:3954} INFO - Setting next_dagrun for example_local_kubernetes_executor to None, run_after=None
[2024-04-13T16:36:27.844+0000] {processor.py:183} INFO - Processing /home/airflow/.local/lib/python3.12/site-packages/airflow/example_dags/example_local_kubernetes_executor.py took 0.032 seconds
[2024-04-13T16:36:58.398+0000] {processor.py:161} INFO - Started process (PID=2821) to work on /home/airflow/.local/lib/python3.12/site-packages/airflow/example_dags/example_local_kubernetes_executor.py
[2024-04-13T16:36:58.398+0000] {processor.py:830} INFO - Processing file /home/airflow/.local/lib/python3.12/site-packages/airflow/example_dags/example_local_kubernetes_executor.py for tasks to queue
[2024-04-13T16:36:58.399+0000] {logging_mixin.py:188} INFO - [2024-04-13T16:36:58.399+0000] {dagbag.py:540} INFO - Filling up the DagBag from /home/airflow/.local/lib/python3.12/site-packages/airflow/example_dags/example_local_kubernetes_executor.py
[2024-04-13T16:36:58.403+0000] {processor.py:840} INFO - DAG(s) 'example_local_kubernetes_executor' retrieved from /home/airflow/.local/lib/python3.12/site-packages/airflow/example_dags/example_local_kubernetes_executor.py
[2024-04-13T16:36:58.419+0000] {logging_mixin.py:188} INFO - [2024-04-13T16:36:58.419+0000] {dag.py:3096} INFO - Sync 1 DAGs
[2024-04-13T16:36:58.424+0000] {logging_mixin.py:188} INFO - [2024-04-13T16:36:58.424+0000] {dag.py:3954} INFO - Setting next_dagrun for example_local_kubernetes_executor to None, run_after=None
[2024-04-13T16:36:58.431+0000] {processor.py:183} INFO - Processing /home/airflow/.local/lib/python3.12/site-packages/airflow/example_dags/example_local_kubernetes_executor.py took 0.036 seconds
[2024-04-13T16:37:28.890+0000] {processor.py:161} INFO - Started process (PID=2879) to work on /home/airflow/.local/lib/python3.12/site-packages/airflow/example_dags/example_local_kubernetes_executor.py
[2024-04-13T16:37:28.891+0000] {processor.py:830} INFO - Processing file /home/airflow/.local/lib/python3.12/site-packages/airflow/example_dags/example_local_kubernetes_executor.py for tasks to queue
[2024-04-13T16:37:28.892+0000] {logging_mixin.py:188} INFO - [2024-04-13T16:37:28.892+0000] {dagbag.py:540} INFO - Filling up the DagBag from /home/airflow/.local/lib/python3.12/site-packages/airflow/example_dags/example_local_kubernetes_executor.py
[2024-04-13T16:37:28.895+0000] {processor.py:840} INFO - DAG(s) 'example_local_kubernetes_executor' retrieved from /home/airflow/.local/lib/python3.12/site-packages/airflow/example_dags/example_local_kubernetes_executor.py
[2024-04-13T16:37:28.915+0000] {logging_mixin.py:188} INFO - [2024-04-13T16:37:28.915+0000] {dag.py:3096} INFO - Sync 1 DAGs
[2024-04-13T16:37:28.920+0000] {logging_mixin.py:188} INFO - [2024-04-13T16:37:28.920+0000] {dag.py:3954} INFO - Setting next_dagrun for example_local_kubernetes_executor to None, run_after=None
[2024-04-13T16:37:28.929+0000] {processor.py:183} INFO - Processing /home/airflow/.local/lib/python3.12/site-packages/airflow/example_dags/example_local_kubernetes_executor.py took 0.043 seconds
[2024-04-13T16:37:59.810+0000] {processor.py:161} INFO - Started process (PID=2937) to work on /home/airflow/.local/lib/python3.12/site-packages/airflow/example_dags/example_local_kubernetes_executor.py
[2024-04-13T16:37:59.811+0000] {processor.py:830} INFO - Processing file /home/airflow/.local/lib/python3.12/site-packages/airflow/example_dags/example_local_kubernetes_executor.py for tasks to queue
[2024-04-13T16:37:59.814+0000] {logging_mixin.py:188} INFO - [2024-04-13T16:37:59.813+0000] {dagbag.py:540} INFO - Filling up the DagBag from /home/airflow/.local/lib/python3.12/site-packages/airflow/example_dags/example_local_kubernetes_executor.py
[2024-04-13T16:37:59.820+0000] {processor.py:840} INFO - DAG(s) 'example_local_kubernetes_executor' retrieved from /home/airflow/.local/lib/python3.12/site-packages/airflow/example_dags/example_local_kubernetes_executor.py
[2024-04-13T16:37:59.855+0000] {logging_mixin.py:188} INFO - [2024-04-13T16:37:59.854+0000] {dag.py:3096} INFO - Sync 1 DAGs
[2024-04-13T16:37:59.864+0000] {logging_mixin.py:188} INFO - [2024-04-13T16:37:59.864+0000] {dag.py:3954} INFO - Setting next_dagrun for example_local_kubernetes_executor to None, run_after=None
[2024-04-13T16:37:59.893+0000] {processor.py:183} INFO - Processing /home/airflow/.local/lib/python3.12/site-packages/airflow/example_dags/example_local_kubernetes_executor.py took 0.088 seconds
[2024-04-13T16:38:30.513+0000] {processor.py:161} INFO - Started process (PID=2995) to work on /home/airflow/.local/lib/python3.12/site-packages/airflow/example_dags/example_local_kubernetes_executor.py
[2024-04-13T16:38:30.513+0000] {processor.py:830} INFO - Processing file /home/airflow/.local/lib/python3.12/site-packages/airflow/example_dags/example_local_kubernetes_executor.py for tasks to queue
[2024-04-13T16:38:30.515+0000] {logging_mixin.py:188} INFO - [2024-04-13T16:38:30.514+0000] {dagbag.py:540} INFO - Filling up the DagBag from /home/airflow/.local/lib/python3.12/site-packages/airflow/example_dags/example_local_kubernetes_executor.py
[2024-04-13T16:38:30.519+0000] {processor.py:840} INFO - DAG(s) 'example_local_kubernetes_executor' retrieved from /home/airflow/.local/lib/python3.12/site-packages/airflow/example_dags/example_local_kubernetes_executor.py
[2024-04-13T16:38:30.535+0000] {logging_mixin.py:188} INFO - [2024-04-13T16:38:30.535+0000] {dag.py:3096} INFO - Sync 1 DAGs
[2024-04-13T16:38:30.541+0000] {logging_mixin.py:188} INFO - [2024-04-13T16:38:30.541+0000] {dag.py:3954} INFO - Setting next_dagrun for example_local_kubernetes_executor to None, run_after=None
[2024-04-13T16:38:30.549+0000] {processor.py:183} INFO - Processing /home/airflow/.local/lib/python3.12/site-packages/airflow/example_dags/example_local_kubernetes_executor.py took 0.040 seconds
[2024-04-13T16:39:00.935+0000] {processor.py:161} INFO - Started process (PID=3053) to work on /home/airflow/.local/lib/python3.12/site-packages/airflow/example_dags/example_local_kubernetes_executor.py
[2024-04-13T16:39:00.936+0000] {processor.py:830} INFO - Processing file /home/airflow/.local/lib/python3.12/site-packages/airflow/example_dags/example_local_kubernetes_executor.py for tasks to queue
[2024-04-13T16:39:00.937+0000] {logging_mixin.py:188} INFO - [2024-04-13T16:39:00.937+0000] {dagbag.py:540} INFO - Filling up the DagBag from /home/airflow/.local/lib/python3.12/site-packages/airflow/example_dags/example_local_kubernetes_executor.py
[2024-04-13T16:39:00.940+0000] {processor.py:840} INFO - DAG(s) 'example_local_kubernetes_executor' retrieved from /home/airflow/.local/lib/python3.12/site-packages/airflow/example_dags/example_local_kubernetes_executor.py
[2024-04-13T16:39:00.954+0000] {logging_mixin.py:188} INFO - [2024-04-13T16:39:00.954+0000] {dag.py:3096} INFO - Sync 1 DAGs
[2024-04-13T16:39:00.959+0000] {logging_mixin.py:188} INFO - [2024-04-13T16:39:00.959+0000] {dag.py:3954} INFO - Setting next_dagrun for example_local_kubernetes_executor to None, run_after=None
[2024-04-13T16:39:00.965+0000] {processor.py:183} INFO - Processing /home/airflow/.local/lib/python3.12/site-packages/airflow/example_dags/example_local_kubernetes_executor.py took 0.032 seconds
[2024-04-13T16:39:31.501+0000] {processor.py:161} INFO - Started process (PID=3110) to work on /home/airflow/.local/lib/python3.12/site-packages/airflow/example_dags/example_local_kubernetes_executor.py
[2024-04-13T16:39:31.501+0000] {processor.py:830} INFO - Processing file /home/airflow/.local/lib/python3.12/site-packages/airflow/example_dags/example_local_kubernetes_executor.py for tasks to queue
[2024-04-13T16:39:31.502+0000] {logging_mixin.py:188} INFO - [2024-04-13T16:39:31.502+0000] {dagbag.py:540} INFO - Filling up the DagBag from /home/airflow/.local/lib/python3.12/site-packages/airflow/example_dags/example_local_kubernetes_executor.py
[2024-04-13T16:39:31.505+0000] {processor.py:840} INFO - DAG(s) 'example_local_kubernetes_executor' retrieved from /home/airflow/.local/lib/python3.12/site-packages/airflow/example_dags/example_local_kubernetes_executor.py
[2024-04-13T16:39:31.519+0000] {logging_mixin.py:188} INFO - [2024-04-13T16:39:31.518+0000] {dag.py:3096} INFO - Sync 1 DAGs
[2024-04-13T16:39:31.523+0000] {logging_mixin.py:188} INFO - [2024-04-13T16:39:31.523+0000] {dag.py:3954} INFO - Setting next_dagrun for example_local_kubernetes_executor to None, run_after=None
[2024-04-13T16:39:31.531+0000] {processor.py:183} INFO - Processing /home/airflow/.local/lib/python3.12/site-packages/airflow/example_dags/example_local_kubernetes_executor.py took 0.032 seconds
[2024-04-13T16:40:02.018+0000] {processor.py:161} INFO - Started process (PID=3168) to work on /home/airflow/.local/lib/python3.12/site-packages/airflow/example_dags/example_local_kubernetes_executor.py
[2024-04-13T16:40:02.019+0000] {processor.py:830} INFO - Processing file /home/airflow/.local/lib/python3.12/site-packages/airflow/example_dags/example_local_kubernetes_executor.py for tasks to queue
[2024-04-13T16:40:02.020+0000] {logging_mixin.py:188} INFO - [2024-04-13T16:40:02.019+0000] {dagbag.py:540} INFO - Filling up the DagBag from /home/airflow/.local/lib/python3.12/site-packages/airflow/example_dags/example_local_kubernetes_executor.py
[2024-04-13T16:40:02.023+0000] {processor.py:840} INFO - DAG(s) 'example_local_kubernetes_executor' retrieved from /home/airflow/.local/lib/python3.12/site-packages/airflow/example_dags/example_local_kubernetes_executor.py
[2024-04-13T16:40:02.036+0000] {logging_mixin.py:188} INFO - [2024-04-13T16:40:02.036+0000] {dag.py:3096} INFO - Sync 1 DAGs
[2024-04-13T16:40:02.041+0000] {logging_mixin.py:188} INFO - [2024-04-13T16:40:02.040+0000] {dag.py:3954} INFO - Setting next_dagrun for example_local_kubernetes_executor to None, run_after=None
[2024-04-13T16:40:02.047+0000] {processor.py:183} INFO - Processing /home/airflow/.local/lib/python3.12/site-packages/airflow/example_dags/example_local_kubernetes_executor.py took 0.031 seconds
[2024-04-13T16:40:32.527+0000] {processor.py:161} INFO - Started process (PID=3226) to work on /home/airflow/.local/lib/python3.12/site-packages/airflow/example_dags/example_local_kubernetes_executor.py
[2024-04-13T16:40:32.527+0000] {processor.py:830} INFO - Processing file /home/airflow/.local/lib/python3.12/site-packages/airflow/example_dags/example_local_kubernetes_executor.py for tasks to queue
[2024-04-13T16:40:32.528+0000] {logging_mixin.py:188} INFO - [2024-04-13T16:40:32.528+0000] {dagbag.py:540} INFO - Filling up the DagBag from /home/airflow/.local/lib/python3.12/site-packages/airflow/example_dags/example_local_kubernetes_executor.py
[2024-04-13T16:40:32.531+0000] {processor.py:840} INFO - DAG(s) 'example_local_kubernetes_executor' retrieved from /home/airflow/.local/lib/python3.12/site-packages/airflow/example_dags/example_local_kubernetes_executor.py
[2024-04-13T16:40:32.544+0000] {logging_mixin.py:188} INFO - [2024-04-13T16:40:32.544+0000] {dag.py:3096} INFO - Sync 1 DAGs
[2024-04-13T16:40:32.549+0000] {logging_mixin.py:188} INFO - [2024-04-13T16:40:32.549+0000] {dag.py:3954} INFO - Setting next_dagrun for example_local_kubernetes_executor to None, run_after=None
[2024-04-13T16:40:32.556+0000] {processor.py:183} INFO - Processing /home/airflow/.local/lib/python3.12/site-packages/airflow/example_dags/example_local_kubernetes_executor.py took 0.031 seconds
[2024-04-13T16:41:03.098+0000] {processor.py:161} INFO - Started process (PID=3284) to work on /home/airflow/.local/lib/python3.12/site-packages/airflow/example_dags/example_local_kubernetes_executor.py
[2024-04-13T16:41:03.098+0000] {processor.py:830} INFO - Processing file /home/airflow/.local/lib/python3.12/site-packages/airflow/example_dags/example_local_kubernetes_executor.py for tasks to queue
[2024-04-13T16:41:03.099+0000] {logging_mixin.py:188} INFO - [2024-04-13T16:41:03.099+0000] {dagbag.py:540} INFO - Filling up the DagBag from /home/airflow/.local/lib/python3.12/site-packages/airflow/example_dags/example_local_kubernetes_executor.py
[2024-04-13T16:41:03.102+0000] {processor.py:840} INFO - DAG(s) 'example_local_kubernetes_executor' retrieved from /home/airflow/.local/lib/python3.12/site-packages/airflow/example_dags/example_local_kubernetes_executor.py
[2024-04-13T16:41:03.115+0000] {logging_mixin.py:188} INFO - [2024-04-13T16:41:03.115+0000] {dag.py:3096} INFO - Sync 1 DAGs
[2024-04-13T16:41:03.120+0000] {logging_mixin.py:188} INFO - [2024-04-13T16:41:03.120+0000] {dag.py:3954} INFO - Setting next_dagrun for example_local_kubernetes_executor to None, run_after=None
[2024-04-13T16:41:03.127+0000] {processor.py:183} INFO - Processing /home/airflow/.local/lib/python3.12/site-packages/airflow/example_dags/example_local_kubernetes_executor.py took 0.032 seconds
