[2024-04-13T16:12:31.122+0000] {processor.py:161} INFO - Started process (PID=50) to work on /home/airflow/.local/lib/python3.12/site-packages/airflow/example_dags/example_display_name.py
[2024-04-13T16:12:31.123+0000] {processor.py:830} INFO - Processing file /home/airflow/.local/lib/python3.12/site-packages/airflow/example_dags/example_display_name.py for tasks to queue
[2024-04-13T16:12:31.125+0000] {logging_mixin.py:188} INFO - [2024-04-13T16:12:31.125+0000] {dagbag.py:540} INFO - Filling up the DagBag from /home/airflow/.local/lib/python3.12/site-packages/airflow/example_dags/example_display_name.py
[2024-04-13T16:12:31.137+0000] {processor.py:840} INFO - DAG(s) 'example_display_name' retrieved from /home/airflow/.local/lib/python3.12/site-packages/airflow/example_dags/example_display_name.py
[2024-04-13T16:12:31.156+0000] {logging_mixin.py:188} INFO - [2024-04-13T16:12:31.156+0000] {dag.py:3096} INFO - Sync 1 DAGs
[2024-04-13T16:12:31.178+0000] {logging_mixin.py:188} INFO - [2024-04-13T16:12:31.177+0000] {dag.py:3954} INFO - Setting next_dagrun for example_display_name to None, run_after=None
[2024-04-13T16:12:31.201+0000] {processor.py:183} INFO - Processing /home/airflow/.local/lib/python3.12/site-packages/airflow/example_dags/example_display_name.py took 0.086 seconds
[2024-04-13T16:13:01.888+0000] {processor.py:161} INFO - Started process (PID=108) to work on /home/airflow/.local/lib/python3.12/site-packages/airflow/example_dags/example_display_name.py
[2024-04-13T16:13:01.889+0000] {processor.py:830} INFO - Processing file /home/airflow/.local/lib/python3.12/site-packages/airflow/example_dags/example_display_name.py for tasks to queue
[2024-04-13T16:13:01.889+0000] {logging_mixin.py:188} INFO - [2024-04-13T16:13:01.889+0000] {dagbag.py:540} INFO - Filling up the DagBag from /home/airflow/.local/lib/python3.12/site-packages/airflow/example_dags/example_display_name.py
[2024-04-13T16:13:01.892+0000] {processor.py:840} INFO - DAG(s) 'example_display_name' retrieved from /home/airflow/.local/lib/python3.12/site-packages/airflow/example_dags/example_display_name.py
[2024-04-13T16:13:01.930+0000] {logging_mixin.py:188} INFO - [2024-04-13T16:13:01.930+0000] {dag.py:3096} INFO - Sync 1 DAGs
[2024-04-13T16:13:01.934+0000] {logging_mixin.py:188} INFO - [2024-04-13T16:13:01.934+0000] {dag.py:3954} INFO - Setting next_dagrun for example_display_name to None, run_after=None
[2024-04-13T16:13:01.941+0000] {processor.py:183} INFO - Processing /home/airflow/.local/lib/python3.12/site-packages/airflow/example_dags/example_display_name.py took 0.055 seconds
[2024-04-13T16:13:32.929+0000] {processor.py:161} INFO - Started process (PID=166) to work on /home/airflow/.local/lib/python3.12/site-packages/airflow/example_dags/example_display_name.py
[2024-04-13T16:13:32.930+0000] {processor.py:830} INFO - Processing file /home/airflow/.local/lib/python3.12/site-packages/airflow/example_dags/example_display_name.py for tasks to queue
[2024-04-13T16:13:32.931+0000] {logging_mixin.py:188} INFO - [2024-04-13T16:13:32.931+0000] {dagbag.py:540} INFO - Filling up the DagBag from /home/airflow/.local/lib/python3.12/site-packages/airflow/example_dags/example_display_name.py
[2024-04-13T16:13:32.937+0000] {processor.py:840} INFO - DAG(s) 'example_display_name' retrieved from /home/airflow/.local/lib/python3.12/site-packages/airflow/example_dags/example_display_name.py
[2024-04-13T16:13:32.949+0000] {logging_mixin.py:188} INFO - [2024-04-13T16:13:32.949+0000] {dag.py:3096} INFO - Sync 1 DAGs
[2024-04-13T16:13:32.956+0000] {logging_mixin.py:188} INFO - [2024-04-13T16:13:32.956+0000] {dag.py:3954} INFO - Setting next_dagrun for example_display_name to None, run_after=None
[2024-04-13T16:13:32.965+0000] {processor.py:183} INFO - Processing /home/airflow/.local/lib/python3.12/site-packages/airflow/example_dags/example_display_name.py took 0.043 seconds
[2024-04-13T16:14:03.397+0000] {processor.py:161} INFO - Started process (PID=224) to work on /home/airflow/.local/lib/python3.12/site-packages/airflow/example_dags/example_display_name.py
[2024-04-13T16:14:03.398+0000] {processor.py:830} INFO - Processing file /home/airflow/.local/lib/python3.12/site-packages/airflow/example_dags/example_display_name.py for tasks to queue
[2024-04-13T16:14:03.400+0000] {logging_mixin.py:188} INFO - [2024-04-13T16:14:03.400+0000] {dagbag.py:540} INFO - Filling up the DagBag from /home/airflow/.local/lib/python3.12/site-packages/airflow/example_dags/example_display_name.py
[2024-04-13T16:14:03.405+0000] {processor.py:840} INFO - DAG(s) 'example_display_name' retrieved from /home/airflow/.local/lib/python3.12/site-packages/airflow/example_dags/example_display_name.py
[2024-04-13T16:14:03.419+0000] {logging_mixin.py:188} INFO - [2024-04-13T16:14:03.419+0000] {dag.py:3096} INFO - Sync 1 DAGs
[2024-04-13T16:14:03.428+0000] {logging_mixin.py:188} INFO - [2024-04-13T16:14:03.427+0000] {dag.py:3954} INFO - Setting next_dagrun for example_display_name to None, run_after=None
[2024-04-13T16:14:03.438+0000] {processor.py:183} INFO - Processing /home/airflow/.local/lib/python3.12/site-packages/airflow/example_dags/example_display_name.py took 0.047 seconds
[2024-04-13T16:14:33.834+0000] {processor.py:161} INFO - Started process (PID=282) to work on /home/airflow/.local/lib/python3.12/site-packages/airflow/example_dags/example_display_name.py
[2024-04-13T16:14:33.835+0000] {processor.py:830} INFO - Processing file /home/airflow/.local/lib/python3.12/site-packages/airflow/example_dags/example_display_name.py for tasks to queue
[2024-04-13T16:14:33.836+0000] {logging_mixin.py:188} INFO - [2024-04-13T16:14:33.836+0000] {dagbag.py:540} INFO - Filling up the DagBag from /home/airflow/.local/lib/python3.12/site-packages/airflow/example_dags/example_display_name.py
[2024-04-13T16:14:33.842+0000] {processor.py:840} INFO - DAG(s) 'example_display_name' retrieved from /home/airflow/.local/lib/python3.12/site-packages/airflow/example_dags/example_display_name.py
[2024-04-13T16:14:33.853+0000] {logging_mixin.py:188} INFO - [2024-04-13T16:14:33.853+0000] {dag.py:3096} INFO - Sync 1 DAGs
[2024-04-13T16:14:33.860+0000] {logging_mixin.py:188} INFO - [2024-04-13T16:14:33.860+0000] {dag.py:3954} INFO - Setting next_dagrun for example_display_name to None, run_after=None
[2024-04-13T16:14:33.869+0000] {processor.py:183} INFO - Processing /home/airflow/.local/lib/python3.12/site-packages/airflow/example_dags/example_display_name.py took 0.042 seconds
[2024-04-13T16:15:04.404+0000] {processor.py:161} INFO - Started process (PID=340) to work on /home/airflow/.local/lib/python3.12/site-packages/airflow/example_dags/example_display_name.py
[2024-04-13T16:15:04.404+0000] {processor.py:830} INFO - Processing file /home/airflow/.local/lib/python3.12/site-packages/airflow/example_dags/example_display_name.py for tasks to queue
[2024-04-13T16:15:04.406+0000] {logging_mixin.py:188} INFO - [2024-04-13T16:15:04.406+0000] {dagbag.py:540} INFO - Filling up the DagBag from /home/airflow/.local/lib/python3.12/site-packages/airflow/example_dags/example_display_name.py
[2024-04-13T16:15:04.410+0000] {processor.py:840} INFO - DAG(s) 'example_display_name' retrieved from /home/airflow/.local/lib/python3.12/site-packages/airflow/example_dags/example_display_name.py
[2024-04-13T16:15:04.422+0000] {logging_mixin.py:188} INFO - [2024-04-13T16:15:04.422+0000] {dag.py:3096} INFO - Sync 1 DAGs
[2024-04-13T16:15:04.429+0000] {logging_mixin.py:188} INFO - [2024-04-13T16:15:04.429+0000] {dag.py:3954} INFO - Setting next_dagrun for example_display_name to None, run_after=None
[2024-04-13T16:15:04.437+0000] {processor.py:183} INFO - Processing /home/airflow/.local/lib/python3.12/site-packages/airflow/example_dags/example_display_name.py took 0.039 seconds
[2024-04-13T16:15:34.882+0000] {processor.py:161} INFO - Started process (PID=398) to work on /home/airflow/.local/lib/python3.12/site-packages/airflow/example_dags/example_display_name.py
[2024-04-13T16:15:34.883+0000] {processor.py:830} INFO - Processing file /home/airflow/.local/lib/python3.12/site-packages/airflow/example_dags/example_display_name.py for tasks to queue
[2024-04-13T16:15:34.885+0000] {logging_mixin.py:188} INFO - [2024-04-13T16:15:34.884+0000] {dagbag.py:540} INFO - Filling up the DagBag from /home/airflow/.local/lib/python3.12/site-packages/airflow/example_dags/example_display_name.py
[2024-04-13T16:15:34.890+0000] {processor.py:840} INFO - DAG(s) 'example_display_name' retrieved from /home/airflow/.local/lib/python3.12/site-packages/airflow/example_dags/example_display_name.py
[2024-04-13T16:15:34.902+0000] {logging_mixin.py:188} INFO - [2024-04-13T16:15:34.902+0000] {dag.py:3096} INFO - Sync 1 DAGs
[2024-04-13T16:15:34.909+0000] {logging_mixin.py:188} INFO - [2024-04-13T16:15:34.909+0000] {dag.py:3954} INFO - Setting next_dagrun for example_display_name to None, run_after=None
[2024-04-13T16:15:34.918+0000] {processor.py:183} INFO - Processing /home/airflow/.local/lib/python3.12/site-packages/airflow/example_dags/example_display_name.py took 0.041 seconds
[2024-04-13T16:16:05.406+0000] {processor.py:161} INFO - Started process (PID=456) to work on /home/airflow/.local/lib/python3.12/site-packages/airflow/example_dags/example_display_name.py
[2024-04-13T16:16:05.407+0000] {processor.py:830} INFO - Processing file /home/airflow/.local/lib/python3.12/site-packages/airflow/example_dags/example_display_name.py for tasks to queue
[2024-04-13T16:16:05.409+0000] {logging_mixin.py:188} INFO - [2024-04-13T16:16:05.409+0000] {dagbag.py:540} INFO - Filling up the DagBag from /home/airflow/.local/lib/python3.12/site-packages/airflow/example_dags/example_display_name.py
[2024-04-13T16:16:05.414+0000] {processor.py:840} INFO - DAG(s) 'example_display_name' retrieved from /home/airflow/.local/lib/python3.12/site-packages/airflow/example_dags/example_display_name.py
[2024-04-13T16:16:05.427+0000] {logging_mixin.py:188} INFO - [2024-04-13T16:16:05.427+0000] {dag.py:3096} INFO - Sync 1 DAGs
[2024-04-13T16:16:05.434+0000] {logging_mixin.py:188} INFO - [2024-04-13T16:16:05.434+0000] {dag.py:3954} INFO - Setting next_dagrun for example_display_name to None, run_after=None
[2024-04-13T16:16:05.444+0000] {processor.py:183} INFO - Processing /home/airflow/.local/lib/python3.12/site-packages/airflow/example_dags/example_display_name.py took 0.045 seconds
[2024-04-13T16:16:36.031+0000] {processor.py:161} INFO - Started process (PID=514) to work on /home/airflow/.local/lib/python3.12/site-packages/airflow/example_dags/example_display_name.py
[2024-04-13T16:16:36.032+0000] {processor.py:830} INFO - Processing file /home/airflow/.local/lib/python3.12/site-packages/airflow/example_dags/example_display_name.py for tasks to queue
[2024-04-13T16:16:36.034+0000] {logging_mixin.py:188} INFO - [2024-04-13T16:16:36.034+0000] {dagbag.py:540} INFO - Filling up the DagBag from /home/airflow/.local/lib/python3.12/site-packages/airflow/example_dags/example_display_name.py
[2024-04-13T16:16:36.039+0000] {processor.py:840} INFO - DAG(s) 'example_display_name' retrieved from /home/airflow/.local/lib/python3.12/site-packages/airflow/example_dags/example_display_name.py
[2024-04-13T16:16:36.052+0000] {logging_mixin.py:188} INFO - [2024-04-13T16:16:36.052+0000] {dag.py:3096} INFO - Sync 1 DAGs
[2024-04-13T16:16:36.060+0000] {logging_mixin.py:188} INFO - [2024-04-13T16:16:36.060+0000] {dag.py:3954} INFO - Setting next_dagrun for example_display_name to None, run_after=None
[2024-04-13T16:16:36.070+0000] {processor.py:183} INFO - Processing /home/airflow/.local/lib/python3.12/site-packages/airflow/example_dags/example_display_name.py took 0.046 seconds
[2024-04-13T16:17:06.670+0000] {processor.py:161} INFO - Started process (PID=572) to work on /home/airflow/.local/lib/python3.12/site-packages/airflow/example_dags/example_display_name.py
[2024-04-13T16:17:06.670+0000] {processor.py:830} INFO - Processing file /home/airflow/.local/lib/python3.12/site-packages/airflow/example_dags/example_display_name.py for tasks to queue
[2024-04-13T16:17:06.672+0000] {logging_mixin.py:188} INFO - [2024-04-13T16:17:06.672+0000] {dagbag.py:540} INFO - Filling up the DagBag from /home/airflow/.local/lib/python3.12/site-packages/airflow/example_dags/example_display_name.py
[2024-04-13T16:17:06.677+0000] {processor.py:840} INFO - DAG(s) 'example_display_name' retrieved from /home/airflow/.local/lib/python3.12/site-packages/airflow/example_dags/example_display_name.py
[2024-04-13T16:17:06.689+0000] {logging_mixin.py:188} INFO - [2024-04-13T16:17:06.689+0000] {dag.py:3096} INFO - Sync 1 DAGs
[2024-04-13T16:17:06.697+0000] {logging_mixin.py:188} INFO - [2024-04-13T16:17:06.697+0000] {dag.py:3954} INFO - Setting next_dagrun for example_display_name to None, run_after=None
[2024-04-13T16:17:06.708+0000] {processor.py:183} INFO - Processing /home/airflow/.local/lib/python3.12/site-packages/airflow/example_dags/example_display_name.py took 0.044 seconds
[2024-04-13T16:17:37.222+0000] {processor.py:161} INFO - Started process (PID=630) to work on /home/airflow/.local/lib/python3.12/site-packages/airflow/example_dags/example_display_name.py
[2024-04-13T16:17:37.223+0000] {processor.py:830} INFO - Processing file /home/airflow/.local/lib/python3.12/site-packages/airflow/example_dags/example_display_name.py for tasks to queue
[2024-04-13T16:17:37.226+0000] {logging_mixin.py:188} INFO - [2024-04-13T16:17:37.225+0000] {dagbag.py:540} INFO - Filling up the DagBag from /home/airflow/.local/lib/python3.12/site-packages/airflow/example_dags/example_display_name.py
[2024-04-13T16:17:37.231+0000] {processor.py:840} INFO - DAG(s) 'example_display_name' retrieved from /home/airflow/.local/lib/python3.12/site-packages/airflow/example_dags/example_display_name.py
[2024-04-13T16:17:37.244+0000] {logging_mixin.py:188} INFO - [2024-04-13T16:17:37.243+0000] {dag.py:3096} INFO - Sync 1 DAGs
[2024-04-13T16:17:37.251+0000] {logging_mixin.py:188} INFO - [2024-04-13T16:17:37.251+0000] {dag.py:3954} INFO - Setting next_dagrun for example_display_name to None, run_after=None
[2024-04-13T16:17:37.260+0000] {processor.py:183} INFO - Processing /home/airflow/.local/lib/python3.12/site-packages/airflow/example_dags/example_display_name.py took 0.045 seconds
[2024-04-13T16:18:07.886+0000] {processor.py:161} INFO - Started process (PID=688) to work on /home/airflow/.local/lib/python3.12/site-packages/airflow/example_dags/example_display_name.py
[2024-04-13T16:18:07.886+0000] {processor.py:830} INFO - Processing file /home/airflow/.local/lib/python3.12/site-packages/airflow/example_dags/example_display_name.py for tasks to queue
[2024-04-13T16:18:07.887+0000] {logging_mixin.py:188} INFO - [2024-04-13T16:18:07.887+0000] {dagbag.py:540} INFO - Filling up the DagBag from /home/airflow/.local/lib/python3.12/site-packages/airflow/example_dags/example_display_name.py
[2024-04-13T16:18:07.891+0000] {processor.py:840} INFO - DAG(s) 'example_display_name' retrieved from /home/airflow/.local/lib/python3.12/site-packages/airflow/example_dags/example_display_name.py
[2024-04-13T16:18:07.903+0000] {logging_mixin.py:188} INFO - [2024-04-13T16:18:07.902+0000] {dag.py:3096} INFO - Sync 1 DAGs
[2024-04-13T16:18:07.910+0000] {logging_mixin.py:188} INFO - [2024-04-13T16:18:07.910+0000] {dag.py:3954} INFO - Setting next_dagrun for example_display_name to None, run_after=None
[2024-04-13T16:18:07.921+0000] {processor.py:183} INFO - Processing /home/airflow/.local/lib/python3.12/site-packages/airflow/example_dags/example_display_name.py took 0.043 seconds
[2024-04-13T16:18:38.608+0000] {processor.py:161} INFO - Started process (PID=746) to work on /home/airflow/.local/lib/python3.12/site-packages/airflow/example_dags/example_display_name.py
[2024-04-13T16:18:38.609+0000] {processor.py:830} INFO - Processing file /home/airflow/.local/lib/python3.12/site-packages/airflow/example_dags/example_display_name.py for tasks to queue
[2024-04-13T16:18:38.610+0000] {logging_mixin.py:188} INFO - [2024-04-13T16:18:38.610+0000] {dagbag.py:540} INFO - Filling up the DagBag from /home/airflow/.local/lib/python3.12/site-packages/airflow/example_dags/example_display_name.py
[2024-04-13T16:18:38.616+0000] {processor.py:840} INFO - DAG(s) 'example_display_name' retrieved from /home/airflow/.local/lib/python3.12/site-packages/airflow/example_dags/example_display_name.py
[2024-04-13T16:18:38.628+0000] {logging_mixin.py:188} INFO - [2024-04-13T16:18:38.628+0000] {dag.py:3096} INFO - Sync 1 DAGs
[2024-04-13T16:18:38.635+0000] {logging_mixin.py:188} INFO - [2024-04-13T16:18:38.635+0000] {dag.py:3954} INFO - Setting next_dagrun for example_display_name to None, run_after=None
[2024-04-13T16:18:38.645+0000] {processor.py:183} INFO - Processing /home/airflow/.local/lib/python3.12/site-packages/airflow/example_dags/example_display_name.py took 0.043 seconds
[2024-04-13T16:19:09.270+0000] {processor.py:161} INFO - Started process (PID=803) to work on /home/airflow/.local/lib/python3.12/site-packages/airflow/example_dags/example_display_name.py
[2024-04-13T16:19:09.271+0000] {processor.py:830} INFO - Processing file /home/airflow/.local/lib/python3.12/site-packages/airflow/example_dags/example_display_name.py for tasks to queue
[2024-04-13T16:19:09.274+0000] {logging_mixin.py:188} INFO - [2024-04-13T16:19:09.273+0000] {dagbag.py:540} INFO - Filling up the DagBag from /home/airflow/.local/lib/python3.12/site-packages/airflow/example_dags/example_display_name.py
[2024-04-13T16:19:09.280+0000] {processor.py:840} INFO - DAG(s) 'example_display_name' retrieved from /home/airflow/.local/lib/python3.12/site-packages/airflow/example_dags/example_display_name.py
[2024-04-13T16:19:09.293+0000] {logging_mixin.py:188} INFO - [2024-04-13T16:19:09.293+0000] {dag.py:3096} INFO - Sync 1 DAGs
[2024-04-13T16:19:09.302+0000] {logging_mixin.py:188} INFO - [2024-04-13T16:19:09.301+0000] {dag.py:3954} INFO - Setting next_dagrun for example_display_name to None, run_after=None
[2024-04-13T16:19:09.311+0000] {processor.py:183} INFO - Processing /home/airflow/.local/lib/python3.12/site-packages/airflow/example_dags/example_display_name.py took 0.046 seconds
[2024-04-13T16:19:39.345+0000] {processor.py:161} INFO - Started process (PID=860) to work on /home/airflow/.local/lib/python3.12/site-packages/airflow/example_dags/example_display_name.py
[2024-04-13T16:19:39.347+0000] {processor.py:830} INFO - Processing file /home/airflow/.local/lib/python3.12/site-packages/airflow/example_dags/example_display_name.py for tasks to queue
[2024-04-13T16:19:39.349+0000] {logging_mixin.py:188} INFO - [2024-04-13T16:19:39.349+0000] {dagbag.py:540} INFO - Filling up the DagBag from /home/airflow/.local/lib/python3.12/site-packages/airflow/example_dags/example_display_name.py
[2024-04-13T16:19:39.355+0000] {processor.py:840} INFO - DAG(s) 'example_display_name' retrieved from /home/airflow/.local/lib/python3.12/site-packages/airflow/example_dags/example_display_name.py
[2024-04-13T16:19:39.372+0000] {logging_mixin.py:188} INFO - [2024-04-13T16:19:39.371+0000] {dag.py:3096} INFO - Sync 1 DAGs
[2024-04-13T16:19:39.380+0000] {logging_mixin.py:188} INFO - [2024-04-13T16:19:39.380+0000] {dag.py:3954} INFO - Setting next_dagrun for example_display_name to None, run_after=None
[2024-04-13T16:19:39.390+0000] {processor.py:183} INFO - Processing /home/airflow/.local/lib/python3.12/site-packages/airflow/example_dags/example_display_name.py took 0.052 seconds
[2024-04-13T16:20:09.438+0000] {processor.py:161} INFO - Started process (PID=918) to work on /home/airflow/.local/lib/python3.12/site-packages/airflow/example_dags/example_display_name.py
[2024-04-13T16:20:09.439+0000] {processor.py:830} INFO - Processing file /home/airflow/.local/lib/python3.12/site-packages/airflow/example_dags/example_display_name.py for tasks to queue
[2024-04-13T16:20:09.441+0000] {logging_mixin.py:188} INFO - [2024-04-13T16:20:09.441+0000] {dagbag.py:540} INFO - Filling up the DagBag from /home/airflow/.local/lib/python3.12/site-packages/airflow/example_dags/example_display_name.py
[2024-04-13T16:20:09.447+0000] {processor.py:840} INFO - DAG(s) 'example_display_name' retrieved from /home/airflow/.local/lib/python3.12/site-packages/airflow/example_dags/example_display_name.py
[2024-04-13T16:20:09.462+0000] {logging_mixin.py:188} INFO - [2024-04-13T16:20:09.462+0000] {dag.py:3096} INFO - Sync 1 DAGs
[2024-04-13T16:20:09.471+0000] {logging_mixin.py:188} INFO - [2024-04-13T16:20:09.471+0000] {dag.py:3954} INFO - Setting next_dagrun for example_display_name to None, run_after=None
[2024-04-13T16:20:09.480+0000] {processor.py:183} INFO - Processing /home/airflow/.local/lib/python3.12/site-packages/airflow/example_dags/example_display_name.py took 0.050 seconds
[2024-04-13T16:20:39.636+0000] {processor.py:161} INFO - Started process (PID=976) to work on /home/airflow/.local/lib/python3.12/site-packages/airflow/example_dags/example_display_name.py
[2024-04-13T16:20:39.637+0000] {processor.py:830} INFO - Processing file /home/airflow/.local/lib/python3.12/site-packages/airflow/example_dags/example_display_name.py for tasks to queue
[2024-04-13T16:20:39.639+0000] {logging_mixin.py:188} INFO - [2024-04-13T16:20:39.639+0000] {dagbag.py:540} INFO - Filling up the DagBag from /home/airflow/.local/lib/python3.12/site-packages/airflow/example_dags/example_display_name.py
[2024-04-13T16:20:39.645+0000] {processor.py:840} INFO - DAG(s) 'example_display_name' retrieved from /home/airflow/.local/lib/python3.12/site-packages/airflow/example_dags/example_display_name.py
[2024-04-13T16:20:39.661+0000] {logging_mixin.py:188} INFO - [2024-04-13T16:20:39.661+0000] {dag.py:3096} INFO - Sync 1 DAGs
[2024-04-13T16:20:39.669+0000] {logging_mixin.py:188} INFO - [2024-04-13T16:20:39.669+0000] {dag.py:3954} INFO - Setting next_dagrun for example_display_name to None, run_after=None
[2024-04-13T16:20:39.678+0000] {processor.py:183} INFO - Processing /home/airflow/.local/lib/python3.12/site-packages/airflow/example_dags/example_display_name.py took 0.050 seconds
[2024-04-13T16:21:09.758+0000] {processor.py:161} INFO - Started process (PID=1034) to work on /home/airflow/.local/lib/python3.12/site-packages/airflow/example_dags/example_display_name.py
[2024-04-13T16:21:09.758+0000] {processor.py:830} INFO - Processing file /home/airflow/.local/lib/python3.12/site-packages/airflow/example_dags/example_display_name.py for tasks to queue
[2024-04-13T16:21:09.759+0000] {logging_mixin.py:188} INFO - [2024-04-13T16:21:09.759+0000] {dagbag.py:540} INFO - Filling up the DagBag from /home/airflow/.local/lib/python3.12/site-packages/airflow/example_dags/example_display_name.py
[2024-04-13T16:21:09.762+0000] {processor.py:840} INFO - DAG(s) 'example_display_name' retrieved from /home/airflow/.local/lib/python3.12/site-packages/airflow/example_dags/example_display_name.py
[2024-04-13T16:21:09.770+0000] {logging_mixin.py:188} INFO - [2024-04-13T16:21:09.770+0000] {dag.py:3096} INFO - Sync 1 DAGs
[2024-04-13T16:21:09.775+0000] {logging_mixin.py:188} INFO - [2024-04-13T16:21:09.775+0000] {dag.py:3954} INFO - Setting next_dagrun for example_display_name to None, run_after=None
[2024-04-13T16:21:09.781+0000] {processor.py:183} INFO - Processing /home/airflow/.local/lib/python3.12/site-packages/airflow/example_dags/example_display_name.py took 0.026 seconds
[2024-04-13T16:21:41.215+0000] {processor.py:161} INFO - Started process (PID=1092) to work on /home/airflow/.local/lib/python3.12/site-packages/airflow/example_dags/example_display_name.py
[2024-04-13T16:21:41.215+0000] {processor.py:830} INFO - Processing file /home/airflow/.local/lib/python3.12/site-packages/airflow/example_dags/example_display_name.py for tasks to queue
[2024-04-13T16:21:41.216+0000] {logging_mixin.py:188} INFO - [2024-04-13T16:21:41.216+0000] {dagbag.py:540} INFO - Filling up the DagBag from /home/airflow/.local/lib/python3.12/site-packages/airflow/example_dags/example_display_name.py
[2024-04-13T16:21:41.291+0000] {processor.py:840} INFO - DAG(s) 'example_display_name' retrieved from /home/airflow/.local/lib/python3.12/site-packages/airflow/example_dags/example_display_name.py
[2024-04-13T16:21:41.298+0000] {logging_mixin.py:188} INFO - [2024-04-13T16:21:41.298+0000] {dag.py:3096} INFO - Sync 1 DAGs
[2024-04-13T16:21:41.302+0000] {logging_mixin.py:188} INFO - [2024-04-13T16:21:41.302+0000] {dag.py:3954} INFO - Setting next_dagrun for example_display_name to None, run_after=None
[2024-04-13T16:21:41.308+0000] {processor.py:183} INFO - Processing /home/airflow/.local/lib/python3.12/site-packages/airflow/example_dags/example_display_name.py took 0.095 seconds
[2024-04-13T16:22:12.063+0000] {processor.py:161} INFO - Started process (PID=1151) to work on /home/airflow/.local/lib/python3.12/site-packages/airflow/example_dags/example_display_name.py
[2024-04-13T16:22:12.065+0000] {processor.py:830} INFO - Processing file /home/airflow/.local/lib/python3.12/site-packages/airflow/example_dags/example_display_name.py for tasks to queue
[2024-04-13T16:22:12.066+0000] {logging_mixin.py:188} INFO - [2024-04-13T16:22:12.066+0000] {dagbag.py:540} INFO - Filling up the DagBag from /home/airflow/.local/lib/python3.12/site-packages/airflow/example_dags/example_display_name.py
[2024-04-13T16:22:12.069+0000] {processor.py:840} INFO - DAG(s) 'example_display_name' retrieved from /home/airflow/.local/lib/python3.12/site-packages/airflow/example_dags/example_display_name.py
[2024-04-13T16:22:12.079+0000] {logging_mixin.py:188} INFO - [2024-04-13T16:22:12.079+0000] {dag.py:3096} INFO - Sync 1 DAGs
[2024-04-13T16:22:12.085+0000] {logging_mixin.py:188} INFO - [2024-04-13T16:22:12.085+0000] {dag.py:3954} INFO - Setting next_dagrun for example_display_name to None, run_after=None
[2024-04-13T16:22:12.092+0000] {processor.py:183} INFO - Processing /home/airflow/.local/lib/python3.12/site-packages/airflow/example_dags/example_display_name.py took 0.032 seconds
[2024-04-13T16:22:42.631+0000] {processor.py:161} INFO - Started process (PID=1209) to work on /home/airflow/.local/lib/python3.12/site-packages/airflow/example_dags/example_display_name.py
[2024-04-13T16:22:42.631+0000] {processor.py:830} INFO - Processing file /home/airflow/.local/lib/python3.12/site-packages/airflow/example_dags/example_display_name.py for tasks to queue
[2024-04-13T16:22:42.632+0000] {logging_mixin.py:188} INFO - [2024-04-13T16:22:42.632+0000] {dagbag.py:540} INFO - Filling up the DagBag from /home/airflow/.local/lib/python3.12/site-packages/airflow/example_dags/example_display_name.py
[2024-04-13T16:22:42.635+0000] {processor.py:840} INFO - DAG(s) 'example_display_name' retrieved from /home/airflow/.local/lib/python3.12/site-packages/airflow/example_dags/example_display_name.py
[2024-04-13T16:22:42.643+0000] {logging_mixin.py:188} INFO - [2024-04-13T16:22:42.643+0000] {dag.py:3096} INFO - Sync 1 DAGs
[2024-04-13T16:22:42.648+0000] {logging_mixin.py:188} INFO - [2024-04-13T16:22:42.648+0000] {dag.py:3954} INFO - Setting next_dagrun for example_display_name to None, run_after=None
[2024-04-13T16:22:42.655+0000] {processor.py:183} INFO - Processing /home/airflow/.local/lib/python3.12/site-packages/airflow/example_dags/example_display_name.py took 0.027 seconds
[2024-04-13T16:23:13.311+0000] {processor.py:161} INFO - Started process (PID=1267) to work on /home/airflow/.local/lib/python3.12/site-packages/airflow/example_dags/example_display_name.py
[2024-04-13T16:23:13.312+0000] {processor.py:830} INFO - Processing file /home/airflow/.local/lib/python3.12/site-packages/airflow/example_dags/example_display_name.py for tasks to queue
[2024-04-13T16:23:13.312+0000] {logging_mixin.py:188} INFO - [2024-04-13T16:23:13.312+0000] {dagbag.py:540} INFO - Filling up the DagBag from /home/airflow/.local/lib/python3.12/site-packages/airflow/example_dags/example_display_name.py
[2024-04-13T16:23:13.315+0000] {processor.py:840} INFO - DAG(s) 'example_display_name' retrieved from /home/airflow/.local/lib/python3.12/site-packages/airflow/example_dags/example_display_name.py
[2024-04-13T16:23:13.324+0000] {logging_mixin.py:188} INFO - [2024-04-13T16:23:13.324+0000] {dag.py:3096} INFO - Sync 1 DAGs
[2024-04-13T16:23:13.329+0000] {logging_mixin.py:188} INFO - [2024-04-13T16:23:13.329+0000] {dag.py:3954} INFO - Setting next_dagrun for example_display_name to None, run_after=None
[2024-04-13T16:23:13.336+0000] {processor.py:183} INFO - Processing /home/airflow/.local/lib/python3.12/site-packages/airflow/example_dags/example_display_name.py took 0.027 seconds
[2024-04-13T16:23:43.911+0000] {processor.py:161} INFO - Started process (PID=1325) to work on /home/airflow/.local/lib/python3.12/site-packages/airflow/example_dags/example_display_name.py
[2024-04-13T16:23:43.911+0000] {processor.py:830} INFO - Processing file /home/airflow/.local/lib/python3.12/site-packages/airflow/example_dags/example_display_name.py for tasks to queue
[2024-04-13T16:23:43.912+0000] {logging_mixin.py:188} INFO - [2024-04-13T16:23:43.912+0000] {dagbag.py:540} INFO - Filling up the DagBag from /home/airflow/.local/lib/python3.12/site-packages/airflow/example_dags/example_display_name.py
[2024-04-13T16:23:43.915+0000] {processor.py:840} INFO - DAG(s) 'example_display_name' retrieved from /home/airflow/.local/lib/python3.12/site-packages/airflow/example_dags/example_display_name.py
[2024-04-13T16:23:43.924+0000] {logging_mixin.py:188} INFO - [2024-04-13T16:23:43.924+0000] {dag.py:3096} INFO - Sync 1 DAGs
[2024-04-13T16:23:43.929+0000] {logging_mixin.py:188} INFO - [2024-04-13T16:23:43.929+0000] {dag.py:3954} INFO - Setting next_dagrun for example_display_name to None, run_after=None
[2024-04-13T16:23:43.936+0000] {processor.py:183} INFO - Processing /home/airflow/.local/lib/python3.12/site-packages/airflow/example_dags/example_display_name.py took 0.028 seconds
[2024-04-13T16:24:14.519+0000] {processor.py:161} INFO - Started process (PID=1383) to work on /home/airflow/.local/lib/python3.12/site-packages/airflow/example_dags/example_display_name.py
[2024-04-13T16:24:14.520+0000] {processor.py:830} INFO - Processing file /home/airflow/.local/lib/python3.12/site-packages/airflow/example_dags/example_display_name.py for tasks to queue
[2024-04-13T16:24:14.521+0000] {logging_mixin.py:188} INFO - [2024-04-13T16:24:14.521+0000] {dagbag.py:540} INFO - Filling up the DagBag from /home/airflow/.local/lib/python3.12/site-packages/airflow/example_dags/example_display_name.py
[2024-04-13T16:24:14.524+0000] {processor.py:840} INFO - DAG(s) 'example_display_name' retrieved from /home/airflow/.local/lib/python3.12/site-packages/airflow/example_dags/example_display_name.py
[2024-04-13T16:24:14.535+0000] {logging_mixin.py:188} INFO - [2024-04-13T16:24:14.535+0000] {dag.py:3096} INFO - Sync 1 DAGs
[2024-04-13T16:24:14.540+0000] {logging_mixin.py:188} INFO - [2024-04-13T16:24:14.540+0000] {dag.py:3954} INFO - Setting next_dagrun for example_display_name to None, run_after=None
[2024-04-13T16:24:14.548+0000] {processor.py:183} INFO - Processing /home/airflow/.local/lib/python3.12/site-packages/airflow/example_dags/example_display_name.py took 0.031 seconds
[2024-04-13T16:24:45.083+0000] {processor.py:161} INFO - Started process (PID=1441) to work on /home/airflow/.local/lib/python3.12/site-packages/airflow/example_dags/example_display_name.py
[2024-04-13T16:24:45.084+0000] {processor.py:830} INFO - Processing file /home/airflow/.local/lib/python3.12/site-packages/airflow/example_dags/example_display_name.py for tasks to queue
[2024-04-13T16:24:45.085+0000] {logging_mixin.py:188} INFO - [2024-04-13T16:24:45.084+0000] {dagbag.py:540} INFO - Filling up the DagBag from /home/airflow/.local/lib/python3.12/site-packages/airflow/example_dags/example_display_name.py
[2024-04-13T16:24:45.087+0000] {processor.py:840} INFO - DAG(s) 'example_display_name' retrieved from /home/airflow/.local/lib/python3.12/site-packages/airflow/example_dags/example_display_name.py
[2024-04-13T16:24:45.096+0000] {logging_mixin.py:188} INFO - [2024-04-13T16:24:45.095+0000] {dag.py:3096} INFO - Sync 1 DAGs
[2024-04-13T16:24:45.101+0000] {logging_mixin.py:188} INFO - [2024-04-13T16:24:45.101+0000] {dag.py:3954} INFO - Setting next_dagrun for example_display_name to None, run_after=None
[2024-04-13T16:24:45.108+0000] {processor.py:183} INFO - Processing /home/airflow/.local/lib/python3.12/site-packages/airflow/example_dags/example_display_name.py took 0.028 seconds
[2024-04-13T16:25:15.672+0000] {processor.py:161} INFO - Started process (PID=1499) to work on /home/airflow/.local/lib/python3.12/site-packages/airflow/example_dags/example_display_name.py
[2024-04-13T16:25:15.672+0000] {processor.py:830} INFO - Processing file /home/airflow/.local/lib/python3.12/site-packages/airflow/example_dags/example_display_name.py for tasks to queue
[2024-04-13T16:25:15.673+0000] {logging_mixin.py:188} INFO - [2024-04-13T16:25:15.673+0000] {dagbag.py:540} INFO - Filling up the DagBag from /home/airflow/.local/lib/python3.12/site-packages/airflow/example_dags/example_display_name.py
[2024-04-13T16:25:15.677+0000] {processor.py:840} INFO - DAG(s) 'example_display_name' retrieved from /home/airflow/.local/lib/python3.12/site-packages/airflow/example_dags/example_display_name.py
[2024-04-13T16:25:15.685+0000] {logging_mixin.py:188} INFO - [2024-04-13T16:25:15.685+0000] {dag.py:3096} INFO - Sync 1 DAGs
[2024-04-13T16:25:15.690+0000] {logging_mixin.py:188} INFO - [2024-04-13T16:25:15.690+0000] {dag.py:3954} INFO - Setting next_dagrun for example_display_name to None, run_after=None
[2024-04-13T16:25:15.697+0000] {processor.py:183} INFO - Processing /home/airflow/.local/lib/python3.12/site-packages/airflow/example_dags/example_display_name.py took 0.028 seconds
[2024-04-13T16:25:46.224+0000] {processor.py:161} INFO - Started process (PID=1557) to work on /home/airflow/.local/lib/python3.12/site-packages/airflow/example_dags/example_display_name.py
[2024-04-13T16:25:46.224+0000] {processor.py:830} INFO - Processing file /home/airflow/.local/lib/python3.12/site-packages/airflow/example_dags/example_display_name.py for tasks to queue
[2024-04-13T16:25:46.225+0000] {logging_mixin.py:188} INFO - [2024-04-13T16:25:46.225+0000] {dagbag.py:540} INFO - Filling up the DagBag from /home/airflow/.local/lib/python3.12/site-packages/airflow/example_dags/example_display_name.py
[2024-04-13T16:25:46.228+0000] {processor.py:840} INFO - DAG(s) 'example_display_name' retrieved from /home/airflow/.local/lib/python3.12/site-packages/airflow/example_dags/example_display_name.py
[2024-04-13T16:25:46.236+0000] {logging_mixin.py:188} INFO - [2024-04-13T16:25:46.236+0000] {dag.py:3096} INFO - Sync 1 DAGs
[2024-04-13T16:25:46.242+0000] {logging_mixin.py:188} INFO - [2024-04-13T16:25:46.242+0000] {dag.py:3954} INFO - Setting next_dagrun for example_display_name to None, run_after=None
[2024-04-13T16:25:46.249+0000] {processor.py:183} INFO - Processing /home/airflow/.local/lib/python3.12/site-packages/airflow/example_dags/example_display_name.py took 0.027 seconds
[2024-04-13T16:26:16.854+0000] {processor.py:161} INFO - Started process (PID=1615) to work on /home/airflow/.local/lib/python3.12/site-packages/airflow/example_dags/example_display_name.py
[2024-04-13T16:26:16.854+0000] {processor.py:830} INFO - Processing file /home/airflow/.local/lib/python3.12/site-packages/airflow/example_dags/example_display_name.py for tasks to queue
[2024-04-13T16:26:16.855+0000] {logging_mixin.py:188} INFO - [2024-04-13T16:26:16.855+0000] {dagbag.py:540} INFO - Filling up the DagBag from /home/airflow/.local/lib/python3.12/site-packages/airflow/example_dags/example_display_name.py
[2024-04-13T16:26:16.858+0000] {processor.py:840} INFO - DAG(s) 'example_display_name' retrieved from /home/airflow/.local/lib/python3.12/site-packages/airflow/example_dags/example_display_name.py
[2024-04-13T16:26:16.866+0000] {logging_mixin.py:188} INFO - [2024-04-13T16:26:16.866+0000] {dag.py:3096} INFO - Sync 1 DAGs
[2024-04-13T16:26:16.871+0000] {logging_mixin.py:188} INFO - [2024-04-13T16:26:16.871+0000] {dag.py:3954} INFO - Setting next_dagrun for example_display_name to None, run_after=None
[2024-04-13T16:26:16.878+0000] {processor.py:183} INFO - Processing /home/airflow/.local/lib/python3.12/site-packages/airflow/example_dags/example_display_name.py took 0.027 seconds
[2024-04-13T16:26:47.355+0000] {processor.py:161} INFO - Started process (PID=1673) to work on /home/airflow/.local/lib/python3.12/site-packages/airflow/example_dags/example_display_name.py
[2024-04-13T16:26:47.355+0000] {processor.py:830} INFO - Processing file /home/airflow/.local/lib/python3.12/site-packages/airflow/example_dags/example_display_name.py for tasks to queue
[2024-04-13T16:26:47.356+0000] {logging_mixin.py:188} INFO - [2024-04-13T16:26:47.356+0000] {dagbag.py:540} INFO - Filling up the DagBag from /home/airflow/.local/lib/python3.12/site-packages/airflow/example_dags/example_display_name.py
[2024-04-13T16:26:47.359+0000] {processor.py:840} INFO - DAG(s) 'example_display_name' retrieved from /home/airflow/.local/lib/python3.12/site-packages/airflow/example_dags/example_display_name.py
[2024-04-13T16:26:47.367+0000] {logging_mixin.py:188} INFO - [2024-04-13T16:26:47.367+0000] {dag.py:3096} INFO - Sync 1 DAGs
[2024-04-13T16:26:47.372+0000] {logging_mixin.py:188} INFO - [2024-04-13T16:26:47.372+0000] {dag.py:3954} INFO - Setting next_dagrun for example_display_name to None, run_after=None
[2024-04-13T16:26:47.379+0000] {processor.py:183} INFO - Processing /home/airflow/.local/lib/python3.12/site-packages/airflow/example_dags/example_display_name.py took 0.026 seconds
[2024-04-13T16:27:18.015+0000] {processor.py:161} INFO - Started process (PID=1737) to work on /home/airflow/.local/lib/python3.12/site-packages/airflow/example_dags/example_display_name.py
[2024-04-13T16:27:18.016+0000] {processor.py:830} INFO - Processing file /home/airflow/.local/lib/python3.12/site-packages/airflow/example_dags/example_display_name.py for tasks to queue
[2024-04-13T16:27:18.017+0000] {logging_mixin.py:188} INFO - [2024-04-13T16:27:18.016+0000] {dagbag.py:540} INFO - Filling up the DagBag from /home/airflow/.local/lib/python3.12/site-packages/airflow/example_dags/example_display_name.py
[2024-04-13T16:27:18.019+0000] {processor.py:840} INFO - DAG(s) 'example_display_name' retrieved from /home/airflow/.local/lib/python3.12/site-packages/airflow/example_dags/example_display_name.py
[2024-04-13T16:27:18.027+0000] {logging_mixin.py:188} INFO - [2024-04-13T16:27:18.027+0000] {dag.py:3096} INFO - Sync 1 DAGs
[2024-04-13T16:27:18.032+0000] {logging_mixin.py:188} INFO - [2024-04-13T16:27:18.032+0000] {dag.py:3954} INFO - Setting next_dagrun for example_display_name to None, run_after=None
[2024-04-13T16:27:18.039+0000] {processor.py:183} INFO - Processing /home/airflow/.local/lib/python3.12/site-packages/airflow/example_dags/example_display_name.py took 0.027 seconds
[2024-04-13T16:27:48.839+0000] {processor.py:161} INFO - Started process (PID=1795) to work on /home/airflow/.local/lib/python3.12/site-packages/airflow/example_dags/example_display_name.py
[2024-04-13T16:27:48.839+0000] {processor.py:830} INFO - Processing file /home/airflow/.local/lib/python3.12/site-packages/airflow/example_dags/example_display_name.py for tasks to queue
[2024-04-13T16:27:48.840+0000] {logging_mixin.py:188} INFO - [2024-04-13T16:27:48.840+0000] {dagbag.py:540} INFO - Filling up the DagBag from /home/airflow/.local/lib/python3.12/site-packages/airflow/example_dags/example_display_name.py
[2024-04-13T16:27:48.842+0000] {processor.py:840} INFO - DAG(s) 'example_display_name' retrieved from /home/airflow/.local/lib/python3.12/site-packages/airflow/example_dags/example_display_name.py
[2024-04-13T16:27:48.851+0000] {logging_mixin.py:188} INFO - [2024-04-13T16:27:48.850+0000] {dag.py:3096} INFO - Sync 1 DAGs
[2024-04-13T16:27:48.855+0000] {logging_mixin.py:188} INFO - [2024-04-13T16:27:48.855+0000] {dag.py:3954} INFO - Setting next_dagrun for example_display_name to None, run_after=None
[2024-04-13T16:27:48.862+0000] {processor.py:183} INFO - Processing /home/airflow/.local/lib/python3.12/site-packages/airflow/example_dags/example_display_name.py took 0.026 seconds
[2024-04-13T16:28:19.504+0000] {processor.py:161} INFO - Started process (PID=1854) to work on /home/airflow/.local/lib/python3.12/site-packages/airflow/example_dags/example_display_name.py
[2024-04-13T16:28:19.504+0000] {processor.py:830} INFO - Processing file /home/airflow/.local/lib/python3.12/site-packages/airflow/example_dags/example_display_name.py for tasks to queue
[2024-04-13T16:28:19.505+0000] {logging_mixin.py:188} INFO - [2024-04-13T16:28:19.505+0000] {dagbag.py:540} INFO - Filling up the DagBag from /home/airflow/.local/lib/python3.12/site-packages/airflow/example_dags/example_display_name.py
[2024-04-13T16:28:19.508+0000] {processor.py:840} INFO - DAG(s) 'example_display_name' retrieved from /home/airflow/.local/lib/python3.12/site-packages/airflow/example_dags/example_display_name.py
[2024-04-13T16:28:19.516+0000] {logging_mixin.py:188} INFO - [2024-04-13T16:28:19.516+0000] {dag.py:3096} INFO - Sync 1 DAGs
[2024-04-13T16:28:19.521+0000] {logging_mixin.py:188} INFO - [2024-04-13T16:28:19.521+0000] {dag.py:3954} INFO - Setting next_dagrun for example_display_name to None, run_after=None
[2024-04-13T16:28:19.528+0000] {processor.py:183} INFO - Processing /home/airflow/.local/lib/python3.12/site-packages/airflow/example_dags/example_display_name.py took 0.027 seconds
[2024-04-13T16:28:50.120+0000] {processor.py:161} INFO - Started process (PID=1912) to work on /home/airflow/.local/lib/python3.12/site-packages/airflow/example_dags/example_display_name.py
[2024-04-13T16:28:50.120+0000] {processor.py:830} INFO - Processing file /home/airflow/.local/lib/python3.12/site-packages/airflow/example_dags/example_display_name.py for tasks to queue
[2024-04-13T16:28:50.121+0000] {logging_mixin.py:188} INFO - [2024-04-13T16:28:50.121+0000] {dagbag.py:540} INFO - Filling up the DagBag from /home/airflow/.local/lib/python3.12/site-packages/airflow/example_dags/example_display_name.py
[2024-04-13T16:28:50.123+0000] {processor.py:840} INFO - DAG(s) 'example_display_name' retrieved from /home/airflow/.local/lib/python3.12/site-packages/airflow/example_dags/example_display_name.py
[2024-04-13T16:28:50.131+0000] {logging_mixin.py:188} INFO - [2024-04-13T16:28:50.131+0000] {dag.py:3096} INFO - Sync 1 DAGs
[2024-04-13T16:28:50.136+0000] {logging_mixin.py:188} INFO - [2024-04-13T16:28:50.136+0000] {dag.py:3954} INFO - Setting next_dagrun for example_display_name to None, run_after=None
[2024-04-13T16:28:50.143+0000] {processor.py:183} INFO - Processing /home/airflow/.local/lib/python3.12/site-packages/airflow/example_dags/example_display_name.py took 0.026 seconds
[2024-04-13T16:29:20.737+0000] {processor.py:161} INFO - Started process (PID=1970) to work on /home/airflow/.local/lib/python3.12/site-packages/airflow/example_dags/example_display_name.py
[2024-04-13T16:29:20.737+0000] {processor.py:830} INFO - Processing file /home/airflow/.local/lib/python3.12/site-packages/airflow/example_dags/example_display_name.py for tasks to queue
[2024-04-13T16:29:20.738+0000] {logging_mixin.py:188} INFO - [2024-04-13T16:29:20.738+0000] {dagbag.py:540} INFO - Filling up the DagBag from /home/airflow/.local/lib/python3.12/site-packages/airflow/example_dags/example_display_name.py
[2024-04-13T16:29:20.740+0000] {processor.py:840} INFO - DAG(s) 'example_display_name' retrieved from /home/airflow/.local/lib/python3.12/site-packages/airflow/example_dags/example_display_name.py
[2024-04-13T16:29:20.752+0000] {logging_mixin.py:188} INFO - [2024-04-13T16:29:20.752+0000] {dag.py:3096} INFO - Sync 1 DAGs
[2024-04-13T16:29:20.764+0000] {logging_mixin.py:188} INFO - [2024-04-13T16:29:20.764+0000] {dag.py:3954} INFO - Setting next_dagrun for example_display_name to None, run_after=None
[2024-04-13T16:29:20.783+0000] {processor.py:183} INFO - Processing /home/airflow/.local/lib/python3.12/site-packages/airflow/example_dags/example_display_name.py took 0.049 seconds
[2024-04-13T16:29:51.362+0000] {processor.py:161} INFO - Started process (PID=2028) to work on /home/airflow/.local/lib/python3.12/site-packages/airflow/example_dags/example_display_name.py
[2024-04-13T16:29:51.362+0000] {processor.py:830} INFO - Processing file /home/airflow/.local/lib/python3.12/site-packages/airflow/example_dags/example_display_name.py for tasks to queue
[2024-04-13T16:29:51.363+0000] {logging_mixin.py:188} INFO - [2024-04-13T16:29:51.363+0000] {dagbag.py:540} INFO - Filling up the DagBag from /home/airflow/.local/lib/python3.12/site-packages/airflow/example_dags/example_display_name.py
[2024-04-13T16:29:51.365+0000] {processor.py:840} INFO - DAG(s) 'example_display_name' retrieved from /home/airflow/.local/lib/python3.12/site-packages/airflow/example_dags/example_display_name.py
[2024-04-13T16:29:51.373+0000] {logging_mixin.py:188} INFO - [2024-04-13T16:29:51.373+0000] {dag.py:3096} INFO - Sync 1 DAGs
[2024-04-13T16:29:51.379+0000] {logging_mixin.py:188} INFO - [2024-04-13T16:29:51.379+0000] {dag.py:3954} INFO - Setting next_dagrun for example_display_name to None, run_after=None
[2024-04-13T16:29:51.386+0000] {processor.py:183} INFO - Processing /home/airflow/.local/lib/python3.12/site-packages/airflow/example_dags/example_display_name.py took 0.027 seconds
[2024-04-13T16:30:21.990+0000] {processor.py:161} INFO - Started process (PID=2086) to work on /home/airflow/.local/lib/python3.12/site-packages/airflow/example_dags/example_display_name.py
[2024-04-13T16:30:21.991+0000] {processor.py:830} INFO - Processing file /home/airflow/.local/lib/python3.12/site-packages/airflow/example_dags/example_display_name.py for tasks to queue
[2024-04-13T16:30:21.992+0000] {logging_mixin.py:188} INFO - [2024-04-13T16:30:21.991+0000] {dagbag.py:540} INFO - Filling up the DagBag from /home/airflow/.local/lib/python3.12/site-packages/airflow/example_dags/example_display_name.py
[2024-04-13T16:30:21.994+0000] {processor.py:840} INFO - DAG(s) 'example_display_name' retrieved from /home/airflow/.local/lib/python3.12/site-packages/airflow/example_dags/example_display_name.py
[2024-04-13T16:30:22.002+0000] {logging_mixin.py:188} INFO - [2024-04-13T16:30:22.002+0000] {dag.py:3096} INFO - Sync 1 DAGs
[2024-04-13T16:30:22.007+0000] {logging_mixin.py:188} INFO - [2024-04-13T16:30:22.007+0000] {dag.py:3954} INFO - Setting next_dagrun for example_display_name to None, run_after=None
[2024-04-13T16:30:22.015+0000] {processor.py:183} INFO - Processing /home/airflow/.local/lib/python3.12/site-packages/airflow/example_dags/example_display_name.py took 0.027 seconds
[2024-04-13T16:30:52.619+0000] {processor.py:161} INFO - Started process (PID=2144) to work on /home/airflow/.local/lib/python3.12/site-packages/airflow/example_dags/example_display_name.py
[2024-04-13T16:30:52.619+0000] {processor.py:830} INFO - Processing file /home/airflow/.local/lib/python3.12/site-packages/airflow/example_dags/example_display_name.py for tasks to queue
[2024-04-13T16:30:52.620+0000] {logging_mixin.py:188} INFO - [2024-04-13T16:30:52.620+0000] {dagbag.py:540} INFO - Filling up the DagBag from /home/airflow/.local/lib/python3.12/site-packages/airflow/example_dags/example_display_name.py
[2024-04-13T16:30:52.623+0000] {processor.py:840} INFO - DAG(s) 'example_display_name' retrieved from /home/airflow/.local/lib/python3.12/site-packages/airflow/example_dags/example_display_name.py
[2024-04-13T16:30:52.631+0000] {logging_mixin.py:188} INFO - [2024-04-13T16:30:52.631+0000] {dag.py:3096} INFO - Sync 1 DAGs
[2024-04-13T16:30:52.636+0000] {logging_mixin.py:188} INFO - [2024-04-13T16:30:52.636+0000] {dag.py:3954} INFO - Setting next_dagrun for example_display_name to None, run_after=None
[2024-04-13T16:30:52.643+0000] {processor.py:183} INFO - Processing /home/airflow/.local/lib/python3.12/site-packages/airflow/example_dags/example_display_name.py took 0.026 seconds
[2024-04-13T16:31:23.246+0000] {processor.py:161} INFO - Started process (PID=2202) to work on /home/airflow/.local/lib/python3.12/site-packages/airflow/example_dags/example_display_name.py
[2024-04-13T16:31:23.247+0000] {processor.py:830} INFO - Processing file /home/airflow/.local/lib/python3.12/site-packages/airflow/example_dags/example_display_name.py for tasks to queue
[2024-04-13T16:31:23.247+0000] {logging_mixin.py:188} INFO - [2024-04-13T16:31:23.247+0000] {dagbag.py:540} INFO - Filling up the DagBag from /home/airflow/.local/lib/python3.12/site-packages/airflow/example_dags/example_display_name.py
[2024-04-13T16:31:23.250+0000] {processor.py:840} INFO - DAG(s) 'example_display_name' retrieved from /home/airflow/.local/lib/python3.12/site-packages/airflow/example_dags/example_display_name.py
[2024-04-13T16:31:23.258+0000] {logging_mixin.py:188} INFO - [2024-04-13T16:31:23.258+0000] {dag.py:3096} INFO - Sync 1 DAGs
[2024-04-13T16:31:23.263+0000] {logging_mixin.py:188} INFO - [2024-04-13T16:31:23.263+0000] {dag.py:3954} INFO - Setting next_dagrun for example_display_name to None, run_after=None
[2024-04-13T16:31:23.270+0000] {processor.py:183} INFO - Processing /home/airflow/.local/lib/python3.12/site-packages/airflow/example_dags/example_display_name.py took 0.027 seconds
[2024-04-13T16:31:53.867+0000] {processor.py:161} INFO - Started process (PID=2260) to work on /home/airflow/.local/lib/python3.12/site-packages/airflow/example_dags/example_display_name.py
[2024-04-13T16:31:53.868+0000] {processor.py:830} INFO - Processing file /home/airflow/.local/lib/python3.12/site-packages/airflow/example_dags/example_display_name.py for tasks to queue
[2024-04-13T16:31:53.869+0000] {logging_mixin.py:188} INFO - [2024-04-13T16:31:53.868+0000] {dagbag.py:540} INFO - Filling up the DagBag from /home/airflow/.local/lib/python3.12/site-packages/airflow/example_dags/example_display_name.py
[2024-04-13T16:31:53.871+0000] {processor.py:840} INFO - DAG(s) 'example_display_name' retrieved from /home/airflow/.local/lib/python3.12/site-packages/airflow/example_dags/example_display_name.py
[2024-04-13T16:31:53.881+0000] {logging_mixin.py:188} INFO - [2024-04-13T16:31:53.880+0000] {dag.py:3096} INFO - Sync 1 DAGs
[2024-04-13T16:31:53.886+0000] {logging_mixin.py:188} INFO - [2024-04-13T16:31:53.886+0000] {dag.py:3954} INFO - Setting next_dagrun for example_display_name to None, run_after=None
[2024-04-13T16:31:53.893+0000] {processor.py:183} INFO - Processing /home/airflow/.local/lib/python3.12/site-packages/airflow/example_dags/example_display_name.py took 0.029 seconds
[2024-04-13T16:32:24.337+0000] {processor.py:161} INFO - Started process (PID=2317) to work on /home/airflow/.local/lib/python3.12/site-packages/airflow/example_dags/example_display_name.py
[2024-04-13T16:32:24.337+0000] {processor.py:830} INFO - Processing file /home/airflow/.local/lib/python3.12/site-packages/airflow/example_dags/example_display_name.py for tasks to queue
[2024-04-13T16:32:24.338+0000] {logging_mixin.py:188} INFO - [2024-04-13T16:32:24.338+0000] {dagbag.py:540} INFO - Filling up the DagBag from /home/airflow/.local/lib/python3.12/site-packages/airflow/example_dags/example_display_name.py
[2024-04-13T16:32:24.342+0000] {processor.py:840} INFO - DAG(s) 'example_display_name' retrieved from /home/airflow/.local/lib/python3.12/site-packages/airflow/example_dags/example_display_name.py
[2024-04-13T16:32:24.351+0000] {logging_mixin.py:188} INFO - [2024-04-13T16:32:24.351+0000] {dag.py:3096} INFO - Sync 1 DAGs
[2024-04-13T16:32:24.356+0000] {logging_mixin.py:188} INFO - [2024-04-13T16:32:24.356+0000] {dag.py:3954} INFO - Setting next_dagrun for example_display_name to None, run_after=None
[2024-04-13T16:32:24.363+0000] {processor.py:183} INFO - Processing /home/airflow/.local/lib/python3.12/site-packages/airflow/example_dags/example_display_name.py took 0.029 seconds
[2024-04-13T16:32:55.003+0000] {processor.py:161} INFO - Started process (PID=2375) to work on /home/airflow/.local/lib/python3.12/site-packages/airflow/example_dags/example_display_name.py
[2024-04-13T16:32:55.004+0000] {processor.py:830} INFO - Processing file /home/airflow/.local/lib/python3.12/site-packages/airflow/example_dags/example_display_name.py for tasks to queue
[2024-04-13T16:32:55.005+0000] {logging_mixin.py:188} INFO - [2024-04-13T16:32:55.005+0000] {dagbag.py:540} INFO - Filling up the DagBag from /home/airflow/.local/lib/python3.12/site-packages/airflow/example_dags/example_display_name.py
[2024-04-13T16:32:55.009+0000] {processor.py:840} INFO - DAG(s) 'example_display_name' retrieved from /home/airflow/.local/lib/python3.12/site-packages/airflow/example_dags/example_display_name.py
[2024-04-13T16:32:55.019+0000] {logging_mixin.py:188} INFO - [2024-04-13T16:32:55.019+0000] {dag.py:3096} INFO - Sync 1 DAGs
[2024-04-13T16:32:55.024+0000] {logging_mixin.py:188} INFO - [2024-04-13T16:32:55.024+0000] {dag.py:3954} INFO - Setting next_dagrun for example_display_name to None, run_after=None
[2024-04-13T16:32:55.032+0000] {processor.py:183} INFO - Processing /home/airflow/.local/lib/python3.12/site-packages/airflow/example_dags/example_display_name.py took 0.032 seconds
[2024-04-13T16:33:25.578+0000] {processor.py:161} INFO - Started process (PID=2433) to work on /home/airflow/.local/lib/python3.12/site-packages/airflow/example_dags/example_display_name.py
[2024-04-13T16:33:25.578+0000] {processor.py:830} INFO - Processing file /home/airflow/.local/lib/python3.12/site-packages/airflow/example_dags/example_display_name.py for tasks to queue
[2024-04-13T16:33:25.579+0000] {logging_mixin.py:188} INFO - [2024-04-13T16:33:25.579+0000] {dagbag.py:540} INFO - Filling up the DagBag from /home/airflow/.local/lib/python3.12/site-packages/airflow/example_dags/example_display_name.py
[2024-04-13T16:33:25.582+0000] {processor.py:840} INFO - DAG(s) 'example_display_name' retrieved from /home/airflow/.local/lib/python3.12/site-packages/airflow/example_dags/example_display_name.py
[2024-04-13T16:33:25.590+0000] {logging_mixin.py:188} INFO - [2024-04-13T16:33:25.590+0000] {dag.py:3096} INFO - Sync 1 DAGs
[2024-04-13T16:33:25.595+0000] {logging_mixin.py:188} INFO - [2024-04-13T16:33:25.595+0000] {dag.py:3954} INFO - Setting next_dagrun for example_display_name to None, run_after=None
[2024-04-13T16:33:25.604+0000] {processor.py:183} INFO - Processing /home/airflow/.local/lib/python3.12/site-packages/airflow/example_dags/example_display_name.py took 0.029 seconds
[2024-04-13T16:33:56.240+0000] {processor.py:161} INFO - Started process (PID=2491) to work on /home/airflow/.local/lib/python3.12/site-packages/airflow/example_dags/example_display_name.py
[2024-04-13T16:33:56.241+0000] {processor.py:830} INFO - Processing file /home/airflow/.local/lib/python3.12/site-packages/airflow/example_dags/example_display_name.py for tasks to queue
[2024-04-13T16:33:56.242+0000] {logging_mixin.py:188} INFO - [2024-04-13T16:33:56.242+0000] {dagbag.py:540} INFO - Filling up the DagBag from /home/airflow/.local/lib/python3.12/site-packages/airflow/example_dags/example_display_name.py
[2024-04-13T16:33:56.244+0000] {processor.py:840} INFO - DAG(s) 'example_display_name' retrieved from /home/airflow/.local/lib/python3.12/site-packages/airflow/example_dags/example_display_name.py
[2024-04-13T16:33:56.253+0000] {logging_mixin.py:188} INFO - [2024-04-13T16:33:56.253+0000] {dag.py:3096} INFO - Sync 1 DAGs
[2024-04-13T16:33:56.258+0000] {logging_mixin.py:188} INFO - [2024-04-13T16:33:56.258+0000] {dag.py:3954} INFO - Setting next_dagrun for example_display_name to None, run_after=None
[2024-04-13T16:33:56.265+0000] {processor.py:183} INFO - Processing /home/airflow/.local/lib/python3.12/site-packages/airflow/example_dags/example_display_name.py took 0.027 seconds
[2024-04-13T16:34:26.831+0000] {processor.py:161} INFO - Started process (PID=2549) to work on /home/airflow/.local/lib/python3.12/site-packages/airflow/example_dags/example_display_name.py
[2024-04-13T16:34:26.832+0000] {processor.py:830} INFO - Processing file /home/airflow/.local/lib/python3.12/site-packages/airflow/example_dags/example_display_name.py for tasks to queue
[2024-04-13T16:34:26.833+0000] {logging_mixin.py:188} INFO - [2024-04-13T16:34:26.833+0000] {dagbag.py:540} INFO - Filling up the DagBag from /home/airflow/.local/lib/python3.12/site-packages/airflow/example_dags/example_display_name.py
[2024-04-13T16:34:26.835+0000] {processor.py:840} INFO - DAG(s) 'example_display_name' retrieved from /home/airflow/.local/lib/python3.12/site-packages/airflow/example_dags/example_display_name.py
[2024-04-13T16:34:26.843+0000] {logging_mixin.py:188} INFO - [2024-04-13T16:34:26.843+0000] {dag.py:3096} INFO - Sync 1 DAGs
[2024-04-13T16:34:26.848+0000] {logging_mixin.py:188} INFO - [2024-04-13T16:34:26.848+0000] {dag.py:3954} INFO - Setting next_dagrun for example_display_name to None, run_after=None
[2024-04-13T16:34:26.855+0000] {processor.py:183} INFO - Processing /home/airflow/.local/lib/python3.12/site-packages/airflow/example_dags/example_display_name.py took 0.027 seconds
[2024-04-13T16:34:57.352+0000] {processor.py:161} INFO - Started process (PID=2607) to work on /home/airflow/.local/lib/python3.12/site-packages/airflow/example_dags/example_display_name.py
[2024-04-13T16:34:57.352+0000] {processor.py:830} INFO - Processing file /home/airflow/.local/lib/python3.12/site-packages/airflow/example_dags/example_display_name.py for tasks to queue
[2024-04-13T16:34:57.353+0000] {logging_mixin.py:188} INFO - [2024-04-13T16:34:57.353+0000] {dagbag.py:540} INFO - Filling up the DagBag from /home/airflow/.local/lib/python3.12/site-packages/airflow/example_dags/example_display_name.py
[2024-04-13T16:34:57.355+0000] {processor.py:840} INFO - DAG(s) 'example_display_name' retrieved from /home/airflow/.local/lib/python3.12/site-packages/airflow/example_dags/example_display_name.py
[2024-04-13T16:34:57.364+0000] {logging_mixin.py:188} INFO - [2024-04-13T16:34:57.364+0000] {dag.py:3096} INFO - Sync 1 DAGs
[2024-04-13T16:34:57.369+0000] {logging_mixin.py:188} INFO - [2024-04-13T16:34:57.369+0000] {dag.py:3954} INFO - Setting next_dagrun for example_display_name to None, run_after=None
[2024-04-13T16:34:57.376+0000] {processor.py:183} INFO - Processing /home/airflow/.local/lib/python3.12/site-packages/airflow/example_dags/example_display_name.py took 0.027 seconds
[2024-04-13T16:35:28.016+0000] {processor.py:161} INFO - Started process (PID=2665) to work on /home/airflow/.local/lib/python3.12/site-packages/airflow/example_dags/example_display_name.py
[2024-04-13T16:35:28.017+0000] {processor.py:830} INFO - Processing file /home/airflow/.local/lib/python3.12/site-packages/airflow/example_dags/example_display_name.py for tasks to queue
[2024-04-13T16:35:28.017+0000] {logging_mixin.py:188} INFO - [2024-04-13T16:35:28.017+0000] {dagbag.py:540} INFO - Filling up the DagBag from /home/airflow/.local/lib/python3.12/site-packages/airflow/example_dags/example_display_name.py
[2024-04-13T16:35:28.020+0000] {processor.py:840} INFO - DAG(s) 'example_display_name' retrieved from /home/airflow/.local/lib/python3.12/site-packages/airflow/example_dags/example_display_name.py
[2024-04-13T16:35:28.030+0000] {logging_mixin.py:188} INFO - [2024-04-13T16:35:28.030+0000] {dag.py:3096} INFO - Sync 1 DAGs
[2024-04-13T16:35:28.037+0000] {logging_mixin.py:188} INFO - [2024-04-13T16:35:28.037+0000] {dag.py:3954} INFO - Setting next_dagrun for example_display_name to None, run_after=None
[2024-04-13T16:35:28.045+0000] {processor.py:183} INFO - Processing /home/airflow/.local/lib/python3.12/site-packages/airflow/example_dags/example_display_name.py took 0.032 seconds
[2024-04-13T16:35:58.611+0000] {processor.py:161} INFO - Started process (PID=2723) to work on /home/airflow/.local/lib/python3.12/site-packages/airflow/example_dags/example_display_name.py
[2024-04-13T16:35:58.612+0000] {processor.py:830} INFO - Processing file /home/airflow/.local/lib/python3.12/site-packages/airflow/example_dags/example_display_name.py for tasks to queue
[2024-04-13T16:35:58.612+0000] {logging_mixin.py:188} INFO - [2024-04-13T16:35:58.612+0000] {dagbag.py:540} INFO - Filling up the DagBag from /home/airflow/.local/lib/python3.12/site-packages/airflow/example_dags/example_display_name.py
[2024-04-13T16:35:58.615+0000] {processor.py:840} INFO - DAG(s) 'example_display_name' retrieved from /home/airflow/.local/lib/python3.12/site-packages/airflow/example_dags/example_display_name.py
[2024-04-13T16:35:58.623+0000] {logging_mixin.py:188} INFO - [2024-04-13T16:35:58.622+0000] {dag.py:3096} INFO - Sync 1 DAGs
[2024-04-13T16:35:58.628+0000] {logging_mixin.py:188} INFO - [2024-04-13T16:35:58.627+0000] {dag.py:3954} INFO - Setting next_dagrun for example_display_name to None, run_after=None
[2024-04-13T16:35:58.634+0000] {processor.py:183} INFO - Processing /home/airflow/.local/lib/python3.12/site-packages/airflow/example_dags/example_display_name.py took 0.026 seconds
[2024-04-13T16:36:29.276+0000] {processor.py:161} INFO - Started process (PID=2781) to work on /home/airflow/.local/lib/python3.12/site-packages/airflow/example_dags/example_display_name.py
[2024-04-13T16:36:29.276+0000] {processor.py:830} INFO - Processing file /home/airflow/.local/lib/python3.12/site-packages/airflow/example_dags/example_display_name.py for tasks to queue
[2024-04-13T16:36:29.277+0000] {logging_mixin.py:188} INFO - [2024-04-13T16:36:29.277+0000] {dagbag.py:540} INFO - Filling up the DagBag from /home/airflow/.local/lib/python3.12/site-packages/airflow/example_dags/example_display_name.py
[2024-04-13T16:36:29.280+0000] {processor.py:840} INFO - DAG(s) 'example_display_name' retrieved from /home/airflow/.local/lib/python3.12/site-packages/airflow/example_dags/example_display_name.py
[2024-04-13T16:36:29.287+0000] {logging_mixin.py:188} INFO - [2024-04-13T16:36:29.287+0000] {dag.py:3096} INFO - Sync 1 DAGs
[2024-04-13T16:36:29.292+0000] {logging_mixin.py:188} INFO - [2024-04-13T16:36:29.292+0000] {dag.py:3954} INFO - Setting next_dagrun for example_display_name to None, run_after=None
[2024-04-13T16:36:29.299+0000] {processor.py:183} INFO - Processing /home/airflow/.local/lib/python3.12/site-packages/airflow/example_dags/example_display_name.py took 0.026 seconds
[2024-04-13T16:36:59.859+0000] {processor.py:161} INFO - Started process (PID=2838) to work on /home/airflow/.local/lib/python3.12/site-packages/airflow/example_dags/example_display_name.py
[2024-04-13T16:36:59.859+0000] {processor.py:830} INFO - Processing file /home/airflow/.local/lib/python3.12/site-packages/airflow/example_dags/example_display_name.py for tasks to queue
[2024-04-13T16:36:59.860+0000] {logging_mixin.py:188} INFO - [2024-04-13T16:36:59.860+0000] {dagbag.py:540} INFO - Filling up the DagBag from /home/airflow/.local/lib/python3.12/site-packages/airflow/example_dags/example_display_name.py
[2024-04-13T16:36:59.863+0000] {processor.py:840} INFO - DAG(s) 'example_display_name' retrieved from /home/airflow/.local/lib/python3.12/site-packages/airflow/example_dags/example_display_name.py
[2024-04-13T16:36:59.871+0000] {logging_mixin.py:188} INFO - [2024-04-13T16:36:59.871+0000] {dag.py:3096} INFO - Sync 1 DAGs
[2024-04-13T16:36:59.876+0000] {logging_mixin.py:188} INFO - [2024-04-13T16:36:59.876+0000] {dag.py:3954} INFO - Setting next_dagrun for example_display_name to None, run_after=None
[2024-04-13T16:36:59.883+0000] {processor.py:183} INFO - Processing /home/airflow/.local/lib/python3.12/site-packages/airflow/example_dags/example_display_name.py took 0.027 seconds
[2024-04-13T16:37:30.365+0000] {processor.py:161} INFO - Started process (PID=2896) to work on /home/airflow/.local/lib/python3.12/site-packages/airflow/example_dags/example_display_name.py
[2024-04-13T16:37:30.365+0000] {processor.py:830} INFO - Processing file /home/airflow/.local/lib/python3.12/site-packages/airflow/example_dags/example_display_name.py for tasks to queue
[2024-04-13T16:37:30.366+0000] {logging_mixin.py:188} INFO - [2024-04-13T16:37:30.366+0000] {dagbag.py:540} INFO - Filling up the DagBag from /home/airflow/.local/lib/python3.12/site-packages/airflow/example_dags/example_display_name.py
[2024-04-13T16:37:30.369+0000] {processor.py:840} INFO - DAG(s) 'example_display_name' retrieved from /home/airflow/.local/lib/python3.12/site-packages/airflow/example_dags/example_display_name.py
[2024-04-13T16:37:30.378+0000] {logging_mixin.py:188} INFO - [2024-04-13T16:37:30.378+0000] {dag.py:3096} INFO - Sync 1 DAGs
[2024-04-13T16:37:30.383+0000] {logging_mixin.py:188} INFO - [2024-04-13T16:37:30.383+0000] {dag.py:3954} INFO - Setting next_dagrun for example_display_name to None, run_after=None
[2024-04-13T16:37:30.390+0000] {processor.py:183} INFO - Processing /home/airflow/.local/lib/python3.12/site-packages/airflow/example_dags/example_display_name.py took 0.027 seconds
[2024-04-13T16:38:01.469+0000] {processor.py:161} INFO - Started process (PID=2954) to work on /home/airflow/.local/lib/python3.12/site-packages/airflow/example_dags/example_display_name.py
[2024-04-13T16:38:01.470+0000] {processor.py:830} INFO - Processing file /home/airflow/.local/lib/python3.12/site-packages/airflow/example_dags/example_display_name.py for tasks to queue
[2024-04-13T16:38:01.473+0000] {logging_mixin.py:188} INFO - [2024-04-13T16:38:01.472+0000] {dagbag.py:540} INFO - Filling up the DagBag from /home/airflow/.local/lib/python3.12/site-packages/airflow/example_dags/example_display_name.py
[2024-04-13T16:38:01.478+0000] {processor.py:840} INFO - DAG(s) 'example_display_name' retrieved from /home/airflow/.local/lib/python3.12/site-packages/airflow/example_dags/example_display_name.py
[2024-04-13T16:38:01.513+0000] {logging_mixin.py:188} INFO - [2024-04-13T16:38:01.513+0000] {dag.py:3096} INFO - Sync 1 DAGs
[2024-04-13T16:38:01.539+0000] {logging_mixin.py:188} INFO - [2024-04-13T16:38:01.538+0000] {dag.py:3954} INFO - Setting next_dagrun for example_display_name to None, run_after=None
[2024-04-13T16:38:01.574+0000] {processor.py:183} INFO - Processing /home/airflow/.local/lib/python3.12/site-packages/airflow/example_dags/example_display_name.py took 0.110 seconds
[2024-04-13T16:38:32.035+0000] {processor.py:161} INFO - Started process (PID=3012) to work on /home/airflow/.local/lib/python3.12/site-packages/airflow/example_dags/example_display_name.py
[2024-04-13T16:38:32.035+0000] {processor.py:830} INFO - Processing file /home/airflow/.local/lib/python3.12/site-packages/airflow/example_dags/example_display_name.py for tasks to queue
[2024-04-13T16:38:32.036+0000] {logging_mixin.py:188} INFO - [2024-04-13T16:38:32.036+0000] {dagbag.py:540} INFO - Filling up the DagBag from /home/airflow/.local/lib/python3.12/site-packages/airflow/example_dags/example_display_name.py
[2024-04-13T16:38:32.040+0000] {processor.py:840} INFO - DAG(s) 'example_display_name' retrieved from /home/airflow/.local/lib/python3.12/site-packages/airflow/example_dags/example_display_name.py
[2024-04-13T16:38:32.054+0000] {logging_mixin.py:188} INFO - [2024-04-13T16:38:32.054+0000] {dag.py:3096} INFO - Sync 1 DAGs
[2024-04-13T16:38:32.061+0000] {logging_mixin.py:188} INFO - [2024-04-13T16:38:32.061+0000] {dag.py:3954} INFO - Setting next_dagrun for example_display_name to None, run_after=None
[2024-04-13T16:38:32.073+0000] {processor.py:183} INFO - Processing /home/airflow/.local/lib/python3.12/site-packages/airflow/example_dags/example_display_name.py took 0.043 seconds
[2024-04-13T16:39:02.373+0000] {processor.py:161} INFO - Started process (PID=3070) to work on /home/airflow/.local/lib/python3.12/site-packages/airflow/example_dags/example_display_name.py
[2024-04-13T16:39:02.374+0000] {processor.py:830} INFO - Processing file /home/airflow/.local/lib/python3.12/site-packages/airflow/example_dags/example_display_name.py for tasks to queue
[2024-04-13T16:39:02.375+0000] {logging_mixin.py:188} INFO - [2024-04-13T16:39:02.374+0000] {dagbag.py:540} INFO - Filling up the DagBag from /home/airflow/.local/lib/python3.12/site-packages/airflow/example_dags/example_display_name.py
[2024-04-13T16:39:02.377+0000] {processor.py:840} INFO - DAG(s) 'example_display_name' retrieved from /home/airflow/.local/lib/python3.12/site-packages/airflow/example_dags/example_display_name.py
[2024-04-13T16:39:02.386+0000] {logging_mixin.py:188} INFO - [2024-04-13T16:39:02.386+0000] {dag.py:3096} INFO - Sync 1 DAGs
[2024-04-13T16:39:02.391+0000] {logging_mixin.py:188} INFO - [2024-04-13T16:39:02.391+0000] {dag.py:3954} INFO - Setting next_dagrun for example_display_name to None, run_after=None
[2024-04-13T16:39:02.399+0000] {processor.py:183} INFO - Processing /home/airflow/.local/lib/python3.12/site-packages/airflow/example_dags/example_display_name.py took 0.028 seconds
[2024-04-13T16:39:32.932+0000] {processor.py:161} INFO - Started process (PID=3127) to work on /home/airflow/.local/lib/python3.12/site-packages/airflow/example_dags/example_display_name.py
[2024-04-13T16:39:32.932+0000] {processor.py:830} INFO - Processing file /home/airflow/.local/lib/python3.12/site-packages/airflow/example_dags/example_display_name.py for tasks to queue
[2024-04-13T16:39:32.933+0000] {logging_mixin.py:188} INFO - [2024-04-13T16:39:32.933+0000] {dagbag.py:540} INFO - Filling up the DagBag from /home/airflow/.local/lib/python3.12/site-packages/airflow/example_dags/example_display_name.py
[2024-04-13T16:39:32.936+0000] {processor.py:840} INFO - DAG(s) 'example_display_name' retrieved from /home/airflow/.local/lib/python3.12/site-packages/airflow/example_dags/example_display_name.py
[2024-04-13T16:39:32.945+0000] {logging_mixin.py:188} INFO - [2024-04-13T16:39:32.944+0000] {dag.py:3096} INFO - Sync 1 DAGs
[2024-04-13T16:39:32.950+0000] {logging_mixin.py:188} INFO - [2024-04-13T16:39:32.950+0000] {dag.py:3954} INFO - Setting next_dagrun for example_display_name to None, run_after=None
[2024-04-13T16:39:32.959+0000] {processor.py:183} INFO - Processing /home/airflow/.local/lib/python3.12/site-packages/airflow/example_dags/example_display_name.py took 0.030 seconds
[2024-04-13T16:40:03.435+0000] {processor.py:161} INFO - Started process (PID=3185) to work on /home/airflow/.local/lib/python3.12/site-packages/airflow/example_dags/example_display_name.py
[2024-04-13T16:40:03.435+0000] {processor.py:830} INFO - Processing file /home/airflow/.local/lib/python3.12/site-packages/airflow/example_dags/example_display_name.py for tasks to queue
[2024-04-13T16:40:03.436+0000] {logging_mixin.py:188} INFO - [2024-04-13T16:40:03.436+0000] {dagbag.py:540} INFO - Filling up the DagBag from /home/airflow/.local/lib/python3.12/site-packages/airflow/example_dags/example_display_name.py
[2024-04-13T16:40:03.439+0000] {processor.py:840} INFO - DAG(s) 'example_display_name' retrieved from /home/airflow/.local/lib/python3.12/site-packages/airflow/example_dags/example_display_name.py
[2024-04-13T16:40:03.448+0000] {logging_mixin.py:188} INFO - [2024-04-13T16:40:03.448+0000] {dag.py:3096} INFO - Sync 1 DAGs
[2024-04-13T16:40:03.453+0000] {logging_mixin.py:188} INFO - [2024-04-13T16:40:03.453+0000] {dag.py:3954} INFO - Setting next_dagrun for example_display_name to None, run_after=None
[2024-04-13T16:40:03.460+0000] {processor.py:183} INFO - Processing /home/airflow/.local/lib/python3.12/site-packages/airflow/example_dags/example_display_name.py took 0.027 seconds
[2024-04-13T16:40:33.964+0000] {processor.py:161} INFO - Started process (PID=3243) to work on /home/airflow/.local/lib/python3.12/site-packages/airflow/example_dags/example_display_name.py
[2024-04-13T16:40:33.965+0000] {processor.py:830} INFO - Processing file /home/airflow/.local/lib/python3.12/site-packages/airflow/example_dags/example_display_name.py for tasks to queue
[2024-04-13T16:40:33.965+0000] {logging_mixin.py:188} INFO - [2024-04-13T16:40:33.965+0000] {dagbag.py:540} INFO - Filling up the DagBag from /home/airflow/.local/lib/python3.12/site-packages/airflow/example_dags/example_display_name.py
[2024-04-13T16:40:33.968+0000] {processor.py:840} INFO - DAG(s) 'example_display_name' retrieved from /home/airflow/.local/lib/python3.12/site-packages/airflow/example_dags/example_display_name.py
[2024-04-13T16:40:33.977+0000] {logging_mixin.py:188} INFO - [2024-04-13T16:40:33.977+0000] {dag.py:3096} INFO - Sync 1 DAGs
[2024-04-13T16:40:33.982+0000] {logging_mixin.py:188} INFO - [2024-04-13T16:40:33.982+0000] {dag.py:3954} INFO - Setting next_dagrun for example_display_name to None, run_after=None
[2024-04-13T16:40:33.989+0000] {processor.py:183} INFO - Processing /home/airflow/.local/lib/python3.12/site-packages/airflow/example_dags/example_display_name.py took 0.027 seconds
[2024-04-13T16:41:04.560+0000] {processor.py:161} INFO - Started process (PID=3301) to work on /home/airflow/.local/lib/python3.12/site-packages/airflow/example_dags/example_display_name.py
[2024-04-13T16:41:04.560+0000] {processor.py:830} INFO - Processing file /home/airflow/.local/lib/python3.12/site-packages/airflow/example_dags/example_display_name.py for tasks to queue
[2024-04-13T16:41:04.561+0000] {logging_mixin.py:188} INFO - [2024-04-13T16:41:04.561+0000] {dagbag.py:540} INFO - Filling up the DagBag from /home/airflow/.local/lib/python3.12/site-packages/airflow/example_dags/example_display_name.py
[2024-04-13T16:41:04.564+0000] {processor.py:840} INFO - DAG(s) 'example_display_name' retrieved from /home/airflow/.local/lib/python3.12/site-packages/airflow/example_dags/example_display_name.py
[2024-04-13T16:41:04.572+0000] {logging_mixin.py:188} INFO - [2024-04-13T16:41:04.572+0000] {dag.py:3096} INFO - Sync 1 DAGs
[2024-04-13T16:41:04.578+0000] {logging_mixin.py:188} INFO - [2024-04-13T16:41:04.577+0000] {dag.py:3954} INFO - Setting next_dagrun for example_display_name to None, run_after=None
[2024-04-13T16:41:04.584+0000] {processor.py:183} INFO - Processing /home/airflow/.local/lib/python3.12/site-packages/airflow/example_dags/example_display_name.py took 0.027 seconds
