[2024-04-13T16:12:31.004+0000] {processor.py:161} INFO - Started process (PID=47) to work on /home/airflow/.local/lib/python3.12/site-packages/airflow/example_dags/example_xcomargs.py
[2024-04-13T16:12:31.006+0000] {processor.py:830} INFO - Processing file /home/airflow/.local/lib/python3.12/site-packages/airflow/example_dags/example_xcomargs.py for tasks to queue
[2024-04-13T16:12:31.010+0000] {logging_mixin.py:188} INFO - [2024-04-13T16:12:31.009+0000] {dagbag.py:540} INFO - Filling up the DagBag from /home/airflow/.local/lib/python3.12/site-packages/airflow/example_dags/example_xcomargs.py
[2024-04-13T16:12:31.018+0000] {processor.py:840} INFO - DAG(s) 'example_xcom_args', 'example_xcom_args_with_operators' retrieved from /home/airflow/.local/lib/python3.12/site-packages/airflow/example_dags/example_xcomargs.py
[2024-04-13T16:12:31.032+0000] {logging_mixin.py:188} INFO - [2024-04-13T16:12:31.031+0000] {dag.py:3096} INFO - Sync 2 DAGs
[2024-04-13T16:12:31.049+0000] {logging_mixin.py:188} INFO - [2024-04-13T16:12:31.049+0000] {dag.py:3954} INFO - Setting next_dagrun for example_xcom_args to None, run_after=None
[2024-04-13T16:12:31.052+0000] {logging_mixin.py:188} INFO - [2024-04-13T16:12:31.051+0000] {dag.py:3954} INFO - Setting next_dagrun for example_xcom_args_with_operators to None, run_after=None
[2024-04-13T16:12:31.067+0000] {processor.py:183} INFO - Processing /home/airflow/.local/lib/python3.12/site-packages/airflow/example_dags/example_xcomargs.py took 0.069 seconds
[2024-04-13T16:13:01.736+0000] {processor.py:161} INFO - Started process (PID=105) to work on /home/airflow/.local/lib/python3.12/site-packages/airflow/example_dags/example_xcomargs.py
[2024-04-13T16:13:01.736+0000] {processor.py:830} INFO - Processing file /home/airflow/.local/lib/python3.12/site-packages/airflow/example_dags/example_xcomargs.py for tasks to queue
[2024-04-13T16:13:01.737+0000] {logging_mixin.py:188} INFO - [2024-04-13T16:13:01.737+0000] {dagbag.py:540} INFO - Filling up the DagBag from /home/airflow/.local/lib/python3.12/site-packages/airflow/example_dags/example_xcomargs.py
[2024-04-13T16:13:01.741+0000] {processor.py:840} INFO - DAG(s) 'example_xcom_args', 'example_xcom_args_with_operators' retrieved from /home/airflow/.local/lib/python3.12/site-packages/airflow/example_dags/example_xcomargs.py
[2024-04-13T16:13:01.783+0000] {logging_mixin.py:188} INFO - [2024-04-13T16:13:01.783+0000] {dag.py:3096} INFO - Sync 2 DAGs
[2024-04-13T16:13:01.788+0000] {logging_mixin.py:188} INFO - [2024-04-13T16:13:01.788+0000] {dag.py:3954} INFO - Setting next_dagrun for example_xcom_args to None, run_after=None
[2024-04-13T16:13:01.790+0000] {logging_mixin.py:188} INFO - [2024-04-13T16:13:01.790+0000] {dag.py:3954} INFO - Setting next_dagrun for example_xcom_args_with_operators to None, run_after=None
[2024-04-13T16:13:01.796+0000] {processor.py:183} INFO - Processing /home/airflow/.local/lib/python3.12/site-packages/airflow/example_dags/example_xcomargs.py took 0.063 seconds
[2024-04-13T16:13:31.855+0000] {processor.py:161} INFO - Started process (PID=163) to work on /home/airflow/.local/lib/python3.12/site-packages/airflow/example_dags/example_xcomargs.py
[2024-04-13T16:13:31.855+0000] {processor.py:830} INFO - Processing file /home/airflow/.local/lib/python3.12/site-packages/airflow/example_dags/example_xcomargs.py for tasks to queue
[2024-04-13T16:13:31.856+0000] {logging_mixin.py:188} INFO - [2024-04-13T16:13:31.856+0000] {dagbag.py:540} INFO - Filling up the DagBag from /home/airflow/.local/lib/python3.12/site-packages/airflow/example_dags/example_xcomargs.py
[2024-04-13T16:13:31.860+0000] {processor.py:840} INFO - DAG(s) 'example_xcom_args', 'example_xcom_args_with_operators' retrieved from /home/airflow/.local/lib/python3.12/site-packages/airflow/example_dags/example_xcomargs.py
[2024-04-13T16:13:31.869+0000] {logging_mixin.py:188} INFO - [2024-04-13T16:13:31.869+0000] {dag.py:3096} INFO - Sync 2 DAGs
[2024-04-13T16:13:31.874+0000] {logging_mixin.py:188} INFO - [2024-04-13T16:13:31.874+0000] {dag.py:3954} INFO - Setting next_dagrun for example_xcom_args to None, run_after=None
[2024-04-13T16:13:31.875+0000] {logging_mixin.py:188} INFO - [2024-04-13T16:13:31.875+0000] {dag.py:3954} INFO - Setting next_dagrun for example_xcom_args_with_operators to None, run_after=None
[2024-04-13T16:13:31.881+0000] {processor.py:183} INFO - Processing /home/airflow/.local/lib/python3.12/site-packages/airflow/example_dags/example_xcomargs.py took 0.028 seconds
[2024-04-13T16:14:02.317+0000] {processor.py:161} INFO - Started process (PID=221) to work on /home/airflow/.local/lib/python3.12/site-packages/airflow/example_dags/example_xcomargs.py
[2024-04-13T16:14:02.317+0000] {processor.py:830} INFO - Processing file /home/airflow/.local/lib/python3.12/site-packages/airflow/example_dags/example_xcomargs.py for tasks to queue
[2024-04-13T16:14:02.318+0000] {logging_mixin.py:188} INFO - [2024-04-13T16:14:02.318+0000] {dagbag.py:540} INFO - Filling up the DagBag from /home/airflow/.local/lib/python3.12/site-packages/airflow/example_dags/example_xcomargs.py
[2024-04-13T16:14:02.321+0000] {processor.py:840} INFO - DAG(s) 'example_xcom_args_with_operators', 'example_xcom_args' retrieved from /home/airflow/.local/lib/python3.12/site-packages/airflow/example_dags/example_xcomargs.py
[2024-04-13T16:14:02.332+0000] {logging_mixin.py:188} INFO - [2024-04-13T16:14:02.331+0000] {dag.py:3096} INFO - Sync 2 DAGs
[2024-04-13T16:14:02.337+0000] {logging_mixin.py:188} INFO - [2024-04-13T16:14:02.337+0000] {dag.py:3954} INFO - Setting next_dagrun for example_xcom_args to None, run_after=None
[2024-04-13T16:14:02.338+0000] {logging_mixin.py:188} INFO - [2024-04-13T16:14:02.338+0000] {dag.py:3954} INFO - Setting next_dagrun for example_xcom_args_with_operators to None, run_after=None
[2024-04-13T16:14:02.345+0000] {processor.py:183} INFO - Processing /home/airflow/.local/lib/python3.12/site-packages/airflow/example_dags/example_xcomargs.py took 0.031 seconds
[2024-04-13T16:14:32.759+0000] {processor.py:161} INFO - Started process (PID=279) to work on /home/airflow/.local/lib/python3.12/site-packages/airflow/example_dags/example_xcomargs.py
[2024-04-13T16:14:32.760+0000] {processor.py:830} INFO - Processing file /home/airflow/.local/lib/python3.12/site-packages/airflow/example_dags/example_xcomargs.py for tasks to queue
[2024-04-13T16:14:32.760+0000] {logging_mixin.py:188} INFO - [2024-04-13T16:14:32.760+0000] {dagbag.py:540} INFO - Filling up the DagBag from /home/airflow/.local/lib/python3.12/site-packages/airflow/example_dags/example_xcomargs.py
[2024-04-13T16:14:32.764+0000] {processor.py:840} INFO - DAG(s) 'example_xcom_args', 'example_xcom_args_with_operators' retrieved from /home/airflow/.local/lib/python3.12/site-packages/airflow/example_dags/example_xcomargs.py
[2024-04-13T16:14:32.773+0000] {logging_mixin.py:188} INFO - [2024-04-13T16:14:32.773+0000] {dag.py:3096} INFO - Sync 2 DAGs
[2024-04-13T16:14:32.779+0000] {logging_mixin.py:188} INFO - [2024-04-13T16:14:32.779+0000] {dag.py:3954} INFO - Setting next_dagrun for example_xcom_args to None, run_after=None
[2024-04-13T16:14:32.780+0000] {logging_mixin.py:188} INFO - [2024-04-13T16:14:32.780+0000] {dag.py:3954} INFO - Setting next_dagrun for example_xcom_args_with_operators to None, run_after=None
[2024-04-13T16:14:32.786+0000] {processor.py:183} INFO - Processing /home/airflow/.local/lib/python3.12/site-packages/airflow/example_dags/example_xcomargs.py took 0.030 seconds
[2024-04-13T16:15:03.343+0000] {processor.py:161} INFO - Started process (PID=337) to work on /home/airflow/.local/lib/python3.12/site-packages/airflow/example_dags/example_xcomargs.py
[2024-04-13T16:15:03.344+0000] {processor.py:830} INFO - Processing file /home/airflow/.local/lib/python3.12/site-packages/airflow/example_dags/example_xcomargs.py for tasks to queue
[2024-04-13T16:15:03.344+0000] {logging_mixin.py:188} INFO - [2024-04-13T16:15:03.344+0000] {dagbag.py:540} INFO - Filling up the DagBag from /home/airflow/.local/lib/python3.12/site-packages/airflow/example_dags/example_xcomargs.py
[2024-04-13T16:15:03.348+0000] {processor.py:840} INFO - DAG(s) 'example_xcom_args_with_operators', 'example_xcom_args' retrieved from /home/airflow/.local/lib/python3.12/site-packages/airflow/example_dags/example_xcomargs.py
[2024-04-13T16:15:03.358+0000] {logging_mixin.py:188} INFO - [2024-04-13T16:15:03.358+0000] {dag.py:3096} INFO - Sync 2 DAGs
[2024-04-13T16:15:03.363+0000] {logging_mixin.py:188} INFO - [2024-04-13T16:15:03.363+0000] {dag.py:3954} INFO - Setting next_dagrun for example_xcom_args to None, run_after=None
[2024-04-13T16:15:03.364+0000] {logging_mixin.py:188} INFO - [2024-04-13T16:15:03.364+0000] {dag.py:3954} INFO - Setting next_dagrun for example_xcom_args_with_operators to None, run_after=None
[2024-04-13T16:15:03.370+0000] {processor.py:183} INFO - Processing /home/airflow/.local/lib/python3.12/site-packages/airflow/example_dags/example_xcomargs.py took 0.030 seconds
[2024-04-13T16:15:33.804+0000] {processor.py:161} INFO - Started process (PID=395) to work on /home/airflow/.local/lib/python3.12/site-packages/airflow/example_dags/example_xcomargs.py
[2024-04-13T16:15:33.804+0000] {processor.py:830} INFO - Processing file /home/airflow/.local/lib/python3.12/site-packages/airflow/example_dags/example_xcomargs.py for tasks to queue
[2024-04-13T16:15:33.805+0000] {logging_mixin.py:188} INFO - [2024-04-13T16:15:33.805+0000] {dagbag.py:540} INFO - Filling up the DagBag from /home/airflow/.local/lib/python3.12/site-packages/airflow/example_dags/example_xcomargs.py
[2024-04-13T16:15:33.809+0000] {processor.py:840} INFO - DAG(s) 'example_xcom_args_with_operators', 'example_xcom_args' retrieved from /home/airflow/.local/lib/python3.12/site-packages/airflow/example_dags/example_xcomargs.py
[2024-04-13T16:15:33.818+0000] {logging_mixin.py:188} INFO - [2024-04-13T16:15:33.818+0000] {dag.py:3096} INFO - Sync 2 DAGs
[2024-04-13T16:15:33.823+0000] {logging_mixin.py:188} INFO - [2024-04-13T16:15:33.823+0000] {dag.py:3954} INFO - Setting next_dagrun for example_xcom_args to None, run_after=None
[2024-04-13T16:15:33.825+0000] {logging_mixin.py:188} INFO - [2024-04-13T16:15:33.825+0000] {dag.py:3954} INFO - Setting next_dagrun for example_xcom_args_with_operators to None, run_after=None
[2024-04-13T16:15:33.831+0000] {processor.py:183} INFO - Processing /home/airflow/.local/lib/python3.12/site-packages/airflow/example_dags/example_xcomargs.py took 0.029 seconds
[2024-04-13T16:16:04.333+0000] {processor.py:161} INFO - Started process (PID=453) to work on /home/airflow/.local/lib/python3.12/site-packages/airflow/example_dags/example_xcomargs.py
[2024-04-13T16:16:04.333+0000] {processor.py:830} INFO - Processing file /home/airflow/.local/lib/python3.12/site-packages/airflow/example_dags/example_xcomargs.py for tasks to queue
[2024-04-13T16:16:04.334+0000] {logging_mixin.py:188} INFO - [2024-04-13T16:16:04.334+0000] {dagbag.py:540} INFO - Filling up the DagBag from /home/airflow/.local/lib/python3.12/site-packages/airflow/example_dags/example_xcomargs.py
[2024-04-13T16:16:04.338+0000] {processor.py:840} INFO - DAG(s) 'example_xcom_args', 'example_xcom_args_with_operators' retrieved from /home/airflow/.local/lib/python3.12/site-packages/airflow/example_dags/example_xcomargs.py
[2024-04-13T16:16:04.349+0000] {logging_mixin.py:188} INFO - [2024-04-13T16:16:04.349+0000] {dag.py:3096} INFO - Sync 2 DAGs
[2024-04-13T16:16:04.354+0000] {logging_mixin.py:188} INFO - [2024-04-13T16:16:04.354+0000] {dag.py:3954} INFO - Setting next_dagrun for example_xcom_args to None, run_after=None
[2024-04-13T16:16:04.356+0000] {logging_mixin.py:188} INFO - [2024-04-13T16:16:04.356+0000] {dag.py:3954} INFO - Setting next_dagrun for example_xcom_args_with_operators to None, run_after=None
[2024-04-13T16:16:04.363+0000] {processor.py:183} INFO - Processing /home/airflow/.local/lib/python3.12/site-packages/airflow/example_dags/example_xcomargs.py took 0.032 seconds
[2024-04-13T16:16:34.935+0000] {processor.py:161} INFO - Started process (PID=511) to work on /home/airflow/.local/lib/python3.12/site-packages/airflow/example_dags/example_xcomargs.py
[2024-04-13T16:16:34.935+0000] {processor.py:830} INFO - Processing file /home/airflow/.local/lib/python3.12/site-packages/airflow/example_dags/example_xcomargs.py for tasks to queue
[2024-04-13T16:16:34.936+0000] {logging_mixin.py:188} INFO - [2024-04-13T16:16:34.936+0000] {dagbag.py:540} INFO - Filling up the DagBag from /home/airflow/.local/lib/python3.12/site-packages/airflow/example_dags/example_xcomargs.py
[2024-04-13T16:16:34.940+0000] {processor.py:840} INFO - DAG(s) 'example_xcom_args', 'example_xcom_args_with_operators' retrieved from /home/airflow/.local/lib/python3.12/site-packages/airflow/example_dags/example_xcomargs.py
[2024-04-13T16:16:34.949+0000] {logging_mixin.py:188} INFO - [2024-04-13T16:16:34.949+0000] {dag.py:3096} INFO - Sync 2 DAGs
[2024-04-13T16:16:34.954+0000] {logging_mixin.py:188} INFO - [2024-04-13T16:16:34.954+0000] {dag.py:3954} INFO - Setting next_dagrun for example_xcom_args to None, run_after=None
[2024-04-13T16:16:34.956+0000] {logging_mixin.py:188} INFO - [2024-04-13T16:16:34.956+0000] {dag.py:3954} INFO - Setting next_dagrun for example_xcom_args_with_operators to None, run_after=None
[2024-04-13T16:16:34.962+0000] {processor.py:183} INFO - Processing /home/airflow/.local/lib/python3.12/site-packages/airflow/example_dags/example_xcomargs.py took 0.029 seconds
[2024-04-13T16:17:05.594+0000] {processor.py:161} INFO - Started process (PID=569) to work on /home/airflow/.local/lib/python3.12/site-packages/airflow/example_dags/example_xcomargs.py
[2024-04-13T16:17:05.594+0000] {processor.py:830} INFO - Processing file /home/airflow/.local/lib/python3.12/site-packages/airflow/example_dags/example_xcomargs.py for tasks to queue
[2024-04-13T16:17:05.595+0000] {logging_mixin.py:188} INFO - [2024-04-13T16:17:05.595+0000] {dagbag.py:540} INFO - Filling up the DagBag from /home/airflow/.local/lib/python3.12/site-packages/airflow/example_dags/example_xcomargs.py
[2024-04-13T16:17:05.599+0000] {processor.py:840} INFO - DAG(s) 'example_xcom_args', 'example_xcom_args_with_operators' retrieved from /home/airflow/.local/lib/python3.12/site-packages/airflow/example_dags/example_xcomargs.py
[2024-04-13T16:17:05.608+0000] {logging_mixin.py:188} INFO - [2024-04-13T16:17:05.608+0000] {dag.py:3096} INFO - Sync 2 DAGs
[2024-04-13T16:17:05.613+0000] {logging_mixin.py:188} INFO - [2024-04-13T16:17:05.613+0000] {dag.py:3954} INFO - Setting next_dagrun for example_xcom_args to None, run_after=None
[2024-04-13T16:17:05.615+0000] {logging_mixin.py:188} INFO - [2024-04-13T16:17:05.615+0000] {dag.py:3954} INFO - Setting next_dagrun for example_xcom_args_with_operators to None, run_after=None
[2024-04-13T16:17:05.621+0000] {processor.py:183} INFO - Processing /home/airflow/.local/lib/python3.12/site-packages/airflow/example_dags/example_xcomargs.py took 0.029 seconds
[2024-04-13T16:17:36.152+0000] {processor.py:161} INFO - Started process (PID=627) to work on /home/airflow/.local/lib/python3.12/site-packages/airflow/example_dags/example_xcomargs.py
[2024-04-13T16:17:36.153+0000] {processor.py:830} INFO - Processing file /home/airflow/.local/lib/python3.12/site-packages/airflow/example_dags/example_xcomargs.py for tasks to queue
[2024-04-13T16:17:36.153+0000] {logging_mixin.py:188} INFO - [2024-04-13T16:17:36.153+0000] {dagbag.py:540} INFO - Filling up the DagBag from /home/airflow/.local/lib/python3.12/site-packages/airflow/example_dags/example_xcomargs.py
[2024-04-13T16:17:36.157+0000] {processor.py:840} INFO - DAG(s) 'example_xcom_args', 'example_xcom_args_with_operators' retrieved from /home/airflow/.local/lib/python3.12/site-packages/airflow/example_dags/example_xcomargs.py
[2024-04-13T16:17:36.166+0000] {logging_mixin.py:188} INFO - [2024-04-13T16:17:36.166+0000] {dag.py:3096} INFO - Sync 2 DAGs
[2024-04-13T16:17:36.171+0000] {logging_mixin.py:188} INFO - [2024-04-13T16:17:36.171+0000] {dag.py:3954} INFO - Setting next_dagrun for example_xcom_args to None, run_after=None
[2024-04-13T16:17:36.173+0000] {logging_mixin.py:188} INFO - [2024-04-13T16:17:36.172+0000] {dag.py:3954} INFO - Setting next_dagrun for example_xcom_args_with_operators to None, run_after=None
[2024-04-13T16:17:36.179+0000] {processor.py:183} INFO - Processing /home/airflow/.local/lib/python3.12/site-packages/airflow/example_dags/example_xcomargs.py took 0.029 seconds
[2024-04-13T16:18:06.819+0000] {processor.py:161} INFO - Started process (PID=685) to work on /home/airflow/.local/lib/python3.12/site-packages/airflow/example_dags/example_xcomargs.py
[2024-04-13T16:18:06.819+0000] {processor.py:830} INFO - Processing file /home/airflow/.local/lib/python3.12/site-packages/airflow/example_dags/example_xcomargs.py for tasks to queue
[2024-04-13T16:18:06.820+0000] {logging_mixin.py:188} INFO - [2024-04-13T16:18:06.820+0000] {dagbag.py:540} INFO - Filling up the DagBag from /home/airflow/.local/lib/python3.12/site-packages/airflow/example_dags/example_xcomargs.py
[2024-04-13T16:18:06.824+0000] {processor.py:840} INFO - DAG(s) 'example_xcom_args_with_operators', 'example_xcom_args' retrieved from /home/airflow/.local/lib/python3.12/site-packages/airflow/example_dags/example_xcomargs.py
[2024-04-13T16:18:06.833+0000] {logging_mixin.py:188} INFO - [2024-04-13T16:18:06.833+0000] {dag.py:3096} INFO - Sync 2 DAGs
[2024-04-13T16:18:06.839+0000] {logging_mixin.py:188} INFO - [2024-04-13T16:18:06.839+0000] {dag.py:3954} INFO - Setting next_dagrun for example_xcom_args to None, run_after=None
[2024-04-13T16:18:06.840+0000] {logging_mixin.py:188} INFO - [2024-04-13T16:18:06.840+0000] {dag.py:3954} INFO - Setting next_dagrun for example_xcom_args_with_operators to None, run_after=None
[2024-04-13T16:18:06.847+0000] {processor.py:183} INFO - Processing /home/airflow/.local/lib/python3.12/site-packages/airflow/example_dags/example_xcomargs.py took 0.030 seconds
[2024-04-13T16:18:37.536+0000] {processor.py:161} INFO - Started process (PID=743) to work on /home/airflow/.local/lib/python3.12/site-packages/airflow/example_dags/example_xcomargs.py
[2024-04-13T16:18:37.536+0000] {processor.py:830} INFO - Processing file /home/airflow/.local/lib/python3.12/site-packages/airflow/example_dags/example_xcomargs.py for tasks to queue
[2024-04-13T16:18:37.537+0000] {logging_mixin.py:188} INFO - [2024-04-13T16:18:37.537+0000] {dagbag.py:540} INFO - Filling up the DagBag from /home/airflow/.local/lib/python3.12/site-packages/airflow/example_dags/example_xcomargs.py
[2024-04-13T16:18:37.541+0000] {processor.py:840} INFO - DAG(s) 'example_xcom_args_with_operators', 'example_xcom_args' retrieved from /home/airflow/.local/lib/python3.12/site-packages/airflow/example_dags/example_xcomargs.py
[2024-04-13T16:18:37.550+0000] {logging_mixin.py:188} INFO - [2024-04-13T16:18:37.550+0000] {dag.py:3096} INFO - Sync 2 DAGs
[2024-04-13T16:18:37.555+0000] {logging_mixin.py:188} INFO - [2024-04-13T16:18:37.555+0000] {dag.py:3954} INFO - Setting next_dagrun for example_xcom_args to None, run_after=None
[2024-04-13T16:18:37.556+0000] {logging_mixin.py:188} INFO - [2024-04-13T16:18:37.556+0000] {dag.py:3954} INFO - Setting next_dagrun for example_xcom_args_with_operators to None, run_after=None
[2024-04-13T16:18:37.562+0000] {processor.py:183} INFO - Processing /home/airflow/.local/lib/python3.12/site-packages/airflow/example_dags/example_xcomargs.py took 0.029 seconds
[2024-04-13T16:19:08.102+0000] {processor.py:161} INFO - Started process (PID=800) to work on /home/airflow/.local/lib/python3.12/site-packages/airflow/example_dags/example_xcomargs.py
[2024-04-13T16:19:08.103+0000] {processor.py:830} INFO - Processing file /home/airflow/.local/lib/python3.12/site-packages/airflow/example_dags/example_xcomargs.py for tasks to queue
[2024-04-13T16:19:08.104+0000] {logging_mixin.py:188} INFO - [2024-04-13T16:19:08.103+0000] {dagbag.py:540} INFO - Filling up the DagBag from /home/airflow/.local/lib/python3.12/site-packages/airflow/example_dags/example_xcomargs.py
[2024-04-13T16:19:08.107+0000] {processor.py:840} INFO - DAG(s) 'example_xcom_args', 'example_xcom_args_with_operators' retrieved from /home/airflow/.local/lib/python3.12/site-packages/airflow/example_dags/example_xcomargs.py
[2024-04-13T16:19:08.117+0000] {logging_mixin.py:188} INFO - [2024-04-13T16:19:08.117+0000] {dag.py:3096} INFO - Sync 2 DAGs
[2024-04-13T16:19:08.122+0000] {logging_mixin.py:188} INFO - [2024-04-13T16:19:08.122+0000] {dag.py:3954} INFO - Setting next_dagrun for example_xcom_args to None, run_after=None
[2024-04-13T16:19:08.124+0000] {logging_mixin.py:188} INFO - [2024-04-13T16:19:08.124+0000] {dag.py:3954} INFO - Setting next_dagrun for example_xcom_args_with_operators to None, run_after=None
[2024-04-13T16:19:08.130+0000] {processor.py:183} INFO - Processing /home/airflow/.local/lib/python3.12/site-packages/airflow/example_dags/example_xcomargs.py took 0.030 seconds
