[2024-04-13T16:12:31.591+0000] {processor.py:161} INFO - Started process (PID=61) to work on /home/airflow/.local/lib/python3.12/site-packages/airflow/example_dags/example_latest_only.py
[2024-04-13T16:12:31.593+0000] {processor.py:830} INFO - Processing file /home/airflow/.local/lib/python3.12/site-packages/airflow/example_dags/example_latest_only.py for tasks to queue
[2024-04-13T16:12:31.596+0000] {logging_mixin.py:188} INFO - [2024-04-13T16:12:31.595+0000] {dagbag.py:540} INFO - Filling up the DagBag from /home/airflow/.local/lib/python3.12/site-packages/airflow/example_dags/example_latest_only.py
[2024-04-13T16:12:31.601+0000] {processor.py:840} INFO - DAG(s) 'latest_only' retrieved from /home/airflow/.local/lib/python3.12/site-packages/airflow/example_dags/example_latest_only.py
[2024-04-13T16:12:31.613+0000] {logging_mixin.py:188} INFO - [2024-04-13T16:12:31.612+0000] {dag.py:3096} INFO - Sync 1 DAGs
[2024-04-13T16:12:31.668+0000] {logging_mixin.py:188} INFO - [2024-04-13T16:12:31.668+0000] {dag.py:3954} INFO - Setting next_dagrun for latest_only to 2024-04-13 12:00:00+00:00, run_after=2024-04-13 16:00:00+00:00
[2024-04-13T16:12:31.729+0000] {processor.py:183} INFO - Processing /home/airflow/.local/lib/python3.12/site-packages/airflow/example_dags/example_latest_only.py took 0.140 seconds
[2024-04-13T16:13:02.428+0000] {processor.py:161} INFO - Started process (PID=119) to work on /home/airflow/.local/lib/python3.12/site-packages/airflow/example_dags/example_latest_only.py
[2024-04-13T16:13:02.429+0000] {processor.py:830} INFO - Processing file /home/airflow/.local/lib/python3.12/site-packages/airflow/example_dags/example_latest_only.py for tasks to queue
[2024-04-13T16:13:02.430+0000] {logging_mixin.py:188} INFO - [2024-04-13T16:13:02.429+0000] {dagbag.py:540} INFO - Filling up the DagBag from /home/airflow/.local/lib/python3.12/site-packages/airflow/example_dags/example_latest_only.py
[2024-04-13T16:13:02.432+0000] {processor.py:840} INFO - DAG(s) 'latest_only' retrieved from /home/airflow/.local/lib/python3.12/site-packages/airflow/example_dags/example_latest_only.py
[2024-04-13T16:13:02.470+0000] {logging_mixin.py:188} INFO - [2024-04-13T16:13:02.470+0000] {dag.py:3096} INFO - Sync 1 DAGs
[2024-04-13T16:13:02.478+0000] {logging_mixin.py:188} INFO - [2024-04-13T16:13:02.478+0000] {dag.py:3954} INFO - Setting next_dagrun for latest_only to 2024-04-13 12:00:00+00:00, run_after=2024-04-13 16:00:00+00:00
[2024-04-13T16:13:02.485+0000] {processor.py:183} INFO - Processing /home/airflow/.local/lib/python3.12/site-packages/airflow/example_dags/example_latest_only.py took 0.059 seconds
[2024-04-13T16:13:33.183+0000] {processor.py:161} INFO - Started process (PID=177) to work on /home/airflow/.local/lib/python3.12/site-packages/airflow/example_dags/example_latest_only.py
[2024-04-13T16:13:33.184+0000] {processor.py:830} INFO - Processing file /home/airflow/.local/lib/python3.12/site-packages/airflow/example_dags/example_latest_only.py for tasks to queue
[2024-04-13T16:13:33.185+0000] {logging_mixin.py:188} INFO - [2024-04-13T16:13:33.184+0000] {dagbag.py:540} INFO - Filling up the DagBag from /home/airflow/.local/lib/python3.12/site-packages/airflow/example_dags/example_latest_only.py
[2024-04-13T16:13:33.186+0000] {processor.py:840} INFO - DAG(s) 'latest_only' retrieved from /home/airflow/.local/lib/python3.12/site-packages/airflow/example_dags/example_latest_only.py
[2024-04-13T16:13:33.195+0000] {logging_mixin.py:188} INFO - [2024-04-13T16:13:33.195+0000] {dag.py:3096} INFO - Sync 1 DAGs
[2024-04-13T16:13:33.204+0000] {logging_mixin.py:188} INFO - [2024-04-13T16:13:33.204+0000] {dag.py:3954} INFO - Setting next_dagrun for latest_only to 2024-04-13 12:00:00+00:00, run_after=2024-04-13 16:00:00+00:00
[2024-04-13T16:13:33.211+0000] {processor.py:183} INFO - Processing /home/airflow/.local/lib/python3.12/site-packages/airflow/example_dags/example_latest_only.py took 0.029 seconds
[2024-04-13T16:14:03.711+0000] {processor.py:161} INFO - Started process (PID=235) to work on /home/airflow/.local/lib/python3.12/site-packages/airflow/example_dags/example_latest_only.py
[2024-04-13T16:14:03.711+0000] {processor.py:830} INFO - Processing file /home/airflow/.local/lib/python3.12/site-packages/airflow/example_dags/example_latest_only.py for tasks to queue
[2024-04-13T16:14:03.712+0000] {logging_mixin.py:188} INFO - [2024-04-13T16:14:03.712+0000] {dagbag.py:540} INFO - Filling up the DagBag from /home/airflow/.local/lib/python3.12/site-packages/airflow/example_dags/example_latest_only.py
[2024-04-13T16:14:03.714+0000] {processor.py:840} INFO - DAG(s) 'latest_only' retrieved from /home/airflow/.local/lib/python3.12/site-packages/airflow/example_dags/example_latest_only.py
[2024-04-13T16:14:03.723+0000] {logging_mixin.py:188} INFO - [2024-04-13T16:14:03.723+0000] {dag.py:3096} INFO - Sync 1 DAGs
[2024-04-13T16:14:03.731+0000] {logging_mixin.py:188} INFO - [2024-04-13T16:14:03.731+0000] {dag.py:3954} INFO - Setting next_dagrun for latest_only to 2024-04-13 12:00:00+00:00, run_after=2024-04-13 16:00:00+00:00
[2024-04-13T16:14:03.738+0000] {processor.py:183} INFO - Processing /home/airflow/.local/lib/python3.12/site-packages/airflow/example_dags/example_latest_only.py took 0.030 seconds
[2024-04-13T16:14:34.121+0000] {processor.py:161} INFO - Started process (PID=293) to work on /home/airflow/.local/lib/python3.12/site-packages/airflow/example_dags/example_latest_only.py
[2024-04-13T16:14:34.122+0000] {processor.py:830} INFO - Processing file /home/airflow/.local/lib/python3.12/site-packages/airflow/example_dags/example_latest_only.py for tasks to queue
[2024-04-13T16:14:34.123+0000] {logging_mixin.py:188} INFO - [2024-04-13T16:14:34.122+0000] {dagbag.py:540} INFO - Filling up the DagBag from /home/airflow/.local/lib/python3.12/site-packages/airflow/example_dags/example_latest_only.py
[2024-04-13T16:14:34.125+0000] {processor.py:840} INFO - DAG(s) 'latest_only' retrieved from /home/airflow/.local/lib/python3.12/site-packages/airflow/example_dags/example_latest_only.py
[2024-04-13T16:14:34.133+0000] {logging_mixin.py:188} INFO - [2024-04-13T16:14:34.133+0000] {dag.py:3096} INFO - Sync 1 DAGs
[2024-04-13T16:14:34.142+0000] {logging_mixin.py:188} INFO - [2024-04-13T16:14:34.142+0000] {dag.py:3954} INFO - Setting next_dagrun for latest_only to 2024-04-13 12:00:00+00:00, run_after=2024-04-13 16:00:00+00:00
[2024-04-13T16:14:34.149+0000] {processor.py:183} INFO - Processing /home/airflow/.local/lib/python3.12/site-packages/airflow/example_dags/example_latest_only.py took 0.030 seconds
[2024-04-13T16:15:04.648+0000] {processor.py:161} INFO - Started process (PID=351) to work on /home/airflow/.local/lib/python3.12/site-packages/airflow/example_dags/example_latest_only.py
[2024-04-13T16:15:04.648+0000] {processor.py:830} INFO - Processing file /home/airflow/.local/lib/python3.12/site-packages/airflow/example_dags/example_latest_only.py for tasks to queue
[2024-04-13T16:15:04.649+0000] {logging_mixin.py:188} INFO - [2024-04-13T16:15:04.649+0000] {dagbag.py:540} INFO - Filling up the DagBag from /home/airflow/.local/lib/python3.12/site-packages/airflow/example_dags/example_latest_only.py
[2024-04-13T16:15:04.651+0000] {processor.py:840} INFO - DAG(s) 'latest_only' retrieved from /home/airflow/.local/lib/python3.12/site-packages/airflow/example_dags/example_latest_only.py
[2024-04-13T16:15:04.660+0000] {logging_mixin.py:188} INFO - [2024-04-13T16:15:04.659+0000] {dag.py:3096} INFO - Sync 1 DAGs
[2024-04-13T16:15:04.668+0000] {logging_mixin.py:188} INFO - [2024-04-13T16:15:04.668+0000] {dag.py:3954} INFO - Setting next_dagrun for latest_only to 2024-04-13 12:00:00+00:00, run_after=2024-04-13 16:00:00+00:00
[2024-04-13T16:15:04.675+0000] {processor.py:183} INFO - Processing /home/airflow/.local/lib/python3.12/site-packages/airflow/example_dags/example_latest_only.py took 0.029 seconds
[2024-04-13T16:15:35.163+0000] {processor.py:161} INFO - Started process (PID=409) to work on /home/airflow/.local/lib/python3.12/site-packages/airflow/example_dags/example_latest_only.py
[2024-04-13T16:15:35.163+0000] {processor.py:830} INFO - Processing file /home/airflow/.local/lib/python3.12/site-packages/airflow/example_dags/example_latest_only.py for tasks to queue
[2024-04-13T16:15:35.164+0000] {logging_mixin.py:188} INFO - [2024-04-13T16:15:35.164+0000] {dagbag.py:540} INFO - Filling up the DagBag from /home/airflow/.local/lib/python3.12/site-packages/airflow/example_dags/example_latest_only.py
[2024-04-13T16:15:35.166+0000] {processor.py:840} INFO - DAG(s) 'latest_only' retrieved from /home/airflow/.local/lib/python3.12/site-packages/airflow/example_dags/example_latest_only.py
[2024-04-13T16:15:35.175+0000] {logging_mixin.py:188} INFO - [2024-04-13T16:15:35.175+0000] {dag.py:3096} INFO - Sync 1 DAGs
[2024-04-13T16:15:35.183+0000] {logging_mixin.py:188} INFO - [2024-04-13T16:15:35.183+0000] {dag.py:3954} INFO - Setting next_dagrun for latest_only to 2024-04-13 12:00:00+00:00, run_after=2024-04-13 16:00:00+00:00
[2024-04-13T16:15:35.190+0000] {processor.py:183} INFO - Processing /home/airflow/.local/lib/python3.12/site-packages/airflow/example_dags/example_latest_only.py took 0.029 seconds
[2024-04-13T16:16:05.691+0000] {processor.py:161} INFO - Started process (PID=467) to work on /home/airflow/.local/lib/python3.12/site-packages/airflow/example_dags/example_latest_only.py
[2024-04-13T16:16:05.692+0000] {processor.py:830} INFO - Processing file /home/airflow/.local/lib/python3.12/site-packages/airflow/example_dags/example_latest_only.py for tasks to queue
[2024-04-13T16:16:05.692+0000] {logging_mixin.py:188} INFO - [2024-04-13T16:16:05.692+0000] {dagbag.py:540} INFO - Filling up the DagBag from /home/airflow/.local/lib/python3.12/site-packages/airflow/example_dags/example_latest_only.py
[2024-04-13T16:16:05.694+0000] {processor.py:840} INFO - DAG(s) 'latest_only' retrieved from /home/airflow/.local/lib/python3.12/site-packages/airflow/example_dags/example_latest_only.py
[2024-04-13T16:16:05.702+0000] {logging_mixin.py:188} INFO - [2024-04-13T16:16:05.702+0000] {dag.py:3096} INFO - Sync 1 DAGs
[2024-04-13T16:16:05.710+0000] {logging_mixin.py:188} INFO - [2024-04-13T16:16:05.710+0000] {dag.py:3954} INFO - Setting next_dagrun for latest_only to 2024-04-13 12:00:00+00:00, run_after=2024-04-13 16:00:00+00:00
[2024-04-13T16:16:05.716+0000] {processor.py:183} INFO - Processing /home/airflow/.local/lib/python3.12/site-packages/airflow/example_dags/example_latest_only.py took 0.027 seconds
[2024-04-13T16:16:36.313+0000] {processor.py:161} INFO - Started process (PID=525) to work on /home/airflow/.local/lib/python3.12/site-packages/airflow/example_dags/example_latest_only.py
[2024-04-13T16:16:36.313+0000] {processor.py:830} INFO - Processing file /home/airflow/.local/lib/python3.12/site-packages/airflow/example_dags/example_latest_only.py for tasks to queue
[2024-04-13T16:16:36.314+0000] {logging_mixin.py:188} INFO - [2024-04-13T16:16:36.313+0000] {dagbag.py:540} INFO - Filling up the DagBag from /home/airflow/.local/lib/python3.12/site-packages/airflow/example_dags/example_latest_only.py
[2024-04-13T16:16:36.316+0000] {processor.py:840} INFO - DAG(s) 'latest_only' retrieved from /home/airflow/.local/lib/python3.12/site-packages/airflow/example_dags/example_latest_only.py
[2024-04-13T16:16:36.324+0000] {logging_mixin.py:188} INFO - [2024-04-13T16:16:36.324+0000] {dag.py:3096} INFO - Sync 1 DAGs
[2024-04-13T16:16:36.333+0000] {logging_mixin.py:188} INFO - [2024-04-13T16:16:36.333+0000] {dag.py:3954} INFO - Setting next_dagrun for latest_only to 2024-04-13 12:00:00+00:00, run_after=2024-04-13 16:00:00+00:00
[2024-04-13T16:16:36.340+0000] {processor.py:183} INFO - Processing /home/airflow/.local/lib/python3.12/site-packages/airflow/example_dags/example_latest_only.py took 0.029 seconds
[2024-04-13T16:17:06.971+0000] {processor.py:161} INFO - Started process (PID=583) to work on /home/airflow/.local/lib/python3.12/site-packages/airflow/example_dags/example_latest_only.py
[2024-04-13T16:17:06.973+0000] {processor.py:830} INFO - Processing file /home/airflow/.local/lib/python3.12/site-packages/airflow/example_dags/example_latest_only.py for tasks to queue
[2024-04-13T16:17:06.974+0000] {logging_mixin.py:188} INFO - [2024-04-13T16:17:06.973+0000] {dagbag.py:540} INFO - Filling up the DagBag from /home/airflow/.local/lib/python3.12/site-packages/airflow/example_dags/example_latest_only.py
[2024-04-13T16:17:06.976+0000] {processor.py:840} INFO - DAG(s) 'latest_only' retrieved from /home/airflow/.local/lib/python3.12/site-packages/airflow/example_dags/example_latest_only.py
[2024-04-13T16:17:06.984+0000] {logging_mixin.py:188} INFO - [2024-04-13T16:17:06.984+0000] {dag.py:3096} INFO - Sync 1 DAGs
[2024-04-13T16:17:06.992+0000] {logging_mixin.py:188} INFO - [2024-04-13T16:17:06.992+0000] {dag.py:3954} INFO - Setting next_dagrun for latest_only to 2024-04-13 12:00:00+00:00, run_after=2024-04-13 16:00:00+00:00
[2024-04-13T16:17:06.998+0000] {processor.py:183} INFO - Processing /home/airflow/.local/lib/python3.12/site-packages/airflow/example_dags/example_latest_only.py took 0.030 seconds
[2024-04-13T16:17:37.514+0000] {processor.py:161} INFO - Started process (PID=641) to work on /home/airflow/.local/lib/python3.12/site-packages/airflow/example_dags/example_latest_only.py
[2024-04-13T16:17:37.514+0000] {processor.py:830} INFO - Processing file /home/airflow/.local/lib/python3.12/site-packages/airflow/example_dags/example_latest_only.py for tasks to queue
[2024-04-13T16:17:37.515+0000] {logging_mixin.py:188} INFO - [2024-04-13T16:17:37.515+0000] {dagbag.py:540} INFO - Filling up the DagBag from /home/airflow/.local/lib/python3.12/site-packages/airflow/example_dags/example_latest_only.py
[2024-04-13T16:17:37.517+0000] {processor.py:840} INFO - DAG(s) 'latest_only' retrieved from /home/airflow/.local/lib/python3.12/site-packages/airflow/example_dags/example_latest_only.py
[2024-04-13T16:17:37.525+0000] {logging_mixin.py:188} INFO - [2024-04-13T16:17:37.525+0000] {dag.py:3096} INFO - Sync 1 DAGs
[2024-04-13T16:17:37.534+0000] {logging_mixin.py:188} INFO - [2024-04-13T16:17:37.534+0000] {dag.py:3954} INFO - Setting next_dagrun for latest_only to 2024-04-13 12:00:00+00:00, run_after=2024-04-13 16:00:00+00:00
[2024-04-13T16:17:37.541+0000] {processor.py:183} INFO - Processing /home/airflow/.local/lib/python3.12/site-packages/airflow/example_dags/example_latest_only.py took 0.029 seconds
[2024-04-13T16:18:08.192+0000] {processor.py:161} INFO - Started process (PID=699) to work on /home/airflow/.local/lib/python3.12/site-packages/airflow/example_dags/example_latest_only.py
[2024-04-13T16:18:08.193+0000] {processor.py:830} INFO - Processing file /home/airflow/.local/lib/python3.12/site-packages/airflow/example_dags/example_latest_only.py for tasks to queue
[2024-04-13T16:18:08.194+0000] {logging_mixin.py:188} INFO - [2024-04-13T16:18:08.193+0000] {dagbag.py:540} INFO - Filling up the DagBag from /home/airflow/.local/lib/python3.12/site-packages/airflow/example_dags/example_latest_only.py
[2024-04-13T16:18:08.196+0000] {processor.py:840} INFO - DAG(s) 'latest_only' retrieved from /home/airflow/.local/lib/python3.12/site-packages/airflow/example_dags/example_latest_only.py
[2024-04-13T16:18:08.204+0000] {logging_mixin.py:188} INFO - [2024-04-13T16:18:08.204+0000] {dag.py:3096} INFO - Sync 1 DAGs
[2024-04-13T16:18:08.213+0000] {logging_mixin.py:188} INFO - [2024-04-13T16:18:08.213+0000] {dag.py:3954} INFO - Setting next_dagrun for latest_only to 2024-04-13 12:00:00+00:00, run_after=2024-04-13 16:00:00+00:00
[2024-04-13T16:18:08.219+0000] {processor.py:183} INFO - Processing /home/airflow/.local/lib/python3.12/site-packages/airflow/example_dags/example_latest_only.py took 0.029 seconds
[2024-04-13T16:18:38.890+0000] {processor.py:161} INFO - Started process (PID=757) to work on /home/airflow/.local/lib/python3.12/site-packages/airflow/example_dags/example_latest_only.py
[2024-04-13T16:18:38.891+0000] {processor.py:830} INFO - Processing file /home/airflow/.local/lib/python3.12/site-packages/airflow/example_dags/example_latest_only.py for tasks to queue
[2024-04-13T16:18:38.891+0000] {logging_mixin.py:188} INFO - [2024-04-13T16:18:38.891+0000] {dagbag.py:540} INFO - Filling up the DagBag from /home/airflow/.local/lib/python3.12/site-packages/airflow/example_dags/example_latest_only.py
[2024-04-13T16:18:38.893+0000] {processor.py:840} INFO - DAG(s) 'latest_only' retrieved from /home/airflow/.local/lib/python3.12/site-packages/airflow/example_dags/example_latest_only.py
[2024-04-13T16:18:38.901+0000] {logging_mixin.py:188} INFO - [2024-04-13T16:18:38.901+0000] {dag.py:3096} INFO - Sync 1 DAGs
[2024-04-13T16:18:38.909+0000] {logging_mixin.py:188} INFO - [2024-04-13T16:18:38.909+0000] {dag.py:3954} INFO - Setting next_dagrun for latest_only to 2024-04-13 12:00:00+00:00, run_after=2024-04-13 16:00:00+00:00
[2024-04-13T16:18:38.915+0000] {processor.py:183} INFO - Processing /home/airflow/.local/lib/python3.12/site-packages/airflow/example_dags/example_latest_only.py took 0.028 seconds
[2024-04-13T16:19:09.833+0000] {processor.py:161} INFO - Started process (PID=814) to work on /home/airflow/.local/lib/python3.12/site-packages/airflow/example_dags/example_latest_only.py
[2024-04-13T16:19:09.833+0000] {processor.py:830} INFO - Processing file /home/airflow/.local/lib/python3.12/site-packages/airflow/example_dags/example_latest_only.py for tasks to queue
[2024-04-13T16:19:09.834+0000] {logging_mixin.py:188} INFO - [2024-04-13T16:19:09.834+0000] {dagbag.py:540} INFO - Filling up the DagBag from /home/airflow/.local/lib/python3.12/site-packages/airflow/example_dags/example_latest_only.py
[2024-04-13T16:19:09.836+0000] {processor.py:840} INFO - DAG(s) 'latest_only' retrieved from /home/airflow/.local/lib/python3.12/site-packages/airflow/example_dags/example_latest_only.py
[2024-04-13T16:19:09.844+0000] {logging_mixin.py:188} INFO - [2024-04-13T16:19:09.844+0000] {dag.py:3096} INFO - Sync 1 DAGs
[2024-04-13T16:19:09.853+0000] {logging_mixin.py:188} INFO - [2024-04-13T16:19:09.853+0000] {dag.py:3954} INFO - Setting next_dagrun for latest_only to 2024-04-13 12:00:00+00:00, run_after=2024-04-13 16:00:00+00:00
[2024-04-13T16:19:09.859+0000] {processor.py:183} INFO - Processing /home/airflow/.local/lib/python3.12/site-packages/airflow/example_dags/example_latest_only.py took 0.029 seconds
[2024-04-13T16:19:40.938+0000] {processor.py:161} INFO - Started process (PID=872) to work on /home/airflow/.local/lib/python3.12/site-packages/airflow/example_dags/example_latest_only.py
[2024-04-13T16:19:40.938+0000] {processor.py:830} INFO - Processing file /home/airflow/.local/lib/python3.12/site-packages/airflow/example_dags/example_latest_only.py for tasks to queue
[2024-04-13T16:19:40.939+0000] {logging_mixin.py:188} INFO - [2024-04-13T16:19:40.939+0000] {dagbag.py:540} INFO - Filling up the DagBag from /home/airflow/.local/lib/python3.12/site-packages/airflow/example_dags/example_latest_only.py
[2024-04-13T16:19:40.942+0000] {processor.py:840} INFO - DAG(s) 'latest_only' retrieved from /home/airflow/.local/lib/python3.12/site-packages/airflow/example_dags/example_latest_only.py
[2024-04-13T16:19:40.952+0000] {logging_mixin.py:188} INFO - [2024-04-13T16:19:40.952+0000] {dag.py:3096} INFO - Sync 1 DAGs
[2024-04-13T16:19:40.962+0000] {logging_mixin.py:188} INFO - [2024-04-13T16:19:40.962+0000] {dag.py:3954} INFO - Setting next_dagrun for latest_only to 2024-04-13 12:00:00+00:00, run_after=2024-04-13 16:00:00+00:00
[2024-04-13T16:19:41.068+0000] {processor.py:183} INFO - Processing /home/airflow/.local/lib/python3.12/site-packages/airflow/example_dags/example_latest_only.py took 0.133 seconds
[2024-04-13T16:20:11.837+0000] {processor.py:161} INFO - Started process (PID=930) to work on /home/airflow/.local/lib/python3.12/site-packages/airflow/example_dags/example_latest_only.py
[2024-04-13T16:20:11.838+0000] {processor.py:830} INFO - Processing file /home/airflow/.local/lib/python3.12/site-packages/airflow/example_dags/example_latest_only.py for tasks to queue
[2024-04-13T16:20:11.839+0000] {logging_mixin.py:188} INFO - [2024-04-13T16:20:11.839+0000] {dagbag.py:540} INFO - Filling up the DagBag from /home/airflow/.local/lib/python3.12/site-packages/airflow/example_dags/example_latest_only.py
[2024-04-13T16:20:11.841+0000] {processor.py:840} INFO - DAG(s) 'latest_only' retrieved from /home/airflow/.local/lib/python3.12/site-packages/airflow/example_dags/example_latest_only.py
[2024-04-13T16:20:11.849+0000] {logging_mixin.py:188} INFO - [2024-04-13T16:20:11.849+0000] {dag.py:3096} INFO - Sync 1 DAGs
[2024-04-13T16:20:11.857+0000] {logging_mixin.py:188} INFO - [2024-04-13T16:20:11.857+0000] {dag.py:3954} INFO - Setting next_dagrun for latest_only to 2024-04-13 12:00:00+00:00, run_after=2024-04-13 16:00:00+00:00
[2024-04-13T16:20:11.949+0000] {processor.py:183} INFO - Processing /home/airflow/.local/lib/python3.12/site-packages/airflow/example_dags/example_latest_only.py took 0.115 seconds
[2024-04-13T16:20:41.974+0000] {processor.py:161} INFO - Started process (PID=989) to work on /home/airflow/.local/lib/python3.12/site-packages/airflow/example_dags/example_latest_only.py
[2024-04-13T16:20:41.974+0000] {processor.py:830} INFO - Processing file /home/airflow/.local/lib/python3.12/site-packages/airflow/example_dags/example_latest_only.py for tasks to queue
[2024-04-13T16:20:41.975+0000] {logging_mixin.py:188} INFO - [2024-04-13T16:20:41.975+0000] {dagbag.py:540} INFO - Filling up the DagBag from /home/airflow/.local/lib/python3.12/site-packages/airflow/example_dags/example_latest_only.py
[2024-04-13T16:20:41.977+0000] {processor.py:840} INFO - DAG(s) 'latest_only' retrieved from /home/airflow/.local/lib/python3.12/site-packages/airflow/example_dags/example_latest_only.py
[2024-04-13T16:20:41.985+0000] {logging_mixin.py:188} INFO - [2024-04-13T16:20:41.985+0000] {dag.py:3096} INFO - Sync 1 DAGs
[2024-04-13T16:20:41.993+0000] {logging_mixin.py:188} INFO - [2024-04-13T16:20:41.993+0000] {dag.py:3954} INFO - Setting next_dagrun for latest_only to 2024-04-13 12:00:00+00:00, run_after=2024-04-13 16:00:00+00:00
[2024-04-13T16:20:41.999+0000] {processor.py:183} INFO - Processing /home/airflow/.local/lib/python3.12/site-packages/airflow/example_dags/example_latest_only.py took 0.028 seconds
[2024-04-13T16:21:12.047+0000] {processor.py:161} INFO - Started process (PID=1046) to work on /home/airflow/.local/lib/python3.12/site-packages/airflow/example_dags/example_latest_only.py
[2024-04-13T16:21:12.048+0000] {processor.py:830} INFO - Processing file /home/airflow/.local/lib/python3.12/site-packages/airflow/example_dags/example_latest_only.py for tasks to queue
[2024-04-13T16:21:12.048+0000] {logging_mixin.py:188} INFO - [2024-04-13T16:21:12.048+0000] {dagbag.py:540} INFO - Filling up the DagBag from /home/airflow/.local/lib/python3.12/site-packages/airflow/example_dags/example_latest_only.py
[2024-04-13T16:21:12.051+0000] {processor.py:840} INFO - DAG(s) 'latest_only' retrieved from /home/airflow/.local/lib/python3.12/site-packages/airflow/example_dags/example_latest_only.py
[2024-04-13T16:21:12.060+0000] {logging_mixin.py:188} INFO - [2024-04-13T16:21:12.060+0000] {dag.py:3096} INFO - Sync 1 DAGs
[2024-04-13T16:21:12.069+0000] {logging_mixin.py:188} INFO - [2024-04-13T16:21:12.069+0000] {dag.py:3954} INFO - Setting next_dagrun for latest_only to 2024-04-13 12:00:00+00:00, run_after=2024-04-13 16:00:00+00:00
[2024-04-13T16:21:12.077+0000] {processor.py:183} INFO - Processing /home/airflow/.local/lib/python3.12/site-packages/airflow/example_dags/example_latest_only.py took 0.032 seconds
[2024-04-13T16:21:42.789+0000] {processor.py:161} INFO - Started process (PID=1104) to work on /home/airflow/.local/lib/python3.12/site-packages/airflow/example_dags/example_latest_only.py
[2024-04-13T16:21:42.791+0000] {processor.py:830} INFO - Processing file /home/airflow/.local/lib/python3.12/site-packages/airflow/example_dags/example_latest_only.py for tasks to queue
[2024-04-13T16:21:42.793+0000] {logging_mixin.py:188} INFO - [2024-04-13T16:21:42.792+0000] {dagbag.py:540} INFO - Filling up the DagBag from /home/airflow/.local/lib/python3.12/site-packages/airflow/example_dags/example_latest_only.py
[2024-04-13T16:21:42.795+0000] {processor.py:840} INFO - DAG(s) 'latest_only' retrieved from /home/airflow/.local/lib/python3.12/site-packages/airflow/example_dags/example_latest_only.py
[2024-04-13T16:21:42.803+0000] {logging_mixin.py:188} INFO - [2024-04-13T16:21:42.803+0000] {dag.py:3096} INFO - Sync 1 DAGs
[2024-04-13T16:21:42.814+0000] {logging_mixin.py:188} INFO - [2024-04-13T16:21:42.814+0000] {dag.py:3954} INFO - Setting next_dagrun for latest_only to 2024-04-13 12:00:00+00:00, run_after=2024-04-13 16:00:00+00:00
[2024-04-13T16:21:42.821+0000] {processor.py:183} INFO - Processing /home/airflow/.local/lib/python3.12/site-packages/airflow/example_dags/example_latest_only.py took 0.035 seconds
[2024-04-13T16:22:13.359+0000] {processor.py:161} INFO - Started process (PID=1162) to work on /home/airflow/.local/lib/python3.12/site-packages/airflow/example_dags/example_latest_only.py
[2024-04-13T16:22:13.360+0000] {processor.py:830} INFO - Processing file /home/airflow/.local/lib/python3.12/site-packages/airflow/example_dags/example_latest_only.py for tasks to queue
[2024-04-13T16:22:13.361+0000] {logging_mixin.py:188} INFO - [2024-04-13T16:22:13.361+0000] {dagbag.py:540} INFO - Filling up the DagBag from /home/airflow/.local/lib/python3.12/site-packages/airflow/example_dags/example_latest_only.py
[2024-04-13T16:22:13.363+0000] {processor.py:840} INFO - DAG(s) 'latest_only' retrieved from /home/airflow/.local/lib/python3.12/site-packages/airflow/example_dags/example_latest_only.py
[2024-04-13T16:22:13.372+0000] {logging_mixin.py:188} INFO - [2024-04-13T16:22:13.372+0000] {dag.py:3096} INFO - Sync 1 DAGs
[2024-04-13T16:22:13.381+0000] {logging_mixin.py:188} INFO - [2024-04-13T16:22:13.381+0000] {dag.py:3954} INFO - Setting next_dagrun for latest_only to 2024-04-13 12:00:00+00:00, run_after=2024-04-13 16:00:00+00:00
[2024-04-13T16:22:13.387+0000] {processor.py:183} INFO - Processing /home/airflow/.local/lib/python3.12/site-packages/airflow/example_dags/example_latest_only.py took 0.031 seconds
[2024-04-13T16:22:43.951+0000] {processor.py:161} INFO - Started process (PID=1220) to work on /home/airflow/.local/lib/python3.12/site-packages/airflow/example_dags/example_latest_only.py
[2024-04-13T16:22:43.952+0000] {processor.py:830} INFO - Processing file /home/airflow/.local/lib/python3.12/site-packages/airflow/example_dags/example_latest_only.py for tasks to queue
[2024-04-13T16:22:43.953+0000] {logging_mixin.py:188} INFO - [2024-04-13T16:22:43.952+0000] {dagbag.py:540} INFO - Filling up the DagBag from /home/airflow/.local/lib/python3.12/site-packages/airflow/example_dags/example_latest_only.py
[2024-04-13T16:22:43.955+0000] {processor.py:840} INFO - DAG(s) 'latest_only' retrieved from /home/airflow/.local/lib/python3.12/site-packages/airflow/example_dags/example_latest_only.py
[2024-04-13T16:22:43.964+0000] {logging_mixin.py:188} INFO - [2024-04-13T16:22:43.964+0000] {dag.py:3096} INFO - Sync 1 DAGs
[2024-04-13T16:22:43.972+0000] {logging_mixin.py:188} INFO - [2024-04-13T16:22:43.972+0000] {dag.py:3954} INFO - Setting next_dagrun for latest_only to 2024-04-13 12:00:00+00:00, run_after=2024-04-13 16:00:00+00:00
[2024-04-13T16:22:43.979+0000] {processor.py:183} INFO - Processing /home/airflow/.local/lib/python3.12/site-packages/airflow/example_dags/example_latest_only.py took 0.030 seconds
[2024-04-13T16:23:14.612+0000] {processor.py:161} INFO - Started process (PID=1278) to work on /home/airflow/.local/lib/python3.12/site-packages/airflow/example_dags/example_latest_only.py
[2024-04-13T16:23:14.612+0000] {processor.py:830} INFO - Processing file /home/airflow/.local/lib/python3.12/site-packages/airflow/example_dags/example_latest_only.py for tasks to queue
[2024-04-13T16:23:14.613+0000] {logging_mixin.py:188} INFO - [2024-04-13T16:23:14.613+0000] {dagbag.py:540} INFO - Filling up the DagBag from /home/airflow/.local/lib/python3.12/site-packages/airflow/example_dags/example_latest_only.py
[2024-04-13T16:23:14.616+0000] {processor.py:840} INFO - DAG(s) 'latest_only' retrieved from /home/airflow/.local/lib/python3.12/site-packages/airflow/example_dags/example_latest_only.py
[2024-04-13T16:23:14.625+0000] {logging_mixin.py:188} INFO - [2024-04-13T16:23:14.625+0000] {dag.py:3096} INFO - Sync 1 DAGs
[2024-04-13T16:23:14.633+0000] {logging_mixin.py:188} INFO - [2024-04-13T16:23:14.633+0000] {dag.py:3954} INFO - Setting next_dagrun for latest_only to 2024-04-13 12:00:00+00:00, run_after=2024-04-13 16:00:00+00:00
[2024-04-13T16:23:14.640+0000] {processor.py:183} INFO - Processing /home/airflow/.local/lib/python3.12/site-packages/airflow/example_dags/example_latest_only.py took 0.031 seconds
[2024-04-13T16:23:45.206+0000] {processor.py:161} INFO - Started process (PID=1336) to work on /home/airflow/.local/lib/python3.12/site-packages/airflow/example_dags/example_latest_only.py
[2024-04-13T16:23:45.207+0000] {processor.py:830} INFO - Processing file /home/airflow/.local/lib/python3.12/site-packages/airflow/example_dags/example_latest_only.py for tasks to queue
[2024-04-13T16:23:45.208+0000] {logging_mixin.py:188} INFO - [2024-04-13T16:23:45.207+0000] {dagbag.py:540} INFO - Filling up the DagBag from /home/airflow/.local/lib/python3.12/site-packages/airflow/example_dags/example_latest_only.py
[2024-04-13T16:23:45.210+0000] {processor.py:840} INFO - DAG(s) 'latest_only' retrieved from /home/airflow/.local/lib/python3.12/site-packages/airflow/example_dags/example_latest_only.py
[2024-04-13T16:23:45.220+0000] {logging_mixin.py:188} INFO - [2024-04-13T16:23:45.220+0000] {dag.py:3096} INFO - Sync 1 DAGs
[2024-04-13T16:23:45.228+0000] {logging_mixin.py:188} INFO - [2024-04-13T16:23:45.228+0000] {dag.py:3954} INFO - Setting next_dagrun for latest_only to 2024-04-13 12:00:00+00:00, run_after=2024-04-13 16:00:00+00:00
[2024-04-13T16:23:45.235+0000] {processor.py:183} INFO - Processing /home/airflow/.local/lib/python3.12/site-packages/airflow/example_dags/example_latest_only.py took 0.031 seconds
[2024-04-13T16:24:15.791+0000] {processor.py:161} INFO - Started process (PID=1394) to work on /home/airflow/.local/lib/python3.12/site-packages/airflow/example_dags/example_latest_only.py
[2024-04-13T16:24:15.791+0000] {processor.py:830} INFO - Processing file /home/airflow/.local/lib/python3.12/site-packages/airflow/example_dags/example_latest_only.py for tasks to queue
[2024-04-13T16:24:15.792+0000] {logging_mixin.py:188} INFO - [2024-04-13T16:24:15.792+0000] {dagbag.py:540} INFO - Filling up the DagBag from /home/airflow/.local/lib/python3.12/site-packages/airflow/example_dags/example_latest_only.py
[2024-04-13T16:24:15.794+0000] {processor.py:840} INFO - DAG(s) 'latest_only' retrieved from /home/airflow/.local/lib/python3.12/site-packages/airflow/example_dags/example_latest_only.py
[2024-04-13T16:24:15.803+0000] {logging_mixin.py:188} INFO - [2024-04-13T16:24:15.803+0000] {dag.py:3096} INFO - Sync 1 DAGs
[2024-04-13T16:24:15.812+0000] {logging_mixin.py:188} INFO - [2024-04-13T16:24:15.812+0000] {dag.py:3954} INFO - Setting next_dagrun for latest_only to 2024-04-13 12:00:00+00:00, run_after=2024-04-13 16:00:00+00:00
[2024-04-13T16:24:15.818+0000] {processor.py:183} INFO - Processing /home/airflow/.local/lib/python3.12/site-packages/airflow/example_dags/example_latest_only.py took 0.030 seconds
[2024-04-13T16:24:46.316+0000] {processor.py:161} INFO - Started process (PID=1452) to work on /home/airflow/.local/lib/python3.12/site-packages/airflow/example_dags/example_latest_only.py
[2024-04-13T16:24:46.316+0000] {processor.py:830} INFO - Processing file /home/airflow/.local/lib/python3.12/site-packages/airflow/example_dags/example_latest_only.py for tasks to queue
[2024-04-13T16:24:46.317+0000] {logging_mixin.py:188} INFO - [2024-04-13T16:24:46.317+0000] {dagbag.py:540} INFO - Filling up the DagBag from /home/airflow/.local/lib/python3.12/site-packages/airflow/example_dags/example_latest_only.py
[2024-04-13T16:24:46.319+0000] {processor.py:840} INFO - DAG(s) 'latest_only' retrieved from /home/airflow/.local/lib/python3.12/site-packages/airflow/example_dags/example_latest_only.py
[2024-04-13T16:24:46.331+0000] {logging_mixin.py:188} INFO - [2024-04-13T16:24:46.330+0000] {dag.py:3096} INFO - Sync 1 DAGs
[2024-04-13T16:24:46.341+0000] {logging_mixin.py:188} INFO - [2024-04-13T16:24:46.341+0000] {dag.py:3954} INFO - Setting next_dagrun for latest_only to 2024-04-13 12:00:00+00:00, run_after=2024-04-13 16:00:00+00:00
[2024-04-13T16:24:46.348+0000] {processor.py:183} INFO - Processing /home/airflow/.local/lib/python3.12/site-packages/airflow/example_dags/example_latest_only.py took 0.035 seconds
[2024-04-13T16:25:16.928+0000] {processor.py:161} INFO - Started process (PID=1510) to work on /home/airflow/.local/lib/python3.12/site-packages/airflow/example_dags/example_latest_only.py
[2024-04-13T16:25:16.929+0000] {processor.py:830} INFO - Processing file /home/airflow/.local/lib/python3.12/site-packages/airflow/example_dags/example_latest_only.py for tasks to queue
[2024-04-13T16:25:16.930+0000] {logging_mixin.py:188} INFO - [2024-04-13T16:25:16.929+0000] {dagbag.py:540} INFO - Filling up the DagBag from /home/airflow/.local/lib/python3.12/site-packages/airflow/example_dags/example_latest_only.py
[2024-04-13T16:25:16.932+0000] {processor.py:840} INFO - DAG(s) 'latest_only' retrieved from /home/airflow/.local/lib/python3.12/site-packages/airflow/example_dags/example_latest_only.py
[2024-04-13T16:25:16.941+0000] {logging_mixin.py:188} INFO - [2024-04-13T16:25:16.941+0000] {dag.py:3096} INFO - Sync 1 DAGs
[2024-04-13T16:25:16.950+0000] {logging_mixin.py:188} INFO - [2024-04-13T16:25:16.950+0000] {dag.py:3954} INFO - Setting next_dagrun for latest_only to 2024-04-13 12:00:00+00:00, run_after=2024-04-13 16:00:00+00:00
[2024-04-13T16:25:16.956+0000] {processor.py:183} INFO - Processing /home/airflow/.local/lib/python3.12/site-packages/airflow/example_dags/example_latest_only.py took 0.030 seconds
[2024-04-13T16:25:47.598+0000] {processor.py:161} INFO - Started process (PID=1568) to work on /home/airflow/.local/lib/python3.12/site-packages/airflow/example_dags/example_latest_only.py
[2024-04-13T16:25:47.598+0000] {processor.py:830} INFO - Processing file /home/airflow/.local/lib/python3.12/site-packages/airflow/example_dags/example_latest_only.py for tasks to queue
[2024-04-13T16:25:47.599+0000] {logging_mixin.py:188} INFO - [2024-04-13T16:25:47.599+0000] {dagbag.py:540} INFO - Filling up the DagBag from /home/airflow/.local/lib/python3.12/site-packages/airflow/example_dags/example_latest_only.py
[2024-04-13T16:25:47.602+0000] {processor.py:840} INFO - DAG(s) 'latest_only' retrieved from /home/airflow/.local/lib/python3.12/site-packages/airflow/example_dags/example_latest_only.py
[2024-04-13T16:25:47.612+0000] {logging_mixin.py:188} INFO - [2024-04-13T16:25:47.612+0000] {dag.py:3096} INFO - Sync 1 DAGs
[2024-04-13T16:25:47.622+0000] {logging_mixin.py:188} INFO - [2024-04-13T16:25:47.622+0000] {dag.py:3954} INFO - Setting next_dagrun for latest_only to 2024-04-13 12:00:00+00:00, run_after=2024-04-13 16:00:00+00:00
[2024-04-13T16:25:47.630+0000] {processor.py:183} INFO - Processing /home/airflow/.local/lib/python3.12/site-packages/airflow/example_dags/example_latest_only.py took 0.035 seconds
[2024-04-13T16:26:18.104+0000] {processor.py:161} INFO - Started process (PID=1632) to work on /home/airflow/.local/lib/python3.12/site-packages/airflow/example_dags/example_latest_only.py
[2024-04-13T16:26:18.104+0000] {processor.py:830} INFO - Processing file /home/airflow/.local/lib/python3.12/site-packages/airflow/example_dags/example_latest_only.py for tasks to queue
[2024-04-13T16:26:18.105+0000] {logging_mixin.py:188} INFO - [2024-04-13T16:26:18.105+0000] {dagbag.py:540} INFO - Filling up the DagBag from /home/airflow/.local/lib/python3.12/site-packages/airflow/example_dags/example_latest_only.py
[2024-04-13T16:26:18.107+0000] {processor.py:840} INFO - DAG(s) 'latest_only' retrieved from /home/airflow/.local/lib/python3.12/site-packages/airflow/example_dags/example_latest_only.py
[2024-04-13T16:26:18.116+0000] {logging_mixin.py:188} INFO - [2024-04-13T16:26:18.116+0000] {dag.py:3096} INFO - Sync 1 DAGs
[2024-04-13T16:26:18.125+0000] {logging_mixin.py:188} INFO - [2024-04-13T16:26:18.125+0000] {dag.py:3954} INFO - Setting next_dagrun for latest_only to 2024-04-13 12:00:00+00:00, run_after=2024-04-13 16:00:00+00:00
[2024-04-13T16:26:18.132+0000] {processor.py:183} INFO - Processing /home/airflow/.local/lib/python3.12/site-packages/airflow/example_dags/example_latest_only.py took 0.031 seconds
[2024-04-13T16:26:48.643+0000] {processor.py:161} INFO - Started process (PID=1690) to work on /home/airflow/.local/lib/python3.12/site-packages/airflow/example_dags/example_latest_only.py
[2024-04-13T16:26:48.644+0000] {processor.py:830} INFO - Processing file /home/airflow/.local/lib/python3.12/site-packages/airflow/example_dags/example_latest_only.py for tasks to queue
[2024-04-13T16:26:48.645+0000] {logging_mixin.py:188} INFO - [2024-04-13T16:26:48.644+0000] {dagbag.py:540} INFO - Filling up the DagBag from /home/airflow/.local/lib/python3.12/site-packages/airflow/example_dags/example_latest_only.py
[2024-04-13T16:26:48.647+0000] {processor.py:840} INFO - DAG(s) 'latest_only' retrieved from /home/airflow/.local/lib/python3.12/site-packages/airflow/example_dags/example_latest_only.py
[2024-04-13T16:26:48.654+0000] {logging_mixin.py:188} INFO - [2024-04-13T16:26:48.654+0000] {dag.py:3096} INFO - Sync 1 DAGs
[2024-04-13T16:26:48.662+0000] {logging_mixin.py:188} INFO - [2024-04-13T16:26:48.662+0000] {dag.py:3954} INFO - Setting next_dagrun for latest_only to 2024-04-13 12:00:00+00:00, run_after=2024-04-13 16:00:00+00:00
[2024-04-13T16:26:48.669+0000] {processor.py:183} INFO - Processing /home/airflow/.local/lib/python3.12/site-packages/airflow/example_dags/example_latest_only.py took 0.029 seconds
[2024-04-13T16:27:19.373+0000] {processor.py:161} INFO - Started process (PID=1748) to work on /home/airflow/.local/lib/python3.12/site-packages/airflow/example_dags/example_latest_only.py
[2024-04-13T16:27:19.373+0000] {processor.py:830} INFO - Processing file /home/airflow/.local/lib/python3.12/site-packages/airflow/example_dags/example_latest_only.py for tasks to queue
[2024-04-13T16:27:19.374+0000] {logging_mixin.py:188} INFO - [2024-04-13T16:27:19.374+0000] {dagbag.py:540} INFO - Filling up the DagBag from /home/airflow/.local/lib/python3.12/site-packages/airflow/example_dags/example_latest_only.py
[2024-04-13T16:27:19.376+0000] {processor.py:840} INFO - DAG(s) 'latest_only' retrieved from /home/airflow/.local/lib/python3.12/site-packages/airflow/example_dags/example_latest_only.py
[2024-04-13T16:27:19.384+0000] {logging_mixin.py:188} INFO - [2024-04-13T16:27:19.384+0000] {dag.py:3096} INFO - Sync 1 DAGs
[2024-04-13T16:27:19.392+0000] {logging_mixin.py:188} INFO - [2024-04-13T16:27:19.392+0000] {dag.py:3954} INFO - Setting next_dagrun for latest_only to 2024-04-13 12:00:00+00:00, run_after=2024-04-13 16:00:00+00:00
[2024-04-13T16:27:19.399+0000] {processor.py:183} INFO - Processing /home/airflow/.local/lib/python3.12/site-packages/airflow/example_dags/example_latest_only.py took 0.028 seconds
[2024-04-13T16:27:50.088+0000] {processor.py:161} INFO - Started process (PID=1806) to work on /home/airflow/.local/lib/python3.12/site-packages/airflow/example_dags/example_latest_only.py
[2024-04-13T16:27:50.089+0000] {processor.py:830} INFO - Processing file /home/airflow/.local/lib/python3.12/site-packages/airflow/example_dags/example_latest_only.py for tasks to queue
[2024-04-13T16:27:50.089+0000] {logging_mixin.py:188} INFO - [2024-04-13T16:27:50.089+0000] {dagbag.py:540} INFO - Filling up the DagBag from /home/airflow/.local/lib/python3.12/site-packages/airflow/example_dags/example_latest_only.py
[2024-04-13T16:27:50.091+0000] {processor.py:840} INFO - DAG(s) 'latest_only' retrieved from /home/airflow/.local/lib/python3.12/site-packages/airflow/example_dags/example_latest_only.py
[2024-04-13T16:27:50.100+0000] {logging_mixin.py:188} INFO - [2024-04-13T16:27:50.100+0000] {dag.py:3096} INFO - Sync 1 DAGs
[2024-04-13T16:27:50.109+0000] {logging_mixin.py:188} INFO - [2024-04-13T16:27:50.108+0000] {dag.py:3954} INFO - Setting next_dagrun for latest_only to 2024-04-13 12:00:00+00:00, run_after=2024-04-13 16:00:00+00:00
[2024-04-13T16:27:50.115+0000] {processor.py:183} INFO - Processing /home/airflow/.local/lib/python3.12/site-packages/airflow/example_dags/example_latest_only.py took 0.029 seconds
[2024-04-13T16:28:20.794+0000] {processor.py:161} INFO - Started process (PID=1865) to work on /home/airflow/.local/lib/python3.12/site-packages/airflow/example_dags/example_latest_only.py
[2024-04-13T16:28:20.795+0000] {processor.py:830} INFO - Processing file /home/airflow/.local/lib/python3.12/site-packages/airflow/example_dags/example_latest_only.py for tasks to queue
[2024-04-13T16:28:20.796+0000] {logging_mixin.py:188} INFO - [2024-04-13T16:28:20.796+0000] {dagbag.py:540} INFO - Filling up the DagBag from /home/airflow/.local/lib/python3.12/site-packages/airflow/example_dags/example_latest_only.py
[2024-04-13T16:28:20.799+0000] {processor.py:840} INFO - DAG(s) 'latest_only' retrieved from /home/airflow/.local/lib/python3.12/site-packages/airflow/example_dags/example_latest_only.py
[2024-04-13T16:28:20.808+0000] {logging_mixin.py:188} INFO - [2024-04-13T16:28:20.808+0000] {dag.py:3096} INFO - Sync 1 DAGs
[2024-04-13T16:28:20.817+0000] {logging_mixin.py:188} INFO - [2024-04-13T16:28:20.817+0000] {dag.py:3954} INFO - Setting next_dagrun for latest_only to 2024-04-13 12:00:00+00:00, run_after=2024-04-13 16:00:00+00:00
[2024-04-13T16:28:20.823+0000] {processor.py:183} INFO - Processing /home/airflow/.local/lib/python3.12/site-packages/airflow/example_dags/example_latest_only.py took 0.032 seconds
[2024-04-13T16:28:51.440+0000] {processor.py:161} INFO - Started process (PID=1923) to work on /home/airflow/.local/lib/python3.12/site-packages/airflow/example_dags/example_latest_only.py
[2024-04-13T16:28:51.441+0000] {processor.py:830} INFO - Processing file /home/airflow/.local/lib/python3.12/site-packages/airflow/example_dags/example_latest_only.py for tasks to queue
[2024-04-13T16:28:51.441+0000] {logging_mixin.py:188} INFO - [2024-04-13T16:28:51.441+0000] {dagbag.py:540} INFO - Filling up the DagBag from /home/airflow/.local/lib/python3.12/site-packages/airflow/example_dags/example_latest_only.py
[2024-04-13T16:28:51.444+0000] {processor.py:840} INFO - DAG(s) 'latest_only' retrieved from /home/airflow/.local/lib/python3.12/site-packages/airflow/example_dags/example_latest_only.py
[2024-04-13T16:28:51.453+0000] {logging_mixin.py:188} INFO - [2024-04-13T16:28:51.453+0000] {dag.py:3096} INFO - Sync 1 DAGs
[2024-04-13T16:28:51.462+0000] {logging_mixin.py:188} INFO - [2024-04-13T16:28:51.462+0000] {dag.py:3954} INFO - Setting next_dagrun for latest_only to 2024-04-13 12:00:00+00:00, run_after=2024-04-13 16:00:00+00:00
[2024-04-13T16:28:51.468+0000] {processor.py:183} INFO - Processing /home/airflow/.local/lib/python3.12/site-packages/airflow/example_dags/example_latest_only.py took 0.031 seconds
[2024-04-13T16:29:22.013+0000] {processor.py:161} INFO - Started process (PID=1981) to work on /home/airflow/.local/lib/python3.12/site-packages/airflow/example_dags/example_latest_only.py
[2024-04-13T16:29:22.013+0000] {processor.py:830} INFO - Processing file /home/airflow/.local/lib/python3.12/site-packages/airflow/example_dags/example_latest_only.py for tasks to queue
[2024-04-13T16:29:22.014+0000] {logging_mixin.py:188} INFO - [2024-04-13T16:29:22.014+0000] {dagbag.py:540} INFO - Filling up the DagBag from /home/airflow/.local/lib/python3.12/site-packages/airflow/example_dags/example_latest_only.py
[2024-04-13T16:29:22.016+0000] {processor.py:840} INFO - DAG(s) 'latest_only' retrieved from /home/airflow/.local/lib/python3.12/site-packages/airflow/example_dags/example_latest_only.py
[2024-04-13T16:29:22.025+0000] {logging_mixin.py:188} INFO - [2024-04-13T16:29:22.025+0000] {dag.py:3096} INFO - Sync 1 DAGs
[2024-04-13T16:29:22.033+0000] {logging_mixin.py:188} INFO - [2024-04-13T16:29:22.033+0000] {dag.py:3954} INFO - Setting next_dagrun for latest_only to 2024-04-13 12:00:00+00:00, run_after=2024-04-13 16:00:00+00:00
[2024-04-13T16:29:22.040+0000] {processor.py:183} INFO - Processing /home/airflow/.local/lib/python3.12/site-packages/airflow/example_dags/example_latest_only.py took 0.030 seconds
[2024-04-13T16:29:52.652+0000] {processor.py:161} INFO - Started process (PID=2039) to work on /home/airflow/.local/lib/python3.12/site-packages/airflow/example_dags/example_latest_only.py
[2024-04-13T16:29:52.652+0000] {processor.py:830} INFO - Processing file /home/airflow/.local/lib/python3.12/site-packages/airflow/example_dags/example_latest_only.py for tasks to queue
[2024-04-13T16:29:52.653+0000] {logging_mixin.py:188} INFO - [2024-04-13T16:29:52.653+0000] {dagbag.py:540} INFO - Filling up the DagBag from /home/airflow/.local/lib/python3.12/site-packages/airflow/example_dags/example_latest_only.py
[2024-04-13T16:29:52.655+0000] {processor.py:840} INFO - DAG(s) 'latest_only' retrieved from /home/airflow/.local/lib/python3.12/site-packages/airflow/example_dags/example_latest_only.py
[2024-04-13T16:29:52.664+0000] {logging_mixin.py:188} INFO - [2024-04-13T16:29:52.664+0000] {dag.py:3096} INFO - Sync 1 DAGs
[2024-04-13T16:29:52.673+0000] {logging_mixin.py:188} INFO - [2024-04-13T16:29:52.673+0000] {dag.py:3954} INFO - Setting next_dagrun for latest_only to 2024-04-13 12:00:00+00:00, run_after=2024-04-13 16:00:00+00:00
[2024-04-13T16:29:52.679+0000] {processor.py:183} INFO - Processing /home/airflow/.local/lib/python3.12/site-packages/airflow/example_dags/example_latest_only.py took 0.029 seconds
[2024-04-13T16:30:23.318+0000] {processor.py:161} INFO - Started process (PID=2097) to work on /home/airflow/.local/lib/python3.12/site-packages/airflow/example_dags/example_latest_only.py
[2024-04-13T16:30:23.319+0000] {processor.py:830} INFO - Processing file /home/airflow/.local/lib/python3.12/site-packages/airflow/example_dags/example_latest_only.py for tasks to queue
[2024-04-13T16:30:23.320+0000] {logging_mixin.py:188} INFO - [2024-04-13T16:30:23.320+0000] {dagbag.py:540} INFO - Filling up the DagBag from /home/airflow/.local/lib/python3.12/site-packages/airflow/example_dags/example_latest_only.py
[2024-04-13T16:30:23.322+0000] {processor.py:840} INFO - DAG(s) 'latest_only' retrieved from /home/airflow/.local/lib/python3.12/site-packages/airflow/example_dags/example_latest_only.py
[2024-04-13T16:30:23.331+0000] {logging_mixin.py:188} INFO - [2024-04-13T16:30:23.331+0000] {dag.py:3096} INFO - Sync 1 DAGs
[2024-04-13T16:30:23.340+0000] {logging_mixin.py:188} INFO - [2024-04-13T16:30:23.340+0000] {dag.py:3954} INFO - Setting next_dagrun for latest_only to 2024-04-13 12:00:00+00:00, run_after=2024-04-13 16:00:00+00:00
[2024-04-13T16:30:23.347+0000] {processor.py:183} INFO - Processing /home/airflow/.local/lib/python3.12/site-packages/airflow/example_dags/example_latest_only.py took 0.031 seconds
[2024-04-13T16:30:53.970+0000] {processor.py:161} INFO - Started process (PID=2155) to work on /home/airflow/.local/lib/python3.12/site-packages/airflow/example_dags/example_latest_only.py
[2024-04-13T16:30:53.970+0000] {processor.py:830} INFO - Processing file /home/airflow/.local/lib/python3.12/site-packages/airflow/example_dags/example_latest_only.py for tasks to queue
[2024-04-13T16:30:53.971+0000] {logging_mixin.py:188} INFO - [2024-04-13T16:30:53.971+0000] {dagbag.py:540} INFO - Filling up the DagBag from /home/airflow/.local/lib/python3.12/site-packages/airflow/example_dags/example_latest_only.py
[2024-04-13T16:30:53.973+0000] {processor.py:840} INFO - DAG(s) 'latest_only' retrieved from /home/airflow/.local/lib/python3.12/site-packages/airflow/example_dags/example_latest_only.py
[2024-04-13T16:30:53.983+0000] {logging_mixin.py:188} INFO - [2024-04-13T16:30:53.983+0000] {dag.py:3096} INFO - Sync 1 DAGs
[2024-04-13T16:30:53.992+0000] {logging_mixin.py:188} INFO - [2024-04-13T16:30:53.992+0000] {dag.py:3954} INFO - Setting next_dagrun for latest_only to 2024-04-13 12:00:00+00:00, run_after=2024-04-13 16:00:00+00:00
[2024-04-13T16:30:53.998+0000] {processor.py:183} INFO - Processing /home/airflow/.local/lib/python3.12/site-packages/airflow/example_dags/example_latest_only.py took 0.031 seconds
[2024-04-13T16:31:24.570+0000] {processor.py:161} INFO - Started process (PID=2213) to work on /home/airflow/.local/lib/python3.12/site-packages/airflow/example_dags/example_latest_only.py
[2024-04-13T16:31:24.571+0000] {processor.py:830} INFO - Processing file /home/airflow/.local/lib/python3.12/site-packages/airflow/example_dags/example_latest_only.py for tasks to queue
[2024-04-13T16:31:24.572+0000] {logging_mixin.py:188} INFO - [2024-04-13T16:31:24.572+0000] {dagbag.py:540} INFO - Filling up the DagBag from /home/airflow/.local/lib/python3.12/site-packages/airflow/example_dags/example_latest_only.py
[2024-04-13T16:31:24.574+0000] {processor.py:840} INFO - DAG(s) 'latest_only' retrieved from /home/airflow/.local/lib/python3.12/site-packages/airflow/example_dags/example_latest_only.py
[2024-04-13T16:31:24.583+0000] {logging_mixin.py:188} INFO - [2024-04-13T16:31:24.583+0000] {dag.py:3096} INFO - Sync 1 DAGs
[2024-04-13T16:31:24.592+0000] {logging_mixin.py:188} INFO - [2024-04-13T16:31:24.592+0000] {dag.py:3954} INFO - Setting next_dagrun for latest_only to 2024-04-13 12:00:00+00:00, run_after=2024-04-13 16:00:00+00:00
[2024-04-13T16:31:24.599+0000] {processor.py:183} INFO - Processing /home/airflow/.local/lib/python3.12/site-packages/airflow/example_dags/example_latest_only.py took 0.031 seconds
[2024-04-13T16:31:55.145+0000] {processor.py:161} INFO - Started process (PID=2271) to work on /home/airflow/.local/lib/python3.12/site-packages/airflow/example_dags/example_latest_only.py
[2024-04-13T16:31:55.145+0000] {processor.py:830} INFO - Processing file /home/airflow/.local/lib/python3.12/site-packages/airflow/example_dags/example_latest_only.py for tasks to queue
[2024-04-13T16:31:55.146+0000] {logging_mixin.py:188} INFO - [2024-04-13T16:31:55.146+0000] {dagbag.py:540} INFO - Filling up the DagBag from /home/airflow/.local/lib/python3.12/site-packages/airflow/example_dags/example_latest_only.py
[2024-04-13T16:31:55.148+0000] {processor.py:840} INFO - DAG(s) 'latest_only' retrieved from /home/airflow/.local/lib/python3.12/site-packages/airflow/example_dags/example_latest_only.py
[2024-04-13T16:31:55.157+0000] {logging_mixin.py:188} INFO - [2024-04-13T16:31:55.157+0000] {dag.py:3096} INFO - Sync 1 DAGs
[2024-04-13T16:31:55.165+0000] {logging_mixin.py:188} INFO - [2024-04-13T16:31:55.165+0000] {dag.py:3954} INFO - Setting next_dagrun for latest_only to 2024-04-13 12:00:00+00:00, run_after=2024-04-13 16:00:00+00:00
[2024-04-13T16:31:55.172+0000] {processor.py:183} INFO - Processing /home/airflow/.local/lib/python3.12/site-packages/airflow/example_dags/example_latest_only.py took 0.030 seconds
[2024-04-13T16:32:25.627+0000] {processor.py:161} INFO - Started process (PID=2328) to work on /home/airflow/.local/lib/python3.12/site-packages/airflow/example_dags/example_latest_only.py
[2024-04-13T16:32:25.628+0000] {processor.py:830} INFO - Processing file /home/airflow/.local/lib/python3.12/site-packages/airflow/example_dags/example_latest_only.py for tasks to queue
[2024-04-13T16:32:25.629+0000] {logging_mixin.py:188} INFO - [2024-04-13T16:32:25.629+0000] {dagbag.py:540} INFO - Filling up the DagBag from /home/airflow/.local/lib/python3.12/site-packages/airflow/example_dags/example_latest_only.py
[2024-04-13T16:32:25.631+0000] {processor.py:840} INFO - DAG(s) 'latest_only' retrieved from /home/airflow/.local/lib/python3.12/site-packages/airflow/example_dags/example_latest_only.py
[2024-04-13T16:32:25.640+0000] {logging_mixin.py:188} INFO - [2024-04-13T16:32:25.640+0000] {dag.py:3096} INFO - Sync 1 DAGs
[2024-04-13T16:32:25.649+0000] {logging_mixin.py:188} INFO - [2024-04-13T16:32:25.649+0000] {dag.py:3954} INFO - Setting next_dagrun for latest_only to 2024-04-13 12:00:00+00:00, run_after=2024-04-13 16:00:00+00:00
[2024-04-13T16:32:25.655+0000] {processor.py:183} INFO - Processing /home/airflow/.local/lib/python3.12/site-packages/airflow/example_dags/example_latest_only.py took 0.030 seconds
[2024-04-13T16:32:56.297+0000] {processor.py:161} INFO - Started process (PID=2386) to work on /home/airflow/.local/lib/python3.12/site-packages/airflow/example_dags/example_latest_only.py
[2024-04-13T16:32:56.299+0000] {processor.py:830} INFO - Processing file /home/airflow/.local/lib/python3.12/site-packages/airflow/example_dags/example_latest_only.py for tasks to queue
[2024-04-13T16:32:56.300+0000] {logging_mixin.py:188} INFO - [2024-04-13T16:32:56.299+0000] {dagbag.py:540} INFO - Filling up the DagBag from /home/airflow/.local/lib/python3.12/site-packages/airflow/example_dags/example_latest_only.py
[2024-04-13T16:32:56.302+0000] {processor.py:840} INFO - DAG(s) 'latest_only' retrieved from /home/airflow/.local/lib/python3.12/site-packages/airflow/example_dags/example_latest_only.py
[2024-04-13T16:32:56.311+0000] {logging_mixin.py:188} INFO - [2024-04-13T16:32:56.311+0000] {dag.py:3096} INFO - Sync 1 DAGs
[2024-04-13T16:32:56.319+0000] {logging_mixin.py:188} INFO - [2024-04-13T16:32:56.319+0000] {dag.py:3954} INFO - Setting next_dagrun for latest_only to 2024-04-13 12:00:00+00:00, run_after=2024-04-13 16:00:00+00:00
[2024-04-13T16:32:56.326+0000] {processor.py:183} INFO - Processing /home/airflow/.local/lib/python3.12/site-packages/airflow/example_dags/example_latest_only.py took 0.031 seconds
[2024-04-13T16:33:26.899+0000] {processor.py:161} INFO - Started process (PID=2444) to work on /home/airflow/.local/lib/python3.12/site-packages/airflow/example_dags/example_latest_only.py
[2024-04-13T16:33:26.900+0000] {processor.py:830} INFO - Processing file /home/airflow/.local/lib/python3.12/site-packages/airflow/example_dags/example_latest_only.py for tasks to queue
[2024-04-13T16:33:26.900+0000] {logging_mixin.py:188} INFO - [2024-04-13T16:33:26.900+0000] {dagbag.py:540} INFO - Filling up the DagBag from /home/airflow/.local/lib/python3.12/site-packages/airflow/example_dags/example_latest_only.py
[2024-04-13T16:33:26.903+0000] {processor.py:840} INFO - DAG(s) 'latest_only' retrieved from /home/airflow/.local/lib/python3.12/site-packages/airflow/example_dags/example_latest_only.py
[2024-04-13T16:33:26.911+0000] {logging_mixin.py:188} INFO - [2024-04-13T16:33:26.911+0000] {dag.py:3096} INFO - Sync 1 DAGs
[2024-04-13T16:33:26.920+0000] {logging_mixin.py:188} INFO - [2024-04-13T16:33:26.920+0000] {dag.py:3954} INFO - Setting next_dagrun for latest_only to 2024-04-13 12:00:00+00:00, run_after=2024-04-13 16:00:00+00:00
[2024-04-13T16:33:26.926+0000] {processor.py:183} INFO - Processing /home/airflow/.local/lib/python3.12/site-packages/airflow/example_dags/example_latest_only.py took 0.029 seconds
[2024-04-13T16:33:57.563+0000] {processor.py:161} INFO - Started process (PID=2502) to work on /home/airflow/.local/lib/python3.12/site-packages/airflow/example_dags/example_latest_only.py
[2024-04-13T16:33:57.564+0000] {processor.py:830} INFO - Processing file /home/airflow/.local/lib/python3.12/site-packages/airflow/example_dags/example_latest_only.py for tasks to queue
[2024-04-13T16:33:57.564+0000] {logging_mixin.py:188} INFO - [2024-04-13T16:33:57.564+0000] {dagbag.py:540} INFO - Filling up the DagBag from /home/airflow/.local/lib/python3.12/site-packages/airflow/example_dags/example_latest_only.py
[2024-04-13T16:33:57.566+0000] {processor.py:840} INFO - DAG(s) 'latest_only' retrieved from /home/airflow/.local/lib/python3.12/site-packages/airflow/example_dags/example_latest_only.py
[2024-04-13T16:33:57.575+0000] {logging_mixin.py:188} INFO - [2024-04-13T16:33:57.575+0000] {dag.py:3096} INFO - Sync 1 DAGs
[2024-04-13T16:33:57.584+0000] {logging_mixin.py:188} INFO - [2024-04-13T16:33:57.584+0000] {dag.py:3954} INFO - Setting next_dagrun for latest_only to 2024-04-13 12:00:00+00:00, run_after=2024-04-13 16:00:00+00:00
[2024-04-13T16:33:57.591+0000] {processor.py:183} INFO - Processing /home/airflow/.local/lib/python3.12/site-packages/airflow/example_dags/example_latest_only.py took 0.031 seconds
[2024-04-13T16:34:28.085+0000] {processor.py:161} INFO - Started process (PID=2560) to work on /home/airflow/.local/lib/python3.12/site-packages/airflow/example_dags/example_latest_only.py
[2024-04-13T16:34:28.086+0000] {processor.py:830} INFO - Processing file /home/airflow/.local/lib/python3.12/site-packages/airflow/example_dags/example_latest_only.py for tasks to queue
[2024-04-13T16:34:28.087+0000] {logging_mixin.py:188} INFO - [2024-04-13T16:34:28.086+0000] {dagbag.py:540} INFO - Filling up the DagBag from /home/airflow/.local/lib/python3.12/site-packages/airflow/example_dags/example_latest_only.py
[2024-04-13T16:34:28.089+0000] {processor.py:840} INFO - DAG(s) 'latest_only' retrieved from /home/airflow/.local/lib/python3.12/site-packages/airflow/example_dags/example_latest_only.py
[2024-04-13T16:34:28.097+0000] {logging_mixin.py:188} INFO - [2024-04-13T16:34:28.097+0000] {dag.py:3096} INFO - Sync 1 DAGs
[2024-04-13T16:34:28.106+0000] {logging_mixin.py:188} INFO - [2024-04-13T16:34:28.106+0000] {dag.py:3954} INFO - Setting next_dagrun for latest_only to 2024-04-13 12:00:00+00:00, run_after=2024-04-13 16:00:00+00:00
[2024-04-13T16:34:28.113+0000] {processor.py:183} INFO - Processing /home/airflow/.local/lib/python3.12/site-packages/airflow/example_dags/example_latest_only.py took 0.030 seconds
[2024-04-13T16:34:58.642+0000] {processor.py:161} INFO - Started process (PID=2618) to work on /home/airflow/.local/lib/python3.12/site-packages/airflow/example_dags/example_latest_only.py
[2024-04-13T16:34:58.643+0000] {processor.py:830} INFO - Processing file /home/airflow/.local/lib/python3.12/site-packages/airflow/example_dags/example_latest_only.py for tasks to queue
[2024-04-13T16:34:58.643+0000] {logging_mixin.py:188} INFO - [2024-04-13T16:34:58.643+0000] {dagbag.py:540} INFO - Filling up the DagBag from /home/airflow/.local/lib/python3.12/site-packages/airflow/example_dags/example_latest_only.py
[2024-04-13T16:34:58.646+0000] {processor.py:840} INFO - DAG(s) 'latest_only' retrieved from /home/airflow/.local/lib/python3.12/site-packages/airflow/example_dags/example_latest_only.py
[2024-04-13T16:34:58.660+0000] {logging_mixin.py:188} INFO - [2024-04-13T16:34:58.660+0000] {dag.py:3096} INFO - Sync 1 DAGs
[2024-04-13T16:34:58.672+0000] {logging_mixin.py:188} INFO - [2024-04-13T16:34:58.672+0000] {dag.py:3954} INFO - Setting next_dagrun for latest_only to 2024-04-13 12:00:00+00:00, run_after=2024-04-13 16:00:00+00:00
[2024-04-13T16:34:58.680+0000] {processor.py:183} INFO - Processing /home/airflow/.local/lib/python3.12/site-packages/airflow/example_dags/example_latest_only.py took 0.040 seconds
[2024-04-13T16:35:29.329+0000] {processor.py:161} INFO - Started process (PID=2676) to work on /home/airflow/.local/lib/python3.12/site-packages/airflow/example_dags/example_latest_only.py
[2024-04-13T16:35:29.330+0000] {processor.py:830} INFO - Processing file /home/airflow/.local/lib/python3.12/site-packages/airflow/example_dags/example_latest_only.py for tasks to queue
[2024-04-13T16:35:29.331+0000] {logging_mixin.py:188} INFO - [2024-04-13T16:35:29.331+0000] {dagbag.py:540} INFO - Filling up the DagBag from /home/airflow/.local/lib/python3.12/site-packages/airflow/example_dags/example_latest_only.py
[2024-04-13T16:35:29.333+0000] {processor.py:840} INFO - DAG(s) 'latest_only' retrieved from /home/airflow/.local/lib/python3.12/site-packages/airflow/example_dags/example_latest_only.py
[2024-04-13T16:35:29.342+0000] {logging_mixin.py:188} INFO - [2024-04-13T16:35:29.342+0000] {dag.py:3096} INFO - Sync 1 DAGs
[2024-04-13T16:35:29.351+0000] {logging_mixin.py:188} INFO - [2024-04-13T16:35:29.351+0000] {dag.py:3954} INFO - Setting next_dagrun for latest_only to 2024-04-13 12:00:00+00:00, run_after=2024-04-13 16:00:00+00:00
[2024-04-13T16:35:29.358+0000] {processor.py:183} INFO - Processing /home/airflow/.local/lib/python3.12/site-packages/airflow/example_dags/example_latest_only.py took 0.031 seconds
[2024-04-13T16:35:59.925+0000] {processor.py:161} INFO - Started process (PID=2734) to work on /home/airflow/.local/lib/python3.12/site-packages/airflow/example_dags/example_latest_only.py
[2024-04-13T16:35:59.927+0000] {processor.py:830} INFO - Processing file /home/airflow/.local/lib/python3.12/site-packages/airflow/example_dags/example_latest_only.py for tasks to queue
[2024-04-13T16:35:59.928+0000] {logging_mixin.py:188} INFO - [2024-04-13T16:35:59.928+0000] {dagbag.py:540} INFO - Filling up the DagBag from /home/airflow/.local/lib/python3.12/site-packages/airflow/example_dags/example_latest_only.py
[2024-04-13T16:35:59.932+0000] {processor.py:840} INFO - DAG(s) 'latest_only' retrieved from /home/airflow/.local/lib/python3.12/site-packages/airflow/example_dags/example_latest_only.py
[2024-04-13T16:35:59.941+0000] {logging_mixin.py:188} INFO - [2024-04-13T16:35:59.941+0000] {dag.py:3096} INFO - Sync 1 DAGs
[2024-04-13T16:35:59.950+0000] {logging_mixin.py:188} INFO - [2024-04-13T16:35:59.950+0000] {dag.py:3954} INFO - Setting next_dagrun for latest_only to 2024-04-13 12:00:00+00:00, run_after=2024-04-13 16:00:00+00:00
[2024-04-13T16:35:59.956+0000] {processor.py:183} INFO - Processing /home/airflow/.local/lib/python3.12/site-packages/airflow/example_dags/example_latest_only.py took 0.033 seconds
[2024-04-13T16:36:30.606+0000] {processor.py:161} INFO - Started process (PID=2792) to work on /home/airflow/.local/lib/python3.12/site-packages/airflow/example_dags/example_latest_only.py
[2024-04-13T16:36:30.606+0000] {processor.py:830} INFO - Processing file /home/airflow/.local/lib/python3.12/site-packages/airflow/example_dags/example_latest_only.py for tasks to queue
[2024-04-13T16:36:30.607+0000] {logging_mixin.py:188} INFO - [2024-04-13T16:36:30.607+0000] {dagbag.py:540} INFO - Filling up the DagBag from /home/airflow/.local/lib/python3.12/site-packages/airflow/example_dags/example_latest_only.py
[2024-04-13T16:36:30.609+0000] {processor.py:840} INFO - DAG(s) 'latest_only' retrieved from /home/airflow/.local/lib/python3.12/site-packages/airflow/example_dags/example_latest_only.py
[2024-04-13T16:36:30.619+0000] {logging_mixin.py:188} INFO - [2024-04-13T16:36:30.619+0000] {dag.py:3096} INFO - Sync 1 DAGs
[2024-04-13T16:36:30.627+0000] {logging_mixin.py:188} INFO - [2024-04-13T16:36:30.627+0000] {dag.py:3954} INFO - Setting next_dagrun for latest_only to 2024-04-13 12:00:00+00:00, run_after=2024-04-13 16:00:00+00:00
[2024-04-13T16:36:30.634+0000] {processor.py:183} INFO - Processing /home/airflow/.local/lib/python3.12/site-packages/airflow/example_dags/example_latest_only.py took 0.031 seconds
[2024-04-13T16:37:01.143+0000] {processor.py:161} INFO - Started process (PID=2849) to work on /home/airflow/.local/lib/python3.12/site-packages/airflow/example_dags/example_latest_only.py
[2024-04-13T16:37:01.144+0000] {processor.py:830} INFO - Processing file /home/airflow/.local/lib/python3.12/site-packages/airflow/example_dags/example_latest_only.py for tasks to queue
[2024-04-13T16:37:01.145+0000] {logging_mixin.py:188} INFO - [2024-04-13T16:37:01.145+0000] {dagbag.py:540} INFO - Filling up the DagBag from /home/airflow/.local/lib/python3.12/site-packages/airflow/example_dags/example_latest_only.py
[2024-04-13T16:37:01.147+0000] {processor.py:840} INFO - DAG(s) 'latest_only' retrieved from /home/airflow/.local/lib/python3.12/site-packages/airflow/example_dags/example_latest_only.py
[2024-04-13T16:37:01.156+0000] {logging_mixin.py:188} INFO - [2024-04-13T16:37:01.156+0000] {dag.py:3096} INFO - Sync 1 DAGs
[2024-04-13T16:37:01.166+0000] {logging_mixin.py:188} INFO - [2024-04-13T16:37:01.166+0000] {dag.py:3954} INFO - Setting next_dagrun for latest_only to 2024-04-13 12:00:00+00:00, run_after=2024-04-13 16:00:00+00:00
[2024-04-13T16:37:01.172+0000] {processor.py:183} INFO - Processing /home/airflow/.local/lib/python3.12/site-packages/airflow/example_dags/example_latest_only.py took 0.032 seconds
[2024-04-13T16:37:31.713+0000] {processor.py:161} INFO - Started process (PID=2907) to work on /home/airflow/.local/lib/python3.12/site-packages/airflow/example_dags/example_latest_only.py
[2024-04-13T16:37:31.714+0000] {processor.py:830} INFO - Processing file /home/airflow/.local/lib/python3.12/site-packages/airflow/example_dags/example_latest_only.py for tasks to queue
[2024-04-13T16:37:31.715+0000] {logging_mixin.py:188} INFO - [2024-04-13T16:37:31.715+0000] {dagbag.py:540} INFO - Filling up the DagBag from /home/airflow/.local/lib/python3.12/site-packages/airflow/example_dags/example_latest_only.py
[2024-04-13T16:37:31.717+0000] {processor.py:840} INFO - DAG(s) 'latest_only' retrieved from /home/airflow/.local/lib/python3.12/site-packages/airflow/example_dags/example_latest_only.py
[2024-04-13T16:37:31.727+0000] {logging_mixin.py:188} INFO - [2024-04-13T16:37:31.727+0000] {dag.py:3096} INFO - Sync 1 DAGs
[2024-04-13T16:37:31.736+0000] {logging_mixin.py:188} INFO - [2024-04-13T16:37:31.736+0000] {dag.py:3954} INFO - Setting next_dagrun for latest_only to 2024-04-13 12:00:00+00:00, run_after=2024-04-13 16:00:00+00:00
[2024-04-13T16:37:31.745+0000] {processor.py:183} INFO - Processing /home/airflow/.local/lib/python3.12/site-packages/airflow/example_dags/example_latest_only.py took 0.034 seconds
[2024-04-13T16:38:02.405+0000] {processor.py:161} INFO - Started process (PID=2965) to work on /home/airflow/.local/lib/python3.12/site-packages/airflow/example_dags/example_latest_only.py
[2024-04-13T16:38:02.406+0000] {processor.py:830} INFO - Processing file /home/airflow/.local/lib/python3.12/site-packages/airflow/example_dags/example_latest_only.py for tasks to queue
[2024-04-13T16:38:02.408+0000] {logging_mixin.py:188} INFO - [2024-04-13T16:38:02.408+0000] {dagbag.py:540} INFO - Filling up the DagBag from /home/airflow/.local/lib/python3.12/site-packages/airflow/example_dags/example_latest_only.py
[2024-04-13T16:38:02.421+0000] {processor.py:840} INFO - DAG(s) 'latest_only' retrieved from /home/airflow/.local/lib/python3.12/site-packages/airflow/example_dags/example_latest_only.py
[2024-04-13T16:38:02.453+0000] {logging_mixin.py:188} INFO - [2024-04-13T16:38:02.453+0000] {dag.py:3096} INFO - Sync 1 DAGs
[2024-04-13T16:38:02.486+0000] {logging_mixin.py:188} INFO - [2024-04-13T16:38:02.486+0000] {dag.py:3954} INFO - Setting next_dagrun for latest_only to 2024-04-13 12:00:00+00:00, run_after=2024-04-13 16:00:00+00:00
[2024-04-13T16:38:02.515+0000] {processor.py:183} INFO - Processing /home/airflow/.local/lib/python3.12/site-packages/airflow/example_dags/example_latest_only.py took 0.113 seconds
[2024-04-13T16:38:33.363+0000] {processor.py:161} INFO - Started process (PID=3023) to work on /home/airflow/.local/lib/python3.12/site-packages/airflow/example_dags/example_latest_only.py
[2024-04-13T16:38:33.363+0000] {processor.py:830} INFO - Processing file /home/airflow/.local/lib/python3.12/site-packages/airflow/example_dags/example_latest_only.py for tasks to queue
[2024-04-13T16:38:33.364+0000] {logging_mixin.py:188} INFO - [2024-04-13T16:38:33.364+0000] {dagbag.py:540} INFO - Filling up the DagBag from /home/airflow/.local/lib/python3.12/site-packages/airflow/example_dags/example_latest_only.py
[2024-04-13T16:38:33.367+0000] {processor.py:840} INFO - DAG(s) 'latest_only' retrieved from /home/airflow/.local/lib/python3.12/site-packages/airflow/example_dags/example_latest_only.py
[2024-04-13T16:38:33.377+0000] {logging_mixin.py:188} INFO - [2024-04-13T16:38:33.377+0000] {dag.py:3096} INFO - Sync 1 DAGs
[2024-04-13T16:38:33.386+0000] {logging_mixin.py:188} INFO - [2024-04-13T16:38:33.386+0000] {dag.py:3954} INFO - Setting next_dagrun for latest_only to 2024-04-13 12:00:00+00:00, run_after=2024-04-13 16:00:00+00:00
[2024-04-13T16:38:33.394+0000] {processor.py:183} INFO - Processing /home/airflow/.local/lib/python3.12/site-packages/airflow/example_dags/example_latest_only.py took 0.035 seconds
[2024-04-13T16:39:03.661+0000] {processor.py:161} INFO - Started process (PID=3081) to work on /home/airflow/.local/lib/python3.12/site-packages/airflow/example_dags/example_latest_only.py
[2024-04-13T16:39:03.661+0000] {processor.py:830} INFO - Processing file /home/airflow/.local/lib/python3.12/site-packages/airflow/example_dags/example_latest_only.py for tasks to queue
[2024-04-13T16:39:03.662+0000] {logging_mixin.py:188} INFO - [2024-04-13T16:39:03.662+0000] {dagbag.py:540} INFO - Filling up the DagBag from /home/airflow/.local/lib/python3.12/site-packages/airflow/example_dags/example_latest_only.py
[2024-04-13T16:39:03.664+0000] {processor.py:840} INFO - DAG(s) 'latest_only' retrieved from /home/airflow/.local/lib/python3.12/site-packages/airflow/example_dags/example_latest_only.py
[2024-04-13T16:39:03.674+0000] {logging_mixin.py:188} INFO - [2024-04-13T16:39:03.673+0000] {dag.py:3096} INFO - Sync 1 DAGs
[2024-04-13T16:39:03.684+0000] {logging_mixin.py:188} INFO - [2024-04-13T16:39:03.683+0000] {dag.py:3954} INFO - Setting next_dagrun for latest_only to 2024-04-13 12:00:00+00:00, run_after=2024-04-13 16:00:00+00:00
[2024-04-13T16:39:03.692+0000] {processor.py:183} INFO - Processing /home/airflow/.local/lib/python3.12/site-packages/airflow/example_dags/example_latest_only.py took 0.034 seconds
[2024-04-13T16:39:34.237+0000] {processor.py:161} INFO - Started process (PID=3138) to work on /home/airflow/.local/lib/python3.12/site-packages/airflow/example_dags/example_latest_only.py
[2024-04-13T16:39:34.238+0000] {processor.py:830} INFO - Processing file /home/airflow/.local/lib/python3.12/site-packages/airflow/example_dags/example_latest_only.py for tasks to queue
[2024-04-13T16:39:34.238+0000] {logging_mixin.py:188} INFO - [2024-04-13T16:39:34.238+0000] {dagbag.py:540} INFO - Filling up the DagBag from /home/airflow/.local/lib/python3.12/site-packages/airflow/example_dags/example_latest_only.py
[2024-04-13T16:39:34.240+0000] {processor.py:840} INFO - DAG(s) 'latest_only' retrieved from /home/airflow/.local/lib/python3.12/site-packages/airflow/example_dags/example_latest_only.py
[2024-04-13T16:39:34.249+0000] {logging_mixin.py:188} INFO - [2024-04-13T16:39:34.249+0000] {dag.py:3096} INFO - Sync 1 DAGs
[2024-04-13T16:39:34.258+0000] {logging_mixin.py:188} INFO - [2024-04-13T16:39:34.258+0000] {dag.py:3954} INFO - Setting next_dagrun for latest_only to 2024-04-13 12:00:00+00:00, run_after=2024-04-13 16:00:00+00:00
[2024-04-13T16:39:34.265+0000] {processor.py:183} INFO - Processing /home/airflow/.local/lib/python3.12/site-packages/airflow/example_dags/example_latest_only.py took 0.031 seconds
[2024-04-13T16:40:04.735+0000] {processor.py:161} INFO - Started process (PID=3196) to work on /home/airflow/.local/lib/python3.12/site-packages/airflow/example_dags/example_latest_only.py
[2024-04-13T16:40:04.736+0000] {processor.py:830} INFO - Processing file /home/airflow/.local/lib/python3.12/site-packages/airflow/example_dags/example_latest_only.py for tasks to queue
[2024-04-13T16:40:04.739+0000] {logging_mixin.py:188} INFO - [2024-04-13T16:40:04.738+0000] {dagbag.py:540} INFO - Filling up the DagBag from /home/airflow/.local/lib/python3.12/site-packages/airflow/example_dags/example_latest_only.py
[2024-04-13T16:40:04.741+0000] {processor.py:840} INFO - DAG(s) 'latest_only' retrieved from /home/airflow/.local/lib/python3.12/site-packages/airflow/example_dags/example_latest_only.py
[2024-04-13T16:40:04.750+0000] {logging_mixin.py:188} INFO - [2024-04-13T16:40:04.750+0000] {dag.py:3096} INFO - Sync 1 DAGs
[2024-04-13T16:40:04.759+0000] {logging_mixin.py:188} INFO - [2024-04-13T16:40:04.758+0000] {dag.py:3954} INFO - Setting next_dagrun for latest_only to 2024-04-13 12:00:00+00:00, run_after=2024-04-13 16:00:00+00:00
[2024-04-13T16:40:04.766+0000] {processor.py:183} INFO - Processing /home/airflow/.local/lib/python3.12/site-packages/airflow/example_dags/example_latest_only.py took 0.033 seconds
[2024-04-13T16:40:35.230+0000] {processor.py:161} INFO - Started process (PID=3254) to work on /home/airflow/.local/lib/python3.12/site-packages/airflow/example_dags/example_latest_only.py
[2024-04-13T16:40:35.231+0000] {processor.py:830} INFO - Processing file /home/airflow/.local/lib/python3.12/site-packages/airflow/example_dags/example_latest_only.py for tasks to queue
[2024-04-13T16:40:35.232+0000] {logging_mixin.py:188} INFO - [2024-04-13T16:40:35.231+0000] {dagbag.py:540} INFO - Filling up the DagBag from /home/airflow/.local/lib/python3.12/site-packages/airflow/example_dags/example_latest_only.py
[2024-04-13T16:40:35.234+0000] {processor.py:840} INFO - DAG(s) 'latest_only' retrieved from /home/airflow/.local/lib/python3.12/site-packages/airflow/example_dags/example_latest_only.py
[2024-04-13T16:40:35.243+0000] {logging_mixin.py:188} INFO - [2024-04-13T16:40:35.243+0000] {dag.py:3096} INFO - Sync 1 DAGs
[2024-04-13T16:40:35.252+0000] {logging_mixin.py:188} INFO - [2024-04-13T16:40:35.252+0000] {dag.py:3954} INFO - Setting next_dagrun for latest_only to 2024-04-13 12:00:00+00:00, run_after=2024-04-13 16:00:00+00:00
[2024-04-13T16:40:35.258+0000] {processor.py:183} INFO - Processing /home/airflow/.local/lib/python3.12/site-packages/airflow/example_dags/example_latest_only.py took 0.030 seconds
[2024-04-13T16:41:05.796+0000] {processor.py:161} INFO - Started process (PID=3312) to work on /home/airflow/.local/lib/python3.12/site-packages/airflow/example_dags/example_latest_only.py
[2024-04-13T16:41:05.797+0000] {processor.py:830} INFO - Processing file /home/airflow/.local/lib/python3.12/site-packages/airflow/example_dags/example_latest_only.py for tasks to queue
[2024-04-13T16:41:05.798+0000] {logging_mixin.py:188} INFO - [2024-04-13T16:41:05.797+0000] {dagbag.py:540} INFO - Filling up the DagBag from /home/airflow/.local/lib/python3.12/site-packages/airflow/example_dags/example_latest_only.py
[2024-04-13T16:41:05.800+0000] {processor.py:840} INFO - DAG(s) 'latest_only' retrieved from /home/airflow/.local/lib/python3.12/site-packages/airflow/example_dags/example_latest_only.py
[2024-04-13T16:41:05.809+0000] {logging_mixin.py:188} INFO - [2024-04-13T16:41:05.808+0000] {dag.py:3096} INFO - Sync 1 DAGs
[2024-04-13T16:41:05.818+0000] {logging_mixin.py:188} INFO - [2024-04-13T16:41:05.817+0000] {dag.py:3954} INFO - Setting next_dagrun for latest_only to 2024-04-13 12:00:00+00:00, run_after=2024-04-13 16:00:00+00:00
[2024-04-13T16:41:05.824+0000] {processor.py:183} INFO - Processing /home/airflow/.local/lib/python3.12/site-packages/airflow/example_dags/example_latest_only.py took 0.031 seconds
