[2024-04-13T16:12:31.229+0000] {processor.py:161} INFO - Started process (PID=52) to work on /home/airflow/.local/lib/python3.12/site-packages/airflow/example_dags/example_task_group.py
[2024-04-13T16:12:31.230+0000] {processor.py:830} INFO - Processing file /home/airflow/.local/lib/python3.12/site-packages/airflow/example_dags/example_task_group.py for tasks to queue
[2024-04-13T16:12:31.233+0000] {logging_mixin.py:188} INFO - [2024-04-13T16:12:31.232+0000] {dagbag.py:540} INFO - Filling up the DagBag from /home/airflow/.local/lib/python3.12/site-packages/airflow/example_dags/example_task_group.py
[2024-04-13T16:12:31.241+0000] {processor.py:840} INFO - DAG(s) 'example_task_group' retrieved from /home/airflow/.local/lib/python3.12/site-packages/airflow/example_dags/example_task_group.py
[2024-04-13T16:12:31.259+0000] {logging_mixin.py:188} INFO - [2024-04-13T16:12:31.259+0000] {dag.py:3096} INFO - Sync 1 DAGs
[2024-04-13T16:12:31.275+0000] {logging_mixin.py:188} INFO - [2024-04-13T16:12:31.275+0000] {dag.py:3954} INFO - Setting next_dagrun for example_task_group to 2024-04-12 00:00:00+00:00, run_after=2024-04-13 00:00:00+00:00
[2024-04-13T16:12:31.292+0000] {processor.py:183} INFO - Processing /home/airflow/.local/lib/python3.12/site-packages/airflow/example_dags/example_task_group.py took 0.068 seconds
[2024-04-13T16:13:02.015+0000] {processor.py:161} INFO - Started process (PID=110) to work on /home/airflow/.local/lib/python3.12/site-packages/airflow/example_dags/example_task_group.py
[2024-04-13T16:13:02.015+0000] {processor.py:830} INFO - Processing file /home/airflow/.local/lib/python3.12/site-packages/airflow/example_dags/example_task_group.py for tasks to queue
[2024-04-13T16:13:02.016+0000] {logging_mixin.py:188} INFO - [2024-04-13T16:13:02.016+0000] {dagbag.py:540} INFO - Filling up the DagBag from /home/airflow/.local/lib/python3.12/site-packages/airflow/example_dags/example_task_group.py
[2024-04-13T16:13:02.019+0000] {processor.py:840} INFO - DAG(s) 'example_task_group' retrieved from /home/airflow/.local/lib/python3.12/site-packages/airflow/example_dags/example_task_group.py
[2024-04-13T16:13:02.058+0000] {logging_mixin.py:188} INFO - [2024-04-13T16:13:02.058+0000] {dag.py:3096} INFO - Sync 1 DAGs
[2024-04-13T16:13:02.067+0000] {logging_mixin.py:188} INFO - [2024-04-13T16:13:02.067+0000] {dag.py:3954} INFO - Setting next_dagrun for example_task_group to 2024-04-12 00:00:00+00:00, run_after=2024-04-13 00:00:00+00:00
[2024-04-13T16:13:02.074+0000] {processor.py:183} INFO - Processing /home/airflow/.local/lib/python3.12/site-packages/airflow/example_dags/example_task_group.py took 0.062 seconds
[2024-04-13T16:13:32.981+0000] {processor.py:161} INFO - Started process (PID=168) to work on /home/airflow/.local/lib/python3.12/site-packages/airflow/example_dags/example_task_group.py
[2024-04-13T16:13:32.981+0000] {processor.py:830} INFO - Processing file /home/airflow/.local/lib/python3.12/site-packages/airflow/example_dags/example_task_group.py for tasks to queue
[2024-04-13T16:13:32.982+0000] {logging_mixin.py:188} INFO - [2024-04-13T16:13:32.982+0000] {dagbag.py:540} INFO - Filling up the DagBag from /home/airflow/.local/lib/python3.12/site-packages/airflow/example_dags/example_task_group.py
[2024-04-13T16:13:32.985+0000] {processor.py:840} INFO - DAG(s) 'example_task_group' retrieved from /home/airflow/.local/lib/python3.12/site-packages/airflow/example_dags/example_task_group.py
[2024-04-13T16:13:32.994+0000] {logging_mixin.py:188} INFO - [2024-04-13T16:13:32.994+0000] {dag.py:3096} INFO - Sync 1 DAGs
[2024-04-13T16:13:33.002+0000] {logging_mixin.py:188} INFO - [2024-04-13T16:13:33.002+0000] {dag.py:3954} INFO - Setting next_dagrun for example_task_group to 2024-04-12 00:00:00+00:00, run_after=2024-04-13 00:00:00+00:00
[2024-04-13T16:13:33.009+0000] {processor.py:183} INFO - Processing /home/airflow/.local/lib/python3.12/site-packages/airflow/example_dags/example_task_group.py took 0.031 seconds
[2024-04-13T16:14:03.459+0000] {processor.py:161} INFO - Started process (PID=226) to work on /home/airflow/.local/lib/python3.12/site-packages/airflow/example_dags/example_task_group.py
[2024-04-13T16:14:03.460+0000] {processor.py:830} INFO - Processing file /home/airflow/.local/lib/python3.12/site-packages/airflow/example_dags/example_task_group.py for tasks to queue
[2024-04-13T16:14:03.461+0000] {logging_mixin.py:188} INFO - [2024-04-13T16:14:03.461+0000] {dagbag.py:540} INFO - Filling up the DagBag from /home/airflow/.local/lib/python3.12/site-packages/airflow/example_dags/example_task_group.py
[2024-04-13T16:14:03.464+0000] {processor.py:840} INFO - DAG(s) 'example_task_group' retrieved from /home/airflow/.local/lib/python3.12/site-packages/airflow/example_dags/example_task_group.py
[2024-04-13T16:14:03.473+0000] {logging_mixin.py:188} INFO - [2024-04-13T16:14:03.473+0000] {dag.py:3096} INFO - Sync 1 DAGs
[2024-04-13T16:14:03.482+0000] {logging_mixin.py:188} INFO - [2024-04-13T16:14:03.482+0000] {dag.py:3954} INFO - Setting next_dagrun for example_task_group to 2024-04-12 00:00:00+00:00, run_after=2024-04-13 00:00:00+00:00
[2024-04-13T16:14:03.488+0000] {processor.py:183} INFO - Processing /home/airflow/.local/lib/python3.12/site-packages/airflow/example_dags/example_task_group.py took 0.032 seconds
[2024-04-13T16:14:33.884+0000] {processor.py:161} INFO - Started process (PID=284) to work on /home/airflow/.local/lib/python3.12/site-packages/airflow/example_dags/example_task_group.py
[2024-04-13T16:14:33.885+0000] {processor.py:830} INFO - Processing file /home/airflow/.local/lib/python3.12/site-packages/airflow/example_dags/example_task_group.py for tasks to queue
[2024-04-13T16:14:33.886+0000] {logging_mixin.py:188} INFO - [2024-04-13T16:14:33.886+0000] {dagbag.py:540} INFO - Filling up the DagBag from /home/airflow/.local/lib/python3.12/site-packages/airflow/example_dags/example_task_group.py
[2024-04-13T16:14:33.889+0000] {processor.py:840} INFO - DAG(s) 'example_task_group' retrieved from /home/airflow/.local/lib/python3.12/site-packages/airflow/example_dags/example_task_group.py
[2024-04-13T16:14:33.898+0000] {logging_mixin.py:188} INFO - [2024-04-13T16:14:33.898+0000] {dag.py:3096} INFO - Sync 1 DAGs
[2024-04-13T16:14:33.906+0000] {logging_mixin.py:188} INFO - [2024-04-13T16:14:33.906+0000] {dag.py:3954} INFO - Setting next_dagrun for example_task_group to 2024-04-12 00:00:00+00:00, run_after=2024-04-13 00:00:00+00:00
[2024-04-13T16:14:33.912+0000] {processor.py:183} INFO - Processing /home/airflow/.local/lib/python3.12/site-packages/airflow/example_dags/example_task_group.py took 0.031 seconds
[2024-04-13T16:15:04.453+0000] {processor.py:161} INFO - Started process (PID=342) to work on /home/airflow/.local/lib/python3.12/site-packages/airflow/example_dags/example_task_group.py
[2024-04-13T16:15:04.453+0000] {processor.py:830} INFO - Processing file /home/airflow/.local/lib/python3.12/site-packages/airflow/example_dags/example_task_group.py for tasks to queue
[2024-04-13T16:15:04.454+0000] {logging_mixin.py:188} INFO - [2024-04-13T16:15:04.454+0000] {dagbag.py:540} INFO - Filling up the DagBag from /home/airflow/.local/lib/python3.12/site-packages/airflow/example_dags/example_task_group.py
[2024-04-13T16:15:04.457+0000] {processor.py:840} INFO - DAG(s) 'example_task_group' retrieved from /home/airflow/.local/lib/python3.12/site-packages/airflow/example_dags/example_task_group.py
[2024-04-13T16:15:04.465+0000] {logging_mixin.py:188} INFO - [2024-04-13T16:15:04.465+0000] {dag.py:3096} INFO - Sync 1 DAGs
[2024-04-13T16:15:04.473+0000] {logging_mixin.py:188} INFO - [2024-04-13T16:15:04.473+0000] {dag.py:3954} INFO - Setting next_dagrun for example_task_group to 2024-04-12 00:00:00+00:00, run_after=2024-04-13 00:00:00+00:00
[2024-04-13T16:15:04.480+0000] {processor.py:183} INFO - Processing /home/airflow/.local/lib/python3.12/site-packages/airflow/example_dags/example_task_group.py took 0.029 seconds
[2024-04-13T16:15:34.934+0000] {processor.py:161} INFO - Started process (PID=400) to work on /home/airflow/.local/lib/python3.12/site-packages/airflow/example_dags/example_task_group.py
[2024-04-13T16:15:34.935+0000] {processor.py:830} INFO - Processing file /home/airflow/.local/lib/python3.12/site-packages/airflow/example_dags/example_task_group.py for tasks to queue
[2024-04-13T16:15:34.936+0000] {logging_mixin.py:188} INFO - [2024-04-13T16:15:34.936+0000] {dagbag.py:540} INFO - Filling up the DagBag from /home/airflow/.local/lib/python3.12/site-packages/airflow/example_dags/example_task_group.py
[2024-04-13T16:15:34.939+0000] {processor.py:840} INFO - DAG(s) 'example_task_group' retrieved from /home/airflow/.local/lib/python3.12/site-packages/airflow/example_dags/example_task_group.py
[2024-04-13T16:15:34.947+0000] {logging_mixin.py:188} INFO - [2024-04-13T16:15:34.947+0000] {dag.py:3096} INFO - Sync 1 DAGs
[2024-04-13T16:15:34.956+0000] {logging_mixin.py:188} INFO - [2024-04-13T16:15:34.956+0000] {dag.py:3954} INFO - Setting next_dagrun for example_task_group to 2024-04-12 00:00:00+00:00, run_after=2024-04-13 00:00:00+00:00
[2024-04-13T16:15:34.962+0000] {processor.py:183} INFO - Processing /home/airflow/.local/lib/python3.12/site-packages/airflow/example_dags/example_task_group.py took 0.030 seconds
[2024-04-13T16:16:05.458+0000] {processor.py:161} INFO - Started process (PID=458) to work on /home/airflow/.local/lib/python3.12/site-packages/airflow/example_dags/example_task_group.py
[2024-04-13T16:16:05.459+0000] {processor.py:830} INFO - Processing file /home/airflow/.local/lib/python3.12/site-packages/airflow/example_dags/example_task_group.py for tasks to queue
[2024-04-13T16:16:05.460+0000] {logging_mixin.py:188} INFO - [2024-04-13T16:16:05.460+0000] {dagbag.py:540} INFO - Filling up the DagBag from /home/airflow/.local/lib/python3.12/site-packages/airflow/example_dags/example_task_group.py
[2024-04-13T16:16:05.463+0000] {processor.py:840} INFO - DAG(s) 'example_task_group' retrieved from /home/airflow/.local/lib/python3.12/site-packages/airflow/example_dags/example_task_group.py
[2024-04-13T16:16:05.471+0000] {logging_mixin.py:188} INFO - [2024-04-13T16:16:05.471+0000] {dag.py:3096} INFO - Sync 1 DAGs
[2024-04-13T16:16:05.479+0000] {logging_mixin.py:188} INFO - [2024-04-13T16:16:05.478+0000] {dag.py:3954} INFO - Setting next_dagrun for example_task_group to 2024-04-12 00:00:00+00:00, run_after=2024-04-13 00:00:00+00:00
[2024-04-13T16:16:05.485+0000] {processor.py:183} INFO - Processing /home/airflow/.local/lib/python3.12/site-packages/airflow/example_dags/example_task_group.py took 0.029 seconds
[2024-04-13T16:16:36.091+0000] {processor.py:161} INFO - Started process (PID=516) to work on /home/airflow/.local/lib/python3.12/site-packages/airflow/example_dags/example_task_group.py
[2024-04-13T16:16:36.092+0000] {processor.py:830} INFO - Processing file /home/airflow/.local/lib/python3.12/site-packages/airflow/example_dags/example_task_group.py for tasks to queue
[2024-04-13T16:16:36.093+0000] {logging_mixin.py:188} INFO - [2024-04-13T16:16:36.093+0000] {dagbag.py:540} INFO - Filling up the DagBag from /home/airflow/.local/lib/python3.12/site-packages/airflow/example_dags/example_task_group.py
[2024-04-13T16:16:36.097+0000] {processor.py:840} INFO - DAG(s) 'example_task_group' retrieved from /home/airflow/.local/lib/python3.12/site-packages/airflow/example_dags/example_task_group.py
[2024-04-13T16:16:36.106+0000] {logging_mixin.py:188} INFO - [2024-04-13T16:16:36.105+0000] {dag.py:3096} INFO - Sync 1 DAGs
[2024-04-13T16:16:36.114+0000] {logging_mixin.py:188} INFO - [2024-04-13T16:16:36.114+0000] {dag.py:3954} INFO - Setting next_dagrun for example_task_group to 2024-04-12 00:00:00+00:00, run_after=2024-04-13 00:00:00+00:00
[2024-04-13T16:16:36.121+0000] {processor.py:183} INFO - Processing /home/airflow/.local/lib/python3.12/site-packages/airflow/example_dags/example_task_group.py took 0.033 seconds
[2024-04-13T16:17:06.735+0000] {processor.py:161} INFO - Started process (PID=574) to work on /home/airflow/.local/lib/python3.12/site-packages/airflow/example_dags/example_task_group.py
[2024-04-13T16:17:06.736+0000] {processor.py:830} INFO - Processing file /home/airflow/.local/lib/python3.12/site-packages/airflow/example_dags/example_task_group.py for tasks to queue
[2024-04-13T16:17:06.737+0000] {logging_mixin.py:188} INFO - [2024-04-13T16:17:06.737+0000] {dagbag.py:540} INFO - Filling up the DagBag from /home/airflow/.local/lib/python3.12/site-packages/airflow/example_dags/example_task_group.py
[2024-04-13T16:17:06.740+0000] {processor.py:840} INFO - DAG(s) 'example_task_group' retrieved from /home/airflow/.local/lib/python3.12/site-packages/airflow/example_dags/example_task_group.py
[2024-04-13T16:17:06.755+0000] {logging_mixin.py:188} INFO - [2024-04-13T16:17:06.754+0000] {dag.py:3096} INFO - Sync 1 DAGs
[2024-04-13T16:17:06.763+0000] {logging_mixin.py:188} INFO - [2024-04-13T16:17:06.763+0000] {dag.py:3954} INFO - Setting next_dagrun for example_task_group to 2024-04-12 00:00:00+00:00, run_after=2024-04-13 00:00:00+00:00
[2024-04-13T16:17:06.770+0000] {processor.py:183} INFO - Processing /home/airflow/.local/lib/python3.12/site-packages/airflow/example_dags/example_task_group.py took 0.038 seconds
[2024-04-13T16:17:37.275+0000] {processor.py:161} INFO - Started process (PID=632) to work on /home/airflow/.local/lib/python3.12/site-packages/airflow/example_dags/example_task_group.py
[2024-04-13T16:17:37.275+0000] {processor.py:830} INFO - Processing file /home/airflow/.local/lib/python3.12/site-packages/airflow/example_dags/example_task_group.py for tasks to queue
[2024-04-13T16:17:37.276+0000] {logging_mixin.py:188} INFO - [2024-04-13T16:17:37.276+0000] {dagbag.py:540} INFO - Filling up the DagBag from /home/airflow/.local/lib/python3.12/site-packages/airflow/example_dags/example_task_group.py
[2024-04-13T16:17:37.280+0000] {processor.py:840} INFO - DAG(s) 'example_task_group' retrieved from /home/airflow/.local/lib/python3.12/site-packages/airflow/example_dags/example_task_group.py
[2024-04-13T16:17:37.289+0000] {logging_mixin.py:188} INFO - [2024-04-13T16:17:37.289+0000] {dag.py:3096} INFO - Sync 1 DAGs
[2024-04-13T16:17:37.298+0000] {logging_mixin.py:188} INFO - [2024-04-13T16:17:37.297+0000] {dag.py:3954} INFO - Setting next_dagrun for example_task_group to 2024-04-12 00:00:00+00:00, run_after=2024-04-13 00:00:00+00:00
[2024-04-13T16:17:37.304+0000] {processor.py:183} INFO - Processing /home/airflow/.local/lib/python3.12/site-packages/airflow/example_dags/example_task_group.py took 0.032 seconds
[2024-04-13T16:18:07.937+0000] {processor.py:161} INFO - Started process (PID=690) to work on /home/airflow/.local/lib/python3.12/site-packages/airflow/example_dags/example_task_group.py
[2024-04-13T16:18:07.938+0000] {processor.py:830} INFO - Processing file /home/airflow/.local/lib/python3.12/site-packages/airflow/example_dags/example_task_group.py for tasks to queue
[2024-04-13T16:18:07.939+0000] {logging_mixin.py:188} INFO - [2024-04-13T16:18:07.938+0000] {dagbag.py:540} INFO - Filling up the DagBag from /home/airflow/.local/lib/python3.12/site-packages/airflow/example_dags/example_task_group.py
[2024-04-13T16:18:07.942+0000] {processor.py:840} INFO - DAG(s) 'example_task_group' retrieved from /home/airflow/.local/lib/python3.12/site-packages/airflow/example_dags/example_task_group.py
[2024-04-13T16:18:07.951+0000] {logging_mixin.py:188} INFO - [2024-04-13T16:18:07.951+0000] {dag.py:3096} INFO - Sync 1 DAGs
[2024-04-13T16:18:07.959+0000] {logging_mixin.py:188} INFO - [2024-04-13T16:18:07.959+0000] {dag.py:3954} INFO - Setting next_dagrun for example_task_group to 2024-04-12 00:00:00+00:00, run_after=2024-04-13 00:00:00+00:00
[2024-04-13T16:18:07.967+0000] {processor.py:183} INFO - Processing /home/airflow/.local/lib/python3.12/site-packages/airflow/example_dags/example_task_group.py took 0.032 seconds
[2024-04-13T16:18:38.659+0000] {processor.py:161} INFO - Started process (PID=748) to work on /home/airflow/.local/lib/python3.12/site-packages/airflow/example_dags/example_task_group.py
[2024-04-13T16:18:38.660+0000] {processor.py:830} INFO - Processing file /home/airflow/.local/lib/python3.12/site-packages/airflow/example_dags/example_task_group.py for tasks to queue
[2024-04-13T16:18:38.661+0000] {logging_mixin.py:188} INFO - [2024-04-13T16:18:38.661+0000] {dagbag.py:540} INFO - Filling up the DagBag from /home/airflow/.local/lib/python3.12/site-packages/airflow/example_dags/example_task_group.py
[2024-04-13T16:18:38.664+0000] {processor.py:840} INFO - DAG(s) 'example_task_group' retrieved from /home/airflow/.local/lib/python3.12/site-packages/airflow/example_dags/example_task_group.py
[2024-04-13T16:18:38.672+0000] {logging_mixin.py:188} INFO - [2024-04-13T16:18:38.672+0000] {dag.py:3096} INFO - Sync 1 DAGs
[2024-04-13T16:18:38.680+0000] {logging_mixin.py:188} INFO - [2024-04-13T16:18:38.680+0000] {dag.py:3954} INFO - Setting next_dagrun for example_task_group to 2024-04-12 00:00:00+00:00, run_after=2024-04-13 00:00:00+00:00
[2024-04-13T16:18:38.687+0000] {processor.py:183} INFO - Processing /home/airflow/.local/lib/python3.12/site-packages/airflow/example_dags/example_task_group.py took 0.030 seconds
[2024-04-13T16:19:09.420+0000] {processor.py:161} INFO - Started process (PID=805) to work on /home/airflow/.local/lib/python3.12/site-packages/airflow/example_dags/example_task_group.py
[2024-04-13T16:19:09.420+0000] {processor.py:830} INFO - Processing file /home/airflow/.local/lib/python3.12/site-packages/airflow/example_dags/example_task_group.py for tasks to queue
[2024-04-13T16:19:09.421+0000] {logging_mixin.py:188} INFO - [2024-04-13T16:19:09.421+0000] {dagbag.py:540} INFO - Filling up the DagBag from /home/airflow/.local/lib/python3.12/site-packages/airflow/example_dags/example_task_group.py
[2024-04-13T16:19:09.425+0000] {processor.py:840} INFO - DAG(s) 'example_task_group' retrieved from /home/airflow/.local/lib/python3.12/site-packages/airflow/example_dags/example_task_group.py
[2024-04-13T16:19:09.438+0000] {logging_mixin.py:188} INFO - [2024-04-13T16:19:09.438+0000] {dag.py:3096} INFO - Sync 1 DAGs
[2024-04-13T16:19:09.447+0000] {logging_mixin.py:188} INFO - [2024-04-13T16:19:09.447+0000] {dag.py:3954} INFO - Setting next_dagrun for example_task_group to 2024-04-12 00:00:00+00:00, run_after=2024-04-13 00:00:00+00:00
[2024-04-13T16:19:09.540+0000] {processor.py:183} INFO - Processing /home/airflow/.local/lib/python3.12/site-packages/airflow/example_dags/example_task_group.py took 0.123 seconds
[2024-04-13T16:19:40.425+0000] {processor.py:161} INFO - Started process (PID=863) to work on /home/airflow/.local/lib/python3.12/site-packages/airflow/example_dags/example_task_group.py
[2024-04-13T16:19:40.425+0000] {processor.py:830} INFO - Processing file /home/airflow/.local/lib/python3.12/site-packages/airflow/example_dags/example_task_group.py for tasks to queue
[2024-04-13T16:19:40.426+0000] {logging_mixin.py:188} INFO - [2024-04-13T16:19:40.426+0000] {dagbag.py:540} INFO - Filling up the DagBag from /home/airflow/.local/lib/python3.12/site-packages/airflow/example_dags/example_task_group.py
[2024-04-13T16:19:40.429+0000] {processor.py:840} INFO - DAG(s) 'example_task_group' retrieved from /home/airflow/.local/lib/python3.12/site-packages/airflow/example_dags/example_task_group.py
[2024-04-13T16:19:40.438+0000] {logging_mixin.py:188} INFO - [2024-04-13T16:19:40.438+0000] {dag.py:3096} INFO - Sync 1 DAGs
[2024-04-13T16:19:40.447+0000] {logging_mixin.py:188} INFO - [2024-04-13T16:19:40.447+0000] {dag.py:3954} INFO - Setting next_dagrun for example_task_group to 2024-04-12 00:00:00+00:00, run_after=2024-04-13 00:00:00+00:00
[2024-04-13T16:19:40.453+0000] {processor.py:183} INFO - Processing /home/airflow/.local/lib/python3.12/site-packages/airflow/example_dags/example_task_group.py took 0.031 seconds
[2024-04-13T16:20:10.533+0000] {processor.py:161} INFO - Started process (PID=921) to work on /home/airflow/.local/lib/python3.12/site-packages/airflow/example_dags/example_task_group.py
[2024-04-13T16:20:10.534+0000] {processor.py:830} INFO - Processing file /home/airflow/.local/lib/python3.12/site-packages/airflow/example_dags/example_task_group.py for tasks to queue
[2024-04-13T16:20:10.535+0000] {logging_mixin.py:188} INFO - [2024-04-13T16:20:10.535+0000] {dagbag.py:540} INFO - Filling up the DagBag from /home/airflow/.local/lib/python3.12/site-packages/airflow/example_dags/example_task_group.py
[2024-04-13T16:20:10.538+0000] {processor.py:840} INFO - DAG(s) 'example_task_group' retrieved from /home/airflow/.local/lib/python3.12/site-packages/airflow/example_dags/example_task_group.py
[2024-04-13T16:20:10.546+0000] {logging_mixin.py:188} INFO - [2024-04-13T16:20:10.546+0000] {dag.py:3096} INFO - Sync 1 DAGs
[2024-04-13T16:20:10.554+0000] {logging_mixin.py:188} INFO - [2024-04-13T16:20:10.554+0000] {dag.py:3954} INFO - Setting next_dagrun for example_task_group to 2024-04-12 00:00:00+00:00, run_after=2024-04-13 00:00:00+00:00
[2024-04-13T16:20:10.561+0000] {processor.py:183} INFO - Processing /home/airflow/.local/lib/python3.12/site-packages/airflow/example_dags/example_task_group.py took 0.030 seconds
[2024-04-13T16:20:40.720+0000] {processor.py:161} INFO - Started process (PID=979) to work on /home/airflow/.local/lib/python3.12/site-packages/airflow/example_dags/example_task_group.py
[2024-04-13T16:20:40.720+0000] {processor.py:830} INFO - Processing file /home/airflow/.local/lib/python3.12/site-packages/airflow/example_dags/example_task_group.py for tasks to queue
[2024-04-13T16:20:40.721+0000] {logging_mixin.py:188} INFO - [2024-04-13T16:20:40.721+0000] {dagbag.py:540} INFO - Filling up the DagBag from /home/airflow/.local/lib/python3.12/site-packages/airflow/example_dags/example_task_group.py
[2024-04-13T16:20:40.725+0000] {processor.py:840} INFO - DAG(s) 'example_task_group' retrieved from /home/airflow/.local/lib/python3.12/site-packages/airflow/example_dags/example_task_group.py
[2024-04-13T16:20:40.735+0000] {logging_mixin.py:188} INFO - [2024-04-13T16:20:40.735+0000] {dag.py:3096} INFO - Sync 1 DAGs
[2024-04-13T16:20:40.744+0000] {logging_mixin.py:188} INFO - [2024-04-13T16:20:40.743+0000] {dag.py:3954} INFO - Setting next_dagrun for example_task_group to 2024-04-12 00:00:00+00:00, run_after=2024-04-13 00:00:00+00:00
[2024-04-13T16:20:40.751+0000] {processor.py:183} INFO - Processing /home/airflow/.local/lib/python3.12/site-packages/airflow/example_dags/example_task_group.py took 0.035 seconds
[2024-04-13T16:21:10.839+0000] {processor.py:161} INFO - Started process (PID=1037) to work on /home/airflow/.local/lib/python3.12/site-packages/airflow/example_dags/example_task_group.py
[2024-04-13T16:21:10.839+0000] {processor.py:830} INFO - Processing file /home/airflow/.local/lib/python3.12/site-packages/airflow/example_dags/example_task_group.py for tasks to queue
[2024-04-13T16:21:10.840+0000] {logging_mixin.py:188} INFO - [2024-04-13T16:21:10.840+0000] {dagbag.py:540} INFO - Filling up the DagBag from /home/airflow/.local/lib/python3.12/site-packages/airflow/example_dags/example_task_group.py
[2024-04-13T16:21:10.843+0000] {processor.py:840} INFO - DAG(s) 'example_task_group' retrieved from /home/airflow/.local/lib/python3.12/site-packages/airflow/example_dags/example_task_group.py
[2024-04-13T16:21:10.851+0000] {logging_mixin.py:188} INFO - [2024-04-13T16:21:10.851+0000] {dag.py:3096} INFO - Sync 1 DAGs
[2024-04-13T16:21:10.859+0000] {logging_mixin.py:188} INFO - [2024-04-13T16:21:10.859+0000] {dag.py:3954} INFO - Setting next_dagrun for example_task_group to 2024-04-12 00:00:00+00:00, run_after=2024-04-13 00:00:00+00:00
[2024-04-13T16:21:10.866+0000] {processor.py:183} INFO - Processing /home/airflow/.local/lib/python3.12/site-packages/airflow/example_dags/example_task_group.py took 0.030 seconds
[2024-04-13T16:21:41.446+0000] {processor.py:161} INFO - Started process (PID=1095) to work on /home/airflow/.local/lib/python3.12/site-packages/airflow/example_dags/example_task_group.py
[2024-04-13T16:21:41.447+0000] {processor.py:830} INFO - Processing file /home/airflow/.local/lib/python3.12/site-packages/airflow/example_dags/example_task_group.py for tasks to queue
[2024-04-13T16:21:41.448+0000] {logging_mixin.py:188} INFO - [2024-04-13T16:21:41.448+0000] {dagbag.py:540} INFO - Filling up the DagBag from /home/airflow/.local/lib/python3.12/site-packages/airflow/example_dags/example_task_group.py
[2024-04-13T16:21:41.543+0000] {processor.py:840} INFO - DAG(s) 'example_task_group' retrieved from /home/airflow/.local/lib/python3.12/site-packages/airflow/example_dags/example_task_group.py
[2024-04-13T16:21:41.550+0000] {logging_mixin.py:188} INFO - [2024-04-13T16:21:41.550+0000] {dag.py:3096} INFO - Sync 1 DAGs
[2024-04-13T16:21:41.558+0000] {logging_mixin.py:188} INFO - [2024-04-13T16:21:41.557+0000] {dag.py:3954} INFO - Setting next_dagrun for example_task_group to 2024-04-12 00:00:00+00:00, run_after=2024-04-13 00:00:00+00:00
[2024-04-13T16:21:41.564+0000] {processor.py:183} INFO - Processing /home/airflow/.local/lib/python3.12/site-packages/airflow/example_dags/example_task_group.py took 0.121 seconds
[2024-04-13T16:22:12.102+0000] {processor.py:161} INFO - Started process (PID=1153) to work on /home/airflow/.local/lib/python3.12/site-packages/airflow/example_dags/example_task_group.py
[2024-04-13T16:22:12.106+0000] {processor.py:830} INFO - Processing file /home/airflow/.local/lib/python3.12/site-packages/airflow/example_dags/example_task_group.py for tasks to queue
[2024-04-13T16:22:12.107+0000] {logging_mixin.py:188} INFO - [2024-04-13T16:22:12.107+0000] {dagbag.py:540} INFO - Filling up the DagBag from /home/airflow/.local/lib/python3.12/site-packages/airflow/example_dags/example_task_group.py
[2024-04-13T16:22:12.111+0000] {processor.py:840} INFO - DAG(s) 'example_task_group' retrieved from /home/airflow/.local/lib/python3.12/site-packages/airflow/example_dags/example_task_group.py
[2024-04-13T16:22:12.120+0000] {logging_mixin.py:188} INFO - [2024-04-13T16:22:12.120+0000] {dag.py:3096} INFO - Sync 1 DAGs
[2024-04-13T16:22:12.129+0000] {logging_mixin.py:188} INFO - [2024-04-13T16:22:12.129+0000] {dag.py:3954} INFO - Setting next_dagrun for example_task_group to 2024-04-12 00:00:00+00:00, run_after=2024-04-13 00:00:00+00:00
[2024-04-13T16:22:12.135+0000] {processor.py:183} INFO - Processing /home/airflow/.local/lib/python3.12/site-packages/airflow/example_dags/example_task_group.py took 0.036 seconds
[2024-04-13T16:22:42.671+0000] {processor.py:161} INFO - Started process (PID=1211) to work on /home/airflow/.local/lib/python3.12/site-packages/airflow/example_dags/example_task_group.py
[2024-04-13T16:22:42.671+0000] {processor.py:830} INFO - Processing file /home/airflow/.local/lib/python3.12/site-packages/airflow/example_dags/example_task_group.py for tasks to queue
[2024-04-13T16:22:42.672+0000] {logging_mixin.py:188} INFO - [2024-04-13T16:22:42.672+0000] {dagbag.py:540} INFO - Filling up the DagBag from /home/airflow/.local/lib/python3.12/site-packages/airflow/example_dags/example_task_group.py
[2024-04-13T16:22:42.675+0000] {processor.py:840} INFO - DAG(s) 'example_task_group' retrieved from /home/airflow/.local/lib/python3.12/site-packages/airflow/example_dags/example_task_group.py
[2024-04-13T16:22:42.683+0000] {logging_mixin.py:188} INFO - [2024-04-13T16:22:42.683+0000] {dag.py:3096} INFO - Sync 1 DAGs
[2024-04-13T16:22:42.692+0000] {logging_mixin.py:188} INFO - [2024-04-13T16:22:42.692+0000] {dag.py:3954} INFO - Setting next_dagrun for example_task_group to 2024-04-12 00:00:00+00:00, run_after=2024-04-13 00:00:00+00:00
[2024-04-13T16:22:42.698+0000] {processor.py:183} INFO - Processing /home/airflow/.local/lib/python3.12/site-packages/airflow/example_dags/example_task_group.py took 0.030 seconds
[2024-04-13T16:23:13.347+0000] {processor.py:161} INFO - Started process (PID=1269) to work on /home/airflow/.local/lib/python3.12/site-packages/airflow/example_dags/example_task_group.py
[2024-04-13T16:23:13.347+0000] {processor.py:830} INFO - Processing file /home/airflow/.local/lib/python3.12/site-packages/airflow/example_dags/example_task_group.py for tasks to queue
[2024-04-13T16:23:13.348+0000] {logging_mixin.py:188} INFO - [2024-04-13T16:23:13.348+0000] {dagbag.py:540} INFO - Filling up the DagBag from /home/airflow/.local/lib/python3.12/site-packages/airflow/example_dags/example_task_group.py
[2024-04-13T16:23:13.351+0000] {processor.py:840} INFO - DAG(s) 'example_task_group' retrieved from /home/airflow/.local/lib/python3.12/site-packages/airflow/example_dags/example_task_group.py
[2024-04-13T16:23:13.360+0000] {logging_mixin.py:188} INFO - [2024-04-13T16:23:13.360+0000] {dag.py:3096} INFO - Sync 1 DAGs
[2024-04-13T16:23:13.368+0000] {logging_mixin.py:188} INFO - [2024-04-13T16:23:13.368+0000] {dag.py:3954} INFO - Setting next_dagrun for example_task_group to 2024-04-12 00:00:00+00:00, run_after=2024-04-13 00:00:00+00:00
[2024-04-13T16:23:13.375+0000] {processor.py:183} INFO - Processing /home/airflow/.local/lib/python3.12/site-packages/airflow/example_dags/example_task_group.py took 0.031 seconds
[2024-04-13T16:23:43.947+0000] {processor.py:161} INFO - Started process (PID=1327) to work on /home/airflow/.local/lib/python3.12/site-packages/airflow/example_dags/example_task_group.py
[2024-04-13T16:23:43.948+0000] {processor.py:830} INFO - Processing file /home/airflow/.local/lib/python3.12/site-packages/airflow/example_dags/example_task_group.py for tasks to queue
[2024-04-13T16:23:43.948+0000] {logging_mixin.py:188} INFO - [2024-04-13T16:23:43.948+0000] {dagbag.py:540} INFO - Filling up the DagBag from /home/airflow/.local/lib/python3.12/site-packages/airflow/example_dags/example_task_group.py
[2024-04-13T16:23:43.952+0000] {processor.py:840} INFO - DAG(s) 'example_task_group' retrieved from /home/airflow/.local/lib/python3.12/site-packages/airflow/example_dags/example_task_group.py
[2024-04-13T16:23:43.961+0000] {logging_mixin.py:188} INFO - [2024-04-13T16:23:43.961+0000] {dag.py:3096} INFO - Sync 1 DAGs
[2024-04-13T16:23:43.971+0000] {logging_mixin.py:188} INFO - [2024-04-13T16:23:43.971+0000] {dag.py:3954} INFO - Setting next_dagrun for example_task_group to 2024-04-12 00:00:00+00:00, run_after=2024-04-13 00:00:00+00:00
[2024-04-13T16:23:43.979+0000] {processor.py:183} INFO - Processing /home/airflow/.local/lib/python3.12/site-packages/airflow/example_dags/example_task_group.py took 0.034 seconds
[2024-04-13T16:24:14.567+0000] {processor.py:161} INFO - Started process (PID=1385) to work on /home/airflow/.local/lib/python3.12/site-packages/airflow/example_dags/example_task_group.py
[2024-04-13T16:24:14.567+0000] {processor.py:830} INFO - Processing file /home/airflow/.local/lib/python3.12/site-packages/airflow/example_dags/example_task_group.py for tasks to queue
[2024-04-13T16:24:14.568+0000] {logging_mixin.py:188} INFO - [2024-04-13T16:24:14.568+0000] {dagbag.py:540} INFO - Filling up the DagBag from /home/airflow/.local/lib/python3.12/site-packages/airflow/example_dags/example_task_group.py
[2024-04-13T16:24:14.571+0000] {processor.py:840} INFO - DAG(s) 'example_task_group' retrieved from /home/airflow/.local/lib/python3.12/site-packages/airflow/example_dags/example_task_group.py
[2024-04-13T16:24:14.581+0000] {logging_mixin.py:188} INFO - [2024-04-13T16:24:14.580+0000] {dag.py:3096} INFO - Sync 1 DAGs
[2024-04-13T16:24:14.589+0000] {logging_mixin.py:188} INFO - [2024-04-13T16:24:14.589+0000] {dag.py:3954} INFO - Setting next_dagrun for example_task_group to 2024-04-12 00:00:00+00:00, run_after=2024-04-13 00:00:00+00:00
[2024-04-13T16:24:14.596+0000] {processor.py:183} INFO - Processing /home/airflow/.local/lib/python3.12/site-packages/airflow/example_dags/example_task_group.py took 0.032 seconds
[2024-04-13T16:24:45.123+0000] {processor.py:161} INFO - Started process (PID=1443) to work on /home/airflow/.local/lib/python3.12/site-packages/airflow/example_dags/example_task_group.py
[2024-04-13T16:24:45.124+0000] {processor.py:830} INFO - Processing file /home/airflow/.local/lib/python3.12/site-packages/airflow/example_dags/example_task_group.py for tasks to queue
[2024-04-13T16:24:45.125+0000] {logging_mixin.py:188} INFO - [2024-04-13T16:24:45.124+0000] {dagbag.py:540} INFO - Filling up the DagBag from /home/airflow/.local/lib/python3.12/site-packages/airflow/example_dags/example_task_group.py
[2024-04-13T16:24:45.129+0000] {processor.py:840} INFO - DAG(s) 'example_task_group' retrieved from /home/airflow/.local/lib/python3.12/site-packages/airflow/example_dags/example_task_group.py
[2024-04-13T16:24:45.139+0000] {logging_mixin.py:188} INFO - [2024-04-13T16:24:45.138+0000] {dag.py:3096} INFO - Sync 1 DAGs
[2024-04-13T16:24:45.148+0000] {logging_mixin.py:188} INFO - [2024-04-13T16:24:45.148+0000] {dag.py:3954} INFO - Setting next_dagrun for example_task_group to 2024-04-12 00:00:00+00:00, run_after=2024-04-13 00:00:00+00:00
[2024-04-13T16:24:45.156+0000] {processor.py:183} INFO - Processing /home/airflow/.local/lib/python3.12/site-packages/airflow/example_dags/example_task_group.py took 0.035 seconds
[2024-04-13T16:25:15.708+0000] {processor.py:161} INFO - Started process (PID=1501) to work on /home/airflow/.local/lib/python3.12/site-packages/airflow/example_dags/example_task_group.py
[2024-04-13T16:25:15.709+0000] {processor.py:830} INFO - Processing file /home/airflow/.local/lib/python3.12/site-packages/airflow/example_dags/example_task_group.py for tasks to queue
[2024-04-13T16:25:15.710+0000] {logging_mixin.py:188} INFO - [2024-04-13T16:25:15.710+0000] {dagbag.py:540} INFO - Filling up the DagBag from /home/airflow/.local/lib/python3.12/site-packages/airflow/example_dags/example_task_group.py
[2024-04-13T16:25:15.713+0000] {processor.py:840} INFO - DAG(s) 'example_task_group' retrieved from /home/airflow/.local/lib/python3.12/site-packages/airflow/example_dags/example_task_group.py
[2024-04-13T16:25:15.723+0000] {logging_mixin.py:188} INFO - [2024-04-13T16:25:15.722+0000] {dag.py:3096} INFO - Sync 1 DAGs
[2024-04-13T16:25:15.731+0000] {logging_mixin.py:188} INFO - [2024-04-13T16:25:15.731+0000] {dag.py:3954} INFO - Setting next_dagrun for example_task_group to 2024-04-12 00:00:00+00:00, run_after=2024-04-13 00:00:00+00:00
[2024-04-13T16:25:15.739+0000] {processor.py:183} INFO - Processing /home/airflow/.local/lib/python3.12/site-packages/airflow/example_dags/example_task_group.py took 0.033 seconds
[2024-04-13T16:25:46.295+0000] {processor.py:161} INFO - Started process (PID=1559) to work on /home/airflow/.local/lib/python3.12/site-packages/airflow/example_dags/example_task_group.py
[2024-04-13T16:25:46.295+0000] {processor.py:830} INFO - Processing file /home/airflow/.local/lib/python3.12/site-packages/airflow/example_dags/example_task_group.py for tasks to queue
[2024-04-13T16:25:46.296+0000] {logging_mixin.py:188} INFO - [2024-04-13T16:25:46.296+0000] {dagbag.py:540} INFO - Filling up the DagBag from /home/airflow/.local/lib/python3.12/site-packages/airflow/example_dags/example_task_group.py
[2024-04-13T16:25:46.299+0000] {processor.py:840} INFO - DAG(s) 'example_task_group' retrieved from /home/airflow/.local/lib/python3.12/site-packages/airflow/example_dags/example_task_group.py
[2024-04-13T16:25:46.311+0000] {logging_mixin.py:188} INFO - [2024-04-13T16:25:46.311+0000] {dag.py:3096} INFO - Sync 1 DAGs
[2024-04-13T16:25:46.322+0000] {logging_mixin.py:188} INFO - [2024-04-13T16:25:46.321+0000] {dag.py:3954} INFO - Setting next_dagrun for example_task_group to 2024-04-12 00:00:00+00:00, run_after=2024-04-13 00:00:00+00:00
[2024-04-13T16:25:46.330+0000] {processor.py:183} INFO - Processing /home/airflow/.local/lib/python3.12/site-packages/airflow/example_dags/example_task_group.py took 0.038 seconds
[2024-04-13T16:26:16.895+0000] {processor.py:161} INFO - Started process (PID=1617) to work on /home/airflow/.local/lib/python3.12/site-packages/airflow/example_dags/example_task_group.py
[2024-04-13T16:26:16.895+0000] {processor.py:830} INFO - Processing file /home/airflow/.local/lib/python3.12/site-packages/airflow/example_dags/example_task_group.py for tasks to queue
[2024-04-13T16:26:16.896+0000] {logging_mixin.py:188} INFO - [2024-04-13T16:26:16.896+0000] {dagbag.py:540} INFO - Filling up the DagBag from /home/airflow/.local/lib/python3.12/site-packages/airflow/example_dags/example_task_group.py
[2024-04-13T16:26:16.899+0000] {processor.py:840} INFO - DAG(s) 'example_task_group' retrieved from /home/airflow/.local/lib/python3.12/site-packages/airflow/example_dags/example_task_group.py
[2024-04-13T16:26:16.908+0000] {logging_mixin.py:188} INFO - [2024-04-13T16:26:16.908+0000] {dag.py:3096} INFO - Sync 1 DAGs
[2024-04-13T16:26:16.916+0000] {logging_mixin.py:188} INFO - [2024-04-13T16:26:16.916+0000] {dag.py:3954} INFO - Setting next_dagrun for example_task_group to 2024-04-12 00:00:00+00:00, run_after=2024-04-13 00:00:00+00:00
[2024-04-13T16:26:16.922+0000] {processor.py:183} INFO - Processing /home/airflow/.local/lib/python3.12/site-packages/airflow/example_dags/example_task_group.py took 0.030 seconds
[2024-04-13T16:26:47.393+0000] {processor.py:161} INFO - Started process (PID=1675) to work on /home/airflow/.local/lib/python3.12/site-packages/airflow/example_dags/example_task_group.py
[2024-04-13T16:26:47.393+0000] {processor.py:830} INFO - Processing file /home/airflow/.local/lib/python3.12/site-packages/airflow/example_dags/example_task_group.py for tasks to queue
[2024-04-13T16:26:47.394+0000] {logging_mixin.py:188} INFO - [2024-04-13T16:26:47.394+0000] {dagbag.py:540} INFO - Filling up the DagBag from /home/airflow/.local/lib/python3.12/site-packages/airflow/example_dags/example_task_group.py
[2024-04-13T16:26:47.398+0000] {processor.py:840} INFO - DAG(s) 'example_task_group' retrieved from /home/airflow/.local/lib/python3.12/site-packages/airflow/example_dags/example_task_group.py
[2024-04-13T16:26:47.406+0000] {logging_mixin.py:188} INFO - [2024-04-13T16:26:47.406+0000] {dag.py:3096} INFO - Sync 1 DAGs
[2024-04-13T16:26:47.415+0000] {logging_mixin.py:188} INFO - [2024-04-13T16:26:47.414+0000] {dag.py:3954} INFO - Setting next_dagrun for example_task_group to 2024-04-12 00:00:00+00:00, run_after=2024-04-13 00:00:00+00:00
[2024-04-13T16:26:47.421+0000] {processor.py:183} INFO - Processing /home/airflow/.local/lib/python3.12/site-packages/airflow/example_dags/example_task_group.py took 0.031 seconds
[2024-04-13T16:27:18.080+0000] {processor.py:161} INFO - Started process (PID=1739) to work on /home/airflow/.local/lib/python3.12/site-packages/airflow/example_dags/example_task_group.py
[2024-04-13T16:27:18.084+0000] {processor.py:830} INFO - Processing file /home/airflow/.local/lib/python3.12/site-packages/airflow/example_dags/example_task_group.py for tasks to queue
[2024-04-13T16:27:18.088+0000] {logging_mixin.py:188} INFO - [2024-04-13T16:27:18.087+0000] {dagbag.py:540} INFO - Filling up the DagBag from /home/airflow/.local/lib/python3.12/site-packages/airflow/example_dags/example_task_group.py
[2024-04-13T16:27:18.093+0000] {processor.py:840} INFO - DAG(s) 'example_task_group' retrieved from /home/airflow/.local/lib/python3.12/site-packages/airflow/example_dags/example_task_group.py
[2024-04-13T16:27:18.117+0000] {logging_mixin.py:188} INFO - [2024-04-13T16:27:18.117+0000] {dag.py:3096} INFO - Sync 1 DAGs
[2024-04-13T16:27:18.126+0000] {logging_mixin.py:188} INFO - [2024-04-13T16:27:18.126+0000] {dag.py:3954} INFO - Setting next_dagrun for example_task_group to 2024-04-12 00:00:00+00:00, run_after=2024-04-13 00:00:00+00:00
[2024-04-13T16:27:18.134+0000] {processor.py:183} INFO - Processing /home/airflow/.local/lib/python3.12/site-packages/airflow/example_dags/example_task_group.py took 0.063 seconds
[2024-04-13T16:27:48.879+0000] {processor.py:161} INFO - Started process (PID=1797) to work on /home/airflow/.local/lib/python3.12/site-packages/airflow/example_dags/example_task_group.py
[2024-04-13T16:27:48.879+0000] {processor.py:830} INFO - Processing file /home/airflow/.local/lib/python3.12/site-packages/airflow/example_dags/example_task_group.py for tasks to queue
[2024-04-13T16:27:48.880+0000] {logging_mixin.py:188} INFO - [2024-04-13T16:27:48.880+0000] {dagbag.py:540} INFO - Filling up the DagBag from /home/airflow/.local/lib/python3.12/site-packages/airflow/example_dags/example_task_group.py
[2024-04-13T16:27:48.883+0000] {processor.py:840} INFO - DAG(s) 'example_task_group' retrieved from /home/airflow/.local/lib/python3.12/site-packages/airflow/example_dags/example_task_group.py
[2024-04-13T16:27:48.891+0000] {logging_mixin.py:188} INFO - [2024-04-13T16:27:48.891+0000] {dag.py:3096} INFO - Sync 1 DAGs
[2024-04-13T16:27:48.900+0000] {logging_mixin.py:188} INFO - [2024-04-13T16:27:48.899+0000] {dag.py:3954} INFO - Setting next_dagrun for example_task_group to 2024-04-12 00:00:00+00:00, run_after=2024-04-13 00:00:00+00:00
[2024-04-13T16:27:48.906+0000] {processor.py:183} INFO - Processing /home/airflow/.local/lib/python3.12/site-packages/airflow/example_dags/example_task_group.py took 0.030 seconds
[2024-04-13T16:28:19.538+0000] {processor.py:161} INFO - Started process (PID=1856) to work on /home/airflow/.local/lib/python3.12/site-packages/airflow/example_dags/example_task_group.py
[2024-04-13T16:28:19.538+0000] {processor.py:830} INFO - Processing file /home/airflow/.local/lib/python3.12/site-packages/airflow/example_dags/example_task_group.py for tasks to queue
[2024-04-13T16:28:19.539+0000] {logging_mixin.py:188} INFO - [2024-04-13T16:28:19.539+0000] {dagbag.py:540} INFO - Filling up the DagBag from /home/airflow/.local/lib/python3.12/site-packages/airflow/example_dags/example_task_group.py
[2024-04-13T16:28:19.542+0000] {processor.py:840} INFO - DAG(s) 'example_task_group' retrieved from /home/airflow/.local/lib/python3.12/site-packages/airflow/example_dags/example_task_group.py
[2024-04-13T16:28:19.550+0000] {logging_mixin.py:188} INFO - [2024-04-13T16:28:19.550+0000] {dag.py:3096} INFO - Sync 1 DAGs
[2024-04-13T16:28:19.558+0000] {logging_mixin.py:188} INFO - [2024-04-13T16:28:19.558+0000] {dag.py:3954} INFO - Setting next_dagrun for example_task_group to 2024-04-12 00:00:00+00:00, run_after=2024-04-13 00:00:00+00:00
[2024-04-13T16:28:19.564+0000] {processor.py:183} INFO - Processing /home/airflow/.local/lib/python3.12/site-packages/airflow/example_dags/example_task_group.py took 0.029 seconds
[2024-04-13T16:28:50.157+0000] {processor.py:161} INFO - Started process (PID=1914) to work on /home/airflow/.local/lib/python3.12/site-packages/airflow/example_dags/example_task_group.py
[2024-04-13T16:28:50.157+0000] {processor.py:830} INFO - Processing file /home/airflow/.local/lib/python3.12/site-packages/airflow/example_dags/example_task_group.py for tasks to queue
[2024-04-13T16:28:50.158+0000] {logging_mixin.py:188} INFO - [2024-04-13T16:28:50.158+0000] {dagbag.py:540} INFO - Filling up the DagBag from /home/airflow/.local/lib/python3.12/site-packages/airflow/example_dags/example_task_group.py
[2024-04-13T16:28:50.161+0000] {processor.py:840} INFO - DAG(s) 'example_task_group' retrieved from /home/airflow/.local/lib/python3.12/site-packages/airflow/example_dags/example_task_group.py
[2024-04-13T16:28:50.170+0000] {logging_mixin.py:188} INFO - [2024-04-13T16:28:50.170+0000] {dag.py:3096} INFO - Sync 1 DAGs
[2024-04-13T16:28:50.178+0000] {logging_mixin.py:188} INFO - [2024-04-13T16:28:50.177+0000] {dag.py:3954} INFO - Setting next_dagrun for example_task_group to 2024-04-12 00:00:00+00:00, run_after=2024-04-13 00:00:00+00:00
[2024-04-13T16:28:50.184+0000] {processor.py:183} INFO - Processing /home/airflow/.local/lib/python3.12/site-packages/airflow/example_dags/example_task_group.py took 0.029 seconds
[2024-04-13T16:29:20.796+0000] {processor.py:161} INFO - Started process (PID=1972) to work on /home/airflow/.local/lib/python3.12/site-packages/airflow/example_dags/example_task_group.py
[2024-04-13T16:29:20.796+0000] {processor.py:830} INFO - Processing file /home/airflow/.local/lib/python3.12/site-packages/airflow/example_dags/example_task_group.py for tasks to queue
[2024-04-13T16:29:20.797+0000] {logging_mixin.py:188} INFO - [2024-04-13T16:29:20.797+0000] {dagbag.py:540} INFO - Filling up the DagBag from /home/airflow/.local/lib/python3.12/site-packages/airflow/example_dags/example_task_group.py
[2024-04-13T16:29:20.800+0000] {processor.py:840} INFO - DAG(s) 'example_task_group' retrieved from /home/airflow/.local/lib/python3.12/site-packages/airflow/example_dags/example_task_group.py
[2024-04-13T16:29:20.808+0000] {logging_mixin.py:188} INFO - [2024-04-13T16:29:20.808+0000] {dag.py:3096} INFO - Sync 1 DAGs
[2024-04-13T16:29:20.816+0000] {logging_mixin.py:188} INFO - [2024-04-13T16:29:20.816+0000] {dag.py:3954} INFO - Setting next_dagrun for example_task_group to 2024-04-12 00:00:00+00:00, run_after=2024-04-13 00:00:00+00:00
[2024-04-13T16:29:20.824+0000] {processor.py:183} INFO - Processing /home/airflow/.local/lib/python3.12/site-packages/airflow/example_dags/example_task_group.py took 0.031 seconds
[2024-04-13T16:29:51.431+0000] {processor.py:161} INFO - Started process (PID=2030) to work on /home/airflow/.local/lib/python3.12/site-packages/airflow/example_dags/example_task_group.py
[2024-04-13T16:29:51.431+0000] {processor.py:830} INFO - Processing file /home/airflow/.local/lib/python3.12/site-packages/airflow/example_dags/example_task_group.py for tasks to queue
[2024-04-13T16:29:51.432+0000] {logging_mixin.py:188} INFO - [2024-04-13T16:29:51.432+0000] {dagbag.py:540} INFO - Filling up the DagBag from /home/airflow/.local/lib/python3.12/site-packages/airflow/example_dags/example_task_group.py
[2024-04-13T16:29:51.435+0000] {processor.py:840} INFO - DAG(s) 'example_task_group' retrieved from /home/airflow/.local/lib/python3.12/site-packages/airflow/example_dags/example_task_group.py
[2024-04-13T16:29:51.446+0000] {logging_mixin.py:188} INFO - [2024-04-13T16:29:51.446+0000] {dag.py:3096} INFO - Sync 1 DAGs
[2024-04-13T16:29:51.456+0000] {logging_mixin.py:188} INFO - [2024-04-13T16:29:51.456+0000] {dag.py:3954} INFO - Setting next_dagrun for example_task_group to 2024-04-12 00:00:00+00:00, run_after=2024-04-13 00:00:00+00:00
[2024-04-13T16:29:51.463+0000] {processor.py:183} INFO - Processing /home/airflow/.local/lib/python3.12/site-packages/airflow/example_dags/example_task_group.py took 0.035 seconds
[2024-04-13T16:30:22.029+0000] {processor.py:161} INFO - Started process (PID=2088) to work on /home/airflow/.local/lib/python3.12/site-packages/airflow/example_dags/example_task_group.py
[2024-04-13T16:30:22.029+0000] {processor.py:830} INFO - Processing file /home/airflow/.local/lib/python3.12/site-packages/airflow/example_dags/example_task_group.py for tasks to queue
[2024-04-13T16:30:22.030+0000] {logging_mixin.py:188} INFO - [2024-04-13T16:30:22.030+0000] {dagbag.py:540} INFO - Filling up the DagBag from /home/airflow/.local/lib/python3.12/site-packages/airflow/example_dags/example_task_group.py
[2024-04-13T16:30:22.033+0000] {processor.py:840} INFO - DAG(s) 'example_task_group' retrieved from /home/airflow/.local/lib/python3.12/site-packages/airflow/example_dags/example_task_group.py
[2024-04-13T16:30:22.041+0000] {logging_mixin.py:188} INFO - [2024-04-13T16:30:22.041+0000] {dag.py:3096} INFO - Sync 1 DAGs
[2024-04-13T16:30:22.050+0000] {logging_mixin.py:188} INFO - [2024-04-13T16:30:22.050+0000] {dag.py:3954} INFO - Setting next_dagrun for example_task_group to 2024-04-12 00:00:00+00:00, run_after=2024-04-13 00:00:00+00:00
[2024-04-13T16:30:22.056+0000] {processor.py:183} INFO - Processing /home/airflow/.local/lib/python3.12/site-packages/airflow/example_dags/example_task_group.py took 0.030 seconds
[2024-04-13T16:30:52.657+0000] {processor.py:161} INFO - Started process (PID=2146) to work on /home/airflow/.local/lib/python3.12/site-packages/airflow/example_dags/example_task_group.py
[2024-04-13T16:30:52.657+0000] {processor.py:830} INFO - Processing file /home/airflow/.local/lib/python3.12/site-packages/airflow/example_dags/example_task_group.py for tasks to queue
[2024-04-13T16:30:52.658+0000] {logging_mixin.py:188} INFO - [2024-04-13T16:30:52.658+0000] {dagbag.py:540} INFO - Filling up the DagBag from /home/airflow/.local/lib/python3.12/site-packages/airflow/example_dags/example_task_group.py
[2024-04-13T16:30:52.661+0000] {processor.py:840} INFO - DAG(s) 'example_task_group' retrieved from /home/airflow/.local/lib/python3.12/site-packages/airflow/example_dags/example_task_group.py
[2024-04-13T16:30:52.669+0000] {logging_mixin.py:188} INFO - [2024-04-13T16:30:52.669+0000] {dag.py:3096} INFO - Sync 1 DAGs
[2024-04-13T16:30:52.677+0000] {logging_mixin.py:188} INFO - [2024-04-13T16:30:52.677+0000] {dag.py:3954} INFO - Setting next_dagrun for example_task_group to 2024-04-12 00:00:00+00:00, run_after=2024-04-13 00:00:00+00:00
[2024-04-13T16:30:52.684+0000] {processor.py:183} INFO - Processing /home/airflow/.local/lib/python3.12/site-packages/airflow/example_dags/example_task_group.py took 0.029 seconds
[2024-04-13T16:31:23.281+0000] {processor.py:161} INFO - Started process (PID=2204) to work on /home/airflow/.local/lib/python3.12/site-packages/airflow/example_dags/example_task_group.py
[2024-04-13T16:31:23.281+0000] {processor.py:830} INFO - Processing file /home/airflow/.local/lib/python3.12/site-packages/airflow/example_dags/example_task_group.py for tasks to queue
[2024-04-13T16:31:23.282+0000] {logging_mixin.py:188} INFO - [2024-04-13T16:31:23.282+0000] {dagbag.py:540} INFO - Filling up the DagBag from /home/airflow/.local/lib/python3.12/site-packages/airflow/example_dags/example_task_group.py
[2024-04-13T16:31:23.285+0000] {processor.py:840} INFO - DAG(s) 'example_task_group' retrieved from /home/airflow/.local/lib/python3.12/site-packages/airflow/example_dags/example_task_group.py
[2024-04-13T16:31:23.294+0000] {logging_mixin.py:188} INFO - [2024-04-13T16:31:23.294+0000] {dag.py:3096} INFO - Sync 1 DAGs
[2024-04-13T16:31:23.303+0000] {logging_mixin.py:188} INFO - [2024-04-13T16:31:23.303+0000] {dag.py:3954} INFO - Setting next_dagrun for example_task_group to 2024-04-12 00:00:00+00:00, run_after=2024-04-13 00:00:00+00:00
[2024-04-13T16:31:23.309+0000] {processor.py:183} INFO - Processing /home/airflow/.local/lib/python3.12/site-packages/airflow/example_dags/example_task_group.py took 0.031 seconds
[2024-04-13T16:31:53.904+0000] {processor.py:161} INFO - Started process (PID=2262) to work on /home/airflow/.local/lib/python3.12/site-packages/airflow/example_dags/example_task_group.py
[2024-04-13T16:31:53.904+0000] {processor.py:830} INFO - Processing file /home/airflow/.local/lib/python3.12/site-packages/airflow/example_dags/example_task_group.py for tasks to queue
[2024-04-13T16:31:53.905+0000] {logging_mixin.py:188} INFO - [2024-04-13T16:31:53.905+0000] {dagbag.py:540} INFO - Filling up the DagBag from /home/airflow/.local/lib/python3.12/site-packages/airflow/example_dags/example_task_group.py
[2024-04-13T16:31:53.908+0000] {processor.py:840} INFO - DAG(s) 'example_task_group' retrieved from /home/airflow/.local/lib/python3.12/site-packages/airflow/example_dags/example_task_group.py
[2024-04-13T16:31:53.917+0000] {logging_mixin.py:188} INFO - [2024-04-13T16:31:53.916+0000] {dag.py:3096} INFO - Sync 1 DAGs
[2024-04-13T16:31:53.924+0000] {logging_mixin.py:188} INFO - [2024-04-13T16:31:53.924+0000] {dag.py:3954} INFO - Setting next_dagrun for example_task_group to 2024-04-12 00:00:00+00:00, run_after=2024-04-13 00:00:00+00:00
[2024-04-13T16:31:53.931+0000] {processor.py:183} INFO - Processing /home/airflow/.local/lib/python3.12/site-packages/airflow/example_dags/example_task_group.py took 0.030 seconds
[2024-04-13T16:32:24.374+0000] {processor.py:161} INFO - Started process (PID=2319) to work on /home/airflow/.local/lib/python3.12/site-packages/airflow/example_dags/example_task_group.py
[2024-04-13T16:32:24.374+0000] {processor.py:830} INFO - Processing file /home/airflow/.local/lib/python3.12/site-packages/airflow/example_dags/example_task_group.py for tasks to queue
[2024-04-13T16:32:24.375+0000] {logging_mixin.py:188} INFO - [2024-04-13T16:32:24.375+0000] {dagbag.py:540} INFO - Filling up the DagBag from /home/airflow/.local/lib/python3.12/site-packages/airflow/example_dags/example_task_group.py
[2024-04-13T16:32:24.378+0000] {processor.py:840} INFO - DAG(s) 'example_task_group' retrieved from /home/airflow/.local/lib/python3.12/site-packages/airflow/example_dags/example_task_group.py
[2024-04-13T16:32:24.386+0000] {logging_mixin.py:188} INFO - [2024-04-13T16:32:24.386+0000] {dag.py:3096} INFO - Sync 1 DAGs
[2024-04-13T16:32:24.394+0000] {logging_mixin.py:188} INFO - [2024-04-13T16:32:24.394+0000] {dag.py:3954} INFO - Setting next_dagrun for example_task_group to 2024-04-12 00:00:00+00:00, run_after=2024-04-13 00:00:00+00:00
[2024-04-13T16:32:24.401+0000] {processor.py:183} INFO - Processing /home/airflow/.local/lib/python3.12/site-packages/airflow/example_dags/example_task_group.py took 0.029 seconds
[2024-04-13T16:32:55.048+0000] {processor.py:161} INFO - Started process (PID=2377) to work on /home/airflow/.local/lib/python3.12/site-packages/airflow/example_dags/example_task_group.py
[2024-04-13T16:32:55.049+0000] {processor.py:830} INFO - Processing file /home/airflow/.local/lib/python3.12/site-packages/airflow/example_dags/example_task_group.py for tasks to queue
[2024-04-13T16:32:55.050+0000] {logging_mixin.py:188} INFO - [2024-04-13T16:32:55.049+0000] {dagbag.py:540} INFO - Filling up the DagBag from /home/airflow/.local/lib/python3.12/site-packages/airflow/example_dags/example_task_group.py
[2024-04-13T16:32:55.053+0000] {processor.py:840} INFO - DAG(s) 'example_task_group' retrieved from /home/airflow/.local/lib/python3.12/site-packages/airflow/example_dags/example_task_group.py
[2024-04-13T16:32:55.063+0000] {logging_mixin.py:188} INFO - [2024-04-13T16:32:55.063+0000] {dag.py:3096} INFO - Sync 1 DAGs
[2024-04-13T16:32:55.071+0000] {logging_mixin.py:188} INFO - [2024-04-13T16:32:55.071+0000] {dag.py:3954} INFO - Setting next_dagrun for example_task_group to 2024-04-12 00:00:00+00:00, run_after=2024-04-13 00:00:00+00:00
[2024-04-13T16:32:55.078+0000] {processor.py:183} INFO - Processing /home/airflow/.local/lib/python3.12/site-packages/airflow/example_dags/example_task_group.py took 0.033 seconds
[2024-04-13T16:33:25.650+0000] {processor.py:161} INFO - Started process (PID=2435) to work on /home/airflow/.local/lib/python3.12/site-packages/airflow/example_dags/example_task_group.py
[2024-04-13T16:33:25.651+0000] {processor.py:830} INFO - Processing file /home/airflow/.local/lib/python3.12/site-packages/airflow/example_dags/example_task_group.py for tasks to queue
[2024-04-13T16:33:25.651+0000] {logging_mixin.py:188} INFO - [2024-04-13T16:33:25.651+0000] {dagbag.py:540} INFO - Filling up the DagBag from /home/airflow/.local/lib/python3.12/site-packages/airflow/example_dags/example_task_group.py
[2024-04-13T16:33:25.655+0000] {processor.py:840} INFO - DAG(s) 'example_task_group' retrieved from /home/airflow/.local/lib/python3.12/site-packages/airflow/example_dags/example_task_group.py
[2024-04-13T16:33:25.664+0000] {logging_mixin.py:188} INFO - [2024-04-13T16:33:25.664+0000] {dag.py:3096} INFO - Sync 1 DAGs
[2024-04-13T16:33:25.673+0000] {logging_mixin.py:188} INFO - [2024-04-13T16:33:25.673+0000] {dag.py:3954} INFO - Setting next_dagrun for example_task_group to 2024-04-12 00:00:00+00:00, run_after=2024-04-13 00:00:00+00:00
[2024-04-13T16:33:25.680+0000] {processor.py:183} INFO - Processing /home/airflow/.local/lib/python3.12/site-packages/airflow/example_dags/example_task_group.py took 0.032 seconds
[2024-04-13T16:33:56.311+0000] {processor.py:161} INFO - Started process (PID=2493) to work on /home/airflow/.local/lib/python3.12/site-packages/airflow/example_dags/example_task_group.py
[2024-04-13T16:33:56.311+0000] {processor.py:830} INFO - Processing file /home/airflow/.local/lib/python3.12/site-packages/airflow/example_dags/example_task_group.py for tasks to queue
[2024-04-13T16:33:56.312+0000] {logging_mixin.py:188} INFO - [2024-04-13T16:33:56.312+0000] {dagbag.py:540} INFO - Filling up the DagBag from /home/airflow/.local/lib/python3.12/site-packages/airflow/example_dags/example_task_group.py
[2024-04-13T16:33:56.316+0000] {processor.py:840} INFO - DAG(s) 'example_task_group' retrieved from /home/airflow/.local/lib/python3.12/site-packages/airflow/example_dags/example_task_group.py
[2024-04-13T16:33:56.325+0000] {logging_mixin.py:188} INFO - [2024-04-13T16:33:56.325+0000] {dag.py:3096} INFO - Sync 1 DAGs
[2024-04-13T16:33:56.334+0000] {logging_mixin.py:188} INFO - [2024-04-13T16:33:56.333+0000] {dag.py:3954} INFO - Setting next_dagrun for example_task_group to 2024-04-12 00:00:00+00:00, run_after=2024-04-13 00:00:00+00:00
[2024-04-13T16:33:56.340+0000] {processor.py:183} INFO - Processing /home/airflow/.local/lib/python3.12/site-packages/airflow/example_dags/example_task_group.py took 0.032 seconds
[2024-04-13T16:34:26.869+0000] {processor.py:161} INFO - Started process (PID=2551) to work on /home/airflow/.local/lib/python3.12/site-packages/airflow/example_dags/example_task_group.py
[2024-04-13T16:34:26.870+0000] {processor.py:830} INFO - Processing file /home/airflow/.local/lib/python3.12/site-packages/airflow/example_dags/example_task_group.py for tasks to queue
[2024-04-13T16:34:26.871+0000] {logging_mixin.py:188} INFO - [2024-04-13T16:34:26.871+0000] {dagbag.py:540} INFO - Filling up the DagBag from /home/airflow/.local/lib/python3.12/site-packages/airflow/example_dags/example_task_group.py
[2024-04-13T16:34:26.874+0000] {processor.py:840} INFO - DAG(s) 'example_task_group' retrieved from /home/airflow/.local/lib/python3.12/site-packages/airflow/example_dags/example_task_group.py
[2024-04-13T16:34:26.882+0000] {logging_mixin.py:188} INFO - [2024-04-13T16:34:26.882+0000] {dag.py:3096} INFO - Sync 1 DAGs
[2024-04-13T16:34:26.890+0000] {logging_mixin.py:188} INFO - [2024-04-13T16:34:26.890+0000] {dag.py:3954} INFO - Setting next_dagrun for example_task_group to 2024-04-12 00:00:00+00:00, run_after=2024-04-13 00:00:00+00:00
[2024-04-13T16:34:26.897+0000] {processor.py:183} INFO - Processing /home/airflow/.local/lib/python3.12/site-packages/airflow/example_dags/example_task_group.py took 0.030 seconds
[2024-04-13T16:34:57.390+0000] {processor.py:161} INFO - Started process (PID=2609) to work on /home/airflow/.local/lib/python3.12/site-packages/airflow/example_dags/example_task_group.py
[2024-04-13T16:34:57.390+0000] {processor.py:830} INFO - Processing file /home/airflow/.local/lib/python3.12/site-packages/airflow/example_dags/example_task_group.py for tasks to queue
[2024-04-13T16:34:57.391+0000] {logging_mixin.py:188} INFO - [2024-04-13T16:34:57.391+0000] {dagbag.py:540} INFO - Filling up the DagBag from /home/airflow/.local/lib/python3.12/site-packages/airflow/example_dags/example_task_group.py
[2024-04-13T16:34:57.394+0000] {processor.py:840} INFO - DAG(s) 'example_task_group' retrieved from /home/airflow/.local/lib/python3.12/site-packages/airflow/example_dags/example_task_group.py
[2024-04-13T16:34:57.403+0000] {logging_mixin.py:188} INFO - [2024-04-13T16:34:57.403+0000] {dag.py:3096} INFO - Sync 1 DAGs
[2024-04-13T16:34:57.411+0000] {logging_mixin.py:188} INFO - [2024-04-13T16:34:57.411+0000] {dag.py:3954} INFO - Setting next_dagrun for example_task_group to 2024-04-12 00:00:00+00:00, run_after=2024-04-13 00:00:00+00:00
[2024-04-13T16:34:57.417+0000] {processor.py:183} INFO - Processing /home/airflow/.local/lib/python3.12/site-packages/airflow/example_dags/example_task_group.py took 0.030 seconds
[2024-04-13T16:35:28.064+0000] {processor.py:161} INFO - Started process (PID=2667) to work on /home/airflow/.local/lib/python3.12/site-packages/airflow/example_dags/example_task_group.py
[2024-04-13T16:35:28.064+0000] {processor.py:830} INFO - Processing file /home/airflow/.local/lib/python3.12/site-packages/airflow/example_dags/example_task_group.py for tasks to queue
[2024-04-13T16:35:28.065+0000] {logging_mixin.py:188} INFO - [2024-04-13T16:35:28.065+0000] {dagbag.py:540} INFO - Filling up the DagBag from /home/airflow/.local/lib/python3.12/site-packages/airflow/example_dags/example_task_group.py
[2024-04-13T16:35:28.068+0000] {processor.py:840} INFO - DAG(s) 'example_task_group' retrieved from /home/airflow/.local/lib/python3.12/site-packages/airflow/example_dags/example_task_group.py
[2024-04-13T16:35:28.080+0000] {logging_mixin.py:188} INFO - [2024-04-13T16:35:28.080+0000] {dag.py:3096} INFO - Sync 1 DAGs
[2024-04-13T16:35:28.089+0000] {logging_mixin.py:188} INFO - [2024-04-13T16:35:28.089+0000] {dag.py:3954} INFO - Setting next_dagrun for example_task_group to 2024-04-12 00:00:00+00:00, run_after=2024-04-13 00:00:00+00:00
[2024-04-13T16:35:28.096+0000] {processor.py:183} INFO - Processing /home/airflow/.local/lib/python3.12/site-packages/airflow/example_dags/example_task_group.py took 0.035 seconds
[2024-04-13T16:35:58.679+0000] {processor.py:161} INFO - Started process (PID=2725) to work on /home/airflow/.local/lib/python3.12/site-packages/airflow/example_dags/example_task_group.py
[2024-04-13T16:35:58.680+0000] {processor.py:830} INFO - Processing file /home/airflow/.local/lib/python3.12/site-packages/airflow/example_dags/example_task_group.py for tasks to queue
[2024-04-13T16:35:58.680+0000] {logging_mixin.py:188} INFO - [2024-04-13T16:35:58.680+0000] {dagbag.py:540} INFO - Filling up the DagBag from /home/airflow/.local/lib/python3.12/site-packages/airflow/example_dags/example_task_group.py
[2024-04-13T16:35:58.684+0000] {processor.py:840} INFO - DAG(s) 'example_task_group' retrieved from /home/airflow/.local/lib/python3.12/site-packages/airflow/example_dags/example_task_group.py
[2024-04-13T16:35:58.693+0000] {logging_mixin.py:188} INFO - [2024-04-13T16:35:58.693+0000] {dag.py:3096} INFO - Sync 1 DAGs
[2024-04-13T16:35:58.702+0000] {logging_mixin.py:188} INFO - [2024-04-13T16:35:58.702+0000] {dag.py:3954} INFO - Setting next_dagrun for example_task_group to 2024-04-12 00:00:00+00:00, run_after=2024-04-13 00:00:00+00:00
[2024-04-13T16:35:58.709+0000] {processor.py:183} INFO - Processing /home/airflow/.local/lib/python3.12/site-packages/airflow/example_dags/example_task_group.py took 0.032 seconds
[2024-04-13T16:36:29.311+0000] {processor.py:161} INFO - Started process (PID=2783) to work on /home/airflow/.local/lib/python3.12/site-packages/airflow/example_dags/example_task_group.py
[2024-04-13T16:36:29.311+0000] {processor.py:830} INFO - Processing file /home/airflow/.local/lib/python3.12/site-packages/airflow/example_dags/example_task_group.py for tasks to queue
[2024-04-13T16:36:29.312+0000] {logging_mixin.py:188} INFO - [2024-04-13T16:36:29.312+0000] {dagbag.py:540} INFO - Filling up the DagBag from /home/airflow/.local/lib/python3.12/site-packages/airflow/example_dags/example_task_group.py
[2024-04-13T16:36:29.315+0000] {processor.py:840} INFO - DAG(s) 'example_task_group' retrieved from /home/airflow/.local/lib/python3.12/site-packages/airflow/example_dags/example_task_group.py
[2024-04-13T16:36:29.323+0000] {logging_mixin.py:188} INFO - [2024-04-13T16:36:29.323+0000] {dag.py:3096} INFO - Sync 1 DAGs
[2024-04-13T16:36:29.331+0000] {logging_mixin.py:188} INFO - [2024-04-13T16:36:29.331+0000] {dag.py:3954} INFO - Setting next_dagrun for example_task_group to 2024-04-12 00:00:00+00:00, run_after=2024-04-13 00:00:00+00:00
[2024-04-13T16:36:29.338+0000] {processor.py:183} INFO - Processing /home/airflow/.local/lib/python3.12/site-packages/airflow/example_dags/example_task_group.py took 0.030 seconds
[2024-04-13T16:36:59.894+0000] {processor.py:161} INFO - Started process (PID=2840) to work on /home/airflow/.local/lib/python3.12/site-packages/airflow/example_dags/example_task_group.py
[2024-04-13T16:36:59.894+0000] {processor.py:830} INFO - Processing file /home/airflow/.local/lib/python3.12/site-packages/airflow/example_dags/example_task_group.py for tasks to queue
[2024-04-13T16:36:59.895+0000] {logging_mixin.py:188} INFO - [2024-04-13T16:36:59.895+0000] {dagbag.py:540} INFO - Filling up the DagBag from /home/airflow/.local/lib/python3.12/site-packages/airflow/example_dags/example_task_group.py
[2024-04-13T16:36:59.898+0000] {processor.py:840} INFO - DAG(s) 'example_task_group' retrieved from /home/airflow/.local/lib/python3.12/site-packages/airflow/example_dags/example_task_group.py
[2024-04-13T16:36:59.907+0000] {logging_mixin.py:188} INFO - [2024-04-13T16:36:59.907+0000] {dag.py:3096} INFO - Sync 1 DAGs
[2024-04-13T16:36:59.916+0000] {logging_mixin.py:188} INFO - [2024-04-13T16:36:59.916+0000] {dag.py:3954} INFO - Setting next_dagrun for example_task_group to 2024-04-12 00:00:00+00:00, run_after=2024-04-13 00:00:00+00:00
[2024-04-13T16:36:59.923+0000] {processor.py:183} INFO - Processing /home/airflow/.local/lib/python3.12/site-packages/airflow/example_dags/example_task_group.py took 0.032 seconds
[2024-04-13T16:37:30.440+0000] {processor.py:161} INFO - Started process (PID=2898) to work on /home/airflow/.local/lib/python3.12/site-packages/airflow/example_dags/example_task_group.py
[2024-04-13T16:37:30.441+0000] {processor.py:830} INFO - Processing file /home/airflow/.local/lib/python3.12/site-packages/airflow/example_dags/example_task_group.py for tasks to queue
[2024-04-13T16:37:30.442+0000] {logging_mixin.py:188} INFO - [2024-04-13T16:37:30.442+0000] {dagbag.py:540} INFO - Filling up the DagBag from /home/airflow/.local/lib/python3.12/site-packages/airflow/example_dags/example_task_group.py
[2024-04-13T16:37:30.445+0000] {processor.py:840} INFO - DAG(s) 'example_task_group' retrieved from /home/airflow/.local/lib/python3.12/site-packages/airflow/example_dags/example_task_group.py
[2024-04-13T16:37:30.456+0000] {logging_mixin.py:188} INFO - [2024-04-13T16:37:30.456+0000] {dag.py:3096} INFO - Sync 1 DAGs
[2024-04-13T16:37:30.465+0000] {logging_mixin.py:188} INFO - [2024-04-13T16:37:30.465+0000] {dag.py:3954} INFO - Setting next_dagrun for example_task_group to 2024-04-12 00:00:00+00:00, run_after=2024-04-13 00:00:00+00:00
[2024-04-13T16:37:30.473+0000] {processor.py:183} INFO - Processing /home/airflow/.local/lib/python3.12/site-packages/airflow/example_dags/example_task_group.py took 0.035 seconds
[2024-04-13T16:38:01.617+0000] {processor.py:161} INFO - Started process (PID=2956) to work on /home/airflow/.local/lib/python3.12/site-packages/airflow/example_dags/example_task_group.py
[2024-04-13T16:38:01.620+0000] {processor.py:830} INFO - Processing file /home/airflow/.local/lib/python3.12/site-packages/airflow/example_dags/example_task_group.py for tasks to queue
[2024-04-13T16:38:01.624+0000] {logging_mixin.py:188} INFO - [2024-04-13T16:38:01.623+0000] {dagbag.py:540} INFO - Filling up the DagBag from /home/airflow/.local/lib/python3.12/site-packages/airflow/example_dags/example_task_group.py
[2024-04-13T16:38:01.630+0000] {processor.py:840} INFO - DAG(s) 'example_task_group' retrieved from /home/airflow/.local/lib/python3.12/site-packages/airflow/example_dags/example_task_group.py
[2024-04-13T16:38:01.658+0000] {logging_mixin.py:188} INFO - [2024-04-13T16:38:01.658+0000] {dag.py:3096} INFO - Sync 1 DAGs
[2024-04-13T16:38:01.687+0000] {logging_mixin.py:188} INFO - [2024-04-13T16:38:01.687+0000] {dag.py:3954} INFO - Setting next_dagrun for example_task_group to 2024-04-12 00:00:00+00:00, run_after=2024-04-13 00:00:00+00:00
[2024-04-13T16:38:01.731+0000] {processor.py:183} INFO - Processing /home/airflow/.local/lib/python3.12/site-packages/airflow/example_dags/example_task_group.py took 0.124 seconds
[2024-04-13T16:38:32.088+0000] {processor.py:161} INFO - Started process (PID=3014) to work on /home/airflow/.local/lib/python3.12/site-packages/airflow/example_dags/example_task_group.py
[2024-04-13T16:38:32.089+0000] {processor.py:830} INFO - Processing file /home/airflow/.local/lib/python3.12/site-packages/airflow/example_dags/example_task_group.py for tasks to queue
[2024-04-13T16:38:32.090+0000] {logging_mixin.py:188} INFO - [2024-04-13T16:38:32.089+0000] {dagbag.py:540} INFO - Filling up the DagBag from /home/airflow/.local/lib/python3.12/site-packages/airflow/example_dags/example_task_group.py
[2024-04-13T16:38:32.094+0000] {processor.py:840} INFO - DAG(s) 'example_task_group' retrieved from /home/airflow/.local/lib/python3.12/site-packages/airflow/example_dags/example_task_group.py
[2024-04-13T16:38:32.106+0000] {logging_mixin.py:188} INFO - [2024-04-13T16:38:32.106+0000] {dag.py:3096} INFO - Sync 1 DAGs
[2024-04-13T16:38:32.118+0000] {logging_mixin.py:188} INFO - [2024-04-13T16:38:32.118+0000] {dag.py:3954} INFO - Setting next_dagrun for example_task_group to 2024-04-12 00:00:00+00:00, run_after=2024-04-13 00:00:00+00:00
[2024-04-13T16:38:32.129+0000] {processor.py:183} INFO - Processing /home/airflow/.local/lib/python3.12/site-packages/airflow/example_dags/example_task_group.py took 0.045 seconds
[2024-04-13T16:39:02.409+0000] {processor.py:161} INFO - Started process (PID=3072) to work on /home/airflow/.local/lib/python3.12/site-packages/airflow/example_dags/example_task_group.py
[2024-04-13T16:39:02.410+0000] {processor.py:830} INFO - Processing file /home/airflow/.local/lib/python3.12/site-packages/airflow/example_dags/example_task_group.py for tasks to queue
[2024-04-13T16:39:02.411+0000] {logging_mixin.py:188} INFO - [2024-04-13T16:39:02.411+0000] {dagbag.py:540} INFO - Filling up the DagBag from /home/airflow/.local/lib/python3.12/site-packages/airflow/example_dags/example_task_group.py
[2024-04-13T16:39:02.414+0000] {processor.py:840} INFO - DAG(s) 'example_task_group' retrieved from /home/airflow/.local/lib/python3.12/site-packages/airflow/example_dags/example_task_group.py
[2024-04-13T16:39:02.423+0000] {logging_mixin.py:188} INFO - [2024-04-13T16:39:02.423+0000] {dag.py:3096} INFO - Sync 1 DAGs
[2024-04-13T16:39:02.432+0000] {logging_mixin.py:188} INFO - [2024-04-13T16:39:02.432+0000] {dag.py:3954} INFO - Setting next_dagrun for example_task_group to 2024-04-12 00:00:00+00:00, run_after=2024-04-13 00:00:00+00:00
[2024-04-13T16:39:02.439+0000] {processor.py:183} INFO - Processing /home/airflow/.local/lib/python3.12/site-packages/airflow/example_dags/example_task_group.py took 0.032 seconds
[2024-04-13T16:39:32.970+0000] {processor.py:161} INFO - Started process (PID=3129) to work on /home/airflow/.local/lib/python3.12/site-packages/airflow/example_dags/example_task_group.py
[2024-04-13T16:39:32.970+0000] {processor.py:830} INFO - Processing file /home/airflow/.local/lib/python3.12/site-packages/airflow/example_dags/example_task_group.py for tasks to queue
[2024-04-13T16:39:32.971+0000] {logging_mixin.py:188} INFO - [2024-04-13T16:39:32.971+0000] {dagbag.py:540} INFO - Filling up the DagBag from /home/airflow/.local/lib/python3.12/site-packages/airflow/example_dags/example_task_group.py
[2024-04-13T16:39:32.974+0000] {processor.py:840} INFO - DAG(s) 'example_task_group' retrieved from /home/airflow/.local/lib/python3.12/site-packages/airflow/example_dags/example_task_group.py
[2024-04-13T16:39:32.985+0000] {logging_mixin.py:188} INFO - [2024-04-13T16:39:32.985+0000] {dag.py:3096} INFO - Sync 1 DAGs
[2024-04-13T16:39:32.996+0000] {logging_mixin.py:188} INFO - [2024-04-13T16:39:32.996+0000] {dag.py:3954} INFO - Setting next_dagrun for example_task_group to 2024-04-12 00:00:00+00:00, run_after=2024-04-13 00:00:00+00:00
[2024-04-13T16:39:33.003+0000] {processor.py:183} INFO - Processing /home/airflow/.local/lib/python3.12/site-packages/airflow/example_dags/example_task_group.py took 0.035 seconds
[2024-04-13T16:40:03.472+0000] {processor.py:161} INFO - Started process (PID=3187) to work on /home/airflow/.local/lib/python3.12/site-packages/airflow/example_dags/example_task_group.py
[2024-04-13T16:40:03.473+0000] {processor.py:830} INFO - Processing file /home/airflow/.local/lib/python3.12/site-packages/airflow/example_dags/example_task_group.py for tasks to queue
[2024-04-13T16:40:03.474+0000] {logging_mixin.py:188} INFO - [2024-04-13T16:40:03.474+0000] {dagbag.py:540} INFO - Filling up the DagBag from /home/airflow/.local/lib/python3.12/site-packages/airflow/example_dags/example_task_group.py
[2024-04-13T16:40:03.477+0000] {processor.py:840} INFO - DAG(s) 'example_task_group' retrieved from /home/airflow/.local/lib/python3.12/site-packages/airflow/example_dags/example_task_group.py
[2024-04-13T16:40:03.486+0000] {logging_mixin.py:188} INFO - [2024-04-13T16:40:03.485+0000] {dag.py:3096} INFO - Sync 1 DAGs
[2024-04-13T16:40:03.494+0000] {logging_mixin.py:188} INFO - [2024-04-13T16:40:03.494+0000] {dag.py:3954} INFO - Setting next_dagrun for example_task_group to 2024-04-12 00:00:00+00:00, run_after=2024-04-13 00:00:00+00:00
[2024-04-13T16:40:03.500+0000] {processor.py:183} INFO - Processing /home/airflow/.local/lib/python3.12/site-packages/airflow/example_dags/example_task_group.py took 0.031 seconds
[2024-04-13T16:40:33.999+0000] {processor.py:161} INFO - Started process (PID=3245) to work on /home/airflow/.local/lib/python3.12/site-packages/airflow/example_dags/example_task_group.py
[2024-04-13T16:40:34.000+0000] {processor.py:830} INFO - Processing file /home/airflow/.local/lib/python3.12/site-packages/airflow/example_dags/example_task_group.py for tasks to queue
[2024-04-13T16:40:34.001+0000] {logging_mixin.py:188} INFO - [2024-04-13T16:40:34.001+0000] {dagbag.py:540} INFO - Filling up the DagBag from /home/airflow/.local/lib/python3.12/site-packages/airflow/example_dags/example_task_group.py
[2024-04-13T16:40:34.004+0000] {processor.py:840} INFO - DAG(s) 'example_task_group' retrieved from /home/airflow/.local/lib/python3.12/site-packages/airflow/example_dags/example_task_group.py
[2024-04-13T16:40:34.013+0000] {logging_mixin.py:188} INFO - [2024-04-13T16:40:34.013+0000] {dag.py:3096} INFO - Sync 1 DAGs
[2024-04-13T16:40:34.022+0000] {logging_mixin.py:188} INFO - [2024-04-13T16:40:34.021+0000] {dag.py:3954} INFO - Setting next_dagrun for example_task_group to 2024-04-12 00:00:00+00:00, run_after=2024-04-13 00:00:00+00:00
[2024-04-13T16:40:34.028+0000] {processor.py:183} INFO - Processing /home/airflow/.local/lib/python3.12/site-packages/airflow/example_dags/example_task_group.py took 0.031 seconds
[2024-04-13T16:41:04.596+0000] {processor.py:161} INFO - Started process (PID=3303) to work on /home/airflow/.local/lib/python3.12/site-packages/airflow/example_dags/example_task_group.py
[2024-04-13T16:41:04.597+0000] {processor.py:830} INFO - Processing file /home/airflow/.local/lib/python3.12/site-packages/airflow/example_dags/example_task_group.py for tasks to queue
[2024-04-13T16:41:04.597+0000] {logging_mixin.py:188} INFO - [2024-04-13T16:41:04.597+0000] {dagbag.py:540} INFO - Filling up the DagBag from /home/airflow/.local/lib/python3.12/site-packages/airflow/example_dags/example_task_group.py
[2024-04-13T16:41:04.601+0000] {processor.py:840} INFO - DAG(s) 'example_task_group' retrieved from /home/airflow/.local/lib/python3.12/site-packages/airflow/example_dags/example_task_group.py
[2024-04-13T16:41:04.609+0000] {logging_mixin.py:188} INFO - [2024-04-13T16:41:04.609+0000] {dag.py:3096} INFO - Sync 1 DAGs
[2024-04-13T16:41:04.618+0000] {logging_mixin.py:188} INFO - [2024-04-13T16:41:04.618+0000] {dag.py:3954} INFO - Setting next_dagrun for example_task_group to 2024-04-12 00:00:00+00:00, run_after=2024-04-13 00:00:00+00:00
[2024-04-13T16:41:04.625+0000] {processor.py:183} INFO - Processing /home/airflow/.local/lib/python3.12/site-packages/airflow/example_dags/example_task_group.py took 0.031 seconds
