[2024-04-13T16:12:30.348+0000] {processor.py:161} INFO - Started process (PID=36) to work on /home/airflow/.local/lib/python3.12/site-packages/airflow/example_dags/example_dag_decorator.py
[2024-04-13T16:12:30.349+0000] {processor.py:830} INFO - Processing file /home/airflow/.local/lib/python3.12/site-packages/airflow/example_dags/example_dag_decorator.py for tasks to queue
[2024-04-13T16:12:30.350+0000] {logging_mixin.py:188} INFO - [2024-04-13T16:12:30.350+0000] {dagbag.py:540} INFO - Filling up the DagBag from /home/airflow/.local/lib/python3.12/site-packages/airflow/example_dags/example_dag_decorator.py
[2024-04-13T16:12:30.482+0000] {processor.py:840} INFO - DAG(s) 'example_dag_decorator' retrieved from /home/airflow/.local/lib/python3.12/site-packages/airflow/example_dags/example_dag_decorator.py
[2024-04-13T16:12:30.497+0000] {logging_mixin.py:188} INFO - [2024-04-13T16:12:30.497+0000] {dag.py:3096} INFO - Sync 1 DAGs
[2024-04-13T16:12:30.512+0000] {logging_mixin.py:188} INFO - [2024-04-13T16:12:30.512+0000] {dag.py:3954} INFO - Setting next_dagrun for example_dag_decorator to None, run_after=None
[2024-04-13T16:12:30.527+0000] {processor.py:183} INFO - Processing /home/airflow/.local/lib/python3.12/site-packages/airflow/example_dags/example_dag_decorator.py took 0.182 seconds
[2024-04-13T16:13:01.300+0000] {processor.py:161} INFO - Started process (PID=94) to work on /home/airflow/.local/lib/python3.12/site-packages/airflow/example_dags/example_dag_decorator.py
[2024-04-13T16:13:01.300+0000] {processor.py:830} INFO - Processing file /home/airflow/.local/lib/python3.12/site-packages/airflow/example_dags/example_dag_decorator.py for tasks to queue
[2024-04-13T16:13:01.301+0000] {logging_mixin.py:188} INFO - [2024-04-13T16:13:01.301+0000] {dagbag.py:540} INFO - Filling up the DagBag from /home/airflow/.local/lib/python3.12/site-packages/airflow/example_dags/example_dag_decorator.py
[2024-04-13T16:13:01.343+0000] {processor.py:840} INFO - DAG(s) 'example_dag_decorator' retrieved from /home/airflow/.local/lib/python3.12/site-packages/airflow/example_dags/example_dag_decorator.py
[2024-04-13T16:13:01.391+0000] {logging_mixin.py:188} INFO - [2024-04-13T16:13:01.391+0000] {dag.py:3096} INFO - Sync 1 DAGs
[2024-04-13T16:13:01.395+0000] {logging_mixin.py:188} INFO - [2024-04-13T16:13:01.395+0000] {dag.py:3954} INFO - Setting next_dagrun for example_dag_decorator to None, run_after=None
[2024-04-13T16:13:01.402+0000] {processor.py:183} INFO - Processing /home/airflow/.local/lib/python3.12/site-packages/airflow/example_dags/example_dag_decorator.py took 0.105 seconds
[2024-04-13T16:13:31.600+0000] {processor.py:161} INFO - Started process (PID=153) to work on /home/airflow/.local/lib/python3.12/site-packages/airflow/example_dags/example_dag_decorator.py
[2024-04-13T16:13:31.600+0000] {processor.py:830} INFO - Processing file /home/airflow/.local/lib/python3.12/site-packages/airflow/example_dags/example_dag_decorator.py for tasks to queue
[2024-04-13T16:13:31.601+0000] {logging_mixin.py:188} INFO - [2024-04-13T16:13:31.601+0000] {dagbag.py:540} INFO - Filling up the DagBag from /home/airflow/.local/lib/python3.12/site-packages/airflow/example_dags/example_dag_decorator.py
[2024-04-13T16:13:31.636+0000] {processor.py:840} INFO - DAG(s) 'example_dag_decorator' retrieved from /home/airflow/.local/lib/python3.12/site-packages/airflow/example_dags/example_dag_decorator.py
[2024-04-13T16:13:31.677+0000] {logging_mixin.py:188} INFO - [2024-04-13T16:13:31.677+0000] {dag.py:3096} INFO - Sync 1 DAGs
[2024-04-13T16:13:31.682+0000] {logging_mixin.py:188} INFO - [2024-04-13T16:13:31.682+0000] {dag.py:3954} INFO - Setting next_dagrun for example_dag_decorator to None, run_after=None
[2024-04-13T16:13:31.690+0000] {processor.py:183} INFO - Processing /home/airflow/.local/lib/python3.12/site-packages/airflow/example_dags/example_dag_decorator.py took 0.092 seconds
[2024-04-13T16:14:01.995+0000] {processor.py:161} INFO - Started process (PID=210) to work on /home/airflow/.local/lib/python3.12/site-packages/airflow/example_dags/example_dag_decorator.py
[2024-04-13T16:14:01.995+0000] {processor.py:830} INFO - Processing file /home/airflow/.local/lib/python3.12/site-packages/airflow/example_dags/example_dag_decorator.py for tasks to queue
[2024-04-13T16:14:01.996+0000] {logging_mixin.py:188} INFO - [2024-04-13T16:14:01.996+0000] {dagbag.py:540} INFO - Filling up the DagBag from /home/airflow/.local/lib/python3.12/site-packages/airflow/example_dags/example_dag_decorator.py
[2024-04-13T16:14:02.030+0000] {processor.py:840} INFO - DAG(s) 'example_dag_decorator' retrieved from /home/airflow/.local/lib/python3.12/site-packages/airflow/example_dags/example_dag_decorator.py
[2024-04-13T16:14:02.162+0000] {logging_mixin.py:188} INFO - [2024-04-13T16:14:02.162+0000] {dag.py:3096} INFO - Sync 1 DAGs
[2024-04-13T16:14:02.165+0000] {logging_mixin.py:188} INFO - [2024-04-13T16:14:02.165+0000] {dag.py:3954} INFO - Setting next_dagrun for example_dag_decorator to None, run_after=None
[2024-04-13T16:14:02.172+0000] {processor.py:183} INFO - Processing /home/airflow/.local/lib/python3.12/site-packages/airflow/example_dags/example_dag_decorator.py took 0.180 seconds
[2024-04-13T16:14:32.498+0000] {processor.py:161} INFO - Started process (PID=268) to work on /home/airflow/.local/lib/python3.12/site-packages/airflow/example_dags/example_dag_decorator.py
[2024-04-13T16:14:32.499+0000] {processor.py:830} INFO - Processing file /home/airflow/.local/lib/python3.12/site-packages/airflow/example_dags/example_dag_decorator.py for tasks to queue
[2024-04-13T16:14:32.499+0000] {logging_mixin.py:188} INFO - [2024-04-13T16:14:32.499+0000] {dagbag.py:540} INFO - Filling up the DagBag from /home/airflow/.local/lib/python3.12/site-packages/airflow/example_dags/example_dag_decorator.py
[2024-04-13T16:14:32.534+0000] {processor.py:840} INFO - DAG(s) 'example_dag_decorator' retrieved from /home/airflow/.local/lib/python3.12/site-packages/airflow/example_dags/example_dag_decorator.py
[2024-04-13T16:14:32.545+0000] {logging_mixin.py:188} INFO - [2024-04-13T16:14:32.545+0000] {dag.py:3096} INFO - Sync 1 DAGs
[2024-04-13T16:14:32.550+0000] {logging_mixin.py:188} INFO - [2024-04-13T16:14:32.550+0000] {dag.py:3954} INFO - Setting next_dagrun for example_dag_decorator to None, run_after=None
[2024-04-13T16:14:32.556+0000] {processor.py:183} INFO - Processing /home/airflow/.local/lib/python3.12/site-packages/airflow/example_dags/example_dag_decorator.py took 0.060 seconds
[2024-04-13T16:15:03.036+0000] {processor.py:161} INFO - Started process (PID=326) to work on /home/airflow/.local/lib/python3.12/site-packages/airflow/example_dags/example_dag_decorator.py
[2024-04-13T16:15:03.037+0000] {processor.py:830} INFO - Processing file /home/airflow/.local/lib/python3.12/site-packages/airflow/example_dags/example_dag_decorator.py for tasks to queue
[2024-04-13T16:15:03.038+0000] {logging_mixin.py:188} INFO - [2024-04-13T16:15:03.038+0000] {dagbag.py:540} INFO - Filling up the DagBag from /home/airflow/.local/lib/python3.12/site-packages/airflow/example_dags/example_dag_decorator.py
[2024-04-13T16:15:03.072+0000] {processor.py:840} INFO - DAG(s) 'example_dag_decorator' retrieved from /home/airflow/.local/lib/python3.12/site-packages/airflow/example_dags/example_dag_decorator.py
[2024-04-13T16:15:03.198+0000] {logging_mixin.py:188} INFO - [2024-04-13T16:15:03.198+0000] {dag.py:3096} INFO - Sync 1 DAGs
[2024-04-13T16:15:03.203+0000] {logging_mixin.py:188} INFO - [2024-04-13T16:15:03.202+0000] {dag.py:3954} INFO - Setting next_dagrun for example_dag_decorator to None, run_after=None
[2024-04-13T16:15:03.209+0000] {processor.py:183} INFO - Processing /home/airflow/.local/lib/python3.12/site-packages/airflow/example_dags/example_dag_decorator.py took 0.175 seconds
[2024-04-13T16:15:33.484+0000] {processor.py:161} INFO - Started process (PID=384) to work on /home/airflow/.local/lib/python3.12/site-packages/airflow/example_dags/example_dag_decorator.py
[2024-04-13T16:15:33.484+0000] {processor.py:830} INFO - Processing file /home/airflow/.local/lib/python3.12/site-packages/airflow/example_dags/example_dag_decorator.py for tasks to queue
[2024-04-13T16:15:33.485+0000] {logging_mixin.py:188} INFO - [2024-04-13T16:15:33.485+0000] {dagbag.py:540} INFO - Filling up the DagBag from /home/airflow/.local/lib/python3.12/site-packages/airflow/example_dags/example_dag_decorator.py
[2024-04-13T16:15:33.520+0000] {processor.py:840} INFO - DAG(s) 'example_dag_decorator' retrieved from /home/airflow/.local/lib/python3.12/site-packages/airflow/example_dags/example_dag_decorator.py
[2024-04-13T16:15:33.562+0000] {logging_mixin.py:188} INFO - [2024-04-13T16:15:33.562+0000] {dag.py:3096} INFO - Sync 1 DAGs
[2024-04-13T16:15:33.650+0000] {logging_mixin.py:188} INFO - [2024-04-13T16:15:33.650+0000] {dag.py:3954} INFO - Setting next_dagrun for example_dag_decorator to None, run_after=None
[2024-04-13T16:15:33.656+0000] {processor.py:183} INFO - Processing /home/airflow/.local/lib/python3.12/site-packages/airflow/example_dags/example_dag_decorator.py took 0.175 seconds
[2024-04-13T16:16:03.999+0000] {processor.py:161} INFO - Started process (PID=442) to work on /home/airflow/.local/lib/python3.12/site-packages/airflow/example_dags/example_dag_decorator.py
[2024-04-13T16:16:03.999+0000] {processor.py:830} INFO - Processing file /home/airflow/.local/lib/python3.12/site-packages/airflow/example_dags/example_dag_decorator.py for tasks to queue
[2024-04-13T16:16:04.000+0000] {logging_mixin.py:188} INFO - [2024-04-13T16:16:04.000+0000] {dagbag.py:540} INFO - Filling up the DagBag from /home/airflow/.local/lib/python3.12/site-packages/airflow/example_dags/example_dag_decorator.py
[2024-04-13T16:16:04.034+0000] {processor.py:840} INFO - DAG(s) 'example_dag_decorator' retrieved from /home/airflow/.local/lib/python3.12/site-packages/airflow/example_dags/example_dag_decorator.py
[2024-04-13T16:16:04.159+0000] {logging_mixin.py:188} INFO - [2024-04-13T16:16:04.159+0000] {dag.py:3096} INFO - Sync 1 DAGs
[2024-04-13T16:16:04.163+0000] {logging_mixin.py:188} INFO - [2024-04-13T16:16:04.163+0000] {dag.py:3954} INFO - Setting next_dagrun for example_dag_decorator to None, run_after=None
[2024-04-13T16:16:04.169+0000] {processor.py:183} INFO - Processing /home/airflow/.local/lib/python3.12/site-packages/airflow/example_dags/example_dag_decorator.py took 0.173 seconds
[2024-04-13T16:16:34.624+0000] {processor.py:161} INFO - Started process (PID=500) to work on /home/airflow/.local/lib/python3.12/site-packages/airflow/example_dags/example_dag_decorator.py
[2024-04-13T16:16:34.624+0000] {processor.py:830} INFO - Processing file /home/airflow/.local/lib/python3.12/site-packages/airflow/example_dags/example_dag_decorator.py for tasks to queue
[2024-04-13T16:16:34.625+0000] {logging_mixin.py:188} INFO - [2024-04-13T16:16:34.625+0000] {dagbag.py:540} INFO - Filling up the DagBag from /home/airflow/.local/lib/python3.12/site-packages/airflow/example_dags/example_dag_decorator.py
[2024-04-13T16:16:34.662+0000] {processor.py:840} INFO - DAG(s) 'example_dag_decorator' retrieved from /home/airflow/.local/lib/python3.12/site-packages/airflow/example_dags/example_dag_decorator.py
[2024-04-13T16:16:34.789+0000] {logging_mixin.py:188} INFO - [2024-04-13T16:16:34.789+0000] {dag.py:3096} INFO - Sync 1 DAGs
[2024-04-13T16:16:34.793+0000] {logging_mixin.py:188} INFO - [2024-04-13T16:16:34.793+0000] {dag.py:3954} INFO - Setting next_dagrun for example_dag_decorator to None, run_after=None
[2024-04-13T16:16:34.801+0000] {processor.py:183} INFO - Processing /home/airflow/.local/lib/python3.12/site-packages/airflow/example_dags/example_dag_decorator.py took 0.179 seconds
[2024-04-13T16:17:05.260+0000] {processor.py:161} INFO - Started process (PID=558) to work on /home/airflow/.local/lib/python3.12/site-packages/airflow/example_dags/example_dag_decorator.py
[2024-04-13T16:17:05.260+0000] {processor.py:830} INFO - Processing file /home/airflow/.local/lib/python3.12/site-packages/airflow/example_dags/example_dag_decorator.py for tasks to queue
[2024-04-13T16:17:05.261+0000] {logging_mixin.py:188} INFO - [2024-04-13T16:17:05.261+0000] {dagbag.py:540} INFO - Filling up the DagBag from /home/airflow/.local/lib/python3.12/site-packages/airflow/example_dags/example_dag_decorator.py
[2024-04-13T16:17:05.303+0000] {processor.py:840} INFO - DAG(s) 'example_dag_decorator' retrieved from /home/airflow/.local/lib/python3.12/site-packages/airflow/example_dags/example_dag_decorator.py
[2024-04-13T16:17:05.436+0000] {logging_mixin.py:188} INFO - [2024-04-13T16:17:05.436+0000] {dag.py:3096} INFO - Sync 1 DAGs
[2024-04-13T16:17:05.439+0000] {logging_mixin.py:188} INFO - [2024-04-13T16:17:05.439+0000] {dag.py:3954} INFO - Setting next_dagrun for example_dag_decorator to None, run_after=None
[2024-04-13T16:17:05.447+0000] {processor.py:183} INFO - Processing /home/airflow/.local/lib/python3.12/site-packages/airflow/example_dags/example_dag_decorator.py took 0.189 seconds
[2024-04-13T16:17:35.807+0000] {processor.py:161} INFO - Started process (PID=616) to work on /home/airflow/.local/lib/python3.12/site-packages/airflow/example_dags/example_dag_decorator.py
[2024-04-13T16:17:35.808+0000] {processor.py:830} INFO - Processing file /home/airflow/.local/lib/python3.12/site-packages/airflow/example_dags/example_dag_decorator.py for tasks to queue
[2024-04-13T16:17:35.809+0000] {logging_mixin.py:188} INFO - [2024-04-13T16:17:35.808+0000] {dagbag.py:540} INFO - Filling up the DagBag from /home/airflow/.local/lib/python3.12/site-packages/airflow/example_dags/example_dag_decorator.py
[2024-04-13T16:17:35.844+0000] {processor.py:840} INFO - DAG(s) 'example_dag_decorator' retrieved from /home/airflow/.local/lib/python3.12/site-packages/airflow/example_dags/example_dag_decorator.py
[2024-04-13T16:17:35.979+0000] {logging_mixin.py:188} INFO - [2024-04-13T16:17:35.978+0000] {dag.py:3096} INFO - Sync 1 DAGs
[2024-04-13T16:17:35.982+0000] {logging_mixin.py:188} INFO - [2024-04-13T16:17:35.982+0000] {dag.py:3954} INFO - Setting next_dagrun for example_dag_decorator to None, run_after=None
[2024-04-13T16:17:35.989+0000] {processor.py:183} INFO - Processing /home/airflow/.local/lib/python3.12/site-packages/airflow/example_dags/example_dag_decorator.py took 0.183 seconds
[2024-04-13T16:18:06.440+0000] {processor.py:161} INFO - Started process (PID=674) to work on /home/airflow/.local/lib/python3.12/site-packages/airflow/example_dags/example_dag_decorator.py
[2024-04-13T16:18:06.440+0000] {processor.py:830} INFO - Processing file /home/airflow/.local/lib/python3.12/site-packages/airflow/example_dags/example_dag_decorator.py for tasks to queue
[2024-04-13T16:18:06.441+0000] {logging_mixin.py:188} INFO - [2024-04-13T16:18:06.441+0000] {dagbag.py:540} INFO - Filling up the DagBag from /home/airflow/.local/lib/python3.12/site-packages/airflow/example_dags/example_dag_decorator.py
[2024-04-13T16:18:06.483+0000] {processor.py:840} INFO - DAG(s) 'example_dag_decorator' retrieved from /home/airflow/.local/lib/python3.12/site-packages/airflow/example_dags/example_dag_decorator.py
[2024-04-13T16:18:06.636+0000] {logging_mixin.py:188} INFO - [2024-04-13T16:18:06.635+0000] {dag.py:3096} INFO - Sync 1 DAGs
[2024-04-13T16:18:06.639+0000] {logging_mixin.py:188} INFO - [2024-04-13T16:18:06.639+0000] {dag.py:3954} INFO - Setting next_dagrun for example_dag_decorator to None, run_after=None
[2024-04-13T16:18:06.646+0000] {processor.py:183} INFO - Processing /home/airflow/.local/lib/python3.12/site-packages/airflow/example_dags/example_dag_decorator.py took 0.208 seconds
[2024-04-13T16:18:37.062+0000] {processor.py:161} INFO - Started process (PID=732) to work on /home/airflow/.local/lib/python3.12/site-packages/airflow/example_dags/example_dag_decorator.py
[2024-04-13T16:18:37.063+0000] {processor.py:830} INFO - Processing file /home/airflow/.local/lib/python3.12/site-packages/airflow/example_dags/example_dag_decorator.py for tasks to queue
[2024-04-13T16:18:37.064+0000] {logging_mixin.py:188} INFO - [2024-04-13T16:18:37.064+0000] {dagbag.py:540} INFO - Filling up the DagBag from /home/airflow/.local/lib/python3.12/site-packages/airflow/example_dags/example_dag_decorator.py
[2024-04-13T16:18:37.183+0000] {processor.py:840} INFO - DAG(s) 'example_dag_decorator' retrieved from /home/airflow/.local/lib/python3.12/site-packages/airflow/example_dags/example_dag_decorator.py
[2024-04-13T16:18:37.218+0000] {logging_mixin.py:188} INFO - [2024-04-13T16:18:37.217+0000] {dag.py:3096} INFO - Sync 1 DAGs
[2024-04-13T16:18:37.221+0000] {logging_mixin.py:188} INFO - [2024-04-13T16:18:37.221+0000] {dag.py:3954} INFO - Setting next_dagrun for example_dag_decorator to None, run_after=None
[2024-04-13T16:18:37.227+0000] {processor.py:183} INFO - Processing /home/airflow/.local/lib/python3.12/site-packages/airflow/example_dags/example_dag_decorator.py took 0.168 seconds
[2024-04-13T16:19:07.726+0000] {processor.py:161} INFO - Started process (PID=789) to work on /home/airflow/.local/lib/python3.12/site-packages/airflow/example_dags/example_dag_decorator.py
[2024-04-13T16:19:07.727+0000] {processor.py:830} INFO - Processing file /home/airflow/.local/lib/python3.12/site-packages/airflow/example_dags/example_dag_decorator.py for tasks to queue
[2024-04-13T16:19:07.728+0000] {logging_mixin.py:188} INFO - [2024-04-13T16:19:07.727+0000] {dagbag.py:540} INFO - Filling up the DagBag from /home/airflow/.local/lib/python3.12/site-packages/airflow/example_dags/example_dag_decorator.py
[2024-04-13T16:19:07.846+0000] {processor.py:840} INFO - DAG(s) 'example_dag_decorator' retrieved from /home/airflow/.local/lib/python3.12/site-packages/airflow/example_dags/example_dag_decorator.py
[2024-04-13T16:19:07.883+0000] {logging_mixin.py:188} INFO - [2024-04-13T16:19:07.883+0000] {dag.py:3096} INFO - Sync 1 DAGs
[2024-04-13T16:19:07.887+0000] {logging_mixin.py:188} INFO - [2024-04-13T16:19:07.887+0000] {dag.py:3954} INFO - Setting next_dagrun for example_dag_decorator to None, run_after=None
[2024-04-13T16:19:07.894+0000] {processor.py:183} INFO - Processing /home/airflow/.local/lib/python3.12/site-packages/airflow/example_dags/example_dag_decorator.py took 0.170 seconds
[2024-04-13T16:19:37.916+0000] {processor.py:161} INFO - Started process (PID=849) to work on /home/airflow/.local/lib/python3.12/site-packages/airflow/example_dags/example_dag_decorator.py
[2024-04-13T16:19:37.916+0000] {processor.py:830} INFO - Processing file /home/airflow/.local/lib/python3.12/site-packages/airflow/example_dags/example_dag_decorator.py for tasks to queue
[2024-04-13T16:19:37.917+0000] {logging_mixin.py:188} INFO - [2024-04-13T16:19:37.917+0000] {dagbag.py:540} INFO - Filling up the DagBag from /home/airflow/.local/lib/python3.12/site-packages/airflow/example_dags/example_dag_decorator.py
[2024-04-13T16:19:37.955+0000] {processor.py:840} INFO - DAG(s) 'example_dag_decorator' retrieved from /home/airflow/.local/lib/python3.12/site-packages/airflow/example_dags/example_dag_decorator.py
[2024-04-13T16:19:38.085+0000] {logging_mixin.py:188} INFO - [2024-04-13T16:19:38.085+0000] {dag.py:3096} INFO - Sync 1 DAGs
[2024-04-13T16:19:38.091+0000] {logging_mixin.py:188} INFO - [2024-04-13T16:19:38.091+0000] {dag.py:3954} INFO - Setting next_dagrun for example_dag_decorator to None, run_after=None
[2024-04-13T16:19:38.097+0000] {processor.py:183} INFO - Processing /home/airflow/.local/lib/python3.12/site-packages/airflow/example_dags/example_dag_decorator.py took 0.184 seconds
[2024-04-13T16:20:08.147+0000] {processor.py:161} INFO - Started process (PID=911) to work on /home/airflow/.local/lib/python3.12/site-packages/airflow/example_dags/example_dag_decorator.py
[2024-04-13T16:20:08.147+0000] {processor.py:830} INFO - Processing file /home/airflow/.local/lib/python3.12/site-packages/airflow/example_dags/example_dag_decorator.py for tasks to queue
[2024-04-13T16:20:08.148+0000] {logging_mixin.py:188} INFO - [2024-04-13T16:20:08.148+0000] {dagbag.py:540} INFO - Filling up the DagBag from /home/airflow/.local/lib/python3.12/site-packages/airflow/example_dags/example_dag_decorator.py
[2024-04-13T16:20:08.183+0000] {processor.py:840} INFO - DAG(s) 'example_dag_decorator' retrieved from /home/airflow/.local/lib/python3.12/site-packages/airflow/example_dags/example_dag_decorator.py
[2024-04-13T16:20:08.288+0000] {logging_mixin.py:188} INFO - [2024-04-13T16:20:08.288+0000] {dag.py:3096} INFO - Sync 1 DAGs
[2024-04-13T16:20:08.292+0000] {logging_mixin.py:188} INFO - [2024-04-13T16:20:08.292+0000] {dag.py:3954} INFO - Setting next_dagrun for example_dag_decorator to None, run_after=None
[2024-04-13T16:20:08.298+0000] {processor.py:183} INFO - Processing /home/airflow/.local/lib/python3.12/site-packages/airflow/example_dags/example_dag_decorator.py took 0.154 seconds
[2024-04-13T16:20:38.346+0000] {processor.py:161} INFO - Started process (PID=970) to work on /home/airflow/.local/lib/python3.12/site-packages/airflow/example_dags/example_dag_decorator.py
[2024-04-13T16:20:38.346+0000] {processor.py:830} INFO - Processing file /home/airflow/.local/lib/python3.12/site-packages/airflow/example_dags/example_dag_decorator.py for tasks to queue
[2024-04-13T16:20:38.347+0000] {logging_mixin.py:188} INFO - [2024-04-13T16:20:38.347+0000] {dagbag.py:540} INFO - Filling up the DagBag from /home/airflow/.local/lib/python3.12/site-packages/airflow/example_dags/example_dag_decorator.py
[2024-04-13T16:20:38.380+0000] {processor.py:840} INFO - DAG(s) 'example_dag_decorator' retrieved from /home/airflow/.local/lib/python3.12/site-packages/airflow/example_dags/example_dag_decorator.py
[2024-04-13T16:20:38.484+0000] {logging_mixin.py:188} INFO - [2024-04-13T16:20:38.484+0000] {dag.py:3096} INFO - Sync 1 DAGs
[2024-04-13T16:20:38.487+0000] {logging_mixin.py:188} INFO - [2024-04-13T16:20:38.487+0000] {dag.py:3954} INFO - Setting next_dagrun for example_dag_decorator to None, run_after=None
[2024-04-13T16:20:38.494+0000] {processor.py:183} INFO - Processing /home/airflow/.local/lib/python3.12/site-packages/airflow/example_dags/example_dag_decorator.py took 0.150 seconds
[2024-04-13T16:21:09.330+0000] {processor.py:161} INFO - Started process (PID=1021) to work on /home/airflow/.local/lib/python3.12/site-packages/airflow/example_dags/example_dag_decorator.py
[2024-04-13T16:21:09.331+0000] {processor.py:830} INFO - Processing file /home/airflow/.local/lib/python3.12/site-packages/airflow/example_dags/example_dag_decorator.py for tasks to queue
[2024-04-13T16:21:09.331+0000] {logging_mixin.py:188} INFO - [2024-04-13T16:21:09.331+0000] {dagbag.py:540} INFO - Filling up the DagBag from /home/airflow/.local/lib/python3.12/site-packages/airflow/example_dags/example_dag_decorator.py
[2024-04-13T16:21:09.448+0000] {processor.py:840} INFO - DAG(s) 'example_dag_decorator' retrieved from /home/airflow/.local/lib/python3.12/site-packages/airflow/example_dags/example_dag_decorator.py
[2024-04-13T16:21:09.487+0000] {logging_mixin.py:188} INFO - [2024-04-13T16:21:09.487+0000] {dag.py:3096} INFO - Sync 1 DAGs
[2024-04-13T16:21:09.491+0000] {logging_mixin.py:188} INFO - [2024-04-13T16:21:09.491+0000] {dag.py:3954} INFO - Setting next_dagrun for example_dag_decorator to None, run_after=None
[2024-04-13T16:21:09.498+0000] {processor.py:183} INFO - Processing /home/airflow/.local/lib/python3.12/site-packages/airflow/example_dags/example_dag_decorator.py took 0.170 seconds
[2024-04-13T16:21:40.196+0000] {processor.py:161} INFO - Started process (PID=1079) to work on /home/airflow/.local/lib/python3.12/site-packages/airflow/example_dags/example_dag_decorator.py
[2024-04-13T16:21:40.196+0000] {processor.py:830} INFO - Processing file /home/airflow/.local/lib/python3.12/site-packages/airflow/example_dags/example_dag_decorator.py for tasks to queue
[2024-04-13T16:21:40.197+0000] {logging_mixin.py:188} INFO - [2024-04-13T16:21:40.197+0000] {dagbag.py:540} INFO - Filling up the DagBag from /home/airflow/.local/lib/python3.12/site-packages/airflow/example_dags/example_dag_decorator.py
[2024-04-13T16:21:40.314+0000] {processor.py:840} INFO - DAG(s) 'example_dag_decorator' retrieved from /home/airflow/.local/lib/python3.12/site-packages/airflow/example_dags/example_dag_decorator.py
[2024-04-13T16:21:40.352+0000] {logging_mixin.py:188} INFO - [2024-04-13T16:21:40.352+0000] {dag.py:3096} INFO - Sync 1 DAGs
[2024-04-13T16:21:40.356+0000] {logging_mixin.py:188} INFO - [2024-04-13T16:21:40.356+0000] {dag.py:3954} INFO - Setting next_dagrun for example_dag_decorator to None, run_after=None
[2024-04-13T16:21:40.363+0000] {processor.py:183} INFO - Processing /home/airflow/.local/lib/python3.12/site-packages/airflow/example_dags/example_dag_decorator.py took 0.169 seconds
[2024-04-13T16:22:10.654+0000] {processor.py:161} INFO - Started process (PID=1137) to work on /home/airflow/.local/lib/python3.12/site-packages/airflow/example_dags/example_dag_decorator.py
[2024-04-13T16:22:10.655+0000] {processor.py:830} INFO - Processing file /home/airflow/.local/lib/python3.12/site-packages/airflow/example_dags/example_dag_decorator.py for tasks to queue
[2024-04-13T16:22:10.656+0000] {logging_mixin.py:188} INFO - [2024-04-13T16:22:10.656+0000] {dagbag.py:540} INFO - Filling up the DagBag from /home/airflow/.local/lib/python3.12/site-packages/airflow/example_dags/example_dag_decorator.py
[2024-04-13T16:22:10.696+0000] {processor.py:840} INFO - DAG(s) 'example_dag_decorator' retrieved from /home/airflow/.local/lib/python3.12/site-packages/airflow/example_dags/example_dag_decorator.py
[2024-04-13T16:22:10.741+0000] {logging_mixin.py:188} INFO - [2024-04-13T16:22:10.741+0000] {dag.py:3096} INFO - Sync 1 DAGs
[2024-04-13T16:22:10.745+0000] {logging_mixin.py:188} INFO - [2024-04-13T16:22:10.745+0000] {dag.py:3954} INFO - Setting next_dagrun for example_dag_decorator to None, run_after=None
[2024-04-13T16:22:10.753+0000] {processor.py:183} INFO - Processing /home/airflow/.local/lib/python3.12/site-packages/airflow/example_dags/example_dag_decorator.py took 0.101 seconds
[2024-04-13T16:22:41.208+0000] {processor.py:161} INFO - Started process (PID=1195) to work on /home/airflow/.local/lib/python3.12/site-packages/airflow/example_dags/example_dag_decorator.py
[2024-04-13T16:22:41.209+0000] {processor.py:830} INFO - Processing file /home/airflow/.local/lib/python3.12/site-packages/airflow/example_dags/example_dag_decorator.py for tasks to queue
[2024-04-13T16:22:41.209+0000] {logging_mixin.py:188} INFO - [2024-04-13T16:22:41.209+0000] {dagbag.py:540} INFO - Filling up the DagBag from /home/airflow/.local/lib/python3.12/site-packages/airflow/example_dags/example_dag_decorator.py
[2024-04-13T16:22:41.243+0000] {processor.py:840} INFO - DAG(s) 'example_dag_decorator' retrieved from /home/airflow/.local/lib/python3.12/site-packages/airflow/example_dags/example_dag_decorator.py
[2024-04-13T16:22:41.283+0000] {logging_mixin.py:188} INFO - [2024-04-13T16:22:41.283+0000] {dag.py:3096} INFO - Sync 1 DAGs
[2024-04-13T16:22:41.287+0000] {logging_mixin.py:188} INFO - [2024-04-13T16:22:41.287+0000] {dag.py:3954} INFO - Setting next_dagrun for example_dag_decorator to None, run_after=None
[2024-04-13T16:22:41.294+0000] {processor.py:183} INFO - Processing /home/airflow/.local/lib/python3.12/site-packages/airflow/example_dags/example_dag_decorator.py took 0.088 seconds
[2024-04-13T16:23:11.867+0000] {processor.py:161} INFO - Started process (PID=1253) to work on /home/airflow/.local/lib/python3.12/site-packages/airflow/example_dags/example_dag_decorator.py
[2024-04-13T16:23:11.867+0000] {processor.py:830} INFO - Processing file /home/airflow/.local/lib/python3.12/site-packages/airflow/example_dags/example_dag_decorator.py for tasks to queue
[2024-04-13T16:23:11.868+0000] {logging_mixin.py:188} INFO - [2024-04-13T16:23:11.868+0000] {dagbag.py:540} INFO - Filling up the DagBag from /home/airflow/.local/lib/python3.12/site-packages/airflow/example_dags/example_dag_decorator.py
[2024-04-13T16:23:11.912+0000] {processor.py:840} INFO - DAG(s) 'example_dag_decorator' retrieved from /home/airflow/.local/lib/python3.12/site-packages/airflow/example_dags/example_dag_decorator.py
[2024-04-13T16:23:11.965+0000] {logging_mixin.py:188} INFO - [2024-04-13T16:23:11.965+0000] {dag.py:3096} INFO - Sync 1 DAGs
[2024-04-13T16:23:11.970+0000] {logging_mixin.py:188} INFO - [2024-04-13T16:23:11.970+0000] {dag.py:3954} INFO - Setting next_dagrun for example_dag_decorator to None, run_after=None
[2024-04-13T16:23:11.979+0000] {processor.py:183} INFO - Processing /home/airflow/.local/lib/python3.12/site-packages/airflow/example_dags/example_dag_decorator.py took 0.115 seconds
[2024-04-13T16:23:42.563+0000] {processor.py:161} INFO - Started process (PID=1311) to work on /home/airflow/.local/lib/python3.12/site-packages/airflow/example_dags/example_dag_decorator.py
[2024-04-13T16:23:42.564+0000] {processor.py:830} INFO - Processing file /home/airflow/.local/lib/python3.12/site-packages/airflow/example_dags/example_dag_decorator.py for tasks to queue
[2024-04-13T16:23:42.564+0000] {logging_mixin.py:188} INFO - [2024-04-13T16:23:42.564+0000] {dagbag.py:540} INFO - Filling up the DagBag from /home/airflow/.local/lib/python3.12/site-packages/airflow/example_dags/example_dag_decorator.py
[2024-04-13T16:23:42.600+0000] {processor.py:840} INFO - DAG(s) 'example_dag_decorator' retrieved from /home/airflow/.local/lib/python3.12/site-packages/airflow/example_dags/example_dag_decorator.py
[2024-04-13T16:23:42.645+0000] {logging_mixin.py:188} INFO - [2024-04-13T16:23:42.645+0000] {dag.py:3096} INFO - Sync 1 DAGs
[2024-04-13T16:23:42.649+0000] {logging_mixin.py:188} INFO - [2024-04-13T16:23:42.649+0000] {dag.py:3954} INFO - Setting next_dagrun for example_dag_decorator to None, run_after=None
[2024-04-13T16:23:42.657+0000] {processor.py:183} INFO - Processing /home/airflow/.local/lib/python3.12/site-packages/airflow/example_dags/example_dag_decorator.py took 0.096 seconds
[2024-04-13T16:24:13.174+0000] {processor.py:161} INFO - Started process (PID=1369) to work on /home/airflow/.local/lib/python3.12/site-packages/airflow/example_dags/example_dag_decorator.py
[2024-04-13T16:24:13.175+0000] {processor.py:830} INFO - Processing file /home/airflow/.local/lib/python3.12/site-packages/airflow/example_dags/example_dag_decorator.py for tasks to queue
[2024-04-13T16:24:13.176+0000] {logging_mixin.py:188} INFO - [2024-04-13T16:24:13.176+0000] {dagbag.py:540} INFO - Filling up the DagBag from /home/airflow/.local/lib/python3.12/site-packages/airflow/example_dags/example_dag_decorator.py
[2024-04-13T16:24:13.212+0000] {processor.py:840} INFO - DAG(s) 'example_dag_decorator' retrieved from /home/airflow/.local/lib/python3.12/site-packages/airflow/example_dags/example_dag_decorator.py
[2024-04-13T16:24:13.254+0000] {logging_mixin.py:188} INFO - [2024-04-13T16:24:13.254+0000] {dag.py:3096} INFO - Sync 1 DAGs
[2024-04-13T16:24:13.259+0000] {logging_mixin.py:188} INFO - [2024-04-13T16:24:13.259+0000] {dag.py:3954} INFO - Setting next_dagrun for example_dag_decorator to None, run_after=None
[2024-04-13T16:24:13.266+0000] {processor.py:183} INFO - Processing /home/airflow/.local/lib/python3.12/site-packages/airflow/example_dags/example_dag_decorator.py took 0.094 seconds
[2024-04-13T16:24:43.749+0000] {processor.py:161} INFO - Started process (PID=1427) to work on /home/airflow/.local/lib/python3.12/site-packages/airflow/example_dags/example_dag_decorator.py
[2024-04-13T16:24:43.750+0000] {processor.py:830} INFO - Processing file /home/airflow/.local/lib/python3.12/site-packages/airflow/example_dags/example_dag_decorator.py for tasks to queue
[2024-04-13T16:24:43.751+0000] {logging_mixin.py:188} INFO - [2024-04-13T16:24:43.750+0000] {dagbag.py:540} INFO - Filling up the DagBag from /home/airflow/.local/lib/python3.12/site-packages/airflow/example_dags/example_dag_decorator.py
[2024-04-13T16:24:43.787+0000] {processor.py:840} INFO - DAG(s) 'example_dag_decorator' retrieved from /home/airflow/.local/lib/python3.12/site-packages/airflow/example_dags/example_dag_decorator.py
[2024-04-13T16:24:43.831+0000] {logging_mixin.py:188} INFO - [2024-04-13T16:24:43.831+0000] {dag.py:3096} INFO - Sync 1 DAGs
[2024-04-13T16:24:43.835+0000] {logging_mixin.py:188} INFO - [2024-04-13T16:24:43.835+0000] {dag.py:3954} INFO - Setting next_dagrun for example_dag_decorator to None, run_after=None
[2024-04-13T16:24:43.842+0000] {processor.py:183} INFO - Processing /home/airflow/.local/lib/python3.12/site-packages/airflow/example_dags/example_dag_decorator.py took 0.095 seconds
[2024-04-13T16:25:14.328+0000] {processor.py:161} INFO - Started process (PID=1485) to work on /home/airflow/.local/lib/python3.12/site-packages/airflow/example_dags/example_dag_decorator.py
[2024-04-13T16:25:14.328+0000] {processor.py:830} INFO - Processing file /home/airflow/.local/lib/python3.12/site-packages/airflow/example_dags/example_dag_decorator.py for tasks to queue
[2024-04-13T16:25:14.329+0000] {logging_mixin.py:188} INFO - [2024-04-13T16:25:14.329+0000] {dagbag.py:540} INFO - Filling up the DagBag from /home/airflow/.local/lib/python3.12/site-packages/airflow/example_dags/example_dag_decorator.py
[2024-04-13T16:25:14.370+0000] {processor.py:840} INFO - DAG(s) 'example_dag_decorator' retrieved from /home/airflow/.local/lib/python3.12/site-packages/airflow/example_dags/example_dag_decorator.py
[2024-04-13T16:25:14.418+0000] {logging_mixin.py:188} INFO - [2024-04-13T16:25:14.417+0000] {dag.py:3096} INFO - Sync 1 DAGs
[2024-04-13T16:25:14.422+0000] {logging_mixin.py:188} INFO - [2024-04-13T16:25:14.421+0000] {dag.py:3954} INFO - Setting next_dagrun for example_dag_decorator to None, run_after=None
[2024-04-13T16:25:14.430+0000] {processor.py:183} INFO - Processing /home/airflow/.local/lib/python3.12/site-packages/airflow/example_dags/example_dag_decorator.py took 0.105 seconds
[2024-04-13T16:25:44.891+0000] {processor.py:161} INFO - Started process (PID=1543) to work on /home/airflow/.local/lib/python3.12/site-packages/airflow/example_dags/example_dag_decorator.py
[2024-04-13T16:25:44.892+0000] {processor.py:830} INFO - Processing file /home/airflow/.local/lib/python3.12/site-packages/airflow/example_dags/example_dag_decorator.py for tasks to queue
[2024-04-13T16:25:44.892+0000] {logging_mixin.py:188} INFO - [2024-04-13T16:25:44.892+0000] {dagbag.py:540} INFO - Filling up the DagBag from /home/airflow/.local/lib/python3.12/site-packages/airflow/example_dags/example_dag_decorator.py
[2024-04-13T16:25:44.928+0000] {processor.py:840} INFO - DAG(s) 'example_dag_decorator' retrieved from /home/airflow/.local/lib/python3.12/site-packages/airflow/example_dags/example_dag_decorator.py
[2024-04-13T16:25:44.970+0000] {logging_mixin.py:188} INFO - [2024-04-13T16:25:44.970+0000] {dag.py:3096} INFO - Sync 1 DAGs
[2024-04-13T16:25:44.974+0000] {logging_mixin.py:188} INFO - [2024-04-13T16:25:44.974+0000] {dag.py:3954} INFO - Setting next_dagrun for example_dag_decorator to None, run_after=None
[2024-04-13T16:25:44.981+0000] {processor.py:183} INFO - Processing /home/airflow/.local/lib/python3.12/site-packages/airflow/example_dags/example_dag_decorator.py took 0.092 seconds
[2024-04-13T16:26:15.488+0000] {processor.py:161} INFO - Started process (PID=1601) to work on /home/airflow/.local/lib/python3.12/site-packages/airflow/example_dags/example_dag_decorator.py
[2024-04-13T16:26:15.488+0000] {processor.py:830} INFO - Processing file /home/airflow/.local/lib/python3.12/site-packages/airflow/example_dags/example_dag_decorator.py for tasks to queue
[2024-04-13T16:26:15.489+0000] {logging_mixin.py:188} INFO - [2024-04-13T16:26:15.489+0000] {dagbag.py:540} INFO - Filling up the DagBag from /home/airflow/.local/lib/python3.12/site-packages/airflow/example_dags/example_dag_decorator.py
[2024-04-13T16:26:15.524+0000] {processor.py:840} INFO - DAG(s) 'example_dag_decorator' retrieved from /home/airflow/.local/lib/python3.12/site-packages/airflow/example_dags/example_dag_decorator.py
[2024-04-13T16:26:15.566+0000] {logging_mixin.py:188} INFO - [2024-04-13T16:26:15.566+0000] {dag.py:3096} INFO - Sync 1 DAGs
[2024-04-13T16:26:15.570+0000] {logging_mixin.py:188} INFO - [2024-04-13T16:26:15.570+0000] {dag.py:3954} INFO - Setting next_dagrun for example_dag_decorator to None, run_after=None
[2024-04-13T16:26:15.577+0000] {processor.py:183} INFO - Processing /home/airflow/.local/lib/python3.12/site-packages/airflow/example_dags/example_dag_decorator.py took 0.091 seconds
[2024-04-13T16:26:45.977+0000] {processor.py:161} INFO - Started process (PID=1659) to work on /home/airflow/.local/lib/python3.12/site-packages/airflow/example_dags/example_dag_decorator.py
[2024-04-13T16:26:45.978+0000] {processor.py:830} INFO - Processing file /home/airflow/.local/lib/python3.12/site-packages/airflow/example_dags/example_dag_decorator.py for tasks to queue
[2024-04-13T16:26:45.979+0000] {logging_mixin.py:188} INFO - [2024-04-13T16:26:45.978+0000] {dagbag.py:540} INFO - Filling up the DagBag from /home/airflow/.local/lib/python3.12/site-packages/airflow/example_dags/example_dag_decorator.py
[2024-04-13T16:26:46.015+0000] {processor.py:840} INFO - DAG(s) 'example_dag_decorator' retrieved from /home/airflow/.local/lib/python3.12/site-packages/airflow/example_dags/example_dag_decorator.py
[2024-04-13T16:26:46.060+0000] {logging_mixin.py:188} INFO - [2024-04-13T16:26:46.059+0000] {dag.py:3096} INFO - Sync 1 DAGs
[2024-04-13T16:26:46.064+0000] {logging_mixin.py:188} INFO - [2024-04-13T16:26:46.064+0000] {dag.py:3954} INFO - Setting next_dagrun for example_dag_decorator to None, run_after=None
[2024-04-13T16:26:46.072+0000] {processor.py:183} INFO - Processing /home/airflow/.local/lib/python3.12/site-packages/airflow/example_dags/example_dag_decorator.py took 0.097 seconds
[2024-04-13T16:27:16.634+0000] {processor.py:161} INFO - Started process (PID=1717) to work on /home/airflow/.local/lib/python3.12/site-packages/airflow/example_dags/example_dag_decorator.py
[2024-04-13T16:27:16.634+0000] {processor.py:830} INFO - Processing file /home/airflow/.local/lib/python3.12/site-packages/airflow/example_dags/example_dag_decorator.py for tasks to queue
[2024-04-13T16:27:16.635+0000] {logging_mixin.py:188} INFO - [2024-04-13T16:27:16.635+0000] {dagbag.py:540} INFO - Filling up the DagBag from /home/airflow/.local/lib/python3.12/site-packages/airflow/example_dags/example_dag_decorator.py
[2024-04-13T16:27:16.675+0000] {processor.py:840} INFO - DAG(s) 'example_dag_decorator' retrieved from /home/airflow/.local/lib/python3.12/site-packages/airflow/example_dags/example_dag_decorator.py
[2024-04-13T16:27:16.723+0000] {logging_mixin.py:188} INFO - [2024-04-13T16:27:16.722+0000] {dag.py:3096} INFO - Sync 1 DAGs
[2024-04-13T16:27:16.727+0000] {logging_mixin.py:188} INFO - [2024-04-13T16:27:16.727+0000] {dag.py:3954} INFO - Setting next_dagrun for example_dag_decorator to None, run_after=None
[2024-04-13T16:27:16.736+0000] {processor.py:183} INFO - Processing /home/airflow/.local/lib/python3.12/site-packages/airflow/example_dags/example_dag_decorator.py took 0.105 seconds
[2024-04-13T16:27:47.464+0000] {processor.py:161} INFO - Started process (PID=1775) to work on /home/airflow/.local/lib/python3.12/site-packages/airflow/example_dags/example_dag_decorator.py
[2024-04-13T16:27:47.464+0000] {processor.py:830} INFO - Processing file /home/airflow/.local/lib/python3.12/site-packages/airflow/example_dags/example_dag_decorator.py for tasks to queue
[2024-04-13T16:27:47.465+0000] {logging_mixin.py:188} INFO - [2024-04-13T16:27:47.465+0000] {dagbag.py:540} INFO - Filling up the DagBag from /home/airflow/.local/lib/python3.12/site-packages/airflow/example_dags/example_dag_decorator.py
[2024-04-13T16:27:47.500+0000] {processor.py:840} INFO - DAG(s) 'example_dag_decorator' retrieved from /home/airflow/.local/lib/python3.12/site-packages/airflow/example_dags/example_dag_decorator.py
[2024-04-13T16:27:47.543+0000] {logging_mixin.py:188} INFO - [2024-04-13T16:27:47.542+0000] {dag.py:3096} INFO - Sync 1 DAGs
[2024-04-13T16:27:47.547+0000] {logging_mixin.py:188} INFO - [2024-04-13T16:27:47.547+0000] {dag.py:3954} INFO - Setting next_dagrun for example_dag_decorator to None, run_after=None
[2024-04-13T16:27:47.555+0000] {processor.py:183} INFO - Processing /home/airflow/.local/lib/python3.12/site-packages/airflow/example_dags/example_dag_decorator.py took 0.093 seconds
[2024-04-13T16:28:18.076+0000] {processor.py:161} INFO - Started process (PID=1840) to work on /home/airflow/.local/lib/python3.12/site-packages/airflow/example_dags/example_dag_decorator.py
[2024-04-13T16:28:18.076+0000] {processor.py:830} INFO - Processing file /home/airflow/.local/lib/python3.12/site-packages/airflow/example_dags/example_dag_decorator.py for tasks to queue
[2024-04-13T16:28:18.077+0000] {logging_mixin.py:188} INFO - [2024-04-13T16:28:18.077+0000] {dagbag.py:540} INFO - Filling up the DagBag from /home/airflow/.local/lib/python3.12/site-packages/airflow/example_dags/example_dag_decorator.py
[2024-04-13T16:28:18.113+0000] {processor.py:840} INFO - DAG(s) 'example_dag_decorator' retrieved from /home/airflow/.local/lib/python3.12/site-packages/airflow/example_dags/example_dag_decorator.py
[2024-04-13T16:28:18.159+0000] {logging_mixin.py:188} INFO - [2024-04-13T16:28:18.159+0000] {dag.py:3096} INFO - Sync 1 DAGs
[2024-04-13T16:28:18.165+0000] {logging_mixin.py:188} INFO - [2024-04-13T16:28:18.165+0000] {dag.py:3954} INFO - Setting next_dagrun for example_dag_decorator to None, run_after=None
[2024-04-13T16:28:18.173+0000] {processor.py:183} INFO - Processing /home/airflow/.local/lib/python3.12/site-packages/airflow/example_dags/example_dag_decorator.py took 0.100 seconds
[2024-04-13T16:28:48.697+0000] {processor.py:161} INFO - Started process (PID=1898) to work on /home/airflow/.local/lib/python3.12/site-packages/airflow/example_dags/example_dag_decorator.py
[2024-04-13T16:28:48.697+0000] {processor.py:830} INFO - Processing file /home/airflow/.local/lib/python3.12/site-packages/airflow/example_dags/example_dag_decorator.py for tasks to queue
[2024-04-13T16:28:48.698+0000] {logging_mixin.py:188} INFO - [2024-04-13T16:28:48.698+0000] {dagbag.py:540} INFO - Filling up the DagBag from /home/airflow/.local/lib/python3.12/site-packages/airflow/example_dags/example_dag_decorator.py
[2024-04-13T16:28:48.750+0000] {processor.py:840} INFO - DAG(s) 'example_dag_decorator' retrieved from /home/airflow/.local/lib/python3.12/site-packages/airflow/example_dags/example_dag_decorator.py
[2024-04-13T16:28:48.802+0000] {logging_mixin.py:188} INFO - [2024-04-13T16:28:48.802+0000] {dag.py:3096} INFO - Sync 1 DAGs
[2024-04-13T16:28:48.807+0000] {logging_mixin.py:188} INFO - [2024-04-13T16:28:48.806+0000] {dag.py:3954} INFO - Setting next_dagrun for example_dag_decorator to None, run_after=None
[2024-04-13T16:28:48.819+0000] {processor.py:183} INFO - Processing /home/airflow/.local/lib/python3.12/site-packages/airflow/example_dags/example_dag_decorator.py took 0.125 seconds
[2024-04-13T16:29:19.363+0000] {processor.py:161} INFO - Started process (PID=1956) to work on /home/airflow/.local/lib/python3.12/site-packages/airflow/example_dags/example_dag_decorator.py
[2024-04-13T16:29:19.364+0000] {processor.py:830} INFO - Processing file /home/airflow/.local/lib/python3.12/site-packages/airflow/example_dags/example_dag_decorator.py for tasks to queue
[2024-04-13T16:29:19.364+0000] {logging_mixin.py:188} INFO - [2024-04-13T16:29:19.364+0000] {dagbag.py:540} INFO - Filling up the DagBag from /home/airflow/.local/lib/python3.12/site-packages/airflow/example_dags/example_dag_decorator.py
[2024-04-13T16:29:19.406+0000] {processor.py:840} INFO - DAG(s) 'example_dag_decorator' retrieved from /home/airflow/.local/lib/python3.12/site-packages/airflow/example_dags/example_dag_decorator.py
[2024-04-13T16:29:19.454+0000] {logging_mixin.py:188} INFO - [2024-04-13T16:29:19.453+0000] {dag.py:3096} INFO - Sync 1 DAGs
[2024-04-13T16:29:19.458+0000] {logging_mixin.py:188} INFO - [2024-04-13T16:29:19.458+0000] {dag.py:3954} INFO - Setting next_dagrun for example_dag_decorator to None, run_after=None
[2024-04-13T16:29:19.465+0000] {processor.py:183} INFO - Processing /home/airflow/.local/lib/python3.12/site-packages/airflow/example_dags/example_dag_decorator.py took 0.104 seconds
[2024-04-13T16:29:49.986+0000] {processor.py:161} INFO - Started process (PID=2014) to work on /home/airflow/.local/lib/python3.12/site-packages/airflow/example_dags/example_dag_decorator.py
[2024-04-13T16:29:49.986+0000] {processor.py:830} INFO - Processing file /home/airflow/.local/lib/python3.12/site-packages/airflow/example_dags/example_dag_decorator.py for tasks to queue
[2024-04-13T16:29:49.987+0000] {logging_mixin.py:188} INFO - [2024-04-13T16:29:49.987+0000] {dagbag.py:540} INFO - Filling up the DagBag from /home/airflow/.local/lib/python3.12/site-packages/airflow/example_dags/example_dag_decorator.py
[2024-04-13T16:29:50.022+0000] {processor.py:840} INFO - DAG(s) 'example_dag_decorator' retrieved from /home/airflow/.local/lib/python3.12/site-packages/airflow/example_dags/example_dag_decorator.py
[2024-04-13T16:29:50.065+0000] {logging_mixin.py:188} INFO - [2024-04-13T16:29:50.065+0000] {dag.py:3096} INFO - Sync 1 DAGs
[2024-04-13T16:29:50.069+0000] {logging_mixin.py:188} INFO - [2024-04-13T16:29:50.069+0000] {dag.py:3954} INFO - Setting next_dagrun for example_dag_decorator to None, run_after=None
[2024-04-13T16:29:50.076+0000] {processor.py:183} INFO - Processing /home/airflow/.local/lib/python3.12/site-packages/airflow/example_dags/example_dag_decorator.py took 0.093 seconds
[2024-04-13T16:30:20.655+0000] {processor.py:161} INFO - Started process (PID=2072) to work on /home/airflow/.local/lib/python3.12/site-packages/airflow/example_dags/example_dag_decorator.py
[2024-04-13T16:30:20.655+0000] {processor.py:830} INFO - Processing file /home/airflow/.local/lib/python3.12/site-packages/airflow/example_dags/example_dag_decorator.py for tasks to queue
[2024-04-13T16:30:20.656+0000] {logging_mixin.py:188} INFO - [2024-04-13T16:30:20.656+0000] {dagbag.py:540} INFO - Filling up the DagBag from /home/airflow/.local/lib/python3.12/site-packages/airflow/example_dags/example_dag_decorator.py
[2024-04-13T16:30:20.692+0000] {processor.py:840} INFO - DAG(s) 'example_dag_decorator' retrieved from /home/airflow/.local/lib/python3.12/site-packages/airflow/example_dags/example_dag_decorator.py
[2024-04-13T16:30:20.735+0000] {logging_mixin.py:188} INFO - [2024-04-13T16:30:20.735+0000] {dag.py:3096} INFO - Sync 1 DAGs
[2024-04-13T16:30:20.739+0000] {logging_mixin.py:188} INFO - [2024-04-13T16:30:20.739+0000] {dag.py:3954} INFO - Setting next_dagrun for example_dag_decorator to None, run_after=None
[2024-04-13T16:30:20.746+0000] {processor.py:183} INFO - Processing /home/airflow/.local/lib/python3.12/site-packages/airflow/example_dags/example_dag_decorator.py took 0.094 seconds
[2024-04-13T16:30:51.245+0000] {processor.py:161} INFO - Started process (PID=2130) to work on /home/airflow/.local/lib/python3.12/site-packages/airflow/example_dags/example_dag_decorator.py
[2024-04-13T16:30:51.246+0000] {processor.py:830} INFO - Processing file /home/airflow/.local/lib/python3.12/site-packages/airflow/example_dags/example_dag_decorator.py for tasks to queue
[2024-04-13T16:30:51.246+0000] {logging_mixin.py:188} INFO - [2024-04-13T16:30:51.246+0000] {dagbag.py:540} INFO - Filling up the DagBag from /home/airflow/.local/lib/python3.12/site-packages/airflow/example_dags/example_dag_decorator.py
[2024-04-13T16:30:51.282+0000] {processor.py:840} INFO - DAG(s) 'example_dag_decorator' retrieved from /home/airflow/.local/lib/python3.12/site-packages/airflow/example_dags/example_dag_decorator.py
[2024-04-13T16:30:51.324+0000] {logging_mixin.py:188} INFO - [2024-04-13T16:30:51.324+0000] {dag.py:3096} INFO - Sync 1 DAGs
[2024-04-13T16:30:51.328+0000] {logging_mixin.py:188} INFO - [2024-04-13T16:30:51.327+0000] {dag.py:3954} INFO - Setting next_dagrun for example_dag_decorator to None, run_after=None
[2024-04-13T16:30:51.335+0000] {processor.py:183} INFO - Processing /home/airflow/.local/lib/python3.12/site-packages/airflow/example_dags/example_dag_decorator.py took 0.092 seconds
[2024-04-13T16:31:21.879+0000] {processor.py:161} INFO - Started process (PID=2188) to work on /home/airflow/.local/lib/python3.12/site-packages/airflow/example_dags/example_dag_decorator.py
[2024-04-13T16:31:21.879+0000] {processor.py:830} INFO - Processing file /home/airflow/.local/lib/python3.12/site-packages/airflow/example_dags/example_dag_decorator.py for tasks to queue
[2024-04-13T16:31:21.880+0000] {logging_mixin.py:188} INFO - [2024-04-13T16:31:21.880+0000] {dagbag.py:540} INFO - Filling up the DagBag from /home/airflow/.local/lib/python3.12/site-packages/airflow/example_dags/example_dag_decorator.py
[2024-04-13T16:31:21.921+0000] {processor.py:840} INFO - DAG(s) 'example_dag_decorator' retrieved from /home/airflow/.local/lib/python3.12/site-packages/airflow/example_dags/example_dag_decorator.py
[2024-04-13T16:31:21.970+0000] {logging_mixin.py:188} INFO - [2024-04-13T16:31:21.969+0000] {dag.py:3096} INFO - Sync 1 DAGs
[2024-04-13T16:31:21.974+0000] {logging_mixin.py:188} INFO - [2024-04-13T16:31:21.974+0000] {dag.py:3954} INFO - Setting next_dagrun for example_dag_decorator to None, run_after=None
[2024-04-13T16:31:21.981+0000] {processor.py:183} INFO - Processing /home/airflow/.local/lib/python3.12/site-packages/airflow/example_dags/example_dag_decorator.py took 0.105 seconds
[2024-04-13T16:31:52.472+0000] {processor.py:161} INFO - Started process (PID=2246) to work on /home/airflow/.local/lib/python3.12/site-packages/airflow/example_dags/example_dag_decorator.py
[2024-04-13T16:31:52.472+0000] {processor.py:830} INFO - Processing file /home/airflow/.local/lib/python3.12/site-packages/airflow/example_dags/example_dag_decorator.py for tasks to queue
[2024-04-13T16:31:52.473+0000] {logging_mixin.py:188} INFO - [2024-04-13T16:31:52.473+0000] {dagbag.py:540} INFO - Filling up the DagBag from /home/airflow/.local/lib/python3.12/site-packages/airflow/example_dags/example_dag_decorator.py
[2024-04-13T16:31:52.508+0000] {processor.py:840} INFO - DAG(s) 'example_dag_decorator' retrieved from /home/airflow/.local/lib/python3.12/site-packages/airflow/example_dags/example_dag_decorator.py
[2024-04-13T16:31:52.550+0000] {logging_mixin.py:188} INFO - [2024-04-13T16:31:52.550+0000] {dag.py:3096} INFO - Sync 1 DAGs
[2024-04-13T16:31:52.554+0000] {logging_mixin.py:188} INFO - [2024-04-13T16:31:52.554+0000] {dag.py:3954} INFO - Setting next_dagrun for example_dag_decorator to None, run_after=None
[2024-04-13T16:31:52.561+0000] {processor.py:183} INFO - Processing /home/airflow/.local/lib/python3.12/site-packages/airflow/example_dags/example_dag_decorator.py took 0.092 seconds
[2024-04-13T16:32:22.924+0000] {processor.py:161} INFO - Started process (PID=2303) to work on /home/airflow/.local/lib/python3.12/site-packages/airflow/example_dags/example_dag_decorator.py
[2024-04-13T16:32:22.925+0000] {processor.py:830} INFO - Processing file /home/airflow/.local/lib/python3.12/site-packages/airflow/example_dags/example_dag_decorator.py for tasks to queue
[2024-04-13T16:32:22.926+0000] {logging_mixin.py:188} INFO - [2024-04-13T16:32:22.925+0000] {dagbag.py:540} INFO - Filling up the DagBag from /home/airflow/.local/lib/python3.12/site-packages/airflow/example_dags/example_dag_decorator.py
[2024-04-13T16:32:22.961+0000] {processor.py:840} INFO - DAG(s) 'example_dag_decorator' retrieved from /home/airflow/.local/lib/python3.12/site-packages/airflow/example_dags/example_dag_decorator.py
[2024-04-13T16:32:23.002+0000] {logging_mixin.py:188} INFO - [2024-04-13T16:32:23.002+0000] {dag.py:3096} INFO - Sync 1 DAGs
[2024-04-13T16:32:23.006+0000] {logging_mixin.py:188} INFO - [2024-04-13T16:32:23.006+0000] {dag.py:3954} INFO - Setting next_dagrun for example_dag_decorator to None, run_after=None
[2024-04-13T16:32:23.013+0000] {processor.py:183} INFO - Processing /home/airflow/.local/lib/python3.12/site-packages/airflow/example_dags/example_dag_decorator.py took 0.091 seconds
[2024-04-13T16:32:53.640+0000] {processor.py:161} INFO - Started process (PID=2361) to work on /home/airflow/.local/lib/python3.12/site-packages/airflow/example_dags/example_dag_decorator.py
[2024-04-13T16:32:53.641+0000] {processor.py:830} INFO - Processing file /home/airflow/.local/lib/python3.12/site-packages/airflow/example_dags/example_dag_decorator.py for tasks to queue
[2024-04-13T16:32:53.641+0000] {logging_mixin.py:188} INFO - [2024-04-13T16:32:53.641+0000] {dagbag.py:540} INFO - Filling up the DagBag from /home/airflow/.local/lib/python3.12/site-packages/airflow/example_dags/example_dag_decorator.py
[2024-04-13T16:32:53.676+0000] {processor.py:840} INFO - DAG(s) 'example_dag_decorator' retrieved from /home/airflow/.local/lib/python3.12/site-packages/airflow/example_dags/example_dag_decorator.py
[2024-04-13T16:32:53.719+0000] {logging_mixin.py:188} INFO - [2024-04-13T16:32:53.719+0000] {dag.py:3096} INFO - Sync 1 DAGs
[2024-04-13T16:32:53.723+0000] {logging_mixin.py:188} INFO - [2024-04-13T16:32:53.723+0000] {dag.py:3954} INFO - Setting next_dagrun for example_dag_decorator to None, run_after=None
[2024-04-13T16:32:53.729+0000] {processor.py:183} INFO - Processing /home/airflow/.local/lib/python3.12/site-packages/airflow/example_dags/example_dag_decorator.py took 0.092 seconds
[2024-04-13T16:33:24.225+0000] {processor.py:161} INFO - Started process (PID=2419) to work on /home/airflow/.local/lib/python3.12/site-packages/airflow/example_dags/example_dag_decorator.py
[2024-04-13T16:33:24.226+0000] {processor.py:830} INFO - Processing file /home/airflow/.local/lib/python3.12/site-packages/airflow/example_dags/example_dag_decorator.py for tasks to queue
[2024-04-13T16:33:24.227+0000] {logging_mixin.py:188} INFO - [2024-04-13T16:33:24.226+0000] {dagbag.py:540} INFO - Filling up the DagBag from /home/airflow/.local/lib/python3.12/site-packages/airflow/example_dags/example_dag_decorator.py
[2024-04-13T16:33:24.261+0000] {processor.py:840} INFO - DAG(s) 'example_dag_decorator' retrieved from /home/airflow/.local/lib/python3.12/site-packages/airflow/example_dags/example_dag_decorator.py
[2024-04-13T16:33:24.303+0000] {logging_mixin.py:188} INFO - [2024-04-13T16:33:24.303+0000] {dag.py:3096} INFO - Sync 1 DAGs
[2024-04-13T16:33:24.308+0000] {logging_mixin.py:188} INFO - [2024-04-13T16:33:24.308+0000] {dag.py:3954} INFO - Setting next_dagrun for example_dag_decorator to None, run_after=None
[2024-04-13T16:33:24.315+0000] {processor.py:183} INFO - Processing /home/airflow/.local/lib/python3.12/site-packages/airflow/example_dags/example_dag_decorator.py took 0.093 seconds
[2024-04-13T16:33:54.853+0000] {processor.py:161} INFO - Started process (PID=2477) to work on /home/airflow/.local/lib/python3.12/site-packages/airflow/example_dags/example_dag_decorator.py
[2024-04-13T16:33:54.853+0000] {processor.py:830} INFO - Processing file /home/airflow/.local/lib/python3.12/site-packages/airflow/example_dags/example_dag_decorator.py for tasks to queue
[2024-04-13T16:33:54.854+0000] {logging_mixin.py:188} INFO - [2024-04-13T16:33:54.854+0000] {dagbag.py:540} INFO - Filling up the DagBag from /home/airflow/.local/lib/python3.12/site-packages/airflow/example_dags/example_dag_decorator.py
[2024-04-13T16:33:54.889+0000] {processor.py:840} INFO - DAG(s) 'example_dag_decorator' retrieved from /home/airflow/.local/lib/python3.12/site-packages/airflow/example_dags/example_dag_decorator.py
[2024-04-13T16:33:54.930+0000] {logging_mixin.py:188} INFO - [2024-04-13T16:33:54.930+0000] {dag.py:3096} INFO - Sync 1 DAGs
[2024-04-13T16:33:54.935+0000] {logging_mixin.py:188} INFO - [2024-04-13T16:33:54.934+0000] {dag.py:3954} INFO - Setting next_dagrun for example_dag_decorator to None, run_after=None
[2024-04-13T16:33:54.942+0000] {processor.py:183} INFO - Processing /home/airflow/.local/lib/python3.12/site-packages/airflow/example_dags/example_dag_decorator.py took 0.092 seconds
[2024-04-13T16:34:25.489+0000] {processor.py:161} INFO - Started process (PID=2535) to work on /home/airflow/.local/lib/python3.12/site-packages/airflow/example_dags/example_dag_decorator.py
[2024-04-13T16:34:25.489+0000] {processor.py:830} INFO - Processing file /home/airflow/.local/lib/python3.12/site-packages/airflow/example_dags/example_dag_decorator.py for tasks to queue
[2024-04-13T16:34:25.490+0000] {logging_mixin.py:188} INFO - [2024-04-13T16:34:25.490+0000] {dagbag.py:540} INFO - Filling up the DagBag from /home/airflow/.local/lib/python3.12/site-packages/airflow/example_dags/example_dag_decorator.py
[2024-04-13T16:34:25.527+0000] {processor.py:840} INFO - DAG(s) 'example_dag_decorator' retrieved from /home/airflow/.local/lib/python3.12/site-packages/airflow/example_dags/example_dag_decorator.py
[2024-04-13T16:34:25.570+0000] {logging_mixin.py:188} INFO - [2024-04-13T16:34:25.570+0000] {dag.py:3096} INFO - Sync 1 DAGs
[2024-04-13T16:34:25.574+0000] {logging_mixin.py:188} INFO - [2024-04-13T16:34:25.574+0000] {dag.py:3954} INFO - Setting next_dagrun for example_dag_decorator to None, run_after=None
[2024-04-13T16:34:25.581+0000] {processor.py:183} INFO - Processing /home/airflow/.local/lib/python3.12/site-packages/airflow/example_dags/example_dag_decorator.py took 0.095 seconds
[2024-04-13T16:34:55.983+0000] {processor.py:161} INFO - Started process (PID=2593) to work on /home/airflow/.local/lib/python3.12/site-packages/airflow/example_dags/example_dag_decorator.py
[2024-04-13T16:34:55.984+0000] {processor.py:830} INFO - Processing file /home/airflow/.local/lib/python3.12/site-packages/airflow/example_dags/example_dag_decorator.py for tasks to queue
[2024-04-13T16:34:55.984+0000] {logging_mixin.py:188} INFO - [2024-04-13T16:34:55.984+0000] {dagbag.py:540} INFO - Filling up the DagBag from /home/airflow/.local/lib/python3.12/site-packages/airflow/example_dags/example_dag_decorator.py
[2024-04-13T16:34:56.020+0000] {processor.py:840} INFO - DAG(s) 'example_dag_decorator' retrieved from /home/airflow/.local/lib/python3.12/site-packages/airflow/example_dags/example_dag_decorator.py
[2024-04-13T16:34:56.063+0000] {logging_mixin.py:188} INFO - [2024-04-13T16:34:56.063+0000] {dag.py:3096} INFO - Sync 1 DAGs
[2024-04-13T16:34:56.067+0000] {logging_mixin.py:188} INFO - [2024-04-13T16:34:56.067+0000] {dag.py:3954} INFO - Setting next_dagrun for example_dag_decorator to None, run_after=None
[2024-04-13T16:34:56.075+0000] {processor.py:183} INFO - Processing /home/airflow/.local/lib/python3.12/site-packages/airflow/example_dags/example_dag_decorator.py took 0.094 seconds
[2024-04-13T16:35:26.630+0000] {processor.py:161} INFO - Started process (PID=2651) to work on /home/airflow/.local/lib/python3.12/site-packages/airflow/example_dags/example_dag_decorator.py
[2024-04-13T16:35:26.630+0000] {processor.py:830} INFO - Processing file /home/airflow/.local/lib/python3.12/site-packages/airflow/example_dags/example_dag_decorator.py for tasks to queue
[2024-04-13T16:35:26.631+0000] {logging_mixin.py:188} INFO - [2024-04-13T16:35:26.631+0000] {dagbag.py:540} INFO - Filling up the DagBag from /home/airflow/.local/lib/python3.12/site-packages/airflow/example_dags/example_dag_decorator.py
[2024-04-13T16:35:26.666+0000] {processor.py:840} INFO - DAG(s) 'example_dag_decorator' retrieved from /home/airflow/.local/lib/python3.12/site-packages/airflow/example_dags/example_dag_decorator.py
[2024-04-13T16:35:26.708+0000] {logging_mixin.py:188} INFO - [2024-04-13T16:35:26.708+0000] {dag.py:3096} INFO - Sync 1 DAGs
[2024-04-13T16:35:26.714+0000] {logging_mixin.py:188} INFO - [2024-04-13T16:35:26.714+0000] {dag.py:3954} INFO - Setting next_dagrun for example_dag_decorator to None, run_after=None
[2024-04-13T16:35:26.721+0000] {processor.py:183} INFO - Processing /home/airflow/.local/lib/python3.12/site-packages/airflow/example_dags/example_dag_decorator.py took 0.094 seconds
[2024-04-13T16:35:57.260+0000] {processor.py:161} INFO - Started process (PID=2709) to work on /home/airflow/.local/lib/python3.12/site-packages/airflow/example_dags/example_dag_decorator.py
[2024-04-13T16:35:57.260+0000] {processor.py:830} INFO - Processing file /home/airflow/.local/lib/python3.12/site-packages/airflow/example_dags/example_dag_decorator.py for tasks to queue
[2024-04-13T16:35:57.261+0000] {logging_mixin.py:188} INFO - [2024-04-13T16:35:57.261+0000] {dagbag.py:540} INFO - Filling up the DagBag from /home/airflow/.local/lib/python3.12/site-packages/airflow/example_dags/example_dag_decorator.py
[2024-04-13T16:35:57.297+0000] {processor.py:840} INFO - DAG(s) 'example_dag_decorator' retrieved from /home/airflow/.local/lib/python3.12/site-packages/airflow/example_dags/example_dag_decorator.py
[2024-04-13T16:35:57.338+0000] {logging_mixin.py:188} INFO - [2024-04-13T16:35:57.338+0000] {dag.py:3096} INFO - Sync 1 DAGs
[2024-04-13T16:35:57.342+0000] {logging_mixin.py:188} INFO - [2024-04-13T16:35:57.342+0000] {dag.py:3954} INFO - Setting next_dagrun for example_dag_decorator to None, run_after=None
[2024-04-13T16:35:57.349+0000] {processor.py:183} INFO - Processing /home/airflow/.local/lib/python3.12/site-packages/airflow/example_dags/example_dag_decorator.py took 0.092 seconds
[2024-04-13T16:36:27.891+0000] {processor.py:161} INFO - Started process (PID=2767) to work on /home/airflow/.local/lib/python3.12/site-packages/airflow/example_dags/example_dag_decorator.py
[2024-04-13T16:36:27.892+0000] {processor.py:830} INFO - Processing file /home/airflow/.local/lib/python3.12/site-packages/airflow/example_dags/example_dag_decorator.py for tasks to queue
[2024-04-13T16:36:27.893+0000] {logging_mixin.py:188} INFO - [2024-04-13T16:36:27.892+0000] {dagbag.py:540} INFO - Filling up the DagBag from /home/airflow/.local/lib/python3.12/site-packages/airflow/example_dags/example_dag_decorator.py
[2024-04-13T16:36:27.928+0000] {processor.py:840} INFO - DAG(s) 'example_dag_decorator' retrieved from /home/airflow/.local/lib/python3.12/site-packages/airflow/example_dags/example_dag_decorator.py
[2024-04-13T16:36:27.969+0000] {logging_mixin.py:188} INFO - [2024-04-13T16:36:27.969+0000] {dag.py:3096} INFO - Sync 1 DAGs
[2024-04-13T16:36:27.973+0000] {logging_mixin.py:188} INFO - [2024-04-13T16:36:27.973+0000] {dag.py:3954} INFO - Setting next_dagrun for example_dag_decorator to None, run_after=None
[2024-04-13T16:36:27.980+0000] {processor.py:183} INFO - Processing /home/airflow/.local/lib/python3.12/site-packages/airflow/example_dags/example_dag_decorator.py took 0.091 seconds
[2024-04-13T16:36:58.480+0000] {processor.py:161} INFO - Started process (PID=2824) to work on /home/airflow/.local/lib/python3.12/site-packages/airflow/example_dags/example_dag_decorator.py
[2024-04-13T16:36:58.480+0000] {processor.py:830} INFO - Processing file /home/airflow/.local/lib/python3.12/site-packages/airflow/example_dags/example_dag_decorator.py for tasks to queue
[2024-04-13T16:36:58.481+0000] {logging_mixin.py:188} INFO - [2024-04-13T16:36:58.481+0000] {dagbag.py:540} INFO - Filling up the DagBag from /home/airflow/.local/lib/python3.12/site-packages/airflow/example_dags/example_dag_decorator.py
[2024-04-13T16:36:58.518+0000] {processor.py:840} INFO - DAG(s) 'example_dag_decorator' retrieved from /home/airflow/.local/lib/python3.12/site-packages/airflow/example_dags/example_dag_decorator.py
[2024-04-13T16:36:58.561+0000] {logging_mixin.py:188} INFO - [2024-04-13T16:36:58.561+0000] {dag.py:3096} INFO - Sync 1 DAGs
[2024-04-13T16:36:58.565+0000] {logging_mixin.py:188} INFO - [2024-04-13T16:36:58.565+0000] {dag.py:3954} INFO - Setting next_dagrun for example_dag_decorator to None, run_after=None
[2024-04-13T16:36:58.574+0000] {processor.py:183} INFO - Processing /home/airflow/.local/lib/python3.12/site-packages/airflow/example_dags/example_dag_decorator.py took 0.097 seconds
[2024-04-13T16:37:28.981+0000] {processor.py:161} INFO - Started process (PID=2882) to work on /home/airflow/.local/lib/python3.12/site-packages/airflow/example_dags/example_dag_decorator.py
[2024-04-13T16:37:28.981+0000] {processor.py:830} INFO - Processing file /home/airflow/.local/lib/python3.12/site-packages/airflow/example_dags/example_dag_decorator.py for tasks to queue
[2024-04-13T16:37:28.982+0000] {logging_mixin.py:188} INFO - [2024-04-13T16:37:28.982+0000] {dagbag.py:540} INFO - Filling up the DagBag from /home/airflow/.local/lib/python3.12/site-packages/airflow/example_dags/example_dag_decorator.py
[2024-04-13T16:37:29.025+0000] {processor.py:840} INFO - DAG(s) 'example_dag_decorator' retrieved from /home/airflow/.local/lib/python3.12/site-packages/airflow/example_dags/example_dag_decorator.py
[2024-04-13T16:37:29.069+0000] {logging_mixin.py:188} INFO - [2024-04-13T16:37:29.068+0000] {dag.py:3096} INFO - Sync 1 DAGs
[2024-04-13T16:37:29.073+0000] {logging_mixin.py:188} INFO - [2024-04-13T16:37:29.072+0000] {dag.py:3954} INFO - Setting next_dagrun for example_dag_decorator to None, run_after=None
[2024-04-13T16:37:29.080+0000] {processor.py:183} INFO - Processing /home/airflow/.local/lib/python3.12/site-packages/airflow/example_dags/example_dag_decorator.py took 0.102 seconds
[2024-04-13T16:38:00.070+0000] {processor.py:161} INFO - Started process (PID=2940) to work on /home/airflow/.local/lib/python3.12/site-packages/airflow/example_dags/example_dag_decorator.py
[2024-04-13T16:38:00.075+0000] {processor.py:830} INFO - Processing file /home/airflow/.local/lib/python3.12/site-packages/airflow/example_dags/example_dag_decorator.py for tasks to queue
[2024-04-13T16:38:00.079+0000] {logging_mixin.py:188} INFO - [2024-04-13T16:38:00.079+0000] {dagbag.py:540} INFO - Filling up the DagBag from /home/airflow/.local/lib/python3.12/site-packages/airflow/example_dags/example_dag_decorator.py
[2024-04-13T16:38:00.183+0000] {processor.py:840} INFO - DAG(s) 'example_dag_decorator' retrieved from /home/airflow/.local/lib/python3.12/site-packages/airflow/example_dags/example_dag_decorator.py
[2024-04-13T16:38:00.368+0000] {logging_mixin.py:188} INFO - [2024-04-13T16:38:00.368+0000] {dag.py:3096} INFO - Sync 1 DAGs
[2024-04-13T16:38:00.392+0000] {logging_mixin.py:188} INFO - [2024-04-13T16:38:00.392+0000] {dag.py:3954} INFO - Setting next_dagrun for example_dag_decorator to None, run_after=None
[2024-04-13T16:38:00.432+0000] {processor.py:183} INFO - Processing /home/airflow/.local/lib/python3.12/site-packages/airflow/example_dags/example_dag_decorator.py took 0.368 seconds
[2024-04-13T16:38:30.615+0000] {processor.py:161} INFO - Started process (PID=2999) to work on /home/airflow/.local/lib/python3.12/site-packages/airflow/example_dags/example_dag_decorator.py
[2024-04-13T16:38:30.615+0000] {processor.py:830} INFO - Processing file /home/airflow/.local/lib/python3.12/site-packages/airflow/example_dags/example_dag_decorator.py for tasks to queue
[2024-04-13T16:38:30.616+0000] {logging_mixin.py:188} INFO - [2024-04-13T16:38:30.616+0000] {dagbag.py:540} INFO - Filling up the DagBag from /home/airflow/.local/lib/python3.12/site-packages/airflow/example_dags/example_dag_decorator.py
[2024-04-13T16:38:30.658+0000] {processor.py:840} INFO - DAG(s) 'example_dag_decorator' retrieved from /home/airflow/.local/lib/python3.12/site-packages/airflow/example_dags/example_dag_decorator.py
[2024-04-13T16:38:30.711+0000] {logging_mixin.py:188} INFO - [2024-04-13T16:38:30.711+0000] {dag.py:3096} INFO - Sync 1 DAGs
[2024-04-13T16:38:30.716+0000] {logging_mixin.py:188} INFO - [2024-04-13T16:38:30.716+0000] {dag.py:3954} INFO - Setting next_dagrun for example_dag_decorator to None, run_after=None
[2024-04-13T16:38:30.726+0000] {processor.py:183} INFO - Processing /home/airflow/.local/lib/python3.12/site-packages/airflow/example_dags/example_dag_decorator.py took 0.114 seconds
[2024-04-13T16:39:01.012+0000] {processor.py:161} INFO - Started process (PID=3056) to work on /home/airflow/.local/lib/python3.12/site-packages/airflow/example_dags/example_dag_decorator.py
[2024-04-13T16:39:01.013+0000] {processor.py:830} INFO - Processing file /home/airflow/.local/lib/python3.12/site-packages/airflow/example_dags/example_dag_decorator.py for tasks to queue
[2024-04-13T16:39:01.013+0000] {logging_mixin.py:188} INFO - [2024-04-13T16:39:01.013+0000] {dagbag.py:540} INFO - Filling up the DagBag from /home/airflow/.local/lib/python3.12/site-packages/airflow/example_dags/example_dag_decorator.py
[2024-04-13T16:39:01.051+0000] {processor.py:840} INFO - DAG(s) 'example_dag_decorator' retrieved from /home/airflow/.local/lib/python3.12/site-packages/airflow/example_dags/example_dag_decorator.py
[2024-04-13T16:39:01.094+0000] {logging_mixin.py:188} INFO - [2024-04-13T16:39:01.094+0000] {dag.py:3096} INFO - Sync 1 DAGs
[2024-04-13T16:39:01.098+0000] {logging_mixin.py:188} INFO - [2024-04-13T16:39:01.098+0000] {dag.py:3954} INFO - Setting next_dagrun for example_dag_decorator to None, run_after=None
[2024-04-13T16:39:01.105+0000] {processor.py:183} INFO - Processing /home/airflow/.local/lib/python3.12/site-packages/airflow/example_dags/example_dag_decorator.py took 0.095 seconds
[2024-04-13T16:39:31.579+0000] {processor.py:161} INFO - Started process (PID=3113) to work on /home/airflow/.local/lib/python3.12/site-packages/airflow/example_dags/example_dag_decorator.py
[2024-04-13T16:39:31.579+0000] {processor.py:830} INFO - Processing file /home/airflow/.local/lib/python3.12/site-packages/airflow/example_dags/example_dag_decorator.py for tasks to queue
[2024-04-13T16:39:31.580+0000] {logging_mixin.py:188} INFO - [2024-04-13T16:39:31.580+0000] {dagbag.py:540} INFO - Filling up the DagBag from /home/airflow/.local/lib/python3.12/site-packages/airflow/example_dags/example_dag_decorator.py
[2024-04-13T16:39:31.615+0000] {processor.py:840} INFO - DAG(s) 'example_dag_decorator' retrieved from /home/airflow/.local/lib/python3.12/site-packages/airflow/example_dags/example_dag_decorator.py
[2024-04-13T16:39:31.626+0000] {logging_mixin.py:188} INFO - [2024-04-13T16:39:31.625+0000] {dag.py:3096} INFO - Sync 1 DAGs
[2024-04-13T16:39:31.630+0000] {logging_mixin.py:188} INFO - [2024-04-13T16:39:31.630+0000] {dag.py:3954} INFO - Setting next_dagrun for example_dag_decorator to None, run_after=None
[2024-04-13T16:39:31.640+0000] {processor.py:183} INFO - Processing /home/airflow/.local/lib/python3.12/site-packages/airflow/example_dags/example_dag_decorator.py took 0.063 seconds
[2024-04-13T16:40:02.094+0000] {processor.py:161} INFO - Started process (PID=3171) to work on /home/airflow/.local/lib/python3.12/site-packages/airflow/example_dags/example_dag_decorator.py
[2024-04-13T16:40:02.095+0000] {processor.py:830} INFO - Processing file /home/airflow/.local/lib/python3.12/site-packages/airflow/example_dags/example_dag_decorator.py for tasks to queue
[2024-04-13T16:40:02.096+0000] {logging_mixin.py:188} INFO - [2024-04-13T16:40:02.096+0000] {dagbag.py:540} INFO - Filling up the DagBag from /home/airflow/.local/lib/python3.12/site-packages/airflow/example_dags/example_dag_decorator.py
[2024-04-13T16:40:02.132+0000] {processor.py:840} INFO - DAG(s) 'example_dag_decorator' retrieved from /home/airflow/.local/lib/python3.12/site-packages/airflow/example_dags/example_dag_decorator.py
[2024-04-13T16:40:02.142+0000] {logging_mixin.py:188} INFO - [2024-04-13T16:40:02.142+0000] {dag.py:3096} INFO - Sync 1 DAGs
[2024-04-13T16:40:02.147+0000] {logging_mixin.py:188} INFO - [2024-04-13T16:40:02.147+0000] {dag.py:3954} INFO - Setting next_dagrun for example_dag_decorator to None, run_after=None
[2024-04-13T16:40:02.154+0000] {processor.py:183} INFO - Processing /home/airflow/.local/lib/python3.12/site-packages/airflow/example_dags/example_dag_decorator.py took 0.062 seconds
[2024-04-13T16:40:32.603+0000] {processor.py:161} INFO - Started process (PID=3229) to work on /home/airflow/.local/lib/python3.12/site-packages/airflow/example_dags/example_dag_decorator.py
[2024-04-13T16:40:32.603+0000] {processor.py:830} INFO - Processing file /home/airflow/.local/lib/python3.12/site-packages/airflow/example_dags/example_dag_decorator.py for tasks to queue
[2024-04-13T16:40:32.604+0000] {logging_mixin.py:188} INFO - [2024-04-13T16:40:32.604+0000] {dagbag.py:540} INFO - Filling up the DagBag from /home/airflow/.local/lib/python3.12/site-packages/airflow/example_dags/example_dag_decorator.py
[2024-04-13T16:40:32.639+0000] {processor.py:840} INFO - DAG(s) 'example_dag_decorator' retrieved from /home/airflow/.local/lib/python3.12/site-packages/airflow/example_dags/example_dag_decorator.py
[2024-04-13T16:40:32.649+0000] {logging_mixin.py:188} INFO - [2024-04-13T16:40:32.649+0000] {dag.py:3096} INFO - Sync 1 DAGs
[2024-04-13T16:40:32.653+0000] {logging_mixin.py:188} INFO - [2024-04-13T16:40:32.653+0000] {dag.py:3954} INFO - Setting next_dagrun for example_dag_decorator to None, run_after=None
[2024-04-13T16:40:32.660+0000] {processor.py:183} INFO - Processing /home/airflow/.local/lib/python3.12/site-packages/airflow/example_dags/example_dag_decorator.py took 0.060 seconds
[2024-04-13T16:41:03.173+0000] {processor.py:161} INFO - Started process (PID=3287) to work on /home/airflow/.local/lib/python3.12/site-packages/airflow/example_dags/example_dag_decorator.py
[2024-04-13T16:41:03.173+0000] {processor.py:830} INFO - Processing file /home/airflow/.local/lib/python3.12/site-packages/airflow/example_dags/example_dag_decorator.py for tasks to queue
[2024-04-13T16:41:03.174+0000] {logging_mixin.py:188} INFO - [2024-04-13T16:41:03.174+0000] {dagbag.py:540} INFO - Filling up the DagBag from /home/airflow/.local/lib/python3.12/site-packages/airflow/example_dags/example_dag_decorator.py
[2024-04-13T16:41:03.209+0000] {processor.py:840} INFO - DAG(s) 'example_dag_decorator' retrieved from /home/airflow/.local/lib/python3.12/site-packages/airflow/example_dags/example_dag_decorator.py
[2024-04-13T16:41:03.219+0000] {logging_mixin.py:188} INFO - [2024-04-13T16:41:03.219+0000] {dag.py:3096} INFO - Sync 1 DAGs
[2024-04-13T16:41:03.224+0000] {logging_mixin.py:188} INFO - [2024-04-13T16:41:03.224+0000] {dag.py:3954} INFO - Setting next_dagrun for example_dag_decorator to None, run_after=None
[2024-04-13T16:41:03.231+0000] {processor.py:183} INFO - Processing /home/airflow/.local/lib/python3.12/site-packages/airflow/example_dags/example_dag_decorator.py took 0.061 seconds
