[2024-04-13T16:12:31.750+0000] {processor.py:161} INFO - Started process (PID=63) to work on /home/airflow/.local/lib/python3.12/site-packages/airflow/example_dags/example_branch_python_dop_operator_3.py
[2024-04-13T16:12:31.752+0000] {processor.py:830} INFO - Processing file /home/airflow/.local/lib/python3.12/site-packages/airflow/example_dags/example_branch_python_dop_operator_3.py for tasks to queue
[2024-04-13T16:12:31.755+0000] {logging_mixin.py:188} INFO - [2024-04-13T16:12:31.754+0000] {dagbag.py:540} INFO - Filling up the DagBag from /home/airflow/.local/lib/python3.12/site-packages/airflow/example_dags/example_branch_python_dop_operator_3.py
[2024-04-13T16:12:31.767+0000] {processor.py:840} INFO - DAG(s) 'example_branch_dop_operator_v3' retrieved from /home/airflow/.local/lib/python3.12/site-packages/airflow/example_dags/example_branch_python_dop_operator_3.py
[2024-04-13T16:12:31.779+0000] {logging_mixin.py:188} INFO - [2024-04-13T16:12:31.779+0000] {dag.py:3096} INFO - Sync 1 DAGs
[2024-04-13T16:12:31.796+0000] {logging_mixin.py:188} INFO - [2024-04-13T16:12:31.796+0000] {dag.py:3954} INFO - Setting next_dagrun for example_branch_dop_operator_v3 to 2024-04-13 16:11:00+00:00, run_after=2024-04-13 16:12:00+00:00
[2024-04-13T16:12:31.811+0000] {processor.py:183} INFO - Processing /home/airflow/.local/lib/python3.12/site-packages/airflow/example_dags/example_branch_python_dop_operator_3.py took 0.066 seconds
[2024-04-13T16:13:02.492+0000] {processor.py:161} INFO - Started process (PID=121) to work on /home/airflow/.local/lib/python3.12/site-packages/airflow/example_dags/example_branch_python_dop_operator_3.py
[2024-04-13T16:13:02.492+0000] {processor.py:830} INFO - Processing file /home/airflow/.local/lib/python3.12/site-packages/airflow/example_dags/example_branch_python_dop_operator_3.py for tasks to queue
[2024-04-13T16:13:02.493+0000] {logging_mixin.py:188} INFO - [2024-04-13T16:13:02.493+0000] {dagbag.py:540} INFO - Filling up the DagBag from /home/airflow/.local/lib/python3.12/site-packages/airflow/example_dags/example_branch_python_dop_operator_3.py
[2024-04-13T16:13:02.497+0000] {processor.py:840} INFO - DAG(s) 'example_branch_dop_operator_v3' retrieved from /home/airflow/.local/lib/python3.12/site-packages/airflow/example_dags/example_branch_python_dop_operator_3.py
[2024-04-13T16:13:02.533+0000] {logging_mixin.py:188} INFO - [2024-04-13T16:13:02.533+0000] {dag.py:3096} INFO - Sync 1 DAGs
[2024-04-13T16:13:02.542+0000] {logging_mixin.py:188} INFO - [2024-04-13T16:13:02.541+0000] {dag.py:3954} INFO - Setting next_dagrun for example_branch_dop_operator_v3 to 2024-04-13 16:12:00+00:00, run_after=2024-04-13 16:13:00+00:00
[2024-04-13T16:13:02.548+0000] {processor.py:183} INFO - Processing /home/airflow/.local/lib/python3.12/site-packages/airflow/example_dags/example_branch_python_dop_operator_3.py took 0.059 seconds
[2024-04-13T16:13:33.222+0000] {processor.py:161} INFO - Started process (PID=179) to work on /home/airflow/.local/lib/python3.12/site-packages/airflow/example_dags/example_branch_python_dop_operator_3.py
[2024-04-13T16:13:33.222+0000] {processor.py:830} INFO - Processing file /home/airflow/.local/lib/python3.12/site-packages/airflow/example_dags/example_branch_python_dop_operator_3.py for tasks to queue
[2024-04-13T16:13:33.223+0000] {logging_mixin.py:188} INFO - [2024-04-13T16:13:33.223+0000] {dagbag.py:540} INFO - Filling up the DagBag from /home/airflow/.local/lib/python3.12/site-packages/airflow/example_dags/example_branch_python_dop_operator_3.py
[2024-04-13T16:13:33.227+0000] {processor.py:840} INFO - DAG(s) 'example_branch_dop_operator_v3' retrieved from /home/airflow/.local/lib/python3.12/site-packages/airflow/example_dags/example_branch_python_dop_operator_3.py
[2024-04-13T16:13:33.234+0000] {logging_mixin.py:188} INFO - [2024-04-13T16:13:33.234+0000] {dag.py:3096} INFO - Sync 1 DAGs
[2024-04-13T16:13:33.244+0000] {logging_mixin.py:188} INFO - [2024-04-13T16:13:33.244+0000] {dag.py:3954} INFO - Setting next_dagrun for example_branch_dop_operator_v3 to 2024-04-13 16:12:00+00:00, run_after=2024-04-13 16:13:00+00:00
[2024-04-13T16:13:33.250+0000] {processor.py:183} INFO - Processing /home/airflow/.local/lib/python3.12/site-packages/airflow/example_dags/example_branch_python_dop_operator_3.py took 0.031 seconds
[2024-04-13T16:14:03.749+0000] {processor.py:161} INFO - Started process (PID=237) to work on /home/airflow/.local/lib/python3.12/site-packages/airflow/example_dags/example_branch_python_dop_operator_3.py
[2024-04-13T16:14:03.750+0000] {processor.py:830} INFO - Processing file /home/airflow/.local/lib/python3.12/site-packages/airflow/example_dags/example_branch_python_dop_operator_3.py for tasks to queue
[2024-04-13T16:14:03.751+0000] {logging_mixin.py:188} INFO - [2024-04-13T16:14:03.750+0000] {dagbag.py:540} INFO - Filling up the DagBag from /home/airflow/.local/lib/python3.12/site-packages/airflow/example_dags/example_branch_python_dop_operator_3.py
[2024-04-13T16:14:03.755+0000] {processor.py:840} INFO - DAG(s) 'example_branch_dop_operator_v3' retrieved from /home/airflow/.local/lib/python3.12/site-packages/airflow/example_dags/example_branch_python_dop_operator_3.py
[2024-04-13T16:14:03.764+0000] {logging_mixin.py:188} INFO - [2024-04-13T16:14:03.764+0000] {dag.py:3096} INFO - Sync 1 DAGs
[2024-04-13T16:14:03.774+0000] {logging_mixin.py:188} INFO - [2024-04-13T16:14:03.773+0000] {dag.py:3954} INFO - Setting next_dagrun for example_branch_dop_operator_v3 to 2024-04-13 16:13:00+00:00, run_after=2024-04-13 16:14:00+00:00
[2024-04-13T16:14:03.781+0000] {processor.py:183} INFO - Processing /home/airflow/.local/lib/python3.12/site-packages/airflow/example_dags/example_branch_python_dop_operator_3.py took 0.034 seconds
[2024-04-13T16:14:34.158+0000] {processor.py:161} INFO - Started process (PID=295) to work on /home/airflow/.local/lib/python3.12/site-packages/airflow/example_dags/example_branch_python_dop_operator_3.py
[2024-04-13T16:14:34.159+0000] {processor.py:830} INFO - Processing file /home/airflow/.local/lib/python3.12/site-packages/airflow/example_dags/example_branch_python_dop_operator_3.py for tasks to queue
[2024-04-13T16:14:34.159+0000] {logging_mixin.py:188} INFO - [2024-04-13T16:14:34.159+0000] {dagbag.py:540} INFO - Filling up the DagBag from /home/airflow/.local/lib/python3.12/site-packages/airflow/example_dags/example_branch_python_dop_operator_3.py
[2024-04-13T16:14:34.163+0000] {processor.py:840} INFO - DAG(s) 'example_branch_dop_operator_v3' retrieved from /home/airflow/.local/lib/python3.12/site-packages/airflow/example_dags/example_branch_python_dop_operator_3.py
[2024-04-13T16:14:34.171+0000] {logging_mixin.py:188} INFO - [2024-04-13T16:14:34.171+0000] {dag.py:3096} INFO - Sync 1 DAGs
[2024-04-13T16:14:34.180+0000] {logging_mixin.py:188} INFO - [2024-04-13T16:14:34.180+0000] {dag.py:3954} INFO - Setting next_dagrun for example_branch_dop_operator_v3 to 2024-04-13 16:13:00+00:00, run_after=2024-04-13 16:14:00+00:00
[2024-04-13T16:14:34.186+0000] {processor.py:183} INFO - Processing /home/airflow/.local/lib/python3.12/site-packages/airflow/example_dags/example_branch_python_dop_operator_3.py took 0.030 seconds
[2024-04-13T16:15:04.686+0000] {processor.py:161} INFO - Started process (PID=353) to work on /home/airflow/.local/lib/python3.12/site-packages/airflow/example_dags/example_branch_python_dop_operator_3.py
[2024-04-13T16:15:04.686+0000] {processor.py:830} INFO - Processing file /home/airflow/.local/lib/python3.12/site-packages/airflow/example_dags/example_branch_python_dop_operator_3.py for tasks to queue
[2024-04-13T16:15:04.687+0000] {logging_mixin.py:188} INFO - [2024-04-13T16:15:04.687+0000] {dagbag.py:540} INFO - Filling up the DagBag from /home/airflow/.local/lib/python3.12/site-packages/airflow/example_dags/example_branch_python_dop_operator_3.py
[2024-04-13T16:15:04.690+0000] {processor.py:840} INFO - DAG(s) 'example_branch_dop_operator_v3' retrieved from /home/airflow/.local/lib/python3.12/site-packages/airflow/example_dags/example_branch_python_dop_operator_3.py
[2024-04-13T16:15:04.698+0000] {logging_mixin.py:188} INFO - [2024-04-13T16:15:04.698+0000] {dag.py:3096} INFO - Sync 1 DAGs
[2024-04-13T16:15:04.707+0000] {logging_mixin.py:188} INFO - [2024-04-13T16:15:04.707+0000] {dag.py:3954} INFO - Setting next_dagrun for example_branch_dop_operator_v3 to 2024-04-13 16:14:00+00:00, run_after=2024-04-13 16:15:00+00:00
[2024-04-13T16:15:04.714+0000] {processor.py:183} INFO - Processing /home/airflow/.local/lib/python3.12/site-packages/airflow/example_dags/example_branch_python_dop_operator_3.py took 0.030 seconds
[2024-04-13T16:15:35.196+0000] {processor.py:161} INFO - Started process (PID=411) to work on /home/airflow/.local/lib/python3.12/site-packages/airflow/example_dags/example_branch_python_dop_operator_3.py
[2024-04-13T16:15:35.196+0000] {processor.py:830} INFO - Processing file /home/airflow/.local/lib/python3.12/site-packages/airflow/example_dags/example_branch_python_dop_operator_3.py for tasks to queue
[2024-04-13T16:15:35.197+0000] {logging_mixin.py:188} INFO - [2024-04-13T16:15:35.197+0000] {dagbag.py:540} INFO - Filling up the DagBag from /home/airflow/.local/lib/python3.12/site-packages/airflow/example_dags/example_branch_python_dop_operator_3.py
[2024-04-13T16:15:35.200+0000] {processor.py:840} INFO - DAG(s) 'example_branch_dop_operator_v3' retrieved from /home/airflow/.local/lib/python3.12/site-packages/airflow/example_dags/example_branch_python_dop_operator_3.py
[2024-04-13T16:15:35.208+0000] {logging_mixin.py:188} INFO - [2024-04-13T16:15:35.208+0000] {dag.py:3096} INFO - Sync 1 DAGs
[2024-04-13T16:15:35.217+0000] {logging_mixin.py:188} INFO - [2024-04-13T16:15:35.216+0000] {dag.py:3954} INFO - Setting next_dagrun for example_branch_dop_operator_v3 to 2024-04-13 16:14:00+00:00, run_after=2024-04-13 16:15:00+00:00
[2024-04-13T16:15:35.223+0000] {processor.py:183} INFO - Processing /home/airflow/.local/lib/python3.12/site-packages/airflow/example_dags/example_branch_python_dop_operator_3.py took 0.029 seconds
[2024-04-13T16:16:05.726+0000] {processor.py:161} INFO - Started process (PID=469) to work on /home/airflow/.local/lib/python3.12/site-packages/airflow/example_dags/example_branch_python_dop_operator_3.py
[2024-04-13T16:16:05.727+0000] {processor.py:830} INFO - Processing file /home/airflow/.local/lib/python3.12/site-packages/airflow/example_dags/example_branch_python_dop_operator_3.py for tasks to queue
[2024-04-13T16:16:05.727+0000] {logging_mixin.py:188} INFO - [2024-04-13T16:16:05.727+0000] {dagbag.py:540} INFO - Filling up the DagBag from /home/airflow/.local/lib/python3.12/site-packages/airflow/example_dags/example_branch_python_dop_operator_3.py
[2024-04-13T16:16:05.731+0000] {processor.py:840} INFO - DAG(s) 'example_branch_dop_operator_v3' retrieved from /home/airflow/.local/lib/python3.12/site-packages/airflow/example_dags/example_branch_python_dop_operator_3.py
[2024-04-13T16:16:05.739+0000] {logging_mixin.py:188} INFO - [2024-04-13T16:16:05.739+0000] {dag.py:3096} INFO - Sync 1 DAGs
[2024-04-13T16:16:05.748+0000] {logging_mixin.py:188} INFO - [2024-04-13T16:16:05.748+0000] {dag.py:3954} INFO - Setting next_dagrun for example_branch_dop_operator_v3 to 2024-04-13 16:15:00+00:00, run_after=2024-04-13 16:16:00+00:00
[2024-04-13T16:16:05.758+0000] {processor.py:183} INFO - Processing /home/airflow/.local/lib/python3.12/site-packages/airflow/example_dags/example_branch_python_dop_operator_3.py took 0.033 seconds
[2024-04-13T16:16:36.384+0000] {processor.py:161} INFO - Started process (PID=527) to work on /home/airflow/.local/lib/python3.12/site-packages/airflow/example_dags/example_branch_python_dop_operator_3.py
[2024-04-13T16:16:36.385+0000] {processor.py:830} INFO - Processing file /home/airflow/.local/lib/python3.12/site-packages/airflow/example_dags/example_branch_python_dop_operator_3.py for tasks to queue
[2024-04-13T16:16:36.386+0000] {logging_mixin.py:188} INFO - [2024-04-13T16:16:36.386+0000] {dagbag.py:540} INFO - Filling up the DagBag from /home/airflow/.local/lib/python3.12/site-packages/airflow/example_dags/example_branch_python_dop_operator_3.py
[2024-04-13T16:16:36.389+0000] {processor.py:840} INFO - DAG(s) 'example_branch_dop_operator_v3' retrieved from /home/airflow/.local/lib/python3.12/site-packages/airflow/example_dags/example_branch_python_dop_operator_3.py
[2024-04-13T16:16:36.398+0000] {logging_mixin.py:188} INFO - [2024-04-13T16:16:36.398+0000] {dag.py:3096} INFO - Sync 1 DAGs
[2024-04-13T16:16:36.408+0000] {logging_mixin.py:188} INFO - [2024-04-13T16:16:36.408+0000] {dag.py:3954} INFO - Setting next_dagrun for example_branch_dop_operator_v3 to 2024-04-13 16:15:00+00:00, run_after=2024-04-13 16:16:00+00:00
[2024-04-13T16:16:36.415+0000] {processor.py:183} INFO - Processing /home/airflow/.local/lib/python3.12/site-packages/airflow/example_dags/example_branch_python_dop_operator_3.py took 0.033 seconds
[2024-04-13T16:17:07.008+0000] {processor.py:161} INFO - Started process (PID=585) to work on /home/airflow/.local/lib/python3.12/site-packages/airflow/example_dags/example_branch_python_dop_operator_3.py
[2024-04-13T16:17:07.009+0000] {processor.py:830} INFO - Processing file /home/airflow/.local/lib/python3.12/site-packages/airflow/example_dags/example_branch_python_dop_operator_3.py for tasks to queue
[2024-04-13T16:17:07.010+0000] {logging_mixin.py:188} INFO - [2024-04-13T16:17:07.009+0000] {dagbag.py:540} INFO - Filling up the DagBag from /home/airflow/.local/lib/python3.12/site-packages/airflow/example_dags/example_branch_python_dop_operator_3.py
[2024-04-13T16:17:07.013+0000] {processor.py:840} INFO - DAG(s) 'example_branch_dop_operator_v3' retrieved from /home/airflow/.local/lib/python3.12/site-packages/airflow/example_dags/example_branch_python_dop_operator_3.py
[2024-04-13T16:17:07.022+0000] {logging_mixin.py:188} INFO - [2024-04-13T16:17:07.021+0000] {dag.py:3096} INFO - Sync 1 DAGs
[2024-04-13T16:17:07.031+0000] {logging_mixin.py:188} INFO - [2024-04-13T16:17:07.031+0000] {dag.py:3954} INFO - Setting next_dagrun for example_branch_dop_operator_v3 to 2024-04-13 16:16:00+00:00, run_after=2024-04-13 16:17:00+00:00
[2024-04-13T16:17:07.037+0000] {processor.py:183} INFO - Processing /home/airflow/.local/lib/python3.12/site-packages/airflow/example_dags/example_branch_python_dop_operator_3.py took 0.031 seconds
[2024-04-13T16:17:37.558+0000] {processor.py:161} INFO - Started process (PID=643) to work on /home/airflow/.local/lib/python3.12/site-packages/airflow/example_dags/example_branch_python_dop_operator_3.py
[2024-04-13T16:17:37.559+0000] {processor.py:830} INFO - Processing file /home/airflow/.local/lib/python3.12/site-packages/airflow/example_dags/example_branch_python_dop_operator_3.py for tasks to queue
[2024-04-13T16:17:37.559+0000] {logging_mixin.py:188} INFO - [2024-04-13T16:17:37.559+0000] {dagbag.py:540} INFO - Filling up the DagBag from /home/airflow/.local/lib/python3.12/site-packages/airflow/example_dags/example_branch_python_dop_operator_3.py
[2024-04-13T16:17:37.563+0000] {processor.py:840} INFO - DAG(s) 'example_branch_dop_operator_v3' retrieved from /home/airflow/.local/lib/python3.12/site-packages/airflow/example_dags/example_branch_python_dop_operator_3.py
[2024-04-13T16:17:37.571+0000] {logging_mixin.py:188} INFO - [2024-04-13T16:17:37.571+0000] {dag.py:3096} INFO - Sync 1 DAGs
[2024-04-13T16:17:37.582+0000] {logging_mixin.py:188} INFO - [2024-04-13T16:17:37.582+0000] {dag.py:3954} INFO - Setting next_dagrun for example_branch_dop_operator_v3 to 2024-04-13 16:16:00+00:00, run_after=2024-04-13 16:17:00+00:00
[2024-04-13T16:17:37.591+0000] {processor.py:183} INFO - Processing /home/airflow/.local/lib/python3.12/site-packages/airflow/example_dags/example_branch_python_dop_operator_3.py took 0.036 seconds
[2024-04-13T16:18:08.227+0000] {processor.py:161} INFO - Started process (PID=701) to work on /home/airflow/.local/lib/python3.12/site-packages/airflow/example_dags/example_branch_python_dop_operator_3.py
[2024-04-13T16:18:08.228+0000] {processor.py:830} INFO - Processing file /home/airflow/.local/lib/python3.12/site-packages/airflow/example_dags/example_branch_python_dop_operator_3.py for tasks to queue
[2024-04-13T16:18:08.228+0000] {logging_mixin.py:188} INFO - [2024-04-13T16:18:08.228+0000] {dagbag.py:540} INFO - Filling up the DagBag from /home/airflow/.local/lib/python3.12/site-packages/airflow/example_dags/example_branch_python_dop_operator_3.py
[2024-04-13T16:18:08.232+0000] {processor.py:840} INFO - DAG(s) 'example_branch_dop_operator_v3' retrieved from /home/airflow/.local/lib/python3.12/site-packages/airflow/example_dags/example_branch_python_dop_operator_3.py
[2024-04-13T16:18:08.240+0000] {logging_mixin.py:188} INFO - [2024-04-13T16:18:08.240+0000] {dag.py:3096} INFO - Sync 1 DAGs
[2024-04-13T16:18:08.249+0000] {logging_mixin.py:188} INFO - [2024-04-13T16:18:08.249+0000] {dag.py:3954} INFO - Setting next_dagrun for example_branch_dop_operator_v3 to 2024-04-13 16:17:00+00:00, run_after=2024-04-13 16:18:00+00:00
[2024-04-13T16:18:08.255+0000] {processor.py:183} INFO - Processing /home/airflow/.local/lib/python3.12/site-packages/airflow/example_dags/example_branch_python_dop_operator_3.py took 0.030 seconds
[2024-04-13T16:18:38.926+0000] {processor.py:161} INFO - Started process (PID=759) to work on /home/airflow/.local/lib/python3.12/site-packages/airflow/example_dags/example_branch_python_dop_operator_3.py
[2024-04-13T16:18:38.927+0000] {processor.py:830} INFO - Processing file /home/airflow/.local/lib/python3.12/site-packages/airflow/example_dags/example_branch_python_dop_operator_3.py for tasks to queue
[2024-04-13T16:18:38.928+0000] {logging_mixin.py:188} INFO - [2024-04-13T16:18:38.927+0000] {dagbag.py:540} INFO - Filling up the DagBag from /home/airflow/.local/lib/python3.12/site-packages/airflow/example_dags/example_branch_python_dop_operator_3.py
[2024-04-13T16:18:38.931+0000] {processor.py:840} INFO - DAG(s) 'example_branch_dop_operator_v3' retrieved from /home/airflow/.local/lib/python3.12/site-packages/airflow/example_dags/example_branch_python_dop_operator_3.py
[2024-04-13T16:18:38.939+0000] {logging_mixin.py:188} INFO - [2024-04-13T16:18:38.939+0000] {dag.py:3096} INFO - Sync 1 DAGs
[2024-04-13T16:18:38.948+0000] {logging_mixin.py:188} INFO - [2024-04-13T16:18:38.948+0000] {dag.py:3954} INFO - Setting next_dagrun for example_branch_dop_operator_v3 to 2024-04-13 16:17:00+00:00, run_after=2024-04-13 16:18:00+00:00
[2024-04-13T16:18:38.955+0000] {processor.py:183} INFO - Processing /home/airflow/.local/lib/python3.12/site-packages/airflow/example_dags/example_branch_python_dop_operator_3.py took 0.031 seconds
[2024-04-13T16:19:09.869+0000] {processor.py:161} INFO - Started process (PID=816) to work on /home/airflow/.local/lib/python3.12/site-packages/airflow/example_dags/example_branch_python_dop_operator_3.py
[2024-04-13T16:19:09.870+0000] {processor.py:830} INFO - Processing file /home/airflow/.local/lib/python3.12/site-packages/airflow/example_dags/example_branch_python_dop_operator_3.py for tasks to queue
[2024-04-13T16:19:09.870+0000] {logging_mixin.py:188} INFO - [2024-04-13T16:19:09.870+0000] {dagbag.py:540} INFO - Filling up the DagBag from /home/airflow/.local/lib/python3.12/site-packages/airflow/example_dags/example_branch_python_dop_operator_3.py
[2024-04-13T16:19:09.874+0000] {processor.py:840} INFO - DAG(s) 'example_branch_dop_operator_v3' retrieved from /home/airflow/.local/lib/python3.12/site-packages/airflow/example_dags/example_branch_python_dop_operator_3.py
[2024-04-13T16:19:09.882+0000] {logging_mixin.py:188} INFO - [2024-04-13T16:19:09.882+0000] {dag.py:3096} INFO - Sync 1 DAGs
[2024-04-13T16:19:09.891+0000] {logging_mixin.py:188} INFO - [2024-04-13T16:19:09.891+0000] {dag.py:3954} INFO - Setting next_dagrun for example_branch_dop_operator_v3 to 2024-04-13 16:18:00+00:00, run_after=2024-04-13 16:19:00+00:00
[2024-04-13T16:19:09.898+0000] {processor.py:183} INFO - Processing /home/airflow/.local/lib/python3.12/site-packages/airflow/example_dags/example_branch_python_dop_operator_3.py took 0.031 seconds
[2024-04-13T16:19:40.980+0000] {processor.py:161} INFO - Started process (PID=874) to work on /home/airflow/.local/lib/python3.12/site-packages/airflow/example_dags/example_branch_python_dop_operator_3.py
[2024-04-13T16:19:40.981+0000] {processor.py:830} INFO - Processing file /home/airflow/.local/lib/python3.12/site-packages/airflow/example_dags/example_branch_python_dop_operator_3.py for tasks to queue
[2024-04-13T16:19:40.982+0000] {logging_mixin.py:188} INFO - [2024-04-13T16:19:40.982+0000] {dagbag.py:540} INFO - Filling up the DagBag from /home/airflow/.local/lib/python3.12/site-packages/airflow/example_dags/example_branch_python_dop_operator_3.py
[2024-04-13T16:19:40.987+0000] {processor.py:840} INFO - DAG(s) 'example_branch_dop_operator_v3' retrieved from /home/airflow/.local/lib/python3.12/site-packages/airflow/example_dags/example_branch_python_dop_operator_3.py
[2024-04-13T16:19:41.000+0000] {logging_mixin.py:188} INFO - [2024-04-13T16:19:41.000+0000] {dag.py:3096} INFO - Sync 1 DAGs
[2024-04-13T16:19:41.011+0000] {logging_mixin.py:188} INFO - [2024-04-13T16:19:41.011+0000] {dag.py:3954} INFO - Setting next_dagrun for example_branch_dop_operator_v3 to 2024-04-13 16:18:00+00:00, run_after=2024-04-13 16:19:00+00:00
[2024-04-13T16:19:41.115+0000] {processor.py:183} INFO - Processing /home/airflow/.local/lib/python3.12/site-packages/airflow/example_dags/example_branch_python_dop_operator_3.py took 0.138 seconds
[2024-04-13T16:20:11.909+0000] {processor.py:161} INFO - Started process (PID=932) to work on /home/airflow/.local/lib/python3.12/site-packages/airflow/example_dags/example_branch_python_dop_operator_3.py
[2024-04-13T16:20:11.909+0000] {processor.py:830} INFO - Processing file /home/airflow/.local/lib/python3.12/site-packages/airflow/example_dags/example_branch_python_dop_operator_3.py for tasks to queue
[2024-04-13T16:20:11.910+0000] {logging_mixin.py:188} INFO - [2024-04-13T16:20:11.910+0000] {dagbag.py:540} INFO - Filling up the DagBag from /home/airflow/.local/lib/python3.12/site-packages/airflow/example_dags/example_branch_python_dop_operator_3.py
[2024-04-13T16:20:11.914+0000] {processor.py:840} INFO - DAG(s) 'example_branch_dop_operator_v3' retrieved from /home/airflow/.local/lib/python3.12/site-packages/airflow/example_dags/example_branch_python_dop_operator_3.py
[2024-04-13T16:20:11.924+0000] {logging_mixin.py:188} INFO - [2024-04-13T16:20:11.924+0000] {dag.py:3096} INFO - Sync 1 DAGs
[2024-04-13T16:20:11.934+0000] {logging_mixin.py:188} INFO - [2024-04-13T16:20:11.934+0000] {dag.py:3954} INFO - Setting next_dagrun for example_branch_dop_operator_v3 to 2024-04-13 16:19:00+00:00, run_after=2024-04-13 16:20:00+00:00
[2024-04-13T16:20:11.943+0000] {processor.py:183} INFO - Processing /home/airflow/.local/lib/python3.12/site-packages/airflow/example_dags/example_branch_python_dop_operator_3.py took 0.037 seconds
[2024-04-13T16:20:42.009+0000] {processor.py:161} INFO - Started process (PID=990) to work on /home/airflow/.local/lib/python3.12/site-packages/airflow/example_dags/example_branch_python_dop_operator_3.py
[2024-04-13T16:20:42.009+0000] {processor.py:830} INFO - Processing file /home/airflow/.local/lib/python3.12/site-packages/airflow/example_dags/example_branch_python_dop_operator_3.py for tasks to queue
[2024-04-13T16:20:42.010+0000] {logging_mixin.py:188} INFO - [2024-04-13T16:20:42.010+0000] {dagbag.py:540} INFO - Filling up the DagBag from /home/airflow/.local/lib/python3.12/site-packages/airflow/example_dags/example_branch_python_dop_operator_3.py
[2024-04-13T16:20:42.013+0000] {processor.py:840} INFO - DAG(s) 'example_branch_dop_operator_v3' retrieved from /home/airflow/.local/lib/python3.12/site-packages/airflow/example_dags/example_branch_python_dop_operator_3.py
[2024-04-13T16:20:42.021+0000] {logging_mixin.py:188} INFO - [2024-04-13T16:20:42.021+0000] {dag.py:3096} INFO - Sync 1 DAGs
[2024-04-13T16:20:42.030+0000] {logging_mixin.py:188} INFO - [2024-04-13T16:20:42.030+0000] {dag.py:3954} INFO - Setting next_dagrun for example_branch_dop_operator_v3 to 2024-04-13 16:19:00+00:00, run_after=2024-04-13 16:20:00+00:00
[2024-04-13T16:20:42.036+0000] {processor.py:183} INFO - Processing /home/airflow/.local/lib/python3.12/site-packages/airflow/example_dags/example_branch_python_dop_operator_3.py took 0.030 seconds
[2024-04-13T16:21:12.088+0000] {processor.py:161} INFO - Started process (PID=1048) to work on /home/airflow/.local/lib/python3.12/site-packages/airflow/example_dags/example_branch_python_dop_operator_3.py
[2024-04-13T16:21:12.089+0000] {processor.py:830} INFO - Processing file /home/airflow/.local/lib/python3.12/site-packages/airflow/example_dags/example_branch_python_dop_operator_3.py for tasks to queue
[2024-04-13T16:21:12.090+0000] {logging_mixin.py:188} INFO - [2024-04-13T16:21:12.090+0000] {dagbag.py:540} INFO - Filling up the DagBag from /home/airflow/.local/lib/python3.12/site-packages/airflow/example_dags/example_branch_python_dop_operator_3.py
[2024-04-13T16:21:12.093+0000] {processor.py:840} INFO - DAG(s) 'example_branch_dop_operator_v3' retrieved from /home/airflow/.local/lib/python3.12/site-packages/airflow/example_dags/example_branch_python_dop_operator_3.py
[2024-04-13T16:21:12.101+0000] {logging_mixin.py:188} INFO - [2024-04-13T16:21:12.101+0000] {dag.py:3096} INFO - Sync 1 DAGs
[2024-04-13T16:21:12.110+0000] {logging_mixin.py:188} INFO - [2024-04-13T16:21:12.110+0000] {dag.py:3954} INFO - Setting next_dagrun for example_branch_dop_operator_v3 to 2024-04-13 16:20:00+00:00, run_after=2024-04-13 16:21:00+00:00
[2024-04-13T16:21:12.117+0000] {processor.py:183} INFO - Processing /home/airflow/.local/lib/python3.12/site-packages/airflow/example_dags/example_branch_python_dop_operator_3.py took 0.031 seconds
[2024-04-13T16:21:42.828+0000] {processor.py:161} INFO - Started process (PID=1106) to work on /home/airflow/.local/lib/python3.12/site-packages/airflow/example_dags/example_branch_python_dop_operator_3.py
[2024-04-13T16:21:42.828+0000] {processor.py:830} INFO - Processing file /home/airflow/.local/lib/python3.12/site-packages/airflow/example_dags/example_branch_python_dop_operator_3.py for tasks to queue
[2024-04-13T16:21:42.829+0000] {logging_mixin.py:188} INFO - [2024-04-13T16:21:42.829+0000] {dagbag.py:540} INFO - Filling up the DagBag from /home/airflow/.local/lib/python3.12/site-packages/airflow/example_dags/example_branch_python_dop_operator_3.py
[2024-04-13T16:21:42.833+0000] {processor.py:840} INFO - DAG(s) 'example_branch_dop_operator_v3' retrieved from /home/airflow/.local/lib/python3.12/site-packages/airflow/example_dags/example_branch_python_dop_operator_3.py
[2024-04-13T16:21:42.841+0000] {logging_mixin.py:188} INFO - [2024-04-13T16:21:42.840+0000] {dag.py:3096} INFO - Sync 1 DAGs
[2024-04-13T16:21:42.849+0000] {logging_mixin.py:188} INFO - [2024-04-13T16:21:42.849+0000] {dag.py:3954} INFO - Setting next_dagrun for example_branch_dop_operator_v3 to 2024-04-13 16:20:00+00:00, run_after=2024-04-13 16:21:00+00:00
[2024-04-13T16:21:42.856+0000] {processor.py:183} INFO - Processing /home/airflow/.local/lib/python3.12/site-packages/airflow/example_dags/example_branch_python_dop_operator_3.py took 0.030 seconds
[2024-04-13T16:22:13.398+0000] {processor.py:161} INFO - Started process (PID=1164) to work on /home/airflow/.local/lib/python3.12/site-packages/airflow/example_dags/example_branch_python_dop_operator_3.py
[2024-04-13T16:22:13.398+0000] {processor.py:830} INFO - Processing file /home/airflow/.local/lib/python3.12/site-packages/airflow/example_dags/example_branch_python_dop_operator_3.py for tasks to queue
[2024-04-13T16:22:13.399+0000] {logging_mixin.py:188} INFO - [2024-04-13T16:22:13.399+0000] {dagbag.py:540} INFO - Filling up the DagBag from /home/airflow/.local/lib/python3.12/site-packages/airflow/example_dags/example_branch_python_dop_operator_3.py
[2024-04-13T16:22:13.403+0000] {processor.py:840} INFO - DAG(s) 'example_branch_dop_operator_v3' retrieved from /home/airflow/.local/lib/python3.12/site-packages/airflow/example_dags/example_branch_python_dop_operator_3.py
[2024-04-13T16:22:13.411+0000] {logging_mixin.py:188} INFO - [2024-04-13T16:22:13.411+0000] {dag.py:3096} INFO - Sync 1 DAGs
[2024-04-13T16:22:13.420+0000] {logging_mixin.py:188} INFO - [2024-04-13T16:22:13.419+0000] {dag.py:3954} INFO - Setting next_dagrun for example_branch_dop_operator_v3 to 2024-04-13 16:21:00+00:00, run_after=2024-04-13 16:22:00+00:00
[2024-04-13T16:22:13.426+0000] {processor.py:183} INFO - Processing /home/airflow/.local/lib/python3.12/site-packages/airflow/example_dags/example_branch_python_dop_operator_3.py took 0.030 seconds
[2024-04-13T16:22:43.986+0000] {processor.py:161} INFO - Started process (PID=1222) to work on /home/airflow/.local/lib/python3.12/site-packages/airflow/example_dags/example_branch_python_dop_operator_3.py
[2024-04-13T16:22:43.986+0000] {processor.py:830} INFO - Processing file /home/airflow/.local/lib/python3.12/site-packages/airflow/example_dags/example_branch_python_dop_operator_3.py for tasks to queue
[2024-04-13T16:22:43.987+0000] {logging_mixin.py:188} INFO - [2024-04-13T16:22:43.987+0000] {dagbag.py:540} INFO - Filling up the DagBag from /home/airflow/.local/lib/python3.12/site-packages/airflow/example_dags/example_branch_python_dop_operator_3.py
[2024-04-13T16:22:43.990+0000] {processor.py:840} INFO - DAG(s) 'example_branch_dop_operator_v3' retrieved from /home/airflow/.local/lib/python3.12/site-packages/airflow/example_dags/example_branch_python_dop_operator_3.py
[2024-04-13T16:22:43.998+0000] {logging_mixin.py:188} INFO - [2024-04-13T16:22:43.998+0000] {dag.py:3096} INFO - Sync 1 DAGs
[2024-04-13T16:22:44.007+0000] {logging_mixin.py:188} INFO - [2024-04-13T16:22:44.007+0000] {dag.py:3954} INFO - Setting next_dagrun for example_branch_dop_operator_v3 to 2024-04-13 16:21:00+00:00, run_after=2024-04-13 16:22:00+00:00
[2024-04-13T16:22:44.013+0000] {processor.py:183} INFO - Processing /home/airflow/.local/lib/python3.12/site-packages/airflow/example_dags/example_branch_python_dop_operator_3.py took 0.030 seconds
[2024-04-13T16:23:14.648+0000] {processor.py:161} INFO - Started process (PID=1280) to work on /home/airflow/.local/lib/python3.12/site-packages/airflow/example_dags/example_branch_python_dop_operator_3.py
[2024-04-13T16:23:14.648+0000] {processor.py:830} INFO - Processing file /home/airflow/.local/lib/python3.12/site-packages/airflow/example_dags/example_branch_python_dop_operator_3.py for tasks to queue
[2024-04-13T16:23:14.649+0000] {logging_mixin.py:188} INFO - [2024-04-13T16:23:14.649+0000] {dagbag.py:540} INFO - Filling up the DagBag from /home/airflow/.local/lib/python3.12/site-packages/airflow/example_dags/example_branch_python_dop_operator_3.py
[2024-04-13T16:23:14.653+0000] {processor.py:840} INFO - DAG(s) 'example_branch_dop_operator_v3' retrieved from /home/airflow/.local/lib/python3.12/site-packages/airflow/example_dags/example_branch_python_dop_operator_3.py
[2024-04-13T16:23:14.662+0000] {logging_mixin.py:188} INFO - [2024-04-13T16:23:14.661+0000] {dag.py:3096} INFO - Sync 1 DAGs
[2024-04-13T16:23:14.671+0000] {logging_mixin.py:188} INFO - [2024-04-13T16:23:14.671+0000] {dag.py:3954} INFO - Setting next_dagrun for example_branch_dop_operator_v3 to 2024-04-13 16:22:00+00:00, run_after=2024-04-13 16:23:00+00:00
[2024-04-13T16:23:14.678+0000] {processor.py:183} INFO - Processing /home/airflow/.local/lib/python3.12/site-packages/airflow/example_dags/example_branch_python_dop_operator_3.py took 0.033 seconds
[2024-04-13T16:23:45.245+0000] {processor.py:161} INFO - Started process (PID=1338) to work on /home/airflow/.local/lib/python3.12/site-packages/airflow/example_dags/example_branch_python_dop_operator_3.py
[2024-04-13T16:23:45.246+0000] {processor.py:830} INFO - Processing file /home/airflow/.local/lib/python3.12/site-packages/airflow/example_dags/example_branch_python_dop_operator_3.py for tasks to queue
[2024-04-13T16:23:45.247+0000] {logging_mixin.py:188} INFO - [2024-04-13T16:23:45.246+0000] {dagbag.py:540} INFO - Filling up the DagBag from /home/airflow/.local/lib/python3.12/site-packages/airflow/example_dags/example_branch_python_dop_operator_3.py
[2024-04-13T16:23:45.251+0000] {processor.py:840} INFO - DAG(s) 'example_branch_dop_operator_v3' retrieved from /home/airflow/.local/lib/python3.12/site-packages/airflow/example_dags/example_branch_python_dop_operator_3.py
[2024-04-13T16:23:45.260+0000] {logging_mixin.py:188} INFO - [2024-04-13T16:23:45.259+0000] {dag.py:3096} INFO - Sync 1 DAGs
[2024-04-13T16:23:45.269+0000] {logging_mixin.py:188} INFO - [2024-04-13T16:23:45.269+0000] {dag.py:3954} INFO - Setting next_dagrun for example_branch_dop_operator_v3 to 2024-04-13 16:22:00+00:00, run_after=2024-04-13 16:23:00+00:00
[2024-04-13T16:23:45.276+0000] {processor.py:183} INFO - Processing /home/airflow/.local/lib/python3.12/site-packages/airflow/example_dags/example_branch_python_dop_operator_3.py took 0.033 seconds
[2024-04-13T16:24:15.825+0000] {processor.py:161} INFO - Started process (PID=1396) to work on /home/airflow/.local/lib/python3.12/site-packages/airflow/example_dags/example_branch_python_dop_operator_3.py
[2024-04-13T16:24:15.826+0000] {processor.py:830} INFO - Processing file /home/airflow/.local/lib/python3.12/site-packages/airflow/example_dags/example_branch_python_dop_operator_3.py for tasks to queue
[2024-04-13T16:24:15.827+0000] {logging_mixin.py:188} INFO - [2024-04-13T16:24:15.827+0000] {dagbag.py:540} INFO - Filling up the DagBag from /home/airflow/.local/lib/python3.12/site-packages/airflow/example_dags/example_branch_python_dop_operator_3.py
[2024-04-13T16:24:15.830+0000] {processor.py:840} INFO - DAG(s) 'example_branch_dop_operator_v3' retrieved from /home/airflow/.local/lib/python3.12/site-packages/airflow/example_dags/example_branch_python_dop_operator_3.py
[2024-04-13T16:24:15.838+0000] {logging_mixin.py:188} INFO - [2024-04-13T16:24:15.838+0000] {dag.py:3096} INFO - Sync 1 DAGs
[2024-04-13T16:24:15.847+0000] {logging_mixin.py:188} INFO - [2024-04-13T16:24:15.847+0000] {dag.py:3954} INFO - Setting next_dagrun for example_branch_dop_operator_v3 to 2024-04-13 16:23:00+00:00, run_after=2024-04-13 16:24:00+00:00
[2024-04-13T16:24:15.854+0000] {processor.py:183} INFO - Processing /home/airflow/.local/lib/python3.12/site-packages/airflow/example_dags/example_branch_python_dop_operator_3.py took 0.031 seconds
[2024-04-13T16:24:46.361+0000] {processor.py:161} INFO - Started process (PID=1454) to work on /home/airflow/.local/lib/python3.12/site-packages/airflow/example_dags/example_branch_python_dop_operator_3.py
[2024-04-13T16:24:46.361+0000] {processor.py:830} INFO - Processing file /home/airflow/.local/lib/python3.12/site-packages/airflow/example_dags/example_branch_python_dop_operator_3.py for tasks to queue
[2024-04-13T16:24:46.362+0000] {logging_mixin.py:188} INFO - [2024-04-13T16:24:46.362+0000] {dagbag.py:540} INFO - Filling up the DagBag from /home/airflow/.local/lib/python3.12/site-packages/airflow/example_dags/example_branch_python_dop_operator_3.py
[2024-04-13T16:24:46.366+0000] {processor.py:840} INFO - DAG(s) 'example_branch_dop_operator_v3' retrieved from /home/airflow/.local/lib/python3.12/site-packages/airflow/example_dags/example_branch_python_dop_operator_3.py
[2024-04-13T16:24:46.374+0000] {logging_mixin.py:188} INFO - [2024-04-13T16:24:46.374+0000] {dag.py:3096} INFO - Sync 1 DAGs
[2024-04-13T16:24:46.385+0000] {logging_mixin.py:188} INFO - [2024-04-13T16:24:46.385+0000] {dag.py:3954} INFO - Setting next_dagrun for example_branch_dop_operator_v3 to 2024-04-13 16:23:00+00:00, run_after=2024-04-13 16:24:00+00:00
[2024-04-13T16:24:46.391+0000] {processor.py:183} INFO - Processing /home/airflow/.local/lib/python3.12/site-packages/airflow/example_dags/example_branch_python_dop_operator_3.py took 0.033 seconds
[2024-04-13T16:25:17.005+0000] {processor.py:161} INFO - Started process (PID=1512) to work on /home/airflow/.local/lib/python3.12/site-packages/airflow/example_dags/example_branch_python_dop_operator_3.py
[2024-04-13T16:25:17.005+0000] {processor.py:830} INFO - Processing file /home/airflow/.local/lib/python3.12/site-packages/airflow/example_dags/example_branch_python_dop_operator_3.py for tasks to queue
[2024-04-13T16:25:17.006+0000] {logging_mixin.py:188} INFO - [2024-04-13T16:25:17.006+0000] {dagbag.py:540} INFO - Filling up the DagBag from /home/airflow/.local/lib/python3.12/site-packages/airflow/example_dags/example_branch_python_dop_operator_3.py
[2024-04-13T16:25:17.011+0000] {processor.py:840} INFO - DAG(s) 'example_branch_dop_operator_v3' retrieved from /home/airflow/.local/lib/python3.12/site-packages/airflow/example_dags/example_branch_python_dop_operator_3.py
[2024-04-13T16:25:17.020+0000] {logging_mixin.py:188} INFO - [2024-04-13T16:25:17.020+0000] {dag.py:3096} INFO - Sync 1 DAGs
[2024-04-13T16:25:17.030+0000] {logging_mixin.py:188} INFO - [2024-04-13T16:25:17.030+0000] {dag.py:3954} INFO - Setting next_dagrun for example_branch_dop_operator_v3 to 2024-04-13 16:24:00+00:00, run_after=2024-04-13 16:25:00+00:00
[2024-04-13T16:25:17.037+0000] {processor.py:183} INFO - Processing /home/airflow/.local/lib/python3.12/site-packages/airflow/example_dags/example_branch_python_dop_operator_3.py took 0.035 seconds
[2024-04-13T16:25:47.643+0000] {processor.py:161} INFO - Started process (PID=1570) to work on /home/airflow/.local/lib/python3.12/site-packages/airflow/example_dags/example_branch_python_dop_operator_3.py
[2024-04-13T16:25:47.644+0000] {processor.py:830} INFO - Processing file /home/airflow/.local/lib/python3.12/site-packages/airflow/example_dags/example_branch_python_dop_operator_3.py for tasks to queue
[2024-04-13T16:25:47.645+0000] {logging_mixin.py:188} INFO - [2024-04-13T16:25:47.645+0000] {dagbag.py:540} INFO - Filling up the DagBag from /home/airflow/.local/lib/python3.12/site-packages/airflow/example_dags/example_branch_python_dop_operator_3.py
[2024-04-13T16:25:47.650+0000] {processor.py:840} INFO - DAG(s) 'example_branch_dop_operator_v3' retrieved from /home/airflow/.local/lib/python3.12/site-packages/airflow/example_dags/example_branch_python_dop_operator_3.py
[2024-04-13T16:25:47.660+0000] {logging_mixin.py:188} INFO - [2024-04-13T16:25:47.660+0000] {dag.py:3096} INFO - Sync 1 DAGs
[2024-04-13T16:25:47.672+0000] {logging_mixin.py:188} INFO - [2024-04-13T16:25:47.672+0000] {dag.py:3954} INFO - Setting next_dagrun for example_branch_dop_operator_v3 to 2024-04-13 16:24:00+00:00, run_after=2024-04-13 16:25:00+00:00
[2024-04-13T16:25:47.679+0000] {processor.py:183} INFO - Processing /home/airflow/.local/lib/python3.12/site-packages/airflow/example_dags/example_branch_python_dop_operator_3.py took 0.039 seconds
[2024-04-13T16:26:18.140+0000] {processor.py:161} INFO - Started process (PID=1634) to work on /home/airflow/.local/lib/python3.12/site-packages/airflow/example_dags/example_branch_python_dop_operator_3.py
[2024-04-13T16:26:18.141+0000] {processor.py:830} INFO - Processing file /home/airflow/.local/lib/python3.12/site-packages/airflow/example_dags/example_branch_python_dop_operator_3.py for tasks to queue
[2024-04-13T16:26:18.142+0000] {logging_mixin.py:188} INFO - [2024-04-13T16:26:18.142+0000] {dagbag.py:540} INFO - Filling up the DagBag from /home/airflow/.local/lib/python3.12/site-packages/airflow/example_dags/example_branch_python_dop_operator_3.py
[2024-04-13T16:26:18.145+0000] {processor.py:840} INFO - DAG(s) 'example_branch_dop_operator_v3' retrieved from /home/airflow/.local/lib/python3.12/site-packages/airflow/example_dags/example_branch_python_dop_operator_3.py
[2024-04-13T16:26:18.154+0000] {logging_mixin.py:188} INFO - [2024-04-13T16:26:18.154+0000] {dag.py:3096} INFO - Sync 1 DAGs
[2024-04-13T16:26:18.163+0000] {logging_mixin.py:188} INFO - [2024-04-13T16:26:18.163+0000] {dag.py:3954} INFO - Setting next_dagrun for example_branch_dop_operator_v3 to 2024-04-13 16:25:00+00:00, run_after=2024-04-13 16:26:00+00:00
[2024-04-13T16:26:18.170+0000] {processor.py:183} INFO - Processing /home/airflow/.local/lib/python3.12/site-packages/airflow/example_dags/example_branch_python_dop_operator_3.py took 0.032 seconds
[2024-04-13T16:26:48.714+0000] {processor.py:161} INFO - Started process (PID=1692) to work on /home/airflow/.local/lib/python3.12/site-packages/airflow/example_dags/example_branch_python_dop_operator_3.py
[2024-04-13T16:26:48.715+0000] {processor.py:830} INFO - Processing file /home/airflow/.local/lib/python3.12/site-packages/airflow/example_dags/example_branch_python_dop_operator_3.py for tasks to queue
[2024-04-13T16:26:48.716+0000] {logging_mixin.py:188} INFO - [2024-04-13T16:26:48.716+0000] {dagbag.py:540} INFO - Filling up the DagBag from /home/airflow/.local/lib/python3.12/site-packages/airflow/example_dags/example_branch_python_dop_operator_3.py
[2024-04-13T16:26:48.720+0000] {processor.py:840} INFO - DAG(s) 'example_branch_dop_operator_v3' retrieved from /home/airflow/.local/lib/python3.12/site-packages/airflow/example_dags/example_branch_python_dop_operator_3.py
[2024-04-13T16:26:48.729+0000] {logging_mixin.py:188} INFO - [2024-04-13T16:26:48.729+0000] {dag.py:3096} INFO - Sync 1 DAGs
[2024-04-13T16:26:48.740+0000] {logging_mixin.py:188} INFO - [2024-04-13T16:26:48.740+0000] {dag.py:3954} INFO - Setting next_dagrun for example_branch_dop_operator_v3 to 2024-04-13 16:25:00+00:00, run_after=2024-04-13 16:26:00+00:00
[2024-04-13T16:26:48.746+0000] {processor.py:183} INFO - Processing /home/airflow/.local/lib/python3.12/site-packages/airflow/example_dags/example_branch_python_dop_operator_3.py took 0.034 seconds
[2024-04-13T16:27:19.414+0000] {processor.py:161} INFO - Started process (PID=1750) to work on /home/airflow/.local/lib/python3.12/site-packages/airflow/example_dags/example_branch_python_dop_operator_3.py
[2024-04-13T16:27:19.415+0000] {processor.py:830} INFO - Processing file /home/airflow/.local/lib/python3.12/site-packages/airflow/example_dags/example_branch_python_dop_operator_3.py for tasks to queue
[2024-04-13T16:27:19.415+0000] {logging_mixin.py:188} INFO - [2024-04-13T16:27:19.415+0000] {dagbag.py:540} INFO - Filling up the DagBag from /home/airflow/.local/lib/python3.12/site-packages/airflow/example_dags/example_branch_python_dop_operator_3.py
[2024-04-13T16:27:19.420+0000] {processor.py:840} INFO - DAG(s) 'example_branch_dop_operator_v3' retrieved from /home/airflow/.local/lib/python3.12/site-packages/airflow/example_dags/example_branch_python_dop_operator_3.py
[2024-04-13T16:27:19.430+0000] {logging_mixin.py:188} INFO - [2024-04-13T16:27:19.430+0000] {dag.py:3096} INFO - Sync 1 DAGs
[2024-04-13T16:27:19.444+0000] {logging_mixin.py:188} INFO - [2024-04-13T16:27:19.444+0000] {dag.py:3954} INFO - Setting next_dagrun for example_branch_dop_operator_v3 to 2024-04-13 16:26:00+00:00, run_after=2024-04-13 16:27:00+00:00
[2024-04-13T16:27:19.452+0000] {processor.py:183} INFO - Processing /home/airflow/.local/lib/python3.12/site-packages/airflow/example_dags/example_branch_python_dop_operator_3.py took 0.041 seconds
[2024-04-13T16:27:50.157+0000] {processor.py:161} INFO - Started process (PID=1808) to work on /home/airflow/.local/lib/python3.12/site-packages/airflow/example_dags/example_branch_python_dop_operator_3.py
[2024-04-13T16:27:50.157+0000] {processor.py:830} INFO - Processing file /home/airflow/.local/lib/python3.12/site-packages/airflow/example_dags/example_branch_python_dop_operator_3.py for tasks to queue
[2024-04-13T16:27:50.158+0000] {logging_mixin.py:188} INFO - [2024-04-13T16:27:50.158+0000] {dagbag.py:540} INFO - Filling up the DagBag from /home/airflow/.local/lib/python3.12/site-packages/airflow/example_dags/example_branch_python_dop_operator_3.py
[2024-04-13T16:27:50.162+0000] {processor.py:840} INFO - DAG(s) 'example_branch_dop_operator_v3' retrieved from /home/airflow/.local/lib/python3.12/site-packages/airflow/example_dags/example_branch_python_dop_operator_3.py
[2024-04-13T16:27:50.171+0000] {logging_mixin.py:188} INFO - [2024-04-13T16:27:50.171+0000] {dag.py:3096} INFO - Sync 1 DAGs
[2024-04-13T16:27:50.180+0000] {logging_mixin.py:188} INFO - [2024-04-13T16:27:50.180+0000] {dag.py:3954} INFO - Setting next_dagrun for example_branch_dop_operator_v3 to 2024-04-13 16:26:00+00:00, run_after=2024-04-13 16:27:00+00:00
[2024-04-13T16:27:50.186+0000] {processor.py:183} INFO - Processing /home/airflow/.local/lib/python3.12/site-packages/airflow/example_dags/example_branch_python_dop_operator_3.py took 0.032 seconds
[2024-04-13T16:28:20.830+0000] {processor.py:161} INFO - Started process (PID=1867) to work on /home/airflow/.local/lib/python3.12/site-packages/airflow/example_dags/example_branch_python_dop_operator_3.py
[2024-04-13T16:28:20.831+0000] {processor.py:830} INFO - Processing file /home/airflow/.local/lib/python3.12/site-packages/airflow/example_dags/example_branch_python_dop_operator_3.py for tasks to queue
[2024-04-13T16:28:20.832+0000] {logging_mixin.py:188} INFO - [2024-04-13T16:28:20.831+0000] {dagbag.py:540} INFO - Filling up the DagBag from /home/airflow/.local/lib/python3.12/site-packages/airflow/example_dags/example_branch_python_dop_operator_3.py
[2024-04-13T16:28:20.835+0000] {processor.py:840} INFO - DAG(s) 'example_branch_dop_operator_v3' retrieved from /home/airflow/.local/lib/python3.12/site-packages/airflow/example_dags/example_branch_python_dop_operator_3.py
[2024-04-13T16:28:20.843+0000] {logging_mixin.py:188} INFO - [2024-04-13T16:28:20.843+0000] {dag.py:3096} INFO - Sync 1 DAGs
[2024-04-13T16:28:20.852+0000] {logging_mixin.py:188} INFO - [2024-04-13T16:28:20.852+0000] {dag.py:3954} INFO - Setting next_dagrun for example_branch_dop_operator_v3 to 2024-04-13 16:27:00+00:00, run_after=2024-04-13 16:28:00+00:00
[2024-04-13T16:28:20.861+0000] {processor.py:183} INFO - Processing /home/airflow/.local/lib/python3.12/site-packages/airflow/example_dags/example_branch_python_dop_operator_3.py took 0.033 seconds
[2024-04-13T16:28:51.476+0000] {processor.py:161} INFO - Started process (PID=1925) to work on /home/airflow/.local/lib/python3.12/site-packages/airflow/example_dags/example_branch_python_dop_operator_3.py
[2024-04-13T16:28:51.476+0000] {processor.py:830} INFO - Processing file /home/airflow/.local/lib/python3.12/site-packages/airflow/example_dags/example_branch_python_dop_operator_3.py for tasks to queue
[2024-04-13T16:28:51.477+0000] {logging_mixin.py:188} INFO - [2024-04-13T16:28:51.477+0000] {dagbag.py:540} INFO - Filling up the DagBag from /home/airflow/.local/lib/python3.12/site-packages/airflow/example_dags/example_branch_python_dop_operator_3.py
[2024-04-13T16:28:51.481+0000] {processor.py:840} INFO - DAG(s) 'example_branch_dop_operator_v3' retrieved from /home/airflow/.local/lib/python3.12/site-packages/airflow/example_dags/example_branch_python_dop_operator_3.py
[2024-04-13T16:28:51.488+0000] {logging_mixin.py:188} INFO - [2024-04-13T16:28:51.488+0000] {dag.py:3096} INFO - Sync 1 DAGs
[2024-04-13T16:28:51.497+0000] {logging_mixin.py:188} INFO - [2024-04-13T16:28:51.497+0000] {dag.py:3954} INFO - Setting next_dagrun for example_branch_dop_operator_v3 to 2024-04-13 16:27:00+00:00, run_after=2024-04-13 16:28:00+00:00
[2024-04-13T16:28:51.504+0000] {processor.py:183} INFO - Processing /home/airflow/.local/lib/python3.12/site-packages/airflow/example_dags/example_branch_python_dop_operator_3.py took 0.030 seconds
[2024-04-13T16:29:22.082+0000] {processor.py:161} INFO - Started process (PID=1983) to work on /home/airflow/.local/lib/python3.12/site-packages/airflow/example_dags/example_branch_python_dop_operator_3.py
[2024-04-13T16:29:22.083+0000] {processor.py:830} INFO - Processing file /home/airflow/.local/lib/python3.12/site-packages/airflow/example_dags/example_branch_python_dop_operator_3.py for tasks to queue
[2024-04-13T16:29:22.084+0000] {logging_mixin.py:188} INFO - [2024-04-13T16:29:22.084+0000] {dagbag.py:540} INFO - Filling up the DagBag from /home/airflow/.local/lib/python3.12/site-packages/airflow/example_dags/example_branch_python_dop_operator_3.py
[2024-04-13T16:29:22.088+0000] {processor.py:840} INFO - DAG(s) 'example_branch_dop_operator_v3' retrieved from /home/airflow/.local/lib/python3.12/site-packages/airflow/example_dags/example_branch_python_dop_operator_3.py
[2024-04-13T16:29:22.098+0000] {logging_mixin.py:188} INFO - [2024-04-13T16:29:22.098+0000] {dag.py:3096} INFO - Sync 1 DAGs
[2024-04-13T16:29:22.107+0000] {logging_mixin.py:188} INFO - [2024-04-13T16:29:22.107+0000] {dag.py:3954} INFO - Setting next_dagrun for example_branch_dop_operator_v3 to 2024-04-13 16:28:00+00:00, run_after=2024-04-13 16:29:00+00:00
[2024-04-13T16:29:22.114+0000] {processor.py:183} INFO - Processing /home/airflow/.local/lib/python3.12/site-packages/airflow/example_dags/example_branch_python_dop_operator_3.py took 0.035 seconds
[2024-04-13T16:29:52.696+0000] {processor.py:161} INFO - Started process (PID=2041) to work on /home/airflow/.local/lib/python3.12/site-packages/airflow/example_dags/example_branch_python_dop_operator_3.py
[2024-04-13T16:29:52.696+0000] {processor.py:830} INFO - Processing file /home/airflow/.local/lib/python3.12/site-packages/airflow/example_dags/example_branch_python_dop_operator_3.py for tasks to queue
[2024-04-13T16:29:52.697+0000] {logging_mixin.py:188} INFO - [2024-04-13T16:29:52.697+0000] {dagbag.py:540} INFO - Filling up the DagBag from /home/airflow/.local/lib/python3.12/site-packages/airflow/example_dags/example_branch_python_dop_operator_3.py
[2024-04-13T16:29:52.701+0000] {processor.py:840} INFO - DAG(s) 'example_branch_dop_operator_v3' retrieved from /home/airflow/.local/lib/python3.12/site-packages/airflow/example_dags/example_branch_python_dop_operator_3.py
[2024-04-13T16:29:52.709+0000] {logging_mixin.py:188} INFO - [2024-04-13T16:29:52.709+0000] {dag.py:3096} INFO - Sync 1 DAGs
[2024-04-13T16:29:52.719+0000] {logging_mixin.py:188} INFO - [2024-04-13T16:29:52.718+0000] {dag.py:3954} INFO - Setting next_dagrun for example_branch_dop_operator_v3 to 2024-04-13 16:28:00+00:00, run_after=2024-04-13 16:29:00+00:00
[2024-04-13T16:29:52.725+0000] {processor.py:183} INFO - Processing /home/airflow/.local/lib/python3.12/site-packages/airflow/example_dags/example_branch_python_dop_operator_3.py took 0.032 seconds
[2024-04-13T16:30:23.357+0000] {processor.py:161} INFO - Started process (PID=2099) to work on /home/airflow/.local/lib/python3.12/site-packages/airflow/example_dags/example_branch_python_dop_operator_3.py
[2024-04-13T16:30:23.357+0000] {processor.py:830} INFO - Processing file /home/airflow/.local/lib/python3.12/site-packages/airflow/example_dags/example_branch_python_dop_operator_3.py for tasks to queue
[2024-04-13T16:30:23.358+0000] {logging_mixin.py:188} INFO - [2024-04-13T16:30:23.358+0000] {dagbag.py:540} INFO - Filling up the DagBag from /home/airflow/.local/lib/python3.12/site-packages/airflow/example_dags/example_branch_python_dop_operator_3.py
[2024-04-13T16:30:23.362+0000] {processor.py:840} INFO - DAG(s) 'example_branch_dop_operator_v3' retrieved from /home/airflow/.local/lib/python3.12/site-packages/airflow/example_dags/example_branch_python_dop_operator_3.py
[2024-04-13T16:30:23.371+0000] {logging_mixin.py:188} INFO - [2024-04-13T16:30:23.371+0000] {dag.py:3096} INFO - Sync 1 DAGs
[2024-04-13T16:30:23.381+0000] {logging_mixin.py:188} INFO - [2024-04-13T16:30:23.381+0000] {dag.py:3954} INFO - Setting next_dagrun for example_branch_dop_operator_v3 to 2024-04-13 16:29:00+00:00, run_after=2024-04-13 16:30:00+00:00
[2024-04-13T16:30:23.387+0000] {processor.py:183} INFO - Processing /home/airflow/.local/lib/python3.12/site-packages/airflow/example_dags/example_branch_python_dop_operator_3.py took 0.033 seconds
[2024-04-13T16:30:54.008+0000] {processor.py:161} INFO - Started process (PID=2157) to work on /home/airflow/.local/lib/python3.12/site-packages/airflow/example_dags/example_branch_python_dop_operator_3.py
[2024-04-13T16:30:54.008+0000] {processor.py:830} INFO - Processing file /home/airflow/.local/lib/python3.12/site-packages/airflow/example_dags/example_branch_python_dop_operator_3.py for tasks to queue
[2024-04-13T16:30:54.009+0000] {logging_mixin.py:188} INFO - [2024-04-13T16:30:54.009+0000] {dagbag.py:540} INFO - Filling up the DagBag from /home/airflow/.local/lib/python3.12/site-packages/airflow/example_dags/example_branch_python_dop_operator_3.py
[2024-04-13T16:30:54.013+0000] {processor.py:840} INFO - DAG(s) 'example_branch_dop_operator_v3' retrieved from /home/airflow/.local/lib/python3.12/site-packages/airflow/example_dags/example_branch_python_dop_operator_3.py
[2024-04-13T16:30:54.021+0000] {logging_mixin.py:188} INFO - [2024-04-13T16:30:54.021+0000] {dag.py:3096} INFO - Sync 1 DAGs
[2024-04-13T16:30:54.031+0000] {logging_mixin.py:188} INFO - [2024-04-13T16:30:54.031+0000] {dag.py:3954} INFO - Setting next_dagrun for example_branch_dop_operator_v3 to 2024-04-13 16:29:00+00:00, run_after=2024-04-13 16:30:00+00:00
[2024-04-13T16:30:54.037+0000] {processor.py:183} INFO - Processing /home/airflow/.local/lib/python3.12/site-packages/airflow/example_dags/example_branch_python_dop_operator_3.py took 0.032 seconds
[2024-04-13T16:31:24.609+0000] {processor.py:161} INFO - Started process (PID=2215) to work on /home/airflow/.local/lib/python3.12/site-packages/airflow/example_dags/example_branch_python_dop_operator_3.py
[2024-04-13T16:31:24.610+0000] {processor.py:830} INFO - Processing file /home/airflow/.local/lib/python3.12/site-packages/airflow/example_dags/example_branch_python_dop_operator_3.py for tasks to queue
[2024-04-13T16:31:24.611+0000] {logging_mixin.py:188} INFO - [2024-04-13T16:31:24.611+0000] {dagbag.py:540} INFO - Filling up the DagBag from /home/airflow/.local/lib/python3.12/site-packages/airflow/example_dags/example_branch_python_dop_operator_3.py
[2024-04-13T16:31:24.615+0000] {processor.py:840} INFO - DAG(s) 'example_branch_dop_operator_v3' retrieved from /home/airflow/.local/lib/python3.12/site-packages/airflow/example_dags/example_branch_python_dop_operator_3.py
[2024-04-13T16:31:24.623+0000] {logging_mixin.py:188} INFO - [2024-04-13T16:31:24.623+0000] {dag.py:3096} INFO - Sync 1 DAGs
[2024-04-13T16:31:24.632+0000] {logging_mixin.py:188} INFO - [2024-04-13T16:31:24.632+0000] {dag.py:3954} INFO - Setting next_dagrun for example_branch_dop_operator_v3 to 2024-04-13 16:30:00+00:00, run_after=2024-04-13 16:31:00+00:00
[2024-04-13T16:31:24.639+0000] {processor.py:183} INFO - Processing /home/airflow/.local/lib/python3.12/site-packages/airflow/example_dags/example_branch_python_dop_operator_3.py took 0.032 seconds
[2024-04-13T16:31:55.183+0000] {processor.py:161} INFO - Started process (PID=2273) to work on /home/airflow/.local/lib/python3.12/site-packages/airflow/example_dags/example_branch_python_dop_operator_3.py
[2024-04-13T16:31:55.183+0000] {processor.py:830} INFO - Processing file /home/airflow/.local/lib/python3.12/site-packages/airflow/example_dags/example_branch_python_dop_operator_3.py for tasks to queue
[2024-04-13T16:31:55.184+0000] {logging_mixin.py:188} INFO - [2024-04-13T16:31:55.184+0000] {dagbag.py:540} INFO - Filling up the DagBag from /home/airflow/.local/lib/python3.12/site-packages/airflow/example_dags/example_branch_python_dop_operator_3.py
[2024-04-13T16:31:55.187+0000] {processor.py:840} INFO - DAG(s) 'example_branch_dop_operator_v3' retrieved from /home/airflow/.local/lib/python3.12/site-packages/airflow/example_dags/example_branch_python_dop_operator_3.py
[2024-04-13T16:31:55.196+0000] {logging_mixin.py:188} INFO - [2024-04-13T16:31:55.196+0000] {dag.py:3096} INFO - Sync 1 DAGs
[2024-04-13T16:31:55.206+0000] {logging_mixin.py:188} INFO - [2024-04-13T16:31:55.206+0000] {dag.py:3954} INFO - Setting next_dagrun for example_branch_dop_operator_v3 to 2024-04-13 16:30:00+00:00, run_after=2024-04-13 16:31:00+00:00
[2024-04-13T16:31:55.212+0000] {processor.py:183} INFO - Processing /home/airflow/.local/lib/python3.12/site-packages/airflow/example_dags/example_branch_python_dop_operator_3.py took 0.033 seconds
[2024-04-13T16:32:25.665+0000] {processor.py:161} INFO - Started process (PID=2330) to work on /home/airflow/.local/lib/python3.12/site-packages/airflow/example_dags/example_branch_python_dop_operator_3.py
[2024-04-13T16:32:25.665+0000] {processor.py:830} INFO - Processing file /home/airflow/.local/lib/python3.12/site-packages/airflow/example_dags/example_branch_python_dop_operator_3.py for tasks to queue
[2024-04-13T16:32:25.666+0000] {logging_mixin.py:188} INFO - [2024-04-13T16:32:25.666+0000] {dagbag.py:540} INFO - Filling up the DagBag from /home/airflow/.local/lib/python3.12/site-packages/airflow/example_dags/example_branch_python_dop_operator_3.py
[2024-04-13T16:32:25.670+0000] {processor.py:840} INFO - DAG(s) 'example_branch_dop_operator_v3' retrieved from /home/airflow/.local/lib/python3.12/site-packages/airflow/example_dags/example_branch_python_dop_operator_3.py
[2024-04-13T16:32:25.678+0000] {logging_mixin.py:188} INFO - [2024-04-13T16:32:25.678+0000] {dag.py:3096} INFO - Sync 1 DAGs
[2024-04-13T16:32:25.688+0000] {logging_mixin.py:188} INFO - [2024-04-13T16:32:25.688+0000] {dag.py:3954} INFO - Setting next_dagrun for example_branch_dop_operator_v3 to 2024-04-13 16:31:00+00:00, run_after=2024-04-13 16:32:00+00:00
[2024-04-13T16:32:25.694+0000] {processor.py:183} INFO - Processing /home/airflow/.local/lib/python3.12/site-packages/airflow/example_dags/example_branch_python_dop_operator_3.py took 0.032 seconds
[2024-04-13T16:32:56.337+0000] {processor.py:161} INFO - Started process (PID=2388) to work on /home/airflow/.local/lib/python3.12/site-packages/airflow/example_dags/example_branch_python_dop_operator_3.py
[2024-04-13T16:32:56.338+0000] {processor.py:830} INFO - Processing file /home/airflow/.local/lib/python3.12/site-packages/airflow/example_dags/example_branch_python_dop_operator_3.py for tasks to queue
[2024-04-13T16:32:56.339+0000] {logging_mixin.py:188} INFO - [2024-04-13T16:32:56.338+0000] {dagbag.py:540} INFO - Filling up the DagBag from /home/airflow/.local/lib/python3.12/site-packages/airflow/example_dags/example_branch_python_dop_operator_3.py
[2024-04-13T16:32:56.342+0000] {processor.py:840} INFO - DAG(s) 'example_branch_dop_operator_v3' retrieved from /home/airflow/.local/lib/python3.12/site-packages/airflow/example_dags/example_branch_python_dop_operator_3.py
[2024-04-13T16:32:56.351+0000] {logging_mixin.py:188} INFO - [2024-04-13T16:32:56.351+0000] {dag.py:3096} INFO - Sync 1 DAGs
[2024-04-13T16:32:56.360+0000] {logging_mixin.py:188} INFO - [2024-04-13T16:32:56.360+0000] {dag.py:3954} INFO - Setting next_dagrun for example_branch_dop_operator_v3 to 2024-04-13 16:31:00+00:00, run_after=2024-04-13 16:32:00+00:00
[2024-04-13T16:32:56.367+0000] {processor.py:183} INFO - Processing /home/airflow/.local/lib/python3.12/site-packages/airflow/example_dags/example_branch_python_dop_operator_3.py took 0.032 seconds
[2024-04-13T16:33:26.936+0000] {processor.py:161} INFO - Started process (PID=2446) to work on /home/airflow/.local/lib/python3.12/site-packages/airflow/example_dags/example_branch_python_dop_operator_3.py
[2024-04-13T16:33:26.936+0000] {processor.py:830} INFO - Processing file /home/airflow/.local/lib/python3.12/site-packages/airflow/example_dags/example_branch_python_dop_operator_3.py for tasks to queue
[2024-04-13T16:33:26.937+0000] {logging_mixin.py:188} INFO - [2024-04-13T16:33:26.937+0000] {dagbag.py:540} INFO - Filling up the DagBag from /home/airflow/.local/lib/python3.12/site-packages/airflow/example_dags/example_branch_python_dop_operator_3.py
[2024-04-13T16:33:26.941+0000] {processor.py:840} INFO - DAG(s) 'example_branch_dop_operator_v3' retrieved from /home/airflow/.local/lib/python3.12/site-packages/airflow/example_dags/example_branch_python_dop_operator_3.py
[2024-04-13T16:33:26.949+0000] {logging_mixin.py:188} INFO - [2024-04-13T16:33:26.949+0000] {dag.py:3096} INFO - Sync 1 DAGs
[2024-04-13T16:33:26.958+0000] {logging_mixin.py:188} INFO - [2024-04-13T16:33:26.957+0000] {dag.py:3954} INFO - Setting next_dagrun for example_branch_dop_operator_v3 to 2024-04-13 16:32:00+00:00, run_after=2024-04-13 16:33:00+00:00
[2024-04-13T16:33:26.964+0000] {processor.py:183} INFO - Processing /home/airflow/.local/lib/python3.12/site-packages/airflow/example_dags/example_branch_python_dop_operator_3.py took 0.030 seconds
[2024-04-13T16:33:57.602+0000] {processor.py:161} INFO - Started process (PID=2504) to work on /home/airflow/.local/lib/python3.12/site-packages/airflow/example_dags/example_branch_python_dop_operator_3.py
[2024-04-13T16:33:57.602+0000] {processor.py:830} INFO - Processing file /home/airflow/.local/lib/python3.12/site-packages/airflow/example_dags/example_branch_python_dop_operator_3.py for tasks to queue
[2024-04-13T16:33:57.603+0000] {logging_mixin.py:188} INFO - [2024-04-13T16:33:57.603+0000] {dagbag.py:540} INFO - Filling up the DagBag from /home/airflow/.local/lib/python3.12/site-packages/airflow/example_dags/example_branch_python_dop_operator_3.py
[2024-04-13T16:33:57.607+0000] {processor.py:840} INFO - DAG(s) 'example_branch_dop_operator_v3' retrieved from /home/airflow/.local/lib/python3.12/site-packages/airflow/example_dags/example_branch_python_dop_operator_3.py
[2024-04-13T16:33:57.615+0000] {logging_mixin.py:188} INFO - [2024-04-13T16:33:57.615+0000] {dag.py:3096} INFO - Sync 1 DAGs
[2024-04-13T16:33:57.624+0000] {logging_mixin.py:188} INFO - [2024-04-13T16:33:57.624+0000] {dag.py:3954} INFO - Setting next_dagrun for example_branch_dop_operator_v3 to 2024-04-13 16:32:00+00:00, run_after=2024-04-13 16:33:00+00:00
[2024-04-13T16:33:57.630+0000] {processor.py:183} INFO - Processing /home/airflow/.local/lib/python3.12/site-packages/airflow/example_dags/example_branch_python_dop_operator_3.py took 0.031 seconds
[2024-04-13T16:34:28.156+0000] {processor.py:161} INFO - Started process (PID=2562) to work on /home/airflow/.local/lib/python3.12/site-packages/airflow/example_dags/example_branch_python_dop_operator_3.py
[2024-04-13T16:34:28.156+0000] {processor.py:830} INFO - Processing file /home/airflow/.local/lib/python3.12/site-packages/airflow/example_dags/example_branch_python_dop_operator_3.py for tasks to queue
[2024-04-13T16:34:28.157+0000] {logging_mixin.py:188} INFO - [2024-04-13T16:34:28.157+0000] {dagbag.py:540} INFO - Filling up the DagBag from /home/airflow/.local/lib/python3.12/site-packages/airflow/example_dags/example_branch_python_dop_operator_3.py
[2024-04-13T16:34:28.161+0000] {processor.py:840} INFO - DAG(s) 'example_branch_dop_operator_v3' retrieved from /home/airflow/.local/lib/python3.12/site-packages/airflow/example_dags/example_branch_python_dop_operator_3.py
[2024-04-13T16:34:28.170+0000] {logging_mixin.py:188} INFO - [2024-04-13T16:34:28.170+0000] {dag.py:3096} INFO - Sync 1 DAGs
[2024-04-13T16:34:28.179+0000] {logging_mixin.py:188} INFO - [2024-04-13T16:34:28.179+0000] {dag.py:3954} INFO - Setting next_dagrun for example_branch_dop_operator_v3 to 2024-04-13 16:33:00+00:00, run_after=2024-04-13 16:34:00+00:00
[2024-04-13T16:34:28.186+0000] {processor.py:183} INFO - Processing /home/airflow/.local/lib/python3.12/site-packages/airflow/example_dags/example_branch_python_dop_operator_3.py took 0.033 seconds
[2024-04-13T16:34:58.729+0000] {processor.py:161} INFO - Started process (PID=2620) to work on /home/airflow/.local/lib/python3.12/site-packages/airflow/example_dags/example_branch_python_dop_operator_3.py
[2024-04-13T16:34:58.731+0000] {processor.py:830} INFO - Processing file /home/airflow/.local/lib/python3.12/site-packages/airflow/example_dags/example_branch_python_dop_operator_3.py for tasks to queue
[2024-04-13T16:34:58.733+0000] {logging_mixin.py:188} INFO - [2024-04-13T16:34:58.732+0000] {dagbag.py:540} INFO - Filling up the DagBag from /home/airflow/.local/lib/python3.12/site-packages/airflow/example_dags/example_branch_python_dop_operator_3.py
[2024-04-13T16:34:58.740+0000] {processor.py:840} INFO - DAG(s) 'example_branch_dop_operator_v3' retrieved from /home/airflow/.local/lib/python3.12/site-packages/airflow/example_dags/example_branch_python_dop_operator_3.py
[2024-04-13T16:34:58.748+0000] {logging_mixin.py:188} INFO - [2024-04-13T16:34:58.748+0000] {dag.py:3096} INFO - Sync 1 DAGs
[2024-04-13T16:34:58.760+0000] {logging_mixin.py:188} INFO - [2024-04-13T16:34:58.760+0000] {dag.py:3954} INFO - Setting next_dagrun for example_branch_dop_operator_v3 to 2024-04-13 16:33:00+00:00, run_after=2024-04-13 16:34:00+00:00
[2024-04-13T16:34:58.767+0000] {processor.py:183} INFO - Processing /home/airflow/.local/lib/python3.12/site-packages/airflow/example_dags/example_branch_python_dop_operator_3.py took 0.042 seconds
[2024-04-13T16:35:29.368+0000] {processor.py:161} INFO - Started process (PID=2678) to work on /home/airflow/.local/lib/python3.12/site-packages/airflow/example_dags/example_branch_python_dop_operator_3.py
[2024-04-13T16:35:29.368+0000] {processor.py:830} INFO - Processing file /home/airflow/.local/lib/python3.12/site-packages/airflow/example_dags/example_branch_python_dop_operator_3.py for tasks to queue
[2024-04-13T16:35:29.369+0000] {logging_mixin.py:188} INFO - [2024-04-13T16:35:29.369+0000] {dagbag.py:540} INFO - Filling up the DagBag from /home/airflow/.local/lib/python3.12/site-packages/airflow/example_dags/example_branch_python_dop_operator_3.py
[2024-04-13T16:35:29.373+0000] {processor.py:840} INFO - DAG(s) 'example_branch_dop_operator_v3' retrieved from /home/airflow/.local/lib/python3.12/site-packages/airflow/example_dags/example_branch_python_dop_operator_3.py
[2024-04-13T16:35:29.381+0000] {logging_mixin.py:188} INFO - [2024-04-13T16:35:29.381+0000] {dag.py:3096} INFO - Sync 1 DAGs
[2024-04-13T16:35:29.390+0000] {logging_mixin.py:188} INFO - [2024-04-13T16:35:29.390+0000] {dag.py:3954} INFO - Setting next_dagrun for example_branch_dop_operator_v3 to 2024-04-13 16:34:00+00:00, run_after=2024-04-13 16:35:00+00:00
[2024-04-13T16:35:29.396+0000] {processor.py:183} INFO - Processing /home/airflow/.local/lib/python3.12/site-packages/airflow/example_dags/example_branch_python_dop_operator_3.py took 0.031 seconds
[2024-04-13T16:35:59.964+0000] {processor.py:161} INFO - Started process (PID=2736) to work on /home/airflow/.local/lib/python3.12/site-packages/airflow/example_dags/example_branch_python_dop_operator_3.py
[2024-04-13T16:35:59.964+0000] {processor.py:830} INFO - Processing file /home/airflow/.local/lib/python3.12/site-packages/airflow/example_dags/example_branch_python_dop_operator_3.py for tasks to queue
[2024-04-13T16:35:59.965+0000] {logging_mixin.py:188} INFO - [2024-04-13T16:35:59.965+0000] {dagbag.py:540} INFO - Filling up the DagBag from /home/airflow/.local/lib/python3.12/site-packages/airflow/example_dags/example_branch_python_dop_operator_3.py
[2024-04-13T16:35:59.969+0000] {processor.py:840} INFO - DAG(s) 'example_branch_dop_operator_v3' retrieved from /home/airflow/.local/lib/python3.12/site-packages/airflow/example_dags/example_branch_python_dop_operator_3.py
[2024-04-13T16:35:59.977+0000] {logging_mixin.py:188} INFO - [2024-04-13T16:35:59.977+0000] {dag.py:3096} INFO - Sync 1 DAGs
[2024-04-13T16:35:59.986+0000] {logging_mixin.py:188} INFO - [2024-04-13T16:35:59.986+0000] {dag.py:3954} INFO - Setting next_dagrun for example_branch_dop_operator_v3 to 2024-04-13 16:34:00+00:00, run_after=2024-04-13 16:35:00+00:00
[2024-04-13T16:35:59.993+0000] {processor.py:183} INFO - Processing /home/airflow/.local/lib/python3.12/site-packages/airflow/example_dags/example_branch_python_dop_operator_3.py took 0.031 seconds
[2024-04-13T16:36:30.642+0000] {processor.py:161} INFO - Started process (PID=2794) to work on /home/airflow/.local/lib/python3.12/site-packages/airflow/example_dags/example_branch_python_dop_operator_3.py
[2024-04-13T16:36:30.643+0000] {processor.py:830} INFO - Processing file /home/airflow/.local/lib/python3.12/site-packages/airflow/example_dags/example_branch_python_dop_operator_3.py for tasks to queue
[2024-04-13T16:36:30.643+0000] {logging_mixin.py:188} INFO - [2024-04-13T16:36:30.643+0000] {dagbag.py:540} INFO - Filling up the DagBag from /home/airflow/.local/lib/python3.12/site-packages/airflow/example_dags/example_branch_python_dop_operator_3.py
[2024-04-13T16:36:30.647+0000] {processor.py:840} INFO - DAG(s) 'example_branch_dop_operator_v3' retrieved from /home/airflow/.local/lib/python3.12/site-packages/airflow/example_dags/example_branch_python_dop_operator_3.py
[2024-04-13T16:36:30.654+0000] {logging_mixin.py:188} INFO - [2024-04-13T16:36:30.654+0000] {dag.py:3096} INFO - Sync 1 DAGs
[2024-04-13T16:36:30.664+0000] {logging_mixin.py:188} INFO - [2024-04-13T16:36:30.663+0000] {dag.py:3954} INFO - Setting next_dagrun for example_branch_dop_operator_v3 to 2024-04-13 16:35:00+00:00, run_after=2024-04-13 16:36:00+00:00
[2024-04-13T16:36:30.670+0000] {processor.py:183} INFO - Processing /home/airflow/.local/lib/python3.12/site-packages/airflow/example_dags/example_branch_python_dop_operator_3.py took 0.030 seconds
[2024-04-13T16:37:01.183+0000] {processor.py:161} INFO - Started process (PID=2851) to work on /home/airflow/.local/lib/python3.12/site-packages/airflow/example_dags/example_branch_python_dop_operator_3.py
[2024-04-13T16:37:01.183+0000] {processor.py:830} INFO - Processing file /home/airflow/.local/lib/python3.12/site-packages/airflow/example_dags/example_branch_python_dop_operator_3.py for tasks to queue
[2024-04-13T16:37:01.184+0000] {logging_mixin.py:188} INFO - [2024-04-13T16:37:01.184+0000] {dagbag.py:540} INFO - Filling up the DagBag from /home/airflow/.local/lib/python3.12/site-packages/airflow/example_dags/example_branch_python_dop_operator_3.py
[2024-04-13T16:37:01.188+0000] {processor.py:840} INFO - DAG(s) 'example_branch_dop_operator_v3' retrieved from /home/airflow/.local/lib/python3.12/site-packages/airflow/example_dags/example_branch_python_dop_operator_3.py
[2024-04-13T16:37:01.197+0000] {logging_mixin.py:188} INFO - [2024-04-13T16:37:01.197+0000] {dag.py:3096} INFO - Sync 1 DAGs
[2024-04-13T16:37:01.207+0000] {logging_mixin.py:188} INFO - [2024-04-13T16:37:01.207+0000] {dag.py:3954} INFO - Setting next_dagrun for example_branch_dop_operator_v3 to 2024-04-13 16:36:00+00:00, run_after=2024-04-13 16:37:00+00:00
[2024-04-13T16:37:01.214+0000] {processor.py:183} INFO - Processing /home/airflow/.local/lib/python3.12/site-packages/airflow/example_dags/example_branch_python_dop_operator_3.py took 0.034 seconds
[2024-04-13T16:37:31.759+0000] {processor.py:161} INFO - Started process (PID=2909) to work on /home/airflow/.local/lib/python3.12/site-packages/airflow/example_dags/example_branch_python_dop_operator_3.py
[2024-04-13T16:37:31.759+0000] {processor.py:830} INFO - Processing file /home/airflow/.local/lib/python3.12/site-packages/airflow/example_dags/example_branch_python_dop_operator_3.py for tasks to queue
[2024-04-13T16:37:31.760+0000] {logging_mixin.py:188} INFO - [2024-04-13T16:37:31.760+0000] {dagbag.py:540} INFO - Filling up the DagBag from /home/airflow/.local/lib/python3.12/site-packages/airflow/example_dags/example_branch_python_dop_operator_3.py
[2024-04-13T16:37:31.764+0000] {processor.py:840} INFO - DAG(s) 'example_branch_dop_operator_v3' retrieved from /home/airflow/.local/lib/python3.12/site-packages/airflow/example_dags/example_branch_python_dop_operator_3.py
[2024-04-13T16:37:31.774+0000] {logging_mixin.py:188} INFO - [2024-04-13T16:37:31.774+0000] {dag.py:3096} INFO - Sync 1 DAGs
[2024-04-13T16:37:31.784+0000] {logging_mixin.py:188} INFO - [2024-04-13T16:37:31.783+0000] {dag.py:3954} INFO - Setting next_dagrun for example_branch_dop_operator_v3 to 2024-04-13 16:36:00+00:00, run_after=2024-04-13 16:37:00+00:00
[2024-04-13T16:37:31.791+0000] {processor.py:183} INFO - Processing /home/airflow/.local/lib/python3.12/site-packages/airflow/example_dags/example_branch_python_dop_operator_3.py took 0.035 seconds
[2024-04-13T16:38:02.549+0000] {processor.py:161} INFO - Started process (PID=2967) to work on /home/airflow/.local/lib/python3.12/site-packages/airflow/example_dags/example_branch_python_dop_operator_3.py
[2024-04-13T16:38:02.551+0000] {processor.py:830} INFO - Processing file /home/airflow/.local/lib/python3.12/site-packages/airflow/example_dags/example_branch_python_dop_operator_3.py for tasks to queue
[2024-04-13T16:38:02.555+0000] {logging_mixin.py:188} INFO - [2024-04-13T16:38:02.555+0000] {dagbag.py:540} INFO - Filling up the DagBag from /home/airflow/.local/lib/python3.12/site-packages/airflow/example_dags/example_branch_python_dop_operator_3.py
[2024-04-13T16:38:02.562+0000] {processor.py:840} INFO - DAG(s) 'example_branch_dop_operator_v3' retrieved from /home/airflow/.local/lib/python3.12/site-packages/airflow/example_dags/example_branch_python_dop_operator_3.py
[2024-04-13T16:38:02.582+0000] {logging_mixin.py:188} INFO - [2024-04-13T16:38:02.582+0000] {dag.py:3096} INFO - Sync 1 DAGs
[2024-04-13T16:38:02.618+0000] {logging_mixin.py:188} INFO - [2024-04-13T16:38:02.618+0000] {dag.py:3954} INFO - Setting next_dagrun for example_branch_dop_operator_v3 to 2024-04-13 16:37:00+00:00, run_after=2024-04-13 16:38:00+00:00
[2024-04-13T16:38:02.637+0000] {processor.py:183} INFO - Processing /home/airflow/.local/lib/python3.12/site-packages/airflow/example_dags/example_branch_python_dop_operator_3.py took 0.091 seconds
[2024-04-13T16:38:33.409+0000] {processor.py:161} INFO - Started process (PID=3025) to work on /home/airflow/.local/lib/python3.12/site-packages/airflow/example_dags/example_branch_python_dop_operator_3.py
[2024-04-13T16:38:33.410+0000] {processor.py:830} INFO - Processing file /home/airflow/.local/lib/python3.12/site-packages/airflow/example_dags/example_branch_python_dop_operator_3.py for tasks to queue
[2024-04-13T16:38:33.411+0000] {logging_mixin.py:188} INFO - [2024-04-13T16:38:33.411+0000] {dagbag.py:540} INFO - Filling up the DagBag from /home/airflow/.local/lib/python3.12/site-packages/airflow/example_dags/example_branch_python_dop_operator_3.py
[2024-04-13T16:38:33.415+0000] {processor.py:840} INFO - DAG(s) 'example_branch_dop_operator_v3' retrieved from /home/airflow/.local/lib/python3.12/site-packages/airflow/example_dags/example_branch_python_dop_operator_3.py
[2024-04-13T16:38:33.431+0000] {logging_mixin.py:188} INFO - [2024-04-13T16:38:33.431+0000] {dag.py:3096} INFO - Sync 1 DAGs
[2024-04-13T16:38:33.447+0000] {logging_mixin.py:188} INFO - [2024-04-13T16:38:33.446+0000] {dag.py:3954} INFO - Setting next_dagrun for example_branch_dop_operator_v3 to 2024-04-13 16:37:00+00:00, run_after=2024-04-13 16:38:00+00:00
[2024-04-13T16:38:33.462+0000] {processor.py:183} INFO - Processing /home/airflow/.local/lib/python3.12/site-packages/airflow/example_dags/example_branch_python_dop_operator_3.py took 0.056 seconds
[2024-04-13T16:39:03.718+0000] {processor.py:161} INFO - Started process (PID=3083) to work on /home/airflow/.local/lib/python3.12/site-packages/airflow/example_dags/example_branch_python_dop_operator_3.py
[2024-04-13T16:39:03.719+0000] {processor.py:830} INFO - Processing file /home/airflow/.local/lib/python3.12/site-packages/airflow/example_dags/example_branch_python_dop_operator_3.py for tasks to queue
[2024-04-13T16:39:03.720+0000] {logging_mixin.py:188} INFO - [2024-04-13T16:39:03.720+0000] {dagbag.py:540} INFO - Filling up the DagBag from /home/airflow/.local/lib/python3.12/site-packages/airflow/example_dags/example_branch_python_dop_operator_3.py
[2024-04-13T16:39:03.724+0000] {processor.py:840} INFO - DAG(s) 'example_branch_dop_operator_v3' retrieved from /home/airflow/.local/lib/python3.12/site-packages/airflow/example_dags/example_branch_python_dop_operator_3.py
[2024-04-13T16:39:03.732+0000] {logging_mixin.py:188} INFO - [2024-04-13T16:39:03.732+0000] {dag.py:3096} INFO - Sync 1 DAGs
[2024-04-13T16:39:03.742+0000] {logging_mixin.py:188} INFO - [2024-04-13T16:39:03.742+0000] {dag.py:3954} INFO - Setting next_dagrun for example_branch_dop_operator_v3 to 2024-04-13 16:38:00+00:00, run_after=2024-04-13 16:39:00+00:00
[2024-04-13T16:39:03.749+0000] {processor.py:183} INFO - Processing /home/airflow/.local/lib/python3.12/site-packages/airflow/example_dags/example_branch_python_dop_operator_3.py took 0.033 seconds
[2024-04-13T16:39:34.276+0000] {processor.py:161} INFO - Started process (PID=3140) to work on /home/airflow/.local/lib/python3.12/site-packages/airflow/example_dags/example_branch_python_dop_operator_3.py
[2024-04-13T16:39:34.277+0000] {processor.py:830} INFO - Processing file /home/airflow/.local/lib/python3.12/site-packages/airflow/example_dags/example_branch_python_dop_operator_3.py for tasks to queue
[2024-04-13T16:39:34.278+0000] {logging_mixin.py:188} INFO - [2024-04-13T16:39:34.277+0000] {dagbag.py:540} INFO - Filling up the DagBag from /home/airflow/.local/lib/python3.12/site-packages/airflow/example_dags/example_branch_python_dop_operator_3.py
[2024-04-13T16:39:34.282+0000] {processor.py:840} INFO - DAG(s) 'example_branch_dop_operator_v3' retrieved from /home/airflow/.local/lib/python3.12/site-packages/airflow/example_dags/example_branch_python_dop_operator_3.py
[2024-04-13T16:39:34.291+0000] {logging_mixin.py:188} INFO - [2024-04-13T16:39:34.291+0000] {dag.py:3096} INFO - Sync 1 DAGs
[2024-04-13T16:39:34.301+0000] {logging_mixin.py:188} INFO - [2024-04-13T16:39:34.301+0000] {dag.py:3954} INFO - Setting next_dagrun for example_branch_dop_operator_v3 to 2024-04-13 16:38:00+00:00, run_after=2024-04-13 16:39:00+00:00
[2024-04-13T16:39:34.307+0000] {processor.py:183} INFO - Processing /home/airflow/.local/lib/python3.12/site-packages/airflow/example_dags/example_branch_python_dop_operator_3.py took 0.034 seconds
[2024-04-13T16:40:04.776+0000] {processor.py:161} INFO - Started process (PID=3198) to work on /home/airflow/.local/lib/python3.12/site-packages/airflow/example_dags/example_branch_python_dop_operator_3.py
[2024-04-13T16:40:04.777+0000] {processor.py:830} INFO - Processing file /home/airflow/.local/lib/python3.12/site-packages/airflow/example_dags/example_branch_python_dop_operator_3.py for tasks to queue
[2024-04-13T16:40:04.778+0000] {logging_mixin.py:188} INFO - [2024-04-13T16:40:04.777+0000] {dagbag.py:540} INFO - Filling up the DagBag from /home/airflow/.local/lib/python3.12/site-packages/airflow/example_dags/example_branch_python_dop_operator_3.py
[2024-04-13T16:40:04.782+0000] {processor.py:840} INFO - DAG(s) 'example_branch_dop_operator_v3' retrieved from /home/airflow/.local/lib/python3.12/site-packages/airflow/example_dags/example_branch_python_dop_operator_3.py
[2024-04-13T16:40:04.791+0000] {logging_mixin.py:188} INFO - [2024-04-13T16:40:04.790+0000] {dag.py:3096} INFO - Sync 1 DAGs
[2024-04-13T16:40:04.801+0000] {logging_mixin.py:188} INFO - [2024-04-13T16:40:04.800+0000] {dag.py:3954} INFO - Setting next_dagrun for example_branch_dop_operator_v3 to 2024-04-13 16:39:00+00:00, run_after=2024-04-13 16:40:00+00:00
[2024-04-13T16:40:04.807+0000] {processor.py:183} INFO - Processing /home/airflow/.local/lib/python3.12/site-packages/airflow/example_dags/example_branch_python_dop_operator_3.py took 0.034 seconds
[2024-04-13T16:40:35.268+0000] {processor.py:161} INFO - Started process (PID=3256) to work on /home/airflow/.local/lib/python3.12/site-packages/airflow/example_dags/example_branch_python_dop_operator_3.py
[2024-04-13T16:40:35.268+0000] {processor.py:830} INFO - Processing file /home/airflow/.local/lib/python3.12/site-packages/airflow/example_dags/example_branch_python_dop_operator_3.py for tasks to queue
[2024-04-13T16:40:35.269+0000] {logging_mixin.py:188} INFO - [2024-04-13T16:40:35.269+0000] {dagbag.py:540} INFO - Filling up the DagBag from /home/airflow/.local/lib/python3.12/site-packages/airflow/example_dags/example_branch_python_dop_operator_3.py
[2024-04-13T16:40:35.274+0000] {processor.py:840} INFO - DAG(s) 'example_branch_dop_operator_v3' retrieved from /home/airflow/.local/lib/python3.12/site-packages/airflow/example_dags/example_branch_python_dop_operator_3.py
[2024-04-13T16:40:35.283+0000] {logging_mixin.py:188} INFO - [2024-04-13T16:40:35.283+0000] {dag.py:3096} INFO - Sync 1 DAGs
[2024-04-13T16:40:35.293+0000] {logging_mixin.py:188} INFO - [2024-04-13T16:40:35.292+0000] {dag.py:3954} INFO - Setting next_dagrun for example_branch_dop_operator_v3 to 2024-04-13 16:39:00+00:00, run_after=2024-04-13 16:40:00+00:00
[2024-04-13T16:40:35.299+0000] {processor.py:183} INFO - Processing /home/airflow/.local/lib/python3.12/site-packages/airflow/example_dags/example_branch_python_dop_operator_3.py took 0.034 seconds
[2024-04-13T16:41:05.835+0000] {processor.py:161} INFO - Started process (PID=3314) to work on /home/airflow/.local/lib/python3.12/site-packages/airflow/example_dags/example_branch_python_dop_operator_3.py
[2024-04-13T16:41:05.835+0000] {processor.py:830} INFO - Processing file /home/airflow/.local/lib/python3.12/site-packages/airflow/example_dags/example_branch_python_dop_operator_3.py for tasks to queue
[2024-04-13T16:41:05.836+0000] {logging_mixin.py:188} INFO - [2024-04-13T16:41:05.836+0000] {dagbag.py:540} INFO - Filling up the DagBag from /home/airflow/.local/lib/python3.12/site-packages/airflow/example_dags/example_branch_python_dop_operator_3.py
[2024-04-13T16:41:05.839+0000] {processor.py:840} INFO - DAG(s) 'example_branch_dop_operator_v3' retrieved from /home/airflow/.local/lib/python3.12/site-packages/airflow/example_dags/example_branch_python_dop_operator_3.py
[2024-04-13T16:41:05.847+0000] {logging_mixin.py:188} INFO - [2024-04-13T16:41:05.847+0000] {dag.py:3096} INFO - Sync 1 DAGs
[2024-04-13T16:41:05.856+0000] {logging_mixin.py:188} INFO - [2024-04-13T16:41:05.856+0000] {dag.py:3954} INFO - Setting next_dagrun for example_branch_dop_operator_v3 to 2024-04-13 16:40:00+00:00, run_after=2024-04-13 16:41:00+00:00
[2024-04-13T16:41:05.863+0000] {processor.py:183} INFO - Processing /home/airflow/.local/lib/python3.12/site-packages/airflow/example_dags/example_branch_python_dop_operator_3.py took 0.031 seconds
