[2024-04-13T16:12:31.085+0000] {processor.py:161} INFO - Started process (PID=49) to work on /home/airflow/.local/lib/python3.12/site-packages/airflow/example_dags/example_short_circuit_operator.py
[2024-04-13T16:12:31.087+0000] {processor.py:830} INFO - Processing file /home/airflow/.local/lib/python3.12/site-packages/airflow/example_dags/example_short_circuit_operator.py for tasks to queue
[2024-04-13T16:12:31.088+0000] {logging_mixin.py:188} INFO - [2024-04-13T16:12:31.088+0000] {dagbag.py:540} INFO - Filling up the DagBag from /home/airflow/.local/lib/python3.12/site-packages/airflow/example_dags/example_short_circuit_operator.py
[2024-04-13T16:12:31.096+0000] {processor.py:840} INFO - DAG(s) 'example_short_circuit_operator' retrieved from /home/airflow/.local/lib/python3.12/site-packages/airflow/example_dags/example_short_circuit_operator.py
[2024-04-13T16:12:31.123+0000] {logging_mixin.py:188} INFO - [2024-04-13T16:12:31.123+0000] {dag.py:3096} INFO - Sync 1 DAGs
[2024-04-13T16:12:31.147+0000] {logging_mixin.py:188} INFO - [2024-04-13T16:12:31.146+0000] {dag.py:3954} INFO - Setting next_dagrun for example_short_circuit_operator to 2024-04-12 00:00:00+00:00, run_after=2024-04-13 00:00:00+00:00
[2024-04-13T16:12:31.169+0000] {processor.py:183} INFO - Processing /home/airflow/.local/lib/python3.12/site-packages/airflow/example_dags/example_short_circuit_operator.py took 0.087 seconds
[2024-04-13T16:13:01.887+0000] {processor.py:161} INFO - Started process (PID=107) to work on /home/airflow/.local/lib/python3.12/site-packages/airflow/example_dags/example_short_circuit_operator.py
[2024-04-13T16:13:01.888+0000] {processor.py:830} INFO - Processing file /home/airflow/.local/lib/python3.12/site-packages/airflow/example_dags/example_short_circuit_operator.py for tasks to queue
[2024-04-13T16:13:01.889+0000] {logging_mixin.py:188} INFO - [2024-04-13T16:13:01.888+0000] {dagbag.py:540} INFO - Filling up the DagBag from /home/airflow/.local/lib/python3.12/site-packages/airflow/example_dags/example_short_circuit_operator.py
[2024-04-13T16:13:01.892+0000] {processor.py:840} INFO - DAG(s) 'example_short_circuit_operator' retrieved from /home/airflow/.local/lib/python3.12/site-packages/airflow/example_dags/example_short_circuit_operator.py
[2024-04-13T16:13:01.930+0000] {logging_mixin.py:188} INFO - [2024-04-13T16:13:01.930+0000] {dag.py:3096} INFO - Sync 1 DAGs
[2024-04-13T16:13:01.938+0000] {logging_mixin.py:188} INFO - [2024-04-13T16:13:01.937+0000] {dag.py:3954} INFO - Setting next_dagrun for example_short_circuit_operator to 2024-04-12 00:00:00+00:00, run_after=2024-04-13 00:00:00+00:00
[2024-04-13T16:13:01.944+0000] {processor.py:183} INFO - Processing /home/airflow/.local/lib/python3.12/site-packages/airflow/example_dags/example_short_circuit_operator.py took 0.060 seconds
[2024-04-13T16:13:32.921+0000] {processor.py:161} INFO - Started process (PID=165) to work on /home/airflow/.local/lib/python3.12/site-packages/airflow/example_dags/example_short_circuit_operator.py
[2024-04-13T16:13:32.922+0000] {processor.py:830} INFO - Processing file /home/airflow/.local/lib/python3.12/site-packages/airflow/example_dags/example_short_circuit_operator.py for tasks to queue
[2024-04-13T16:13:32.925+0000] {logging_mixin.py:188} INFO - [2024-04-13T16:13:32.925+0000] {dagbag.py:540} INFO - Filling up the DagBag from /home/airflow/.local/lib/python3.12/site-packages/airflow/example_dags/example_short_circuit_operator.py
[2024-04-13T16:13:32.933+0000] {processor.py:840} INFO - DAG(s) 'example_short_circuit_operator' retrieved from /home/airflow/.local/lib/python3.12/site-packages/airflow/example_dags/example_short_circuit_operator.py
[2024-04-13T16:13:32.950+0000] {logging_mixin.py:188} INFO - [2024-04-13T16:13:32.950+0000] {dag.py:3096} INFO - Sync 1 DAGs
[2024-04-13T16:13:32.962+0000] {logging_mixin.py:188} INFO - [2024-04-13T16:13:32.962+0000] {dag.py:3954} INFO - Setting next_dagrun for example_short_circuit_operator to 2024-04-12 00:00:00+00:00, run_after=2024-04-13 00:00:00+00:00
[2024-04-13T16:13:32.970+0000] {processor.py:183} INFO - Processing /home/airflow/.local/lib/python3.12/site-packages/airflow/example_dags/example_short_circuit_operator.py took 0.056 seconds
[2024-04-13T16:14:03.392+0000] {processor.py:161} INFO - Started process (PID=223) to work on /home/airflow/.local/lib/python3.12/site-packages/airflow/example_dags/example_short_circuit_operator.py
[2024-04-13T16:14:03.393+0000] {processor.py:830} INFO - Processing file /home/airflow/.local/lib/python3.12/site-packages/airflow/example_dags/example_short_circuit_operator.py for tasks to queue
[2024-04-13T16:14:03.395+0000] {logging_mixin.py:188} INFO - [2024-04-13T16:14:03.395+0000] {dagbag.py:540} INFO - Filling up the DagBag from /home/airflow/.local/lib/python3.12/site-packages/airflow/example_dags/example_short_circuit_operator.py
[2024-04-13T16:14:03.403+0000] {processor.py:840} INFO - DAG(s) 'example_short_circuit_operator' retrieved from /home/airflow/.local/lib/python3.12/site-packages/airflow/example_dags/example_short_circuit_operator.py
[2024-04-13T16:14:03.421+0000] {logging_mixin.py:188} INFO - [2024-04-13T16:14:03.421+0000] {dag.py:3096} INFO - Sync 1 DAGs
[2024-04-13T16:14:03.434+0000] {logging_mixin.py:188} INFO - [2024-04-13T16:14:03.434+0000] {dag.py:3954} INFO - Setting next_dagrun for example_short_circuit_operator to 2024-04-12 00:00:00+00:00, run_after=2024-04-13 00:00:00+00:00
[2024-04-13T16:14:03.443+0000] {processor.py:183} INFO - Processing /home/airflow/.local/lib/python3.12/site-packages/airflow/example_dags/example_short_circuit_operator.py took 0.058 seconds
[2024-04-13T16:14:33.827+0000] {processor.py:161} INFO - Started process (PID=281) to work on /home/airflow/.local/lib/python3.12/site-packages/airflow/example_dags/example_short_circuit_operator.py
[2024-04-13T16:14:33.828+0000] {processor.py:830} INFO - Processing file /home/airflow/.local/lib/python3.12/site-packages/airflow/example_dags/example_short_circuit_operator.py for tasks to queue
[2024-04-13T16:14:33.831+0000] {logging_mixin.py:188} INFO - [2024-04-13T16:14:33.830+0000] {dagbag.py:540} INFO - Filling up the DagBag from /home/airflow/.local/lib/python3.12/site-packages/airflow/example_dags/example_short_circuit_operator.py
[2024-04-13T16:14:33.838+0000] {processor.py:840} INFO - DAG(s) 'example_short_circuit_operator' retrieved from /home/airflow/.local/lib/python3.12/site-packages/airflow/example_dags/example_short_circuit_operator.py
[2024-04-13T16:14:33.854+0000] {logging_mixin.py:188} INFO - [2024-04-13T16:14:33.854+0000] {dag.py:3096} INFO - Sync 1 DAGs
[2024-04-13T16:14:33.866+0000] {logging_mixin.py:188} INFO - [2024-04-13T16:14:33.866+0000] {dag.py:3954} INFO - Setting next_dagrun for example_short_circuit_operator to 2024-04-12 00:00:00+00:00, run_after=2024-04-13 00:00:00+00:00
[2024-04-13T16:14:33.874+0000] {processor.py:183} INFO - Processing /home/airflow/.local/lib/python3.12/site-packages/airflow/example_dags/example_short_circuit_operator.py took 0.055 seconds
[2024-04-13T16:15:04.401+0000] {processor.py:161} INFO - Started process (PID=339) to work on /home/airflow/.local/lib/python3.12/site-packages/airflow/example_dags/example_short_circuit_operator.py
[2024-04-13T16:15:04.402+0000] {processor.py:830} INFO - Processing file /home/airflow/.local/lib/python3.12/site-packages/airflow/example_dags/example_short_circuit_operator.py for tasks to queue
[2024-04-13T16:15:04.404+0000] {logging_mixin.py:188} INFO - [2024-04-13T16:15:04.404+0000] {dagbag.py:540} INFO - Filling up the DagBag from /home/airflow/.local/lib/python3.12/site-packages/airflow/example_dags/example_short_circuit_operator.py
[2024-04-13T16:15:04.410+0000] {processor.py:840} INFO - DAG(s) 'example_short_circuit_operator' retrieved from /home/airflow/.local/lib/python3.12/site-packages/airflow/example_dags/example_short_circuit_operator.py
[2024-04-13T16:15:04.424+0000] {logging_mixin.py:188} INFO - [2024-04-13T16:15:04.424+0000] {dag.py:3096} INFO - Sync 1 DAGs
[2024-04-13T16:15:04.434+0000] {logging_mixin.py:188} INFO - [2024-04-13T16:15:04.434+0000] {dag.py:3954} INFO - Setting next_dagrun for example_short_circuit_operator to 2024-04-12 00:00:00+00:00, run_after=2024-04-13 00:00:00+00:00
[2024-04-13T16:15:04.442+0000] {processor.py:183} INFO - Processing /home/airflow/.local/lib/python3.12/site-packages/airflow/example_dags/example_short_circuit_operator.py took 0.047 seconds
[2024-04-13T16:15:34.875+0000] {processor.py:161} INFO - Started process (PID=397) to work on /home/airflow/.local/lib/python3.12/site-packages/airflow/example_dags/example_short_circuit_operator.py
[2024-04-13T16:15:34.876+0000] {processor.py:830} INFO - Processing file /home/airflow/.local/lib/python3.12/site-packages/airflow/example_dags/example_short_circuit_operator.py for tasks to queue
[2024-04-13T16:15:34.879+0000] {logging_mixin.py:188} INFO - [2024-04-13T16:15:34.878+0000] {dagbag.py:540} INFO - Filling up the DagBag from /home/airflow/.local/lib/python3.12/site-packages/airflow/example_dags/example_short_circuit_operator.py
[2024-04-13T16:15:34.886+0000] {processor.py:840} INFO - DAG(s) 'example_short_circuit_operator' retrieved from /home/airflow/.local/lib/python3.12/site-packages/airflow/example_dags/example_short_circuit_operator.py
[2024-04-13T16:15:34.903+0000] {logging_mixin.py:188} INFO - [2024-04-13T16:15:34.902+0000] {dag.py:3096} INFO - Sync 1 DAGs
[2024-04-13T16:15:34.916+0000] {logging_mixin.py:188} INFO - [2024-04-13T16:15:34.916+0000] {dag.py:3954} INFO - Setting next_dagrun for example_short_circuit_operator to 2024-04-12 00:00:00+00:00, run_after=2024-04-13 00:00:00+00:00
[2024-04-13T16:15:34.924+0000] {processor.py:183} INFO - Processing /home/airflow/.local/lib/python3.12/site-packages/airflow/example_dags/example_short_circuit_operator.py took 0.056 seconds
[2024-04-13T16:16:05.398+0000] {processor.py:161} INFO - Started process (PID=455) to work on /home/airflow/.local/lib/python3.12/site-packages/airflow/example_dags/example_short_circuit_operator.py
[2024-04-13T16:16:05.399+0000] {processor.py:830} INFO - Processing file /home/airflow/.local/lib/python3.12/site-packages/airflow/example_dags/example_short_circuit_operator.py for tasks to queue
[2024-04-13T16:16:05.402+0000] {logging_mixin.py:188} INFO - [2024-04-13T16:16:05.401+0000] {dagbag.py:540} INFO - Filling up the DagBag from /home/airflow/.local/lib/python3.12/site-packages/airflow/example_dags/example_short_circuit_operator.py
[2024-04-13T16:16:05.411+0000] {processor.py:840} INFO - DAG(s) 'example_short_circuit_operator' retrieved from /home/airflow/.local/lib/python3.12/site-packages/airflow/example_dags/example_short_circuit_operator.py
[2024-04-13T16:16:05.428+0000] {logging_mixin.py:188} INFO - [2024-04-13T16:16:05.428+0000] {dag.py:3096} INFO - Sync 1 DAGs
[2024-04-13T16:16:05.439+0000] {logging_mixin.py:188} INFO - [2024-04-13T16:16:05.439+0000] {dag.py:3954} INFO - Setting next_dagrun for example_short_circuit_operator to 2024-04-12 00:00:00+00:00, run_after=2024-04-13 00:00:00+00:00
[2024-04-13T16:16:05.448+0000] {processor.py:183} INFO - Processing /home/airflow/.local/lib/python3.12/site-packages/airflow/example_dags/example_short_circuit_operator.py took 0.057 seconds
[2024-04-13T16:16:36.031+0000] {processor.py:161} INFO - Started process (PID=513) to work on /home/airflow/.local/lib/python3.12/site-packages/airflow/example_dags/example_short_circuit_operator.py
[2024-04-13T16:16:36.032+0000] {processor.py:830} INFO - Processing file /home/airflow/.local/lib/python3.12/site-packages/airflow/example_dags/example_short_circuit_operator.py for tasks to queue
[2024-04-13T16:16:36.034+0000] {logging_mixin.py:188} INFO - [2024-04-13T16:16:36.034+0000] {dagbag.py:540} INFO - Filling up the DagBag from /home/airflow/.local/lib/python3.12/site-packages/airflow/example_dags/example_short_circuit_operator.py
[2024-04-13T16:16:36.039+0000] {processor.py:840} INFO - DAG(s) 'example_short_circuit_operator' retrieved from /home/airflow/.local/lib/python3.12/site-packages/airflow/example_dags/example_short_circuit_operator.py
[2024-04-13T16:16:36.055+0000] {logging_mixin.py:188} INFO - [2024-04-13T16:16:36.054+0000] {dag.py:3096} INFO - Sync 1 DAGs
[2024-04-13T16:16:36.066+0000] {logging_mixin.py:188} INFO - [2024-04-13T16:16:36.066+0000] {dag.py:3954} INFO - Setting next_dagrun for example_short_circuit_operator to 2024-04-12 00:00:00+00:00, run_after=2024-04-13 00:00:00+00:00
[2024-04-13T16:16:36.077+0000] {processor.py:183} INFO - Processing /home/airflow/.local/lib/python3.12/site-packages/airflow/example_dags/example_short_circuit_operator.py took 0.053 seconds
[2024-04-13T16:17:06.662+0000] {processor.py:161} INFO - Started process (PID=571) to work on /home/airflow/.local/lib/python3.12/site-packages/airflow/example_dags/example_short_circuit_operator.py
[2024-04-13T16:17:06.663+0000] {processor.py:830} INFO - Processing file /home/airflow/.local/lib/python3.12/site-packages/airflow/example_dags/example_short_circuit_operator.py for tasks to queue
[2024-04-13T16:17:06.666+0000] {logging_mixin.py:188} INFO - [2024-04-13T16:17:06.665+0000] {dagbag.py:540} INFO - Filling up the DagBag from /home/airflow/.local/lib/python3.12/site-packages/airflow/example_dags/example_short_circuit_operator.py
[2024-04-13T16:17:06.673+0000] {processor.py:840} INFO - DAG(s) 'example_short_circuit_operator' retrieved from /home/airflow/.local/lib/python3.12/site-packages/airflow/example_dags/example_short_circuit_operator.py
[2024-04-13T16:17:06.690+0000] {logging_mixin.py:188} INFO - [2024-04-13T16:17:06.690+0000] {dag.py:3096} INFO - Sync 1 DAGs
[2024-04-13T16:17:06.703+0000] {logging_mixin.py:188} INFO - [2024-04-13T16:17:06.703+0000] {dag.py:3954} INFO - Setting next_dagrun for example_short_circuit_operator to 2024-04-12 00:00:00+00:00, run_after=2024-04-13 00:00:00+00:00
[2024-04-13T16:17:06.712+0000] {processor.py:183} INFO - Processing /home/airflow/.local/lib/python3.12/site-packages/airflow/example_dags/example_short_circuit_operator.py took 0.058 seconds
[2024-04-13T16:17:37.214+0000] {processor.py:161} INFO - Started process (PID=629) to work on /home/airflow/.local/lib/python3.12/site-packages/airflow/example_dags/example_short_circuit_operator.py
[2024-04-13T16:17:37.215+0000] {processor.py:830} INFO - Processing file /home/airflow/.local/lib/python3.12/site-packages/airflow/example_dags/example_short_circuit_operator.py for tasks to queue
[2024-04-13T16:17:37.218+0000] {logging_mixin.py:188} INFO - [2024-04-13T16:17:37.217+0000] {dagbag.py:540} INFO - Filling up the DagBag from /home/airflow/.local/lib/python3.12/site-packages/airflow/example_dags/example_short_circuit_operator.py
[2024-04-13T16:17:37.227+0000] {processor.py:840} INFO - DAG(s) 'example_short_circuit_operator' retrieved from /home/airflow/.local/lib/python3.12/site-packages/airflow/example_dags/example_short_circuit_operator.py
[2024-04-13T16:17:37.244+0000] {logging_mixin.py:188} INFO - [2024-04-13T16:17:37.244+0000] {dag.py:3096} INFO - Sync 1 DAGs
[2024-04-13T16:17:37.256+0000] {logging_mixin.py:188} INFO - [2024-04-13T16:17:37.256+0000] {dag.py:3954} INFO - Setting next_dagrun for example_short_circuit_operator to 2024-04-12 00:00:00+00:00, run_after=2024-04-13 00:00:00+00:00
[2024-04-13T16:17:37.264+0000] {processor.py:183} INFO - Processing /home/airflow/.local/lib/python3.12/site-packages/airflow/example_dags/example_short_circuit_operator.py took 0.057 seconds
[2024-04-13T16:18:07.879+0000] {processor.py:161} INFO - Started process (PID=687) to work on /home/airflow/.local/lib/python3.12/site-packages/airflow/example_dags/example_short_circuit_operator.py
[2024-04-13T16:18:07.881+0000] {processor.py:830} INFO - Processing file /home/airflow/.local/lib/python3.12/site-packages/airflow/example_dags/example_short_circuit_operator.py for tasks to queue
[2024-04-13T16:18:07.884+0000] {logging_mixin.py:188} INFO - [2024-04-13T16:18:07.883+0000] {dagbag.py:540} INFO - Filling up the DagBag from /home/airflow/.local/lib/python3.12/site-packages/airflow/example_dags/example_short_circuit_operator.py
[2024-04-13T16:18:07.888+0000] {processor.py:840} INFO - DAG(s) 'example_short_circuit_operator' retrieved from /home/airflow/.local/lib/python3.12/site-packages/airflow/example_dags/example_short_circuit_operator.py
[2024-04-13T16:18:07.904+0000] {logging_mixin.py:188} INFO - [2024-04-13T16:18:07.904+0000] {dag.py:3096} INFO - Sync 1 DAGs
[2024-04-13T16:18:07.916+0000] {logging_mixin.py:188} INFO - [2024-04-13T16:18:07.916+0000] {dag.py:3954} INFO - Setting next_dagrun for example_short_circuit_operator to 2024-04-12 00:00:00+00:00, run_after=2024-04-13 00:00:00+00:00
[2024-04-13T16:18:07.925+0000] {processor.py:183} INFO - Processing /home/airflow/.local/lib/python3.12/site-packages/airflow/example_dags/example_short_circuit_operator.py took 0.053 seconds
[2024-04-13T16:18:38.601+0000] {processor.py:161} INFO - Started process (PID=745) to work on /home/airflow/.local/lib/python3.12/site-packages/airflow/example_dags/example_short_circuit_operator.py
[2024-04-13T16:18:38.602+0000] {processor.py:830} INFO - Processing file /home/airflow/.local/lib/python3.12/site-packages/airflow/example_dags/example_short_circuit_operator.py for tasks to queue
[2024-04-13T16:18:38.604+0000] {logging_mixin.py:188} INFO - [2024-04-13T16:18:38.604+0000] {dagbag.py:540} INFO - Filling up the DagBag from /home/airflow/.local/lib/python3.12/site-packages/airflow/example_dags/example_short_circuit_operator.py
[2024-04-13T16:18:38.613+0000] {processor.py:840} INFO - DAG(s) 'example_short_circuit_operator' retrieved from /home/airflow/.local/lib/python3.12/site-packages/airflow/example_dags/example_short_circuit_operator.py
[2024-04-13T16:18:38.629+0000] {logging_mixin.py:188} INFO - [2024-04-13T16:18:38.629+0000] {dag.py:3096} INFO - Sync 1 DAGs
[2024-04-13T16:18:38.641+0000] {logging_mixin.py:188} INFO - [2024-04-13T16:18:38.641+0000] {dag.py:3954} INFO - Setting next_dagrun for example_short_circuit_operator to 2024-04-12 00:00:00+00:00, run_after=2024-04-13 00:00:00+00:00
[2024-04-13T16:18:38.649+0000] {processor.py:183} INFO - Processing /home/airflow/.local/lib/python3.12/site-packages/airflow/example_dags/example_short_circuit_operator.py took 0.056 seconds
[2024-04-13T16:19:09.263+0000] {processor.py:161} INFO - Started process (PID=802) to work on /home/airflow/.local/lib/python3.12/site-packages/airflow/example_dags/example_short_circuit_operator.py
[2024-04-13T16:19:09.265+0000] {processor.py:830} INFO - Processing file /home/airflow/.local/lib/python3.12/site-packages/airflow/example_dags/example_short_circuit_operator.py for tasks to queue
[2024-04-13T16:19:09.267+0000] {logging_mixin.py:188} INFO - [2024-04-13T16:19:09.267+0000] {dagbag.py:540} INFO - Filling up the DagBag from /home/airflow/.local/lib/python3.12/site-packages/airflow/example_dags/example_short_circuit_operator.py
[2024-04-13T16:19:09.276+0000] {processor.py:840} INFO - DAG(s) 'example_short_circuit_operator' retrieved from /home/airflow/.local/lib/python3.12/site-packages/airflow/example_dags/example_short_circuit_operator.py
[2024-04-13T16:19:09.294+0000] {logging_mixin.py:188} INFO - [2024-04-13T16:19:09.294+0000] {dag.py:3096} INFO - Sync 1 DAGs
[2024-04-13T16:19:09.306+0000] {logging_mixin.py:188} INFO - [2024-04-13T16:19:09.306+0000] {dag.py:3954} INFO - Setting next_dagrun for example_short_circuit_operator to 2024-04-12 00:00:00+00:00, run_after=2024-04-13 00:00:00+00:00
[2024-04-13T16:19:09.406+0000] {processor.py:183} INFO - Processing /home/airflow/.local/lib/python3.12/site-packages/airflow/example_dags/example_short_circuit_operator.py took 0.151 seconds
