[2024-04-13T16:12:31.976+0000] {processor.py:161} INFO - Started process (PID=68) to work on /home/airflow/.local/lib/python3.12/site-packages/airflow/example_dags/example_trigger_controller_dag.py
[2024-04-13T16:12:31.977+0000] {processor.py:830} INFO - Processing file /home/airflow/.local/lib/python3.12/site-packages/airflow/example_dags/example_trigger_controller_dag.py for tasks to queue
[2024-04-13T16:12:31.981+0000] {logging_mixin.py:188} INFO - [2024-04-13T16:12:31.980+0000] {dagbag.py:540} INFO - Filling up the DagBag from /home/airflow/.local/lib/python3.12/site-packages/airflow/example_dags/example_trigger_controller_dag.py
[2024-04-13T16:12:31.989+0000] {processor.py:840} INFO - DAG(s) 'example_trigger_controller_dag' retrieved from /home/airflow/.local/lib/python3.12/site-packages/airflow/example_dags/example_trigger_controller_dag.py
[2024-04-13T16:12:32.003+0000] {logging_mixin.py:188} INFO - [2024-04-13T16:12:32.003+0000] {dag.py:3096} INFO - Sync 1 DAGs
[2024-04-13T16:12:32.028+0000] {logging_mixin.py:188} INFO - [2024-04-13T16:12:32.028+0000] {dag.py:3954} INFO - Setting next_dagrun for example_trigger_controller_dag to 2021-01-01 00:00:00+00:00, run_after=2021-01-01 00:00:00+00:00
[2024-04-13T16:12:32.054+0000] {processor.py:183} INFO - Processing /home/airflow/.local/lib/python3.12/site-packages/airflow/example_dags/example_trigger_controller_dag.py took 0.083 seconds
[2024-04-13T16:13:02.689+0000] {processor.py:161} INFO - Started process (PID=126) to work on /home/airflow/.local/lib/python3.12/site-packages/airflow/example_dags/example_trigger_controller_dag.py
[2024-04-13T16:13:02.689+0000] {processor.py:830} INFO - Processing file /home/airflow/.local/lib/python3.12/site-packages/airflow/example_dags/example_trigger_controller_dag.py for tasks to queue
[2024-04-13T16:13:02.690+0000] {logging_mixin.py:188} INFO - [2024-04-13T16:13:02.690+0000] {dagbag.py:540} INFO - Filling up the DagBag from /home/airflow/.local/lib/python3.12/site-packages/airflow/example_dags/example_trigger_controller_dag.py
[2024-04-13T16:13:02.692+0000] {processor.py:840} INFO - DAG(s) 'example_trigger_controller_dag' retrieved from /home/airflow/.local/lib/python3.12/site-packages/airflow/example_dags/example_trigger_controller_dag.py
[2024-04-13T16:13:02.731+0000] {logging_mixin.py:188} INFO - [2024-04-13T16:13:02.731+0000] {dag.py:3096} INFO - Sync 1 DAGs
[2024-04-13T16:13:02.738+0000] {logging_mixin.py:188} INFO - [2024-04-13T16:13:02.738+0000] {dag.py:3954} INFO - Setting next_dagrun for example_trigger_controller_dag to 2021-01-01 00:00:00+00:00, run_after=2021-01-01 00:00:00+00:00
[2024-04-13T16:13:02.745+0000] {processor.py:183} INFO - Processing /home/airflow/.local/lib/python3.12/site-packages/airflow/example_dags/example_trigger_controller_dag.py took 0.058 seconds
[2024-04-13T16:13:33.333+0000] {processor.py:161} INFO - Started process (PID=184) to work on /home/airflow/.local/lib/python3.12/site-packages/airflow/example_dags/example_trigger_controller_dag.py
[2024-04-13T16:13:33.334+0000] {processor.py:830} INFO - Processing file /home/airflow/.local/lib/python3.12/site-packages/airflow/example_dags/example_trigger_controller_dag.py for tasks to queue
[2024-04-13T16:13:33.335+0000] {logging_mixin.py:188} INFO - [2024-04-13T16:13:33.334+0000] {dagbag.py:540} INFO - Filling up the DagBag from /home/airflow/.local/lib/python3.12/site-packages/airflow/example_dags/example_trigger_controller_dag.py
[2024-04-13T16:13:33.336+0000] {processor.py:840} INFO - DAG(s) 'example_trigger_controller_dag' retrieved from /home/airflow/.local/lib/python3.12/site-packages/airflow/example_dags/example_trigger_controller_dag.py
[2024-04-13T16:13:33.345+0000] {logging_mixin.py:188} INFO - [2024-04-13T16:13:33.345+0000] {dag.py:3096} INFO - Sync 1 DAGs
[2024-04-13T16:13:33.354+0000] {logging_mixin.py:188} INFO - [2024-04-13T16:13:33.354+0000] {dag.py:3954} INFO - Setting next_dagrun for example_trigger_controller_dag to 2021-01-01 00:00:00+00:00, run_after=2021-01-01 00:00:00+00:00
[2024-04-13T16:13:33.360+0000] {processor.py:183} INFO - Processing /home/airflow/.local/lib/python3.12/site-packages/airflow/example_dags/example_trigger_controller_dag.py took 0.029 seconds
[2024-04-13T16:14:03.869+0000] {processor.py:161} INFO - Started process (PID=242) to work on /home/airflow/.local/lib/python3.12/site-packages/airflow/example_dags/example_trigger_controller_dag.py
[2024-04-13T16:14:03.870+0000] {processor.py:830} INFO - Processing file /home/airflow/.local/lib/python3.12/site-packages/airflow/example_dags/example_trigger_controller_dag.py for tasks to queue
[2024-04-13T16:14:03.871+0000] {logging_mixin.py:188} INFO - [2024-04-13T16:14:03.870+0000] {dagbag.py:540} INFO - Filling up the DagBag from /home/airflow/.local/lib/python3.12/site-packages/airflow/example_dags/example_trigger_controller_dag.py
[2024-04-13T16:14:03.873+0000] {processor.py:840} INFO - DAG(s) 'example_trigger_controller_dag' retrieved from /home/airflow/.local/lib/python3.12/site-packages/airflow/example_dags/example_trigger_controller_dag.py
[2024-04-13T16:14:03.881+0000] {logging_mixin.py:188} INFO - [2024-04-13T16:14:03.881+0000] {dag.py:3096} INFO - Sync 1 DAGs
[2024-04-13T16:14:03.890+0000] {logging_mixin.py:188} INFO - [2024-04-13T16:14:03.890+0000] {dag.py:3954} INFO - Setting next_dagrun for example_trigger_controller_dag to 2021-01-01 00:00:00+00:00, run_after=2021-01-01 00:00:00+00:00
[2024-04-13T16:14:03.897+0000] {processor.py:183} INFO - Processing /home/airflow/.local/lib/python3.12/site-packages/airflow/example_dags/example_trigger_controller_dag.py took 0.029 seconds
[2024-04-13T16:14:34.302+0000] {processor.py:161} INFO - Started process (PID=300) to work on /home/airflow/.local/lib/python3.12/site-packages/airflow/example_dags/example_trigger_controller_dag.py
[2024-04-13T16:14:34.302+0000] {processor.py:830} INFO - Processing file /home/airflow/.local/lib/python3.12/site-packages/airflow/example_dags/example_trigger_controller_dag.py for tasks to queue
[2024-04-13T16:14:34.303+0000] {logging_mixin.py:188} INFO - [2024-04-13T16:14:34.303+0000] {dagbag.py:540} INFO - Filling up the DagBag from /home/airflow/.local/lib/python3.12/site-packages/airflow/example_dags/example_trigger_controller_dag.py
[2024-04-13T16:14:34.305+0000] {processor.py:840} INFO - DAG(s) 'example_trigger_controller_dag' retrieved from /home/airflow/.local/lib/python3.12/site-packages/airflow/example_dags/example_trigger_controller_dag.py
[2024-04-13T16:14:34.314+0000] {logging_mixin.py:188} INFO - [2024-04-13T16:14:34.314+0000] {dag.py:3096} INFO - Sync 1 DAGs
[2024-04-13T16:14:34.322+0000] {logging_mixin.py:188} INFO - [2024-04-13T16:14:34.322+0000] {dag.py:3954} INFO - Setting next_dagrun for example_trigger_controller_dag to 2021-01-01 00:00:00+00:00, run_after=2021-01-01 00:00:00+00:00
[2024-04-13T16:14:34.329+0000] {processor.py:183} INFO - Processing /home/airflow/.local/lib/python3.12/site-packages/airflow/example_dags/example_trigger_controller_dag.py took 0.029 seconds
[2024-04-13T16:15:04.795+0000] {processor.py:161} INFO - Started process (PID=358) to work on /home/airflow/.local/lib/python3.12/site-packages/airflow/example_dags/example_trigger_controller_dag.py
[2024-04-13T16:15:04.795+0000] {processor.py:830} INFO - Processing file /home/airflow/.local/lib/python3.12/site-packages/airflow/example_dags/example_trigger_controller_dag.py for tasks to queue
[2024-04-13T16:15:04.796+0000] {logging_mixin.py:188} INFO - [2024-04-13T16:15:04.796+0000] {dagbag.py:540} INFO - Filling up the DagBag from /home/airflow/.local/lib/python3.12/site-packages/airflow/example_dags/example_trigger_controller_dag.py
[2024-04-13T16:15:04.798+0000] {processor.py:840} INFO - DAG(s) 'example_trigger_controller_dag' retrieved from /home/airflow/.local/lib/python3.12/site-packages/airflow/example_dags/example_trigger_controller_dag.py
[2024-04-13T16:15:04.805+0000] {logging_mixin.py:188} INFO - [2024-04-13T16:15:04.805+0000] {dag.py:3096} INFO - Sync 1 DAGs
[2024-04-13T16:15:04.813+0000] {logging_mixin.py:188} INFO - [2024-04-13T16:15:04.813+0000] {dag.py:3954} INFO - Setting next_dagrun for example_trigger_controller_dag to 2021-01-01 00:00:00+00:00, run_after=2021-01-01 00:00:00+00:00
[2024-04-13T16:15:04.819+0000] {processor.py:183} INFO - Processing /home/airflow/.local/lib/python3.12/site-packages/airflow/example_dags/example_trigger_controller_dag.py took 0.027 seconds
[2024-04-13T16:15:35.306+0000] {processor.py:161} INFO - Started process (PID=416) to work on /home/airflow/.local/lib/python3.12/site-packages/airflow/example_dags/example_trigger_controller_dag.py
[2024-04-13T16:15:35.307+0000] {processor.py:830} INFO - Processing file /home/airflow/.local/lib/python3.12/site-packages/airflow/example_dags/example_trigger_controller_dag.py for tasks to queue
[2024-04-13T16:15:35.307+0000] {logging_mixin.py:188} INFO - [2024-04-13T16:15:35.307+0000] {dagbag.py:540} INFO - Filling up the DagBag from /home/airflow/.local/lib/python3.12/site-packages/airflow/example_dags/example_trigger_controller_dag.py
[2024-04-13T16:15:35.309+0000] {processor.py:840} INFO - DAG(s) 'example_trigger_controller_dag' retrieved from /home/airflow/.local/lib/python3.12/site-packages/airflow/example_dags/example_trigger_controller_dag.py
[2024-04-13T16:15:35.318+0000] {logging_mixin.py:188} INFO - [2024-04-13T16:15:35.318+0000] {dag.py:3096} INFO - Sync 1 DAGs
[2024-04-13T16:15:35.326+0000] {logging_mixin.py:188} INFO - [2024-04-13T16:15:35.326+0000] {dag.py:3954} INFO - Setting next_dagrun for example_trigger_controller_dag to 2021-01-01 00:00:00+00:00, run_after=2021-01-01 00:00:00+00:00
[2024-04-13T16:15:35.332+0000] {processor.py:183} INFO - Processing /home/airflow/.local/lib/python3.12/site-packages/airflow/example_dags/example_trigger_controller_dag.py took 0.028 seconds
[2024-04-13T16:16:05.838+0000] {processor.py:161} INFO - Started process (PID=474) to work on /home/airflow/.local/lib/python3.12/site-packages/airflow/example_dags/example_trigger_controller_dag.py
[2024-04-13T16:16:05.839+0000] {processor.py:830} INFO - Processing file /home/airflow/.local/lib/python3.12/site-packages/airflow/example_dags/example_trigger_controller_dag.py for tasks to queue
[2024-04-13T16:16:05.839+0000] {logging_mixin.py:188} INFO - [2024-04-13T16:16:05.839+0000] {dagbag.py:540} INFO - Filling up the DagBag from /home/airflow/.local/lib/python3.12/site-packages/airflow/example_dags/example_trigger_controller_dag.py
[2024-04-13T16:16:05.841+0000] {processor.py:840} INFO - DAG(s) 'example_trigger_controller_dag' retrieved from /home/airflow/.local/lib/python3.12/site-packages/airflow/example_dags/example_trigger_controller_dag.py
[2024-04-13T16:16:05.850+0000] {logging_mixin.py:188} INFO - [2024-04-13T16:16:05.850+0000] {dag.py:3096} INFO - Sync 1 DAGs
[2024-04-13T16:16:05.858+0000] {logging_mixin.py:188} INFO - [2024-04-13T16:16:05.858+0000] {dag.py:3954} INFO - Setting next_dagrun for example_trigger_controller_dag to 2021-01-01 00:00:00+00:00, run_after=2021-01-01 00:00:00+00:00
[2024-04-13T16:16:05.864+0000] {processor.py:183} INFO - Processing /home/airflow/.local/lib/python3.12/site-packages/airflow/example_dags/example_trigger_controller_dag.py took 0.028 seconds
[2024-04-13T16:16:36.510+0000] {processor.py:161} INFO - Started process (PID=532) to work on /home/airflow/.local/lib/python3.12/site-packages/airflow/example_dags/example_trigger_controller_dag.py
[2024-04-13T16:16:36.510+0000] {processor.py:830} INFO - Processing file /home/airflow/.local/lib/python3.12/site-packages/airflow/example_dags/example_trigger_controller_dag.py for tasks to queue
[2024-04-13T16:16:36.512+0000] {logging_mixin.py:188} INFO - [2024-04-13T16:16:36.511+0000] {dagbag.py:540} INFO - Filling up the DagBag from /home/airflow/.local/lib/python3.12/site-packages/airflow/example_dags/example_trigger_controller_dag.py
[2024-04-13T16:16:36.514+0000] {processor.py:840} INFO - DAG(s) 'example_trigger_controller_dag' retrieved from /home/airflow/.local/lib/python3.12/site-packages/airflow/example_dags/example_trigger_controller_dag.py
[2024-04-13T16:16:36.523+0000] {logging_mixin.py:188} INFO - [2024-04-13T16:16:36.523+0000] {dag.py:3096} INFO - Sync 1 DAGs
[2024-04-13T16:16:36.538+0000] {logging_mixin.py:188} INFO - [2024-04-13T16:16:36.537+0000] {dag.py:3954} INFO - Setting next_dagrun for example_trigger_controller_dag to 2021-01-01 00:00:00+00:00, run_after=2021-01-01 00:00:00+00:00
[2024-04-13T16:16:36.583+0000] {processor.py:183} INFO - Processing /home/airflow/.local/lib/python3.12/site-packages/airflow/example_dags/example_trigger_controller_dag.py took 0.076 seconds
[2024-04-13T16:17:07.087+0000] {processor.py:161} INFO - Started process (PID=590) to work on /home/airflow/.local/lib/python3.12/site-packages/airflow/example_dags/example_trigger_controller_dag.py
[2024-04-13T16:17:07.088+0000] {processor.py:830} INFO - Processing file /home/airflow/.local/lib/python3.12/site-packages/airflow/example_dags/example_trigger_controller_dag.py for tasks to queue
[2024-04-13T16:17:07.089+0000] {logging_mixin.py:188} INFO - [2024-04-13T16:17:07.089+0000] {dagbag.py:540} INFO - Filling up the DagBag from /home/airflow/.local/lib/python3.12/site-packages/airflow/example_dags/example_trigger_controller_dag.py
[2024-04-13T16:17:07.091+0000] {processor.py:840} INFO - DAG(s) 'example_trigger_controller_dag' retrieved from /home/airflow/.local/lib/python3.12/site-packages/airflow/example_dags/example_trigger_controller_dag.py
[2024-04-13T16:17:07.099+0000] {logging_mixin.py:188} INFO - [2024-04-13T16:17:07.099+0000] {dag.py:3096} INFO - Sync 1 DAGs
[2024-04-13T16:17:07.107+0000] {logging_mixin.py:188} INFO - [2024-04-13T16:17:07.107+0000] {dag.py:3954} INFO - Setting next_dagrun for example_trigger_controller_dag to 2021-01-01 00:00:00+00:00, run_after=2021-01-01 00:00:00+00:00
[2024-04-13T16:17:07.113+0000] {processor.py:183} INFO - Processing /home/airflow/.local/lib/python3.12/site-packages/airflow/example_dags/example_trigger_controller_dag.py took 0.028 seconds
[2024-04-13T16:17:37.688+0000] {processor.py:161} INFO - Started process (PID=648) to work on /home/airflow/.local/lib/python3.12/site-packages/airflow/example_dags/example_trigger_controller_dag.py
[2024-04-13T16:17:37.688+0000] {processor.py:830} INFO - Processing file /home/airflow/.local/lib/python3.12/site-packages/airflow/example_dags/example_trigger_controller_dag.py for tasks to queue
[2024-04-13T16:17:37.689+0000] {logging_mixin.py:188} INFO - [2024-04-13T16:17:37.689+0000] {dagbag.py:540} INFO - Filling up the DagBag from /home/airflow/.local/lib/python3.12/site-packages/airflow/example_dags/example_trigger_controller_dag.py
[2024-04-13T16:17:37.692+0000] {processor.py:840} INFO - DAG(s) 'example_trigger_controller_dag' retrieved from /home/airflow/.local/lib/python3.12/site-packages/airflow/example_dags/example_trigger_controller_dag.py
[2024-04-13T16:17:37.705+0000] {logging_mixin.py:188} INFO - [2024-04-13T16:17:37.705+0000] {dag.py:3096} INFO - Sync 1 DAGs
[2024-04-13T16:17:37.714+0000] {logging_mixin.py:188} INFO - [2024-04-13T16:17:37.714+0000] {dag.py:3954} INFO - Setting next_dagrun for example_trigger_controller_dag to 2021-01-01 00:00:00+00:00, run_after=2021-01-01 00:00:00+00:00
[2024-04-13T16:17:37.725+0000] {processor.py:183} INFO - Processing /home/airflow/.local/lib/python3.12/site-packages/airflow/example_dags/example_trigger_controller_dag.py took 0.040 seconds
[2024-04-13T16:18:08.338+0000] {processor.py:161} INFO - Started process (PID=706) to work on /home/airflow/.local/lib/python3.12/site-packages/airflow/example_dags/example_trigger_controller_dag.py
[2024-04-13T16:18:08.339+0000] {processor.py:830} INFO - Processing file /home/airflow/.local/lib/python3.12/site-packages/airflow/example_dags/example_trigger_controller_dag.py for tasks to queue
[2024-04-13T16:18:08.339+0000] {logging_mixin.py:188} INFO - [2024-04-13T16:18:08.339+0000] {dagbag.py:540} INFO - Filling up the DagBag from /home/airflow/.local/lib/python3.12/site-packages/airflow/example_dags/example_trigger_controller_dag.py
[2024-04-13T16:18:08.341+0000] {processor.py:840} INFO - DAG(s) 'example_trigger_controller_dag' retrieved from /home/airflow/.local/lib/python3.12/site-packages/airflow/example_dags/example_trigger_controller_dag.py
[2024-04-13T16:18:08.350+0000] {logging_mixin.py:188} INFO - [2024-04-13T16:18:08.350+0000] {dag.py:3096} INFO - Sync 1 DAGs
[2024-04-13T16:18:08.359+0000] {logging_mixin.py:188} INFO - [2024-04-13T16:18:08.359+0000] {dag.py:3954} INFO - Setting next_dagrun for example_trigger_controller_dag to 2021-01-01 00:00:00+00:00, run_after=2021-01-01 00:00:00+00:00
[2024-04-13T16:18:08.365+0000] {processor.py:183} INFO - Processing /home/airflow/.local/lib/python3.12/site-packages/airflow/example_dags/example_trigger_controller_dag.py took 0.029 seconds
[2024-04-13T16:18:39.038+0000] {processor.py:161} INFO - Started process (PID=764) to work on /home/airflow/.local/lib/python3.12/site-packages/airflow/example_dags/example_trigger_controller_dag.py
[2024-04-13T16:18:39.038+0000] {processor.py:830} INFO - Processing file /home/airflow/.local/lib/python3.12/site-packages/airflow/example_dags/example_trigger_controller_dag.py for tasks to queue
[2024-04-13T16:18:39.039+0000] {logging_mixin.py:188} INFO - [2024-04-13T16:18:39.039+0000] {dagbag.py:540} INFO - Filling up the DagBag from /home/airflow/.local/lib/python3.12/site-packages/airflow/example_dags/example_trigger_controller_dag.py
[2024-04-13T16:18:39.041+0000] {processor.py:840} INFO - DAG(s) 'example_trigger_controller_dag' retrieved from /home/airflow/.local/lib/python3.12/site-packages/airflow/example_dags/example_trigger_controller_dag.py
[2024-04-13T16:18:39.050+0000] {logging_mixin.py:188} INFO - [2024-04-13T16:18:39.050+0000] {dag.py:3096} INFO - Sync 1 DAGs
[2024-04-13T16:18:39.058+0000] {logging_mixin.py:188} INFO - [2024-04-13T16:18:39.058+0000] {dag.py:3954} INFO - Setting next_dagrun for example_trigger_controller_dag to 2021-01-01 00:00:00+00:00, run_after=2021-01-01 00:00:00+00:00
[2024-04-13T16:18:39.065+0000] {processor.py:183} INFO - Processing /home/airflow/.local/lib/python3.12/site-packages/airflow/example_dags/example_trigger_controller_dag.py took 0.029 seconds
[2024-04-13T16:19:09.984+0000] {processor.py:161} INFO - Started process (PID=821) to work on /home/airflow/.local/lib/python3.12/site-packages/airflow/example_dags/example_trigger_controller_dag.py
[2024-04-13T16:19:09.985+0000] {processor.py:830} INFO - Processing file /home/airflow/.local/lib/python3.12/site-packages/airflow/example_dags/example_trigger_controller_dag.py for tasks to queue
[2024-04-13T16:19:09.986+0000] {logging_mixin.py:188} INFO - [2024-04-13T16:19:09.985+0000] {dagbag.py:540} INFO - Filling up the DagBag from /home/airflow/.local/lib/python3.12/site-packages/airflow/example_dags/example_trigger_controller_dag.py
[2024-04-13T16:19:09.988+0000] {processor.py:840} INFO - DAG(s) 'example_trigger_controller_dag' retrieved from /home/airflow/.local/lib/python3.12/site-packages/airflow/example_dags/example_trigger_controller_dag.py
[2024-04-13T16:19:09.997+0000] {logging_mixin.py:188} INFO - [2024-04-13T16:19:09.997+0000] {dag.py:3096} INFO - Sync 1 DAGs
[2024-04-13T16:19:10.005+0000] {logging_mixin.py:188} INFO - [2024-04-13T16:19:10.005+0000] {dag.py:3954} INFO - Setting next_dagrun for example_trigger_controller_dag to 2021-01-01 00:00:00+00:00, run_after=2021-01-01 00:00:00+00:00
[2024-04-13T16:19:10.012+0000] {processor.py:183} INFO - Processing /home/airflow/.local/lib/python3.12/site-packages/airflow/example_dags/example_trigger_controller_dag.py took 0.030 seconds
[2024-04-13T16:19:41.306+0000] {processor.py:161} INFO - Started process (PID=879) to work on /home/airflow/.local/lib/python3.12/site-packages/airflow/example_dags/example_trigger_controller_dag.py
[2024-04-13T16:19:41.306+0000] {processor.py:830} INFO - Processing file /home/airflow/.local/lib/python3.12/site-packages/airflow/example_dags/example_trigger_controller_dag.py for tasks to queue
[2024-04-13T16:19:41.307+0000] {logging_mixin.py:188} INFO - [2024-04-13T16:19:41.307+0000] {dagbag.py:540} INFO - Filling up the DagBag from /home/airflow/.local/lib/python3.12/site-packages/airflow/example_dags/example_trigger_controller_dag.py
[2024-04-13T16:19:41.310+0000] {processor.py:840} INFO - DAG(s) 'example_trigger_controller_dag' retrieved from /home/airflow/.local/lib/python3.12/site-packages/airflow/example_dags/example_trigger_controller_dag.py
[2024-04-13T16:19:41.320+0000] {logging_mixin.py:188} INFO - [2024-04-13T16:19:41.320+0000] {dag.py:3096} INFO - Sync 1 DAGs
[2024-04-13T16:19:41.330+0000] {logging_mixin.py:188} INFO - [2024-04-13T16:19:41.329+0000] {dag.py:3954} INFO - Setting next_dagrun for example_trigger_controller_dag to 2021-01-01 00:00:00+00:00, run_after=2021-01-01 00:00:00+00:00
[2024-04-13T16:19:41.337+0000] {processor.py:183} INFO - Processing /home/airflow/.local/lib/python3.12/site-packages/airflow/example_dags/example_trigger_controller_dag.py took 0.034 seconds
[2024-04-13T16:20:12.104+0000] {processor.py:161} INFO - Started process (PID=937) to work on /home/airflow/.local/lib/python3.12/site-packages/airflow/example_dags/example_trigger_controller_dag.py
[2024-04-13T16:20:12.105+0000] {processor.py:830} INFO - Processing file /home/airflow/.local/lib/python3.12/site-packages/airflow/example_dags/example_trigger_controller_dag.py for tasks to queue
[2024-04-13T16:20:12.106+0000] {logging_mixin.py:188} INFO - [2024-04-13T16:20:12.106+0000] {dagbag.py:540} INFO - Filling up the DagBag from /home/airflow/.local/lib/python3.12/site-packages/airflow/example_dags/example_trigger_controller_dag.py
[2024-04-13T16:20:12.108+0000] {processor.py:840} INFO - DAG(s) 'example_trigger_controller_dag' retrieved from /home/airflow/.local/lib/python3.12/site-packages/airflow/example_dags/example_trigger_controller_dag.py
[2024-04-13T16:20:12.117+0000] {logging_mixin.py:188} INFO - [2024-04-13T16:20:12.117+0000] {dag.py:3096} INFO - Sync 1 DAGs
[2024-04-13T16:20:12.125+0000] {logging_mixin.py:188} INFO - [2024-04-13T16:20:12.125+0000] {dag.py:3954} INFO - Setting next_dagrun for example_trigger_controller_dag to 2021-01-01 00:00:00+00:00, run_after=2021-01-01 00:00:00+00:00
[2024-04-13T16:20:12.215+0000] {processor.py:183} INFO - Processing /home/airflow/.local/lib/python3.12/site-packages/airflow/example_dags/example_trigger_controller_dag.py took 0.113 seconds
[2024-04-13T16:20:43.135+0000] {processor.py:161} INFO - Started process (PID=995) to work on /home/airflow/.local/lib/python3.12/site-packages/airflow/example_dags/example_trigger_controller_dag.py
[2024-04-13T16:20:43.136+0000] {processor.py:830} INFO - Processing file /home/airflow/.local/lib/python3.12/site-packages/airflow/example_dags/example_trigger_controller_dag.py for tasks to queue
[2024-04-13T16:20:43.137+0000] {logging_mixin.py:188} INFO - [2024-04-13T16:20:43.137+0000] {dagbag.py:540} INFO - Filling up the DagBag from /home/airflow/.local/lib/python3.12/site-packages/airflow/example_dags/example_trigger_controller_dag.py
[2024-04-13T16:20:43.140+0000] {processor.py:840} INFO - DAG(s) 'example_trigger_controller_dag' retrieved from /home/airflow/.local/lib/python3.12/site-packages/airflow/example_dags/example_trigger_controller_dag.py
[2024-04-13T16:20:43.149+0000] {logging_mixin.py:188} INFO - [2024-04-13T16:20:43.148+0000] {dag.py:3096} INFO - Sync 1 DAGs
[2024-04-13T16:20:43.157+0000] {logging_mixin.py:188} INFO - [2024-04-13T16:20:43.157+0000] {dag.py:3954} INFO - Setting next_dagrun for example_trigger_controller_dag to 2021-01-01 00:00:00+00:00, run_after=2021-01-01 00:00:00+00:00
[2024-04-13T16:20:43.164+0000] {processor.py:183} INFO - Processing /home/airflow/.local/lib/python3.12/site-packages/airflow/example_dags/example_trigger_controller_dag.py took 0.032 seconds
[2024-04-13T16:21:13.209+0000] {processor.py:161} INFO - Started process (PID=1053) to work on /home/airflow/.local/lib/python3.12/site-packages/airflow/example_dags/example_trigger_controller_dag.py
[2024-04-13T16:21:13.209+0000] {processor.py:830} INFO - Processing file /home/airflow/.local/lib/python3.12/site-packages/airflow/example_dags/example_trigger_controller_dag.py for tasks to queue
[2024-04-13T16:21:13.210+0000] {logging_mixin.py:188} INFO - [2024-04-13T16:21:13.210+0000] {dagbag.py:540} INFO - Filling up the DagBag from /home/airflow/.local/lib/python3.12/site-packages/airflow/example_dags/example_trigger_controller_dag.py
[2024-04-13T16:21:13.212+0000] {processor.py:840} INFO - DAG(s) 'example_trigger_controller_dag' retrieved from /home/airflow/.local/lib/python3.12/site-packages/airflow/example_dags/example_trigger_controller_dag.py
[2024-04-13T16:21:13.221+0000] {logging_mixin.py:188} INFO - [2024-04-13T16:21:13.221+0000] {dag.py:3096} INFO - Sync 1 DAGs
[2024-04-13T16:21:13.229+0000] {logging_mixin.py:188} INFO - [2024-04-13T16:21:13.229+0000] {dag.py:3954} INFO - Setting next_dagrun for example_trigger_controller_dag to 2021-01-01 00:00:00+00:00, run_after=2021-01-01 00:00:00+00:00
[2024-04-13T16:21:13.236+0000] {processor.py:183} INFO - Processing /home/airflow/.local/lib/python3.12/site-packages/airflow/example_dags/example_trigger_controller_dag.py took 0.029 seconds
[2024-04-13T16:21:43.990+0000] {processor.py:161} INFO - Started process (PID=1111) to work on /home/airflow/.local/lib/python3.12/site-packages/airflow/example_dags/example_trigger_controller_dag.py
[2024-04-13T16:21:43.990+0000] {processor.py:830} INFO - Processing file /home/airflow/.local/lib/python3.12/site-packages/airflow/example_dags/example_trigger_controller_dag.py for tasks to queue
[2024-04-13T16:21:43.991+0000] {logging_mixin.py:188} INFO - [2024-04-13T16:21:43.991+0000] {dagbag.py:540} INFO - Filling up the DagBag from /home/airflow/.local/lib/python3.12/site-packages/airflow/example_dags/example_trigger_controller_dag.py
[2024-04-13T16:21:43.993+0000] {processor.py:840} INFO - DAG(s) 'example_trigger_controller_dag' retrieved from /home/airflow/.local/lib/python3.12/site-packages/airflow/example_dags/example_trigger_controller_dag.py
[2024-04-13T16:21:44.003+0000] {logging_mixin.py:188} INFO - [2024-04-13T16:21:44.002+0000] {dag.py:3096} INFO - Sync 1 DAGs
[2024-04-13T16:21:44.011+0000] {logging_mixin.py:188} INFO - [2024-04-13T16:21:44.011+0000] {dag.py:3954} INFO - Setting next_dagrun for example_trigger_controller_dag to 2021-01-01 00:00:00+00:00, run_after=2021-01-01 00:00:00+00:00
[2024-04-13T16:21:44.017+0000] {processor.py:183} INFO - Processing /home/airflow/.local/lib/python3.12/site-packages/airflow/example_dags/example_trigger_controller_dag.py took 0.030 seconds
[2024-04-13T16:22:14.562+0000] {processor.py:161} INFO - Started process (PID=1169) to work on /home/airflow/.local/lib/python3.12/site-packages/airflow/example_dags/example_trigger_controller_dag.py
[2024-04-13T16:22:14.562+0000] {processor.py:830} INFO - Processing file /home/airflow/.local/lib/python3.12/site-packages/airflow/example_dags/example_trigger_controller_dag.py for tasks to queue
[2024-04-13T16:22:14.563+0000] {logging_mixin.py:188} INFO - [2024-04-13T16:22:14.563+0000] {dagbag.py:540} INFO - Filling up the DagBag from /home/airflow/.local/lib/python3.12/site-packages/airflow/example_dags/example_trigger_controller_dag.py
[2024-04-13T16:22:14.566+0000] {processor.py:840} INFO - DAG(s) 'example_trigger_controller_dag' retrieved from /home/airflow/.local/lib/python3.12/site-packages/airflow/example_dags/example_trigger_controller_dag.py
[2024-04-13T16:22:14.575+0000] {logging_mixin.py:188} INFO - [2024-04-13T16:22:14.575+0000] {dag.py:3096} INFO - Sync 1 DAGs
[2024-04-13T16:22:14.583+0000] {logging_mixin.py:188} INFO - [2024-04-13T16:22:14.583+0000] {dag.py:3954} INFO - Setting next_dagrun for example_trigger_controller_dag to 2021-01-01 00:00:00+00:00, run_after=2021-01-01 00:00:00+00:00
[2024-04-13T16:22:14.589+0000] {processor.py:183} INFO - Processing /home/airflow/.local/lib/python3.12/site-packages/airflow/example_dags/example_trigger_controller_dag.py took 0.030 seconds
[2024-04-13T16:22:45.143+0000] {processor.py:161} INFO - Started process (PID=1227) to work on /home/airflow/.local/lib/python3.12/site-packages/airflow/example_dags/example_trigger_controller_dag.py
[2024-04-13T16:22:45.143+0000] {processor.py:830} INFO - Processing file /home/airflow/.local/lib/python3.12/site-packages/airflow/example_dags/example_trigger_controller_dag.py for tasks to queue
[2024-04-13T16:22:45.144+0000] {logging_mixin.py:188} INFO - [2024-04-13T16:22:45.144+0000] {dagbag.py:540} INFO - Filling up the DagBag from /home/airflow/.local/lib/python3.12/site-packages/airflow/example_dags/example_trigger_controller_dag.py
[2024-04-13T16:22:45.146+0000] {processor.py:840} INFO - DAG(s) 'example_trigger_controller_dag' retrieved from /home/airflow/.local/lib/python3.12/site-packages/airflow/example_dags/example_trigger_controller_dag.py
[2024-04-13T16:22:45.154+0000] {logging_mixin.py:188} INFO - [2024-04-13T16:22:45.154+0000] {dag.py:3096} INFO - Sync 1 DAGs
[2024-04-13T16:22:45.162+0000] {logging_mixin.py:188} INFO - [2024-04-13T16:22:45.162+0000] {dag.py:3954} INFO - Setting next_dagrun for example_trigger_controller_dag to 2021-01-01 00:00:00+00:00, run_after=2021-01-01 00:00:00+00:00
[2024-04-13T16:22:45.168+0000] {processor.py:183} INFO - Processing /home/airflow/.local/lib/python3.12/site-packages/airflow/example_dags/example_trigger_controller_dag.py took 0.028 seconds
[2024-04-13T16:23:15.816+0000] {processor.py:161} INFO - Started process (PID=1285) to work on /home/airflow/.local/lib/python3.12/site-packages/airflow/example_dags/example_trigger_controller_dag.py
[2024-04-13T16:23:15.816+0000] {processor.py:830} INFO - Processing file /home/airflow/.local/lib/python3.12/site-packages/airflow/example_dags/example_trigger_controller_dag.py for tasks to queue
[2024-04-13T16:23:15.817+0000] {logging_mixin.py:188} INFO - [2024-04-13T16:23:15.817+0000] {dagbag.py:540} INFO - Filling up the DagBag from /home/airflow/.local/lib/python3.12/site-packages/airflow/example_dags/example_trigger_controller_dag.py
[2024-04-13T16:23:15.819+0000] {processor.py:840} INFO - DAG(s) 'example_trigger_controller_dag' retrieved from /home/airflow/.local/lib/python3.12/site-packages/airflow/example_dags/example_trigger_controller_dag.py
[2024-04-13T16:23:15.827+0000] {logging_mixin.py:188} INFO - [2024-04-13T16:23:15.827+0000] {dag.py:3096} INFO - Sync 1 DAGs
[2024-04-13T16:23:15.835+0000] {logging_mixin.py:188} INFO - [2024-04-13T16:23:15.835+0000] {dag.py:3954} INFO - Setting next_dagrun for example_trigger_controller_dag to 2021-01-01 00:00:00+00:00, run_after=2021-01-01 00:00:00+00:00
[2024-04-13T16:23:15.842+0000] {processor.py:183} INFO - Processing /home/airflow/.local/lib/python3.12/site-packages/airflow/example_dags/example_trigger_controller_dag.py took 0.029 seconds
[2024-04-13T16:23:46.364+0000] {processor.py:161} INFO - Started process (PID=1343) to work on /home/airflow/.local/lib/python3.12/site-packages/airflow/example_dags/example_trigger_controller_dag.py
[2024-04-13T16:23:46.365+0000] {processor.py:830} INFO - Processing file /home/airflow/.local/lib/python3.12/site-packages/airflow/example_dags/example_trigger_controller_dag.py for tasks to queue
[2024-04-13T16:23:46.366+0000] {logging_mixin.py:188} INFO - [2024-04-13T16:23:46.365+0000] {dagbag.py:540} INFO - Filling up the DagBag from /home/airflow/.local/lib/python3.12/site-packages/airflow/example_dags/example_trigger_controller_dag.py
[2024-04-13T16:23:46.368+0000] {processor.py:840} INFO - DAG(s) 'example_trigger_controller_dag' retrieved from /home/airflow/.local/lib/python3.12/site-packages/airflow/example_dags/example_trigger_controller_dag.py
[2024-04-13T16:23:46.376+0000] {logging_mixin.py:188} INFO - [2024-04-13T16:23:46.376+0000] {dag.py:3096} INFO - Sync 1 DAGs
[2024-04-13T16:23:46.384+0000] {logging_mixin.py:188} INFO - [2024-04-13T16:23:46.383+0000] {dag.py:3954} INFO - Setting next_dagrun for example_trigger_controller_dag to 2021-01-01 00:00:00+00:00, run_after=2021-01-01 00:00:00+00:00
[2024-04-13T16:23:46.390+0000] {processor.py:183} INFO - Processing /home/airflow/.local/lib/python3.12/site-packages/airflow/example_dags/example_trigger_controller_dag.py took 0.028 seconds
[2024-04-13T16:24:16.992+0000] {processor.py:161} INFO - Started process (PID=1401) to work on /home/airflow/.local/lib/python3.12/site-packages/airflow/example_dags/example_trigger_controller_dag.py
[2024-04-13T16:24:16.992+0000] {processor.py:830} INFO - Processing file /home/airflow/.local/lib/python3.12/site-packages/airflow/example_dags/example_trigger_controller_dag.py for tasks to queue
[2024-04-13T16:24:16.993+0000] {logging_mixin.py:188} INFO - [2024-04-13T16:24:16.993+0000] {dagbag.py:540} INFO - Filling up the DagBag from /home/airflow/.local/lib/python3.12/site-packages/airflow/example_dags/example_trigger_controller_dag.py
[2024-04-13T16:24:16.995+0000] {processor.py:840} INFO - DAG(s) 'example_trigger_controller_dag' retrieved from /home/airflow/.local/lib/python3.12/site-packages/airflow/example_dags/example_trigger_controller_dag.py
[2024-04-13T16:24:17.004+0000] {logging_mixin.py:188} INFO - [2024-04-13T16:24:17.003+0000] {dag.py:3096} INFO - Sync 1 DAGs
[2024-04-13T16:24:17.012+0000] {logging_mixin.py:188} INFO - [2024-04-13T16:24:17.012+0000] {dag.py:3954} INFO - Setting next_dagrun for example_trigger_controller_dag to 2021-01-01 00:00:00+00:00, run_after=2021-01-01 00:00:00+00:00
[2024-04-13T16:24:17.018+0000] {processor.py:183} INFO - Processing /home/airflow/.local/lib/python3.12/site-packages/airflow/example_dags/example_trigger_controller_dag.py took 0.029 seconds
[2024-04-13T16:24:47.475+0000] {processor.py:161} INFO - Started process (PID=1459) to work on /home/airflow/.local/lib/python3.12/site-packages/airflow/example_dags/example_trigger_controller_dag.py
[2024-04-13T16:24:47.476+0000] {processor.py:830} INFO - Processing file /home/airflow/.local/lib/python3.12/site-packages/airflow/example_dags/example_trigger_controller_dag.py for tasks to queue
[2024-04-13T16:24:47.476+0000] {logging_mixin.py:188} INFO - [2024-04-13T16:24:47.476+0000] {dagbag.py:540} INFO - Filling up the DagBag from /home/airflow/.local/lib/python3.12/site-packages/airflow/example_dags/example_trigger_controller_dag.py
[2024-04-13T16:24:47.479+0000] {processor.py:840} INFO - DAG(s) 'example_trigger_controller_dag' retrieved from /home/airflow/.local/lib/python3.12/site-packages/airflow/example_dags/example_trigger_controller_dag.py
[2024-04-13T16:24:47.488+0000] {logging_mixin.py:188} INFO - [2024-04-13T16:24:47.488+0000] {dag.py:3096} INFO - Sync 1 DAGs
[2024-04-13T16:24:47.497+0000] {logging_mixin.py:188} INFO - [2024-04-13T16:24:47.497+0000] {dag.py:3954} INFO - Setting next_dagrun for example_trigger_controller_dag to 2021-01-01 00:00:00+00:00, run_after=2021-01-01 00:00:00+00:00
[2024-04-13T16:24:47.504+0000] {processor.py:183} INFO - Processing /home/airflow/.local/lib/python3.12/site-packages/airflow/example_dags/example_trigger_controller_dag.py took 0.031 seconds
[2024-04-13T16:25:18.111+0000] {processor.py:161} INFO - Started process (PID=1523) to work on /home/airflow/.local/lib/python3.12/site-packages/airflow/example_dags/example_trigger_controller_dag.py
[2024-04-13T16:25:18.112+0000] {processor.py:830} INFO - Processing file /home/airflow/.local/lib/python3.12/site-packages/airflow/example_dags/example_trigger_controller_dag.py for tasks to queue
[2024-04-13T16:25:18.113+0000] {logging_mixin.py:188} INFO - [2024-04-13T16:25:18.113+0000] {dagbag.py:540} INFO - Filling up the DagBag from /home/airflow/.local/lib/python3.12/site-packages/airflow/example_dags/example_trigger_controller_dag.py
[2024-04-13T16:25:18.116+0000] {processor.py:840} INFO - DAG(s) 'example_trigger_controller_dag' retrieved from /home/airflow/.local/lib/python3.12/site-packages/airflow/example_dags/example_trigger_controller_dag.py
[2024-04-13T16:25:18.126+0000] {logging_mixin.py:188} INFO - [2024-04-13T16:25:18.125+0000] {dag.py:3096} INFO - Sync 1 DAGs
[2024-04-13T16:25:18.135+0000] {logging_mixin.py:188} INFO - [2024-04-13T16:25:18.135+0000] {dag.py:3954} INFO - Setting next_dagrun for example_trigger_controller_dag to 2021-01-01 00:00:00+00:00, run_after=2021-01-01 00:00:00+00:00
[2024-04-13T16:25:18.142+0000] {processor.py:183} INFO - Processing /home/airflow/.local/lib/python3.12/site-packages/airflow/example_dags/example_trigger_controller_dag.py took 0.035 seconds
[2024-04-13T16:25:48.737+0000] {processor.py:161} INFO - Started process (PID=1581) to work on /home/airflow/.local/lib/python3.12/site-packages/airflow/example_dags/example_trigger_controller_dag.py
[2024-04-13T16:25:48.737+0000] {processor.py:830} INFO - Processing file /home/airflow/.local/lib/python3.12/site-packages/airflow/example_dags/example_trigger_controller_dag.py for tasks to queue
[2024-04-13T16:25:48.738+0000] {logging_mixin.py:188} INFO - [2024-04-13T16:25:48.738+0000] {dagbag.py:540} INFO - Filling up the DagBag from /home/airflow/.local/lib/python3.12/site-packages/airflow/example_dags/example_trigger_controller_dag.py
[2024-04-13T16:25:48.740+0000] {processor.py:840} INFO - DAG(s) 'example_trigger_controller_dag' retrieved from /home/airflow/.local/lib/python3.12/site-packages/airflow/example_dags/example_trigger_controller_dag.py
[2024-04-13T16:25:48.749+0000] {logging_mixin.py:188} INFO - [2024-04-13T16:25:48.749+0000] {dag.py:3096} INFO - Sync 1 DAGs
[2024-04-13T16:25:48.758+0000] {logging_mixin.py:188} INFO - [2024-04-13T16:25:48.757+0000] {dag.py:3954} INFO - Setting next_dagrun for example_trigger_controller_dag to 2021-01-01 00:00:00+00:00, run_after=2021-01-01 00:00:00+00:00
[2024-04-13T16:25:48.764+0000] {processor.py:183} INFO - Processing /home/airflow/.local/lib/python3.12/site-packages/airflow/example_dags/example_trigger_controller_dag.py took 0.030 seconds
[2024-04-13T16:26:19.269+0000] {processor.py:161} INFO - Started process (PID=1639) to work on /home/airflow/.local/lib/python3.12/site-packages/airflow/example_dags/example_trigger_controller_dag.py
[2024-04-13T16:26:19.269+0000] {processor.py:830} INFO - Processing file /home/airflow/.local/lib/python3.12/site-packages/airflow/example_dags/example_trigger_controller_dag.py for tasks to queue
[2024-04-13T16:26:19.270+0000] {logging_mixin.py:188} INFO - [2024-04-13T16:26:19.270+0000] {dagbag.py:540} INFO - Filling up the DagBag from /home/airflow/.local/lib/python3.12/site-packages/airflow/example_dags/example_trigger_controller_dag.py
[2024-04-13T16:26:19.272+0000] {processor.py:840} INFO - DAG(s) 'example_trigger_controller_dag' retrieved from /home/airflow/.local/lib/python3.12/site-packages/airflow/example_dags/example_trigger_controller_dag.py
[2024-04-13T16:26:19.280+0000] {logging_mixin.py:188} INFO - [2024-04-13T16:26:19.280+0000] {dag.py:3096} INFO - Sync 1 DAGs
[2024-04-13T16:26:19.288+0000] {logging_mixin.py:188} INFO - [2024-04-13T16:26:19.288+0000] {dag.py:3954} INFO - Setting next_dagrun for example_trigger_controller_dag to 2021-01-01 00:00:00+00:00, run_after=2021-01-01 00:00:00+00:00
[2024-04-13T16:26:19.295+0000] {processor.py:183} INFO - Processing /home/airflow/.local/lib/python3.12/site-packages/airflow/example_dags/example_trigger_controller_dag.py took 0.029 seconds
[2024-04-13T16:26:49.803+0000] {processor.py:161} INFO - Started process (PID=1697) to work on /home/airflow/.local/lib/python3.12/site-packages/airflow/example_dags/example_trigger_controller_dag.py
[2024-04-13T16:26:49.804+0000] {processor.py:830} INFO - Processing file /home/airflow/.local/lib/python3.12/site-packages/airflow/example_dags/example_trigger_controller_dag.py for tasks to queue
[2024-04-13T16:26:49.805+0000] {logging_mixin.py:188} INFO - [2024-04-13T16:26:49.805+0000] {dagbag.py:540} INFO - Filling up the DagBag from /home/airflow/.local/lib/python3.12/site-packages/airflow/example_dags/example_trigger_controller_dag.py
[2024-04-13T16:26:49.807+0000] {processor.py:840} INFO - DAG(s) 'example_trigger_controller_dag' retrieved from /home/airflow/.local/lib/python3.12/site-packages/airflow/example_dags/example_trigger_controller_dag.py
[2024-04-13T16:26:49.817+0000] {logging_mixin.py:188} INFO - [2024-04-13T16:26:49.817+0000] {dag.py:3096} INFO - Sync 1 DAGs
[2024-04-13T16:26:49.826+0000] {logging_mixin.py:188} INFO - [2024-04-13T16:26:49.826+0000] {dag.py:3954} INFO - Setting next_dagrun for example_trigger_controller_dag to 2021-01-01 00:00:00+00:00, run_after=2021-01-01 00:00:00+00:00
[2024-04-13T16:26:49.834+0000] {processor.py:183} INFO - Processing /home/airflow/.local/lib/python3.12/site-packages/airflow/example_dags/example_trigger_controller_dag.py took 0.034 seconds
[2024-04-13T16:27:20.603+0000] {processor.py:161} INFO - Started process (PID=1755) to work on /home/airflow/.local/lib/python3.12/site-packages/airflow/example_dags/example_trigger_controller_dag.py
[2024-04-13T16:27:20.604+0000] {processor.py:830} INFO - Processing file /home/airflow/.local/lib/python3.12/site-packages/airflow/example_dags/example_trigger_controller_dag.py for tasks to queue
[2024-04-13T16:27:20.605+0000] {logging_mixin.py:188} INFO - [2024-04-13T16:27:20.605+0000] {dagbag.py:540} INFO - Filling up the DagBag from /home/airflow/.local/lib/python3.12/site-packages/airflow/example_dags/example_trigger_controller_dag.py
[2024-04-13T16:27:20.608+0000] {processor.py:840} INFO - DAG(s) 'example_trigger_controller_dag' retrieved from /home/airflow/.local/lib/python3.12/site-packages/airflow/example_dags/example_trigger_controller_dag.py
[2024-04-13T16:27:20.618+0000] {logging_mixin.py:188} INFO - [2024-04-13T16:27:20.618+0000] {dag.py:3096} INFO - Sync 1 DAGs
[2024-04-13T16:27:20.628+0000] {logging_mixin.py:188} INFO - [2024-04-13T16:27:20.627+0000] {dag.py:3954} INFO - Setting next_dagrun for example_trigger_controller_dag to 2021-01-01 00:00:00+00:00, run_after=2021-01-01 00:00:00+00:00
[2024-04-13T16:27:20.636+0000] {processor.py:183} INFO - Processing /home/airflow/.local/lib/python3.12/site-packages/airflow/example_dags/example_trigger_controller_dag.py took 0.037 seconds
[2024-04-13T16:27:51.283+0000] {processor.py:161} INFO - Started process (PID=1813) to work on /home/airflow/.local/lib/python3.12/site-packages/airflow/example_dags/example_trigger_controller_dag.py
[2024-04-13T16:27:51.284+0000] {processor.py:830} INFO - Processing file /home/airflow/.local/lib/python3.12/site-packages/airflow/example_dags/example_trigger_controller_dag.py for tasks to queue
[2024-04-13T16:27:51.285+0000] {logging_mixin.py:188} INFO - [2024-04-13T16:27:51.284+0000] {dagbag.py:540} INFO - Filling up the DagBag from /home/airflow/.local/lib/python3.12/site-packages/airflow/example_dags/example_trigger_controller_dag.py
[2024-04-13T16:27:51.287+0000] {processor.py:840} INFO - DAG(s) 'example_trigger_controller_dag' retrieved from /home/airflow/.local/lib/python3.12/site-packages/airflow/example_dags/example_trigger_controller_dag.py
[2024-04-13T16:27:51.296+0000] {logging_mixin.py:188} INFO - [2024-04-13T16:27:51.296+0000] {dag.py:3096} INFO - Sync 1 DAGs
[2024-04-13T16:27:51.304+0000] {logging_mixin.py:188} INFO - [2024-04-13T16:27:51.304+0000] {dag.py:3954} INFO - Setting next_dagrun for example_trigger_controller_dag to 2021-01-01 00:00:00+00:00, run_after=2021-01-01 00:00:00+00:00
[2024-04-13T16:27:51.311+0000] {processor.py:183} INFO - Processing /home/airflow/.local/lib/python3.12/site-packages/airflow/example_dags/example_trigger_controller_dag.py took 0.030 seconds
[2024-04-13T16:28:21.960+0000] {processor.py:161} INFO - Started process (PID=1872) to work on /home/airflow/.local/lib/python3.12/site-packages/airflow/example_dags/example_trigger_controller_dag.py
[2024-04-13T16:28:21.961+0000] {processor.py:830} INFO - Processing file /home/airflow/.local/lib/python3.12/site-packages/airflow/example_dags/example_trigger_controller_dag.py for tasks to queue
[2024-04-13T16:28:21.961+0000] {logging_mixin.py:188} INFO - [2024-04-13T16:28:21.961+0000] {dagbag.py:540} INFO - Filling up the DagBag from /home/airflow/.local/lib/python3.12/site-packages/airflow/example_dags/example_trigger_controller_dag.py
[2024-04-13T16:28:21.963+0000] {processor.py:840} INFO - DAG(s) 'example_trigger_controller_dag' retrieved from /home/airflow/.local/lib/python3.12/site-packages/airflow/example_dags/example_trigger_controller_dag.py
[2024-04-13T16:28:21.971+0000] {logging_mixin.py:188} INFO - [2024-04-13T16:28:21.971+0000] {dag.py:3096} INFO - Sync 1 DAGs
[2024-04-13T16:28:21.979+0000] {logging_mixin.py:188} INFO - [2024-04-13T16:28:21.979+0000] {dag.py:3954} INFO - Setting next_dagrun for example_trigger_controller_dag to 2021-01-01 00:00:00+00:00, run_after=2021-01-01 00:00:00+00:00
[2024-04-13T16:28:21.986+0000] {processor.py:183} INFO - Processing /home/airflow/.local/lib/python3.12/site-packages/airflow/example_dags/example_trigger_controller_dag.py took 0.028 seconds
[2024-04-13T16:28:52.636+0000] {processor.py:161} INFO - Started process (PID=1930) to work on /home/airflow/.local/lib/python3.12/site-packages/airflow/example_dags/example_trigger_controller_dag.py
[2024-04-13T16:28:52.637+0000] {processor.py:830} INFO - Processing file /home/airflow/.local/lib/python3.12/site-packages/airflow/example_dags/example_trigger_controller_dag.py for tasks to queue
[2024-04-13T16:28:52.637+0000] {logging_mixin.py:188} INFO - [2024-04-13T16:28:52.637+0000] {dagbag.py:540} INFO - Filling up the DagBag from /home/airflow/.local/lib/python3.12/site-packages/airflow/example_dags/example_trigger_controller_dag.py
[2024-04-13T16:28:52.639+0000] {processor.py:840} INFO - DAG(s) 'example_trigger_controller_dag' retrieved from /home/airflow/.local/lib/python3.12/site-packages/airflow/example_dags/example_trigger_controller_dag.py
[2024-04-13T16:28:52.648+0000] {logging_mixin.py:188} INFO - [2024-04-13T16:28:52.647+0000] {dag.py:3096} INFO - Sync 1 DAGs
[2024-04-13T16:28:52.655+0000] {logging_mixin.py:188} INFO - [2024-04-13T16:28:52.655+0000] {dag.py:3954} INFO - Setting next_dagrun for example_trigger_controller_dag to 2021-01-01 00:00:00+00:00, run_after=2021-01-01 00:00:00+00:00
[2024-04-13T16:28:52.662+0000] {processor.py:183} INFO - Processing /home/airflow/.local/lib/python3.12/site-packages/airflow/example_dags/example_trigger_controller_dag.py took 0.028 seconds
[2024-04-13T16:29:23.216+0000] {processor.py:161} INFO - Started process (PID=1988) to work on /home/airflow/.local/lib/python3.12/site-packages/airflow/example_dags/example_trigger_controller_dag.py
[2024-04-13T16:29:23.217+0000] {processor.py:830} INFO - Processing file /home/airflow/.local/lib/python3.12/site-packages/airflow/example_dags/example_trigger_controller_dag.py for tasks to queue
[2024-04-13T16:29:23.217+0000] {logging_mixin.py:188} INFO - [2024-04-13T16:29:23.217+0000] {dagbag.py:540} INFO - Filling up the DagBag from /home/airflow/.local/lib/python3.12/site-packages/airflow/example_dags/example_trigger_controller_dag.py
[2024-04-13T16:29:23.220+0000] {processor.py:840} INFO - DAG(s) 'example_trigger_controller_dag' retrieved from /home/airflow/.local/lib/python3.12/site-packages/airflow/example_dags/example_trigger_controller_dag.py
[2024-04-13T16:29:23.229+0000] {logging_mixin.py:188} INFO - [2024-04-13T16:29:23.228+0000] {dag.py:3096} INFO - Sync 1 DAGs
[2024-04-13T16:29:23.237+0000] {logging_mixin.py:188} INFO - [2024-04-13T16:29:23.237+0000] {dag.py:3954} INFO - Setting next_dagrun for example_trigger_controller_dag to 2021-01-01 00:00:00+00:00, run_after=2021-01-01 00:00:00+00:00
[2024-04-13T16:29:23.243+0000] {processor.py:183} INFO - Processing /home/airflow/.local/lib/python3.12/site-packages/airflow/example_dags/example_trigger_controller_dag.py took 0.030 seconds
[2024-04-13T16:29:53.890+0000] {processor.py:161} INFO - Started process (PID=2046) to work on /home/airflow/.local/lib/python3.12/site-packages/airflow/example_dags/example_trigger_controller_dag.py
[2024-04-13T16:29:53.890+0000] {processor.py:830} INFO - Processing file /home/airflow/.local/lib/python3.12/site-packages/airflow/example_dags/example_trigger_controller_dag.py for tasks to queue
[2024-04-13T16:29:53.891+0000] {logging_mixin.py:188} INFO - [2024-04-13T16:29:53.891+0000] {dagbag.py:540} INFO - Filling up the DagBag from /home/airflow/.local/lib/python3.12/site-packages/airflow/example_dags/example_trigger_controller_dag.py
[2024-04-13T16:29:53.894+0000] {processor.py:840} INFO - DAG(s) 'example_trigger_controller_dag' retrieved from /home/airflow/.local/lib/python3.12/site-packages/airflow/example_dags/example_trigger_controller_dag.py
[2024-04-13T16:29:53.902+0000] {logging_mixin.py:188} INFO - [2024-04-13T16:29:53.902+0000] {dag.py:3096} INFO - Sync 1 DAGs
[2024-04-13T16:29:53.910+0000] {logging_mixin.py:188} INFO - [2024-04-13T16:29:53.910+0000] {dag.py:3954} INFO - Setting next_dagrun for example_trigger_controller_dag to 2021-01-01 00:00:00+00:00, run_after=2021-01-01 00:00:00+00:00
[2024-04-13T16:29:53.916+0000] {processor.py:183} INFO - Processing /home/airflow/.local/lib/python3.12/site-packages/airflow/example_dags/example_trigger_controller_dag.py took 0.029 seconds
[2024-04-13T16:30:24.508+0000] {processor.py:161} INFO - Started process (PID=2104) to work on /home/airflow/.local/lib/python3.12/site-packages/airflow/example_dags/example_trigger_controller_dag.py
[2024-04-13T16:30:24.508+0000] {processor.py:830} INFO - Processing file /home/airflow/.local/lib/python3.12/site-packages/airflow/example_dags/example_trigger_controller_dag.py for tasks to queue
[2024-04-13T16:30:24.509+0000] {logging_mixin.py:188} INFO - [2024-04-13T16:30:24.509+0000] {dagbag.py:540} INFO - Filling up the DagBag from /home/airflow/.local/lib/python3.12/site-packages/airflow/example_dags/example_trigger_controller_dag.py
[2024-04-13T16:30:24.512+0000] {processor.py:840} INFO - DAG(s) 'example_trigger_controller_dag' retrieved from /home/airflow/.local/lib/python3.12/site-packages/airflow/example_dags/example_trigger_controller_dag.py
[2024-04-13T16:30:24.519+0000] {logging_mixin.py:188} INFO - [2024-04-13T16:30:24.519+0000] {dag.py:3096} INFO - Sync 1 DAGs
[2024-04-13T16:30:24.528+0000] {logging_mixin.py:188} INFO - [2024-04-13T16:30:24.528+0000] {dag.py:3954} INFO - Setting next_dagrun for example_trigger_controller_dag to 2021-01-01 00:00:00+00:00, run_after=2021-01-01 00:00:00+00:00
[2024-04-13T16:30:24.534+0000] {processor.py:183} INFO - Processing /home/airflow/.local/lib/python3.12/site-packages/airflow/example_dags/example_trigger_controller_dag.py took 0.029 seconds
[2024-04-13T16:30:55.136+0000] {processor.py:161} INFO - Started process (PID=2162) to work on /home/airflow/.local/lib/python3.12/site-packages/airflow/example_dags/example_trigger_controller_dag.py
[2024-04-13T16:30:55.136+0000] {processor.py:830} INFO - Processing file /home/airflow/.local/lib/python3.12/site-packages/airflow/example_dags/example_trigger_controller_dag.py for tasks to queue
[2024-04-13T16:30:55.137+0000] {logging_mixin.py:188} INFO - [2024-04-13T16:30:55.137+0000] {dagbag.py:540} INFO - Filling up the DagBag from /home/airflow/.local/lib/python3.12/site-packages/airflow/example_dags/example_trigger_controller_dag.py
[2024-04-13T16:30:55.139+0000] {processor.py:840} INFO - DAG(s) 'example_trigger_controller_dag' retrieved from /home/airflow/.local/lib/python3.12/site-packages/airflow/example_dags/example_trigger_controller_dag.py
[2024-04-13T16:30:55.147+0000] {logging_mixin.py:188} INFO - [2024-04-13T16:30:55.147+0000] {dag.py:3096} INFO - Sync 1 DAGs
[2024-04-13T16:30:55.155+0000] {logging_mixin.py:188} INFO - [2024-04-13T16:30:55.155+0000] {dag.py:3954} INFO - Setting next_dagrun for example_trigger_controller_dag to 2021-01-01 00:00:00+00:00, run_after=2021-01-01 00:00:00+00:00
[2024-04-13T16:30:55.161+0000] {processor.py:183} INFO - Processing /home/airflow/.local/lib/python3.12/site-packages/airflow/example_dags/example_trigger_controller_dag.py took 0.028 seconds
[2024-04-13T16:31:25.736+0000] {processor.py:161} INFO - Started process (PID=2220) to work on /home/airflow/.local/lib/python3.12/site-packages/airflow/example_dags/example_trigger_controller_dag.py
[2024-04-13T16:31:25.737+0000] {processor.py:830} INFO - Processing file /home/airflow/.local/lib/python3.12/site-packages/airflow/example_dags/example_trigger_controller_dag.py for tasks to queue
[2024-04-13T16:31:25.738+0000] {logging_mixin.py:188} INFO - [2024-04-13T16:31:25.737+0000] {dagbag.py:540} INFO - Filling up the DagBag from /home/airflow/.local/lib/python3.12/site-packages/airflow/example_dags/example_trigger_controller_dag.py
[2024-04-13T16:31:25.740+0000] {processor.py:840} INFO - DAG(s) 'example_trigger_controller_dag' retrieved from /home/airflow/.local/lib/python3.12/site-packages/airflow/example_dags/example_trigger_controller_dag.py
[2024-04-13T16:31:25.749+0000] {logging_mixin.py:188} INFO - [2024-04-13T16:31:25.749+0000] {dag.py:3096} INFO - Sync 1 DAGs
[2024-04-13T16:31:25.758+0000] {logging_mixin.py:188} INFO - [2024-04-13T16:31:25.758+0000] {dag.py:3954} INFO - Setting next_dagrun for example_trigger_controller_dag to 2021-01-01 00:00:00+00:00, run_after=2021-01-01 00:00:00+00:00
[2024-04-13T16:31:25.765+0000] {processor.py:183} INFO - Processing /home/airflow/.local/lib/python3.12/site-packages/airflow/example_dags/example_trigger_controller_dag.py took 0.031 seconds
[2024-04-13T16:31:56.273+0000] {processor.py:161} INFO - Started process (PID=2278) to work on /home/airflow/.local/lib/python3.12/site-packages/airflow/example_dags/example_trigger_controller_dag.py
[2024-04-13T16:31:56.273+0000] {processor.py:830} INFO - Processing file /home/airflow/.local/lib/python3.12/site-packages/airflow/example_dags/example_trigger_controller_dag.py for tasks to queue
[2024-04-13T16:31:56.274+0000] {logging_mixin.py:188} INFO - [2024-04-13T16:31:56.274+0000] {dagbag.py:540} INFO - Filling up the DagBag from /home/airflow/.local/lib/python3.12/site-packages/airflow/example_dags/example_trigger_controller_dag.py
[2024-04-13T16:31:56.276+0000] {processor.py:840} INFO - DAG(s) 'example_trigger_controller_dag' retrieved from /home/airflow/.local/lib/python3.12/site-packages/airflow/example_dags/example_trigger_controller_dag.py
[2024-04-13T16:31:56.285+0000] {logging_mixin.py:188} INFO - [2024-04-13T16:31:56.285+0000] {dag.py:3096} INFO - Sync 1 DAGs
[2024-04-13T16:31:56.295+0000] {logging_mixin.py:188} INFO - [2024-04-13T16:31:56.295+0000] {dag.py:3954} INFO - Setting next_dagrun for example_trigger_controller_dag to 2021-01-01 00:00:00+00:00, run_after=2021-01-01 00:00:00+00:00
[2024-04-13T16:31:56.301+0000] {processor.py:183} INFO - Processing /home/airflow/.local/lib/python3.12/site-packages/airflow/example_dags/example_trigger_controller_dag.py took 0.031 seconds
[2024-04-13T16:32:26.796+0000] {processor.py:161} INFO - Started process (PID=2335) to work on /home/airflow/.local/lib/python3.12/site-packages/airflow/example_dags/example_trigger_controller_dag.py
[2024-04-13T16:32:26.796+0000] {processor.py:830} INFO - Processing file /home/airflow/.local/lib/python3.12/site-packages/airflow/example_dags/example_trigger_controller_dag.py for tasks to queue
[2024-04-13T16:32:26.797+0000] {logging_mixin.py:188} INFO - [2024-04-13T16:32:26.797+0000] {dagbag.py:540} INFO - Filling up the DagBag from /home/airflow/.local/lib/python3.12/site-packages/airflow/example_dags/example_trigger_controller_dag.py
[2024-04-13T16:32:26.799+0000] {processor.py:840} INFO - DAG(s) 'example_trigger_controller_dag' retrieved from /home/airflow/.local/lib/python3.12/site-packages/airflow/example_dags/example_trigger_controller_dag.py
[2024-04-13T16:32:26.808+0000] {logging_mixin.py:188} INFO - [2024-04-13T16:32:26.808+0000] {dag.py:3096} INFO - Sync 1 DAGs
[2024-04-13T16:32:26.817+0000] {logging_mixin.py:188} INFO - [2024-04-13T16:32:26.817+0000] {dag.py:3954} INFO - Setting next_dagrun for example_trigger_controller_dag to 2021-01-01 00:00:00+00:00, run_after=2021-01-01 00:00:00+00:00
[2024-04-13T16:32:26.823+0000] {processor.py:183} INFO - Processing /home/airflow/.local/lib/python3.12/site-packages/airflow/example_dags/example_trigger_controller_dag.py took 0.030 seconds
[2024-04-13T16:32:57.464+0000] {processor.py:161} INFO - Started process (PID=2393) to work on /home/airflow/.local/lib/python3.12/site-packages/airflow/example_dags/example_trigger_controller_dag.py
[2024-04-13T16:32:57.464+0000] {processor.py:830} INFO - Processing file /home/airflow/.local/lib/python3.12/site-packages/airflow/example_dags/example_trigger_controller_dag.py for tasks to queue
[2024-04-13T16:32:57.465+0000] {logging_mixin.py:188} INFO - [2024-04-13T16:32:57.465+0000] {dagbag.py:540} INFO - Filling up the DagBag from /home/airflow/.local/lib/python3.12/site-packages/airflow/example_dags/example_trigger_controller_dag.py
[2024-04-13T16:32:57.467+0000] {processor.py:840} INFO - DAG(s) 'example_trigger_controller_dag' retrieved from /home/airflow/.local/lib/python3.12/site-packages/airflow/example_dags/example_trigger_controller_dag.py
[2024-04-13T16:32:57.475+0000] {logging_mixin.py:188} INFO - [2024-04-13T16:32:57.475+0000] {dag.py:3096} INFO - Sync 1 DAGs
[2024-04-13T16:32:57.483+0000] {logging_mixin.py:188} INFO - [2024-04-13T16:32:57.483+0000] {dag.py:3954} INFO - Setting next_dagrun for example_trigger_controller_dag to 2021-01-01 00:00:00+00:00, run_after=2021-01-01 00:00:00+00:00
[2024-04-13T16:32:57.490+0000] {processor.py:183} INFO - Processing /home/airflow/.local/lib/python3.12/site-packages/airflow/example_dags/example_trigger_controller_dag.py took 0.029 seconds
[2024-04-13T16:33:28.100+0000] {processor.py:161} INFO - Started process (PID=2451) to work on /home/airflow/.local/lib/python3.12/site-packages/airflow/example_dags/example_trigger_controller_dag.py
[2024-04-13T16:33:28.100+0000] {processor.py:830} INFO - Processing file /home/airflow/.local/lib/python3.12/site-packages/airflow/example_dags/example_trigger_controller_dag.py for tasks to queue
[2024-04-13T16:33:28.101+0000] {logging_mixin.py:188} INFO - [2024-04-13T16:33:28.101+0000] {dagbag.py:540} INFO - Filling up the DagBag from /home/airflow/.local/lib/python3.12/site-packages/airflow/example_dags/example_trigger_controller_dag.py
[2024-04-13T16:33:28.104+0000] {processor.py:840} INFO - DAG(s) 'example_trigger_controller_dag' retrieved from /home/airflow/.local/lib/python3.12/site-packages/airflow/example_dags/example_trigger_controller_dag.py
[2024-04-13T16:33:28.113+0000] {logging_mixin.py:188} INFO - [2024-04-13T16:33:28.113+0000] {dag.py:3096} INFO - Sync 1 DAGs
[2024-04-13T16:33:28.122+0000] {logging_mixin.py:188} INFO - [2024-04-13T16:33:28.122+0000] {dag.py:3954} INFO - Setting next_dagrun for example_trigger_controller_dag to 2021-01-01 00:00:00+00:00, run_after=2021-01-01 00:00:00+00:00
[2024-04-13T16:33:28.129+0000] {processor.py:183} INFO - Processing /home/airflow/.local/lib/python3.12/site-packages/airflow/example_dags/example_trigger_controller_dag.py took 0.032 seconds
[2024-04-13T16:33:58.765+0000] {processor.py:161} INFO - Started process (PID=2509) to work on /home/airflow/.local/lib/python3.12/site-packages/airflow/example_dags/example_trigger_controller_dag.py
[2024-04-13T16:33:58.766+0000] {processor.py:830} INFO - Processing file /home/airflow/.local/lib/python3.12/site-packages/airflow/example_dags/example_trigger_controller_dag.py for tasks to queue
[2024-04-13T16:33:58.767+0000] {logging_mixin.py:188} INFO - [2024-04-13T16:33:58.766+0000] {dagbag.py:540} INFO - Filling up the DagBag from /home/airflow/.local/lib/python3.12/site-packages/airflow/example_dags/example_trigger_controller_dag.py
[2024-04-13T16:33:58.769+0000] {processor.py:840} INFO - DAG(s) 'example_trigger_controller_dag' retrieved from /home/airflow/.local/lib/python3.12/site-packages/airflow/example_dags/example_trigger_controller_dag.py
[2024-04-13T16:33:58.778+0000] {logging_mixin.py:188} INFO - [2024-04-13T16:33:58.778+0000] {dag.py:3096} INFO - Sync 1 DAGs
[2024-04-13T16:33:58.786+0000] {logging_mixin.py:188} INFO - [2024-04-13T16:33:58.786+0000] {dag.py:3954} INFO - Setting next_dagrun for example_trigger_controller_dag to 2021-01-01 00:00:00+00:00, run_after=2021-01-01 00:00:00+00:00
[2024-04-13T16:33:58.792+0000] {processor.py:183} INFO - Processing /home/airflow/.local/lib/python3.12/site-packages/airflow/example_dags/example_trigger_controller_dag.py took 0.030 seconds
[2024-04-13T16:34:29.281+0000] {processor.py:161} INFO - Started process (PID=2567) to work on /home/airflow/.local/lib/python3.12/site-packages/airflow/example_dags/example_trigger_controller_dag.py
[2024-04-13T16:34:29.281+0000] {processor.py:830} INFO - Processing file /home/airflow/.local/lib/python3.12/site-packages/airflow/example_dags/example_trigger_controller_dag.py for tasks to queue
[2024-04-13T16:34:29.282+0000] {logging_mixin.py:188} INFO - [2024-04-13T16:34:29.282+0000] {dagbag.py:540} INFO - Filling up the DagBag from /home/airflow/.local/lib/python3.12/site-packages/airflow/example_dags/example_trigger_controller_dag.py
[2024-04-13T16:34:29.284+0000] {processor.py:840} INFO - DAG(s) 'example_trigger_controller_dag' retrieved from /home/airflow/.local/lib/python3.12/site-packages/airflow/example_dags/example_trigger_controller_dag.py
[2024-04-13T16:34:29.293+0000] {logging_mixin.py:188} INFO - [2024-04-13T16:34:29.293+0000] {dag.py:3096} INFO - Sync 1 DAGs
[2024-04-13T16:34:29.302+0000] {logging_mixin.py:188} INFO - [2024-04-13T16:34:29.302+0000] {dag.py:3954} INFO - Setting next_dagrun for example_trigger_controller_dag to 2021-01-01 00:00:00+00:00, run_after=2021-01-01 00:00:00+00:00
[2024-04-13T16:34:29.308+0000] {processor.py:183} INFO - Processing /home/airflow/.local/lib/python3.12/site-packages/airflow/example_dags/example_trigger_controller_dag.py took 0.031 seconds
[2024-04-13T16:34:59.863+0000] {processor.py:161} INFO - Started process (PID=2625) to work on /home/airflow/.local/lib/python3.12/site-packages/airflow/example_dags/example_trigger_controller_dag.py
[2024-04-13T16:34:59.863+0000] {processor.py:830} INFO - Processing file /home/airflow/.local/lib/python3.12/site-packages/airflow/example_dags/example_trigger_controller_dag.py for tasks to queue
[2024-04-13T16:34:59.864+0000] {logging_mixin.py:188} INFO - [2024-04-13T16:34:59.864+0000] {dagbag.py:540} INFO - Filling up the DagBag from /home/airflow/.local/lib/python3.12/site-packages/airflow/example_dags/example_trigger_controller_dag.py
[2024-04-13T16:34:59.866+0000] {processor.py:840} INFO - DAG(s) 'example_trigger_controller_dag' retrieved from /home/airflow/.local/lib/python3.12/site-packages/airflow/example_dags/example_trigger_controller_dag.py
[2024-04-13T16:34:59.876+0000] {logging_mixin.py:188} INFO - [2024-04-13T16:34:59.875+0000] {dag.py:3096} INFO - Sync 1 DAGs
[2024-04-13T16:34:59.884+0000] {logging_mixin.py:188} INFO - [2024-04-13T16:34:59.884+0000] {dag.py:3954} INFO - Setting next_dagrun for example_trigger_controller_dag to 2021-01-01 00:00:00+00:00, run_after=2021-01-01 00:00:00+00:00
[2024-04-13T16:34:59.891+0000] {processor.py:183} INFO - Processing /home/airflow/.local/lib/python3.12/site-packages/airflow/example_dags/example_trigger_controller_dag.py took 0.031 seconds
[2024-04-13T16:35:30.535+0000] {processor.py:161} INFO - Started process (PID=2683) to work on /home/airflow/.local/lib/python3.12/site-packages/airflow/example_dags/example_trigger_controller_dag.py
[2024-04-13T16:35:30.535+0000] {processor.py:830} INFO - Processing file /home/airflow/.local/lib/python3.12/site-packages/airflow/example_dags/example_trigger_controller_dag.py for tasks to queue
[2024-04-13T16:35:30.536+0000] {logging_mixin.py:188} INFO - [2024-04-13T16:35:30.536+0000] {dagbag.py:540} INFO - Filling up the DagBag from /home/airflow/.local/lib/python3.12/site-packages/airflow/example_dags/example_trigger_controller_dag.py
[2024-04-13T16:35:30.538+0000] {processor.py:840} INFO - DAG(s) 'example_trigger_controller_dag' retrieved from /home/airflow/.local/lib/python3.12/site-packages/airflow/example_dags/example_trigger_controller_dag.py
[2024-04-13T16:35:30.546+0000] {logging_mixin.py:188} INFO - [2024-04-13T16:35:30.546+0000] {dag.py:3096} INFO - Sync 1 DAGs
[2024-04-13T16:35:30.554+0000] {logging_mixin.py:188} INFO - [2024-04-13T16:35:30.554+0000] {dag.py:3954} INFO - Setting next_dagrun for example_trigger_controller_dag to 2021-01-01 00:00:00+00:00, run_after=2021-01-01 00:00:00+00:00
[2024-04-13T16:35:30.560+0000] {processor.py:183} INFO - Processing /home/airflow/.local/lib/python3.12/site-packages/airflow/example_dags/example_trigger_controller_dag.py took 0.028 seconds
[2024-04-13T16:36:01.130+0000] {processor.py:161} INFO - Started process (PID=2741) to work on /home/airflow/.local/lib/python3.12/site-packages/airflow/example_dags/example_trigger_controller_dag.py
[2024-04-13T16:36:01.131+0000] {processor.py:830} INFO - Processing file /home/airflow/.local/lib/python3.12/site-packages/airflow/example_dags/example_trigger_controller_dag.py for tasks to queue
[2024-04-13T16:36:01.132+0000] {logging_mixin.py:188} INFO - [2024-04-13T16:36:01.131+0000] {dagbag.py:540} INFO - Filling up the DagBag from /home/airflow/.local/lib/python3.12/site-packages/airflow/example_dags/example_trigger_controller_dag.py
[2024-04-13T16:36:01.134+0000] {processor.py:840} INFO - DAG(s) 'example_trigger_controller_dag' retrieved from /home/airflow/.local/lib/python3.12/site-packages/airflow/example_dags/example_trigger_controller_dag.py
[2024-04-13T16:36:01.142+0000] {logging_mixin.py:188} INFO - [2024-04-13T16:36:01.142+0000] {dag.py:3096} INFO - Sync 1 DAGs
[2024-04-13T16:36:01.150+0000] {logging_mixin.py:188} INFO - [2024-04-13T16:36:01.150+0000] {dag.py:3954} INFO - Setting next_dagrun for example_trigger_controller_dag to 2021-01-01 00:00:00+00:00, run_after=2021-01-01 00:00:00+00:00
[2024-04-13T16:36:01.157+0000] {processor.py:183} INFO - Processing /home/airflow/.local/lib/python3.12/site-packages/airflow/example_dags/example_trigger_controller_dag.py took 0.029 seconds
[2024-04-13T16:36:31.802+0000] {processor.py:161} INFO - Started process (PID=2799) to work on /home/airflow/.local/lib/python3.12/site-packages/airflow/example_dags/example_trigger_controller_dag.py
[2024-04-13T16:36:31.803+0000] {processor.py:830} INFO - Processing file /home/airflow/.local/lib/python3.12/site-packages/airflow/example_dags/example_trigger_controller_dag.py for tasks to queue
[2024-04-13T16:36:31.803+0000] {logging_mixin.py:188} INFO - [2024-04-13T16:36:31.803+0000] {dagbag.py:540} INFO - Filling up the DagBag from /home/airflow/.local/lib/python3.12/site-packages/airflow/example_dags/example_trigger_controller_dag.py
[2024-04-13T16:36:31.806+0000] {processor.py:840} INFO - DAG(s) 'example_trigger_controller_dag' retrieved from /home/airflow/.local/lib/python3.12/site-packages/airflow/example_dags/example_trigger_controller_dag.py
[2024-04-13T16:36:31.814+0000] {logging_mixin.py:188} INFO - [2024-04-13T16:36:31.814+0000] {dag.py:3096} INFO - Sync 1 DAGs
[2024-04-13T16:36:31.822+0000] {logging_mixin.py:188} INFO - [2024-04-13T16:36:31.822+0000] {dag.py:3954} INFO - Setting next_dagrun for example_trigger_controller_dag to 2021-01-01 00:00:00+00:00, run_after=2021-01-01 00:00:00+00:00
[2024-04-13T16:36:31.828+0000] {processor.py:183} INFO - Processing /home/airflow/.local/lib/python3.12/site-packages/airflow/example_dags/example_trigger_controller_dag.py took 0.028 seconds
[2024-04-13T16:37:02.304+0000] {processor.py:161} INFO - Started process (PID=2856) to work on /home/airflow/.local/lib/python3.12/site-packages/airflow/example_dags/example_trigger_controller_dag.py
[2024-04-13T16:37:02.305+0000] {processor.py:830} INFO - Processing file /home/airflow/.local/lib/python3.12/site-packages/airflow/example_dags/example_trigger_controller_dag.py for tasks to queue
[2024-04-13T16:37:02.306+0000] {logging_mixin.py:188} INFO - [2024-04-13T16:37:02.305+0000] {dagbag.py:540} INFO - Filling up the DagBag from /home/airflow/.local/lib/python3.12/site-packages/airflow/example_dags/example_trigger_controller_dag.py
[2024-04-13T16:37:02.308+0000] {processor.py:840} INFO - DAG(s) 'example_trigger_controller_dag' retrieved from /home/airflow/.local/lib/python3.12/site-packages/airflow/example_dags/example_trigger_controller_dag.py
[2024-04-13T16:37:02.317+0000] {logging_mixin.py:188} INFO - [2024-04-13T16:37:02.317+0000] {dag.py:3096} INFO - Sync 1 DAGs
[2024-04-13T16:37:02.326+0000] {logging_mixin.py:188} INFO - [2024-04-13T16:37:02.326+0000] {dag.py:3954} INFO - Setting next_dagrun for example_trigger_controller_dag to 2021-01-01 00:00:00+00:00, run_after=2021-01-01 00:00:00+00:00
[2024-04-13T16:37:02.333+0000] {processor.py:183} INFO - Processing /home/airflow/.local/lib/python3.12/site-packages/airflow/example_dags/example_trigger_controller_dag.py took 0.032 seconds
[2024-04-13T16:37:32.915+0000] {processor.py:161} INFO - Started process (PID=2914) to work on /home/airflow/.local/lib/python3.12/site-packages/airflow/example_dags/example_trigger_controller_dag.py
[2024-04-13T16:37:32.915+0000] {processor.py:830} INFO - Processing file /home/airflow/.local/lib/python3.12/site-packages/airflow/example_dags/example_trigger_controller_dag.py for tasks to queue
[2024-04-13T16:37:32.916+0000] {logging_mixin.py:188} INFO - [2024-04-13T16:37:32.916+0000] {dagbag.py:540} INFO - Filling up the DagBag from /home/airflow/.local/lib/python3.12/site-packages/airflow/example_dags/example_trigger_controller_dag.py
[2024-04-13T16:37:32.919+0000] {processor.py:840} INFO - DAG(s) 'example_trigger_controller_dag' retrieved from /home/airflow/.local/lib/python3.12/site-packages/airflow/example_dags/example_trigger_controller_dag.py
[2024-04-13T16:37:32.929+0000] {logging_mixin.py:188} INFO - [2024-04-13T16:37:32.929+0000] {dag.py:3096} INFO - Sync 1 DAGs
[2024-04-13T16:37:32.938+0000] {logging_mixin.py:188} INFO - [2024-04-13T16:37:32.938+0000] {dag.py:3954} INFO - Setting next_dagrun for example_trigger_controller_dag to 2021-01-01 00:00:00+00:00, run_after=2021-01-01 00:00:00+00:00
[2024-04-13T16:37:32.945+0000] {processor.py:183} INFO - Processing /home/airflow/.local/lib/python3.12/site-packages/airflow/example_dags/example_trigger_controller_dag.py took 0.034 seconds
[2024-04-13T16:38:03.761+0000] {processor.py:161} INFO - Started process (PID=2972) to work on /home/airflow/.local/lib/python3.12/site-packages/airflow/example_dags/example_trigger_controller_dag.py
[2024-04-13T16:38:03.762+0000] {processor.py:830} INFO - Processing file /home/airflow/.local/lib/python3.12/site-packages/airflow/example_dags/example_trigger_controller_dag.py for tasks to queue
[2024-04-13T16:38:03.763+0000] {logging_mixin.py:188} INFO - [2024-04-13T16:38:03.762+0000] {dagbag.py:540} INFO - Filling up the DagBag from /home/airflow/.local/lib/python3.12/site-packages/airflow/example_dags/example_trigger_controller_dag.py
[2024-04-13T16:38:03.765+0000] {processor.py:840} INFO - DAG(s) 'example_trigger_controller_dag' retrieved from /home/airflow/.local/lib/python3.12/site-packages/airflow/example_dags/example_trigger_controller_dag.py
[2024-04-13T16:38:03.773+0000] {logging_mixin.py:188} INFO - [2024-04-13T16:38:03.773+0000] {dag.py:3096} INFO - Sync 1 DAGs
[2024-04-13T16:38:03.781+0000] {logging_mixin.py:188} INFO - [2024-04-13T16:38:03.781+0000] {dag.py:3954} INFO - Setting next_dagrun for example_trigger_controller_dag to 2021-01-01 00:00:00+00:00, run_after=2021-01-01 00:00:00+00:00
[2024-04-13T16:38:03.788+0000] {processor.py:183} INFO - Processing /home/airflow/.local/lib/python3.12/site-packages/airflow/example_dags/example_trigger_controller_dag.py took 0.029 seconds
[2024-04-13T16:38:34.639+0000] {processor.py:161} INFO - Started process (PID=3030) to work on /home/airflow/.local/lib/python3.12/site-packages/airflow/example_dags/example_trigger_controller_dag.py
[2024-04-13T16:38:34.640+0000] {processor.py:830} INFO - Processing file /home/airflow/.local/lib/python3.12/site-packages/airflow/example_dags/example_trigger_controller_dag.py for tasks to queue
[2024-04-13T16:38:34.642+0000] {logging_mixin.py:188} INFO - [2024-04-13T16:38:34.642+0000] {dagbag.py:540} INFO - Filling up the DagBag from /home/airflow/.local/lib/python3.12/site-packages/airflow/example_dags/example_trigger_controller_dag.py
[2024-04-13T16:38:34.647+0000] {processor.py:840} INFO - DAG(s) 'example_trigger_controller_dag' retrieved from /home/airflow/.local/lib/python3.12/site-packages/airflow/example_dags/example_trigger_controller_dag.py
[2024-04-13T16:38:34.668+0000] {logging_mixin.py:188} INFO - [2024-04-13T16:38:34.667+0000] {dag.py:3096} INFO - Sync 1 DAGs
[2024-04-13T16:38:34.686+0000] {logging_mixin.py:188} INFO - [2024-04-13T16:38:34.686+0000] {dag.py:3954} INFO - Setting next_dagrun for example_trigger_controller_dag to 2021-01-01 00:00:00+00:00, run_after=2021-01-01 00:00:00+00:00
[2024-04-13T16:38:34.706+0000] {processor.py:183} INFO - Processing /home/airflow/.local/lib/python3.12/site-packages/airflow/example_dags/example_trigger_controller_dag.py took 0.071 seconds
[2024-04-13T16:39:04.843+0000] {processor.py:161} INFO - Started process (PID=3088) to work on /home/airflow/.local/lib/python3.12/site-packages/airflow/example_dags/example_trigger_controller_dag.py
[2024-04-13T16:39:04.844+0000] {processor.py:830} INFO - Processing file /home/airflow/.local/lib/python3.12/site-packages/airflow/example_dags/example_trigger_controller_dag.py for tasks to queue
[2024-04-13T16:39:04.844+0000] {logging_mixin.py:188} INFO - [2024-04-13T16:39:04.844+0000] {dagbag.py:540} INFO - Filling up the DagBag from /home/airflow/.local/lib/python3.12/site-packages/airflow/example_dags/example_trigger_controller_dag.py
[2024-04-13T16:39:04.847+0000] {processor.py:840} INFO - DAG(s) 'example_trigger_controller_dag' retrieved from /home/airflow/.local/lib/python3.12/site-packages/airflow/example_dags/example_trigger_controller_dag.py
[2024-04-13T16:39:04.856+0000] {logging_mixin.py:188} INFO - [2024-04-13T16:39:04.856+0000] {dag.py:3096} INFO - Sync 1 DAGs
[2024-04-13T16:39:04.864+0000] {logging_mixin.py:188} INFO - [2024-04-13T16:39:04.864+0000] {dag.py:3954} INFO - Setting next_dagrun for example_trigger_controller_dag to 2021-01-01 00:00:00+00:00, run_after=2021-01-01 00:00:00+00:00
[2024-04-13T16:39:04.871+0000] {processor.py:183} INFO - Processing /home/airflow/.local/lib/python3.12/site-packages/airflow/example_dags/example_trigger_controller_dag.py took 0.031 seconds
[2024-04-13T16:39:35.380+0000] {processor.py:161} INFO - Started process (PID=3145) to work on /home/airflow/.local/lib/python3.12/site-packages/airflow/example_dags/example_trigger_controller_dag.py
[2024-04-13T16:39:35.381+0000] {processor.py:830} INFO - Processing file /home/airflow/.local/lib/python3.12/site-packages/airflow/example_dags/example_trigger_controller_dag.py for tasks to queue
[2024-04-13T16:39:35.382+0000] {logging_mixin.py:188} INFO - [2024-04-13T16:39:35.381+0000] {dagbag.py:540} INFO - Filling up the DagBag from /home/airflow/.local/lib/python3.12/site-packages/airflow/example_dags/example_trigger_controller_dag.py
[2024-04-13T16:39:35.384+0000] {processor.py:840} INFO - DAG(s) 'example_trigger_controller_dag' retrieved from /home/airflow/.local/lib/python3.12/site-packages/airflow/example_dags/example_trigger_controller_dag.py
[2024-04-13T16:39:35.393+0000] {logging_mixin.py:188} INFO - [2024-04-13T16:39:35.393+0000] {dag.py:3096} INFO - Sync 1 DAGs
[2024-04-13T16:39:35.402+0000] {logging_mixin.py:188} INFO - [2024-04-13T16:39:35.401+0000] {dag.py:3954} INFO - Setting next_dagrun for example_trigger_controller_dag to 2021-01-01 00:00:00+00:00, run_after=2021-01-01 00:00:00+00:00
[2024-04-13T16:39:35.408+0000] {processor.py:183} INFO - Processing /home/airflow/.local/lib/python3.12/site-packages/airflow/example_dags/example_trigger_controller_dag.py took 0.031 seconds
[2024-04-13T16:40:05.905+0000] {processor.py:161} INFO - Started process (PID=3203) to work on /home/airflow/.local/lib/python3.12/site-packages/airflow/example_dags/example_trigger_controller_dag.py
[2024-04-13T16:40:05.905+0000] {processor.py:830} INFO - Processing file /home/airflow/.local/lib/python3.12/site-packages/airflow/example_dags/example_trigger_controller_dag.py for tasks to queue
[2024-04-13T16:40:05.906+0000] {logging_mixin.py:188} INFO - [2024-04-13T16:40:05.906+0000] {dagbag.py:540} INFO - Filling up the DagBag from /home/airflow/.local/lib/python3.12/site-packages/airflow/example_dags/example_trigger_controller_dag.py
[2024-04-13T16:40:05.908+0000] {processor.py:840} INFO - DAG(s) 'example_trigger_controller_dag' retrieved from /home/airflow/.local/lib/python3.12/site-packages/airflow/example_dags/example_trigger_controller_dag.py
[2024-04-13T16:40:05.916+0000] {logging_mixin.py:188} INFO - [2024-04-13T16:40:05.916+0000] {dag.py:3096} INFO - Sync 1 DAGs
[2024-04-13T16:40:05.924+0000] {logging_mixin.py:188} INFO - [2024-04-13T16:40:05.924+0000] {dag.py:3954} INFO - Setting next_dagrun for example_trigger_controller_dag to 2021-01-01 00:00:00+00:00, run_after=2021-01-01 00:00:00+00:00
[2024-04-13T16:40:05.930+0000] {processor.py:183} INFO - Processing /home/airflow/.local/lib/python3.12/site-packages/airflow/example_dags/example_trigger_controller_dag.py took 0.028 seconds
[2024-04-13T16:40:36.407+0000] {processor.py:161} INFO - Started process (PID=3261) to work on /home/airflow/.local/lib/python3.12/site-packages/airflow/example_dags/example_trigger_controller_dag.py
[2024-04-13T16:40:36.408+0000] {processor.py:830} INFO - Processing file /home/airflow/.local/lib/python3.12/site-packages/airflow/example_dags/example_trigger_controller_dag.py for tasks to queue
[2024-04-13T16:40:36.409+0000] {logging_mixin.py:188} INFO - [2024-04-13T16:40:36.409+0000] {dagbag.py:540} INFO - Filling up the DagBag from /home/airflow/.local/lib/python3.12/site-packages/airflow/example_dags/example_trigger_controller_dag.py
[2024-04-13T16:40:36.412+0000] {processor.py:840} INFO - DAG(s) 'example_trigger_controller_dag' retrieved from /home/airflow/.local/lib/python3.12/site-packages/airflow/example_dags/example_trigger_controller_dag.py
[2024-04-13T16:40:36.420+0000] {logging_mixin.py:188} INFO - [2024-04-13T16:40:36.420+0000] {dag.py:3096} INFO - Sync 1 DAGs
[2024-04-13T16:40:36.428+0000] {logging_mixin.py:188} INFO - [2024-04-13T16:40:36.428+0000] {dag.py:3954} INFO - Setting next_dagrun for example_trigger_controller_dag to 2021-01-01 00:00:00+00:00, run_after=2021-01-01 00:00:00+00:00
[2024-04-13T16:40:36.435+0000] {processor.py:183} INFO - Processing /home/airflow/.local/lib/python3.12/site-packages/airflow/example_dags/example_trigger_controller_dag.py took 0.030 seconds
[2024-04-13T16:41:06.997+0000] {processor.py:161} INFO - Started process (PID=3319) to work on /home/airflow/.local/lib/python3.12/site-packages/airflow/example_dags/example_trigger_controller_dag.py
[2024-04-13T16:41:06.997+0000] {processor.py:830} INFO - Processing file /home/airflow/.local/lib/python3.12/site-packages/airflow/example_dags/example_trigger_controller_dag.py for tasks to queue
[2024-04-13T16:41:06.998+0000] {logging_mixin.py:188} INFO - [2024-04-13T16:41:06.998+0000] {dagbag.py:540} INFO - Filling up the DagBag from /home/airflow/.local/lib/python3.12/site-packages/airflow/example_dags/example_trigger_controller_dag.py
[2024-04-13T16:41:07.000+0000] {processor.py:840} INFO - DAG(s) 'example_trigger_controller_dag' retrieved from /home/airflow/.local/lib/python3.12/site-packages/airflow/example_dags/example_trigger_controller_dag.py
[2024-04-13T16:41:07.010+0000] {logging_mixin.py:188} INFO - [2024-04-13T16:41:07.010+0000] {dag.py:3096} INFO - Sync 1 DAGs
[2024-04-13T16:41:07.019+0000] {logging_mixin.py:188} INFO - [2024-04-13T16:41:07.018+0000] {dag.py:3954} INFO - Setting next_dagrun for example_trigger_controller_dag to 2021-01-01 00:00:00+00:00, run_after=2021-01-01 00:00:00+00:00
[2024-04-13T16:41:07.025+0000] {processor.py:183} INFO - Processing /home/airflow/.local/lib/python3.12/site-packages/airflow/example_dags/example_trigger_controller_dag.py took 0.031 seconds
