[2024-04-13T16:12:32.358+0000] {processor.py:161} INFO - Started process (PID=73) to work on /home/airflow/.local/lib/python3.12/site-packages/airflow/example_dags/example_nested_branch_dag.py
[2024-04-13T16:12:32.359+0000] {processor.py:830} INFO - Processing file /home/airflow/.local/lib/python3.12/site-packages/airflow/example_dags/example_nested_branch_dag.py for tasks to queue
[2024-04-13T16:12:32.362+0000] {logging_mixin.py:188} INFO - [2024-04-13T16:12:32.361+0000] {dagbag.py:540} INFO - Filling up the DagBag from /home/airflow/.local/lib/python3.12/site-packages/airflow/example_dags/example_nested_branch_dag.py
[2024-04-13T16:12:32.373+0000] {processor.py:840} INFO - DAG(s) 'example_nested_branch_dag' retrieved from /home/airflow/.local/lib/python3.12/site-packages/airflow/example_dags/example_nested_branch_dag.py
[2024-04-13T16:12:32.385+0000] {logging_mixin.py:188} INFO - [2024-04-13T16:12:32.385+0000] {dag.py:3096} INFO - Sync 1 DAGs
[2024-04-13T16:12:32.401+0000] {logging_mixin.py:188} INFO - [2024-04-13T16:12:32.401+0000] {dag.py:3954} INFO - Setting next_dagrun for example_nested_branch_dag to 2024-04-12 00:00:00+00:00, run_after=2024-04-13 00:00:00+00:00
[2024-04-13T16:12:32.416+0000] {processor.py:183} INFO - Processing /home/airflow/.local/lib/python3.12/site-packages/airflow/example_dags/example_nested_branch_dag.py took 0.069 seconds
[2024-04-13T16:13:02.893+0000] {processor.py:161} INFO - Started process (PID=131) to work on /home/airflow/.local/lib/python3.12/site-packages/airflow/example_dags/example_nested_branch_dag.py
[2024-04-13T16:13:02.893+0000] {processor.py:830} INFO - Processing file /home/airflow/.local/lib/python3.12/site-packages/airflow/example_dags/example_nested_branch_dag.py for tasks to queue
[2024-04-13T16:13:02.894+0000] {logging_mixin.py:188} INFO - [2024-04-13T16:13:02.894+0000] {dagbag.py:540} INFO - Filling up the DagBag from /home/airflow/.local/lib/python3.12/site-packages/airflow/example_dags/example_nested_branch_dag.py
[2024-04-13T16:13:02.898+0000] {processor.py:840} INFO - DAG(s) 'example_nested_branch_dag' retrieved from /home/airflow/.local/lib/python3.12/site-packages/airflow/example_dags/example_nested_branch_dag.py
[2024-04-13T16:13:02.934+0000] {logging_mixin.py:188} INFO - [2024-04-13T16:13:02.934+0000] {dag.py:3096} INFO - Sync 1 DAGs
[2024-04-13T16:13:02.942+0000] {logging_mixin.py:188} INFO - [2024-04-13T16:13:02.942+0000] {dag.py:3954} INFO - Setting next_dagrun for example_nested_branch_dag to 2024-04-12 00:00:00+00:00, run_after=2024-04-13 00:00:00+00:00
[2024-04-13T16:13:02.948+0000] {processor.py:183} INFO - Processing /home/airflow/.local/lib/python3.12/site-packages/airflow/example_dags/example_nested_branch_dag.py took 0.058 seconds
[2024-04-13T16:13:33.490+0000] {processor.py:161} INFO - Started process (PID=189) to work on /home/airflow/.local/lib/python3.12/site-packages/airflow/example_dags/example_nested_branch_dag.py
[2024-04-13T16:13:33.490+0000] {processor.py:830} INFO - Processing file /home/airflow/.local/lib/python3.12/site-packages/airflow/example_dags/example_nested_branch_dag.py for tasks to queue
[2024-04-13T16:13:33.491+0000] {logging_mixin.py:188} INFO - [2024-04-13T16:13:33.491+0000] {dagbag.py:540} INFO - Filling up the DagBag from /home/airflow/.local/lib/python3.12/site-packages/airflow/example_dags/example_nested_branch_dag.py
[2024-04-13T16:13:33.495+0000] {processor.py:840} INFO - DAG(s) 'example_nested_branch_dag' retrieved from /home/airflow/.local/lib/python3.12/site-packages/airflow/example_dags/example_nested_branch_dag.py
[2024-04-13T16:13:33.504+0000] {logging_mixin.py:188} INFO - [2024-04-13T16:13:33.504+0000] {dag.py:3096} INFO - Sync 1 DAGs
[2024-04-13T16:13:33.512+0000] {logging_mixin.py:188} INFO - [2024-04-13T16:13:33.512+0000] {dag.py:3954} INFO - Setting next_dagrun for example_nested_branch_dag to 2024-04-12 00:00:00+00:00, run_after=2024-04-13 00:00:00+00:00
[2024-04-13T16:13:33.519+0000] {processor.py:183} INFO - Processing /home/airflow/.local/lib/python3.12/site-packages/airflow/example_dags/example_nested_branch_dag.py took 0.031 seconds
[2024-04-13T16:14:03.988+0000] {processor.py:161} INFO - Started process (PID=247) to work on /home/airflow/.local/lib/python3.12/site-packages/airflow/example_dags/example_nested_branch_dag.py
[2024-04-13T16:14:03.989+0000] {processor.py:830} INFO - Processing file /home/airflow/.local/lib/python3.12/site-packages/airflow/example_dags/example_nested_branch_dag.py for tasks to queue
[2024-04-13T16:14:03.990+0000] {logging_mixin.py:188} INFO - [2024-04-13T16:14:03.989+0000] {dagbag.py:540} INFO - Filling up the DagBag from /home/airflow/.local/lib/python3.12/site-packages/airflow/example_dags/example_nested_branch_dag.py
[2024-04-13T16:14:03.994+0000] {processor.py:840} INFO - DAG(s) 'example_nested_branch_dag' retrieved from /home/airflow/.local/lib/python3.12/site-packages/airflow/example_dags/example_nested_branch_dag.py
[2024-04-13T16:14:04.003+0000] {logging_mixin.py:188} INFO - [2024-04-13T16:14:04.003+0000] {dag.py:3096} INFO - Sync 1 DAGs
[2024-04-13T16:14:04.013+0000] {logging_mixin.py:188} INFO - [2024-04-13T16:14:04.013+0000] {dag.py:3954} INFO - Setting next_dagrun for example_nested_branch_dag to 2024-04-12 00:00:00+00:00, run_after=2024-04-13 00:00:00+00:00
[2024-04-13T16:14:04.020+0000] {processor.py:183} INFO - Processing /home/airflow/.local/lib/python3.12/site-packages/airflow/example_dags/example_nested_branch_dag.py took 0.034 seconds
[2024-04-13T16:14:34.424+0000] {processor.py:161} INFO - Started process (PID=305) to work on /home/airflow/.local/lib/python3.12/site-packages/airflow/example_dags/example_nested_branch_dag.py
[2024-04-13T16:14:34.424+0000] {processor.py:830} INFO - Processing file /home/airflow/.local/lib/python3.12/site-packages/airflow/example_dags/example_nested_branch_dag.py for tasks to queue
[2024-04-13T16:14:34.425+0000] {logging_mixin.py:188} INFO - [2024-04-13T16:14:34.425+0000] {dagbag.py:540} INFO - Filling up the DagBag from /home/airflow/.local/lib/python3.12/site-packages/airflow/example_dags/example_nested_branch_dag.py
[2024-04-13T16:14:34.429+0000] {processor.py:840} INFO - DAG(s) 'example_nested_branch_dag' retrieved from /home/airflow/.local/lib/python3.12/site-packages/airflow/example_dags/example_nested_branch_dag.py
[2024-04-13T16:14:34.438+0000] {logging_mixin.py:188} INFO - [2024-04-13T16:14:34.438+0000] {dag.py:3096} INFO - Sync 1 DAGs
[2024-04-13T16:14:34.446+0000] {logging_mixin.py:188} INFO - [2024-04-13T16:14:34.446+0000] {dag.py:3954} INFO - Setting next_dagrun for example_nested_branch_dag to 2024-04-12 00:00:00+00:00, run_after=2024-04-13 00:00:00+00:00
[2024-04-13T16:14:34.453+0000] {processor.py:183} INFO - Processing /home/airflow/.local/lib/python3.12/site-packages/airflow/example_dags/example_nested_branch_dag.py took 0.031 seconds
[2024-04-13T16:15:04.906+0000] {processor.py:161} INFO - Started process (PID=363) to work on /home/airflow/.local/lib/python3.12/site-packages/airflow/example_dags/example_nested_branch_dag.py
[2024-04-13T16:15:04.907+0000] {processor.py:830} INFO - Processing file /home/airflow/.local/lib/python3.12/site-packages/airflow/example_dags/example_nested_branch_dag.py for tasks to queue
[2024-04-13T16:15:04.908+0000] {logging_mixin.py:188} INFO - [2024-04-13T16:15:04.908+0000] {dagbag.py:540} INFO - Filling up the DagBag from /home/airflow/.local/lib/python3.12/site-packages/airflow/example_dags/example_nested_branch_dag.py
[2024-04-13T16:15:04.912+0000] {processor.py:840} INFO - DAG(s) 'example_nested_branch_dag' retrieved from /home/airflow/.local/lib/python3.12/site-packages/airflow/example_dags/example_nested_branch_dag.py
[2024-04-13T16:15:04.921+0000] {logging_mixin.py:188} INFO - [2024-04-13T16:15:04.921+0000] {dag.py:3096} INFO - Sync 1 DAGs
[2024-04-13T16:15:04.930+0000] {logging_mixin.py:188} INFO - [2024-04-13T16:15:04.930+0000] {dag.py:3954} INFO - Setting next_dagrun for example_nested_branch_dag to 2024-04-12 00:00:00+00:00, run_after=2024-04-13 00:00:00+00:00
[2024-04-13T16:15:04.937+0000] {processor.py:183} INFO - Processing /home/airflow/.local/lib/python3.12/site-packages/airflow/example_dags/example_nested_branch_dag.py took 0.033 seconds
[2024-04-13T16:15:35.456+0000] {processor.py:161} INFO - Started process (PID=421) to work on /home/airflow/.local/lib/python3.12/site-packages/airflow/example_dags/example_nested_branch_dag.py
[2024-04-13T16:15:35.457+0000] {processor.py:830} INFO - Processing file /home/airflow/.local/lib/python3.12/site-packages/airflow/example_dags/example_nested_branch_dag.py for tasks to queue
[2024-04-13T16:15:35.458+0000] {logging_mixin.py:188} INFO - [2024-04-13T16:15:35.458+0000] {dagbag.py:540} INFO - Filling up the DagBag from /home/airflow/.local/lib/python3.12/site-packages/airflow/example_dags/example_nested_branch_dag.py
[2024-04-13T16:15:35.462+0000] {processor.py:840} INFO - DAG(s) 'example_nested_branch_dag' retrieved from /home/airflow/.local/lib/python3.12/site-packages/airflow/example_dags/example_nested_branch_dag.py
[2024-04-13T16:15:35.470+0000] {logging_mixin.py:188} INFO - [2024-04-13T16:15:35.470+0000] {dag.py:3096} INFO - Sync 1 DAGs
[2024-04-13T16:15:35.478+0000] {logging_mixin.py:188} INFO - [2024-04-13T16:15:35.478+0000] {dag.py:3954} INFO - Setting next_dagrun for example_nested_branch_dag to 2024-04-12 00:00:00+00:00, run_after=2024-04-13 00:00:00+00:00
[2024-04-13T16:15:35.485+0000] {processor.py:183} INFO - Processing /home/airflow/.local/lib/python3.12/site-packages/airflow/example_dags/example_nested_branch_dag.py took 0.031 seconds
[2024-04-13T16:16:05.992+0000] {processor.py:161} INFO - Started process (PID=479) to work on /home/airflow/.local/lib/python3.12/site-packages/airflow/example_dags/example_nested_branch_dag.py
[2024-04-13T16:16:05.993+0000] {processor.py:830} INFO - Processing file /home/airflow/.local/lib/python3.12/site-packages/airflow/example_dags/example_nested_branch_dag.py for tasks to queue
[2024-04-13T16:16:05.993+0000] {logging_mixin.py:188} INFO - [2024-04-13T16:16:05.993+0000] {dagbag.py:540} INFO - Filling up the DagBag from /home/airflow/.local/lib/python3.12/site-packages/airflow/example_dags/example_nested_branch_dag.py
[2024-04-13T16:16:05.997+0000] {processor.py:840} INFO - DAG(s) 'example_nested_branch_dag' retrieved from /home/airflow/.local/lib/python3.12/site-packages/airflow/example_dags/example_nested_branch_dag.py
[2024-04-13T16:16:06.006+0000] {logging_mixin.py:188} INFO - [2024-04-13T16:16:06.006+0000] {dag.py:3096} INFO - Sync 1 DAGs
[2024-04-13T16:16:06.014+0000] {logging_mixin.py:188} INFO - [2024-04-13T16:16:06.014+0000] {dag.py:3954} INFO - Setting next_dagrun for example_nested_branch_dag to 2024-04-12 00:00:00+00:00, run_after=2024-04-13 00:00:00+00:00
[2024-04-13T16:16:06.021+0000] {processor.py:183} INFO - Processing /home/airflow/.local/lib/python3.12/site-packages/airflow/example_dags/example_nested_branch_dag.py took 0.031 seconds
[2024-04-13T16:16:36.701+0000] {processor.py:161} INFO - Started process (PID=537) to work on /home/airflow/.local/lib/python3.12/site-packages/airflow/example_dags/example_nested_branch_dag.py
[2024-04-13T16:16:36.701+0000] {processor.py:830} INFO - Processing file /home/airflow/.local/lib/python3.12/site-packages/airflow/example_dags/example_nested_branch_dag.py for tasks to queue
[2024-04-13T16:16:36.702+0000] {logging_mixin.py:188} INFO - [2024-04-13T16:16:36.702+0000] {dagbag.py:540} INFO - Filling up the DagBag from /home/airflow/.local/lib/python3.12/site-packages/airflow/example_dags/example_nested_branch_dag.py
[2024-04-13T16:16:36.707+0000] {processor.py:840} INFO - DAG(s) 'example_nested_branch_dag' retrieved from /home/airflow/.local/lib/python3.12/site-packages/airflow/example_dags/example_nested_branch_dag.py
[2024-04-13T16:16:36.716+0000] {logging_mixin.py:188} INFO - [2024-04-13T16:16:36.716+0000] {dag.py:3096} INFO - Sync 1 DAGs
[2024-04-13T16:16:36.726+0000] {logging_mixin.py:188} INFO - [2024-04-13T16:16:36.725+0000] {dag.py:3954} INFO - Setting next_dagrun for example_nested_branch_dag to 2024-04-12 00:00:00+00:00, run_after=2024-04-13 00:00:00+00:00
[2024-04-13T16:16:36.733+0000] {processor.py:183} INFO - Processing /home/airflow/.local/lib/python3.12/site-packages/airflow/example_dags/example_nested_branch_dag.py took 0.035 seconds
[2024-04-13T16:17:07.199+0000] {processor.py:161} INFO - Started process (PID=595) to work on /home/airflow/.local/lib/python3.12/site-packages/airflow/example_dags/example_nested_branch_dag.py
[2024-04-13T16:17:07.199+0000] {processor.py:830} INFO - Processing file /home/airflow/.local/lib/python3.12/site-packages/airflow/example_dags/example_nested_branch_dag.py for tasks to queue
[2024-04-13T16:17:07.200+0000] {logging_mixin.py:188} INFO - [2024-04-13T16:17:07.200+0000] {dagbag.py:540} INFO - Filling up the DagBag from /home/airflow/.local/lib/python3.12/site-packages/airflow/example_dags/example_nested_branch_dag.py
[2024-04-13T16:17:07.204+0000] {processor.py:840} INFO - DAG(s) 'example_nested_branch_dag' retrieved from /home/airflow/.local/lib/python3.12/site-packages/airflow/example_dags/example_nested_branch_dag.py
[2024-04-13T16:17:07.214+0000] {logging_mixin.py:188} INFO - [2024-04-13T16:17:07.213+0000] {dag.py:3096} INFO - Sync 1 DAGs
[2024-04-13T16:17:07.222+0000] {logging_mixin.py:188} INFO - [2024-04-13T16:17:07.222+0000] {dag.py:3954} INFO - Setting next_dagrun for example_nested_branch_dag to 2024-04-12 00:00:00+00:00, run_after=2024-04-13 00:00:00+00:00
[2024-04-13T16:17:07.229+0000] {processor.py:183} INFO - Processing /home/airflow/.local/lib/python3.12/site-packages/airflow/example_dags/example_nested_branch_dag.py took 0.032 seconds
[2024-04-13T16:17:37.877+0000] {processor.py:161} INFO - Started process (PID=653) to work on /home/airflow/.local/lib/python3.12/site-packages/airflow/example_dags/example_nested_branch_dag.py
[2024-04-13T16:17:37.877+0000] {processor.py:830} INFO - Processing file /home/airflow/.local/lib/python3.12/site-packages/airflow/example_dags/example_nested_branch_dag.py for tasks to queue
[2024-04-13T16:17:37.878+0000] {logging_mixin.py:188} INFO - [2024-04-13T16:17:37.878+0000] {dagbag.py:540} INFO - Filling up the DagBag from /home/airflow/.local/lib/python3.12/site-packages/airflow/example_dags/example_nested_branch_dag.py
[2024-04-13T16:17:37.883+0000] {processor.py:840} INFO - DAG(s) 'example_nested_branch_dag' retrieved from /home/airflow/.local/lib/python3.12/site-packages/airflow/example_dags/example_nested_branch_dag.py
[2024-04-13T16:17:37.892+0000] {logging_mixin.py:188} INFO - [2024-04-13T16:17:37.892+0000] {dag.py:3096} INFO - Sync 1 DAGs
[2024-04-13T16:17:37.901+0000] {logging_mixin.py:188} INFO - [2024-04-13T16:17:37.901+0000] {dag.py:3954} INFO - Setting next_dagrun for example_nested_branch_dag to 2024-04-12 00:00:00+00:00, run_after=2024-04-13 00:00:00+00:00
[2024-04-13T16:17:37.908+0000] {processor.py:183} INFO - Processing /home/airflow/.local/lib/python3.12/site-packages/airflow/example_dags/example_nested_branch_dag.py took 0.034 seconds
[2024-04-13T16:18:08.490+0000] {processor.py:161} INFO - Started process (PID=711) to work on /home/airflow/.local/lib/python3.12/site-packages/airflow/example_dags/example_nested_branch_dag.py
[2024-04-13T16:18:08.491+0000] {processor.py:830} INFO - Processing file /home/airflow/.local/lib/python3.12/site-packages/airflow/example_dags/example_nested_branch_dag.py for tasks to queue
[2024-04-13T16:18:08.491+0000] {logging_mixin.py:188} INFO - [2024-04-13T16:18:08.491+0000] {dagbag.py:540} INFO - Filling up the DagBag from /home/airflow/.local/lib/python3.12/site-packages/airflow/example_dags/example_nested_branch_dag.py
[2024-04-13T16:18:08.496+0000] {processor.py:840} INFO - DAG(s) 'example_nested_branch_dag' retrieved from /home/airflow/.local/lib/python3.12/site-packages/airflow/example_dags/example_nested_branch_dag.py
[2024-04-13T16:18:08.504+0000] {logging_mixin.py:188} INFO - [2024-04-13T16:18:08.504+0000] {dag.py:3096} INFO - Sync 1 DAGs
[2024-04-13T16:18:08.512+0000] {logging_mixin.py:188} INFO - [2024-04-13T16:18:08.512+0000] {dag.py:3954} INFO - Setting next_dagrun for example_nested_branch_dag to 2024-04-12 00:00:00+00:00, run_after=2024-04-13 00:00:00+00:00
[2024-04-13T16:18:08.519+0000] {processor.py:183} INFO - Processing /home/airflow/.local/lib/python3.12/site-packages/airflow/example_dags/example_nested_branch_dag.py took 0.031 seconds
[2024-04-13T16:18:39.157+0000] {processor.py:161} INFO - Started process (PID=769) to work on /home/airflow/.local/lib/python3.12/site-packages/airflow/example_dags/example_nested_branch_dag.py
[2024-04-13T16:18:39.157+0000] {processor.py:830} INFO - Processing file /home/airflow/.local/lib/python3.12/site-packages/airflow/example_dags/example_nested_branch_dag.py for tasks to queue
[2024-04-13T16:18:39.158+0000] {logging_mixin.py:188} INFO - [2024-04-13T16:18:39.158+0000] {dagbag.py:540} INFO - Filling up the DagBag from /home/airflow/.local/lib/python3.12/site-packages/airflow/example_dags/example_nested_branch_dag.py
[2024-04-13T16:18:39.162+0000] {processor.py:840} INFO - DAG(s) 'example_nested_branch_dag' retrieved from /home/airflow/.local/lib/python3.12/site-packages/airflow/example_dags/example_nested_branch_dag.py
[2024-04-13T16:18:39.171+0000] {logging_mixin.py:188} INFO - [2024-04-13T16:18:39.171+0000] {dag.py:3096} INFO - Sync 1 DAGs
[2024-04-13T16:18:39.181+0000] {logging_mixin.py:188} INFO - [2024-04-13T16:18:39.180+0000] {dag.py:3954} INFO - Setting next_dagrun for example_nested_branch_dag to 2024-04-12 00:00:00+00:00, run_after=2024-04-13 00:00:00+00:00
[2024-04-13T16:18:39.187+0000] {processor.py:183} INFO - Processing /home/airflow/.local/lib/python3.12/site-packages/airflow/example_dags/example_nested_branch_dag.py took 0.033 seconds
[2024-04-13T16:19:10.105+0000] {processor.py:161} INFO - Started process (PID=826) to work on /home/airflow/.local/lib/python3.12/site-packages/airflow/example_dags/example_nested_branch_dag.py
[2024-04-13T16:19:10.106+0000] {processor.py:830} INFO - Processing file /home/airflow/.local/lib/python3.12/site-packages/airflow/example_dags/example_nested_branch_dag.py for tasks to queue
[2024-04-13T16:19:10.106+0000] {logging_mixin.py:188} INFO - [2024-04-13T16:19:10.106+0000] {dagbag.py:540} INFO - Filling up the DagBag from /home/airflow/.local/lib/python3.12/site-packages/airflow/example_dags/example_nested_branch_dag.py
[2024-04-13T16:19:10.110+0000] {processor.py:840} INFO - DAG(s) 'example_nested_branch_dag' retrieved from /home/airflow/.local/lib/python3.12/site-packages/airflow/example_dags/example_nested_branch_dag.py
[2024-04-13T16:19:10.119+0000] {logging_mixin.py:188} INFO - [2024-04-13T16:19:10.119+0000] {dag.py:3096} INFO - Sync 1 DAGs
[2024-04-13T16:19:10.127+0000] {logging_mixin.py:188} INFO - [2024-04-13T16:19:10.127+0000] {dag.py:3954} INFO - Setting next_dagrun for example_nested_branch_dag to 2024-04-12 00:00:00+00:00, run_after=2024-04-13 00:00:00+00:00
[2024-04-13T16:19:10.134+0000] {processor.py:183} INFO - Processing /home/airflow/.local/lib/python3.12/site-packages/airflow/example_dags/example_nested_branch_dag.py took 0.031 seconds
[2024-04-13T16:19:41.437+0000] {processor.py:161} INFO - Started process (PID=884) to work on /home/airflow/.local/lib/python3.12/site-packages/airflow/example_dags/example_nested_branch_dag.py
[2024-04-13T16:19:41.437+0000] {processor.py:830} INFO - Processing file /home/airflow/.local/lib/python3.12/site-packages/airflow/example_dags/example_nested_branch_dag.py for tasks to queue
[2024-04-13T16:19:41.438+0000] {logging_mixin.py:188} INFO - [2024-04-13T16:19:41.438+0000] {dagbag.py:540} INFO - Filling up the DagBag from /home/airflow/.local/lib/python3.12/site-packages/airflow/example_dags/example_nested_branch_dag.py
[2024-04-13T16:19:41.443+0000] {processor.py:840} INFO - DAG(s) 'example_nested_branch_dag' retrieved from /home/airflow/.local/lib/python3.12/site-packages/airflow/example_dags/example_nested_branch_dag.py
[2024-04-13T16:19:41.452+0000] {logging_mixin.py:188} INFO - [2024-04-13T16:19:41.452+0000] {dag.py:3096} INFO - Sync 1 DAGs
[2024-04-13T16:19:41.460+0000] {logging_mixin.py:188} INFO - [2024-04-13T16:19:41.460+0000] {dag.py:3954} INFO - Setting next_dagrun for example_nested_branch_dag to 2024-04-12 00:00:00+00:00, run_after=2024-04-13 00:00:00+00:00
[2024-04-13T16:19:41.467+0000] {processor.py:183} INFO - Processing /home/airflow/.local/lib/python3.12/site-packages/airflow/example_dags/example_nested_branch_dag.py took 0.033 seconds
[2024-04-13T16:20:12.482+0000] {processor.py:161} INFO - Started process (PID=942) to work on /home/airflow/.local/lib/python3.12/site-packages/airflow/example_dags/example_nested_branch_dag.py
[2024-04-13T16:20:12.483+0000] {processor.py:830} INFO - Processing file /home/airflow/.local/lib/python3.12/site-packages/airflow/example_dags/example_nested_branch_dag.py for tasks to queue
[2024-04-13T16:20:12.483+0000] {logging_mixin.py:188} INFO - [2024-04-13T16:20:12.483+0000] {dagbag.py:540} INFO - Filling up the DagBag from /home/airflow/.local/lib/python3.12/site-packages/airflow/example_dags/example_nested_branch_dag.py
[2024-04-13T16:20:12.488+0000] {processor.py:840} INFO - DAG(s) 'example_nested_branch_dag' retrieved from /home/airflow/.local/lib/python3.12/site-packages/airflow/example_dags/example_nested_branch_dag.py
[2024-04-13T16:20:12.496+0000] {logging_mixin.py:188} INFO - [2024-04-13T16:20:12.496+0000] {dag.py:3096} INFO - Sync 1 DAGs
[2024-04-13T16:20:12.594+0000] {logging_mixin.py:188} INFO - [2024-04-13T16:20:12.594+0000] {dag.py:3954} INFO - Setting next_dagrun for example_nested_branch_dag to 2024-04-12 00:00:00+00:00, run_after=2024-04-13 00:00:00+00:00
[2024-04-13T16:20:12.601+0000] {processor.py:183} INFO - Processing /home/airflow/.local/lib/python3.12/site-packages/airflow/example_dags/example_nested_branch_dag.py took 0.122 seconds
[2024-04-13T16:20:43.262+0000] {processor.py:161} INFO - Started process (PID=1000) to work on /home/airflow/.local/lib/python3.12/site-packages/airflow/example_dags/example_nested_branch_dag.py
[2024-04-13T16:20:43.262+0000] {processor.py:830} INFO - Processing file /home/airflow/.local/lib/python3.12/site-packages/airflow/example_dags/example_nested_branch_dag.py for tasks to queue
[2024-04-13T16:20:43.263+0000] {logging_mixin.py:188} INFO - [2024-04-13T16:20:43.263+0000] {dagbag.py:540} INFO - Filling up the DagBag from /home/airflow/.local/lib/python3.12/site-packages/airflow/example_dags/example_nested_branch_dag.py
[2024-04-13T16:20:43.268+0000] {processor.py:840} INFO - DAG(s) 'example_nested_branch_dag' retrieved from /home/airflow/.local/lib/python3.12/site-packages/airflow/example_dags/example_nested_branch_dag.py
[2024-04-13T16:20:43.278+0000] {logging_mixin.py:188} INFO - [2024-04-13T16:20:43.278+0000] {dag.py:3096} INFO - Sync 1 DAGs
[2024-04-13T16:20:43.287+0000] {logging_mixin.py:188} INFO - [2024-04-13T16:20:43.287+0000] {dag.py:3954} INFO - Setting next_dagrun for example_nested_branch_dag to 2024-04-12 00:00:00+00:00, run_after=2024-04-13 00:00:00+00:00
[2024-04-13T16:20:43.388+0000] {processor.py:183} INFO - Processing /home/airflow/.local/lib/python3.12/site-packages/airflow/example_dags/example_nested_branch_dag.py took 0.129 seconds
[2024-04-13T16:21:14.359+0000] {processor.py:161} INFO - Started process (PID=1058) to work on /home/airflow/.local/lib/python3.12/site-packages/airflow/example_dags/example_nested_branch_dag.py
[2024-04-13T16:21:14.360+0000] {processor.py:830} INFO - Processing file /home/airflow/.local/lib/python3.12/site-packages/airflow/example_dags/example_nested_branch_dag.py for tasks to queue
[2024-04-13T16:21:14.361+0000] {logging_mixin.py:188} INFO - [2024-04-13T16:21:14.361+0000] {dagbag.py:540} INFO - Filling up the DagBag from /home/airflow/.local/lib/python3.12/site-packages/airflow/example_dags/example_nested_branch_dag.py
[2024-04-13T16:21:14.369+0000] {processor.py:840} INFO - DAG(s) 'example_nested_branch_dag' retrieved from /home/airflow/.local/lib/python3.12/site-packages/airflow/example_dags/example_nested_branch_dag.py
[2024-04-13T16:21:14.383+0000] {logging_mixin.py:188} INFO - [2024-04-13T16:21:14.383+0000] {dag.py:3096} INFO - Sync 1 DAGs
[2024-04-13T16:21:14.394+0000] {logging_mixin.py:188} INFO - [2024-04-13T16:21:14.394+0000] {dag.py:3954} INFO - Setting next_dagrun for example_nested_branch_dag to 2024-04-12 00:00:00+00:00, run_after=2024-04-13 00:00:00+00:00
[2024-04-13T16:21:14.403+0000] {processor.py:183} INFO - Processing /home/airflow/.local/lib/python3.12/site-packages/airflow/example_dags/example_nested_branch_dag.py took 0.050 seconds
[2024-04-13T16:21:45.108+0000] {processor.py:161} INFO - Started process (PID=1116) to work on /home/airflow/.local/lib/python3.12/site-packages/airflow/example_dags/example_nested_branch_dag.py
[2024-04-13T16:21:45.110+0000] {processor.py:830} INFO - Processing file /home/airflow/.local/lib/python3.12/site-packages/airflow/example_dags/example_nested_branch_dag.py for tasks to queue
[2024-04-13T16:21:45.111+0000] {logging_mixin.py:188} INFO - [2024-04-13T16:21:45.111+0000] {dagbag.py:540} INFO - Filling up the DagBag from /home/airflow/.local/lib/python3.12/site-packages/airflow/example_dags/example_nested_branch_dag.py
[2024-04-13T16:21:45.120+0000] {processor.py:840} INFO - DAG(s) 'example_nested_branch_dag' retrieved from /home/airflow/.local/lib/python3.12/site-packages/airflow/example_dags/example_nested_branch_dag.py
[2024-04-13T16:21:45.133+0000] {logging_mixin.py:188} INFO - [2024-04-13T16:21:45.133+0000] {dag.py:3096} INFO - Sync 1 DAGs
[2024-04-13T16:21:45.145+0000] {logging_mixin.py:188} INFO - [2024-04-13T16:21:45.145+0000] {dag.py:3954} INFO - Setting next_dagrun for example_nested_branch_dag to 2024-04-12 00:00:00+00:00, run_after=2024-04-13 00:00:00+00:00
[2024-04-13T16:21:45.154+0000] {processor.py:183} INFO - Processing /home/airflow/.local/lib/python3.12/site-packages/airflow/example_dags/example_nested_branch_dag.py took 0.051 seconds
[2024-04-13T16:22:15.641+0000] {processor.py:161} INFO - Started process (PID=1174) to work on /home/airflow/.local/lib/python3.12/site-packages/airflow/example_dags/example_nested_branch_dag.py
[2024-04-13T16:22:15.642+0000] {processor.py:830} INFO - Processing file /home/airflow/.local/lib/python3.12/site-packages/airflow/example_dags/example_nested_branch_dag.py for tasks to queue
[2024-04-13T16:22:15.643+0000] {logging_mixin.py:188} INFO - [2024-04-13T16:22:15.643+0000] {dagbag.py:540} INFO - Filling up the DagBag from /home/airflow/.local/lib/python3.12/site-packages/airflow/example_dags/example_nested_branch_dag.py
[2024-04-13T16:22:15.651+0000] {processor.py:840} INFO - DAG(s) 'example_nested_branch_dag' retrieved from /home/airflow/.local/lib/python3.12/site-packages/airflow/example_dags/example_nested_branch_dag.py
[2024-04-13T16:22:15.664+0000] {logging_mixin.py:188} INFO - [2024-04-13T16:22:15.664+0000] {dag.py:3096} INFO - Sync 1 DAGs
[2024-04-13T16:22:15.676+0000] {logging_mixin.py:188} INFO - [2024-04-13T16:22:15.676+0000] {dag.py:3954} INFO - Setting next_dagrun for example_nested_branch_dag to 2024-04-12 00:00:00+00:00, run_after=2024-04-13 00:00:00+00:00
[2024-04-13T16:22:15.684+0000] {processor.py:183} INFO - Processing /home/airflow/.local/lib/python3.12/site-packages/airflow/example_dags/example_nested_branch_dag.py took 0.049 seconds
[2024-04-13T16:22:46.251+0000] {processor.py:161} INFO - Started process (PID=1232) to work on /home/airflow/.local/lib/python3.12/site-packages/airflow/example_dags/example_nested_branch_dag.py
[2024-04-13T16:22:46.253+0000] {processor.py:830} INFO - Processing file /home/airflow/.local/lib/python3.12/site-packages/airflow/example_dags/example_nested_branch_dag.py for tasks to queue
[2024-04-13T16:22:46.255+0000] {logging_mixin.py:188} INFO - [2024-04-13T16:22:46.255+0000] {dagbag.py:540} INFO - Filling up the DagBag from /home/airflow/.local/lib/python3.12/site-packages/airflow/example_dags/example_nested_branch_dag.py
[2024-04-13T16:22:46.263+0000] {processor.py:840} INFO - DAG(s) 'example_nested_branch_dag' retrieved from /home/airflow/.local/lib/python3.12/site-packages/airflow/example_dags/example_nested_branch_dag.py
[2024-04-13T16:22:46.275+0000] {logging_mixin.py:188} INFO - [2024-04-13T16:22:46.275+0000] {dag.py:3096} INFO - Sync 1 DAGs
[2024-04-13T16:22:46.289+0000] {logging_mixin.py:188} INFO - [2024-04-13T16:22:46.289+0000] {dag.py:3954} INFO - Setting next_dagrun for example_nested_branch_dag to 2024-04-12 00:00:00+00:00, run_after=2024-04-13 00:00:00+00:00
[2024-04-13T16:22:46.298+0000] {processor.py:183} INFO - Processing /home/airflow/.local/lib/python3.12/site-packages/airflow/example_dags/example_nested_branch_dag.py took 0.052 seconds
[2024-04-13T16:23:16.932+0000] {processor.py:161} INFO - Started process (PID=1290) to work on /home/airflow/.local/lib/python3.12/site-packages/airflow/example_dags/example_nested_branch_dag.py
[2024-04-13T16:23:16.933+0000] {processor.py:830} INFO - Processing file /home/airflow/.local/lib/python3.12/site-packages/airflow/example_dags/example_nested_branch_dag.py for tasks to queue
[2024-04-13T16:23:16.934+0000] {logging_mixin.py:188} INFO - [2024-04-13T16:23:16.934+0000] {dagbag.py:540} INFO - Filling up the DagBag from /home/airflow/.local/lib/python3.12/site-packages/airflow/example_dags/example_nested_branch_dag.py
[2024-04-13T16:23:16.942+0000] {processor.py:840} INFO - DAG(s) 'example_nested_branch_dag' retrieved from /home/airflow/.local/lib/python3.12/site-packages/airflow/example_dags/example_nested_branch_dag.py
[2024-04-13T16:23:16.955+0000] {logging_mixin.py:188} INFO - [2024-04-13T16:23:16.955+0000] {dag.py:3096} INFO - Sync 1 DAGs
[2024-04-13T16:23:16.967+0000] {logging_mixin.py:188} INFO - [2024-04-13T16:23:16.966+0000] {dag.py:3954} INFO - Setting next_dagrun for example_nested_branch_dag to 2024-04-12 00:00:00+00:00, run_after=2024-04-13 00:00:00+00:00
[2024-04-13T16:23:16.974+0000] {processor.py:183} INFO - Processing /home/airflow/.local/lib/python3.12/site-packages/airflow/example_dags/example_nested_branch_dag.py took 0.048 seconds
[2024-04-13T16:23:47.484+0000] {processor.py:161} INFO - Started process (PID=1348) to work on /home/airflow/.local/lib/python3.12/site-packages/airflow/example_dags/example_nested_branch_dag.py
[2024-04-13T16:23:47.485+0000] {processor.py:830} INFO - Processing file /home/airflow/.local/lib/python3.12/site-packages/airflow/example_dags/example_nested_branch_dag.py for tasks to queue
[2024-04-13T16:23:47.487+0000] {logging_mixin.py:188} INFO - [2024-04-13T16:23:47.486+0000] {dagbag.py:540} INFO - Filling up the DagBag from /home/airflow/.local/lib/python3.12/site-packages/airflow/example_dags/example_nested_branch_dag.py
[2024-04-13T16:23:47.495+0000] {processor.py:840} INFO - DAG(s) 'example_nested_branch_dag' retrieved from /home/airflow/.local/lib/python3.12/site-packages/airflow/example_dags/example_nested_branch_dag.py
[2024-04-13T16:23:47.510+0000] {logging_mixin.py:188} INFO - [2024-04-13T16:23:47.510+0000] {dag.py:3096} INFO - Sync 1 DAGs
[2024-04-13T16:23:47.524+0000] {logging_mixin.py:188} INFO - [2024-04-13T16:23:47.524+0000] {dag.py:3954} INFO - Setting next_dagrun for example_nested_branch_dag to 2024-04-12 00:00:00+00:00, run_after=2024-04-13 00:00:00+00:00
[2024-04-13T16:23:47.535+0000] {processor.py:183} INFO - Processing /home/airflow/.local/lib/python3.12/site-packages/airflow/example_dags/example_nested_branch_dag.py took 0.057 seconds
[2024-04-13T16:24:18.096+0000] {processor.py:161} INFO - Started process (PID=1412) to work on /home/airflow/.local/lib/python3.12/site-packages/airflow/example_dags/example_nested_branch_dag.py
[2024-04-13T16:24:18.097+0000] {processor.py:830} INFO - Processing file /home/airflow/.local/lib/python3.12/site-packages/airflow/example_dags/example_nested_branch_dag.py for tasks to queue
[2024-04-13T16:24:18.099+0000] {logging_mixin.py:188} INFO - [2024-04-13T16:24:18.098+0000] {dagbag.py:540} INFO - Filling up the DagBag from /home/airflow/.local/lib/python3.12/site-packages/airflow/example_dags/example_nested_branch_dag.py
[2024-04-13T16:24:18.106+0000] {processor.py:840} INFO - DAG(s) 'example_nested_branch_dag' retrieved from /home/airflow/.local/lib/python3.12/site-packages/airflow/example_dags/example_nested_branch_dag.py
[2024-04-13T16:24:18.119+0000] {logging_mixin.py:188} INFO - [2024-04-13T16:24:18.119+0000] {dag.py:3096} INFO - Sync 1 DAGs
[2024-04-13T16:24:18.130+0000] {logging_mixin.py:188} INFO - [2024-04-13T16:24:18.130+0000] {dag.py:3954} INFO - Setting next_dagrun for example_nested_branch_dag to 2024-04-12 00:00:00+00:00, run_after=2024-04-13 00:00:00+00:00
[2024-04-13T16:24:18.138+0000] {processor.py:183} INFO - Processing /home/airflow/.local/lib/python3.12/site-packages/airflow/example_dags/example_nested_branch_dag.py took 0.047 seconds
[2024-04-13T16:24:48.592+0000] {processor.py:161} INFO - Started process (PID=1470) to work on /home/airflow/.local/lib/python3.12/site-packages/airflow/example_dags/example_nested_branch_dag.py
[2024-04-13T16:24:48.593+0000] {processor.py:830} INFO - Processing file /home/airflow/.local/lib/python3.12/site-packages/airflow/example_dags/example_nested_branch_dag.py for tasks to queue
[2024-04-13T16:24:48.594+0000] {logging_mixin.py:188} INFO - [2024-04-13T16:24:48.594+0000] {dagbag.py:540} INFO - Filling up the DagBag from /home/airflow/.local/lib/python3.12/site-packages/airflow/example_dags/example_nested_branch_dag.py
[2024-04-13T16:24:48.601+0000] {processor.py:840} INFO - DAG(s) 'example_nested_branch_dag' retrieved from /home/airflow/.local/lib/python3.12/site-packages/airflow/example_dags/example_nested_branch_dag.py
[2024-04-13T16:24:48.613+0000] {logging_mixin.py:188} INFO - [2024-04-13T16:24:48.613+0000] {dag.py:3096} INFO - Sync 1 DAGs
[2024-04-13T16:24:48.624+0000] {logging_mixin.py:188} INFO - [2024-04-13T16:24:48.624+0000] {dag.py:3954} INFO - Setting next_dagrun for example_nested_branch_dag to 2024-04-12 00:00:00+00:00, run_after=2024-04-13 00:00:00+00:00
[2024-04-13T16:24:48.632+0000] {processor.py:183} INFO - Processing /home/airflow/.local/lib/python3.12/site-packages/airflow/example_dags/example_nested_branch_dag.py took 0.045 seconds
[2024-04-13T16:25:19.241+0000] {processor.py:161} INFO - Started process (PID=1528) to work on /home/airflow/.local/lib/python3.12/site-packages/airflow/example_dags/example_nested_branch_dag.py
[2024-04-13T16:25:19.245+0000] {processor.py:830} INFO - Processing file /home/airflow/.local/lib/python3.12/site-packages/airflow/example_dags/example_nested_branch_dag.py for tasks to queue
[2024-04-13T16:25:19.247+0000] {logging_mixin.py:188} INFO - [2024-04-13T16:25:19.247+0000] {dagbag.py:540} INFO - Filling up the DagBag from /home/airflow/.local/lib/python3.12/site-packages/airflow/example_dags/example_nested_branch_dag.py
[2024-04-13T16:25:19.254+0000] {processor.py:840} INFO - DAG(s) 'example_nested_branch_dag' retrieved from /home/airflow/.local/lib/python3.12/site-packages/airflow/example_dags/example_nested_branch_dag.py
[2024-04-13T16:25:19.265+0000] {logging_mixin.py:188} INFO - [2024-04-13T16:25:19.265+0000] {dag.py:3096} INFO - Sync 1 DAGs
[2024-04-13T16:25:19.277+0000] {logging_mixin.py:188} INFO - [2024-04-13T16:25:19.277+0000] {dag.py:3954} INFO - Setting next_dagrun for example_nested_branch_dag to 2024-04-12 00:00:00+00:00, run_after=2024-04-13 00:00:00+00:00
[2024-04-13T16:25:19.285+0000] {processor.py:183} INFO - Processing /home/airflow/.local/lib/python3.12/site-packages/airflow/example_dags/example_nested_branch_dag.py took 0.050 seconds
[2024-04-13T16:25:49.858+0000] {processor.py:161} INFO - Started process (PID=1586) to work on /home/airflow/.local/lib/python3.12/site-packages/airflow/example_dags/example_nested_branch_dag.py
[2024-04-13T16:25:49.859+0000] {processor.py:830} INFO - Processing file /home/airflow/.local/lib/python3.12/site-packages/airflow/example_dags/example_nested_branch_dag.py for tasks to queue
[2024-04-13T16:25:49.862+0000] {logging_mixin.py:188} INFO - [2024-04-13T16:25:49.862+0000] {dagbag.py:540} INFO - Filling up the DagBag from /home/airflow/.local/lib/python3.12/site-packages/airflow/example_dags/example_nested_branch_dag.py
[2024-04-13T16:25:49.871+0000] {processor.py:840} INFO - DAG(s) 'example_nested_branch_dag' retrieved from /home/airflow/.local/lib/python3.12/site-packages/airflow/example_dags/example_nested_branch_dag.py
[2024-04-13T16:25:49.885+0000] {logging_mixin.py:188} INFO - [2024-04-13T16:25:49.885+0000] {dag.py:3096} INFO - Sync 1 DAGs
[2024-04-13T16:25:49.897+0000] {logging_mixin.py:188} INFO - [2024-04-13T16:25:49.897+0000] {dag.py:3954} INFO - Setting next_dagrun for example_nested_branch_dag to 2024-04-12 00:00:00+00:00, run_after=2024-04-13 00:00:00+00:00
[2024-04-13T16:25:49.905+0000] {processor.py:183} INFO - Processing /home/airflow/.local/lib/python3.12/site-packages/airflow/example_dags/example_nested_branch_dag.py took 0.053 seconds
[2024-04-13T16:26:20.366+0000] {processor.py:161} INFO - Started process (PID=1644) to work on /home/airflow/.local/lib/python3.12/site-packages/airflow/example_dags/example_nested_branch_dag.py
[2024-04-13T16:26:20.367+0000] {processor.py:830} INFO - Processing file /home/airflow/.local/lib/python3.12/site-packages/airflow/example_dags/example_nested_branch_dag.py for tasks to queue
[2024-04-13T16:26:20.368+0000] {logging_mixin.py:188} INFO - [2024-04-13T16:26:20.368+0000] {dagbag.py:540} INFO - Filling up the DagBag from /home/airflow/.local/lib/python3.12/site-packages/airflow/example_dags/example_nested_branch_dag.py
[2024-04-13T16:26:20.372+0000] {processor.py:840} INFO - DAG(s) 'example_nested_branch_dag' retrieved from /home/airflow/.local/lib/python3.12/site-packages/airflow/example_dags/example_nested_branch_dag.py
[2024-04-13T16:26:20.382+0000] {logging_mixin.py:188} INFO - [2024-04-13T16:26:20.381+0000] {dag.py:3096} INFO - Sync 1 DAGs
[2024-04-13T16:26:20.391+0000] {logging_mixin.py:188} INFO - [2024-04-13T16:26:20.391+0000] {dag.py:3954} INFO - Setting next_dagrun for example_nested_branch_dag to 2024-04-12 00:00:00+00:00, run_after=2024-04-13 00:00:00+00:00
[2024-04-13T16:26:20.398+0000] {processor.py:183} INFO - Processing /home/airflow/.local/lib/python3.12/site-packages/airflow/example_dags/example_nested_branch_dag.py took 0.037 seconds
[2024-04-13T16:26:50.908+0000] {processor.py:161} INFO - Started process (PID=1702) to work on /home/airflow/.local/lib/python3.12/site-packages/airflow/example_dags/example_nested_branch_dag.py
[2024-04-13T16:26:50.908+0000] {processor.py:830} INFO - Processing file /home/airflow/.local/lib/python3.12/site-packages/airflow/example_dags/example_nested_branch_dag.py for tasks to queue
[2024-04-13T16:26:50.909+0000] {logging_mixin.py:188} INFO - [2024-04-13T16:26:50.909+0000] {dagbag.py:540} INFO - Filling up the DagBag from /home/airflow/.local/lib/python3.12/site-packages/airflow/example_dags/example_nested_branch_dag.py
[2024-04-13T16:26:50.913+0000] {processor.py:840} INFO - DAG(s) 'example_nested_branch_dag' retrieved from /home/airflow/.local/lib/python3.12/site-packages/airflow/example_dags/example_nested_branch_dag.py
[2024-04-13T16:26:50.924+0000] {logging_mixin.py:188} INFO - [2024-04-13T16:26:50.924+0000] {dag.py:3096} INFO - Sync 1 DAGs
[2024-04-13T16:26:50.933+0000] {logging_mixin.py:188} INFO - [2024-04-13T16:26:50.932+0000] {dag.py:3954} INFO - Setting next_dagrun for example_nested_branch_dag to 2024-04-12 00:00:00+00:00, run_after=2024-04-13 00:00:00+00:00
[2024-04-13T16:26:50.940+0000] {processor.py:183} INFO - Processing /home/airflow/.local/lib/python3.12/site-packages/airflow/example_dags/example_nested_branch_dag.py took 0.035 seconds
[2024-04-13T16:27:21.746+0000] {processor.py:161} INFO - Started process (PID=1760) to work on /home/airflow/.local/lib/python3.12/site-packages/airflow/example_dags/example_nested_branch_dag.py
[2024-04-13T16:27:21.747+0000] {processor.py:830} INFO - Processing file /home/airflow/.local/lib/python3.12/site-packages/airflow/example_dags/example_nested_branch_dag.py for tasks to queue
[2024-04-13T16:27:21.749+0000] {logging_mixin.py:188} INFO - [2024-04-13T16:27:21.748+0000] {dagbag.py:540} INFO - Filling up the DagBag from /home/airflow/.local/lib/python3.12/site-packages/airflow/example_dags/example_nested_branch_dag.py
[2024-04-13T16:27:21.756+0000] {processor.py:840} INFO - DAG(s) 'example_nested_branch_dag' retrieved from /home/airflow/.local/lib/python3.12/site-packages/airflow/example_dags/example_nested_branch_dag.py
[2024-04-13T16:27:21.770+0000] {logging_mixin.py:188} INFO - [2024-04-13T16:27:21.769+0000] {dag.py:3096} INFO - Sync 1 DAGs
[2024-04-13T16:27:21.781+0000] {logging_mixin.py:188} INFO - [2024-04-13T16:27:21.781+0000] {dag.py:3954} INFO - Setting next_dagrun for example_nested_branch_dag to 2024-04-12 00:00:00+00:00, run_after=2024-04-13 00:00:00+00:00
[2024-04-13T16:27:21.790+0000] {processor.py:183} INFO - Processing /home/airflow/.local/lib/python3.12/site-packages/airflow/example_dags/example_nested_branch_dag.py took 0.050 seconds
[2024-04-13T16:27:52.381+0000] {processor.py:161} INFO - Started process (PID=1818) to work on /home/airflow/.local/lib/python3.12/site-packages/airflow/example_dags/example_nested_branch_dag.py
[2024-04-13T16:27:52.382+0000] {processor.py:830} INFO - Processing file /home/airflow/.local/lib/python3.12/site-packages/airflow/example_dags/example_nested_branch_dag.py for tasks to queue
[2024-04-13T16:27:52.383+0000] {logging_mixin.py:188} INFO - [2024-04-13T16:27:52.383+0000] {dagbag.py:540} INFO - Filling up the DagBag from /home/airflow/.local/lib/python3.12/site-packages/airflow/example_dags/example_nested_branch_dag.py
[2024-04-13T16:27:52.387+0000] {processor.py:840} INFO - DAG(s) 'example_nested_branch_dag' retrieved from /home/airflow/.local/lib/python3.12/site-packages/airflow/example_dags/example_nested_branch_dag.py
[2024-04-13T16:27:52.398+0000] {logging_mixin.py:188} INFO - [2024-04-13T16:27:52.397+0000] {dag.py:3096} INFO - Sync 1 DAGs
[2024-04-13T16:27:52.409+0000] {logging_mixin.py:188} INFO - [2024-04-13T16:27:52.409+0000] {dag.py:3954} INFO - Setting next_dagrun for example_nested_branch_dag to 2024-04-12 00:00:00+00:00, run_after=2024-04-13 00:00:00+00:00
[2024-04-13T16:27:52.416+0000] {processor.py:183} INFO - Processing /home/airflow/.local/lib/python3.12/site-packages/airflow/example_dags/example_nested_branch_dag.py took 0.038 seconds
[2024-04-13T16:28:23.074+0000] {processor.py:161} INFO - Started process (PID=1877) to work on /home/airflow/.local/lib/python3.12/site-packages/airflow/example_dags/example_nested_branch_dag.py
[2024-04-13T16:28:23.074+0000] {processor.py:830} INFO - Processing file /home/airflow/.local/lib/python3.12/site-packages/airflow/example_dags/example_nested_branch_dag.py for tasks to queue
[2024-04-13T16:28:23.075+0000] {logging_mixin.py:188} INFO - [2024-04-13T16:28:23.075+0000] {dagbag.py:540} INFO - Filling up the DagBag from /home/airflow/.local/lib/python3.12/site-packages/airflow/example_dags/example_nested_branch_dag.py
[2024-04-13T16:28:23.079+0000] {processor.py:840} INFO - DAG(s) 'example_nested_branch_dag' retrieved from /home/airflow/.local/lib/python3.12/site-packages/airflow/example_dags/example_nested_branch_dag.py
[2024-04-13T16:28:23.090+0000] {logging_mixin.py:188} INFO - [2024-04-13T16:28:23.090+0000] {dag.py:3096} INFO - Sync 1 DAGs
[2024-04-13T16:28:23.099+0000] {logging_mixin.py:188} INFO - [2024-04-13T16:28:23.099+0000] {dag.py:3954} INFO - Setting next_dagrun for example_nested_branch_dag to 2024-04-12 00:00:00+00:00, run_after=2024-04-13 00:00:00+00:00
[2024-04-13T16:28:23.106+0000] {processor.py:183} INFO - Processing /home/airflow/.local/lib/python3.12/site-packages/airflow/example_dags/example_nested_branch_dag.py took 0.035 seconds
[2024-04-13T16:28:53.744+0000] {processor.py:161} INFO - Started process (PID=1935) to work on /home/airflow/.local/lib/python3.12/site-packages/airflow/example_dags/example_nested_branch_dag.py
[2024-04-13T16:28:53.744+0000] {processor.py:830} INFO - Processing file /home/airflow/.local/lib/python3.12/site-packages/airflow/example_dags/example_nested_branch_dag.py for tasks to queue
[2024-04-13T16:28:53.745+0000] {logging_mixin.py:188} INFO - [2024-04-13T16:28:53.745+0000] {dagbag.py:540} INFO - Filling up the DagBag from /home/airflow/.local/lib/python3.12/site-packages/airflow/example_dags/example_nested_branch_dag.py
[2024-04-13T16:28:53.750+0000] {processor.py:840} INFO - DAG(s) 'example_nested_branch_dag' retrieved from /home/airflow/.local/lib/python3.12/site-packages/airflow/example_dags/example_nested_branch_dag.py
[2024-04-13T16:28:53.759+0000] {logging_mixin.py:188} INFO - [2024-04-13T16:28:53.759+0000] {dag.py:3096} INFO - Sync 1 DAGs
[2024-04-13T16:28:53.768+0000] {logging_mixin.py:188} INFO - [2024-04-13T16:28:53.768+0000] {dag.py:3954} INFO - Setting next_dagrun for example_nested_branch_dag to 2024-04-12 00:00:00+00:00, run_after=2024-04-13 00:00:00+00:00
[2024-04-13T16:28:53.776+0000] {processor.py:183} INFO - Processing /home/airflow/.local/lib/python3.12/site-packages/airflow/example_dags/example_nested_branch_dag.py took 0.034 seconds
[2024-04-13T16:29:24.363+0000] {processor.py:161} INFO - Started process (PID=1993) to work on /home/airflow/.local/lib/python3.12/site-packages/airflow/example_dags/example_nested_branch_dag.py
[2024-04-13T16:29:24.364+0000] {processor.py:830} INFO - Processing file /home/airflow/.local/lib/python3.12/site-packages/airflow/example_dags/example_nested_branch_dag.py for tasks to queue
[2024-04-13T16:29:24.366+0000] {logging_mixin.py:188} INFO - [2024-04-13T16:29:24.366+0000] {dagbag.py:540} INFO - Filling up the DagBag from /home/airflow/.local/lib/python3.12/site-packages/airflow/example_dags/example_nested_branch_dag.py
[2024-04-13T16:29:24.375+0000] {processor.py:840} INFO - DAG(s) 'example_nested_branch_dag' retrieved from /home/airflow/.local/lib/python3.12/site-packages/airflow/example_dags/example_nested_branch_dag.py
[2024-04-13T16:29:24.389+0000] {logging_mixin.py:188} INFO - [2024-04-13T16:29:24.389+0000] {dag.py:3096} INFO - Sync 1 DAGs
[2024-04-13T16:29:24.401+0000] {logging_mixin.py:188} INFO - [2024-04-13T16:29:24.401+0000] {dag.py:3954} INFO - Setting next_dagrun for example_nested_branch_dag to 2024-04-12 00:00:00+00:00, run_after=2024-04-13 00:00:00+00:00
[2024-04-13T16:29:24.410+0000] {processor.py:183} INFO - Processing /home/airflow/.local/lib/python3.12/site-packages/airflow/example_dags/example_nested_branch_dag.py took 0.054 seconds
[2024-04-13T16:29:55.014+0000] {processor.py:161} INFO - Started process (PID=2051) to work on /home/airflow/.local/lib/python3.12/site-packages/airflow/example_dags/example_nested_branch_dag.py
[2024-04-13T16:29:55.014+0000] {processor.py:830} INFO - Processing file /home/airflow/.local/lib/python3.12/site-packages/airflow/example_dags/example_nested_branch_dag.py for tasks to queue
[2024-04-13T16:29:55.016+0000] {logging_mixin.py:188} INFO - [2024-04-13T16:29:55.015+0000] {dagbag.py:540} INFO - Filling up the DagBag from /home/airflow/.local/lib/python3.12/site-packages/airflow/example_dags/example_nested_branch_dag.py
[2024-04-13T16:29:55.025+0000] {processor.py:840} INFO - DAG(s) 'example_nested_branch_dag' retrieved from /home/airflow/.local/lib/python3.12/site-packages/airflow/example_dags/example_nested_branch_dag.py
[2024-04-13T16:29:55.040+0000] {logging_mixin.py:188} INFO - [2024-04-13T16:29:55.040+0000] {dag.py:3096} INFO - Sync 1 DAGs
[2024-04-13T16:29:55.053+0000] {logging_mixin.py:188} INFO - [2024-04-13T16:29:55.053+0000] {dag.py:3954} INFO - Setting next_dagrun for example_nested_branch_dag to 2024-04-12 00:00:00+00:00, run_after=2024-04-13 00:00:00+00:00
[2024-04-13T16:29:55.062+0000] {processor.py:183} INFO - Processing /home/airflow/.local/lib/python3.12/site-packages/airflow/example_dags/example_nested_branch_dag.py took 0.053 seconds
[2024-04-13T16:30:25.629+0000] {processor.py:161} INFO - Started process (PID=2109) to work on /home/airflow/.local/lib/python3.12/site-packages/airflow/example_dags/example_nested_branch_dag.py
[2024-04-13T16:30:25.630+0000] {processor.py:830} INFO - Processing file /home/airflow/.local/lib/python3.12/site-packages/airflow/example_dags/example_nested_branch_dag.py for tasks to queue
[2024-04-13T16:30:25.632+0000] {logging_mixin.py:188} INFO - [2024-04-13T16:30:25.631+0000] {dagbag.py:540} INFO - Filling up the DagBag from /home/airflow/.local/lib/python3.12/site-packages/airflow/example_dags/example_nested_branch_dag.py
[2024-04-13T16:30:25.639+0000] {processor.py:840} INFO - DAG(s) 'example_nested_branch_dag' retrieved from /home/airflow/.local/lib/python3.12/site-packages/airflow/example_dags/example_nested_branch_dag.py
[2024-04-13T16:30:25.652+0000] {logging_mixin.py:188} INFO - [2024-04-13T16:30:25.652+0000] {dag.py:3096} INFO - Sync 1 DAGs
[2024-04-13T16:30:25.663+0000] {logging_mixin.py:188} INFO - [2024-04-13T16:30:25.663+0000] {dag.py:3954} INFO - Setting next_dagrun for example_nested_branch_dag to 2024-04-12 00:00:00+00:00, run_after=2024-04-13 00:00:00+00:00
[2024-04-13T16:30:25.672+0000] {processor.py:183} INFO - Processing /home/airflow/.local/lib/python3.12/site-packages/airflow/example_dags/example_nested_branch_dag.py took 0.048 seconds
[2024-04-13T16:30:56.227+0000] {processor.py:161} INFO - Started process (PID=2167) to work on /home/airflow/.local/lib/python3.12/site-packages/airflow/example_dags/example_nested_branch_dag.py
[2024-04-13T16:30:56.228+0000] {processor.py:830} INFO - Processing file /home/airflow/.local/lib/python3.12/site-packages/airflow/example_dags/example_nested_branch_dag.py for tasks to queue
[2024-04-13T16:30:56.228+0000] {logging_mixin.py:188} INFO - [2024-04-13T16:30:56.228+0000] {dagbag.py:540} INFO - Filling up the DagBag from /home/airflow/.local/lib/python3.12/site-packages/airflow/example_dags/example_nested_branch_dag.py
[2024-04-13T16:30:56.232+0000] {processor.py:840} INFO - DAG(s) 'example_nested_branch_dag' retrieved from /home/airflow/.local/lib/python3.12/site-packages/airflow/example_dags/example_nested_branch_dag.py
[2024-04-13T16:30:56.242+0000] {logging_mixin.py:188} INFO - [2024-04-13T16:30:56.242+0000] {dag.py:3096} INFO - Sync 1 DAGs
[2024-04-13T16:30:56.251+0000] {logging_mixin.py:188} INFO - [2024-04-13T16:30:56.251+0000] {dag.py:3954} INFO - Setting next_dagrun for example_nested_branch_dag to 2024-04-12 00:00:00+00:00, run_after=2024-04-13 00:00:00+00:00
[2024-04-13T16:30:56.258+0000] {processor.py:183} INFO - Processing /home/airflow/.local/lib/python3.12/site-packages/airflow/example_dags/example_nested_branch_dag.py took 0.033 seconds
[2024-04-13T16:31:26.854+0000] {processor.py:161} INFO - Started process (PID=2225) to work on /home/airflow/.local/lib/python3.12/site-packages/airflow/example_dags/example_nested_branch_dag.py
[2024-04-13T16:31:26.855+0000] {processor.py:830} INFO - Processing file /home/airflow/.local/lib/python3.12/site-packages/airflow/example_dags/example_nested_branch_dag.py for tasks to queue
[2024-04-13T16:31:26.857+0000] {logging_mixin.py:188} INFO - [2024-04-13T16:31:26.857+0000] {dagbag.py:540} INFO - Filling up the DagBag from /home/airflow/.local/lib/python3.12/site-packages/airflow/example_dags/example_nested_branch_dag.py
[2024-04-13T16:31:26.864+0000] {processor.py:840} INFO - DAG(s) 'example_nested_branch_dag' retrieved from /home/airflow/.local/lib/python3.12/site-packages/airflow/example_dags/example_nested_branch_dag.py
[2024-04-13T16:31:26.877+0000] {logging_mixin.py:188} INFO - [2024-04-13T16:31:26.877+0000] {dag.py:3096} INFO - Sync 1 DAGs
[2024-04-13T16:31:26.889+0000] {logging_mixin.py:188} INFO - [2024-04-13T16:31:26.889+0000] {dag.py:3954} INFO - Setting next_dagrun for example_nested_branch_dag to 2024-04-12 00:00:00+00:00, run_after=2024-04-13 00:00:00+00:00
[2024-04-13T16:31:26.898+0000] {processor.py:183} INFO - Processing /home/airflow/.local/lib/python3.12/site-packages/airflow/example_dags/example_nested_branch_dag.py took 0.049 seconds
[2024-04-13T16:31:57.353+0000] {processor.py:161} INFO - Started process (PID=2283) to work on /home/airflow/.local/lib/python3.12/site-packages/airflow/example_dags/example_nested_branch_dag.py
[2024-04-13T16:31:57.354+0000] {processor.py:830} INFO - Processing file /home/airflow/.local/lib/python3.12/site-packages/airflow/example_dags/example_nested_branch_dag.py for tasks to queue
[2024-04-13T16:31:57.355+0000] {logging_mixin.py:188} INFO - [2024-04-13T16:31:57.355+0000] {dagbag.py:540} INFO - Filling up the DagBag from /home/airflow/.local/lib/python3.12/site-packages/airflow/example_dags/example_nested_branch_dag.py
[2024-04-13T16:31:57.363+0000] {processor.py:840} INFO - DAG(s) 'example_nested_branch_dag' retrieved from /home/airflow/.local/lib/python3.12/site-packages/airflow/example_dags/example_nested_branch_dag.py
[2024-04-13T16:31:57.376+0000] {logging_mixin.py:188} INFO - [2024-04-13T16:31:57.376+0000] {dag.py:3096} INFO - Sync 1 DAGs
[2024-04-13T16:31:57.388+0000] {logging_mixin.py:188} INFO - [2024-04-13T16:31:57.388+0000] {dag.py:3954} INFO - Setting next_dagrun for example_nested_branch_dag to 2024-04-12 00:00:00+00:00, run_after=2024-04-13 00:00:00+00:00
[2024-04-13T16:31:57.396+0000] {processor.py:183} INFO - Processing /home/airflow/.local/lib/python3.12/site-packages/airflow/example_dags/example_nested_branch_dag.py took 0.049 seconds
[2024-04-13T16:32:27.916+0000] {processor.py:161} INFO - Started process (PID=2340) to work on /home/airflow/.local/lib/python3.12/site-packages/airflow/example_dags/example_nested_branch_dag.py
[2024-04-13T16:32:27.917+0000] {processor.py:830} INFO - Processing file /home/airflow/.local/lib/python3.12/site-packages/airflow/example_dags/example_nested_branch_dag.py for tasks to queue
[2024-04-13T16:32:27.919+0000] {logging_mixin.py:188} INFO - [2024-04-13T16:32:27.918+0000] {dagbag.py:540} INFO - Filling up the DagBag from /home/airflow/.local/lib/python3.12/site-packages/airflow/example_dags/example_nested_branch_dag.py
[2024-04-13T16:32:27.926+0000] {processor.py:840} INFO - DAG(s) 'example_nested_branch_dag' retrieved from /home/airflow/.local/lib/python3.12/site-packages/airflow/example_dags/example_nested_branch_dag.py
[2024-04-13T16:32:27.940+0000] {logging_mixin.py:188} INFO - [2024-04-13T16:32:27.940+0000] {dag.py:3096} INFO - Sync 1 DAGs
[2024-04-13T16:32:27.952+0000] {logging_mixin.py:188} INFO - [2024-04-13T16:32:27.952+0000] {dag.py:3954} INFO - Setting next_dagrun for example_nested_branch_dag to 2024-04-12 00:00:00+00:00, run_after=2024-04-13 00:00:00+00:00
[2024-04-13T16:32:27.960+0000] {processor.py:183} INFO - Processing /home/airflow/.local/lib/python3.12/site-packages/airflow/example_dags/example_nested_branch_dag.py took 0.050 seconds
[2024-04-13T16:32:58.583+0000] {processor.py:161} INFO - Started process (PID=2398) to work on /home/airflow/.local/lib/python3.12/site-packages/airflow/example_dags/example_nested_branch_dag.py
[2024-04-13T16:32:58.584+0000] {processor.py:830} INFO - Processing file /home/airflow/.local/lib/python3.12/site-packages/airflow/example_dags/example_nested_branch_dag.py for tasks to queue
[2024-04-13T16:32:58.586+0000] {logging_mixin.py:188} INFO - [2024-04-13T16:32:58.585+0000] {dagbag.py:540} INFO - Filling up the DagBag from /home/airflow/.local/lib/python3.12/site-packages/airflow/example_dags/example_nested_branch_dag.py
[2024-04-13T16:32:58.594+0000] {processor.py:840} INFO - DAG(s) 'example_nested_branch_dag' retrieved from /home/airflow/.local/lib/python3.12/site-packages/airflow/example_dags/example_nested_branch_dag.py
[2024-04-13T16:32:58.607+0000] {logging_mixin.py:188} INFO - [2024-04-13T16:32:58.607+0000] {dag.py:3096} INFO - Sync 1 DAGs
[2024-04-13T16:32:58.619+0000] {logging_mixin.py:188} INFO - [2024-04-13T16:32:58.619+0000] {dag.py:3954} INFO - Setting next_dagrun for example_nested_branch_dag to 2024-04-12 00:00:00+00:00, run_after=2024-04-13 00:00:00+00:00
[2024-04-13T16:32:58.627+0000] {processor.py:183} INFO - Processing /home/airflow/.local/lib/python3.12/site-packages/airflow/example_dags/example_nested_branch_dag.py took 0.050 seconds
[2024-04-13T16:33:29.225+0000] {processor.py:161} INFO - Started process (PID=2456) to work on /home/airflow/.local/lib/python3.12/site-packages/airflow/example_dags/example_nested_branch_dag.py
[2024-04-13T16:33:29.226+0000] {processor.py:830} INFO - Processing file /home/airflow/.local/lib/python3.12/site-packages/airflow/example_dags/example_nested_branch_dag.py for tasks to queue
[2024-04-13T16:33:29.228+0000] {logging_mixin.py:188} INFO - [2024-04-13T16:33:29.227+0000] {dagbag.py:540} INFO - Filling up the DagBag from /home/airflow/.local/lib/python3.12/site-packages/airflow/example_dags/example_nested_branch_dag.py
[2024-04-13T16:33:29.235+0000] {processor.py:840} INFO - DAG(s) 'example_nested_branch_dag' retrieved from /home/airflow/.local/lib/python3.12/site-packages/airflow/example_dags/example_nested_branch_dag.py
[2024-04-13T16:33:29.248+0000] {logging_mixin.py:188} INFO - [2024-04-13T16:33:29.248+0000] {dag.py:3096} INFO - Sync 1 DAGs
[2024-04-13T16:33:29.260+0000] {logging_mixin.py:188} INFO - [2024-04-13T16:33:29.260+0000] {dag.py:3954} INFO - Setting next_dagrun for example_nested_branch_dag to 2024-04-12 00:00:00+00:00, run_after=2024-04-13 00:00:00+00:00
[2024-04-13T16:33:29.268+0000] {processor.py:183} INFO - Processing /home/airflow/.local/lib/python3.12/site-packages/airflow/example_dags/example_nested_branch_dag.py took 0.049 seconds
[2024-04-13T16:33:59.870+0000] {processor.py:161} INFO - Started process (PID=2514) to work on /home/airflow/.local/lib/python3.12/site-packages/airflow/example_dags/example_nested_branch_dag.py
[2024-04-13T16:33:59.871+0000] {processor.py:830} INFO - Processing file /home/airflow/.local/lib/python3.12/site-packages/airflow/example_dags/example_nested_branch_dag.py for tasks to queue
[2024-04-13T16:33:59.872+0000] {logging_mixin.py:188} INFO - [2024-04-13T16:33:59.872+0000] {dagbag.py:540} INFO - Filling up the DagBag from /home/airflow/.local/lib/python3.12/site-packages/airflow/example_dags/example_nested_branch_dag.py
[2024-04-13T16:33:59.879+0000] {processor.py:840} INFO - DAG(s) 'example_nested_branch_dag' retrieved from /home/airflow/.local/lib/python3.12/site-packages/airflow/example_dags/example_nested_branch_dag.py
[2024-04-13T16:33:59.892+0000] {logging_mixin.py:188} INFO - [2024-04-13T16:33:59.892+0000] {dag.py:3096} INFO - Sync 1 DAGs
[2024-04-13T16:33:59.903+0000] {logging_mixin.py:188} INFO - [2024-04-13T16:33:59.903+0000] {dag.py:3954} INFO - Setting next_dagrun for example_nested_branch_dag to 2024-04-12 00:00:00+00:00, run_after=2024-04-13 00:00:00+00:00
[2024-04-13T16:33:59.910+0000] {processor.py:183} INFO - Processing /home/airflow/.local/lib/python3.12/site-packages/airflow/example_dags/example_nested_branch_dag.py took 0.046 seconds
[2024-04-13T16:34:30.389+0000] {processor.py:161} INFO - Started process (PID=2572) to work on /home/airflow/.local/lib/python3.12/site-packages/airflow/example_dags/example_nested_branch_dag.py
[2024-04-13T16:34:30.390+0000] {processor.py:830} INFO - Processing file /home/airflow/.local/lib/python3.12/site-packages/airflow/example_dags/example_nested_branch_dag.py for tasks to queue
[2024-04-13T16:34:30.392+0000] {logging_mixin.py:188} INFO - [2024-04-13T16:34:30.392+0000] {dagbag.py:540} INFO - Filling up the DagBag from /home/airflow/.local/lib/python3.12/site-packages/airflow/example_dags/example_nested_branch_dag.py
[2024-04-13T16:34:30.401+0000] {processor.py:840} INFO - DAG(s) 'example_nested_branch_dag' retrieved from /home/airflow/.local/lib/python3.12/site-packages/airflow/example_dags/example_nested_branch_dag.py
[2024-04-13T16:34:30.415+0000] {logging_mixin.py:188} INFO - [2024-04-13T16:34:30.415+0000] {dag.py:3096} INFO - Sync 1 DAGs
[2024-04-13T16:34:30.427+0000] {logging_mixin.py:188} INFO - [2024-04-13T16:34:30.427+0000] {dag.py:3954} INFO - Setting next_dagrun for example_nested_branch_dag to 2024-04-12 00:00:00+00:00, run_after=2024-04-13 00:00:00+00:00
[2024-04-13T16:34:30.435+0000] {processor.py:183} INFO - Processing /home/airflow/.local/lib/python3.12/site-packages/airflow/example_dags/example_nested_branch_dag.py took 0.053 seconds
[2024-04-13T16:35:00.976+0000] {processor.py:161} INFO - Started process (PID=2630) to work on /home/airflow/.local/lib/python3.12/site-packages/airflow/example_dags/example_nested_branch_dag.py
[2024-04-13T16:35:00.977+0000] {processor.py:830} INFO - Processing file /home/airflow/.local/lib/python3.12/site-packages/airflow/example_dags/example_nested_branch_dag.py for tasks to queue
[2024-04-13T16:35:00.979+0000] {logging_mixin.py:188} INFO - [2024-04-13T16:35:00.979+0000] {dagbag.py:540} INFO - Filling up the DagBag from /home/airflow/.local/lib/python3.12/site-packages/airflow/example_dags/example_nested_branch_dag.py
[2024-04-13T16:35:00.988+0000] {processor.py:840} INFO - DAG(s) 'example_nested_branch_dag' retrieved from /home/airflow/.local/lib/python3.12/site-packages/airflow/example_dags/example_nested_branch_dag.py
[2024-04-13T16:35:01.006+0000] {logging_mixin.py:188} INFO - [2024-04-13T16:35:01.006+0000] {dag.py:3096} INFO - Sync 1 DAGs
[2024-04-13T16:35:01.019+0000] {logging_mixin.py:188} INFO - [2024-04-13T16:35:01.019+0000] {dag.py:3954} INFO - Setting next_dagrun for example_nested_branch_dag to 2024-04-12 00:00:00+00:00, run_after=2024-04-13 00:00:00+00:00
[2024-04-13T16:35:01.028+0000] {processor.py:183} INFO - Processing /home/airflow/.local/lib/python3.12/site-packages/airflow/example_dags/example_nested_branch_dag.py took 0.058 seconds
[2024-04-13T16:35:31.631+0000] {processor.py:161} INFO - Started process (PID=2688) to work on /home/airflow/.local/lib/python3.12/site-packages/airflow/example_dags/example_nested_branch_dag.py
[2024-04-13T16:35:31.631+0000] {processor.py:830} INFO - Processing file /home/airflow/.local/lib/python3.12/site-packages/airflow/example_dags/example_nested_branch_dag.py for tasks to queue
[2024-04-13T16:35:31.633+0000] {logging_mixin.py:188} INFO - [2024-04-13T16:35:31.632+0000] {dagbag.py:540} INFO - Filling up the DagBag from /home/airflow/.local/lib/python3.12/site-packages/airflow/example_dags/example_nested_branch_dag.py
[2024-04-13T16:35:31.638+0000] {processor.py:840} INFO - DAG(s) 'example_nested_branch_dag' retrieved from /home/airflow/.local/lib/python3.12/site-packages/airflow/example_dags/example_nested_branch_dag.py
[2024-04-13T16:35:31.649+0000] {logging_mixin.py:188} INFO - [2024-04-13T16:35:31.649+0000] {dag.py:3096} INFO - Sync 1 DAGs
[2024-04-13T16:35:31.659+0000] {logging_mixin.py:188} INFO - [2024-04-13T16:35:31.659+0000] {dag.py:3954} INFO - Setting next_dagrun for example_nested_branch_dag to 2024-04-12 00:00:00+00:00, run_after=2024-04-13 00:00:00+00:00
[2024-04-13T16:35:31.666+0000] {processor.py:183} INFO - Processing /home/airflow/.local/lib/python3.12/site-packages/airflow/example_dags/example_nested_branch_dag.py took 0.039 seconds
[2024-04-13T16:36:02.251+0000] {processor.py:161} INFO - Started process (PID=2746) to work on /home/airflow/.local/lib/python3.12/site-packages/airflow/example_dags/example_nested_branch_dag.py
[2024-04-13T16:36:02.251+0000] {processor.py:830} INFO - Processing file /home/airflow/.local/lib/python3.12/site-packages/airflow/example_dags/example_nested_branch_dag.py for tasks to queue
[2024-04-13T16:36:02.253+0000] {logging_mixin.py:188} INFO - [2024-04-13T16:36:02.253+0000] {dagbag.py:540} INFO - Filling up the DagBag from /home/airflow/.local/lib/python3.12/site-packages/airflow/example_dags/example_nested_branch_dag.py
[2024-04-13T16:36:02.261+0000] {processor.py:840} INFO - DAG(s) 'example_nested_branch_dag' retrieved from /home/airflow/.local/lib/python3.12/site-packages/airflow/example_dags/example_nested_branch_dag.py
[2024-04-13T16:36:02.275+0000] {logging_mixin.py:188} INFO - [2024-04-13T16:36:02.275+0000] {dag.py:3096} INFO - Sync 1 DAGs
[2024-04-13T16:36:02.286+0000] {logging_mixin.py:188} INFO - [2024-04-13T16:36:02.286+0000] {dag.py:3954} INFO - Setting next_dagrun for example_nested_branch_dag to 2024-04-12 00:00:00+00:00, run_after=2024-04-13 00:00:00+00:00
[2024-04-13T16:36:02.294+0000] {processor.py:183} INFO - Processing /home/airflow/.local/lib/python3.12/site-packages/airflow/example_dags/example_nested_branch_dag.py took 0.049 seconds
[2024-04-13T16:36:32.926+0000] {processor.py:161} INFO - Started process (PID=2804) to work on /home/airflow/.local/lib/python3.12/site-packages/airflow/example_dags/example_nested_branch_dag.py
[2024-04-13T16:36:32.927+0000] {processor.py:830} INFO - Processing file /home/airflow/.local/lib/python3.12/site-packages/airflow/example_dags/example_nested_branch_dag.py for tasks to queue
[2024-04-13T16:36:32.929+0000] {logging_mixin.py:188} INFO - [2024-04-13T16:36:32.928+0000] {dagbag.py:540} INFO - Filling up the DagBag from /home/airflow/.local/lib/python3.12/site-packages/airflow/example_dags/example_nested_branch_dag.py
[2024-04-13T16:36:32.936+0000] {processor.py:840} INFO - DAG(s) 'example_nested_branch_dag' retrieved from /home/airflow/.local/lib/python3.12/site-packages/airflow/example_dags/example_nested_branch_dag.py
[2024-04-13T16:36:32.950+0000] {logging_mixin.py:188} INFO - [2024-04-13T16:36:32.950+0000] {dag.py:3096} INFO - Sync 1 DAGs
[2024-04-13T16:36:32.961+0000] {logging_mixin.py:188} INFO - [2024-04-13T16:36:32.961+0000] {dag.py:3954} INFO - Setting next_dagrun for example_nested_branch_dag to 2024-04-12 00:00:00+00:00, run_after=2024-04-13 00:00:00+00:00
[2024-04-13T16:36:32.969+0000] {processor.py:183} INFO - Processing /home/airflow/.local/lib/python3.12/site-packages/airflow/example_dags/example_nested_branch_dag.py took 0.049 seconds
[2024-04-13T16:37:03.405+0000] {processor.py:161} INFO - Started process (PID=2861) to work on /home/airflow/.local/lib/python3.12/site-packages/airflow/example_dags/example_nested_branch_dag.py
[2024-04-13T16:37:03.406+0000] {processor.py:830} INFO - Processing file /home/airflow/.local/lib/python3.12/site-packages/airflow/example_dags/example_nested_branch_dag.py for tasks to queue
[2024-04-13T16:37:03.407+0000] {logging_mixin.py:188} INFO - [2024-04-13T16:37:03.407+0000] {dagbag.py:540} INFO - Filling up the DagBag from /home/airflow/.local/lib/python3.12/site-packages/airflow/example_dags/example_nested_branch_dag.py
[2024-04-13T16:37:03.413+0000] {processor.py:840} INFO - DAG(s) 'example_nested_branch_dag' retrieved from /home/airflow/.local/lib/python3.12/site-packages/airflow/example_dags/example_nested_branch_dag.py
[2024-04-13T16:37:03.427+0000] {logging_mixin.py:188} INFO - [2024-04-13T16:37:03.426+0000] {dag.py:3096} INFO - Sync 1 DAGs
[2024-04-13T16:37:03.439+0000] {logging_mixin.py:188} INFO - [2024-04-13T16:37:03.439+0000] {dag.py:3954} INFO - Setting next_dagrun for example_nested_branch_dag to 2024-04-12 00:00:00+00:00, run_after=2024-04-13 00:00:00+00:00
[2024-04-13T16:37:03.448+0000] {processor.py:183} INFO - Processing /home/airflow/.local/lib/python3.12/site-packages/airflow/example_dags/example_nested_branch_dag.py took 0.046 seconds
[2024-04-13T16:37:34.082+0000] {processor.py:161} INFO - Started process (PID=2919) to work on /home/airflow/.local/lib/python3.12/site-packages/airflow/example_dags/example_nested_branch_dag.py
[2024-04-13T16:37:34.083+0000] {processor.py:830} INFO - Processing file /home/airflow/.local/lib/python3.12/site-packages/airflow/example_dags/example_nested_branch_dag.py for tasks to queue
[2024-04-13T16:37:34.085+0000] {logging_mixin.py:188} INFO - [2024-04-13T16:37:34.084+0000] {dagbag.py:540} INFO - Filling up the DagBag from /home/airflow/.local/lib/python3.12/site-packages/airflow/example_dags/example_nested_branch_dag.py
[2024-04-13T16:37:34.092+0000] {processor.py:840} INFO - DAG(s) 'example_nested_branch_dag' retrieved from /home/airflow/.local/lib/python3.12/site-packages/airflow/example_dags/example_nested_branch_dag.py
[2024-04-13T16:37:34.106+0000] {logging_mixin.py:188} INFO - [2024-04-13T16:37:34.106+0000] {dag.py:3096} INFO - Sync 1 DAGs
[2024-04-13T16:37:34.118+0000] {logging_mixin.py:188} INFO - [2024-04-13T16:37:34.118+0000] {dag.py:3954} INFO - Setting next_dagrun for example_nested_branch_dag to 2024-04-12 00:00:00+00:00, run_after=2024-04-13 00:00:00+00:00
[2024-04-13T16:37:34.126+0000] {processor.py:183} INFO - Processing /home/airflow/.local/lib/python3.12/site-packages/airflow/example_dags/example_nested_branch_dag.py took 0.050 seconds
[2024-04-13T16:38:05.009+0000] {processor.py:161} INFO - Started process (PID=2977) to work on /home/airflow/.local/lib/python3.12/site-packages/airflow/example_dags/example_nested_branch_dag.py
[2024-04-13T16:38:05.009+0000] {processor.py:830} INFO - Processing file /home/airflow/.local/lib/python3.12/site-packages/airflow/example_dags/example_nested_branch_dag.py for tasks to queue
[2024-04-13T16:38:05.010+0000] {logging_mixin.py:188} INFO - [2024-04-13T16:38:05.010+0000] {dagbag.py:540} INFO - Filling up the DagBag from /home/airflow/.local/lib/python3.12/site-packages/airflow/example_dags/example_nested_branch_dag.py
[2024-04-13T16:38:05.014+0000] {processor.py:840} INFO - DAG(s) 'example_nested_branch_dag' retrieved from /home/airflow/.local/lib/python3.12/site-packages/airflow/example_dags/example_nested_branch_dag.py
[2024-04-13T16:38:05.024+0000] {logging_mixin.py:188} INFO - [2024-04-13T16:38:05.024+0000] {dag.py:3096} INFO - Sync 1 DAGs
[2024-04-13T16:38:05.033+0000] {logging_mixin.py:188} INFO - [2024-04-13T16:38:05.033+0000] {dag.py:3954} INFO - Setting next_dagrun for example_nested_branch_dag to 2024-04-12 00:00:00+00:00, run_after=2024-04-13 00:00:00+00:00
[2024-04-13T16:38:05.040+0000] {processor.py:183} INFO - Processing /home/airflow/.local/lib/python3.12/site-packages/airflow/example_dags/example_nested_branch_dag.py took 0.035 seconds
[2024-04-13T16:38:35.291+0000] {processor.py:161} INFO - Started process (PID=3035) to work on /home/airflow/.local/lib/python3.12/site-packages/airflow/example_dags/example_nested_branch_dag.py
[2024-04-13T16:38:35.297+0000] {processor.py:830} INFO - Processing file /home/airflow/.local/lib/python3.12/site-packages/airflow/example_dags/example_nested_branch_dag.py for tasks to queue
[2024-04-13T16:38:35.306+0000] {logging_mixin.py:188} INFO - [2024-04-13T16:38:35.305+0000] {dagbag.py:540} INFO - Filling up the DagBag from /home/airflow/.local/lib/python3.12/site-packages/airflow/example_dags/example_nested_branch_dag.py
[2024-04-13T16:38:35.324+0000] {processor.py:840} INFO - DAG(s) 'example_nested_branch_dag' retrieved from /home/airflow/.local/lib/python3.12/site-packages/airflow/example_dags/example_nested_branch_dag.py
[2024-04-13T16:38:35.416+0000] {logging_mixin.py:188} INFO - [2024-04-13T16:38:35.415+0000] {dag.py:3096} INFO - Sync 1 DAGs
[2024-04-13T16:38:35.459+0000] {logging_mixin.py:188} INFO - [2024-04-13T16:38:35.458+0000] {dag.py:3954} INFO - Setting next_dagrun for example_nested_branch_dag to 2024-04-12 00:00:00+00:00, run_after=2024-04-13 00:00:00+00:00
[2024-04-13T16:38:35.498+0000] {processor.py:183} INFO - Processing /home/airflow/.local/lib/python3.12/site-packages/airflow/example_dags/example_nested_branch_dag.py took 0.224 seconds
[2024-04-13T16:39:05.940+0000] {processor.py:161} INFO - Started process (PID=3093) to work on /home/airflow/.local/lib/python3.12/site-packages/airflow/example_dags/example_nested_branch_dag.py
[2024-04-13T16:39:05.940+0000] {processor.py:830} INFO - Processing file /home/airflow/.local/lib/python3.12/site-packages/airflow/example_dags/example_nested_branch_dag.py for tasks to queue
[2024-04-13T16:39:05.941+0000] {logging_mixin.py:188} INFO - [2024-04-13T16:39:05.941+0000] {dagbag.py:540} INFO - Filling up the DagBag from /home/airflow/.local/lib/python3.12/site-packages/airflow/example_dags/example_nested_branch_dag.py
[2024-04-13T16:39:05.946+0000] {processor.py:840} INFO - DAG(s) 'example_nested_branch_dag' retrieved from /home/airflow/.local/lib/python3.12/site-packages/airflow/example_dags/example_nested_branch_dag.py
[2024-04-13T16:39:05.956+0000] {logging_mixin.py:188} INFO - [2024-04-13T16:39:05.955+0000] {dag.py:3096} INFO - Sync 1 DAGs
[2024-04-13T16:39:05.965+0000] {logging_mixin.py:188} INFO - [2024-04-13T16:39:05.965+0000] {dag.py:3954} INFO - Setting next_dagrun for example_nested_branch_dag to 2024-04-12 00:00:00+00:00, run_after=2024-04-13 00:00:00+00:00
[2024-04-13T16:39:05.972+0000] {processor.py:183} INFO - Processing /home/airflow/.local/lib/python3.12/site-packages/airflow/example_dags/example_nested_branch_dag.py took 0.035 seconds
[2024-04-13T16:39:36.500+0000] {processor.py:161} INFO - Started process (PID=3150) to work on /home/airflow/.local/lib/python3.12/site-packages/airflow/example_dags/example_nested_branch_dag.py
[2024-04-13T16:39:36.501+0000] {processor.py:830} INFO - Processing file /home/airflow/.local/lib/python3.12/site-packages/airflow/example_dags/example_nested_branch_dag.py for tasks to queue
[2024-04-13T16:39:36.502+0000] {logging_mixin.py:188} INFO - [2024-04-13T16:39:36.502+0000] {dagbag.py:540} INFO - Filling up the DagBag from /home/airflow/.local/lib/python3.12/site-packages/airflow/example_dags/example_nested_branch_dag.py
[2024-04-13T16:39:36.507+0000] {processor.py:840} INFO - DAG(s) 'example_nested_branch_dag' retrieved from /home/airflow/.local/lib/python3.12/site-packages/airflow/example_dags/example_nested_branch_dag.py
[2024-04-13T16:39:36.518+0000] {logging_mixin.py:188} INFO - [2024-04-13T16:39:36.518+0000] {dag.py:3096} INFO - Sync 1 DAGs
[2024-04-13T16:39:36.529+0000] {logging_mixin.py:188} INFO - [2024-04-13T16:39:36.529+0000] {dag.py:3954} INFO - Setting next_dagrun for example_nested_branch_dag to 2024-04-12 00:00:00+00:00, run_after=2024-04-13 00:00:00+00:00
[2024-04-13T16:39:36.537+0000] {processor.py:183} INFO - Processing /home/airflow/.local/lib/python3.12/site-packages/airflow/example_dags/example_nested_branch_dag.py took 0.040 seconds
[2024-04-13T16:40:07.035+0000] {processor.py:161} INFO - Started process (PID=3208) to work on /home/airflow/.local/lib/python3.12/site-packages/airflow/example_dags/example_nested_branch_dag.py
[2024-04-13T16:40:07.035+0000] {processor.py:830} INFO - Processing file /home/airflow/.local/lib/python3.12/site-packages/airflow/example_dags/example_nested_branch_dag.py for tasks to queue
[2024-04-13T16:40:07.036+0000] {logging_mixin.py:188} INFO - [2024-04-13T16:40:07.036+0000] {dagbag.py:540} INFO - Filling up the DagBag from /home/airflow/.local/lib/python3.12/site-packages/airflow/example_dags/example_nested_branch_dag.py
[2024-04-13T16:40:07.040+0000] {processor.py:840} INFO - DAG(s) 'example_nested_branch_dag' retrieved from /home/airflow/.local/lib/python3.12/site-packages/airflow/example_dags/example_nested_branch_dag.py
[2024-04-13T16:40:07.050+0000] {logging_mixin.py:188} INFO - [2024-04-13T16:40:07.050+0000] {dag.py:3096} INFO - Sync 1 DAGs
[2024-04-13T16:40:07.059+0000] {logging_mixin.py:188} INFO - [2024-04-13T16:40:07.059+0000] {dag.py:3954} INFO - Setting next_dagrun for example_nested_branch_dag to 2024-04-12 00:00:00+00:00, run_after=2024-04-13 00:00:00+00:00
[2024-04-13T16:40:07.066+0000] {processor.py:183} INFO - Processing /home/airflow/.local/lib/python3.12/site-packages/airflow/example_dags/example_nested_branch_dag.py took 0.033 seconds
[2024-04-13T16:40:37.586+0000] {processor.py:161} INFO - Started process (PID=3266) to work on /home/airflow/.local/lib/python3.12/site-packages/airflow/example_dags/example_nested_branch_dag.py
[2024-04-13T16:40:37.586+0000] {processor.py:830} INFO - Processing file /home/airflow/.local/lib/python3.12/site-packages/airflow/example_dags/example_nested_branch_dag.py for tasks to queue
[2024-04-13T16:40:37.587+0000] {logging_mixin.py:188} INFO - [2024-04-13T16:40:37.587+0000] {dagbag.py:540} INFO - Filling up the DagBag from /home/airflow/.local/lib/python3.12/site-packages/airflow/example_dags/example_nested_branch_dag.py
[2024-04-13T16:40:37.592+0000] {processor.py:840} INFO - DAG(s) 'example_nested_branch_dag' retrieved from /home/airflow/.local/lib/python3.12/site-packages/airflow/example_dags/example_nested_branch_dag.py
[2024-04-13T16:40:37.600+0000] {logging_mixin.py:188} INFO - [2024-04-13T16:40:37.600+0000] {dag.py:3096} INFO - Sync 1 DAGs
[2024-04-13T16:40:37.609+0000] {logging_mixin.py:188} INFO - [2024-04-13T16:40:37.609+0000] {dag.py:3954} INFO - Setting next_dagrun for example_nested_branch_dag to 2024-04-12 00:00:00+00:00, run_after=2024-04-13 00:00:00+00:00
[2024-04-13T16:40:37.615+0000] {processor.py:183} INFO - Processing /home/airflow/.local/lib/python3.12/site-packages/airflow/example_dags/example_nested_branch_dag.py took 0.032 seconds
[2024-04-13T16:41:08.096+0000] {processor.py:161} INFO - Started process (PID=3324) to work on /home/airflow/.local/lib/python3.12/site-packages/airflow/example_dags/example_nested_branch_dag.py
[2024-04-13T16:41:08.096+0000] {processor.py:830} INFO - Processing file /home/airflow/.local/lib/python3.12/site-packages/airflow/example_dags/example_nested_branch_dag.py for tasks to queue
[2024-04-13T16:41:08.097+0000] {logging_mixin.py:188} INFO - [2024-04-13T16:41:08.097+0000] {dagbag.py:540} INFO - Filling up the DagBag from /home/airflow/.local/lib/python3.12/site-packages/airflow/example_dags/example_nested_branch_dag.py
[2024-04-13T16:41:08.101+0000] {processor.py:840} INFO - DAG(s) 'example_nested_branch_dag' retrieved from /home/airflow/.local/lib/python3.12/site-packages/airflow/example_dags/example_nested_branch_dag.py
[2024-04-13T16:41:08.110+0000] {logging_mixin.py:188} INFO - [2024-04-13T16:41:08.110+0000] {dag.py:3096} INFO - Sync 1 DAGs
[2024-04-13T16:41:08.120+0000] {logging_mixin.py:188} INFO - [2024-04-13T16:41:08.120+0000] {dag.py:3954} INFO - Setting next_dagrun for example_nested_branch_dag to 2024-04-12 00:00:00+00:00, run_after=2024-04-13 00:00:00+00:00
[2024-04-13T16:41:08.127+0000] {processor.py:183} INFO - Processing /home/airflow/.local/lib/python3.12/site-packages/airflow/example_dags/example_nested_branch_dag.py took 0.033 seconds
