[2024-04-13T16:12:30.021+0000] {processor.py:161} INFO - Started process (PID=30) to work on /home/airflow/.local/lib/python3.12/site-packages/airflow/example_dags/example_external_task_marker_dag.py
[2024-04-13T16:12:30.024+0000] {processor.py:830} INFO - Processing file /home/airflow/.local/lib/python3.12/site-packages/airflow/example_dags/example_external_task_marker_dag.py for tasks to queue
[2024-04-13T16:12:30.038+0000] {logging_mixin.py:188} INFO - [2024-04-13T16:12:30.037+0000] {dagbag.py:540} INFO - Filling up the DagBag from /home/airflow/.local/lib/python3.12/site-packages/airflow/example_dags/example_external_task_marker_dag.py
[2024-04-13T16:12:30.060+0000] {processor.py:840} INFO - DAG(s) 'example_external_task_marker_parent', 'example_external_task_marker_child' retrieved from /home/airflow/.local/lib/python3.12/site-packages/airflow/example_dags/example_external_task_marker_dag.py
[2024-04-13T16:12:30.100+0000] {logging_mixin.py:188} INFO - [2024-04-13T16:12:30.100+0000] {dag.py:3096} INFO - Sync 2 DAGs
[2024-04-13T16:12:30.114+0000] {logging_mixin.py:188} INFO - [2024-04-13T16:12:30.114+0000] {dag.py:3954} INFO - Setting next_dagrun for example_external_task_marker_child to None, run_after=None
[2024-04-13T16:12:30.118+0000] {logging_mixin.py:188} INFO - [2024-04-13T16:12:30.118+0000] {dag.py:3954} INFO - Setting next_dagrun for example_external_task_marker_parent to None, run_after=None
[2024-04-13T16:12:30.135+0000] {processor.py:183} INFO - Processing /home/airflow/.local/lib/python3.12/site-packages/airflow/example_dags/example_external_task_marker_dag.py took 0.118 seconds
[2024-04-13T16:13:00.930+0000] {processor.py:161} INFO - Started process (PID=88) to work on /home/airflow/.local/lib/python3.12/site-packages/airflow/example_dags/example_external_task_marker_dag.py
[2024-04-13T16:13:00.932+0000] {processor.py:830} INFO - Processing file /home/airflow/.local/lib/python3.12/site-packages/airflow/example_dags/example_external_task_marker_dag.py for tasks to queue
[2024-04-13T16:13:00.935+0000] {logging_mixin.py:188} INFO - [2024-04-13T16:13:00.934+0000] {dagbag.py:540} INFO - Filling up the DagBag from /home/airflow/.local/lib/python3.12/site-packages/airflow/example_dags/example_external_task_marker_dag.py
[2024-04-13T16:13:00.943+0000] {processor.py:840} INFO - DAG(s) 'example_external_task_marker_parent', 'example_external_task_marker_child' retrieved from /home/airflow/.local/lib/python3.12/site-packages/airflow/example_dags/example_external_task_marker_dag.py
[2024-04-13T16:13:01.069+0000] {logging_mixin.py:188} INFO - [2024-04-13T16:13:01.069+0000] {dag.py:3096} INFO - Sync 2 DAGs
[2024-04-13T16:13:01.073+0000] {logging_mixin.py:188} INFO - [2024-04-13T16:13:01.073+0000] {dag.py:3954} INFO - Setting next_dagrun for example_external_task_marker_child to None, run_after=None
[2024-04-13T16:13:01.075+0000] {logging_mixin.py:188} INFO - [2024-04-13T16:13:01.075+0000] {dag.py:3954} INFO - Setting next_dagrun for example_external_task_marker_parent to None, run_after=None
[2024-04-13T16:13:01.082+0000] {processor.py:183} INFO - Processing /home/airflow/.local/lib/python3.12/site-packages/airflow/example_dags/example_external_task_marker_dag.py took 0.161 seconds
[2024-04-13T16:13:31.431+0000] {processor.py:161} INFO - Started process (PID=146) to work on /home/airflow/.local/lib/python3.12/site-packages/airflow/example_dags/example_external_task_marker_dag.py
[2024-04-13T16:13:31.432+0000] {processor.py:830} INFO - Processing file /home/airflow/.local/lib/python3.12/site-packages/airflow/example_dags/example_external_task_marker_dag.py for tasks to queue
[2024-04-13T16:13:31.434+0000] {logging_mixin.py:188} INFO - [2024-04-13T16:13:31.434+0000] {dagbag.py:540} INFO - Filling up the DagBag from /home/airflow/.local/lib/python3.12/site-packages/airflow/example_dags/example_external_task_marker_dag.py
[2024-04-13T16:13:31.439+0000] {processor.py:840} INFO - DAG(s) 'example_external_task_marker_parent', 'example_external_task_marker_child' retrieved from /home/airflow/.local/lib/python3.12/site-packages/airflow/example_dags/example_external_task_marker_dag.py
[2024-04-13T16:13:31.455+0000] {logging_mixin.py:188} INFO - [2024-04-13T16:13:31.455+0000] {dag.py:3096} INFO - Sync 2 DAGs
[2024-04-13T16:13:31.462+0000] {logging_mixin.py:188} INFO - [2024-04-13T16:13:31.462+0000] {dag.py:3954} INFO - Setting next_dagrun for example_external_task_marker_child to None, run_after=None
[2024-04-13T16:13:31.464+0000] {logging_mixin.py:188} INFO - [2024-04-13T16:13:31.464+0000] {dag.py:3954} INFO - Setting next_dagrun for example_external_task_marker_parent to None, run_after=None
[2024-04-13T16:13:31.471+0000] {processor.py:183} INFO - Processing /home/airflow/.local/lib/python3.12/site-packages/airflow/example_dags/example_external_task_marker_dag.py took 0.046 seconds
[2024-04-13T16:14:01.866+0000] {processor.py:161} INFO - Started process (PID=204) to work on /home/airflow/.local/lib/python3.12/site-packages/airflow/example_dags/example_external_task_marker_dag.py
[2024-04-13T16:14:01.867+0000] {processor.py:830} INFO - Processing file /home/airflow/.local/lib/python3.12/site-packages/airflow/example_dags/example_external_task_marker_dag.py for tasks to queue
[2024-04-13T16:14:01.869+0000] {logging_mixin.py:188} INFO - [2024-04-13T16:14:01.868+0000] {dagbag.py:540} INFO - Filling up the DagBag from /home/airflow/.local/lib/python3.12/site-packages/airflow/example_dags/example_external_task_marker_dag.py
[2024-04-13T16:14:01.874+0000] {processor.py:840} INFO - DAG(s) 'example_external_task_marker_child', 'example_external_task_marker_parent' retrieved from /home/airflow/.local/lib/python3.12/site-packages/airflow/example_dags/example_external_task_marker_dag.py
[2024-04-13T16:14:01.888+0000] {logging_mixin.py:188} INFO - [2024-04-13T16:14:01.888+0000] {dag.py:3096} INFO - Sync 2 DAGs
[2024-04-13T16:14:01.895+0000] {logging_mixin.py:188} INFO - [2024-04-13T16:14:01.895+0000] {dag.py:3954} INFO - Setting next_dagrun for example_external_task_marker_child to None, run_after=None
[2024-04-13T16:14:01.897+0000] {logging_mixin.py:188} INFO - [2024-04-13T16:14:01.897+0000] {dag.py:3954} INFO - Setting next_dagrun for example_external_task_marker_parent to None, run_after=None
[2024-04-13T16:14:01.905+0000] {processor.py:183} INFO - Processing /home/airflow/.local/lib/python3.12/site-packages/airflow/example_dags/example_external_task_marker_dag.py took 0.045 seconds
[2024-04-13T16:14:32.362+0000] {processor.py:161} INFO - Started process (PID=262) to work on /home/airflow/.local/lib/python3.12/site-packages/airflow/example_dags/example_external_task_marker_dag.py
[2024-04-13T16:14:32.363+0000] {processor.py:830} INFO - Processing file /home/airflow/.local/lib/python3.12/site-packages/airflow/example_dags/example_external_task_marker_dag.py for tasks to queue
[2024-04-13T16:14:32.365+0000] {logging_mixin.py:188} INFO - [2024-04-13T16:14:32.365+0000] {dagbag.py:540} INFO - Filling up the DagBag from /home/airflow/.local/lib/python3.12/site-packages/airflow/example_dags/example_external_task_marker_dag.py
[2024-04-13T16:14:32.372+0000] {processor.py:840} INFO - DAG(s) 'example_external_task_marker_child', 'example_external_task_marker_parent' retrieved from /home/airflow/.local/lib/python3.12/site-packages/airflow/example_dags/example_external_task_marker_dag.py
[2024-04-13T16:14:32.389+0000] {logging_mixin.py:188} INFO - [2024-04-13T16:14:32.389+0000] {dag.py:3096} INFO - Sync 2 DAGs
[2024-04-13T16:14:32.397+0000] {logging_mixin.py:188} INFO - [2024-04-13T16:14:32.397+0000] {dag.py:3954} INFO - Setting next_dagrun for example_external_task_marker_child to None, run_after=None
[2024-04-13T16:14:32.399+0000] {logging_mixin.py:188} INFO - [2024-04-13T16:14:32.399+0000] {dag.py:3954} INFO - Setting next_dagrun for example_external_task_marker_parent to None, run_after=None
[2024-04-13T16:14:32.407+0000] {processor.py:183} INFO - Processing /home/airflow/.local/lib/python3.12/site-packages/airflow/example_dags/example_external_task_marker_dag.py took 0.053 seconds
[2024-04-13T16:15:02.868+0000] {processor.py:161} INFO - Started process (PID=320) to work on /home/airflow/.local/lib/python3.12/site-packages/airflow/example_dags/example_external_task_marker_dag.py
[2024-04-13T16:15:02.869+0000] {processor.py:830} INFO - Processing file /home/airflow/.local/lib/python3.12/site-packages/airflow/example_dags/example_external_task_marker_dag.py for tasks to queue
[2024-04-13T16:15:02.871+0000] {logging_mixin.py:188} INFO - [2024-04-13T16:15:02.871+0000] {dagbag.py:540} INFO - Filling up the DagBag from /home/airflow/.local/lib/python3.12/site-packages/airflow/example_dags/example_external_task_marker_dag.py
[2024-04-13T16:15:02.876+0000] {processor.py:840} INFO - DAG(s) 'example_external_task_marker_child', 'example_external_task_marker_parent' retrieved from /home/airflow/.local/lib/python3.12/site-packages/airflow/example_dags/example_external_task_marker_dag.py
[2024-04-13T16:15:02.893+0000] {logging_mixin.py:188} INFO - [2024-04-13T16:15:02.893+0000] {dag.py:3096} INFO - Sync 2 DAGs
[2024-04-13T16:15:02.901+0000] {logging_mixin.py:188} INFO - [2024-04-13T16:15:02.901+0000] {dag.py:3954} INFO - Setting next_dagrun for example_external_task_marker_child to None, run_after=None
[2024-04-13T16:15:02.903+0000] {logging_mixin.py:188} INFO - [2024-04-13T16:15:02.903+0000] {dag.py:3954} INFO - Setting next_dagrun for example_external_task_marker_parent to None, run_after=None
[2024-04-13T16:15:02.912+0000] {processor.py:183} INFO - Processing /home/airflow/.local/lib/python3.12/site-packages/airflow/example_dags/example_external_task_marker_dag.py took 0.051 seconds
[2024-04-13T16:15:33.350+0000] {processor.py:161} INFO - Started process (PID=378) to work on /home/airflow/.local/lib/python3.12/site-packages/airflow/example_dags/example_external_task_marker_dag.py
[2024-04-13T16:15:33.351+0000] {processor.py:830} INFO - Processing file /home/airflow/.local/lib/python3.12/site-packages/airflow/example_dags/example_external_task_marker_dag.py for tasks to queue
[2024-04-13T16:15:33.353+0000] {logging_mixin.py:188} INFO - [2024-04-13T16:15:33.353+0000] {dagbag.py:540} INFO - Filling up the DagBag from /home/airflow/.local/lib/python3.12/site-packages/airflow/example_dags/example_external_task_marker_dag.py
[2024-04-13T16:15:33.359+0000] {processor.py:840} INFO - DAG(s) 'example_external_task_marker_child', 'example_external_task_marker_parent' retrieved from /home/airflow/.local/lib/python3.12/site-packages/airflow/example_dags/example_external_task_marker_dag.py
[2024-04-13T16:15:33.376+0000] {logging_mixin.py:188} INFO - [2024-04-13T16:15:33.376+0000] {dag.py:3096} INFO - Sync 2 DAGs
[2024-04-13T16:15:33.384+0000] {logging_mixin.py:188} INFO - [2024-04-13T16:15:33.384+0000] {dag.py:3954} INFO - Setting next_dagrun for example_external_task_marker_child to None, run_after=None
[2024-04-13T16:15:33.386+0000] {logging_mixin.py:188} INFO - [2024-04-13T16:15:33.386+0000] {dag.py:3954} INFO - Setting next_dagrun for example_external_task_marker_parent to None, run_after=None
[2024-04-13T16:15:33.393+0000] {processor.py:183} INFO - Processing /home/airflow/.local/lib/python3.12/site-packages/airflow/example_dags/example_external_task_marker_dag.py took 0.051 seconds
[2024-04-13T16:16:03.868+0000] {processor.py:161} INFO - Started process (PID=436) to work on /home/airflow/.local/lib/python3.12/site-packages/airflow/example_dags/example_external_task_marker_dag.py
[2024-04-13T16:16:03.869+0000] {processor.py:830} INFO - Processing file /home/airflow/.local/lib/python3.12/site-packages/airflow/example_dags/example_external_task_marker_dag.py for tasks to queue
[2024-04-13T16:16:03.871+0000] {logging_mixin.py:188} INFO - [2024-04-13T16:16:03.871+0000] {dagbag.py:540} INFO - Filling up the DagBag from /home/airflow/.local/lib/python3.12/site-packages/airflow/example_dags/example_external_task_marker_dag.py
[2024-04-13T16:16:03.876+0000] {processor.py:840} INFO - DAG(s) 'example_external_task_marker_child', 'example_external_task_marker_parent' retrieved from /home/airflow/.local/lib/python3.12/site-packages/airflow/example_dags/example_external_task_marker_dag.py
[2024-04-13T16:16:03.892+0000] {logging_mixin.py:188} INFO - [2024-04-13T16:16:03.892+0000] {dag.py:3096} INFO - Sync 2 DAGs
[2024-04-13T16:16:03.900+0000] {logging_mixin.py:188} INFO - [2024-04-13T16:16:03.900+0000] {dag.py:3954} INFO - Setting next_dagrun for example_external_task_marker_child to None, run_after=None
[2024-04-13T16:16:03.902+0000] {logging_mixin.py:188} INFO - [2024-04-13T16:16:03.902+0000] {dag.py:3954} INFO - Setting next_dagrun for example_external_task_marker_parent to None, run_after=None
[2024-04-13T16:16:03.909+0000] {processor.py:183} INFO - Processing /home/airflow/.local/lib/python3.12/site-packages/airflow/example_dags/example_external_task_marker_dag.py took 0.049 seconds
[2024-04-13T16:16:34.446+0000] {processor.py:161} INFO - Started process (PID=494) to work on /home/airflow/.local/lib/python3.12/site-packages/airflow/example_dags/example_external_task_marker_dag.py
[2024-04-13T16:16:34.446+0000] {processor.py:830} INFO - Processing file /home/airflow/.local/lib/python3.12/site-packages/airflow/example_dags/example_external_task_marker_dag.py for tasks to queue
[2024-04-13T16:16:34.448+0000] {logging_mixin.py:188} INFO - [2024-04-13T16:16:34.448+0000] {dagbag.py:540} INFO - Filling up the DagBag from /home/airflow/.local/lib/python3.12/site-packages/airflow/example_dags/example_external_task_marker_dag.py
[2024-04-13T16:16:34.454+0000] {processor.py:840} INFO - DAG(s) 'example_external_task_marker_child', 'example_external_task_marker_parent' retrieved from /home/airflow/.local/lib/python3.12/site-packages/airflow/example_dags/example_external_task_marker_dag.py
[2024-04-13T16:16:34.474+0000] {logging_mixin.py:188} INFO - [2024-04-13T16:16:34.474+0000] {dag.py:3096} INFO - Sync 2 DAGs
[2024-04-13T16:16:34.482+0000] {logging_mixin.py:188} INFO - [2024-04-13T16:16:34.482+0000] {dag.py:3954} INFO - Setting next_dagrun for example_external_task_marker_child to None, run_after=None
[2024-04-13T16:16:34.484+0000] {logging_mixin.py:188} INFO - [2024-04-13T16:16:34.484+0000] {dag.py:3954} INFO - Setting next_dagrun for example_external_task_marker_parent to None, run_after=None
[2024-04-13T16:16:34.492+0000] {processor.py:183} INFO - Processing /home/airflow/.local/lib/python3.12/site-packages/airflow/example_dags/example_external_task_marker_dag.py took 0.052 seconds
[2024-04-13T16:17:05.119+0000] {processor.py:161} INFO - Started process (PID=552) to work on /home/airflow/.local/lib/python3.12/site-packages/airflow/example_dags/example_external_task_marker_dag.py
[2024-04-13T16:17:05.120+0000] {processor.py:830} INFO - Processing file /home/airflow/.local/lib/python3.12/site-packages/airflow/example_dags/example_external_task_marker_dag.py for tasks to queue
[2024-04-13T16:17:05.124+0000] {logging_mixin.py:188} INFO - [2024-04-13T16:17:05.123+0000] {dagbag.py:540} INFO - Filling up the DagBag from /home/airflow/.local/lib/python3.12/site-packages/airflow/example_dags/example_external_task_marker_dag.py
[2024-04-13T16:17:05.132+0000] {processor.py:840} INFO - DAG(s) 'example_external_task_marker_parent', 'example_external_task_marker_child' retrieved from /home/airflow/.local/lib/python3.12/site-packages/airflow/example_dags/example_external_task_marker_dag.py
[2024-04-13T16:17:05.150+0000] {logging_mixin.py:188} INFO - [2024-04-13T16:17:05.150+0000] {dag.py:3096} INFO - Sync 2 DAGs
[2024-04-13T16:17:05.158+0000] {logging_mixin.py:188} INFO - [2024-04-13T16:17:05.157+0000] {dag.py:3954} INFO - Setting next_dagrun for example_external_task_marker_child to None, run_after=None
[2024-04-13T16:17:05.160+0000] {logging_mixin.py:188} INFO - [2024-04-13T16:17:05.160+0000] {dag.py:3954} INFO - Setting next_dagrun for example_external_task_marker_parent to None, run_after=None
[2024-04-13T16:17:05.168+0000] {processor.py:183} INFO - Processing /home/airflow/.local/lib/python3.12/site-packages/airflow/example_dags/example_external_task_marker_dag.py took 0.060 seconds
[2024-04-13T16:17:35.674+0000] {processor.py:161} INFO - Started process (PID=610) to work on /home/airflow/.local/lib/python3.12/site-packages/airflow/example_dags/example_external_task_marker_dag.py
[2024-04-13T16:17:35.675+0000] {processor.py:830} INFO - Processing file /home/airflow/.local/lib/python3.12/site-packages/airflow/example_dags/example_external_task_marker_dag.py for tasks to queue
[2024-04-13T16:17:35.677+0000] {logging_mixin.py:188} INFO - [2024-04-13T16:17:35.677+0000] {dagbag.py:540} INFO - Filling up the DagBag from /home/airflow/.local/lib/python3.12/site-packages/airflow/example_dags/example_external_task_marker_dag.py
[2024-04-13T16:17:35.683+0000] {processor.py:840} INFO - DAG(s) 'example_external_task_marker_parent', 'example_external_task_marker_child' retrieved from /home/airflow/.local/lib/python3.12/site-packages/airflow/example_dags/example_external_task_marker_dag.py
[2024-04-13T16:17:35.700+0000] {logging_mixin.py:188} INFO - [2024-04-13T16:17:35.700+0000] {dag.py:3096} INFO - Sync 2 DAGs
[2024-04-13T16:17:35.707+0000] {logging_mixin.py:188} INFO - [2024-04-13T16:17:35.707+0000] {dag.py:3954} INFO - Setting next_dagrun for example_external_task_marker_child to None, run_after=None
[2024-04-13T16:17:35.709+0000] {logging_mixin.py:188} INFO - [2024-04-13T16:17:35.709+0000] {dag.py:3954} INFO - Setting next_dagrun for example_external_task_marker_parent to None, run_after=None
[2024-04-13T16:17:35.717+0000] {processor.py:183} INFO - Processing /home/airflow/.local/lib/python3.12/site-packages/airflow/example_dags/example_external_task_marker_dag.py took 0.051 seconds
[2024-04-13T16:18:06.301+0000] {processor.py:161} INFO - Started process (PID=668) to work on /home/airflow/.local/lib/python3.12/site-packages/airflow/example_dags/example_external_task_marker_dag.py
[2024-04-13T16:18:06.302+0000] {processor.py:830} INFO - Processing file /home/airflow/.local/lib/python3.12/site-packages/airflow/example_dags/example_external_task_marker_dag.py for tasks to queue
[2024-04-13T16:18:06.305+0000] {logging_mixin.py:188} INFO - [2024-04-13T16:18:06.305+0000] {dagbag.py:540} INFO - Filling up the DagBag from /home/airflow/.local/lib/python3.12/site-packages/airflow/example_dags/example_external_task_marker_dag.py
[2024-04-13T16:18:06.311+0000] {processor.py:840} INFO - DAG(s) 'example_external_task_marker_parent', 'example_external_task_marker_child' retrieved from /home/airflow/.local/lib/python3.12/site-packages/airflow/example_dags/example_external_task_marker_dag.py
[2024-04-13T16:18:06.330+0000] {logging_mixin.py:188} INFO - [2024-04-13T16:18:06.329+0000] {dag.py:3096} INFO - Sync 2 DAGs
[2024-04-13T16:18:06.337+0000] {logging_mixin.py:188} INFO - [2024-04-13T16:18:06.337+0000] {dag.py:3954} INFO - Setting next_dagrun for example_external_task_marker_child to None, run_after=None
[2024-04-13T16:18:06.339+0000] {logging_mixin.py:188} INFO - [2024-04-13T16:18:06.339+0000] {dag.py:3954} INFO - Setting next_dagrun for example_external_task_marker_parent to None, run_after=None
[2024-04-13T16:18:06.347+0000] {processor.py:183} INFO - Processing /home/airflow/.local/lib/python3.12/site-packages/airflow/example_dags/example_external_task_marker_dag.py took 0.054 seconds
[2024-04-13T16:18:36.915+0000] {processor.py:161} INFO - Started process (PID=726) to work on /home/airflow/.local/lib/python3.12/site-packages/airflow/example_dags/example_external_task_marker_dag.py
[2024-04-13T16:18:36.917+0000] {processor.py:830} INFO - Processing file /home/airflow/.local/lib/python3.12/site-packages/airflow/example_dags/example_external_task_marker_dag.py for tasks to queue
[2024-04-13T16:18:36.919+0000] {logging_mixin.py:188} INFO - [2024-04-13T16:18:36.918+0000] {dagbag.py:540} INFO - Filling up the DagBag from /home/airflow/.local/lib/python3.12/site-packages/airflow/example_dags/example_external_task_marker_dag.py
[2024-04-13T16:18:36.925+0000] {processor.py:840} INFO - DAG(s) 'example_external_task_marker_parent', 'example_external_task_marker_child' retrieved from /home/airflow/.local/lib/python3.12/site-packages/airflow/example_dags/example_external_task_marker_dag.py
[2024-04-13T16:18:36.943+0000] {logging_mixin.py:188} INFO - [2024-04-13T16:18:36.943+0000] {dag.py:3096} INFO - Sync 2 DAGs
[2024-04-13T16:18:36.951+0000] {logging_mixin.py:188} INFO - [2024-04-13T16:18:36.951+0000] {dag.py:3954} INFO - Setting next_dagrun for example_external_task_marker_child to None, run_after=None
[2024-04-13T16:18:36.953+0000] {logging_mixin.py:188} INFO - [2024-04-13T16:18:36.953+0000] {dag.py:3954} INFO - Setting next_dagrun for example_external_task_marker_parent to None, run_after=None
[2024-04-13T16:18:36.961+0000] {processor.py:183} INFO - Processing /home/airflow/.local/lib/python3.12/site-packages/airflow/example_dags/example_external_task_marker_dag.py took 0.052 seconds
[2024-04-13T16:19:07.588+0000] {processor.py:161} INFO - Started process (PID=783) to work on /home/airflow/.local/lib/python3.12/site-packages/airflow/example_dags/example_external_task_marker_dag.py
[2024-04-13T16:19:07.589+0000] {processor.py:830} INFO - Processing file /home/airflow/.local/lib/python3.12/site-packages/airflow/example_dags/example_external_task_marker_dag.py for tasks to queue
[2024-04-13T16:19:07.592+0000] {logging_mixin.py:188} INFO - [2024-04-13T16:19:07.591+0000] {dagbag.py:540} INFO - Filling up the DagBag from /home/airflow/.local/lib/python3.12/site-packages/airflow/example_dags/example_external_task_marker_dag.py
[2024-04-13T16:19:07.598+0000] {processor.py:840} INFO - DAG(s) 'example_external_task_marker_parent', 'example_external_task_marker_child' retrieved from /home/airflow/.local/lib/python3.12/site-packages/airflow/example_dags/example_external_task_marker_dag.py
[2024-04-13T16:19:07.614+0000] {logging_mixin.py:188} INFO - [2024-04-13T16:19:07.614+0000] {dag.py:3096} INFO - Sync 2 DAGs
[2024-04-13T16:19:07.621+0000] {logging_mixin.py:188} INFO - [2024-04-13T16:19:07.621+0000] {dag.py:3954} INFO - Setting next_dagrun for example_external_task_marker_child to None, run_after=None
[2024-04-13T16:19:07.623+0000] {logging_mixin.py:188} INFO - [2024-04-13T16:19:07.623+0000] {dag.py:3954} INFO - Setting next_dagrun for example_external_task_marker_parent to None, run_after=None
[2024-04-13T16:19:07.632+0000] {processor.py:183} INFO - Processing /home/airflow/.local/lib/python3.12/site-packages/airflow/example_dags/example_external_task_marker_dag.py took 0.057 seconds
[2024-04-13T16:19:37.719+0000] {processor.py:161} INFO - Started process (PID=841) to work on /home/airflow/.local/lib/python3.12/site-packages/airflow/example_dags/example_external_task_marker_dag.py
[2024-04-13T16:19:37.721+0000] {processor.py:830} INFO - Processing file /home/airflow/.local/lib/python3.12/site-packages/airflow/example_dags/example_external_task_marker_dag.py for tasks to queue
[2024-04-13T16:19:37.723+0000] {logging_mixin.py:188} INFO - [2024-04-13T16:19:37.722+0000] {dagbag.py:540} INFO - Filling up the DagBag from /home/airflow/.local/lib/python3.12/site-packages/airflow/example_dags/example_external_task_marker_dag.py
[2024-04-13T16:19:37.730+0000] {processor.py:840} INFO - DAG(s) 'example_external_task_marker_child', 'example_external_task_marker_parent' retrieved from /home/airflow/.local/lib/python3.12/site-packages/airflow/example_dags/example_external_task_marker_dag.py
[2024-04-13T16:19:37.748+0000] {logging_mixin.py:188} INFO - [2024-04-13T16:19:37.748+0000] {dag.py:3096} INFO - Sync 2 DAGs
[2024-04-13T16:19:37.756+0000] {logging_mixin.py:188} INFO - [2024-04-13T16:19:37.756+0000] {dag.py:3954} INFO - Setting next_dagrun for example_external_task_marker_child to None, run_after=None
[2024-04-13T16:19:37.758+0000] {logging_mixin.py:188} INFO - [2024-04-13T16:19:37.758+0000] {dag.py:3954} INFO - Setting next_dagrun for example_external_task_marker_parent to None, run_after=None
[2024-04-13T16:19:37.766+0000] {processor.py:183} INFO - Processing /home/airflow/.local/lib/python3.12/site-packages/airflow/example_dags/example_external_task_marker_dag.py took 0.054 seconds
[2024-04-13T16:20:07.826+0000] {processor.py:161} INFO - Started process (PID=899) to work on /home/airflow/.local/lib/python3.12/site-packages/airflow/example_dags/example_external_task_marker_dag.py
[2024-04-13T16:20:07.827+0000] {processor.py:830} INFO - Processing file /home/airflow/.local/lib/python3.12/site-packages/airflow/example_dags/example_external_task_marker_dag.py for tasks to queue
[2024-04-13T16:20:07.829+0000] {logging_mixin.py:188} INFO - [2024-04-13T16:20:07.829+0000] {dagbag.py:540} INFO - Filling up the DagBag from /home/airflow/.local/lib/python3.12/site-packages/airflow/example_dags/example_external_task_marker_dag.py
[2024-04-13T16:20:07.835+0000] {processor.py:840} INFO - DAG(s) 'example_external_task_marker_parent', 'example_external_task_marker_child' retrieved from /home/airflow/.local/lib/python3.12/site-packages/airflow/example_dags/example_external_task_marker_dag.py
[2024-04-13T16:20:07.851+0000] {logging_mixin.py:188} INFO - [2024-04-13T16:20:07.851+0000] {dag.py:3096} INFO - Sync 2 DAGs
[2024-04-13T16:20:07.859+0000] {logging_mixin.py:188} INFO - [2024-04-13T16:20:07.859+0000] {dag.py:3954} INFO - Setting next_dagrun for example_external_task_marker_child to None, run_after=None
[2024-04-13T16:20:07.861+0000] {logging_mixin.py:188} INFO - [2024-04-13T16:20:07.861+0000] {dag.py:3954} INFO - Setting next_dagrun for example_external_task_marker_parent to None, run_after=None
[2024-04-13T16:20:07.869+0000] {processor.py:183} INFO - Processing /home/airflow/.local/lib/python3.12/site-packages/airflow/example_dags/example_external_task_marker_dag.py took 0.052 seconds
[2024-04-13T16:20:38.031+0000] {processor.py:161} INFO - Started process (PID=957) to work on /home/airflow/.local/lib/python3.12/site-packages/airflow/example_dags/example_external_task_marker_dag.py
[2024-04-13T16:20:38.032+0000] {processor.py:830} INFO - Processing file /home/airflow/.local/lib/python3.12/site-packages/airflow/example_dags/example_external_task_marker_dag.py for tasks to queue
[2024-04-13T16:20:38.035+0000] {logging_mixin.py:188} INFO - [2024-04-13T16:20:38.035+0000] {dagbag.py:540} INFO - Filling up the DagBag from /home/airflow/.local/lib/python3.12/site-packages/airflow/example_dags/example_external_task_marker_dag.py
[2024-04-13T16:20:38.040+0000] {processor.py:840} INFO - DAG(s) 'example_external_task_marker_parent', 'example_external_task_marker_child' retrieved from /home/airflow/.local/lib/python3.12/site-packages/airflow/example_dags/example_external_task_marker_dag.py
[2024-04-13T16:20:38.056+0000] {logging_mixin.py:188} INFO - [2024-04-13T16:20:38.056+0000] {dag.py:3096} INFO - Sync 2 DAGs
[2024-04-13T16:20:38.063+0000] {logging_mixin.py:188} INFO - [2024-04-13T16:20:38.063+0000] {dag.py:3954} INFO - Setting next_dagrun for example_external_task_marker_child to None, run_after=None
[2024-04-13T16:20:38.065+0000] {logging_mixin.py:188} INFO - [2024-04-13T16:20:38.065+0000] {dag.py:3954} INFO - Setting next_dagrun for example_external_task_marker_parent to None, run_after=None
[2024-04-13T16:20:38.073+0000] {processor.py:183} INFO - Processing /home/airflow/.local/lib/python3.12/site-packages/airflow/example_dags/example_external_task_marker_dag.py took 0.049 seconds
[2024-04-13T16:21:08.859+0000] {processor.py:161} INFO - Started process (PID=1015) to work on /home/airflow/.local/lib/python3.12/site-packages/airflow/example_dags/example_external_task_marker_dag.py
[2024-04-13T16:21:08.860+0000] {processor.py:830} INFO - Processing file /home/airflow/.local/lib/python3.12/site-packages/airflow/example_dags/example_external_task_marker_dag.py for tasks to queue
[2024-04-13T16:21:08.862+0000] {logging_mixin.py:188} INFO - [2024-04-13T16:21:08.861+0000] {dagbag.py:540} INFO - Filling up the DagBag from /home/airflow/.local/lib/python3.12/site-packages/airflow/example_dags/example_external_task_marker_dag.py
[2024-04-13T16:21:08.866+0000] {processor.py:840} INFO - DAG(s) 'example_external_task_marker_parent', 'example_external_task_marker_child' retrieved from /home/airflow/.local/lib/python3.12/site-packages/airflow/example_dags/example_external_task_marker_dag.py
[2024-04-13T16:21:08.881+0000] {logging_mixin.py:188} INFO - [2024-04-13T16:21:08.881+0000] {dag.py:3096} INFO - Sync 2 DAGs
[2024-04-13T16:21:08.971+0000] {logging_mixin.py:188} INFO - [2024-04-13T16:21:08.971+0000] {dag.py:3954} INFO - Setting next_dagrun for example_external_task_marker_child to None, run_after=None
[2024-04-13T16:21:08.973+0000] {logging_mixin.py:188} INFO - [2024-04-13T16:21:08.973+0000] {dag.py:3954} INFO - Setting next_dagrun for example_external_task_marker_parent to None, run_after=None
[2024-04-13T16:21:08.980+0000] {processor.py:183} INFO - Processing /home/airflow/.local/lib/python3.12/site-packages/airflow/example_dags/example_external_task_marker_dag.py took 0.127 seconds
[2024-04-13T16:21:39.827+0000] {processor.py:161} INFO - Started process (PID=1073) to work on /home/airflow/.local/lib/python3.12/site-packages/airflow/example_dags/example_external_task_marker_dag.py
[2024-04-13T16:21:39.828+0000] {processor.py:830} INFO - Processing file /home/airflow/.local/lib/python3.12/site-packages/airflow/example_dags/example_external_task_marker_dag.py for tasks to queue
[2024-04-13T16:21:39.831+0000] {logging_mixin.py:188} INFO - [2024-04-13T16:21:39.831+0000] {dagbag.py:540} INFO - Filling up the DagBag from /home/airflow/.local/lib/python3.12/site-packages/airflow/example_dags/example_external_task_marker_dag.py
[2024-04-13T16:21:39.836+0000] {processor.py:840} INFO - DAG(s) 'example_external_task_marker_parent', 'example_external_task_marker_child' retrieved from /home/airflow/.local/lib/python3.12/site-packages/airflow/example_dags/example_external_task_marker_dag.py
[2024-04-13T16:21:39.852+0000] {logging_mixin.py:188} INFO - [2024-04-13T16:21:39.852+0000] {dag.py:3096} INFO - Sync 2 DAGs
[2024-04-13T16:21:39.860+0000] {logging_mixin.py:188} INFO - [2024-04-13T16:21:39.860+0000] {dag.py:3954} INFO - Setting next_dagrun for example_external_task_marker_child to None, run_after=None
[2024-04-13T16:21:39.862+0000] {logging_mixin.py:188} INFO - [2024-04-13T16:21:39.862+0000] {dag.py:3954} INFO - Setting next_dagrun for example_external_task_marker_parent to None, run_after=None
[2024-04-13T16:21:39.951+0000] {processor.py:183} INFO - Processing /home/airflow/.local/lib/python3.12/site-packages/airflow/example_dags/example_external_task_marker_dag.py took 0.131 seconds
[2024-04-13T16:22:10.489+0000] {processor.py:161} INFO - Started process (PID=1131) to work on /home/airflow/.local/lib/python3.12/site-packages/airflow/example_dags/example_external_task_marker_dag.py
[2024-04-13T16:22:10.490+0000] {processor.py:830} INFO - Processing file /home/airflow/.local/lib/python3.12/site-packages/airflow/example_dags/example_external_task_marker_dag.py for tasks to queue
[2024-04-13T16:22:10.491+0000] {logging_mixin.py:188} INFO - [2024-04-13T16:22:10.491+0000] {dagbag.py:540} INFO - Filling up the DagBag from /home/airflow/.local/lib/python3.12/site-packages/airflow/example_dags/example_external_task_marker_dag.py
[2024-04-13T16:22:10.496+0000] {processor.py:840} INFO - DAG(s) 'example_external_task_marker_child', 'example_external_task_marker_parent' retrieved from /home/airflow/.local/lib/python3.12/site-packages/airflow/example_dags/example_external_task_marker_dag.py
[2024-04-13T16:22:10.513+0000] {logging_mixin.py:188} INFO - [2024-04-13T16:22:10.513+0000] {dag.py:3096} INFO - Sync 2 DAGs
[2024-04-13T16:22:10.520+0000] {logging_mixin.py:188} INFO - [2024-04-13T16:22:10.520+0000] {dag.py:3954} INFO - Setting next_dagrun for example_external_task_marker_child to None, run_after=None
[2024-04-13T16:22:10.523+0000] {logging_mixin.py:188} INFO - [2024-04-13T16:22:10.523+0000] {dag.py:3954} INFO - Setting next_dagrun for example_external_task_marker_parent to None, run_after=None
[2024-04-13T16:22:10.531+0000] {processor.py:183} INFO - Processing /home/airflow/.local/lib/python3.12/site-packages/airflow/example_dags/example_external_task_marker_dag.py took 0.047 seconds
[2024-04-13T16:22:41.082+0000] {processor.py:161} INFO - Started process (PID=1189) to work on /home/airflow/.local/lib/python3.12/site-packages/airflow/example_dags/example_external_task_marker_dag.py
[2024-04-13T16:22:41.083+0000] {processor.py:830} INFO - Processing file /home/airflow/.local/lib/python3.12/site-packages/airflow/example_dags/example_external_task_marker_dag.py for tasks to queue
[2024-04-13T16:22:41.083+0000] {logging_mixin.py:188} INFO - [2024-04-13T16:22:41.083+0000] {dagbag.py:540} INFO - Filling up the DagBag from /home/airflow/.local/lib/python3.12/site-packages/airflow/example_dags/example_external_task_marker_dag.py
[2024-04-13T16:22:41.086+0000] {processor.py:840} INFO - DAG(s) 'example_external_task_marker_parent', 'example_external_task_marker_child' retrieved from /home/airflow/.local/lib/python3.12/site-packages/airflow/example_dags/example_external_task_marker_dag.py
[2024-04-13T16:22:41.096+0000] {logging_mixin.py:188} INFO - [2024-04-13T16:22:41.096+0000] {dag.py:3096} INFO - Sync 2 DAGs
[2024-04-13T16:22:41.104+0000] {logging_mixin.py:188} INFO - [2024-04-13T16:22:41.104+0000] {dag.py:3954} INFO - Setting next_dagrun for example_external_task_marker_child to None, run_after=None
[2024-04-13T16:22:41.105+0000] {logging_mixin.py:188} INFO - [2024-04-13T16:22:41.105+0000] {dag.py:3954} INFO - Setting next_dagrun for example_external_task_marker_parent to None, run_after=None
[2024-04-13T16:22:41.112+0000] {processor.py:183} INFO - Processing /home/airflow/.local/lib/python3.12/site-packages/airflow/example_dags/example_external_task_marker_dag.py took 0.032 seconds
[2024-04-13T16:23:11.689+0000] {processor.py:161} INFO - Started process (PID=1247) to work on /home/airflow/.local/lib/python3.12/site-packages/airflow/example_dags/example_external_task_marker_dag.py
[2024-04-13T16:23:11.690+0000] {processor.py:830} INFO - Processing file /home/airflow/.local/lib/python3.12/site-packages/airflow/example_dags/example_external_task_marker_dag.py for tasks to queue
[2024-04-13T16:23:11.692+0000] {logging_mixin.py:188} INFO - [2024-04-13T16:23:11.692+0000] {dagbag.py:540} INFO - Filling up the DagBag from /home/airflow/.local/lib/python3.12/site-packages/airflow/example_dags/example_external_task_marker_dag.py
[2024-04-13T16:23:11.697+0000] {processor.py:840} INFO - DAG(s) 'example_external_task_marker_child', 'example_external_task_marker_parent' retrieved from /home/airflow/.local/lib/python3.12/site-packages/airflow/example_dags/example_external_task_marker_dag.py
[2024-04-13T16:23:11.712+0000] {logging_mixin.py:188} INFO - [2024-04-13T16:23:11.712+0000] {dag.py:3096} INFO - Sync 2 DAGs
[2024-04-13T16:23:11.718+0000] {logging_mixin.py:188} INFO - [2024-04-13T16:23:11.718+0000] {dag.py:3954} INFO - Setting next_dagrun for example_external_task_marker_child to None, run_after=None
[2024-04-13T16:23:11.720+0000] {logging_mixin.py:188} INFO - [2024-04-13T16:23:11.720+0000] {dag.py:3954} INFO - Setting next_dagrun for example_external_task_marker_parent to None, run_after=None
[2024-04-13T16:23:11.732+0000] {processor.py:183} INFO - Processing /home/airflow/.local/lib/python3.12/site-packages/airflow/example_dags/example_external_task_marker_dag.py took 0.046 seconds
[2024-04-13T16:23:42.441+0000] {processor.py:161} INFO - Started process (PID=1305) to work on /home/airflow/.local/lib/python3.12/site-packages/airflow/example_dags/example_external_task_marker_dag.py
[2024-04-13T16:23:42.441+0000] {processor.py:830} INFO - Processing file /home/airflow/.local/lib/python3.12/site-packages/airflow/example_dags/example_external_task_marker_dag.py for tasks to queue
[2024-04-13T16:23:42.442+0000] {logging_mixin.py:188} INFO - [2024-04-13T16:23:42.442+0000] {dagbag.py:540} INFO - Filling up the DagBag from /home/airflow/.local/lib/python3.12/site-packages/airflow/example_dags/example_external_task_marker_dag.py
[2024-04-13T16:23:42.445+0000] {processor.py:840} INFO - DAG(s) 'example_external_task_marker_child', 'example_external_task_marker_parent' retrieved from /home/airflow/.local/lib/python3.12/site-packages/airflow/example_dags/example_external_task_marker_dag.py
[2024-04-13T16:23:42.455+0000] {logging_mixin.py:188} INFO - [2024-04-13T16:23:42.455+0000] {dag.py:3096} INFO - Sync 2 DAGs
[2024-04-13T16:23:42.461+0000] {logging_mixin.py:188} INFO - [2024-04-13T16:23:42.461+0000] {dag.py:3954} INFO - Setting next_dagrun for example_external_task_marker_child to None, run_after=None
[2024-04-13T16:23:42.462+0000] {logging_mixin.py:188} INFO - [2024-04-13T16:23:42.462+0000] {dag.py:3954} INFO - Setting next_dagrun for example_external_task_marker_parent to None, run_after=None
[2024-04-13T16:23:42.469+0000] {processor.py:183} INFO - Processing /home/airflow/.local/lib/python3.12/site-packages/airflow/example_dags/example_external_task_marker_dag.py took 0.031 seconds
[2024-04-13T16:24:13.002+0000] {processor.py:161} INFO - Started process (PID=1363) to work on /home/airflow/.local/lib/python3.12/site-packages/airflow/example_dags/example_external_task_marker_dag.py
[2024-04-13T16:24:13.003+0000] {processor.py:830} INFO - Processing file /home/airflow/.local/lib/python3.12/site-packages/airflow/example_dags/example_external_task_marker_dag.py for tasks to queue
[2024-04-13T16:24:13.004+0000] {logging_mixin.py:188} INFO - [2024-04-13T16:24:13.004+0000] {dagbag.py:540} INFO - Filling up the DagBag from /home/airflow/.local/lib/python3.12/site-packages/airflow/example_dags/example_external_task_marker_dag.py
[2024-04-13T16:24:13.010+0000] {processor.py:840} INFO - DAG(s) 'example_external_task_marker_child', 'example_external_task_marker_parent' retrieved from /home/airflow/.local/lib/python3.12/site-packages/airflow/example_dags/example_external_task_marker_dag.py
[2024-04-13T16:24:13.024+0000] {logging_mixin.py:188} INFO - [2024-04-13T16:24:13.024+0000] {dag.py:3096} INFO - Sync 2 DAGs
[2024-04-13T16:24:13.031+0000] {logging_mixin.py:188} INFO - [2024-04-13T16:24:13.031+0000] {dag.py:3954} INFO - Setting next_dagrun for example_external_task_marker_child to None, run_after=None
[2024-04-13T16:24:13.033+0000] {logging_mixin.py:188} INFO - [2024-04-13T16:24:13.033+0000] {dag.py:3954} INFO - Setting next_dagrun for example_external_task_marker_parent to None, run_after=None
[2024-04-13T16:24:13.040+0000] {processor.py:183} INFO - Processing /home/airflow/.local/lib/python3.12/site-packages/airflow/example_dags/example_external_task_marker_dag.py took 0.046 seconds
[2024-04-13T16:24:43.584+0000] {processor.py:161} INFO - Started process (PID=1421) to work on /home/airflow/.local/lib/python3.12/site-packages/airflow/example_dags/example_external_task_marker_dag.py
[2024-04-13T16:24:43.585+0000] {processor.py:830} INFO - Processing file /home/airflow/.local/lib/python3.12/site-packages/airflow/example_dags/example_external_task_marker_dag.py for tasks to queue
[2024-04-13T16:24:43.587+0000] {logging_mixin.py:188} INFO - [2024-04-13T16:24:43.586+0000] {dagbag.py:540} INFO - Filling up the DagBag from /home/airflow/.local/lib/python3.12/site-packages/airflow/example_dags/example_external_task_marker_dag.py
[2024-04-13T16:24:43.591+0000] {processor.py:840} INFO - DAG(s) 'example_external_task_marker_parent', 'example_external_task_marker_child' retrieved from /home/airflow/.local/lib/python3.12/site-packages/airflow/example_dags/example_external_task_marker_dag.py
[2024-04-13T16:24:43.604+0000] {logging_mixin.py:188} INFO - [2024-04-13T16:24:43.604+0000] {dag.py:3096} INFO - Sync 2 DAGs
[2024-04-13T16:24:43.611+0000] {logging_mixin.py:188} INFO - [2024-04-13T16:24:43.611+0000] {dag.py:3954} INFO - Setting next_dagrun for example_external_task_marker_child to None, run_after=None
[2024-04-13T16:24:43.613+0000] {logging_mixin.py:188} INFO - [2024-04-13T16:24:43.613+0000] {dag.py:3954} INFO - Setting next_dagrun for example_external_task_marker_parent to None, run_after=None
[2024-04-13T16:24:43.621+0000] {processor.py:183} INFO - Processing /home/airflow/.local/lib/python3.12/site-packages/airflow/example_dags/example_external_task_marker_dag.py took 0.042 seconds
[2024-04-13T16:25:14.149+0000] {processor.py:161} INFO - Started process (PID=1479) to work on /home/airflow/.local/lib/python3.12/site-packages/airflow/example_dags/example_external_task_marker_dag.py
[2024-04-13T16:25:14.150+0000] {processor.py:830} INFO - Processing file /home/airflow/.local/lib/python3.12/site-packages/airflow/example_dags/example_external_task_marker_dag.py for tasks to queue
[2024-04-13T16:25:14.154+0000] {logging_mixin.py:188} INFO - [2024-04-13T16:25:14.153+0000] {dagbag.py:540} INFO - Filling up the DagBag from /home/airflow/.local/lib/python3.12/site-packages/airflow/example_dags/example_external_task_marker_dag.py
[2024-04-13T16:25:14.162+0000] {processor.py:840} INFO - DAG(s) 'example_external_task_marker_child', 'example_external_task_marker_parent' retrieved from /home/airflow/.local/lib/python3.12/site-packages/airflow/example_dags/example_external_task_marker_dag.py
[2024-04-13T16:25:14.179+0000] {logging_mixin.py:188} INFO - [2024-04-13T16:25:14.179+0000] {dag.py:3096} INFO - Sync 2 DAGs
[2024-04-13T16:25:14.187+0000] {logging_mixin.py:188} INFO - [2024-04-13T16:25:14.187+0000] {dag.py:3954} INFO - Setting next_dagrun for example_external_task_marker_child to None, run_after=None
[2024-04-13T16:25:14.189+0000] {logging_mixin.py:188} INFO - [2024-04-13T16:25:14.189+0000] {dag.py:3954} INFO - Setting next_dagrun for example_external_task_marker_parent to None, run_after=None
[2024-04-13T16:25:14.197+0000] {processor.py:183} INFO - Processing /home/airflow/.local/lib/python3.12/site-packages/airflow/example_dags/example_external_task_marker_dag.py took 0.060 seconds
[2024-04-13T16:25:44.726+0000] {processor.py:161} INFO - Started process (PID=1537) to work on /home/airflow/.local/lib/python3.12/site-packages/airflow/example_dags/example_external_task_marker_dag.py
[2024-04-13T16:25:44.728+0000] {processor.py:830} INFO - Processing file /home/airflow/.local/lib/python3.12/site-packages/airflow/example_dags/example_external_task_marker_dag.py for tasks to queue
[2024-04-13T16:25:44.730+0000] {logging_mixin.py:188} INFO - [2024-04-13T16:25:44.729+0000] {dagbag.py:540} INFO - Filling up the DagBag from /home/airflow/.local/lib/python3.12/site-packages/airflow/example_dags/example_external_task_marker_dag.py
[2024-04-13T16:25:44.735+0000] {processor.py:840} INFO - DAG(s) 'example_external_task_marker_child', 'example_external_task_marker_parent' retrieved from /home/airflow/.local/lib/python3.12/site-packages/airflow/example_dags/example_external_task_marker_dag.py
[2024-04-13T16:25:44.752+0000] {logging_mixin.py:188} INFO - [2024-04-13T16:25:44.752+0000] {dag.py:3096} INFO - Sync 2 DAGs
[2024-04-13T16:25:44.760+0000] {logging_mixin.py:188} INFO - [2024-04-13T16:25:44.760+0000] {dag.py:3954} INFO - Setting next_dagrun for example_external_task_marker_child to None, run_after=None
[2024-04-13T16:25:44.762+0000] {logging_mixin.py:188} INFO - [2024-04-13T16:25:44.762+0000] {dag.py:3954} INFO - Setting next_dagrun for example_external_task_marker_parent to None, run_after=None
[2024-04-13T16:25:44.793+0000] {processor.py:183} INFO - Processing /home/airflow/.local/lib/python3.12/site-packages/airflow/example_dags/example_external_task_marker_dag.py took 0.074 seconds
[2024-04-13T16:26:15.352+0000] {processor.py:161} INFO - Started process (PID=1595) to work on /home/airflow/.local/lib/python3.12/site-packages/airflow/example_dags/example_external_task_marker_dag.py
[2024-04-13T16:26:15.353+0000] {processor.py:830} INFO - Processing file /home/airflow/.local/lib/python3.12/site-packages/airflow/example_dags/example_external_task_marker_dag.py for tasks to queue
[2024-04-13T16:26:15.355+0000] {logging_mixin.py:188} INFO - [2024-04-13T16:26:15.354+0000] {dagbag.py:540} INFO - Filling up the DagBag from /home/airflow/.local/lib/python3.12/site-packages/airflow/example_dags/example_external_task_marker_dag.py
[2024-04-13T16:26:15.360+0000] {processor.py:840} INFO - DAG(s) 'example_external_task_marker_child', 'example_external_task_marker_parent' retrieved from /home/airflow/.local/lib/python3.12/site-packages/airflow/example_dags/example_external_task_marker_dag.py
[2024-04-13T16:26:15.377+0000] {logging_mixin.py:188} INFO - [2024-04-13T16:26:15.377+0000] {dag.py:3096} INFO - Sync 2 DAGs
[2024-04-13T16:26:15.384+0000] {logging_mixin.py:188} INFO - [2024-04-13T16:26:15.384+0000] {dag.py:3954} INFO - Setting next_dagrun for example_external_task_marker_child to None, run_after=None
[2024-04-13T16:26:15.386+0000] {logging_mixin.py:188} INFO - [2024-04-13T16:26:15.386+0000] {dag.py:3954} INFO - Setting next_dagrun for example_external_task_marker_parent to None, run_after=None
[2024-04-13T16:26:15.394+0000] {processor.py:183} INFO - Processing /home/airflow/.local/lib/python3.12/site-packages/airflow/example_dags/example_external_task_marker_dag.py took 0.050 seconds
[2024-04-13T16:26:45.845+0000] {processor.py:161} INFO - Started process (PID=1653) to work on /home/airflow/.local/lib/python3.12/site-packages/airflow/example_dags/example_external_task_marker_dag.py
[2024-04-13T16:26:45.846+0000] {processor.py:830} INFO - Processing file /home/airflow/.local/lib/python3.12/site-packages/airflow/example_dags/example_external_task_marker_dag.py for tasks to queue
[2024-04-13T16:26:45.848+0000] {logging_mixin.py:188} INFO - [2024-04-13T16:26:45.847+0000] {dagbag.py:540} INFO - Filling up the DagBag from /home/airflow/.local/lib/python3.12/site-packages/airflow/example_dags/example_external_task_marker_dag.py
[2024-04-13T16:26:45.853+0000] {processor.py:840} INFO - DAG(s) 'example_external_task_marker_child', 'example_external_task_marker_parent' retrieved from /home/airflow/.local/lib/python3.12/site-packages/airflow/example_dags/example_external_task_marker_dag.py
[2024-04-13T16:26:45.868+0000] {logging_mixin.py:188} INFO - [2024-04-13T16:26:45.868+0000] {dag.py:3096} INFO - Sync 2 DAGs
[2024-04-13T16:26:45.875+0000] {logging_mixin.py:188} INFO - [2024-04-13T16:26:45.875+0000] {dag.py:3954} INFO - Setting next_dagrun for example_external_task_marker_child to None, run_after=None
[2024-04-13T16:26:45.877+0000] {logging_mixin.py:188} INFO - [2024-04-13T16:26:45.877+0000] {dag.py:3954} INFO - Setting next_dagrun for example_external_task_marker_parent to None, run_after=None
[2024-04-13T16:26:45.885+0000] {processor.py:183} INFO - Processing /home/airflow/.local/lib/python3.12/site-packages/airflow/example_dags/example_external_task_marker_dag.py took 0.047 seconds
[2024-04-13T16:27:16.447+0000] {processor.py:161} INFO - Started process (PID=1711) to work on /home/airflow/.local/lib/python3.12/site-packages/airflow/example_dags/example_external_task_marker_dag.py
[2024-04-13T16:27:16.447+0000] {processor.py:830} INFO - Processing file /home/airflow/.local/lib/python3.12/site-packages/airflow/example_dags/example_external_task_marker_dag.py for tasks to queue
[2024-04-13T16:27:16.450+0000] {logging_mixin.py:188} INFO - [2024-04-13T16:27:16.449+0000] {dagbag.py:540} INFO - Filling up the DagBag from /home/airflow/.local/lib/python3.12/site-packages/airflow/example_dags/example_external_task_marker_dag.py
[2024-04-13T16:27:16.455+0000] {processor.py:840} INFO - DAG(s) 'example_external_task_marker_parent', 'example_external_task_marker_child' retrieved from /home/airflow/.local/lib/python3.12/site-packages/airflow/example_dags/example_external_task_marker_dag.py
[2024-04-13T16:27:16.470+0000] {logging_mixin.py:188} INFO - [2024-04-13T16:27:16.470+0000] {dag.py:3096} INFO - Sync 2 DAGs
[2024-04-13T16:27:16.478+0000] {logging_mixin.py:188} INFO - [2024-04-13T16:27:16.477+0000] {dag.py:3954} INFO - Setting next_dagrun for example_external_task_marker_child to None, run_after=None
[2024-04-13T16:27:16.479+0000] {logging_mixin.py:188} INFO - [2024-04-13T16:27:16.479+0000] {dag.py:3954} INFO - Setting next_dagrun for example_external_task_marker_parent to None, run_after=None
[2024-04-13T16:27:16.488+0000] {processor.py:183} INFO - Processing /home/airflow/.local/lib/python3.12/site-packages/airflow/example_dags/example_external_task_marker_dag.py took 0.048 seconds
[2024-04-13T16:27:47.328+0000] {processor.py:161} INFO - Started process (PID=1769) to work on /home/airflow/.local/lib/python3.12/site-packages/airflow/example_dags/example_external_task_marker_dag.py
[2024-04-13T16:27:47.330+0000] {processor.py:830} INFO - Processing file /home/airflow/.local/lib/python3.12/site-packages/airflow/example_dags/example_external_task_marker_dag.py for tasks to queue
[2024-04-13T16:27:47.332+0000] {logging_mixin.py:188} INFO - [2024-04-13T16:27:47.331+0000] {dagbag.py:540} INFO - Filling up the DagBag from /home/airflow/.local/lib/python3.12/site-packages/airflow/example_dags/example_external_task_marker_dag.py
[2024-04-13T16:27:47.339+0000] {processor.py:840} INFO - DAG(s) 'example_external_task_marker_parent', 'example_external_task_marker_child' retrieved from /home/airflow/.local/lib/python3.12/site-packages/airflow/example_dags/example_external_task_marker_dag.py
[2024-04-13T16:27:47.355+0000] {logging_mixin.py:188} INFO - [2024-04-13T16:27:47.355+0000] {dag.py:3096} INFO - Sync 2 DAGs
[2024-04-13T16:27:47.363+0000] {logging_mixin.py:188} INFO - [2024-04-13T16:27:47.363+0000] {dag.py:3954} INFO - Setting next_dagrun for example_external_task_marker_child to None, run_after=None
[2024-04-13T16:27:47.365+0000] {logging_mixin.py:188} INFO - [2024-04-13T16:27:47.365+0000] {dag.py:3954} INFO - Setting next_dagrun for example_external_task_marker_parent to None, run_after=None
[2024-04-13T16:27:47.373+0000] {processor.py:183} INFO - Processing /home/airflow/.local/lib/python3.12/site-packages/airflow/example_dags/example_external_task_marker_dag.py took 0.052 seconds
[2024-04-13T16:28:17.887+0000] {processor.py:161} INFO - Started process (PID=1827) to work on /home/airflow/.local/lib/python3.12/site-packages/airflow/example_dags/example_external_task_marker_dag.py
[2024-04-13T16:28:17.889+0000] {processor.py:830} INFO - Processing file /home/airflow/.local/lib/python3.12/site-packages/airflow/example_dags/example_external_task_marker_dag.py for tasks to queue
[2024-04-13T16:28:17.891+0000] {logging_mixin.py:188} INFO - [2024-04-13T16:28:17.890+0000] {dagbag.py:540} INFO - Filling up the DagBag from /home/airflow/.local/lib/python3.12/site-packages/airflow/example_dags/example_external_task_marker_dag.py
[2024-04-13T16:28:17.897+0000] {processor.py:840} INFO - DAG(s) 'example_external_task_marker_parent', 'example_external_task_marker_child' retrieved from /home/airflow/.local/lib/python3.12/site-packages/airflow/example_dags/example_external_task_marker_dag.py
[2024-04-13T16:28:17.916+0000] {logging_mixin.py:188} INFO - [2024-04-13T16:28:17.916+0000] {dag.py:3096} INFO - Sync 2 DAGs
[2024-04-13T16:28:17.923+0000] {logging_mixin.py:188} INFO - [2024-04-13T16:28:17.923+0000] {dag.py:3954} INFO - Setting next_dagrun for example_external_task_marker_child to None, run_after=None
[2024-04-13T16:28:17.925+0000] {logging_mixin.py:188} INFO - [2024-04-13T16:28:17.925+0000] {dag.py:3954} INFO - Setting next_dagrun for example_external_task_marker_parent to None, run_after=None
[2024-04-13T16:28:17.933+0000] {processor.py:183} INFO - Processing /home/airflow/.local/lib/python3.12/site-packages/airflow/example_dags/example_external_task_marker_dag.py took 0.055 seconds
[2024-04-13T16:28:48.559+0000] {processor.py:161} INFO - Started process (PID=1892) to work on /home/airflow/.local/lib/python3.12/site-packages/airflow/example_dags/example_external_task_marker_dag.py
[2024-04-13T16:28:48.560+0000] {processor.py:830} INFO - Processing file /home/airflow/.local/lib/python3.12/site-packages/airflow/example_dags/example_external_task_marker_dag.py for tasks to queue
[2024-04-13T16:28:48.562+0000] {logging_mixin.py:188} INFO - [2024-04-13T16:28:48.562+0000] {dagbag.py:540} INFO - Filling up the DagBag from /home/airflow/.local/lib/python3.12/site-packages/airflow/example_dags/example_external_task_marker_dag.py
[2024-04-13T16:28:48.568+0000] {processor.py:840} INFO - DAG(s) 'example_external_task_marker_parent', 'example_external_task_marker_child' retrieved from /home/airflow/.local/lib/python3.12/site-packages/airflow/example_dags/example_external_task_marker_dag.py
[2024-04-13T16:28:48.585+0000] {logging_mixin.py:188} INFO - [2024-04-13T16:28:48.585+0000] {dag.py:3096} INFO - Sync 2 DAGs
[2024-04-13T16:28:48.593+0000] {logging_mixin.py:188} INFO - [2024-04-13T16:28:48.593+0000] {dag.py:3954} INFO - Setting next_dagrun for example_external_task_marker_child to None, run_after=None
[2024-04-13T16:28:48.595+0000] {logging_mixin.py:188} INFO - [2024-04-13T16:28:48.595+0000] {dag.py:3954} INFO - Setting next_dagrun for example_external_task_marker_parent to None, run_after=None
[2024-04-13T16:28:48.603+0000] {processor.py:183} INFO - Processing /home/airflow/.local/lib/python3.12/site-packages/airflow/example_dags/example_external_task_marker_dag.py took 0.051 seconds
[2024-04-13T16:29:19.186+0000] {processor.py:161} INFO - Started process (PID=1950) to work on /home/airflow/.local/lib/python3.12/site-packages/airflow/example_dags/example_external_task_marker_dag.py
[2024-04-13T16:29:19.187+0000] {processor.py:830} INFO - Processing file /home/airflow/.local/lib/python3.12/site-packages/airflow/example_dags/example_external_task_marker_dag.py for tasks to queue
[2024-04-13T16:29:19.189+0000] {logging_mixin.py:188} INFO - [2024-04-13T16:29:19.188+0000] {dagbag.py:540} INFO - Filling up the DagBag from /home/airflow/.local/lib/python3.12/site-packages/airflow/example_dags/example_external_task_marker_dag.py
[2024-04-13T16:29:19.195+0000] {processor.py:840} INFO - DAG(s) 'example_external_task_marker_parent', 'example_external_task_marker_child' retrieved from /home/airflow/.local/lib/python3.12/site-packages/airflow/example_dags/example_external_task_marker_dag.py
[2024-04-13T16:29:19.213+0000] {logging_mixin.py:188} INFO - [2024-04-13T16:29:19.213+0000] {dag.py:3096} INFO - Sync 2 DAGs
[2024-04-13T16:29:19.220+0000] {logging_mixin.py:188} INFO - [2024-04-13T16:29:19.220+0000] {dag.py:3954} INFO - Setting next_dagrun for example_external_task_marker_child to None, run_after=None
[2024-04-13T16:29:19.222+0000] {logging_mixin.py:188} INFO - [2024-04-13T16:29:19.222+0000] {dag.py:3954} INFO - Setting next_dagrun for example_external_task_marker_parent to None, run_after=None
[2024-04-13T16:29:19.229+0000] {processor.py:183} INFO - Processing /home/airflow/.local/lib/python3.12/site-packages/airflow/example_dags/example_external_task_marker_dag.py took 0.051 seconds
[2024-04-13T16:29:49.863+0000] {processor.py:161} INFO - Started process (PID=2008) to work on /home/airflow/.local/lib/python3.12/site-packages/airflow/example_dags/example_external_task_marker_dag.py
[2024-04-13T16:29:49.864+0000] {processor.py:830} INFO - Processing file /home/airflow/.local/lib/python3.12/site-packages/airflow/example_dags/example_external_task_marker_dag.py for tasks to queue
[2024-04-13T16:29:49.865+0000] {logging_mixin.py:188} INFO - [2024-04-13T16:29:49.865+0000] {dagbag.py:540} INFO - Filling up the DagBag from /home/airflow/.local/lib/python3.12/site-packages/airflow/example_dags/example_external_task_marker_dag.py
[2024-04-13T16:29:49.868+0000] {processor.py:840} INFO - DAG(s) 'example_external_task_marker_child', 'example_external_task_marker_parent' retrieved from /home/airflow/.local/lib/python3.12/site-packages/airflow/example_dags/example_external_task_marker_dag.py
[2024-04-13T16:29:49.879+0000] {logging_mixin.py:188} INFO - [2024-04-13T16:29:49.879+0000] {dag.py:3096} INFO - Sync 2 DAGs
[2024-04-13T16:29:49.884+0000] {logging_mixin.py:188} INFO - [2024-04-13T16:29:49.884+0000] {dag.py:3954} INFO - Setting next_dagrun for example_external_task_marker_child to None, run_after=None
[2024-04-13T16:29:49.886+0000] {logging_mixin.py:188} INFO - [2024-04-13T16:29:49.886+0000] {dag.py:3954} INFO - Setting next_dagrun for example_external_task_marker_parent to None, run_after=None
[2024-04-13T16:29:49.893+0000] {processor.py:183} INFO - Processing /home/airflow/.local/lib/python3.12/site-packages/airflow/example_dags/example_external_task_marker_dag.py took 0.035 seconds
[2024-04-13T16:30:20.487+0000] {processor.py:161} INFO - Started process (PID=2066) to work on /home/airflow/.local/lib/python3.12/site-packages/airflow/example_dags/example_external_task_marker_dag.py
[2024-04-13T16:30:20.488+0000] {processor.py:830} INFO - Processing file /home/airflow/.local/lib/python3.12/site-packages/airflow/example_dags/example_external_task_marker_dag.py for tasks to queue
[2024-04-13T16:30:20.490+0000] {logging_mixin.py:188} INFO - [2024-04-13T16:30:20.490+0000] {dagbag.py:540} INFO - Filling up the DagBag from /home/airflow/.local/lib/python3.12/site-packages/airflow/example_dags/example_external_task_marker_dag.py
[2024-04-13T16:30:20.497+0000] {processor.py:840} INFO - DAG(s) 'example_external_task_marker_child', 'example_external_task_marker_parent' retrieved from /home/airflow/.local/lib/python3.12/site-packages/airflow/example_dags/example_external_task_marker_dag.py
[2024-04-13T16:30:20.513+0000] {logging_mixin.py:188} INFO - [2024-04-13T16:30:20.513+0000] {dag.py:3096} INFO - Sync 2 DAGs
[2024-04-13T16:30:20.520+0000] {logging_mixin.py:188} INFO - [2024-04-13T16:30:20.520+0000] {dag.py:3954} INFO - Setting next_dagrun for example_external_task_marker_child to None, run_after=None
[2024-04-13T16:30:20.522+0000] {logging_mixin.py:188} INFO - [2024-04-13T16:30:20.522+0000] {dag.py:3954} INFO - Setting next_dagrun for example_external_task_marker_parent to None, run_after=None
[2024-04-13T16:30:20.530+0000] {processor.py:183} INFO - Processing /home/airflow/.local/lib/python3.12/site-packages/airflow/example_dags/example_external_task_marker_dag.py took 0.052 seconds
[2024-04-13T16:30:51.115+0000] {processor.py:161} INFO - Started process (PID=2124) to work on /home/airflow/.local/lib/python3.12/site-packages/airflow/example_dags/example_external_task_marker_dag.py
[2024-04-13T16:30:51.116+0000] {processor.py:830} INFO - Processing file /home/airflow/.local/lib/python3.12/site-packages/airflow/example_dags/example_external_task_marker_dag.py for tasks to queue
[2024-04-13T16:30:51.118+0000] {logging_mixin.py:188} INFO - [2024-04-13T16:30:51.117+0000] {dagbag.py:540} INFO - Filling up the DagBag from /home/airflow/.local/lib/python3.12/site-packages/airflow/example_dags/example_external_task_marker_dag.py
[2024-04-13T16:30:51.123+0000] {processor.py:840} INFO - DAG(s) 'example_external_task_marker_parent', 'example_external_task_marker_child' retrieved from /home/airflow/.local/lib/python3.12/site-packages/airflow/example_dags/example_external_task_marker_dag.py
[2024-04-13T16:30:51.139+0000] {logging_mixin.py:188} INFO - [2024-04-13T16:30:51.139+0000] {dag.py:3096} INFO - Sync 2 DAGs
[2024-04-13T16:30:51.146+0000] {logging_mixin.py:188} INFO - [2024-04-13T16:30:51.146+0000] {dag.py:3954} INFO - Setting next_dagrun for example_external_task_marker_child to None, run_after=None
[2024-04-13T16:30:51.148+0000] {logging_mixin.py:188} INFO - [2024-04-13T16:30:51.148+0000] {dag.py:3954} INFO - Setting next_dagrun for example_external_task_marker_parent to None, run_after=None
[2024-04-13T16:30:51.155+0000] {processor.py:183} INFO - Processing /home/airflow/.local/lib/python3.12/site-packages/airflow/example_dags/example_external_task_marker_dag.py took 0.047 seconds
[2024-04-13T16:31:21.696+0000] {processor.py:161} INFO - Started process (PID=2182) to work on /home/airflow/.local/lib/python3.12/site-packages/airflow/example_dags/example_external_task_marker_dag.py
[2024-04-13T16:31:21.697+0000] {processor.py:830} INFO - Processing file /home/airflow/.local/lib/python3.12/site-packages/airflow/example_dags/example_external_task_marker_dag.py for tasks to queue
[2024-04-13T16:31:21.700+0000] {logging_mixin.py:188} INFO - [2024-04-13T16:31:21.700+0000] {dagbag.py:540} INFO - Filling up the DagBag from /home/airflow/.local/lib/python3.12/site-packages/airflow/example_dags/example_external_task_marker_dag.py
[2024-04-13T16:31:21.709+0000] {processor.py:840} INFO - DAG(s) 'example_external_task_marker_parent', 'example_external_task_marker_child' retrieved from /home/airflow/.local/lib/python3.12/site-packages/airflow/example_dags/example_external_task_marker_dag.py
[2024-04-13T16:31:21.730+0000] {logging_mixin.py:188} INFO - [2024-04-13T16:31:21.730+0000] {dag.py:3096} INFO - Sync 2 DAGs
[2024-04-13T16:31:21.739+0000] {logging_mixin.py:188} INFO - [2024-04-13T16:31:21.739+0000] {dag.py:3954} INFO - Setting next_dagrun for example_external_task_marker_child to None, run_after=None
[2024-04-13T16:31:21.742+0000] {logging_mixin.py:188} INFO - [2024-04-13T16:31:21.742+0000] {dag.py:3954} INFO - Setting next_dagrun for example_external_task_marker_parent to None, run_after=None
[2024-04-13T16:31:21.750+0000] {processor.py:183} INFO - Processing /home/airflow/.local/lib/python3.12/site-packages/airflow/example_dags/example_external_task_marker_dag.py took 0.067 seconds
[2024-04-13T16:31:52.351+0000] {processor.py:161} INFO - Started process (PID=2240) to work on /home/airflow/.local/lib/python3.12/site-packages/airflow/example_dags/example_external_task_marker_dag.py
[2024-04-13T16:31:52.352+0000] {processor.py:830} INFO - Processing file /home/airflow/.local/lib/python3.12/site-packages/airflow/example_dags/example_external_task_marker_dag.py for tasks to queue
[2024-04-13T16:31:52.353+0000] {logging_mixin.py:188} INFO - [2024-04-13T16:31:52.353+0000] {dagbag.py:540} INFO - Filling up the DagBag from /home/airflow/.local/lib/python3.12/site-packages/airflow/example_dags/example_external_task_marker_dag.py
[2024-04-13T16:31:52.356+0000] {processor.py:840} INFO - DAG(s) 'example_external_task_marker_child', 'example_external_task_marker_parent' retrieved from /home/airflow/.local/lib/python3.12/site-packages/airflow/example_dags/example_external_task_marker_dag.py
[2024-04-13T16:31:52.368+0000] {logging_mixin.py:188} INFO - [2024-04-13T16:31:52.368+0000] {dag.py:3096} INFO - Sync 2 DAGs
[2024-04-13T16:31:52.374+0000] {logging_mixin.py:188} INFO - [2024-04-13T16:31:52.374+0000] {dag.py:3954} INFO - Setting next_dagrun for example_external_task_marker_child to None, run_after=None
[2024-04-13T16:31:52.375+0000] {logging_mixin.py:188} INFO - [2024-04-13T16:31:52.375+0000] {dag.py:3954} INFO - Setting next_dagrun for example_external_task_marker_parent to None, run_after=None
[2024-04-13T16:31:52.382+0000] {processor.py:183} INFO - Processing /home/airflow/.local/lib/python3.12/site-packages/airflow/example_dags/example_external_task_marker_dag.py took 0.035 seconds
[2024-04-13T16:32:22.789+0000] {processor.py:161} INFO - Started process (PID=2297) to work on /home/airflow/.local/lib/python3.12/site-packages/airflow/example_dags/example_external_task_marker_dag.py
[2024-04-13T16:32:22.790+0000] {processor.py:830} INFO - Processing file /home/airflow/.local/lib/python3.12/site-packages/airflow/example_dags/example_external_task_marker_dag.py for tasks to queue
[2024-04-13T16:32:22.792+0000] {logging_mixin.py:188} INFO - [2024-04-13T16:32:22.792+0000] {dagbag.py:540} INFO - Filling up the DagBag from /home/airflow/.local/lib/python3.12/site-packages/airflow/example_dags/example_external_task_marker_dag.py
[2024-04-13T16:32:22.799+0000] {processor.py:840} INFO - DAG(s) 'example_external_task_marker_child', 'example_external_task_marker_parent' retrieved from /home/airflow/.local/lib/python3.12/site-packages/airflow/example_dags/example_external_task_marker_dag.py
[2024-04-13T16:32:22.816+0000] {logging_mixin.py:188} INFO - [2024-04-13T16:32:22.816+0000] {dag.py:3096} INFO - Sync 2 DAGs
[2024-04-13T16:32:22.823+0000] {logging_mixin.py:188} INFO - [2024-04-13T16:32:22.823+0000] {dag.py:3954} INFO - Setting next_dagrun for example_external_task_marker_child to None, run_after=None
[2024-04-13T16:32:22.825+0000] {logging_mixin.py:188} INFO - [2024-04-13T16:32:22.825+0000] {dag.py:3954} INFO - Setting next_dagrun for example_external_task_marker_parent to None, run_after=None
[2024-04-13T16:32:22.833+0000] {processor.py:183} INFO - Processing /home/airflow/.local/lib/python3.12/site-packages/airflow/example_dags/example_external_task_marker_dag.py took 0.054 seconds
[2024-04-13T16:32:53.450+0000] {processor.py:161} INFO - Started process (PID=2355) to work on /home/airflow/.local/lib/python3.12/site-packages/airflow/example_dags/example_external_task_marker_dag.py
[2024-04-13T16:32:53.451+0000] {processor.py:830} INFO - Processing file /home/airflow/.local/lib/python3.12/site-packages/airflow/example_dags/example_external_task_marker_dag.py for tasks to queue
[2024-04-13T16:32:53.454+0000] {logging_mixin.py:188} INFO - [2024-04-13T16:32:53.453+0000] {dagbag.py:540} INFO - Filling up the DagBag from /home/airflow/.local/lib/python3.12/site-packages/airflow/example_dags/example_external_task_marker_dag.py
[2024-04-13T16:32:53.460+0000] {processor.py:840} INFO - DAG(s) 'example_external_task_marker_parent', 'example_external_task_marker_child' retrieved from /home/airflow/.local/lib/python3.12/site-packages/airflow/example_dags/example_external_task_marker_dag.py
[2024-04-13T16:32:53.476+0000] {logging_mixin.py:188} INFO - [2024-04-13T16:32:53.476+0000] {dag.py:3096} INFO - Sync 2 DAGs
[2024-04-13T16:32:53.483+0000] {logging_mixin.py:188} INFO - [2024-04-13T16:32:53.483+0000] {dag.py:3954} INFO - Setting next_dagrun for example_external_task_marker_child to None, run_after=None
[2024-04-13T16:32:53.486+0000] {logging_mixin.py:188} INFO - [2024-04-13T16:32:53.486+0000] {dag.py:3954} INFO - Setting next_dagrun for example_external_task_marker_parent to None, run_after=None
[2024-04-13T16:32:53.494+0000] {processor.py:183} INFO - Processing /home/airflow/.local/lib/python3.12/site-packages/airflow/example_dags/example_external_task_marker_dag.py took 0.051 seconds
[2024-04-13T16:33:24.053+0000] {processor.py:161} INFO - Started process (PID=2413) to work on /home/airflow/.local/lib/python3.12/site-packages/airflow/example_dags/example_external_task_marker_dag.py
[2024-04-13T16:33:24.054+0000] {processor.py:830} INFO - Processing file /home/airflow/.local/lib/python3.12/site-packages/airflow/example_dags/example_external_task_marker_dag.py for tasks to queue
[2024-04-13T16:33:24.056+0000] {logging_mixin.py:188} INFO - [2024-04-13T16:33:24.056+0000] {dagbag.py:540} INFO - Filling up the DagBag from /home/airflow/.local/lib/python3.12/site-packages/airflow/example_dags/example_external_task_marker_dag.py
[2024-04-13T16:33:24.063+0000] {processor.py:840} INFO - DAG(s) 'example_external_task_marker_child', 'example_external_task_marker_parent' retrieved from /home/airflow/.local/lib/python3.12/site-packages/airflow/example_dags/example_external_task_marker_dag.py
[2024-04-13T16:33:24.080+0000] {logging_mixin.py:188} INFO - [2024-04-13T16:33:24.080+0000] {dag.py:3096} INFO - Sync 2 DAGs
[2024-04-13T16:33:24.087+0000] {logging_mixin.py:188} INFO - [2024-04-13T16:33:24.087+0000] {dag.py:3954} INFO - Setting next_dagrun for example_external_task_marker_child to None, run_after=None
[2024-04-13T16:33:24.090+0000] {logging_mixin.py:188} INFO - [2024-04-13T16:33:24.090+0000] {dag.py:3954} INFO - Setting next_dagrun for example_external_task_marker_parent to None, run_after=None
[2024-04-13T16:33:24.098+0000] {processor.py:183} INFO - Processing /home/airflow/.local/lib/python3.12/site-packages/airflow/example_dags/example_external_task_marker_dag.py took 0.054 seconds
[2024-04-13T16:33:54.714+0000] {processor.py:161} INFO - Started process (PID=2471) to work on /home/airflow/.local/lib/python3.12/site-packages/airflow/example_dags/example_external_task_marker_dag.py
[2024-04-13T16:33:54.715+0000] {processor.py:830} INFO - Processing file /home/airflow/.local/lib/python3.12/site-packages/airflow/example_dags/example_external_task_marker_dag.py for tasks to queue
[2024-04-13T16:33:54.717+0000] {logging_mixin.py:188} INFO - [2024-04-13T16:33:54.717+0000] {dagbag.py:540} INFO - Filling up the DagBag from /home/airflow/.local/lib/python3.12/site-packages/airflow/example_dags/example_external_task_marker_dag.py
[2024-04-13T16:33:54.724+0000] {processor.py:840} INFO - DAG(s) 'example_external_task_marker_child', 'example_external_task_marker_parent' retrieved from /home/airflow/.local/lib/python3.12/site-packages/airflow/example_dags/example_external_task_marker_dag.py
[2024-04-13T16:33:54.741+0000] {logging_mixin.py:188} INFO - [2024-04-13T16:33:54.741+0000] {dag.py:3096} INFO - Sync 2 DAGs
[2024-04-13T16:33:54.749+0000] {logging_mixin.py:188} INFO - [2024-04-13T16:33:54.749+0000] {dag.py:3954} INFO - Setting next_dagrun for example_external_task_marker_child to None, run_after=None
[2024-04-13T16:33:54.751+0000] {logging_mixin.py:188} INFO - [2024-04-13T16:33:54.751+0000] {dag.py:3954} INFO - Setting next_dagrun for example_external_task_marker_parent to None, run_after=None
[2024-04-13T16:33:54.760+0000] {processor.py:183} INFO - Processing /home/airflow/.local/lib/python3.12/site-packages/airflow/example_dags/example_external_task_marker_dag.py took 0.052 seconds
[2024-04-13T16:34:25.353+0000] {processor.py:161} INFO - Started process (PID=2529) to work on /home/airflow/.local/lib/python3.12/site-packages/airflow/example_dags/example_external_task_marker_dag.py
[2024-04-13T16:34:25.354+0000] {processor.py:830} INFO - Processing file /home/airflow/.local/lib/python3.12/site-packages/airflow/example_dags/example_external_task_marker_dag.py for tasks to queue
[2024-04-13T16:34:25.356+0000] {logging_mixin.py:188} INFO - [2024-04-13T16:34:25.356+0000] {dagbag.py:540} INFO - Filling up the DagBag from /home/airflow/.local/lib/python3.12/site-packages/airflow/example_dags/example_external_task_marker_dag.py
[2024-04-13T16:34:25.362+0000] {processor.py:840} INFO - DAG(s) 'example_external_task_marker_child', 'example_external_task_marker_parent' retrieved from /home/airflow/.local/lib/python3.12/site-packages/airflow/example_dags/example_external_task_marker_dag.py
[2024-04-13T16:34:25.380+0000] {logging_mixin.py:188} INFO - [2024-04-13T16:34:25.380+0000] {dag.py:3096} INFO - Sync 2 DAGs
[2024-04-13T16:34:25.387+0000] {logging_mixin.py:188} INFO - [2024-04-13T16:34:25.387+0000] {dag.py:3954} INFO - Setting next_dagrun for example_external_task_marker_child to None, run_after=None
[2024-04-13T16:34:25.389+0000] {logging_mixin.py:188} INFO - [2024-04-13T16:34:25.389+0000] {dag.py:3954} INFO - Setting next_dagrun for example_external_task_marker_parent to None, run_after=None
[2024-04-13T16:34:25.398+0000] {processor.py:183} INFO - Processing /home/airflow/.local/lib/python3.12/site-packages/airflow/example_dags/example_external_task_marker_dag.py took 0.053 seconds
[2024-04-13T16:34:55.842+0000] {processor.py:161} INFO - Started process (PID=2587) to work on /home/airflow/.local/lib/python3.12/site-packages/airflow/example_dags/example_external_task_marker_dag.py
[2024-04-13T16:34:55.843+0000] {processor.py:830} INFO - Processing file /home/airflow/.local/lib/python3.12/site-packages/airflow/example_dags/example_external_task_marker_dag.py for tasks to queue
[2024-04-13T16:34:55.846+0000] {logging_mixin.py:188} INFO - [2024-04-13T16:34:55.845+0000] {dagbag.py:540} INFO - Filling up the DagBag from /home/airflow/.local/lib/python3.12/site-packages/airflow/example_dags/example_external_task_marker_dag.py
[2024-04-13T16:34:55.852+0000] {processor.py:840} INFO - DAG(s) 'example_external_task_marker_parent', 'example_external_task_marker_child' retrieved from /home/airflow/.local/lib/python3.12/site-packages/airflow/example_dags/example_external_task_marker_dag.py
[2024-04-13T16:34:55.869+0000] {logging_mixin.py:188} INFO - [2024-04-13T16:34:55.868+0000] {dag.py:3096} INFO - Sync 2 DAGs
[2024-04-13T16:34:55.876+0000] {logging_mixin.py:188} INFO - [2024-04-13T16:34:55.875+0000] {dag.py:3954} INFO - Setting next_dagrun for example_external_task_marker_child to None, run_after=None
[2024-04-13T16:34:55.878+0000] {logging_mixin.py:188} INFO - [2024-04-13T16:34:55.878+0000] {dag.py:3954} INFO - Setting next_dagrun for example_external_task_marker_parent to None, run_after=None
[2024-04-13T16:34:55.886+0000] {processor.py:183} INFO - Processing /home/airflow/.local/lib/python3.12/site-packages/airflow/example_dags/example_external_task_marker_dag.py took 0.053 seconds
[2024-04-13T16:35:26.494+0000] {processor.py:161} INFO - Started process (PID=2645) to work on /home/airflow/.local/lib/python3.12/site-packages/airflow/example_dags/example_external_task_marker_dag.py
[2024-04-13T16:35:26.495+0000] {processor.py:830} INFO - Processing file /home/airflow/.local/lib/python3.12/site-packages/airflow/example_dags/example_external_task_marker_dag.py for tasks to queue
[2024-04-13T16:35:26.498+0000] {logging_mixin.py:188} INFO - [2024-04-13T16:35:26.497+0000] {dagbag.py:540} INFO - Filling up the DagBag from /home/airflow/.local/lib/python3.12/site-packages/airflow/example_dags/example_external_task_marker_dag.py
[2024-04-13T16:35:26.504+0000] {processor.py:840} INFO - DAG(s) 'example_external_task_marker_child', 'example_external_task_marker_parent' retrieved from /home/airflow/.local/lib/python3.12/site-packages/airflow/example_dags/example_external_task_marker_dag.py
[2024-04-13T16:35:26.521+0000] {logging_mixin.py:188} INFO - [2024-04-13T16:35:26.521+0000] {dag.py:3096} INFO - Sync 2 DAGs
[2024-04-13T16:35:26.529+0000] {logging_mixin.py:188} INFO - [2024-04-13T16:35:26.528+0000] {dag.py:3954} INFO - Setting next_dagrun for example_external_task_marker_child to None, run_after=None
[2024-04-13T16:35:26.531+0000] {logging_mixin.py:188} INFO - [2024-04-13T16:35:26.531+0000] {dag.py:3954} INFO - Setting next_dagrun for example_external_task_marker_parent to None, run_after=None
[2024-04-13T16:35:26.538+0000] {processor.py:183} INFO - Processing /home/airflow/.local/lib/python3.12/site-packages/airflow/example_dags/example_external_task_marker_dag.py took 0.053 seconds
[2024-04-13T16:35:57.098+0000] {processor.py:161} INFO - Started process (PID=2703) to work on /home/airflow/.local/lib/python3.12/site-packages/airflow/example_dags/example_external_task_marker_dag.py
[2024-04-13T16:35:57.099+0000] {processor.py:830} INFO - Processing file /home/airflow/.local/lib/python3.12/site-packages/airflow/example_dags/example_external_task_marker_dag.py for tasks to queue
[2024-04-13T16:35:57.100+0000] {logging_mixin.py:188} INFO - [2024-04-13T16:35:57.100+0000] {dagbag.py:540} INFO - Filling up the DagBag from /home/airflow/.local/lib/python3.12/site-packages/airflow/example_dags/example_external_task_marker_dag.py
[2024-04-13T16:35:57.105+0000] {processor.py:840} INFO - DAG(s) 'example_external_task_marker_parent', 'example_external_task_marker_child' retrieved from /home/airflow/.local/lib/python3.12/site-packages/airflow/example_dags/example_external_task_marker_dag.py
[2024-04-13T16:35:57.119+0000] {logging_mixin.py:188} INFO - [2024-04-13T16:35:57.119+0000] {dag.py:3096} INFO - Sync 2 DAGs
[2024-04-13T16:35:57.126+0000] {logging_mixin.py:188} INFO - [2024-04-13T16:35:57.126+0000] {dag.py:3954} INFO - Setting next_dagrun for example_external_task_marker_child to None, run_after=None
[2024-04-13T16:35:57.128+0000] {logging_mixin.py:188} INFO - [2024-04-13T16:35:57.128+0000] {dag.py:3954} INFO - Setting next_dagrun for example_external_task_marker_parent to None, run_after=None
[2024-04-13T16:35:57.135+0000] {processor.py:183} INFO - Processing /home/airflow/.local/lib/python3.12/site-packages/airflow/example_dags/example_external_task_marker_dag.py took 0.044 seconds
[2024-04-13T16:36:27.752+0000] {processor.py:161} INFO - Started process (PID=2761) to work on /home/airflow/.local/lib/python3.12/site-packages/airflow/example_dags/example_external_task_marker_dag.py
[2024-04-13T16:36:27.753+0000] {processor.py:830} INFO - Processing file /home/airflow/.local/lib/python3.12/site-packages/airflow/example_dags/example_external_task_marker_dag.py for tasks to queue
[2024-04-13T16:36:27.755+0000] {logging_mixin.py:188} INFO - [2024-04-13T16:36:27.755+0000] {dagbag.py:540} INFO - Filling up the DagBag from /home/airflow/.local/lib/python3.12/site-packages/airflow/example_dags/example_external_task_marker_dag.py
[2024-04-13T16:36:27.761+0000] {processor.py:840} INFO - DAG(s) 'example_external_task_marker_parent', 'example_external_task_marker_child' retrieved from /home/airflow/.local/lib/python3.12/site-packages/airflow/example_dags/example_external_task_marker_dag.py
[2024-04-13T16:36:27.780+0000] {logging_mixin.py:188} INFO - [2024-04-13T16:36:27.780+0000] {dag.py:3096} INFO - Sync 2 DAGs
[2024-04-13T16:36:27.788+0000] {logging_mixin.py:188} INFO - [2024-04-13T16:36:27.788+0000] {dag.py:3954} INFO - Setting next_dagrun for example_external_task_marker_child to None, run_after=None
[2024-04-13T16:36:27.791+0000] {logging_mixin.py:188} INFO - [2024-04-13T16:36:27.790+0000] {dag.py:3954} INFO - Setting next_dagrun for example_external_task_marker_parent to None, run_after=None
[2024-04-13T16:36:27.799+0000] {processor.py:183} INFO - Processing /home/airflow/.local/lib/python3.12/site-packages/airflow/example_dags/example_external_task_marker_dag.py took 0.055 seconds
[2024-04-13T16:36:58.345+0000] {processor.py:161} INFO - Started process (PID=2818) to work on /home/airflow/.local/lib/python3.12/site-packages/airflow/example_dags/example_external_task_marker_dag.py
[2024-04-13T16:36:58.346+0000] {processor.py:830} INFO - Processing file /home/airflow/.local/lib/python3.12/site-packages/airflow/example_dags/example_external_task_marker_dag.py for tasks to queue
[2024-04-13T16:36:58.347+0000] {logging_mixin.py:188} INFO - [2024-04-13T16:36:58.347+0000] {dagbag.py:540} INFO - Filling up the DagBag from /home/airflow/.local/lib/python3.12/site-packages/airflow/example_dags/example_external_task_marker_dag.py
[2024-04-13T16:36:58.350+0000] {processor.py:840} INFO - DAG(s) 'example_external_task_marker_parent', 'example_external_task_marker_child' retrieved from /home/airflow/.local/lib/python3.12/site-packages/airflow/example_dags/example_external_task_marker_dag.py
[2024-04-13T16:36:58.364+0000] {logging_mixin.py:188} INFO - [2024-04-13T16:36:58.363+0000] {dag.py:3096} INFO - Sync 2 DAGs
[2024-04-13T16:36:58.370+0000] {logging_mixin.py:188} INFO - [2024-04-13T16:36:58.370+0000] {dag.py:3954} INFO - Setting next_dagrun for example_external_task_marker_child to None, run_after=None
[2024-04-13T16:36:58.372+0000] {logging_mixin.py:188} INFO - [2024-04-13T16:36:58.372+0000] {dag.py:3954} INFO - Setting next_dagrun for example_external_task_marker_parent to None, run_after=None
[2024-04-13T16:36:58.380+0000] {processor.py:183} INFO - Processing /home/airflow/.local/lib/python3.12/site-packages/airflow/example_dags/example_external_task_marker_dag.py took 0.040 seconds
[2024-04-13T16:37:28.834+0000] {processor.py:161} INFO - Started process (PID=2876) to work on /home/airflow/.local/lib/python3.12/site-packages/airflow/example_dags/example_external_task_marker_dag.py
[2024-04-13T16:37:28.835+0000] {processor.py:830} INFO - Processing file /home/airflow/.local/lib/python3.12/site-packages/airflow/example_dags/example_external_task_marker_dag.py for tasks to queue
[2024-04-13T16:37:28.836+0000] {logging_mixin.py:188} INFO - [2024-04-13T16:37:28.836+0000] {dagbag.py:540} INFO - Filling up the DagBag from /home/airflow/.local/lib/python3.12/site-packages/airflow/example_dags/example_external_task_marker_dag.py
[2024-04-13T16:37:28.840+0000] {processor.py:840} INFO - DAG(s) 'example_external_task_marker_parent', 'example_external_task_marker_child' retrieved from /home/airflow/.local/lib/python3.12/site-packages/airflow/example_dags/example_external_task_marker_dag.py
[2024-04-13T16:37:28.855+0000] {logging_mixin.py:188} INFO - [2024-04-13T16:37:28.855+0000] {dag.py:3096} INFO - Sync 2 DAGs
[2024-04-13T16:37:28.862+0000] {logging_mixin.py:188} INFO - [2024-04-13T16:37:28.862+0000] {dag.py:3954} INFO - Setting next_dagrun for example_external_task_marker_child to None, run_after=None
[2024-04-13T16:37:28.863+0000] {logging_mixin.py:188} INFO - [2024-04-13T16:37:28.863+0000] {dag.py:3954} INFO - Setting next_dagrun for example_external_task_marker_parent to None, run_after=None
[2024-04-13T16:37:28.871+0000] {processor.py:183} INFO - Processing /home/airflow/.local/lib/python3.12/site-packages/airflow/example_dags/example_external_task_marker_dag.py took 0.045 seconds
[2024-04-13T16:37:59.615+0000] {processor.py:161} INFO - Started process (PID=2934) to work on /home/airflow/.local/lib/python3.12/site-packages/airflow/example_dags/example_external_task_marker_dag.py
[2024-04-13T16:37:59.617+0000] {processor.py:830} INFO - Processing file /home/airflow/.local/lib/python3.12/site-packages/airflow/example_dags/example_external_task_marker_dag.py for tasks to queue
[2024-04-13T16:37:59.620+0000] {logging_mixin.py:188} INFO - [2024-04-13T16:37:59.619+0000] {dagbag.py:540} INFO - Filling up the DagBag from /home/airflow/.local/lib/python3.12/site-packages/airflow/example_dags/example_external_task_marker_dag.py
[2024-04-13T16:37:59.626+0000] {processor.py:840} INFO - DAG(s) 'example_external_task_marker_parent', 'example_external_task_marker_child' retrieved from /home/airflow/.local/lib/python3.12/site-packages/airflow/example_dags/example_external_task_marker_dag.py
[2024-04-13T16:37:59.650+0000] {logging_mixin.py:188} INFO - [2024-04-13T16:37:59.649+0000] {dag.py:3096} INFO - Sync 2 DAGs
[2024-04-13T16:37:59.665+0000] {logging_mixin.py:188} INFO - [2024-04-13T16:37:59.664+0000] {dag.py:3954} INFO - Setting next_dagrun for example_external_task_marker_child to None, run_after=None
[2024-04-13T16:37:59.671+0000] {logging_mixin.py:188} INFO - [2024-04-13T16:37:59.670+0000] {dag.py:3954} INFO - Setting next_dagrun for example_external_task_marker_parent to None, run_after=None
[2024-04-13T16:37:59.689+0000] {processor.py:183} INFO - Processing /home/airflow/.local/lib/python3.12/site-packages/airflow/example_dags/example_external_task_marker_dag.py took 0.081 seconds
[2024-04-13T16:38:30.449+0000] {processor.py:161} INFO - Started process (PID=2992) to work on /home/airflow/.local/lib/python3.12/site-packages/airflow/example_dags/example_external_task_marker_dag.py
[2024-04-13T16:38:30.450+0000] {processor.py:830} INFO - Processing file /home/airflow/.local/lib/python3.12/site-packages/airflow/example_dags/example_external_task_marker_dag.py for tasks to queue
[2024-04-13T16:38:30.452+0000] {logging_mixin.py:188} INFO - [2024-04-13T16:38:30.452+0000] {dagbag.py:540} INFO - Filling up the DagBag from /home/airflow/.local/lib/python3.12/site-packages/airflow/example_dags/example_external_task_marker_dag.py
[2024-04-13T16:38:30.456+0000] {processor.py:840} INFO - DAG(s) 'example_external_task_marker_child', 'example_external_task_marker_parent' retrieved from /home/airflow/.local/lib/python3.12/site-packages/airflow/example_dags/example_external_task_marker_dag.py
[2024-04-13T16:38:30.472+0000] {logging_mixin.py:188} INFO - [2024-04-13T16:38:30.472+0000] {dag.py:3096} INFO - Sync 2 DAGs
[2024-04-13T16:38:30.479+0000] {logging_mixin.py:188} INFO - [2024-04-13T16:38:30.479+0000] {dag.py:3954} INFO - Setting next_dagrun for example_external_task_marker_child to None, run_after=None
[2024-04-13T16:38:30.481+0000] {logging_mixin.py:188} INFO - [2024-04-13T16:38:30.481+0000] {dag.py:3954} INFO - Setting next_dagrun for example_external_task_marker_parent to None, run_after=None
[2024-04-13T16:38:30.489+0000] {processor.py:183} INFO - Processing /home/airflow/.local/lib/python3.12/site-packages/airflow/example_dags/example_external_task_marker_dag.py took 0.046 seconds
[2024-04-13T16:39:00.872+0000] {processor.py:161} INFO - Started process (PID=3050) to work on /home/airflow/.local/lib/python3.12/site-packages/airflow/example_dags/example_external_task_marker_dag.py
[2024-04-13T16:39:00.873+0000] {processor.py:830} INFO - Processing file /home/airflow/.local/lib/python3.12/site-packages/airflow/example_dags/example_external_task_marker_dag.py for tasks to queue
[2024-04-13T16:39:00.877+0000] {logging_mixin.py:188} INFO - [2024-04-13T16:39:00.876+0000] {dagbag.py:540} INFO - Filling up the DagBag from /home/airflow/.local/lib/python3.12/site-packages/airflow/example_dags/example_external_task_marker_dag.py
[2024-04-13T16:39:00.883+0000] {processor.py:840} INFO - DAG(s) 'example_external_task_marker_child', 'example_external_task_marker_parent' retrieved from /home/airflow/.local/lib/python3.12/site-packages/airflow/example_dags/example_external_task_marker_dag.py
[2024-04-13T16:39:00.901+0000] {logging_mixin.py:188} INFO - [2024-04-13T16:39:00.901+0000] {dag.py:3096} INFO - Sync 2 DAGs
[2024-04-13T16:39:00.909+0000] {logging_mixin.py:188} INFO - [2024-04-13T16:39:00.908+0000] {dag.py:3954} INFO - Setting next_dagrun for example_external_task_marker_child to None, run_after=None
[2024-04-13T16:39:00.911+0000] {logging_mixin.py:188} INFO - [2024-04-13T16:39:00.911+0000] {dag.py:3954} INFO - Setting next_dagrun for example_external_task_marker_parent to None, run_after=None
[2024-04-13T16:39:00.919+0000] {processor.py:183} INFO - Processing /home/airflow/.local/lib/python3.12/site-packages/airflow/example_dags/example_external_task_marker_dag.py took 0.055 seconds
[2024-04-13T16:39:31.443+0000] {processor.py:161} INFO - Started process (PID=3107) to work on /home/airflow/.local/lib/python3.12/site-packages/airflow/example_dags/example_external_task_marker_dag.py
[2024-04-13T16:39:31.444+0000] {processor.py:830} INFO - Processing file /home/airflow/.local/lib/python3.12/site-packages/airflow/example_dags/example_external_task_marker_dag.py for tasks to queue
[2024-04-13T16:39:31.446+0000] {logging_mixin.py:188} INFO - [2024-04-13T16:39:31.445+0000] {dagbag.py:540} INFO - Filling up the DagBag from /home/airflow/.local/lib/python3.12/site-packages/airflow/example_dags/example_external_task_marker_dag.py
[2024-04-13T16:39:31.452+0000] {processor.py:840} INFO - DAG(s) 'example_external_task_marker_child', 'example_external_task_marker_parent' retrieved from /home/airflow/.local/lib/python3.12/site-packages/airflow/example_dags/example_external_task_marker_dag.py
[2024-04-13T16:39:31.467+0000] {logging_mixin.py:188} INFO - [2024-04-13T16:39:31.467+0000] {dag.py:3096} INFO - Sync 2 DAGs
[2024-04-13T16:39:31.477+0000] {logging_mixin.py:188} INFO - [2024-04-13T16:39:31.477+0000] {dag.py:3954} INFO - Setting next_dagrun for example_external_task_marker_child to None, run_after=None
[2024-04-13T16:39:31.481+0000] {logging_mixin.py:188} INFO - [2024-04-13T16:39:31.480+0000] {dag.py:3954} INFO - Setting next_dagrun for example_external_task_marker_parent to None, run_after=None
[2024-04-13T16:39:31.488+0000] {processor.py:183} INFO - Processing /home/airflow/.local/lib/python3.12/site-packages/airflow/example_dags/example_external_task_marker_dag.py took 0.054 seconds
[2024-04-13T16:40:01.959+0000] {processor.py:161} INFO - Started process (PID=3165) to work on /home/airflow/.local/lib/python3.12/site-packages/airflow/example_dags/example_external_task_marker_dag.py
[2024-04-13T16:40:01.961+0000] {processor.py:830} INFO - Processing file /home/airflow/.local/lib/python3.12/site-packages/airflow/example_dags/example_external_task_marker_dag.py for tasks to queue
[2024-04-13T16:40:01.963+0000] {logging_mixin.py:188} INFO - [2024-04-13T16:40:01.963+0000] {dagbag.py:540} INFO - Filling up the DagBag from /home/airflow/.local/lib/python3.12/site-packages/airflow/example_dags/example_external_task_marker_dag.py
[2024-04-13T16:40:01.969+0000] {processor.py:840} INFO - DAG(s) 'example_external_task_marker_child', 'example_external_task_marker_parent' retrieved from /home/airflow/.local/lib/python3.12/site-packages/airflow/example_dags/example_external_task_marker_dag.py
[2024-04-13T16:40:01.986+0000] {logging_mixin.py:188} INFO - [2024-04-13T16:40:01.986+0000] {dag.py:3096} INFO - Sync 2 DAGs
[2024-04-13T16:40:01.993+0000] {logging_mixin.py:188} INFO - [2024-04-13T16:40:01.993+0000] {dag.py:3954} INFO - Setting next_dagrun for example_external_task_marker_child to None, run_after=None
[2024-04-13T16:40:01.995+0000] {logging_mixin.py:188} INFO - [2024-04-13T16:40:01.995+0000] {dag.py:3954} INFO - Setting next_dagrun for example_external_task_marker_parent to None, run_after=None
[2024-04-13T16:40:02.003+0000] {processor.py:183} INFO - Processing /home/airflow/.local/lib/python3.12/site-packages/airflow/example_dags/example_external_task_marker_dag.py took 0.052 seconds
[2024-04-13T16:40:32.464+0000] {processor.py:161} INFO - Started process (PID=3223) to work on /home/airflow/.local/lib/python3.12/site-packages/airflow/example_dags/example_external_task_marker_dag.py
[2024-04-13T16:40:32.465+0000] {processor.py:830} INFO - Processing file /home/airflow/.local/lib/python3.12/site-packages/airflow/example_dags/example_external_task_marker_dag.py for tasks to queue
[2024-04-13T16:40:32.467+0000] {logging_mixin.py:188} INFO - [2024-04-13T16:40:32.467+0000] {dagbag.py:540} INFO - Filling up the DagBag from /home/airflow/.local/lib/python3.12/site-packages/airflow/example_dags/example_external_task_marker_dag.py
[2024-04-13T16:40:32.473+0000] {processor.py:840} INFO - DAG(s) 'example_external_task_marker_parent', 'example_external_task_marker_child' retrieved from /home/airflow/.local/lib/python3.12/site-packages/airflow/example_dags/example_external_task_marker_dag.py
[2024-04-13T16:40:32.493+0000] {logging_mixin.py:188} INFO - [2024-04-13T16:40:32.492+0000] {dag.py:3096} INFO - Sync 2 DAGs
[2024-04-13T16:40:32.500+0000] {logging_mixin.py:188} INFO - [2024-04-13T16:40:32.500+0000] {dag.py:3954} INFO - Setting next_dagrun for example_external_task_marker_child to None, run_after=None
[2024-04-13T16:40:32.502+0000] {logging_mixin.py:188} INFO - [2024-04-13T16:40:32.502+0000] {dag.py:3954} INFO - Setting next_dagrun for example_external_task_marker_parent to None, run_after=None
[2024-04-13T16:40:32.511+0000] {processor.py:183} INFO - Processing /home/airflow/.local/lib/python3.12/site-packages/airflow/example_dags/example_external_task_marker_dag.py took 0.056 seconds
[2024-04-13T16:41:03.040+0000] {processor.py:161} INFO - Started process (PID=3281) to work on /home/airflow/.local/lib/python3.12/site-packages/airflow/example_dags/example_external_task_marker_dag.py
[2024-04-13T16:41:03.041+0000] {processor.py:830} INFO - Processing file /home/airflow/.local/lib/python3.12/site-packages/airflow/example_dags/example_external_task_marker_dag.py for tasks to queue
[2024-04-13T16:41:03.043+0000] {logging_mixin.py:188} INFO - [2024-04-13T16:41:03.043+0000] {dagbag.py:540} INFO - Filling up the DagBag from /home/airflow/.local/lib/python3.12/site-packages/airflow/example_dags/example_external_task_marker_dag.py
[2024-04-13T16:41:03.048+0000] {processor.py:840} INFO - DAG(s) 'example_external_task_marker_child', 'example_external_task_marker_parent' retrieved from /home/airflow/.local/lib/python3.12/site-packages/airflow/example_dags/example_external_task_marker_dag.py
[2024-04-13T16:41:03.066+0000] {logging_mixin.py:188} INFO - [2024-04-13T16:41:03.066+0000] {dag.py:3096} INFO - Sync 2 DAGs
[2024-04-13T16:41:03.073+0000] {logging_mixin.py:188} INFO - [2024-04-13T16:41:03.073+0000] {dag.py:3954} INFO - Setting next_dagrun for example_external_task_marker_child to None, run_after=None
[2024-04-13T16:41:03.075+0000] {logging_mixin.py:188} INFO - [2024-04-13T16:41:03.075+0000] {dag.py:3954} INFO - Setting next_dagrun for example_external_task_marker_parent to None, run_after=None
[2024-04-13T16:41:03.082+0000] {processor.py:183} INFO - Processing /home/airflow/.local/lib/python3.12/site-packages/airflow/example_dags/example_external_task_marker_dag.py took 0.050 seconds
