[2024-04-13T16:12:32.337+0000] {processor.py:161} INFO - Started process (PID=72) to work on /home/airflow/.local/lib/python3.12/site-packages/airflow/example_dags/example_branch_operator.py
[2024-04-13T16:12:32.338+0000] {processor.py:830} INFO - Processing file /home/airflow/.local/lib/python3.12/site-packages/airflow/example_dags/example_branch_operator.py for tasks to queue
[2024-04-13T16:12:32.341+0000] {logging_mixin.py:188} INFO - [2024-04-13T16:12:32.341+0000] {dagbag.py:540} INFO - Filling up the DagBag from /home/airflow/.local/lib/python3.12/site-packages/airflow/example_dags/example_branch_operator.py
[2024-04-13T16:12:32.365+0000] {processor.py:840} INFO - DAG(s) 'example_branch_operator' retrieved from /home/airflow/.local/lib/python3.12/site-packages/airflow/example_dags/example_branch_operator.py
[2024-04-13T16:12:32.378+0000] {logging_mixin.py:188} INFO - [2024-04-13T16:12:32.378+0000] {dag.py:3096} INFO - Sync 1 DAGs
[2024-04-13T16:12:32.399+0000] {logging_mixin.py:188} INFO - [2024-04-13T16:12:32.398+0000] {dag.py:3954} INFO - Setting next_dagrun for example_branch_operator to 2024-04-12 00:00:00+00:00, run_after=2024-04-13 00:00:00+00:00
[2024-04-13T16:12:32.414+0000] {processor.py:183} INFO - Processing /home/airflow/.local/lib/python3.12/site-packages/airflow/example_dags/example_branch_operator.py took 0.081 seconds
[2024-04-13T16:13:02.885+0000] {processor.py:161} INFO - Started process (PID=130) to work on /home/airflow/.local/lib/python3.12/site-packages/airflow/example_dags/example_branch_operator.py
[2024-04-13T16:13:02.885+0000] {processor.py:830} INFO - Processing file /home/airflow/.local/lib/python3.12/site-packages/airflow/example_dags/example_branch_operator.py for tasks to queue
[2024-04-13T16:13:02.886+0000] {logging_mixin.py:188} INFO - [2024-04-13T16:13:02.886+0000] {dagbag.py:540} INFO - Filling up the DagBag from /home/airflow/.local/lib/python3.12/site-packages/airflow/example_dags/example_branch_operator.py
[2024-04-13T16:13:02.893+0000] {processor.py:840} INFO - DAG(s) 'example_branch_operator' retrieved from /home/airflow/.local/lib/python3.12/site-packages/airflow/example_dags/example_branch_operator.py
[2024-04-13T16:13:02.934+0000] {logging_mixin.py:188} INFO - [2024-04-13T16:13:02.934+0000] {dag.py:3096} INFO - Sync 1 DAGs
[2024-04-13T16:13:02.942+0000] {logging_mixin.py:188} INFO - [2024-04-13T16:13:02.942+0000] {dag.py:3954} INFO - Setting next_dagrun for example_branch_operator to 2024-04-12 00:00:00+00:00, run_after=2024-04-13 00:00:00+00:00
[2024-04-13T16:13:02.948+0000] {processor.py:183} INFO - Processing /home/airflow/.local/lib/python3.12/site-packages/airflow/example_dags/example_branch_operator.py took 0.066 seconds
[2024-04-13T16:13:33.447+0000] {processor.py:161} INFO - Started process (PID=188) to work on /home/airflow/.local/lib/python3.12/site-packages/airflow/example_dags/example_branch_operator.py
[2024-04-13T16:13:33.447+0000] {processor.py:830} INFO - Processing file /home/airflow/.local/lib/python3.12/site-packages/airflow/example_dags/example_branch_operator.py for tasks to queue
[2024-04-13T16:13:33.448+0000] {logging_mixin.py:188} INFO - [2024-04-13T16:13:33.448+0000] {dagbag.py:540} INFO - Filling up the DagBag from /home/airflow/.local/lib/python3.12/site-packages/airflow/example_dags/example_branch_operator.py
[2024-04-13T16:13:33.455+0000] {processor.py:840} INFO - DAG(s) 'example_branch_operator' retrieved from /home/airflow/.local/lib/python3.12/site-packages/airflow/example_dags/example_branch_operator.py
[2024-04-13T16:13:33.466+0000] {logging_mixin.py:188} INFO - [2024-04-13T16:13:33.466+0000] {dag.py:3096} INFO - Sync 1 DAGs
[2024-04-13T16:13:33.474+0000] {logging_mixin.py:188} INFO - [2024-04-13T16:13:33.474+0000] {dag.py:3954} INFO - Setting next_dagrun for example_branch_operator to 2024-04-12 00:00:00+00:00, run_after=2024-04-13 00:00:00+00:00
[2024-04-13T16:13:33.480+0000] {processor.py:183} INFO - Processing /home/airflow/.local/lib/python3.12/site-packages/airflow/example_dags/example_branch_operator.py took 0.036 seconds
[2024-04-13T16:14:03.954+0000] {processor.py:161} INFO - Started process (PID=246) to work on /home/airflow/.local/lib/python3.12/site-packages/airflow/example_dags/example_branch_operator.py
[2024-04-13T16:14:03.954+0000] {processor.py:830} INFO - Processing file /home/airflow/.local/lib/python3.12/site-packages/airflow/example_dags/example_branch_operator.py for tasks to queue
[2024-04-13T16:14:03.955+0000] {logging_mixin.py:188} INFO - [2024-04-13T16:14:03.955+0000] {dagbag.py:540} INFO - Filling up the DagBag from /home/airflow/.local/lib/python3.12/site-packages/airflow/example_dags/example_branch_operator.py
[2024-04-13T16:14:03.962+0000] {processor.py:840} INFO - DAG(s) 'example_branch_operator' retrieved from /home/airflow/.local/lib/python3.12/site-packages/airflow/example_dags/example_branch_operator.py
[2024-04-13T16:14:03.974+0000] {logging_mixin.py:188} INFO - [2024-04-13T16:14:03.974+0000] {dag.py:3096} INFO - Sync 1 DAGs
[2024-04-13T16:14:03.983+0000] {logging_mixin.py:188} INFO - [2024-04-13T16:14:03.983+0000] {dag.py:3954} INFO - Setting next_dagrun for example_branch_operator to 2024-04-12 00:00:00+00:00, run_after=2024-04-13 00:00:00+00:00
[2024-04-13T16:14:03.990+0000] {processor.py:183} INFO - Processing /home/airflow/.local/lib/python3.12/site-packages/airflow/example_dags/example_branch_operator.py took 0.039 seconds
[2024-04-13T16:14:34.384+0000] {processor.py:161} INFO - Started process (PID=304) to work on /home/airflow/.local/lib/python3.12/site-packages/airflow/example_dags/example_branch_operator.py
[2024-04-13T16:14:34.384+0000] {processor.py:830} INFO - Processing file /home/airflow/.local/lib/python3.12/site-packages/airflow/example_dags/example_branch_operator.py for tasks to queue
[2024-04-13T16:14:34.385+0000] {logging_mixin.py:188} INFO - [2024-04-13T16:14:34.385+0000] {dagbag.py:540} INFO - Filling up the DagBag from /home/airflow/.local/lib/python3.12/site-packages/airflow/example_dags/example_branch_operator.py
[2024-04-13T16:14:34.391+0000] {processor.py:840} INFO - DAG(s) 'example_branch_operator' retrieved from /home/airflow/.local/lib/python3.12/site-packages/airflow/example_dags/example_branch_operator.py
[2024-04-13T16:14:34.402+0000] {logging_mixin.py:188} INFO - [2024-04-13T16:14:34.402+0000] {dag.py:3096} INFO - Sync 1 DAGs
[2024-04-13T16:14:34.410+0000] {logging_mixin.py:188} INFO - [2024-04-13T16:14:34.410+0000] {dag.py:3954} INFO - Setting next_dagrun for example_branch_operator to 2024-04-12 00:00:00+00:00, run_after=2024-04-13 00:00:00+00:00
[2024-04-13T16:14:34.417+0000] {processor.py:183} INFO - Processing /home/airflow/.local/lib/python3.12/site-packages/airflow/example_dags/example_branch_operator.py took 0.036 seconds
[2024-04-13T16:15:04.873+0000] {processor.py:161} INFO - Started process (PID=362) to work on /home/airflow/.local/lib/python3.12/site-packages/airflow/example_dags/example_branch_operator.py
[2024-04-13T16:15:04.873+0000] {processor.py:830} INFO - Processing file /home/airflow/.local/lib/python3.12/site-packages/airflow/example_dags/example_branch_operator.py for tasks to queue
[2024-04-13T16:15:04.874+0000] {logging_mixin.py:188} INFO - [2024-04-13T16:15:04.874+0000] {dagbag.py:540} INFO - Filling up the DagBag from /home/airflow/.local/lib/python3.12/site-packages/airflow/example_dags/example_branch_operator.py
[2024-04-13T16:15:04.881+0000] {processor.py:840} INFO - DAG(s) 'example_branch_operator' retrieved from /home/airflow/.local/lib/python3.12/site-packages/airflow/example_dags/example_branch_operator.py
[2024-04-13T16:15:04.891+0000] {logging_mixin.py:188} INFO - [2024-04-13T16:15:04.891+0000] {dag.py:3096} INFO - Sync 1 DAGs
[2024-04-13T16:15:04.900+0000] {logging_mixin.py:188} INFO - [2024-04-13T16:15:04.900+0000] {dag.py:3954} INFO - Setting next_dagrun for example_branch_operator to 2024-04-12 00:00:00+00:00, run_after=2024-04-13 00:00:00+00:00
[2024-04-13T16:15:04.907+0000] {processor.py:183} INFO - Processing /home/airflow/.local/lib/python3.12/site-packages/airflow/example_dags/example_branch_operator.py took 0.036 seconds
[2024-04-13T16:15:35.415+0000] {processor.py:161} INFO - Started process (PID=420) to work on /home/airflow/.local/lib/python3.12/site-packages/airflow/example_dags/example_branch_operator.py
[2024-04-13T16:15:35.415+0000] {processor.py:830} INFO - Processing file /home/airflow/.local/lib/python3.12/site-packages/airflow/example_dags/example_branch_operator.py for tasks to queue
[2024-04-13T16:15:35.416+0000] {logging_mixin.py:188} INFO - [2024-04-13T16:15:35.416+0000] {dagbag.py:540} INFO - Filling up the DagBag from /home/airflow/.local/lib/python3.12/site-packages/airflow/example_dags/example_branch_operator.py
[2024-04-13T16:15:35.422+0000] {processor.py:840} INFO - DAG(s) 'example_branch_operator' retrieved from /home/airflow/.local/lib/python3.12/site-packages/airflow/example_dags/example_branch_operator.py
[2024-04-13T16:15:35.433+0000] {logging_mixin.py:188} INFO - [2024-04-13T16:15:35.432+0000] {dag.py:3096} INFO - Sync 1 DAGs
[2024-04-13T16:15:35.440+0000] {logging_mixin.py:188} INFO - [2024-04-13T16:15:35.440+0000] {dag.py:3954} INFO - Setting next_dagrun for example_branch_operator to 2024-04-12 00:00:00+00:00, run_after=2024-04-13 00:00:00+00:00
[2024-04-13T16:15:35.447+0000] {processor.py:183} INFO - Processing /home/airflow/.local/lib/python3.12/site-packages/airflow/example_dags/example_branch_operator.py took 0.034 seconds
[2024-04-13T16:16:05.949+0000] {processor.py:161} INFO - Started process (PID=478) to work on /home/airflow/.local/lib/python3.12/site-packages/airflow/example_dags/example_branch_operator.py
[2024-04-13T16:16:05.949+0000] {processor.py:830} INFO - Processing file /home/airflow/.local/lib/python3.12/site-packages/airflow/example_dags/example_branch_operator.py for tasks to queue
[2024-04-13T16:16:05.950+0000] {logging_mixin.py:188} INFO - [2024-04-13T16:16:05.950+0000] {dagbag.py:540} INFO - Filling up the DagBag from /home/airflow/.local/lib/python3.12/site-packages/airflow/example_dags/example_branch_operator.py
[2024-04-13T16:16:05.957+0000] {processor.py:840} INFO - DAG(s) 'example_branch_operator' retrieved from /home/airflow/.local/lib/python3.12/site-packages/airflow/example_dags/example_branch_operator.py
[2024-04-13T16:16:05.968+0000] {logging_mixin.py:188} INFO - [2024-04-13T16:16:05.968+0000] {dag.py:3096} INFO - Sync 1 DAGs
[2024-04-13T16:16:05.976+0000] {logging_mixin.py:188} INFO - [2024-04-13T16:16:05.976+0000] {dag.py:3954} INFO - Setting next_dagrun for example_branch_operator to 2024-04-12 00:00:00+00:00, run_after=2024-04-13 00:00:00+00:00
[2024-04-13T16:16:05.983+0000] {processor.py:183} INFO - Processing /home/airflow/.local/lib/python3.12/site-packages/airflow/example_dags/example_branch_operator.py took 0.036 seconds
[2024-04-13T16:16:36.668+0000] {processor.py:161} INFO - Started process (PID=536) to work on /home/airflow/.local/lib/python3.12/site-packages/airflow/example_dags/example_branch_operator.py
[2024-04-13T16:16:36.668+0000] {processor.py:830} INFO - Processing file /home/airflow/.local/lib/python3.12/site-packages/airflow/example_dags/example_branch_operator.py for tasks to queue
[2024-04-13T16:16:36.669+0000] {logging_mixin.py:188} INFO - [2024-04-13T16:16:36.669+0000] {dagbag.py:540} INFO - Filling up the DagBag from /home/airflow/.local/lib/python3.12/site-packages/airflow/example_dags/example_branch_operator.py
[2024-04-13T16:16:36.678+0000] {processor.py:840} INFO - DAG(s) 'example_branch_operator' retrieved from /home/airflow/.local/lib/python3.12/site-packages/airflow/example_dags/example_branch_operator.py
[2024-04-13T16:16:36.690+0000] {logging_mixin.py:188} INFO - [2024-04-13T16:16:36.690+0000] {dag.py:3096} INFO - Sync 1 DAGs
[2024-04-13T16:16:36.699+0000] {logging_mixin.py:188} INFO - [2024-04-13T16:16:36.699+0000] {dag.py:3954} INFO - Setting next_dagrun for example_branch_operator to 2024-04-12 00:00:00+00:00, run_after=2024-04-13 00:00:00+00:00
[2024-04-13T16:16:36.707+0000] {processor.py:183} INFO - Processing /home/airflow/.local/lib/python3.12/site-packages/airflow/example_dags/example_branch_operator.py took 0.042 seconds
[2024-04-13T16:17:07.198+0000] {processor.py:161} INFO - Started process (PID=594) to work on /home/airflow/.local/lib/python3.12/site-packages/airflow/example_dags/example_branch_operator.py
[2024-04-13T16:17:07.199+0000] {processor.py:830} INFO - Processing file /home/airflow/.local/lib/python3.12/site-packages/airflow/example_dags/example_branch_operator.py for tasks to queue
[2024-04-13T16:17:07.199+0000] {logging_mixin.py:188} INFO - [2024-04-13T16:17:07.199+0000] {dagbag.py:540} INFO - Filling up the DagBag from /home/airflow/.local/lib/python3.12/site-packages/airflow/example_dags/example_branch_operator.py
[2024-04-13T16:17:07.206+0000] {processor.py:840} INFO - DAG(s) 'example_branch_operator' retrieved from /home/airflow/.local/lib/python3.12/site-packages/airflow/example_dags/example_branch_operator.py
[2024-04-13T16:17:07.217+0000] {logging_mixin.py:188} INFO - [2024-04-13T16:17:07.217+0000] {dag.py:3096} INFO - Sync 1 DAGs
[2024-04-13T16:17:07.225+0000] {logging_mixin.py:188} INFO - [2024-04-13T16:17:07.225+0000] {dag.py:3954} INFO - Setting next_dagrun for example_branch_operator to 2024-04-12 00:00:00+00:00, run_after=2024-04-13 00:00:00+00:00
[2024-04-13T16:17:07.232+0000] {processor.py:183} INFO - Processing /home/airflow/.local/lib/python3.12/site-packages/airflow/example_dags/example_branch_operator.py took 0.036 seconds
[2024-04-13T16:17:37.832+0000] {processor.py:161} INFO - Started process (PID=652) to work on /home/airflow/.local/lib/python3.12/site-packages/airflow/example_dags/example_branch_operator.py
[2024-04-13T16:17:37.832+0000] {processor.py:830} INFO - Processing file /home/airflow/.local/lib/python3.12/site-packages/airflow/example_dags/example_branch_operator.py for tasks to queue
[2024-04-13T16:17:37.833+0000] {logging_mixin.py:188} INFO - [2024-04-13T16:17:37.833+0000] {dagbag.py:540} INFO - Filling up the DagBag from /home/airflow/.local/lib/python3.12/site-packages/airflow/example_dags/example_branch_operator.py
[2024-04-13T16:17:37.840+0000] {processor.py:840} INFO - DAG(s) 'example_branch_operator' retrieved from /home/airflow/.local/lib/python3.12/site-packages/airflow/example_dags/example_branch_operator.py
[2024-04-13T16:17:37.851+0000] {logging_mixin.py:188} INFO - [2024-04-13T16:17:37.851+0000] {dag.py:3096} INFO - Sync 1 DAGs
[2024-04-13T16:17:37.859+0000] {logging_mixin.py:188} INFO - [2024-04-13T16:17:37.859+0000] {dag.py:3954} INFO - Setting next_dagrun for example_branch_operator to 2024-04-12 00:00:00+00:00, run_after=2024-04-13 00:00:00+00:00
[2024-04-13T16:17:37.868+0000] {processor.py:183} INFO - Processing /home/airflow/.local/lib/python3.12/site-packages/airflow/example_dags/example_branch_operator.py took 0.039 seconds
[2024-04-13T16:18:08.448+0000] {processor.py:161} INFO - Started process (PID=710) to work on /home/airflow/.local/lib/python3.12/site-packages/airflow/example_dags/example_branch_operator.py
[2024-04-13T16:18:08.448+0000] {processor.py:830} INFO - Processing file /home/airflow/.local/lib/python3.12/site-packages/airflow/example_dags/example_branch_operator.py for tasks to queue
[2024-04-13T16:18:08.449+0000] {logging_mixin.py:188} INFO - [2024-04-13T16:18:08.449+0000] {dagbag.py:540} INFO - Filling up the DagBag from /home/airflow/.local/lib/python3.12/site-packages/airflow/example_dags/example_branch_operator.py
[2024-04-13T16:18:08.456+0000] {processor.py:840} INFO - DAG(s) 'example_branch_operator' retrieved from /home/airflow/.local/lib/python3.12/site-packages/airflow/example_dags/example_branch_operator.py
[2024-04-13T16:18:08.467+0000] {logging_mixin.py:188} INFO - [2024-04-13T16:18:08.467+0000] {dag.py:3096} INFO - Sync 1 DAGs
[2024-04-13T16:18:08.475+0000] {logging_mixin.py:188} INFO - [2024-04-13T16:18:08.475+0000] {dag.py:3954} INFO - Setting next_dagrun for example_branch_operator to 2024-04-12 00:00:00+00:00, run_after=2024-04-13 00:00:00+00:00
[2024-04-13T16:18:08.481+0000] {processor.py:183} INFO - Processing /home/airflow/.local/lib/python3.12/site-packages/airflow/example_dags/example_branch_operator.py took 0.036 seconds
[2024-04-13T16:18:39.124+0000] {processor.py:161} INFO - Started process (PID=768) to work on /home/airflow/.local/lib/python3.12/site-packages/airflow/example_dags/example_branch_operator.py
[2024-04-13T16:18:39.124+0000] {processor.py:830} INFO - Processing file /home/airflow/.local/lib/python3.12/site-packages/airflow/example_dags/example_branch_operator.py for tasks to queue
[2024-04-13T16:18:39.125+0000] {logging_mixin.py:188} INFO - [2024-04-13T16:18:39.125+0000] {dagbag.py:540} INFO - Filling up the DagBag from /home/airflow/.local/lib/python3.12/site-packages/airflow/example_dags/example_branch_operator.py
[2024-04-13T16:18:39.132+0000] {processor.py:840} INFO - DAG(s) 'example_branch_operator' retrieved from /home/airflow/.local/lib/python3.12/site-packages/airflow/example_dags/example_branch_operator.py
[2024-04-13T16:18:39.144+0000] {logging_mixin.py:188} INFO - [2024-04-13T16:18:39.143+0000] {dag.py:3096} INFO - Sync 1 DAGs
[2024-04-13T16:18:39.152+0000] {logging_mixin.py:188} INFO - [2024-04-13T16:18:39.152+0000] {dag.py:3954} INFO - Setting next_dagrun for example_branch_operator to 2024-04-12 00:00:00+00:00, run_after=2024-04-13 00:00:00+00:00
[2024-04-13T16:18:39.159+0000] {processor.py:183} INFO - Processing /home/airflow/.local/lib/python3.12/site-packages/airflow/example_dags/example_branch_operator.py took 0.038 seconds
[2024-04-13T16:19:10.065+0000] {processor.py:161} INFO - Started process (PID=825) to work on /home/airflow/.local/lib/python3.12/site-packages/airflow/example_dags/example_branch_operator.py
[2024-04-13T16:19:10.065+0000] {processor.py:830} INFO - Processing file /home/airflow/.local/lib/python3.12/site-packages/airflow/example_dags/example_branch_operator.py for tasks to queue
[2024-04-13T16:19:10.066+0000] {logging_mixin.py:188} INFO - [2024-04-13T16:19:10.066+0000] {dagbag.py:540} INFO - Filling up the DagBag from /home/airflow/.local/lib/python3.12/site-packages/airflow/example_dags/example_branch_operator.py
[2024-04-13T16:19:10.073+0000] {processor.py:840} INFO - DAG(s) 'example_branch_operator' retrieved from /home/airflow/.local/lib/python3.12/site-packages/airflow/example_dags/example_branch_operator.py
[2024-04-13T16:19:10.084+0000] {logging_mixin.py:188} INFO - [2024-04-13T16:19:10.084+0000] {dag.py:3096} INFO - Sync 1 DAGs
[2024-04-13T16:19:10.092+0000] {logging_mixin.py:188} INFO - [2024-04-13T16:19:10.092+0000] {dag.py:3954} INFO - Setting next_dagrun for example_branch_operator to 2024-04-12 00:00:00+00:00, run_after=2024-04-13 00:00:00+00:00
[2024-04-13T16:19:10.099+0000] {processor.py:183} INFO - Processing /home/airflow/.local/lib/python3.12/site-packages/airflow/example_dags/example_branch_operator.py took 0.036 seconds
[2024-04-13T16:19:41.425+0000] {processor.py:161} INFO - Started process (PID=883) to work on /home/airflow/.local/lib/python3.12/site-packages/airflow/example_dags/example_branch_operator.py
[2024-04-13T16:19:41.425+0000] {processor.py:830} INFO - Processing file /home/airflow/.local/lib/python3.12/site-packages/airflow/example_dags/example_branch_operator.py for tasks to queue
[2024-04-13T16:19:41.426+0000] {logging_mixin.py:188} INFO - [2024-04-13T16:19:41.426+0000] {dagbag.py:540} INFO - Filling up the DagBag from /home/airflow/.local/lib/python3.12/site-packages/airflow/example_dags/example_branch_operator.py
[2024-04-13T16:19:41.433+0000] {processor.py:840} INFO - DAG(s) 'example_branch_operator' retrieved from /home/airflow/.local/lib/python3.12/site-packages/airflow/example_dags/example_branch_operator.py
[2024-04-13T16:19:41.446+0000] {logging_mixin.py:188} INFO - [2024-04-13T16:19:41.446+0000] {dag.py:3096} INFO - Sync 1 DAGs
[2024-04-13T16:19:41.455+0000] {logging_mixin.py:188} INFO - [2024-04-13T16:19:41.455+0000] {dag.py:3954} INFO - Setting next_dagrun for example_branch_operator to 2024-04-12 00:00:00+00:00, run_after=2024-04-13 00:00:00+00:00
[2024-04-13T16:19:41.461+0000] {processor.py:183} INFO - Processing /home/airflow/.local/lib/python3.12/site-packages/airflow/example_dags/example_branch_operator.py took 0.039 seconds
[2024-04-13T16:20:12.362+0000] {processor.py:161} INFO - Started process (PID=941) to work on /home/airflow/.local/lib/python3.12/site-packages/airflow/example_dags/example_branch_operator.py
[2024-04-13T16:20:12.363+0000] {processor.py:830} INFO - Processing file /home/airflow/.local/lib/python3.12/site-packages/airflow/example_dags/example_branch_operator.py for tasks to queue
[2024-04-13T16:20:12.363+0000] {logging_mixin.py:188} INFO - [2024-04-13T16:20:12.363+0000] {dagbag.py:540} INFO - Filling up the DagBag from /home/airflow/.local/lib/python3.12/site-packages/airflow/example_dags/example_branch_operator.py
[2024-04-13T16:20:12.370+0000] {processor.py:840} INFO - DAG(s) 'example_branch_operator' retrieved from /home/airflow/.local/lib/python3.12/site-packages/airflow/example_dags/example_branch_operator.py
[2024-04-13T16:20:12.382+0000] {logging_mixin.py:188} INFO - [2024-04-13T16:20:12.382+0000] {dag.py:3096} INFO - Sync 1 DAGs
[2024-04-13T16:20:12.474+0000] {logging_mixin.py:188} INFO - [2024-04-13T16:20:12.474+0000] {dag.py:3954} INFO - Setting next_dagrun for example_branch_operator to 2024-04-12 00:00:00+00:00, run_after=2024-04-13 00:00:00+00:00
[2024-04-13T16:20:12.481+0000] {processor.py:183} INFO - Processing /home/airflow/.local/lib/python3.12/site-packages/airflow/example_dags/example_branch_operator.py took 0.121 seconds
[2024-04-13T16:20:43.217+0000] {processor.py:161} INFO - Started process (PID=999) to work on /home/airflow/.local/lib/python3.12/site-packages/airflow/example_dags/example_branch_operator.py
[2024-04-13T16:20:43.217+0000] {processor.py:830} INFO - Processing file /home/airflow/.local/lib/python3.12/site-packages/airflow/example_dags/example_branch_operator.py for tasks to queue
[2024-04-13T16:20:43.218+0000] {logging_mixin.py:188} INFO - [2024-04-13T16:20:43.218+0000] {dagbag.py:540} INFO - Filling up the DagBag from /home/airflow/.local/lib/python3.12/site-packages/airflow/example_dags/example_branch_operator.py
[2024-04-13T16:20:43.224+0000] {processor.py:840} INFO - DAG(s) 'example_branch_operator' retrieved from /home/airflow/.local/lib/python3.12/site-packages/airflow/example_dags/example_branch_operator.py
[2024-04-13T16:20:43.235+0000] {logging_mixin.py:188} INFO - [2024-04-13T16:20:43.235+0000] {dag.py:3096} INFO - Sync 1 DAGs
[2024-04-13T16:20:43.245+0000] {logging_mixin.py:188} INFO - [2024-04-13T16:20:43.245+0000] {dag.py:3954} INFO - Setting next_dagrun for example_branch_operator to 2024-04-12 00:00:00+00:00, run_after=2024-04-13 00:00:00+00:00
[2024-04-13T16:20:43.342+0000] {processor.py:183} INFO - Processing /home/airflow/.local/lib/python3.12/site-packages/airflow/example_dags/example_branch_operator.py took 0.128 seconds
[2024-04-13T16:21:14.354+0000] {processor.py:161} INFO - Started process (PID=1057) to work on /home/airflow/.local/lib/python3.12/site-packages/airflow/example_dags/example_branch_operator.py
[2024-04-13T16:21:14.355+0000] {processor.py:830} INFO - Processing file /home/airflow/.local/lib/python3.12/site-packages/airflow/example_dags/example_branch_operator.py for tasks to queue
[2024-04-13T16:21:14.357+0000] {logging_mixin.py:188} INFO - [2024-04-13T16:21:14.357+0000] {dagbag.py:540} INFO - Filling up the DagBag from /home/airflow/.local/lib/python3.12/site-packages/airflow/example_dags/example_branch_operator.py
[2024-04-13T16:21:14.371+0000] {processor.py:840} INFO - DAG(s) 'example_branch_operator' retrieved from /home/airflow/.local/lib/python3.12/site-packages/airflow/example_dags/example_branch_operator.py
[2024-04-13T16:21:14.386+0000] {logging_mixin.py:188} INFO - [2024-04-13T16:21:14.386+0000] {dag.py:3096} INFO - Sync 1 DAGs
[2024-04-13T16:21:14.396+0000] {logging_mixin.py:188} INFO - [2024-04-13T16:21:14.396+0000] {dag.py:3954} INFO - Setting next_dagrun for example_branch_operator to 2024-04-12 00:00:00+00:00, run_after=2024-04-13 00:00:00+00:00
[2024-04-13T16:21:14.489+0000] {processor.py:183} INFO - Processing /home/airflow/.local/lib/python3.12/site-packages/airflow/example_dags/example_branch_operator.py took 0.142 seconds
[2024-04-13T16:21:45.105+0000] {processor.py:161} INFO - Started process (PID=1115) to work on /home/airflow/.local/lib/python3.12/site-packages/airflow/example_dags/example_branch_operator.py
[2024-04-13T16:21:45.109+0000] {processor.py:830} INFO - Processing file /home/airflow/.local/lib/python3.12/site-packages/airflow/example_dags/example_branch_operator.py for tasks to queue
[2024-04-13T16:21:45.111+0000] {logging_mixin.py:188} INFO - [2024-04-13T16:21:45.110+0000] {dagbag.py:540} INFO - Filling up the DagBag from /home/airflow/.local/lib/python3.12/site-packages/airflow/example_dags/example_branch_operator.py
[2024-04-13T16:21:45.124+0000] {processor.py:840} INFO - DAG(s) 'example_branch_operator' retrieved from /home/airflow/.local/lib/python3.12/site-packages/airflow/example_dags/example_branch_operator.py
[2024-04-13T16:21:45.138+0000] {logging_mixin.py:188} INFO - [2024-04-13T16:21:45.138+0000] {dag.py:3096} INFO - Sync 1 DAGs
[2024-04-13T16:21:45.148+0000] {logging_mixin.py:188} INFO - [2024-04-13T16:21:45.148+0000] {dag.py:3954} INFO - Setting next_dagrun for example_branch_operator to 2024-04-12 00:00:00+00:00, run_after=2024-04-13 00:00:00+00:00
[2024-04-13T16:21:45.156+0000] {processor.py:183} INFO - Processing /home/airflow/.local/lib/python3.12/site-packages/airflow/example_dags/example_branch_operator.py took 0.058 seconds
[2024-04-13T16:22:15.633+0000] {processor.py:161} INFO - Started process (PID=1173) to work on /home/airflow/.local/lib/python3.12/site-packages/airflow/example_dags/example_branch_operator.py
[2024-04-13T16:22:15.634+0000] {processor.py:830} INFO - Processing file /home/airflow/.local/lib/python3.12/site-packages/airflow/example_dags/example_branch_operator.py for tasks to queue
[2024-04-13T16:22:15.637+0000] {logging_mixin.py:188} INFO - [2024-04-13T16:22:15.636+0000] {dagbag.py:540} INFO - Filling up the DagBag from /home/airflow/.local/lib/python3.12/site-packages/airflow/example_dags/example_branch_operator.py
[2024-04-13T16:22:15.651+0000] {processor.py:840} INFO - DAG(s) 'example_branch_operator' retrieved from /home/airflow/.local/lib/python3.12/site-packages/airflow/example_dags/example_branch_operator.py
[2024-04-13T16:22:15.667+0000] {logging_mixin.py:188} INFO - [2024-04-13T16:22:15.667+0000] {dag.py:3096} INFO - Sync 1 DAGs
[2024-04-13T16:22:15.678+0000] {logging_mixin.py:188} INFO - [2024-04-13T16:22:15.678+0000] {dag.py:3954} INFO - Setting next_dagrun for example_branch_operator to 2024-04-12 00:00:00+00:00, run_after=2024-04-13 00:00:00+00:00
[2024-04-13T16:22:15.685+0000] {processor.py:183} INFO - Processing /home/airflow/.local/lib/python3.12/site-packages/airflow/example_dags/example_branch_operator.py took 0.060 seconds
[2024-04-13T16:22:46.250+0000] {processor.py:161} INFO - Started process (PID=1231) to work on /home/airflow/.local/lib/python3.12/site-packages/airflow/example_dags/example_branch_operator.py
[2024-04-13T16:22:46.253+0000] {processor.py:830} INFO - Processing file /home/airflow/.local/lib/python3.12/site-packages/airflow/example_dags/example_branch_operator.py for tasks to queue
[2024-04-13T16:22:46.255+0000] {logging_mixin.py:188} INFO - [2024-04-13T16:22:46.255+0000] {dagbag.py:540} INFO - Filling up the DagBag from /home/airflow/.local/lib/python3.12/site-packages/airflow/example_dags/example_branch_operator.py
[2024-04-13T16:22:46.266+0000] {processor.py:840} INFO - DAG(s) 'example_branch_operator' retrieved from /home/airflow/.local/lib/python3.12/site-packages/airflow/example_dags/example_branch_operator.py
[2024-04-13T16:22:46.281+0000] {logging_mixin.py:188} INFO - [2024-04-13T16:22:46.281+0000] {dag.py:3096} INFO - Sync 1 DAGs
[2024-04-13T16:22:46.290+0000] {logging_mixin.py:188} INFO - [2024-04-13T16:22:46.290+0000] {dag.py:3954} INFO - Setting next_dagrun for example_branch_operator to 2024-04-12 00:00:00+00:00, run_after=2024-04-13 00:00:00+00:00
[2024-04-13T16:22:46.298+0000] {processor.py:183} INFO - Processing /home/airflow/.local/lib/python3.12/site-packages/airflow/example_dags/example_branch_operator.py took 0.053 seconds
[2024-04-13T16:23:16.928+0000] {processor.py:161} INFO - Started process (PID=1289) to work on /home/airflow/.local/lib/python3.12/site-packages/airflow/example_dags/example_branch_operator.py
[2024-04-13T16:23:16.929+0000] {processor.py:830} INFO - Processing file /home/airflow/.local/lib/python3.12/site-packages/airflow/example_dags/example_branch_operator.py for tasks to queue
[2024-04-13T16:23:16.931+0000] {logging_mixin.py:188} INFO - [2024-04-13T16:23:16.931+0000] {dagbag.py:540} INFO - Filling up the DagBag from /home/airflow/.local/lib/python3.12/site-packages/airflow/example_dags/example_branch_operator.py
[2024-04-13T16:23:16.944+0000] {processor.py:840} INFO - DAG(s) 'example_branch_operator' retrieved from /home/airflow/.local/lib/python3.12/site-packages/airflow/example_dags/example_branch_operator.py
[2024-04-13T16:23:16.959+0000] {logging_mixin.py:188} INFO - [2024-04-13T16:23:16.959+0000] {dag.py:3096} INFO - Sync 1 DAGs
[2024-04-13T16:23:16.969+0000] {logging_mixin.py:188} INFO - [2024-04-13T16:23:16.969+0000] {dag.py:3954} INFO - Setting next_dagrun for example_branch_operator to 2024-04-12 00:00:00+00:00, run_after=2024-04-13 00:00:00+00:00
[2024-04-13T16:23:16.977+0000] {processor.py:183} INFO - Processing /home/airflow/.local/lib/python3.12/site-packages/airflow/example_dags/example_branch_operator.py took 0.055 seconds
[2024-04-13T16:23:47.478+0000] {processor.py:161} INFO - Started process (PID=1347) to work on /home/airflow/.local/lib/python3.12/site-packages/airflow/example_dags/example_branch_operator.py
[2024-04-13T16:23:47.479+0000] {processor.py:830} INFO - Processing file /home/airflow/.local/lib/python3.12/site-packages/airflow/example_dags/example_branch_operator.py for tasks to queue
[2024-04-13T16:23:47.481+0000] {logging_mixin.py:188} INFO - [2024-04-13T16:23:47.481+0000] {dagbag.py:540} INFO - Filling up the DagBag from /home/airflow/.local/lib/python3.12/site-packages/airflow/example_dags/example_branch_operator.py
[2024-04-13T16:23:47.496+0000] {processor.py:840} INFO - DAG(s) 'example_branch_operator' retrieved from /home/airflow/.local/lib/python3.12/site-packages/airflow/example_dags/example_branch_operator.py
[2024-04-13T16:23:47.513+0000] {logging_mixin.py:188} INFO - [2024-04-13T16:23:47.513+0000] {dag.py:3096} INFO - Sync 1 DAGs
[2024-04-13T16:23:47.526+0000] {logging_mixin.py:188} INFO - [2024-04-13T16:23:47.526+0000] {dag.py:3954} INFO - Setting next_dagrun for example_branch_operator to 2024-04-12 00:00:00+00:00, run_after=2024-04-13 00:00:00+00:00
[2024-04-13T16:23:47.535+0000] {processor.py:183} INFO - Processing /home/airflow/.local/lib/python3.12/site-packages/airflow/example_dags/example_branch_operator.py took 0.065 seconds
[2024-04-13T16:24:18.093+0000] {processor.py:161} INFO - Started process (PID=1411) to work on /home/airflow/.local/lib/python3.12/site-packages/airflow/example_dags/example_branch_operator.py
[2024-04-13T16:24:18.094+0000] {processor.py:830} INFO - Processing file /home/airflow/.local/lib/python3.12/site-packages/airflow/example_dags/example_branch_operator.py for tasks to queue
[2024-04-13T16:24:18.096+0000] {logging_mixin.py:188} INFO - [2024-04-13T16:24:18.095+0000] {dagbag.py:540} INFO - Filling up the DagBag from /home/airflow/.local/lib/python3.12/site-packages/airflow/example_dags/example_branch_operator.py
[2024-04-13T16:24:18.109+0000] {processor.py:840} INFO - DAG(s) 'example_branch_operator' retrieved from /home/airflow/.local/lib/python3.12/site-packages/airflow/example_dags/example_branch_operator.py
[2024-04-13T16:24:18.123+0000] {logging_mixin.py:188} INFO - [2024-04-13T16:24:18.123+0000] {dag.py:3096} INFO - Sync 1 DAGs
[2024-04-13T16:24:18.133+0000] {logging_mixin.py:188} INFO - [2024-04-13T16:24:18.133+0000] {dag.py:3954} INFO - Setting next_dagrun for example_branch_operator to 2024-04-12 00:00:00+00:00, run_after=2024-04-13 00:00:00+00:00
[2024-04-13T16:24:18.140+0000] {processor.py:183} INFO - Processing /home/airflow/.local/lib/python3.12/site-packages/airflow/example_dags/example_branch_operator.py took 0.053 seconds
[2024-04-13T16:24:48.588+0000] {processor.py:161} INFO - Started process (PID=1469) to work on /home/airflow/.local/lib/python3.12/site-packages/airflow/example_dags/example_branch_operator.py
[2024-04-13T16:24:48.589+0000] {processor.py:830} INFO - Processing file /home/airflow/.local/lib/python3.12/site-packages/airflow/example_dags/example_branch_operator.py for tasks to queue
[2024-04-13T16:24:48.591+0000] {logging_mixin.py:188} INFO - [2024-04-13T16:24:48.590+0000] {dagbag.py:540} INFO - Filling up the DagBag from /home/airflow/.local/lib/python3.12/site-packages/airflow/example_dags/example_branch_operator.py
[2024-04-13T16:24:48.602+0000] {processor.py:840} INFO - DAG(s) 'example_branch_operator' retrieved from /home/airflow/.local/lib/python3.12/site-packages/airflow/example_dags/example_branch_operator.py
[2024-04-13T16:24:48.616+0000] {logging_mixin.py:188} INFO - [2024-04-13T16:24:48.616+0000] {dag.py:3096} INFO - Sync 1 DAGs
[2024-04-13T16:24:48.626+0000] {logging_mixin.py:188} INFO - [2024-04-13T16:24:48.626+0000] {dag.py:3954} INFO - Setting next_dagrun for example_branch_operator to 2024-04-12 00:00:00+00:00, run_after=2024-04-13 00:00:00+00:00
[2024-04-13T16:24:48.633+0000] {processor.py:183} INFO - Processing /home/airflow/.local/lib/python3.12/site-packages/airflow/example_dags/example_branch_operator.py took 0.052 seconds
[2024-04-13T16:25:19.235+0000] {processor.py:161} INFO - Started process (PID=1527) to work on /home/airflow/.local/lib/python3.12/site-packages/airflow/example_dags/example_branch_operator.py
[2024-04-13T16:25:19.236+0000] {processor.py:830} INFO - Processing file /home/airflow/.local/lib/python3.12/site-packages/airflow/example_dags/example_branch_operator.py for tasks to queue
[2024-04-13T16:25:19.238+0000] {logging_mixin.py:188} INFO - [2024-04-13T16:25:19.238+0000] {dagbag.py:540} INFO - Filling up the DagBag from /home/airflow/.local/lib/python3.12/site-packages/airflow/example_dags/example_branch_operator.py
[2024-04-13T16:25:19.251+0000] {processor.py:840} INFO - DAG(s) 'example_branch_operator' retrieved from /home/airflow/.local/lib/python3.12/site-packages/airflow/example_dags/example_branch_operator.py
[2024-04-13T16:25:19.267+0000] {logging_mixin.py:188} INFO - [2024-04-13T16:25:19.267+0000] {dag.py:3096} INFO - Sync 1 DAGs
[2024-04-13T16:25:19.277+0000] {logging_mixin.py:188} INFO - [2024-04-13T16:25:19.277+0000] {dag.py:3954} INFO - Setting next_dagrun for example_branch_operator to 2024-04-12 00:00:00+00:00, run_after=2024-04-13 00:00:00+00:00
[2024-04-13T16:25:19.285+0000] {processor.py:183} INFO - Processing /home/airflow/.local/lib/python3.12/site-packages/airflow/example_dags/example_branch_operator.py took 0.057 seconds
[2024-04-13T16:25:49.853+0000] {processor.py:161} INFO - Started process (PID=1585) to work on /home/airflow/.local/lib/python3.12/site-packages/airflow/example_dags/example_branch_operator.py
[2024-04-13T16:25:49.855+0000] {processor.py:830} INFO - Processing file /home/airflow/.local/lib/python3.12/site-packages/airflow/example_dags/example_branch_operator.py for tasks to queue
[2024-04-13T16:25:49.857+0000] {logging_mixin.py:188} INFO - [2024-04-13T16:25:49.857+0000] {dagbag.py:540} INFO - Filling up the DagBag from /home/airflow/.local/lib/python3.12/site-packages/airflow/example_dags/example_branch_operator.py
[2024-04-13T16:25:49.872+0000] {processor.py:840} INFO - DAG(s) 'example_branch_operator' retrieved from /home/airflow/.local/lib/python3.12/site-packages/airflow/example_dags/example_branch_operator.py
[2024-04-13T16:25:49.888+0000] {logging_mixin.py:188} INFO - [2024-04-13T16:25:49.888+0000] {dag.py:3096} INFO - Sync 1 DAGs
[2024-04-13T16:25:49.899+0000] {logging_mixin.py:188} INFO - [2024-04-13T16:25:49.899+0000] {dag.py:3954} INFO - Setting next_dagrun for example_branch_operator to 2024-04-12 00:00:00+00:00, run_after=2024-04-13 00:00:00+00:00
[2024-04-13T16:25:49.906+0000] {processor.py:183} INFO - Processing /home/airflow/.local/lib/python3.12/site-packages/airflow/example_dags/example_branch_operator.py took 0.061 seconds
[2024-04-13T16:26:20.365+0000] {processor.py:161} INFO - Started process (PID=1643) to work on /home/airflow/.local/lib/python3.12/site-packages/airflow/example_dags/example_branch_operator.py
[2024-04-13T16:26:20.366+0000] {processor.py:830} INFO - Processing file /home/airflow/.local/lib/python3.12/site-packages/airflow/example_dags/example_branch_operator.py for tasks to queue
[2024-04-13T16:26:20.367+0000] {logging_mixin.py:188} INFO - [2024-04-13T16:26:20.367+0000] {dagbag.py:540} INFO - Filling up the DagBag from /home/airflow/.local/lib/python3.12/site-packages/airflow/example_dags/example_branch_operator.py
[2024-04-13T16:26:20.374+0000] {processor.py:840} INFO - DAG(s) 'example_branch_operator' retrieved from /home/airflow/.local/lib/python3.12/site-packages/airflow/example_dags/example_branch_operator.py
[2024-04-13T16:26:20.385+0000] {logging_mixin.py:188} INFO - [2024-04-13T16:26:20.385+0000] {dag.py:3096} INFO - Sync 1 DAGs
[2024-04-13T16:26:20.394+0000] {logging_mixin.py:188} INFO - [2024-04-13T16:26:20.394+0000] {dag.py:3954} INFO - Setting next_dagrun for example_branch_operator to 2024-04-12 00:00:00+00:00, run_after=2024-04-13 00:00:00+00:00
[2024-04-13T16:26:20.401+0000] {processor.py:183} INFO - Processing /home/airflow/.local/lib/python3.12/site-packages/airflow/example_dags/example_branch_operator.py took 0.041 seconds
[2024-04-13T16:26:50.908+0000] {processor.py:161} INFO - Started process (PID=1701) to work on /home/airflow/.local/lib/python3.12/site-packages/airflow/example_dags/example_branch_operator.py
[2024-04-13T16:26:50.908+0000] {processor.py:830} INFO - Processing file /home/airflow/.local/lib/python3.12/site-packages/airflow/example_dags/example_branch_operator.py for tasks to queue
[2024-04-13T16:26:50.909+0000] {logging_mixin.py:188} INFO - [2024-04-13T16:26:50.909+0000] {dagbag.py:540} INFO - Filling up the DagBag from /home/airflow/.local/lib/python3.12/site-packages/airflow/example_dags/example_branch_operator.py
[2024-04-13T16:26:50.916+0000] {processor.py:840} INFO - DAG(s) 'example_branch_operator' retrieved from /home/airflow/.local/lib/python3.12/site-packages/airflow/example_dags/example_branch_operator.py
[2024-04-13T16:26:50.927+0000] {logging_mixin.py:188} INFO - [2024-04-13T16:26:50.927+0000] {dag.py:3096} INFO - Sync 1 DAGs
[2024-04-13T16:26:50.936+0000] {logging_mixin.py:188} INFO - [2024-04-13T16:26:50.936+0000] {dag.py:3954} INFO - Setting next_dagrun for example_branch_operator to 2024-04-12 00:00:00+00:00, run_after=2024-04-13 00:00:00+00:00
[2024-04-13T16:26:50.943+0000] {processor.py:183} INFO - Processing /home/airflow/.local/lib/python3.12/site-packages/airflow/example_dags/example_branch_operator.py took 0.038 seconds
[2024-04-13T16:27:21.741+0000] {processor.py:161} INFO - Started process (PID=1759) to work on /home/airflow/.local/lib/python3.12/site-packages/airflow/example_dags/example_branch_operator.py
[2024-04-13T16:27:21.742+0000] {processor.py:830} INFO - Processing file /home/airflow/.local/lib/python3.12/site-packages/airflow/example_dags/example_branch_operator.py for tasks to queue
[2024-04-13T16:27:21.744+0000] {logging_mixin.py:188} INFO - [2024-04-13T16:27:21.744+0000] {dagbag.py:540} INFO - Filling up the DagBag from /home/airflow/.local/lib/python3.12/site-packages/airflow/example_dags/example_branch_operator.py
[2024-04-13T16:27:21.758+0000] {processor.py:840} INFO - DAG(s) 'example_branch_operator' retrieved from /home/airflow/.local/lib/python3.12/site-packages/airflow/example_dags/example_branch_operator.py
[2024-04-13T16:27:21.773+0000] {logging_mixin.py:188} INFO - [2024-04-13T16:27:21.773+0000] {dag.py:3096} INFO - Sync 1 DAGs
[2024-04-13T16:27:21.783+0000] {logging_mixin.py:188} INFO - [2024-04-13T16:27:21.783+0000] {dag.py:3954} INFO - Setting next_dagrun for example_branch_operator to 2024-04-12 00:00:00+00:00, run_after=2024-04-13 00:00:00+00:00
[2024-04-13T16:27:21.792+0000] {processor.py:183} INFO - Processing /home/airflow/.local/lib/python3.12/site-packages/airflow/example_dags/example_branch_operator.py took 0.058 seconds
[2024-04-13T16:27:52.379+0000] {processor.py:161} INFO - Started process (PID=1817) to work on /home/airflow/.local/lib/python3.12/site-packages/airflow/example_dags/example_branch_operator.py
[2024-04-13T16:27:52.380+0000] {processor.py:830} INFO - Processing file /home/airflow/.local/lib/python3.12/site-packages/airflow/example_dags/example_branch_operator.py for tasks to queue
[2024-04-13T16:27:52.381+0000] {logging_mixin.py:188} INFO - [2024-04-13T16:27:52.381+0000] {dagbag.py:540} INFO - Filling up the DagBag from /home/airflow/.local/lib/python3.12/site-packages/airflow/example_dags/example_branch_operator.py
[2024-04-13T16:27:52.389+0000] {processor.py:840} INFO - DAG(s) 'example_branch_operator' retrieved from /home/airflow/.local/lib/python3.12/site-packages/airflow/example_dags/example_branch_operator.py
[2024-04-13T16:27:52.400+0000] {logging_mixin.py:188} INFO - [2024-04-13T16:27:52.400+0000] {dag.py:3096} INFO - Sync 1 DAGs
[2024-04-13T16:27:52.409+0000] {logging_mixin.py:188} INFO - [2024-04-13T16:27:52.409+0000] {dag.py:3954} INFO - Setting next_dagrun for example_branch_operator to 2024-04-12 00:00:00+00:00, run_after=2024-04-13 00:00:00+00:00
[2024-04-13T16:27:52.417+0000] {processor.py:183} INFO - Processing /home/airflow/.local/lib/python3.12/site-packages/airflow/example_dags/example_branch_operator.py took 0.041 seconds
[2024-04-13T16:28:23.074+0000] {processor.py:161} INFO - Started process (PID=1876) to work on /home/airflow/.local/lib/python3.12/site-packages/airflow/example_dags/example_branch_operator.py
[2024-04-13T16:28:23.074+0000] {processor.py:830} INFO - Processing file /home/airflow/.local/lib/python3.12/site-packages/airflow/example_dags/example_branch_operator.py for tasks to queue
[2024-04-13T16:28:23.075+0000] {logging_mixin.py:188} INFO - [2024-04-13T16:28:23.075+0000] {dagbag.py:540} INFO - Filling up the DagBag from /home/airflow/.local/lib/python3.12/site-packages/airflow/example_dags/example_branch_operator.py
[2024-04-13T16:28:23.082+0000] {processor.py:840} INFO - DAG(s) 'example_branch_operator' retrieved from /home/airflow/.local/lib/python3.12/site-packages/airflow/example_dags/example_branch_operator.py
[2024-04-13T16:28:23.093+0000] {logging_mixin.py:188} INFO - [2024-04-13T16:28:23.093+0000] {dag.py:3096} INFO - Sync 1 DAGs
[2024-04-13T16:28:23.102+0000] {logging_mixin.py:188} INFO - [2024-04-13T16:28:23.102+0000] {dag.py:3954} INFO - Setting next_dagrun for example_branch_operator to 2024-04-12 00:00:00+00:00, run_after=2024-04-13 00:00:00+00:00
[2024-04-13T16:28:23.109+0000] {processor.py:183} INFO - Processing /home/airflow/.local/lib/python3.12/site-packages/airflow/example_dags/example_branch_operator.py took 0.039 seconds
[2024-04-13T16:28:53.744+0000] {processor.py:161} INFO - Started process (PID=1934) to work on /home/airflow/.local/lib/python3.12/site-packages/airflow/example_dags/example_branch_operator.py
[2024-04-13T16:28:53.744+0000] {processor.py:830} INFO - Processing file /home/airflow/.local/lib/python3.12/site-packages/airflow/example_dags/example_branch_operator.py for tasks to queue
[2024-04-13T16:28:53.745+0000] {logging_mixin.py:188} INFO - [2024-04-13T16:28:53.745+0000] {dagbag.py:540} INFO - Filling up the DagBag from /home/airflow/.local/lib/python3.12/site-packages/airflow/example_dags/example_branch_operator.py
[2024-04-13T16:28:53.752+0000] {processor.py:840} INFO - DAG(s) 'example_branch_operator' retrieved from /home/airflow/.local/lib/python3.12/site-packages/airflow/example_dags/example_branch_operator.py
[2024-04-13T16:28:53.763+0000] {logging_mixin.py:188} INFO - [2024-04-13T16:28:53.763+0000] {dag.py:3096} INFO - Sync 1 DAGs
[2024-04-13T16:28:53.771+0000] {logging_mixin.py:188} INFO - [2024-04-13T16:28:53.771+0000] {dag.py:3954} INFO - Setting next_dagrun for example_branch_operator to 2024-04-12 00:00:00+00:00, run_after=2024-04-13 00:00:00+00:00
[2024-04-13T16:28:53.778+0000] {processor.py:183} INFO - Processing /home/airflow/.local/lib/python3.12/site-packages/airflow/example_dags/example_branch_operator.py took 0.037 seconds
[2024-04-13T16:29:24.363+0000] {processor.py:161} INFO - Started process (PID=1992) to work on /home/airflow/.local/lib/python3.12/site-packages/airflow/example_dags/example_branch_operator.py
[2024-04-13T16:29:24.364+0000] {processor.py:830} INFO - Processing file /home/airflow/.local/lib/python3.12/site-packages/airflow/example_dags/example_branch_operator.py for tasks to queue
[2024-04-13T16:29:24.366+0000] {logging_mixin.py:188} INFO - [2024-04-13T16:29:24.366+0000] {dagbag.py:540} INFO - Filling up the DagBag from /home/airflow/.local/lib/python3.12/site-packages/airflow/example_dags/example_branch_operator.py
[2024-04-13T16:29:24.379+0000] {processor.py:840} INFO - DAG(s) 'example_branch_operator' retrieved from /home/airflow/.local/lib/python3.12/site-packages/airflow/example_dags/example_branch_operator.py
[2024-04-13T16:29:24.396+0000] {logging_mixin.py:188} INFO - [2024-04-13T16:29:24.396+0000] {dag.py:3096} INFO - Sync 1 DAGs
[2024-04-13T16:29:24.407+0000] {logging_mixin.py:188} INFO - [2024-04-13T16:29:24.406+0000] {dag.py:3954} INFO - Setting next_dagrun for example_branch_operator to 2024-04-12 00:00:00+00:00, run_after=2024-04-13 00:00:00+00:00
[2024-04-13T16:29:24.414+0000] {processor.py:183} INFO - Processing /home/airflow/.local/lib/python3.12/site-packages/airflow/example_dags/example_branch_operator.py took 0.059 seconds
[2024-04-13T16:29:55.014+0000] {processor.py:161} INFO - Started process (PID=2050) to work on /home/airflow/.local/lib/python3.12/site-packages/airflow/example_dags/example_branch_operator.py
[2024-04-13T16:29:55.014+0000] {processor.py:830} INFO - Processing file /home/airflow/.local/lib/python3.12/site-packages/airflow/example_dags/example_branch_operator.py for tasks to queue
[2024-04-13T16:29:55.016+0000] {logging_mixin.py:188} INFO - [2024-04-13T16:29:55.015+0000] {dagbag.py:540} INFO - Filling up the DagBag from /home/airflow/.local/lib/python3.12/site-packages/airflow/example_dags/example_branch_operator.py
[2024-04-13T16:29:55.030+0000] {processor.py:840} INFO - DAG(s) 'example_branch_operator' retrieved from /home/airflow/.local/lib/python3.12/site-packages/airflow/example_dags/example_branch_operator.py
[2024-04-13T16:29:55.047+0000] {logging_mixin.py:188} INFO - [2024-04-13T16:29:55.046+0000] {dag.py:3096} INFO - Sync 1 DAGs
[2024-04-13T16:29:55.058+0000] {logging_mixin.py:188} INFO - [2024-04-13T16:29:55.057+0000] {dag.py:3954} INFO - Setting next_dagrun for example_branch_operator to 2024-04-12 00:00:00+00:00, run_after=2024-04-13 00:00:00+00:00
[2024-04-13T16:29:55.066+0000] {processor.py:183} INFO - Processing /home/airflow/.local/lib/python3.12/site-packages/airflow/example_dags/example_branch_operator.py took 0.058 seconds
[2024-04-13T16:30:25.625+0000] {processor.py:161} INFO - Started process (PID=2108) to work on /home/airflow/.local/lib/python3.12/site-packages/airflow/example_dags/example_branch_operator.py
[2024-04-13T16:30:25.626+0000] {processor.py:830} INFO - Processing file /home/airflow/.local/lib/python3.12/site-packages/airflow/example_dags/example_branch_operator.py for tasks to queue
[2024-04-13T16:30:25.628+0000] {logging_mixin.py:188} INFO - [2024-04-13T16:30:25.628+0000] {dagbag.py:540} INFO - Filling up the DagBag from /home/airflow/.local/lib/python3.12/site-packages/airflow/example_dags/example_branch_operator.py
[2024-04-13T16:30:25.641+0000] {processor.py:840} INFO - DAG(s) 'example_branch_operator' retrieved from /home/airflow/.local/lib/python3.12/site-packages/airflow/example_dags/example_branch_operator.py
[2024-04-13T16:30:25.655+0000] {logging_mixin.py:188} INFO - [2024-04-13T16:30:25.655+0000] {dag.py:3096} INFO - Sync 1 DAGs
[2024-04-13T16:30:25.666+0000] {logging_mixin.py:188} INFO - [2024-04-13T16:30:25.666+0000] {dag.py:3954} INFO - Setting next_dagrun for example_branch_operator to 2024-04-12 00:00:00+00:00, run_after=2024-04-13 00:00:00+00:00
[2024-04-13T16:30:25.673+0000] {processor.py:183} INFO - Processing /home/airflow/.local/lib/python3.12/site-packages/airflow/example_dags/example_branch_operator.py took 0.054 seconds
[2024-04-13T16:30:56.226+0000] {processor.py:161} INFO - Started process (PID=2166) to work on /home/airflow/.local/lib/python3.12/site-packages/airflow/example_dags/example_branch_operator.py
[2024-04-13T16:30:56.226+0000] {processor.py:830} INFO - Processing file /home/airflow/.local/lib/python3.12/site-packages/airflow/example_dags/example_branch_operator.py for tasks to queue
[2024-04-13T16:30:56.227+0000] {logging_mixin.py:188} INFO - [2024-04-13T16:30:56.227+0000] {dagbag.py:540} INFO - Filling up the DagBag from /home/airflow/.local/lib/python3.12/site-packages/airflow/example_dags/example_branch_operator.py
[2024-04-13T16:30:56.234+0000] {processor.py:840} INFO - DAG(s) 'example_branch_operator' retrieved from /home/airflow/.local/lib/python3.12/site-packages/airflow/example_dags/example_branch_operator.py
[2024-04-13T16:30:56.245+0000] {logging_mixin.py:188} INFO - [2024-04-13T16:30:56.245+0000] {dag.py:3096} INFO - Sync 1 DAGs
[2024-04-13T16:30:56.253+0000] {logging_mixin.py:188} INFO - [2024-04-13T16:30:56.253+0000] {dag.py:3954} INFO - Setting next_dagrun for example_branch_operator to 2024-04-12 00:00:00+00:00, run_after=2024-04-13 00:00:00+00:00
[2024-04-13T16:30:56.259+0000] {processor.py:183} INFO - Processing /home/airflow/.local/lib/python3.12/site-packages/airflow/example_dags/example_branch_operator.py took 0.037 seconds
[2024-04-13T16:31:26.850+0000] {processor.py:161} INFO - Started process (PID=2224) to work on /home/airflow/.local/lib/python3.12/site-packages/airflow/example_dags/example_branch_operator.py
[2024-04-13T16:31:26.851+0000] {processor.py:830} INFO - Processing file /home/airflow/.local/lib/python3.12/site-packages/airflow/example_dags/example_branch_operator.py for tasks to queue
[2024-04-13T16:31:26.853+0000] {logging_mixin.py:188} INFO - [2024-04-13T16:31:26.853+0000] {dagbag.py:540} INFO - Filling up the DagBag from /home/airflow/.local/lib/python3.12/site-packages/airflow/example_dags/example_branch_operator.py
[2024-04-13T16:31:26.866+0000] {processor.py:840} INFO - DAG(s) 'example_branch_operator' retrieved from /home/airflow/.local/lib/python3.12/site-packages/airflow/example_dags/example_branch_operator.py
[2024-04-13T16:31:26.882+0000] {logging_mixin.py:188} INFO - [2024-04-13T16:31:26.881+0000] {dag.py:3096} INFO - Sync 1 DAGs
[2024-04-13T16:31:26.892+0000] {logging_mixin.py:188} INFO - [2024-04-13T16:31:26.892+0000] {dag.py:3954} INFO - Setting next_dagrun for example_branch_operator to 2024-04-12 00:00:00+00:00, run_after=2024-04-13 00:00:00+00:00
[2024-04-13T16:31:26.899+0000] {processor.py:183} INFO - Processing /home/airflow/.local/lib/python3.12/site-packages/airflow/example_dags/example_branch_operator.py took 0.056 seconds
[2024-04-13T16:31:57.349+0000] {processor.py:161} INFO - Started process (PID=2282) to work on /home/airflow/.local/lib/python3.12/site-packages/airflow/example_dags/example_branch_operator.py
[2024-04-13T16:31:57.350+0000] {processor.py:830} INFO - Processing file /home/airflow/.local/lib/python3.12/site-packages/airflow/example_dags/example_branch_operator.py for tasks to queue
[2024-04-13T16:31:57.352+0000] {logging_mixin.py:188} INFO - [2024-04-13T16:31:57.351+0000] {dagbag.py:540} INFO - Filling up the DagBag from /home/airflow/.local/lib/python3.12/site-packages/airflow/example_dags/example_branch_operator.py
[2024-04-13T16:31:57.365+0000] {processor.py:840} INFO - DAG(s) 'example_branch_operator' retrieved from /home/airflow/.local/lib/python3.12/site-packages/airflow/example_dags/example_branch_operator.py
[2024-04-13T16:31:57.380+0000] {logging_mixin.py:188} INFO - [2024-04-13T16:31:57.380+0000] {dag.py:3096} INFO - Sync 1 DAGs
[2024-04-13T16:31:57.391+0000] {logging_mixin.py:188} INFO - [2024-04-13T16:31:57.391+0000] {dag.py:3954} INFO - Setting next_dagrun for example_branch_operator to 2024-04-12 00:00:00+00:00, run_after=2024-04-13 00:00:00+00:00
[2024-04-13T16:31:57.398+0000] {processor.py:183} INFO - Processing /home/airflow/.local/lib/python3.12/site-packages/airflow/example_dags/example_branch_operator.py took 0.057 seconds
[2024-04-13T16:32:27.910+0000] {processor.py:161} INFO - Started process (PID=2339) to work on /home/airflow/.local/lib/python3.12/site-packages/airflow/example_dags/example_branch_operator.py
[2024-04-13T16:32:27.911+0000] {processor.py:830} INFO - Processing file /home/airflow/.local/lib/python3.12/site-packages/airflow/example_dags/example_branch_operator.py for tasks to queue
[2024-04-13T16:32:27.913+0000] {logging_mixin.py:188} INFO - [2024-04-13T16:32:27.913+0000] {dagbag.py:540} INFO - Filling up the DagBag from /home/airflow/.local/lib/python3.12/site-packages/airflow/example_dags/example_branch_operator.py
[2024-04-13T16:32:27.927+0000] {processor.py:840} INFO - DAG(s) 'example_branch_operator' retrieved from /home/airflow/.local/lib/python3.12/site-packages/airflow/example_dags/example_branch_operator.py
[2024-04-13T16:32:27.943+0000] {logging_mixin.py:188} INFO - [2024-04-13T16:32:27.943+0000] {dag.py:3096} INFO - Sync 1 DAGs
[2024-04-13T16:32:27.954+0000] {logging_mixin.py:188} INFO - [2024-04-13T16:32:27.954+0000] {dag.py:3954} INFO - Setting next_dagrun for example_branch_operator to 2024-04-12 00:00:00+00:00, run_after=2024-04-13 00:00:00+00:00
[2024-04-13T16:32:27.961+0000] {processor.py:183} INFO - Processing /home/airflow/.local/lib/python3.12/site-packages/airflow/example_dags/example_branch_operator.py took 0.060 seconds
[2024-04-13T16:32:58.578+0000] {processor.py:161} INFO - Started process (PID=2397) to work on /home/airflow/.local/lib/python3.12/site-packages/airflow/example_dags/example_branch_operator.py
[2024-04-13T16:32:58.579+0000] {processor.py:830} INFO - Processing file /home/airflow/.local/lib/python3.12/site-packages/airflow/example_dags/example_branch_operator.py for tasks to queue
[2024-04-13T16:32:58.581+0000] {logging_mixin.py:188} INFO - [2024-04-13T16:32:58.581+0000] {dagbag.py:540} INFO - Filling up the DagBag from /home/airflow/.local/lib/python3.12/site-packages/airflow/example_dags/example_branch_operator.py
[2024-04-13T16:32:58.595+0000] {processor.py:840} INFO - DAG(s) 'example_branch_operator' retrieved from /home/airflow/.local/lib/python3.12/site-packages/airflow/example_dags/example_branch_operator.py
[2024-04-13T16:32:58.611+0000] {logging_mixin.py:188} INFO - [2024-04-13T16:32:58.611+0000] {dag.py:3096} INFO - Sync 1 DAGs
[2024-04-13T16:32:58.621+0000] {logging_mixin.py:188} INFO - [2024-04-13T16:32:58.621+0000] {dag.py:3954} INFO - Setting next_dagrun for example_branch_operator to 2024-04-12 00:00:00+00:00, run_after=2024-04-13 00:00:00+00:00
[2024-04-13T16:32:58.629+0000] {processor.py:183} INFO - Processing /home/airflow/.local/lib/python3.12/site-packages/airflow/example_dags/example_branch_operator.py took 0.058 seconds
[2024-04-13T16:33:29.219+0000] {processor.py:161} INFO - Started process (PID=2455) to work on /home/airflow/.local/lib/python3.12/site-packages/airflow/example_dags/example_branch_operator.py
[2024-04-13T16:33:29.220+0000] {processor.py:830} INFO - Processing file /home/airflow/.local/lib/python3.12/site-packages/airflow/example_dags/example_branch_operator.py for tasks to queue
[2024-04-13T16:33:29.222+0000] {logging_mixin.py:188} INFO - [2024-04-13T16:33:29.222+0000] {dagbag.py:540} INFO - Filling up the DagBag from /home/airflow/.local/lib/python3.12/site-packages/airflow/example_dags/example_branch_operator.py
[2024-04-13T16:33:29.236+0000] {processor.py:840} INFO - DAG(s) 'example_branch_operator' retrieved from /home/airflow/.local/lib/python3.12/site-packages/airflow/example_dags/example_branch_operator.py
[2024-04-13T16:33:29.252+0000] {logging_mixin.py:188} INFO - [2024-04-13T16:33:29.252+0000] {dag.py:3096} INFO - Sync 1 DAGs
[2024-04-13T16:33:29.262+0000] {logging_mixin.py:188} INFO - [2024-04-13T16:33:29.262+0000] {dag.py:3954} INFO - Setting next_dagrun for example_branch_operator to 2024-04-12 00:00:00+00:00, run_after=2024-04-13 00:00:00+00:00
[2024-04-13T16:33:29.270+0000] {processor.py:183} INFO - Processing /home/airflow/.local/lib/python3.12/site-packages/airflow/example_dags/example_branch_operator.py took 0.059 seconds
[2024-04-13T16:33:59.866+0000] {processor.py:161} INFO - Started process (PID=2513) to work on /home/airflow/.local/lib/python3.12/site-packages/airflow/example_dags/example_branch_operator.py
[2024-04-13T16:33:59.867+0000] {processor.py:830} INFO - Processing file /home/airflow/.local/lib/python3.12/site-packages/airflow/example_dags/example_branch_operator.py for tasks to queue
[2024-04-13T16:33:59.869+0000] {logging_mixin.py:188} INFO - [2024-04-13T16:33:59.869+0000] {dagbag.py:540} INFO - Filling up the DagBag from /home/airflow/.local/lib/python3.12/site-packages/airflow/example_dags/example_branch_operator.py
[2024-04-13T16:33:59.881+0000] {processor.py:840} INFO - DAG(s) 'example_branch_operator' retrieved from /home/airflow/.local/lib/python3.12/site-packages/airflow/example_dags/example_branch_operator.py
[2024-04-13T16:33:59.896+0000] {logging_mixin.py:188} INFO - [2024-04-13T16:33:59.896+0000] {dag.py:3096} INFO - Sync 1 DAGs
[2024-04-13T16:33:59.906+0000] {logging_mixin.py:188} INFO - [2024-04-13T16:33:59.905+0000] {dag.py:3954} INFO - Setting next_dagrun for example_branch_operator to 2024-04-12 00:00:00+00:00, run_after=2024-04-13 00:00:00+00:00
[2024-04-13T16:33:59.913+0000] {processor.py:183} INFO - Processing /home/airflow/.local/lib/python3.12/site-packages/airflow/example_dags/example_branch_operator.py took 0.053 seconds
[2024-04-13T16:34:30.382+0000] {processor.py:161} INFO - Started process (PID=2571) to work on /home/airflow/.local/lib/python3.12/site-packages/airflow/example_dags/example_branch_operator.py
[2024-04-13T16:34:30.383+0000] {processor.py:830} INFO - Processing file /home/airflow/.local/lib/python3.12/site-packages/airflow/example_dags/example_branch_operator.py for tasks to queue
[2024-04-13T16:34:30.386+0000] {logging_mixin.py:188} INFO - [2024-04-13T16:34:30.385+0000] {dagbag.py:540} INFO - Filling up the DagBag from /home/airflow/.local/lib/python3.12/site-packages/airflow/example_dags/example_branch_operator.py
[2024-04-13T16:34:30.401+0000] {processor.py:840} INFO - DAG(s) 'example_branch_operator' retrieved from /home/airflow/.local/lib/python3.12/site-packages/airflow/example_dags/example_branch_operator.py
[2024-04-13T16:34:30.418+0000] {logging_mixin.py:188} INFO - [2024-04-13T16:34:30.418+0000] {dag.py:3096} INFO - Sync 1 DAGs
[2024-04-13T16:34:30.431+0000] {logging_mixin.py:188} INFO - [2024-04-13T16:34:30.431+0000] {dag.py:3954} INFO - Setting next_dagrun for example_branch_operator to 2024-04-12 00:00:00+00:00, run_after=2024-04-13 00:00:00+00:00
[2024-04-13T16:34:30.438+0000] {processor.py:183} INFO - Processing /home/airflow/.local/lib/python3.12/site-packages/airflow/example_dags/example_branch_operator.py took 0.063 seconds
[2024-04-13T16:35:00.969+0000] {processor.py:161} INFO - Started process (PID=2629) to work on /home/airflow/.local/lib/python3.12/site-packages/airflow/example_dags/example_branch_operator.py
[2024-04-13T16:35:00.970+0000] {processor.py:830} INFO - Processing file /home/airflow/.local/lib/python3.12/site-packages/airflow/example_dags/example_branch_operator.py for tasks to queue
[2024-04-13T16:35:00.973+0000] {logging_mixin.py:188} INFO - [2024-04-13T16:35:00.972+0000] {dagbag.py:540} INFO - Filling up the DagBag from /home/airflow/.local/lib/python3.12/site-packages/airflow/example_dags/example_branch_operator.py
[2024-04-13T16:35:00.989+0000] {processor.py:840} INFO - DAG(s) 'example_branch_operator' retrieved from /home/airflow/.local/lib/python3.12/site-packages/airflow/example_dags/example_branch_operator.py
[2024-04-13T16:35:01.010+0000] {logging_mixin.py:188} INFO - [2024-04-13T16:35:01.010+0000] {dag.py:3096} INFO - Sync 1 DAGs
[2024-04-13T16:35:01.021+0000] {logging_mixin.py:188} INFO - [2024-04-13T16:35:01.021+0000] {dag.py:3954} INFO - Setting next_dagrun for example_branch_operator to 2024-04-12 00:00:00+00:00, run_after=2024-04-13 00:00:00+00:00
[2024-04-13T16:35:01.029+0000] {processor.py:183} INFO - Processing /home/airflow/.local/lib/python3.12/site-packages/airflow/example_dags/example_branch_operator.py took 0.067 seconds
[2024-04-13T16:35:31.629+0000] {processor.py:161} INFO - Started process (PID=2687) to work on /home/airflow/.local/lib/python3.12/site-packages/airflow/example_dags/example_branch_operator.py
[2024-04-13T16:35:31.629+0000] {processor.py:830} INFO - Processing file /home/airflow/.local/lib/python3.12/site-packages/airflow/example_dags/example_branch_operator.py for tasks to queue
[2024-04-13T16:35:31.631+0000] {logging_mixin.py:188} INFO - [2024-04-13T16:35:31.630+0000] {dagbag.py:540} INFO - Filling up the DagBag from /home/airflow/.local/lib/python3.12/site-packages/airflow/example_dags/example_branch_operator.py
[2024-04-13T16:35:31.640+0000] {processor.py:840} INFO - DAG(s) 'example_branch_operator' retrieved from /home/airflow/.local/lib/python3.12/site-packages/airflow/example_dags/example_branch_operator.py
[2024-04-13T16:35:31.653+0000] {logging_mixin.py:188} INFO - [2024-04-13T16:35:31.653+0000] {dag.py:3096} INFO - Sync 1 DAGs
[2024-04-13T16:35:31.661+0000] {logging_mixin.py:188} INFO - [2024-04-13T16:35:31.661+0000] {dag.py:3954} INFO - Setting next_dagrun for example_branch_operator to 2024-04-12 00:00:00+00:00, run_after=2024-04-13 00:00:00+00:00
[2024-04-13T16:35:31.668+0000] {processor.py:183} INFO - Processing /home/airflow/.local/lib/python3.12/site-packages/airflow/example_dags/example_branch_operator.py took 0.043 seconds
[2024-04-13T16:36:02.245+0000] {processor.py:161} INFO - Started process (PID=2745) to work on /home/airflow/.local/lib/python3.12/site-packages/airflow/example_dags/example_branch_operator.py
[2024-04-13T16:36:02.246+0000] {processor.py:830} INFO - Processing file /home/airflow/.local/lib/python3.12/site-packages/airflow/example_dags/example_branch_operator.py for tasks to queue
[2024-04-13T16:36:02.248+0000] {logging_mixin.py:188} INFO - [2024-04-13T16:36:02.248+0000] {dagbag.py:540} INFO - Filling up the DagBag from /home/airflow/.local/lib/python3.12/site-packages/airflow/example_dags/example_branch_operator.py
[2024-04-13T16:36:02.262+0000] {processor.py:840} INFO - DAG(s) 'example_branch_operator' retrieved from /home/airflow/.local/lib/python3.12/site-packages/airflow/example_dags/example_branch_operator.py
[2024-04-13T16:36:02.278+0000] {logging_mixin.py:188} INFO - [2024-04-13T16:36:02.278+0000] {dag.py:3096} INFO - Sync 1 DAGs
[2024-04-13T16:36:02.288+0000] {logging_mixin.py:188} INFO - [2024-04-13T16:36:02.288+0000] {dag.py:3954} INFO - Setting next_dagrun for example_branch_operator to 2024-04-12 00:00:00+00:00, run_after=2024-04-13 00:00:00+00:00
[2024-04-13T16:36:02.295+0000] {processor.py:183} INFO - Processing /home/airflow/.local/lib/python3.12/site-packages/airflow/example_dags/example_branch_operator.py took 0.058 seconds
[2024-04-13T16:36:32.920+0000] {processor.py:161} INFO - Started process (PID=2803) to work on /home/airflow/.local/lib/python3.12/site-packages/airflow/example_dags/example_branch_operator.py
[2024-04-13T16:36:32.921+0000] {processor.py:830} INFO - Processing file /home/airflow/.local/lib/python3.12/site-packages/airflow/example_dags/example_branch_operator.py for tasks to queue
[2024-04-13T16:36:32.923+0000] {logging_mixin.py:188} INFO - [2024-04-13T16:36:32.923+0000] {dagbag.py:540} INFO - Filling up the DagBag from /home/airflow/.local/lib/python3.12/site-packages/airflow/example_dags/example_branch_operator.py
[2024-04-13T16:36:32.938+0000] {processor.py:840} INFO - DAG(s) 'example_branch_operator' retrieved from /home/airflow/.local/lib/python3.12/site-packages/airflow/example_dags/example_branch_operator.py
[2024-04-13T16:36:32.953+0000] {logging_mixin.py:188} INFO - [2024-04-13T16:36:32.953+0000] {dag.py:3096} INFO - Sync 1 DAGs
[2024-04-13T16:36:32.963+0000] {logging_mixin.py:188} INFO - [2024-04-13T16:36:32.963+0000] {dag.py:3954} INFO - Setting next_dagrun for example_branch_operator to 2024-04-12 00:00:00+00:00, run_after=2024-04-13 00:00:00+00:00
[2024-04-13T16:36:32.971+0000] {processor.py:183} INFO - Processing /home/airflow/.local/lib/python3.12/site-packages/airflow/example_dags/example_branch_operator.py took 0.058 seconds
[2024-04-13T16:37:03.402+0000] {processor.py:161} INFO - Started process (PID=2860) to work on /home/airflow/.local/lib/python3.12/site-packages/airflow/example_dags/example_branch_operator.py
[2024-04-13T16:37:03.406+0000] {processor.py:830} INFO - Processing file /home/airflow/.local/lib/python3.12/site-packages/airflow/example_dags/example_branch_operator.py for tasks to queue
[2024-04-13T16:37:03.407+0000] {logging_mixin.py:188} INFO - [2024-04-13T16:37:03.407+0000] {dagbag.py:540} INFO - Filling up the DagBag from /home/airflow/.local/lib/python3.12/site-packages/airflow/example_dags/example_branch_operator.py
[2024-04-13T16:37:03.416+0000] {processor.py:840} INFO - DAG(s) 'example_branch_operator' retrieved from /home/airflow/.local/lib/python3.12/site-packages/airflow/example_dags/example_branch_operator.py
[2024-04-13T16:37:03.432+0000] {logging_mixin.py:188} INFO - [2024-04-13T16:37:03.432+0000] {dag.py:3096} INFO - Sync 1 DAGs
[2024-04-13T16:37:03.444+0000] {logging_mixin.py:188} INFO - [2024-04-13T16:37:03.444+0000] {dag.py:3954} INFO - Setting next_dagrun for example_branch_operator to 2024-04-12 00:00:00+00:00, run_after=2024-04-13 00:00:00+00:00
[2024-04-13T16:37:03.453+0000] {processor.py:183} INFO - Processing /home/airflow/.local/lib/python3.12/site-packages/airflow/example_dags/example_branch_operator.py took 0.054 seconds
[2024-04-13T16:37:34.082+0000] {processor.py:161} INFO - Started process (PID=2918) to work on /home/airflow/.local/lib/python3.12/site-packages/airflow/example_dags/example_branch_operator.py
[2024-04-13T16:37:34.083+0000] {processor.py:830} INFO - Processing file /home/airflow/.local/lib/python3.12/site-packages/airflow/example_dags/example_branch_operator.py for tasks to queue
[2024-04-13T16:37:34.085+0000] {logging_mixin.py:188} INFO - [2024-04-13T16:37:34.084+0000] {dagbag.py:540} INFO - Filling up the DagBag from /home/airflow/.local/lib/python3.12/site-packages/airflow/example_dags/example_branch_operator.py
[2024-04-13T16:37:34.096+0000] {processor.py:840} INFO - DAG(s) 'example_branch_operator' retrieved from /home/airflow/.local/lib/python3.12/site-packages/airflow/example_dags/example_branch_operator.py
[2024-04-13T16:37:34.112+0000] {logging_mixin.py:188} INFO - [2024-04-13T16:37:34.111+0000] {dag.py:3096} INFO - Sync 1 DAGs
[2024-04-13T16:37:34.122+0000] {logging_mixin.py:188} INFO - [2024-04-13T16:37:34.122+0000] {dag.py:3954} INFO - Setting next_dagrun for example_branch_operator to 2024-04-12 00:00:00+00:00, run_after=2024-04-13 00:00:00+00:00
[2024-04-13T16:37:34.129+0000] {processor.py:183} INFO - Processing /home/airflow/.local/lib/python3.12/site-packages/airflow/example_dags/example_branch_operator.py took 0.054 seconds
[2024-04-13T16:38:05.006+0000] {processor.py:161} INFO - Started process (PID=2976) to work on /home/airflow/.local/lib/python3.12/site-packages/airflow/example_dags/example_branch_operator.py
[2024-04-13T16:38:05.007+0000] {processor.py:830} INFO - Processing file /home/airflow/.local/lib/python3.12/site-packages/airflow/example_dags/example_branch_operator.py for tasks to queue
[2024-04-13T16:38:05.008+0000] {logging_mixin.py:188} INFO - [2024-04-13T16:38:05.008+0000] {dagbag.py:540} INFO - Filling up the DagBag from /home/airflow/.local/lib/python3.12/site-packages/airflow/example_dags/example_branch_operator.py
[2024-04-13T16:38:05.015+0000] {processor.py:840} INFO - DAG(s) 'example_branch_operator' retrieved from /home/airflow/.local/lib/python3.12/site-packages/airflow/example_dags/example_branch_operator.py
[2024-04-13T16:38:05.027+0000] {logging_mixin.py:188} INFO - [2024-04-13T16:38:05.026+0000] {dag.py:3096} INFO - Sync 1 DAGs
[2024-04-13T16:38:05.035+0000] {logging_mixin.py:188} INFO - [2024-04-13T16:38:05.035+0000] {dag.py:3954} INFO - Setting next_dagrun for example_branch_operator to 2024-04-12 00:00:00+00:00, run_after=2024-04-13 00:00:00+00:00
[2024-04-13T16:38:05.041+0000] {processor.py:183} INFO - Processing /home/airflow/.local/lib/python3.12/site-packages/airflow/example_dags/example_branch_operator.py took 0.042 seconds
[2024-04-13T16:38:35.276+0000] {processor.py:161} INFO - Started process (PID=3034) to work on /home/airflow/.local/lib/python3.12/site-packages/airflow/example_dags/example_branch_operator.py
[2024-04-13T16:38:35.299+0000] {processor.py:830} INFO - Processing file /home/airflow/.local/lib/python3.12/site-packages/airflow/example_dags/example_branch_operator.py for tasks to queue
[2024-04-13T16:38:35.308+0000] {logging_mixin.py:188} INFO - [2024-04-13T16:38:35.307+0000] {dagbag.py:540} INFO - Filling up the DagBag from /home/airflow/.local/lib/python3.12/site-packages/airflow/example_dags/example_branch_operator.py
[2024-04-13T16:38:35.365+0000] {processor.py:840} INFO - DAG(s) 'example_branch_operator' retrieved from /home/airflow/.local/lib/python3.12/site-packages/airflow/example_dags/example_branch_operator.py
[2024-04-13T16:38:35.432+0000] {logging_mixin.py:188} INFO - [2024-04-13T16:38:35.432+0000] {dag.py:3096} INFO - Sync 1 DAGs
[2024-04-13T16:38:35.471+0000] {logging_mixin.py:188} INFO - [2024-04-13T16:38:35.470+0000] {dag.py:3954} INFO - Setting next_dagrun for example_branch_operator to 2024-04-12 00:00:00+00:00, run_after=2024-04-13 00:00:00+00:00
[2024-04-13T16:38:35.505+0000] {processor.py:183} INFO - Processing /home/airflow/.local/lib/python3.12/site-packages/airflow/example_dags/example_branch_operator.py took 0.241 seconds
[2024-04-13T16:39:05.938+0000] {processor.py:161} INFO - Started process (PID=3092) to work on /home/airflow/.local/lib/python3.12/site-packages/airflow/example_dags/example_branch_operator.py
[2024-04-13T16:39:05.938+0000] {processor.py:830} INFO - Processing file /home/airflow/.local/lib/python3.12/site-packages/airflow/example_dags/example_branch_operator.py for tasks to queue
[2024-04-13T16:39:05.939+0000] {logging_mixin.py:188} INFO - [2024-04-13T16:39:05.939+0000] {dagbag.py:540} INFO - Filling up the DagBag from /home/airflow/.local/lib/python3.12/site-packages/airflow/example_dags/example_branch_operator.py
[2024-04-13T16:39:05.947+0000] {processor.py:840} INFO - DAG(s) 'example_branch_operator' retrieved from /home/airflow/.local/lib/python3.12/site-packages/airflow/example_dags/example_branch_operator.py
[2024-04-13T16:39:05.958+0000] {logging_mixin.py:188} INFO - [2024-04-13T16:39:05.958+0000] {dag.py:3096} INFO - Sync 1 DAGs
[2024-04-13T16:39:05.966+0000] {logging_mixin.py:188} INFO - [2024-04-13T16:39:05.966+0000] {dag.py:3954} INFO - Setting next_dagrun for example_branch_operator to 2024-04-12 00:00:00+00:00, run_after=2024-04-13 00:00:00+00:00
[2024-04-13T16:39:05.973+0000] {processor.py:183} INFO - Processing /home/airflow/.local/lib/python3.12/site-packages/airflow/example_dags/example_branch_operator.py took 0.038 seconds
[2024-04-13T16:39:36.492+0000] {processor.py:161} INFO - Started process (PID=3149) to work on /home/airflow/.local/lib/python3.12/site-packages/airflow/example_dags/example_branch_operator.py
[2024-04-13T16:39:36.495+0000] {processor.py:830} INFO - Processing file /home/airflow/.local/lib/python3.12/site-packages/airflow/example_dags/example_branch_operator.py for tasks to queue
[2024-04-13T16:39:36.497+0000] {logging_mixin.py:188} INFO - [2024-04-13T16:39:36.496+0000] {dagbag.py:540} INFO - Filling up the DagBag from /home/airflow/.local/lib/python3.12/site-packages/airflow/example_dags/example_branch_operator.py
[2024-04-13T16:39:36.506+0000] {processor.py:840} INFO - DAG(s) 'example_branch_operator' retrieved from /home/airflow/.local/lib/python3.12/site-packages/airflow/example_dags/example_branch_operator.py
[2024-04-13T16:39:36.520+0000] {logging_mixin.py:188} INFO - [2024-04-13T16:39:36.520+0000] {dag.py:3096} INFO - Sync 1 DAGs
[2024-04-13T16:39:36.531+0000] {logging_mixin.py:188} INFO - [2024-04-13T16:39:36.530+0000] {dag.py:3954} INFO - Setting next_dagrun for example_branch_operator to 2024-04-12 00:00:00+00:00, run_after=2024-04-13 00:00:00+00:00
[2024-04-13T16:39:36.538+0000] {processor.py:183} INFO - Processing /home/airflow/.local/lib/python3.12/site-packages/airflow/example_dags/example_branch_operator.py took 0.050 seconds
[2024-04-13T16:40:07.033+0000] {processor.py:161} INFO - Started process (PID=3207) to work on /home/airflow/.local/lib/python3.12/site-packages/airflow/example_dags/example_branch_operator.py
[2024-04-13T16:40:07.034+0000] {processor.py:830} INFO - Processing file /home/airflow/.local/lib/python3.12/site-packages/airflow/example_dags/example_branch_operator.py for tasks to queue
[2024-04-13T16:40:07.035+0000] {logging_mixin.py:188} INFO - [2024-04-13T16:40:07.035+0000] {dagbag.py:540} INFO - Filling up the DagBag from /home/airflow/.local/lib/python3.12/site-packages/airflow/example_dags/example_branch_operator.py
[2024-04-13T16:40:07.042+0000] {processor.py:840} INFO - DAG(s) 'example_branch_operator' retrieved from /home/airflow/.local/lib/python3.12/site-packages/airflow/example_dags/example_branch_operator.py
[2024-04-13T16:40:07.053+0000] {logging_mixin.py:188} INFO - [2024-04-13T16:40:07.053+0000] {dag.py:3096} INFO - Sync 1 DAGs
[2024-04-13T16:40:07.061+0000] {logging_mixin.py:188} INFO - [2024-04-13T16:40:07.061+0000] {dag.py:3954} INFO - Setting next_dagrun for example_branch_operator to 2024-04-12 00:00:00+00:00, run_after=2024-04-13 00:00:00+00:00
[2024-04-13T16:40:07.068+0000] {processor.py:183} INFO - Processing /home/airflow/.local/lib/python3.12/site-packages/airflow/example_dags/example_branch_operator.py took 0.037 seconds
[2024-04-13T16:40:37.542+0000] {processor.py:161} INFO - Started process (PID=3265) to work on /home/airflow/.local/lib/python3.12/site-packages/airflow/example_dags/example_branch_operator.py
[2024-04-13T16:40:37.542+0000] {processor.py:830} INFO - Processing file /home/airflow/.local/lib/python3.12/site-packages/airflow/example_dags/example_branch_operator.py for tasks to queue
[2024-04-13T16:40:37.543+0000] {logging_mixin.py:188} INFO - [2024-04-13T16:40:37.543+0000] {dagbag.py:540} INFO - Filling up the DagBag from /home/airflow/.local/lib/python3.12/site-packages/airflow/example_dags/example_branch_operator.py
[2024-04-13T16:40:37.550+0000] {processor.py:840} INFO - DAG(s) 'example_branch_operator' retrieved from /home/airflow/.local/lib/python3.12/site-packages/airflow/example_dags/example_branch_operator.py
[2024-04-13T16:40:37.561+0000] {logging_mixin.py:188} INFO - [2024-04-13T16:40:37.561+0000] {dag.py:3096} INFO - Sync 1 DAGs
[2024-04-13T16:40:37.569+0000] {logging_mixin.py:188} INFO - [2024-04-13T16:40:37.569+0000] {dag.py:3954} INFO - Setting next_dagrun for example_branch_operator to 2024-04-12 00:00:00+00:00, run_after=2024-04-13 00:00:00+00:00
[2024-04-13T16:40:37.575+0000] {processor.py:183} INFO - Processing /home/airflow/.local/lib/python3.12/site-packages/airflow/example_dags/example_branch_operator.py took 0.036 seconds
[2024-04-13T16:41:08.094+0000] {processor.py:161} INFO - Started process (PID=3323) to work on /home/airflow/.local/lib/python3.12/site-packages/airflow/example_dags/example_branch_operator.py
[2024-04-13T16:41:08.095+0000] {processor.py:830} INFO - Processing file /home/airflow/.local/lib/python3.12/site-packages/airflow/example_dags/example_branch_operator.py for tasks to queue
[2024-04-13T16:41:08.095+0000] {logging_mixin.py:188} INFO - [2024-04-13T16:41:08.095+0000] {dagbag.py:540} INFO - Filling up the DagBag from /home/airflow/.local/lib/python3.12/site-packages/airflow/example_dags/example_branch_operator.py
[2024-04-13T16:41:08.103+0000] {processor.py:840} INFO - DAG(s) 'example_branch_operator' retrieved from /home/airflow/.local/lib/python3.12/site-packages/airflow/example_dags/example_branch_operator.py
[2024-04-13T16:41:08.114+0000] {logging_mixin.py:188} INFO - [2024-04-13T16:41:08.113+0000] {dag.py:3096} INFO - Sync 1 DAGs
[2024-04-13T16:41:08.122+0000] {logging_mixin.py:188} INFO - [2024-04-13T16:41:08.122+0000] {dag.py:3954} INFO - Setting next_dagrun for example_branch_operator to 2024-04-12 00:00:00+00:00, run_after=2024-04-13 00:00:00+00:00
[2024-04-13T16:41:08.128+0000] {processor.py:183} INFO - Processing /home/airflow/.local/lib/python3.12/site-packages/airflow/example_dags/example_branch_operator.py took 0.037 seconds
