[2024-04-13T16:12:30.393+0000] {processor.py:161} INFO - Started process (PID=37) to work on /home/airflow/.local/lib/python3.12/site-packages/airflow/example_dags/example_subdag_operator.py
[2024-04-13T16:12:30.394+0000] {processor.py:830} INFO - Processing file /home/airflow/.local/lib/python3.12/site-packages/airflow/example_dags/example_subdag_operator.py for tasks to queue
[2024-04-13T16:12:30.396+0000] {logging_mixin.py:188} INFO - [2024-04-13T16:12:30.395+0000] {dagbag.py:540} INFO - Filling up the DagBag from /home/airflow/.local/lib/python3.12/site-packages/airflow/example_dags/example_subdag_operator.py
[2024-04-13T16:12:30.412+0000] {processor.py:840} INFO - DAG(s) 'example_subdag_operator.section-1', 'example_subdag_operator.section-2', 'example_subdag_operator' retrieved from /home/airflow/.local/lib/python3.12/site-packages/airflow/example_dags/example_subdag_operator.py
[2024-04-13T16:12:30.415+0000] {logging_mixin.py:188} INFO - [2024-04-13T16:12:30.415+0000] {dag.py:3096} INFO - Sync 3 DAGs
[2024-04-13T16:12:30.431+0000] {logging_mixin.py:188} INFO - [2024-04-13T16:12:30.431+0000] {dag.py:3954} INFO - Setting next_dagrun for example_subdag_operator to 2022-01-01 00:00:00+00:00, run_after=2022-01-01 00:00:00+00:00
[2024-04-13T16:12:30.436+0000] {logging_mixin.py:188} INFO - [2024-04-13T16:12:30.436+0000] {dag.py:3954} INFO - Setting next_dagrun for example_subdag_operator.section-1 to None, run_after=None
[2024-04-13T16:12:30.438+0000] {logging_mixin.py:188} INFO - [2024-04-13T16:12:30.438+0000] {dag.py:3954} INFO - Setting next_dagrun for example_subdag_operator.section-2 to None, run_after=None
[2024-04-13T16:12:30.444+0000] {logging_mixin.py:188} INFO - [2024-04-13T16:12:30.444+0000] {dag.py:3096} INFO - Sync 2 DAGs
[2024-04-13T16:12:30.452+0000] {logging_mixin.py:188} INFO - [2024-04-13T16:12:30.452+0000] {dag.py:3954} INFO - Setting next_dagrun for example_subdag_operator.section-1 to None, run_after=None
[2024-04-13T16:12:30.453+0000] {logging_mixin.py:188} INFO - [2024-04-13T16:12:30.453+0000] {dag.py:3954} INFO - Setting next_dagrun for example_subdag_operator.section-2 to None, run_after=None
[2024-04-13T16:12:30.471+0000] {processor.py:183} INFO - Processing /home/airflow/.local/lib/python3.12/site-packages/airflow/example_dags/example_subdag_operator.py took 0.081 seconds
[2024-04-13T16:13:01.301+0000] {processor.py:161} INFO - Started process (PID=95) to work on /home/airflow/.local/lib/python3.12/site-packages/airflow/example_dags/example_subdag_operator.py
[2024-04-13T16:13:01.302+0000] {processor.py:830} INFO - Processing file /home/airflow/.local/lib/python3.12/site-packages/airflow/example_dags/example_subdag_operator.py for tasks to queue
[2024-04-13T16:13:01.302+0000] {logging_mixin.py:188} INFO - [2024-04-13T16:13:01.302+0000] {dagbag.py:540} INFO - Filling up the DagBag from /home/airflow/.local/lib/python3.12/site-packages/airflow/example_dags/example_subdag_operator.py
[2024-04-13T16:13:01.313+0000] {processor.py:840} INFO - DAG(s) 'example_subdag_operator.section-1', 'example_subdag_operator.section-2', 'example_subdag_operator' retrieved from /home/airflow/.local/lib/python3.12/site-packages/airflow/example_dags/example_subdag_operator.py
[2024-04-13T16:13:01.352+0000] {logging_mixin.py:188} INFO - [2024-04-13T16:13:01.351+0000] {dag.py:3096} INFO - Sync 3 DAGs
[2024-04-13T16:13:01.359+0000] {logging_mixin.py:188} INFO - [2024-04-13T16:13:01.359+0000] {dag.py:3954} INFO - Setting next_dagrun for example_subdag_operator to 2022-01-01 00:00:00+00:00, run_after=2022-01-01 00:00:00+00:00
[2024-04-13T16:13:01.360+0000] {logging_mixin.py:188} INFO - [2024-04-13T16:13:01.360+0000] {dag.py:3954} INFO - Setting next_dagrun for example_subdag_operator.section-1 to None, run_after=None
[2024-04-13T16:13:01.361+0000] {logging_mixin.py:188} INFO - [2024-04-13T16:13:01.361+0000] {dag.py:3954} INFO - Setting next_dagrun for example_subdag_operator.section-2 to None, run_after=None
[2024-04-13T16:13:01.365+0000] {logging_mixin.py:188} INFO - [2024-04-13T16:13:01.364+0000] {dag.py:3096} INFO - Sync 2 DAGs
[2024-04-13T16:13:01.366+0000] {logging_mixin.py:188} INFO - [2024-04-13T16:13:01.366+0000] {dag.py:3954} INFO - Setting next_dagrun for example_subdag_operator.section-1 to None, run_after=None
[2024-04-13T16:13:01.367+0000] {logging_mixin.py:188} INFO - [2024-04-13T16:13:01.367+0000] {dag.py:3954} INFO - Setting next_dagrun for example_subdag_operator.section-2 to None, run_after=None
[2024-04-13T16:13:01.370+0000] {processor.py:183} INFO - Processing /home/airflow/.local/lib/python3.12/site-packages/airflow/example_dags/example_subdag_operator.py took 0.071 seconds
[2024-04-13T16:13:31.563+0000] {processor.py:161} INFO - Started process (PID=152) to work on /home/airflow/.local/lib/python3.12/site-packages/airflow/example_dags/example_subdag_operator.py
[2024-04-13T16:13:31.563+0000] {processor.py:830} INFO - Processing file /home/airflow/.local/lib/python3.12/site-packages/airflow/example_dags/example_subdag_operator.py for tasks to queue
[2024-04-13T16:13:31.564+0000] {logging_mixin.py:188} INFO - [2024-04-13T16:13:31.564+0000] {dagbag.py:540} INFO - Filling up the DagBag from /home/airflow/.local/lib/python3.12/site-packages/airflow/example_dags/example_subdag_operator.py
[2024-04-13T16:13:31.574+0000] {processor.py:840} INFO - DAG(s) 'example_subdag_operator.section-1', 'example_subdag_operator.section-2', 'example_subdag_operator' retrieved from /home/airflow/.local/lib/python3.12/site-packages/airflow/example_dags/example_subdag_operator.py
[2024-04-13T16:13:31.580+0000] {logging_mixin.py:188} INFO - [2024-04-13T16:13:31.580+0000] {dag.py:3096} INFO - Sync 3 DAGs
[2024-04-13T16:13:31.588+0000] {logging_mixin.py:188} INFO - [2024-04-13T16:13:31.588+0000] {dag.py:3954} INFO - Setting next_dagrun for example_subdag_operator to 2022-01-01 00:00:00+00:00, run_after=2022-01-01 00:00:00+00:00
[2024-04-13T16:13:31.589+0000] {logging_mixin.py:188} INFO - [2024-04-13T16:13:31.589+0000] {dag.py:3954} INFO - Setting next_dagrun for example_subdag_operator.section-1 to None, run_after=None
[2024-04-13T16:13:31.590+0000] {logging_mixin.py:188} INFO - [2024-04-13T16:13:31.590+0000] {dag.py:3954} INFO - Setting next_dagrun for example_subdag_operator.section-2 to None, run_after=None
[2024-04-13T16:13:31.593+0000] {logging_mixin.py:188} INFO - [2024-04-13T16:13:31.592+0000] {dag.py:3096} INFO - Sync 2 DAGs
[2024-04-13T16:13:31.594+0000] {logging_mixin.py:188} INFO - [2024-04-13T16:13:31.594+0000] {dag.py:3954} INFO - Setting next_dagrun for example_subdag_operator.section-1 to None, run_after=None
[2024-04-13T16:13:31.595+0000] {logging_mixin.py:188} INFO - [2024-04-13T16:13:31.595+0000] {dag.py:3954} INFO - Setting next_dagrun for example_subdag_operator.section-2 to None, run_after=None
[2024-04-13T16:13:31.598+0000] {processor.py:183} INFO - Processing /home/airflow/.local/lib/python3.12/site-packages/airflow/example_dags/example_subdag_operator.py took 0.038 seconds
[2024-04-13T16:14:02.030+0000] {processor.py:161} INFO - Started process (PID=211) to work on /home/airflow/.local/lib/python3.12/site-packages/airflow/example_dags/example_subdag_operator.py
[2024-04-13T16:14:02.031+0000] {processor.py:830} INFO - Processing file /home/airflow/.local/lib/python3.12/site-packages/airflow/example_dags/example_subdag_operator.py for tasks to queue
[2024-04-13T16:14:02.031+0000] {logging_mixin.py:188} INFO - [2024-04-13T16:14:02.031+0000] {dagbag.py:540} INFO - Filling up the DagBag from /home/airflow/.local/lib/python3.12/site-packages/airflow/example_dags/example_subdag_operator.py
[2024-04-13T16:14:02.040+0000] {processor.py:840} INFO - DAG(s) 'example_subdag_operator.section-1', 'example_subdag_operator.section-2', 'example_subdag_operator' retrieved from /home/airflow/.local/lib/python3.12/site-packages/airflow/example_dags/example_subdag_operator.py
[2024-04-13T16:14:02.046+0000] {logging_mixin.py:188} INFO - [2024-04-13T16:14:02.046+0000] {dag.py:3096} INFO - Sync 3 DAGs
[2024-04-13T16:14:02.054+0000] {logging_mixin.py:188} INFO - [2024-04-13T16:14:02.054+0000] {dag.py:3954} INFO - Setting next_dagrun for example_subdag_operator to 2022-01-01 00:00:00+00:00, run_after=2022-01-01 00:00:00+00:00
[2024-04-13T16:14:02.056+0000] {logging_mixin.py:188} INFO - [2024-04-13T16:14:02.055+0000] {dag.py:3954} INFO - Setting next_dagrun for example_subdag_operator.section-1 to None, run_after=None
[2024-04-13T16:14:02.056+0000] {logging_mixin.py:188} INFO - [2024-04-13T16:14:02.056+0000] {dag.py:3954} INFO - Setting next_dagrun for example_subdag_operator.section-2 to None, run_after=None
[2024-04-13T16:14:02.059+0000] {logging_mixin.py:188} INFO - [2024-04-13T16:14:02.059+0000] {dag.py:3096} INFO - Sync 2 DAGs
[2024-04-13T16:14:02.061+0000] {logging_mixin.py:188} INFO - [2024-04-13T16:14:02.061+0000] {dag.py:3954} INFO - Setting next_dagrun for example_subdag_operator.section-1 to None, run_after=None
[2024-04-13T16:14:02.061+0000] {logging_mixin.py:188} INFO - [2024-04-13T16:14:02.061+0000] {dag.py:3954} INFO - Setting next_dagrun for example_subdag_operator.section-2 to None, run_after=None
[2024-04-13T16:14:02.065+0000] {processor.py:183} INFO - Processing /home/airflow/.local/lib/python3.12/site-packages/airflow/example_dags/example_subdag_operator.py took 0.038 seconds
[2024-04-13T16:14:32.535+0000] {processor.py:161} INFO - Started process (PID=269) to work on /home/airflow/.local/lib/python3.12/site-packages/airflow/example_dags/example_subdag_operator.py
[2024-04-13T16:14:32.535+0000] {processor.py:830} INFO - Processing file /home/airflow/.local/lib/python3.12/site-packages/airflow/example_dags/example_subdag_operator.py for tasks to queue
[2024-04-13T16:14:32.537+0000] {logging_mixin.py:188} INFO - [2024-04-13T16:14:32.536+0000] {dagbag.py:540} INFO - Filling up the DagBag from /home/airflow/.local/lib/python3.12/site-packages/airflow/example_dags/example_subdag_operator.py
[2024-04-13T16:14:32.547+0000] {processor.py:840} INFO - DAG(s) 'example_subdag_operator.section-1', 'example_subdag_operator.section-2', 'example_subdag_operator' retrieved from /home/airflow/.local/lib/python3.12/site-packages/airflow/example_dags/example_subdag_operator.py
[2024-04-13T16:14:32.552+0000] {logging_mixin.py:188} INFO - [2024-04-13T16:14:32.552+0000] {dag.py:3096} INFO - Sync 3 DAGs
[2024-04-13T16:14:32.561+0000] {logging_mixin.py:188} INFO - [2024-04-13T16:14:32.560+0000] {dag.py:3954} INFO - Setting next_dagrun for example_subdag_operator to 2022-01-01 00:00:00+00:00, run_after=2022-01-01 00:00:00+00:00
[2024-04-13T16:14:32.562+0000] {logging_mixin.py:188} INFO - [2024-04-13T16:14:32.562+0000] {dag.py:3954} INFO - Setting next_dagrun for example_subdag_operator.section-1 to None, run_after=None
[2024-04-13T16:14:32.563+0000] {logging_mixin.py:188} INFO - [2024-04-13T16:14:32.563+0000] {dag.py:3954} INFO - Setting next_dagrun for example_subdag_operator.section-2 to None, run_after=None
[2024-04-13T16:14:32.565+0000] {logging_mixin.py:188} INFO - [2024-04-13T16:14:32.565+0000] {dag.py:3096} INFO - Sync 2 DAGs
[2024-04-13T16:14:32.567+0000] {logging_mixin.py:188} INFO - [2024-04-13T16:14:32.567+0000] {dag.py:3954} INFO - Setting next_dagrun for example_subdag_operator.section-1 to None, run_after=None
[2024-04-13T16:14:32.568+0000] {logging_mixin.py:188} INFO - [2024-04-13T16:14:32.568+0000] {dag.py:3954} INFO - Setting next_dagrun for example_subdag_operator.section-2 to None, run_after=None
[2024-04-13T16:14:32.571+0000] {processor.py:183} INFO - Processing /home/airflow/.local/lib/python3.12/site-packages/airflow/example_dags/example_subdag_operator.py took 0.039 seconds
[2024-04-13T16:15:03.038+0000] {processor.py:161} INFO - Started process (PID=327) to work on /home/airflow/.local/lib/python3.12/site-packages/airflow/example_dags/example_subdag_operator.py
[2024-04-13T16:15:03.038+0000] {processor.py:830} INFO - Processing file /home/airflow/.local/lib/python3.12/site-packages/airflow/example_dags/example_subdag_operator.py for tasks to queue
[2024-04-13T16:15:03.039+0000] {logging_mixin.py:188} INFO - [2024-04-13T16:15:03.039+0000] {dagbag.py:540} INFO - Filling up the DagBag from /home/airflow/.local/lib/python3.12/site-packages/airflow/example_dags/example_subdag_operator.py
[2024-04-13T16:15:03.049+0000] {processor.py:840} INFO - DAG(s) 'example_subdag_operator.section-1', 'example_subdag_operator.section-2', 'example_subdag_operator' retrieved from /home/airflow/.local/lib/python3.12/site-packages/airflow/example_dags/example_subdag_operator.py
[2024-04-13T16:15:03.055+0000] {logging_mixin.py:188} INFO - [2024-04-13T16:15:03.055+0000] {dag.py:3096} INFO - Sync 3 DAGs
[2024-04-13T16:15:03.063+0000] {logging_mixin.py:188} INFO - [2024-04-13T16:15:03.063+0000] {dag.py:3954} INFO - Setting next_dagrun for example_subdag_operator to 2022-01-01 00:00:00+00:00, run_after=2022-01-01 00:00:00+00:00
[2024-04-13T16:15:03.064+0000] {logging_mixin.py:188} INFO - [2024-04-13T16:15:03.064+0000] {dag.py:3954} INFO - Setting next_dagrun for example_subdag_operator.section-1 to None, run_after=None
[2024-04-13T16:15:03.065+0000] {logging_mixin.py:188} INFO - [2024-04-13T16:15:03.065+0000] {dag.py:3954} INFO - Setting next_dagrun for example_subdag_operator.section-2 to None, run_after=None
[2024-04-13T16:15:03.067+0000] {logging_mixin.py:188} INFO - [2024-04-13T16:15:03.067+0000] {dag.py:3096} INFO - Sync 2 DAGs
[2024-04-13T16:15:03.069+0000] {logging_mixin.py:188} INFO - [2024-04-13T16:15:03.069+0000] {dag.py:3954} INFO - Setting next_dagrun for example_subdag_operator.section-1 to None, run_after=None
[2024-04-13T16:15:03.070+0000] {logging_mixin.py:188} INFO - [2024-04-13T16:15:03.070+0000] {dag.py:3954} INFO - Setting next_dagrun for example_subdag_operator.section-2 to None, run_after=None
[2024-04-13T16:15:03.074+0000] {processor.py:183} INFO - Processing /home/airflow/.local/lib/python3.12/site-packages/airflow/example_dags/example_subdag_operator.py took 0.038 seconds
[2024-04-13T16:15:33.521+0000] {processor.py:161} INFO - Started process (PID=385) to work on /home/airflow/.local/lib/python3.12/site-packages/airflow/example_dags/example_subdag_operator.py
[2024-04-13T16:15:33.521+0000] {processor.py:830} INFO - Processing file /home/airflow/.local/lib/python3.12/site-packages/airflow/example_dags/example_subdag_operator.py for tasks to queue
[2024-04-13T16:15:33.522+0000] {logging_mixin.py:188} INFO - [2024-04-13T16:15:33.522+0000] {dagbag.py:540} INFO - Filling up the DagBag from /home/airflow/.local/lib/python3.12/site-packages/airflow/example_dags/example_subdag_operator.py
[2024-04-13T16:15:33.532+0000] {processor.py:840} INFO - DAG(s) 'example_subdag_operator.section-1', 'example_subdag_operator.section-2', 'example_subdag_operator' retrieved from /home/airflow/.local/lib/python3.12/site-packages/airflow/example_dags/example_subdag_operator.py
[2024-04-13T16:15:33.538+0000] {logging_mixin.py:188} INFO - [2024-04-13T16:15:33.538+0000] {dag.py:3096} INFO - Sync 3 DAGs
[2024-04-13T16:15:33.546+0000] {logging_mixin.py:188} INFO - [2024-04-13T16:15:33.546+0000] {dag.py:3954} INFO - Setting next_dagrun for example_subdag_operator to 2022-01-01 00:00:00+00:00, run_after=2022-01-01 00:00:00+00:00
[2024-04-13T16:15:33.548+0000] {logging_mixin.py:188} INFO - [2024-04-13T16:15:33.547+0000] {dag.py:3954} INFO - Setting next_dagrun for example_subdag_operator.section-1 to None, run_after=None
[2024-04-13T16:15:33.548+0000] {logging_mixin.py:188} INFO - [2024-04-13T16:15:33.548+0000] {dag.py:3954} INFO - Setting next_dagrun for example_subdag_operator.section-2 to None, run_after=None
[2024-04-13T16:15:33.551+0000] {logging_mixin.py:188} INFO - [2024-04-13T16:15:33.551+0000] {dag.py:3096} INFO - Sync 2 DAGs
[2024-04-13T16:15:33.553+0000] {logging_mixin.py:188} INFO - [2024-04-13T16:15:33.553+0000] {dag.py:3954} INFO - Setting next_dagrun for example_subdag_operator.section-1 to None, run_after=None
[2024-04-13T16:15:33.553+0000] {logging_mixin.py:188} INFO - [2024-04-13T16:15:33.553+0000] {dag.py:3954} INFO - Setting next_dagrun for example_subdag_operator.section-2 to None, run_after=None
[2024-04-13T16:15:33.557+0000] {processor.py:183} INFO - Processing /home/airflow/.local/lib/python3.12/site-packages/airflow/example_dags/example_subdag_operator.py took 0.038 seconds
[2024-04-13T16:16:04.035+0000] {processor.py:161} INFO - Started process (PID=443) to work on /home/airflow/.local/lib/python3.12/site-packages/airflow/example_dags/example_subdag_operator.py
[2024-04-13T16:16:04.035+0000] {processor.py:830} INFO - Processing file /home/airflow/.local/lib/python3.12/site-packages/airflow/example_dags/example_subdag_operator.py for tasks to queue
[2024-04-13T16:16:04.036+0000] {logging_mixin.py:188} INFO - [2024-04-13T16:16:04.036+0000] {dagbag.py:540} INFO - Filling up the DagBag from /home/airflow/.local/lib/python3.12/site-packages/airflow/example_dags/example_subdag_operator.py
[2024-04-13T16:16:04.046+0000] {processor.py:840} INFO - DAG(s) 'example_subdag_operator.section-1', 'example_subdag_operator.section-2', 'example_subdag_operator' retrieved from /home/airflow/.local/lib/python3.12/site-packages/airflow/example_dags/example_subdag_operator.py
[2024-04-13T16:16:04.052+0000] {logging_mixin.py:188} INFO - [2024-04-13T16:16:04.052+0000] {dag.py:3096} INFO - Sync 3 DAGs
[2024-04-13T16:16:04.061+0000] {logging_mixin.py:188} INFO - [2024-04-13T16:16:04.061+0000] {dag.py:3954} INFO - Setting next_dagrun for example_subdag_operator to 2022-01-01 00:00:00+00:00, run_after=2022-01-01 00:00:00+00:00
[2024-04-13T16:16:04.062+0000] {logging_mixin.py:188} INFO - [2024-04-13T16:16:04.062+0000] {dag.py:3954} INFO - Setting next_dagrun for example_subdag_operator.section-1 to None, run_after=None
[2024-04-13T16:16:04.063+0000] {logging_mixin.py:188} INFO - [2024-04-13T16:16:04.063+0000] {dag.py:3954} INFO - Setting next_dagrun for example_subdag_operator.section-2 to None, run_after=None
[2024-04-13T16:16:04.066+0000] {logging_mixin.py:188} INFO - [2024-04-13T16:16:04.066+0000] {dag.py:3096} INFO - Sync 2 DAGs
[2024-04-13T16:16:04.068+0000] {logging_mixin.py:188} INFO - [2024-04-13T16:16:04.068+0000] {dag.py:3954} INFO - Setting next_dagrun for example_subdag_operator.section-1 to None, run_after=None
[2024-04-13T16:16:04.068+0000] {logging_mixin.py:188} INFO - [2024-04-13T16:16:04.068+0000] {dag.py:3954} INFO - Setting next_dagrun for example_subdag_operator.section-2 to None, run_after=None
[2024-04-13T16:16:04.072+0000] {processor.py:183} INFO - Processing /home/airflow/.local/lib/python3.12/site-packages/airflow/example_dags/example_subdag_operator.py took 0.040 seconds
[2024-04-13T16:16:34.624+0000] {processor.py:161} INFO - Started process (PID=501) to work on /home/airflow/.local/lib/python3.12/site-packages/airflow/example_dags/example_subdag_operator.py
[2024-04-13T16:16:34.624+0000] {processor.py:830} INFO - Processing file /home/airflow/.local/lib/python3.12/site-packages/airflow/example_dags/example_subdag_operator.py for tasks to queue
[2024-04-13T16:16:34.625+0000] {logging_mixin.py:188} INFO - [2024-04-13T16:16:34.625+0000] {dagbag.py:540} INFO - Filling up the DagBag from /home/airflow/.local/lib/python3.12/site-packages/airflow/example_dags/example_subdag_operator.py
[2024-04-13T16:16:34.635+0000] {processor.py:840} INFO - DAG(s) 'example_subdag_operator.section-1', 'example_subdag_operator.section-2', 'example_subdag_operator' retrieved from /home/airflow/.local/lib/python3.12/site-packages/airflow/example_dags/example_subdag_operator.py
[2024-04-13T16:16:34.642+0000] {logging_mixin.py:188} INFO - [2024-04-13T16:16:34.642+0000] {dag.py:3096} INFO - Sync 3 DAGs
[2024-04-13T16:16:34.650+0000] {logging_mixin.py:188} INFO - [2024-04-13T16:16:34.650+0000] {dag.py:3954} INFO - Setting next_dagrun for example_subdag_operator to 2022-01-01 00:00:00+00:00, run_after=2022-01-01 00:00:00+00:00
[2024-04-13T16:16:34.652+0000] {logging_mixin.py:188} INFO - [2024-04-13T16:16:34.652+0000] {dag.py:3954} INFO - Setting next_dagrun for example_subdag_operator.section-1 to None, run_after=None
[2024-04-13T16:16:34.653+0000] {logging_mixin.py:188} INFO - [2024-04-13T16:16:34.653+0000] {dag.py:3954} INFO - Setting next_dagrun for example_subdag_operator.section-2 to None, run_after=None
[2024-04-13T16:16:34.655+0000] {logging_mixin.py:188} INFO - [2024-04-13T16:16:34.655+0000] {dag.py:3096} INFO - Sync 2 DAGs
[2024-04-13T16:16:34.657+0000] {logging_mixin.py:188} INFO - [2024-04-13T16:16:34.657+0000] {dag.py:3954} INFO - Setting next_dagrun for example_subdag_operator.section-1 to None, run_after=None
[2024-04-13T16:16:34.658+0000] {logging_mixin.py:188} INFO - [2024-04-13T16:16:34.658+0000] {dag.py:3954} INFO - Setting next_dagrun for example_subdag_operator.section-2 to None, run_after=None
[2024-04-13T16:16:34.662+0000] {processor.py:183} INFO - Processing /home/airflow/.local/lib/python3.12/site-packages/airflow/example_dags/example_subdag_operator.py took 0.040 seconds
[2024-04-13T16:17:05.301+0000] {processor.py:161} INFO - Started process (PID=559) to work on /home/airflow/.local/lib/python3.12/site-packages/airflow/example_dags/example_subdag_operator.py
[2024-04-13T16:17:05.301+0000] {processor.py:830} INFO - Processing file /home/airflow/.local/lib/python3.12/site-packages/airflow/example_dags/example_subdag_operator.py for tasks to queue
[2024-04-13T16:17:05.302+0000] {logging_mixin.py:188} INFO - [2024-04-13T16:17:05.302+0000] {dagbag.py:540} INFO - Filling up the DagBag from /home/airflow/.local/lib/python3.12/site-packages/airflow/example_dags/example_subdag_operator.py
[2024-04-13T16:17:05.312+0000] {processor.py:840} INFO - DAG(s) 'example_subdag_operator.section-1', 'example_subdag_operator.section-2', 'example_subdag_operator' retrieved from /home/airflow/.local/lib/python3.12/site-packages/airflow/example_dags/example_subdag_operator.py
[2024-04-13T16:17:05.319+0000] {logging_mixin.py:188} INFO - [2024-04-13T16:17:05.319+0000] {dag.py:3096} INFO - Sync 3 DAGs
[2024-04-13T16:17:05.330+0000] {logging_mixin.py:188} INFO - [2024-04-13T16:17:05.330+0000] {dag.py:3954} INFO - Setting next_dagrun for example_subdag_operator to 2022-01-01 00:00:00+00:00, run_after=2022-01-01 00:00:00+00:00
[2024-04-13T16:17:05.332+0000] {logging_mixin.py:188} INFO - [2024-04-13T16:17:05.332+0000] {dag.py:3954} INFO - Setting next_dagrun for example_subdag_operator.section-1 to None, run_after=None
[2024-04-13T16:17:05.332+0000] {logging_mixin.py:188} INFO - [2024-04-13T16:17:05.332+0000] {dag.py:3954} INFO - Setting next_dagrun for example_subdag_operator.section-2 to None, run_after=None
[2024-04-13T16:17:05.336+0000] {logging_mixin.py:188} INFO - [2024-04-13T16:17:05.336+0000] {dag.py:3096} INFO - Sync 2 DAGs
[2024-04-13T16:17:05.338+0000] {logging_mixin.py:188} INFO - [2024-04-13T16:17:05.338+0000] {dag.py:3954} INFO - Setting next_dagrun for example_subdag_operator.section-1 to None, run_after=None
[2024-04-13T16:17:05.338+0000] {logging_mixin.py:188} INFO - [2024-04-13T16:17:05.338+0000] {dag.py:3954} INFO - Setting next_dagrun for example_subdag_operator.section-2 to None, run_after=None
[2024-04-13T16:17:05.342+0000] {processor.py:183} INFO - Processing /home/airflow/.local/lib/python3.12/site-packages/airflow/example_dags/example_subdag_operator.py took 0.044 seconds
[2024-04-13T16:17:35.845+0000] {processor.py:161} INFO - Started process (PID=617) to work on /home/airflow/.local/lib/python3.12/site-packages/airflow/example_dags/example_subdag_operator.py
[2024-04-13T16:17:35.846+0000] {processor.py:830} INFO - Processing file /home/airflow/.local/lib/python3.12/site-packages/airflow/example_dags/example_subdag_operator.py for tasks to queue
[2024-04-13T16:17:35.847+0000] {logging_mixin.py:188} INFO - [2024-04-13T16:17:35.846+0000] {dagbag.py:540} INFO - Filling up the DagBag from /home/airflow/.local/lib/python3.12/site-packages/airflow/example_dags/example_subdag_operator.py
[2024-04-13T16:17:35.856+0000] {processor.py:840} INFO - DAG(s) 'example_subdag_operator.section-1', 'example_subdag_operator.section-2', 'example_subdag_operator' retrieved from /home/airflow/.local/lib/python3.12/site-packages/airflow/example_dags/example_subdag_operator.py
[2024-04-13T16:17:35.862+0000] {logging_mixin.py:188} INFO - [2024-04-13T16:17:35.862+0000] {dag.py:3096} INFO - Sync 3 DAGs
[2024-04-13T16:17:35.870+0000] {logging_mixin.py:188} INFO - [2024-04-13T16:17:35.870+0000] {dag.py:3954} INFO - Setting next_dagrun for example_subdag_operator to 2022-01-01 00:00:00+00:00, run_after=2022-01-01 00:00:00+00:00
[2024-04-13T16:17:35.872+0000] {logging_mixin.py:188} INFO - [2024-04-13T16:17:35.872+0000] {dag.py:3954} INFO - Setting next_dagrun for example_subdag_operator.section-1 to None, run_after=None
[2024-04-13T16:17:35.873+0000] {logging_mixin.py:188} INFO - [2024-04-13T16:17:35.873+0000] {dag.py:3954} INFO - Setting next_dagrun for example_subdag_operator.section-2 to None, run_after=None
[2024-04-13T16:17:35.876+0000] {logging_mixin.py:188} INFO - [2024-04-13T16:17:35.876+0000] {dag.py:3096} INFO - Sync 2 DAGs
[2024-04-13T16:17:35.878+0000] {logging_mixin.py:188} INFO - [2024-04-13T16:17:35.878+0000] {dag.py:3954} INFO - Setting next_dagrun for example_subdag_operator.section-1 to None, run_after=None
[2024-04-13T16:17:35.878+0000] {logging_mixin.py:188} INFO - [2024-04-13T16:17:35.878+0000] {dag.py:3954} INFO - Setting next_dagrun for example_subdag_operator.section-2 to None, run_after=None
[2024-04-13T16:17:35.883+0000] {processor.py:183} INFO - Processing /home/airflow/.local/lib/python3.12/site-packages/airflow/example_dags/example_subdag_operator.py took 0.040 seconds
[2024-04-13T16:18:06.488+0000] {processor.py:161} INFO - Started process (PID=675) to work on /home/airflow/.local/lib/python3.12/site-packages/airflow/example_dags/example_subdag_operator.py
[2024-04-13T16:18:06.488+0000] {processor.py:830} INFO - Processing file /home/airflow/.local/lib/python3.12/site-packages/airflow/example_dags/example_subdag_operator.py for tasks to queue
[2024-04-13T16:18:06.489+0000] {logging_mixin.py:188} INFO - [2024-04-13T16:18:06.489+0000] {dagbag.py:540} INFO - Filling up the DagBag from /home/airflow/.local/lib/python3.12/site-packages/airflow/example_dags/example_subdag_operator.py
[2024-04-13T16:18:06.499+0000] {processor.py:840} INFO - DAG(s) 'example_subdag_operator.section-1', 'example_subdag_operator.section-2', 'example_subdag_operator' retrieved from /home/airflow/.local/lib/python3.12/site-packages/airflow/example_dags/example_subdag_operator.py
[2024-04-13T16:18:06.507+0000] {logging_mixin.py:188} INFO - [2024-04-13T16:18:06.507+0000] {dag.py:3096} INFO - Sync 3 DAGs
[2024-04-13T16:18:06.517+0000] {logging_mixin.py:188} INFO - [2024-04-13T16:18:06.517+0000] {dag.py:3954} INFO - Setting next_dagrun for example_subdag_operator to 2022-01-01 00:00:00+00:00, run_after=2022-01-01 00:00:00+00:00
[2024-04-13T16:18:06.519+0000] {logging_mixin.py:188} INFO - [2024-04-13T16:18:06.519+0000] {dag.py:3954} INFO - Setting next_dagrun for example_subdag_operator.section-1 to None, run_after=None
[2024-04-13T16:18:06.520+0000] {logging_mixin.py:188} INFO - [2024-04-13T16:18:06.519+0000] {dag.py:3954} INFO - Setting next_dagrun for example_subdag_operator.section-2 to None, run_after=None
[2024-04-13T16:18:06.523+0000] {logging_mixin.py:188} INFO - [2024-04-13T16:18:06.523+0000] {dag.py:3096} INFO - Sync 2 DAGs
[2024-04-13T16:18:06.525+0000] {logging_mixin.py:188} INFO - [2024-04-13T16:18:06.525+0000] {dag.py:3954} INFO - Setting next_dagrun for example_subdag_operator.section-1 to None, run_after=None
[2024-04-13T16:18:06.525+0000] {logging_mixin.py:188} INFO - [2024-04-13T16:18:06.525+0000] {dag.py:3954} INFO - Setting next_dagrun for example_subdag_operator.section-2 to None, run_after=None
[2024-04-13T16:18:06.530+0000] {processor.py:183} INFO - Processing /home/airflow/.local/lib/python3.12/site-packages/airflow/example_dags/example_subdag_operator.py took 0.045 seconds
[2024-04-13T16:18:37.239+0000] {processor.py:161} INFO - Started process (PID=733) to work on /home/airflow/.local/lib/python3.12/site-packages/airflow/example_dags/example_subdag_operator.py
[2024-04-13T16:18:37.239+0000] {processor.py:830} INFO - Processing file /home/airflow/.local/lib/python3.12/site-packages/airflow/example_dags/example_subdag_operator.py for tasks to queue
[2024-04-13T16:18:37.240+0000] {logging_mixin.py:188} INFO - [2024-04-13T16:18:37.240+0000] {dagbag.py:540} INFO - Filling up the DagBag from /home/airflow/.local/lib/python3.12/site-packages/airflow/example_dags/example_subdag_operator.py
[2024-04-13T16:18:37.251+0000] {processor.py:840} INFO - DAG(s) 'example_subdag_operator.section-1', 'example_subdag_operator.section-2', 'example_subdag_operator' retrieved from /home/airflow/.local/lib/python3.12/site-packages/airflow/example_dags/example_subdag_operator.py
[2024-04-13T16:18:37.257+0000] {logging_mixin.py:188} INFO - [2024-04-13T16:18:37.257+0000] {dag.py:3096} INFO - Sync 3 DAGs
[2024-04-13T16:18:37.265+0000] {logging_mixin.py:188} INFO - [2024-04-13T16:18:37.265+0000] {dag.py:3954} INFO - Setting next_dagrun for example_subdag_operator to 2022-01-01 00:00:00+00:00, run_after=2022-01-01 00:00:00+00:00
[2024-04-13T16:18:37.266+0000] {logging_mixin.py:188} INFO - [2024-04-13T16:18:37.266+0000] {dag.py:3954} INFO - Setting next_dagrun for example_subdag_operator.section-1 to None, run_after=None
[2024-04-13T16:18:37.267+0000] {logging_mixin.py:188} INFO - [2024-04-13T16:18:37.267+0000] {dag.py:3954} INFO - Setting next_dagrun for example_subdag_operator.section-2 to None, run_after=None
[2024-04-13T16:18:37.270+0000] {logging_mixin.py:188} INFO - [2024-04-13T16:18:37.270+0000] {dag.py:3096} INFO - Sync 2 DAGs
[2024-04-13T16:18:37.272+0000] {logging_mixin.py:188} INFO - [2024-04-13T16:18:37.272+0000] {dag.py:3954} INFO - Setting next_dagrun for example_subdag_operator.section-1 to None, run_after=None
[2024-04-13T16:18:37.272+0000] {logging_mixin.py:188} INFO - [2024-04-13T16:18:37.272+0000] {dag.py:3954} INFO - Setting next_dagrun for example_subdag_operator.section-2 to None, run_after=None
[2024-04-13T16:18:37.276+0000] {processor.py:183} INFO - Processing /home/airflow/.local/lib/python3.12/site-packages/airflow/example_dags/example_subdag_operator.py took 0.040 seconds
[2024-04-13T16:19:07.763+0000] {processor.py:161} INFO - Started process (PID=790) to work on /home/airflow/.local/lib/python3.12/site-packages/airflow/example_dags/example_subdag_operator.py
[2024-04-13T16:19:07.764+0000] {processor.py:830} INFO - Processing file /home/airflow/.local/lib/python3.12/site-packages/airflow/example_dags/example_subdag_operator.py for tasks to queue
[2024-04-13T16:19:07.765+0000] {logging_mixin.py:188} INFO - [2024-04-13T16:19:07.765+0000] {dagbag.py:540} INFO - Filling up the DagBag from /home/airflow/.local/lib/python3.12/site-packages/airflow/example_dags/example_subdag_operator.py
[2024-04-13T16:19:07.776+0000] {processor.py:840} INFO - DAG(s) 'example_subdag_operator.section-1', 'example_subdag_operator.section-2', 'example_subdag_operator' retrieved from /home/airflow/.local/lib/python3.12/site-packages/airflow/example_dags/example_subdag_operator.py
[2024-04-13T16:19:07.782+0000] {logging_mixin.py:188} INFO - [2024-04-13T16:19:07.782+0000] {dag.py:3096} INFO - Sync 3 DAGs
[2024-04-13T16:19:07.791+0000] {logging_mixin.py:188} INFO - [2024-04-13T16:19:07.791+0000] {dag.py:3954} INFO - Setting next_dagrun for example_subdag_operator to 2022-01-01 00:00:00+00:00, run_after=2022-01-01 00:00:00+00:00
[2024-04-13T16:19:07.792+0000] {logging_mixin.py:188} INFO - [2024-04-13T16:19:07.792+0000] {dag.py:3954} INFO - Setting next_dagrun for example_subdag_operator.section-1 to None, run_after=None
[2024-04-13T16:19:07.793+0000] {logging_mixin.py:188} INFO - [2024-04-13T16:19:07.793+0000] {dag.py:3954} INFO - Setting next_dagrun for example_subdag_operator.section-2 to None, run_after=None
[2024-04-13T16:19:07.796+0000] {logging_mixin.py:188} INFO - [2024-04-13T16:19:07.796+0000] {dag.py:3096} INFO - Sync 2 DAGs
[2024-04-13T16:19:07.798+0000] {logging_mixin.py:188} INFO - [2024-04-13T16:19:07.798+0000] {dag.py:3954} INFO - Setting next_dagrun for example_subdag_operator.section-1 to None, run_after=None
[2024-04-13T16:19:07.798+0000] {logging_mixin.py:188} INFO - [2024-04-13T16:19:07.798+0000] {dag.py:3954} INFO - Setting next_dagrun for example_subdag_operator.section-2 to None, run_after=None
[2024-04-13T16:19:07.802+0000] {processor.py:183} INFO - Processing /home/airflow/.local/lib/python3.12/site-packages/airflow/example_dags/example_subdag_operator.py took 0.042 seconds
