[2024-04-13T16:12:30.279+0000] {processor.py:161} INFO - Started process (PID=34) to work on /home/airflow/.local/lib/python3.12/site-packages/airflow/example_dags/example_skip_dag.py
[2024-04-13T16:12:30.280+0000] {processor.py:830} INFO - Processing file /home/airflow/.local/lib/python3.12/site-packages/airflow/example_dags/example_skip_dag.py for tasks to queue
[2024-04-13T16:12:30.281+0000] {logging_mixin.py:188} INFO - [2024-04-13T16:12:30.281+0000] {dagbag.py:540} INFO - Filling up the DagBag from /home/airflow/.local/lib/python3.12/site-packages/airflow/example_dags/example_skip_dag.py
[2024-04-13T16:12:30.287+0000] {processor.py:840} INFO - DAG(s) 'example_skip_dag' retrieved from /home/airflow/.local/lib/python3.12/site-packages/airflow/example_dags/example_skip_dag.py
[2024-04-13T16:12:30.297+0000] {logging_mixin.py:188} INFO - [2024-04-13T16:12:30.297+0000] {dag.py:3096} INFO - Sync 1 DAGs
[2024-04-13T16:12:30.313+0000] {logging_mixin.py:188} INFO - [2024-04-13T16:12:30.313+0000] {dag.py:3954} INFO - Setting next_dagrun for example_skip_dag to 2024-04-12 00:00:00+00:00, run_after=2024-04-13 00:00:00+00:00
[2024-04-13T16:12:30.330+0000] {processor.py:183} INFO - Processing /home/airflow/.local/lib/python3.12/site-packages/airflow/example_dags/example_skip_dag.py took 0.054 seconds
[2024-04-13T16:13:01.164+0000] {processor.py:161} INFO - Started process (PID=92) to work on /home/airflow/.local/lib/python3.12/site-packages/airflow/example_dags/example_skip_dag.py
[2024-04-13T16:13:01.165+0000] {processor.py:830} INFO - Processing file /home/airflow/.local/lib/python3.12/site-packages/airflow/example_dags/example_skip_dag.py for tasks to queue
[2024-04-13T16:13:01.166+0000] {logging_mixin.py:188} INFO - [2024-04-13T16:13:01.166+0000] {dagbag.py:540} INFO - Filling up the DagBag from /home/airflow/.local/lib/python3.12/site-packages/airflow/example_dags/example_skip_dag.py
[2024-04-13T16:13:01.169+0000] {processor.py:840} INFO - DAG(s) 'example_skip_dag' retrieved from /home/airflow/.local/lib/python3.12/site-packages/airflow/example_dags/example_skip_dag.py
[2024-04-13T16:13:01.209+0000] {logging_mixin.py:188} INFO - [2024-04-13T16:13:01.208+0000] {dag.py:3096} INFO - Sync 1 DAGs
[2024-04-13T16:13:01.216+0000] {logging_mixin.py:188} INFO - [2024-04-13T16:13:01.216+0000] {dag.py:3954} INFO - Setting next_dagrun for example_skip_dag to 2024-04-12 00:00:00+00:00, run_after=2024-04-13 00:00:00+00:00
[2024-04-13T16:13:01.223+0000] {processor.py:183} INFO - Processing /home/airflow/.local/lib/python3.12/site-packages/airflow/example_dags/example_skip_dag.py took 0.061 seconds
[2024-04-13T16:13:31.522+0000] {processor.py:161} INFO - Started process (PID=150) to work on /home/airflow/.local/lib/python3.12/site-packages/airflow/example_dags/example_skip_dag.py
[2024-04-13T16:13:31.523+0000] {processor.py:830} INFO - Processing file /home/airflow/.local/lib/python3.12/site-packages/airflow/example_dags/example_skip_dag.py for tasks to queue
[2024-04-13T16:13:31.523+0000] {logging_mixin.py:188} INFO - [2024-04-13T16:13:31.523+0000] {dagbag.py:540} INFO - Filling up the DagBag from /home/airflow/.local/lib/python3.12/site-packages/airflow/example_dags/example_skip_dag.py
[2024-04-13T16:13:31.526+0000] {processor.py:840} INFO - DAG(s) 'example_skip_dag' retrieved from /home/airflow/.local/lib/python3.12/site-packages/airflow/example_dags/example_skip_dag.py
[2024-04-13T16:13:31.535+0000] {logging_mixin.py:188} INFO - [2024-04-13T16:13:31.535+0000] {dag.py:3096} INFO - Sync 1 DAGs
[2024-04-13T16:13:31.544+0000] {logging_mixin.py:188} INFO - [2024-04-13T16:13:31.544+0000] {dag.py:3954} INFO - Setting next_dagrun for example_skip_dag to 2024-04-12 00:00:00+00:00, run_after=2024-04-13 00:00:00+00:00
[2024-04-13T16:13:31.551+0000] {processor.py:183} INFO - Processing /home/airflow/.local/lib/python3.12/site-packages/airflow/example_dags/example_skip_dag.py took 0.031 seconds
[2024-04-13T16:14:01.956+0000] {processor.py:161} INFO - Started process (PID=208) to work on /home/airflow/.local/lib/python3.12/site-packages/airflow/example_dags/example_skip_dag.py
[2024-04-13T16:14:01.956+0000] {processor.py:830} INFO - Processing file /home/airflow/.local/lib/python3.12/site-packages/airflow/example_dags/example_skip_dag.py for tasks to queue
[2024-04-13T16:14:01.957+0000] {logging_mixin.py:188} INFO - [2024-04-13T16:14:01.957+0000] {dagbag.py:540} INFO - Filling up the DagBag from /home/airflow/.local/lib/python3.12/site-packages/airflow/example_dags/example_skip_dag.py
[2024-04-13T16:14:01.959+0000] {processor.py:840} INFO - DAG(s) 'example_skip_dag' retrieved from /home/airflow/.local/lib/python3.12/site-packages/airflow/example_dags/example_skip_dag.py
[2024-04-13T16:14:01.968+0000] {logging_mixin.py:188} INFO - [2024-04-13T16:14:01.967+0000] {dag.py:3096} INFO - Sync 1 DAGs
[2024-04-13T16:14:01.976+0000] {logging_mixin.py:188} INFO - [2024-04-13T16:14:01.976+0000] {dag.py:3954} INFO - Setting next_dagrun for example_skip_dag to 2024-04-12 00:00:00+00:00, run_after=2024-04-13 00:00:00+00:00
[2024-04-13T16:14:01.983+0000] {processor.py:183} INFO - Processing /home/airflow/.local/lib/python3.12/site-packages/airflow/example_dags/example_skip_dag.py took 0.030 seconds
[2024-04-13T16:14:32.461+0000] {processor.py:161} INFO - Started process (PID=266) to work on /home/airflow/.local/lib/python3.12/site-packages/airflow/example_dags/example_skip_dag.py
[2024-04-13T16:14:32.462+0000] {processor.py:830} INFO - Processing file /home/airflow/.local/lib/python3.12/site-packages/airflow/example_dags/example_skip_dag.py for tasks to queue
[2024-04-13T16:14:32.463+0000] {logging_mixin.py:188} INFO - [2024-04-13T16:14:32.462+0000] {dagbag.py:540} INFO - Filling up the DagBag from /home/airflow/.local/lib/python3.12/site-packages/airflow/example_dags/example_skip_dag.py
[2024-04-13T16:14:32.465+0000] {processor.py:840} INFO - DAG(s) 'example_skip_dag' retrieved from /home/airflow/.local/lib/python3.12/site-packages/airflow/example_dags/example_skip_dag.py
[2024-04-13T16:14:32.473+0000] {logging_mixin.py:188} INFO - [2024-04-13T16:14:32.473+0000] {dag.py:3096} INFO - Sync 1 DAGs
[2024-04-13T16:14:32.481+0000] {logging_mixin.py:188} INFO - [2024-04-13T16:14:32.481+0000] {dag.py:3954} INFO - Setting next_dagrun for example_skip_dag to 2024-04-12 00:00:00+00:00, run_after=2024-04-13 00:00:00+00:00
[2024-04-13T16:14:32.487+0000] {processor.py:183} INFO - Processing /home/airflow/.local/lib/python3.12/site-packages/airflow/example_dags/example_skip_dag.py took 0.028 seconds
[2024-04-13T16:15:02.963+0000] {processor.py:161} INFO - Started process (PID=324) to work on /home/airflow/.local/lib/python3.12/site-packages/airflow/example_dags/example_skip_dag.py
[2024-04-13T16:15:02.963+0000] {processor.py:830} INFO - Processing file /home/airflow/.local/lib/python3.12/site-packages/airflow/example_dags/example_skip_dag.py for tasks to queue
[2024-04-13T16:15:02.964+0000] {logging_mixin.py:188} INFO - [2024-04-13T16:15:02.964+0000] {dagbag.py:540} INFO - Filling up the DagBag from /home/airflow/.local/lib/python3.12/site-packages/airflow/example_dags/example_skip_dag.py
[2024-04-13T16:15:02.966+0000] {processor.py:840} INFO - DAG(s) 'example_skip_dag' retrieved from /home/airflow/.local/lib/python3.12/site-packages/airflow/example_dags/example_skip_dag.py
[2024-04-13T16:15:02.975+0000] {logging_mixin.py:188} INFO - [2024-04-13T16:15:02.975+0000] {dag.py:3096} INFO - Sync 1 DAGs
[2024-04-13T16:15:02.983+0000] {logging_mixin.py:188} INFO - [2024-04-13T16:15:02.983+0000] {dag.py:3954} INFO - Setting next_dagrun for example_skip_dag to 2024-04-12 00:00:00+00:00, run_after=2024-04-13 00:00:00+00:00
[2024-04-13T16:15:02.990+0000] {processor.py:183} INFO - Processing /home/airflow/.local/lib/python3.12/site-packages/airflow/example_dags/example_skip_dag.py took 0.030 seconds
[2024-04-13T16:15:33.444+0000] {processor.py:161} INFO - Started process (PID=382) to work on /home/airflow/.local/lib/python3.12/site-packages/airflow/example_dags/example_skip_dag.py
[2024-04-13T16:15:33.444+0000] {processor.py:830} INFO - Processing file /home/airflow/.local/lib/python3.12/site-packages/airflow/example_dags/example_skip_dag.py for tasks to queue
[2024-04-13T16:15:33.445+0000] {logging_mixin.py:188} INFO - [2024-04-13T16:15:33.445+0000] {dagbag.py:540} INFO - Filling up the DagBag from /home/airflow/.local/lib/python3.12/site-packages/airflow/example_dags/example_skip_dag.py
[2024-04-13T16:15:33.448+0000] {processor.py:840} INFO - DAG(s) 'example_skip_dag' retrieved from /home/airflow/.local/lib/python3.12/site-packages/airflow/example_dags/example_skip_dag.py
[2024-04-13T16:15:33.457+0000] {logging_mixin.py:188} INFO - [2024-04-13T16:15:33.457+0000] {dag.py:3096} INFO - Sync 1 DAGs
[2024-04-13T16:15:33.465+0000] {logging_mixin.py:188} INFO - [2024-04-13T16:15:33.465+0000] {dag.py:3954} INFO - Setting next_dagrun for example_skip_dag to 2024-04-12 00:00:00+00:00, run_after=2024-04-13 00:00:00+00:00
[2024-04-13T16:15:33.472+0000] {processor.py:183} INFO - Processing /home/airflow/.local/lib/python3.12/site-packages/airflow/example_dags/example_skip_dag.py took 0.030 seconds
[2024-04-13T16:16:03.961+0000] {processor.py:161} INFO - Started process (PID=440) to work on /home/airflow/.local/lib/python3.12/site-packages/airflow/example_dags/example_skip_dag.py
[2024-04-13T16:16:03.962+0000] {processor.py:830} INFO - Processing file /home/airflow/.local/lib/python3.12/site-packages/airflow/example_dags/example_skip_dag.py for tasks to queue
[2024-04-13T16:16:03.963+0000] {logging_mixin.py:188} INFO - [2024-04-13T16:16:03.962+0000] {dagbag.py:540} INFO - Filling up the DagBag from /home/airflow/.local/lib/python3.12/site-packages/airflow/example_dags/example_skip_dag.py
[2024-04-13T16:16:03.965+0000] {processor.py:840} INFO - DAG(s) 'example_skip_dag' retrieved from /home/airflow/.local/lib/python3.12/site-packages/airflow/example_dags/example_skip_dag.py
[2024-04-13T16:16:03.973+0000] {logging_mixin.py:188} INFO - [2024-04-13T16:16:03.973+0000] {dag.py:3096} INFO - Sync 1 DAGs
[2024-04-13T16:16:03.981+0000] {logging_mixin.py:188} INFO - [2024-04-13T16:16:03.981+0000] {dag.py:3954} INFO - Setting next_dagrun for example_skip_dag to 2024-04-12 00:00:00+00:00, run_after=2024-04-13 00:00:00+00:00
[2024-04-13T16:16:03.987+0000] {processor.py:183} INFO - Processing /home/airflow/.local/lib/python3.12/site-packages/airflow/example_dags/example_skip_dag.py took 0.028 seconds
[2024-04-13T16:16:34.546+0000] {processor.py:161} INFO - Started process (PID=498) to work on /home/airflow/.local/lib/python3.12/site-packages/airflow/example_dags/example_skip_dag.py
[2024-04-13T16:16:34.546+0000] {processor.py:830} INFO - Processing file /home/airflow/.local/lib/python3.12/site-packages/airflow/example_dags/example_skip_dag.py for tasks to queue
[2024-04-13T16:16:34.547+0000] {logging_mixin.py:188} INFO - [2024-04-13T16:16:34.547+0000] {dagbag.py:540} INFO - Filling up the DagBag from /home/airflow/.local/lib/python3.12/site-packages/airflow/example_dags/example_skip_dag.py
[2024-04-13T16:16:34.550+0000] {processor.py:840} INFO - DAG(s) 'example_skip_dag' retrieved from /home/airflow/.local/lib/python3.12/site-packages/airflow/example_dags/example_skip_dag.py
[2024-04-13T16:16:34.559+0000] {logging_mixin.py:188} INFO - [2024-04-13T16:16:34.559+0000] {dag.py:3096} INFO - Sync 1 DAGs
[2024-04-13T16:16:34.570+0000] {logging_mixin.py:188} INFO - [2024-04-13T16:16:34.570+0000] {dag.py:3954} INFO - Setting next_dagrun for example_skip_dag to 2024-04-12 00:00:00+00:00, run_after=2024-04-13 00:00:00+00:00
[2024-04-13T16:16:34.577+0000] {processor.py:183} INFO - Processing /home/airflow/.local/lib/python3.12/site-packages/airflow/example_dags/example_skip_dag.py took 0.034 seconds
[2024-04-13T16:17:05.223+0000] {processor.py:161} INFO - Started process (PID=556) to work on /home/airflow/.local/lib/python3.12/site-packages/airflow/example_dags/example_skip_dag.py
[2024-04-13T16:17:05.223+0000] {processor.py:830} INFO - Processing file /home/airflow/.local/lib/python3.12/site-packages/airflow/example_dags/example_skip_dag.py for tasks to queue
[2024-04-13T16:17:05.224+0000] {logging_mixin.py:188} INFO - [2024-04-13T16:17:05.224+0000] {dagbag.py:540} INFO - Filling up the DagBag from /home/airflow/.local/lib/python3.12/site-packages/airflow/example_dags/example_skip_dag.py
[2024-04-13T16:17:05.227+0000] {processor.py:840} INFO - DAG(s) 'example_skip_dag' retrieved from /home/airflow/.local/lib/python3.12/site-packages/airflow/example_dags/example_skip_dag.py
[2024-04-13T16:17:05.235+0000] {logging_mixin.py:188} INFO - [2024-04-13T16:17:05.235+0000] {dag.py:3096} INFO - Sync 1 DAGs
[2024-04-13T16:17:05.242+0000] {logging_mixin.py:188} INFO - [2024-04-13T16:17:05.242+0000] {dag.py:3954} INFO - Setting next_dagrun for example_skip_dag to 2024-04-12 00:00:00+00:00, run_after=2024-04-13 00:00:00+00:00
[2024-04-13T16:17:05.249+0000] {processor.py:183} INFO - Processing /home/airflow/.local/lib/python3.12/site-packages/airflow/example_dags/example_skip_dag.py took 0.028 seconds
[2024-04-13T16:17:35.770+0000] {processor.py:161} INFO - Started process (PID=614) to work on /home/airflow/.local/lib/python3.12/site-packages/airflow/example_dags/example_skip_dag.py
[2024-04-13T16:17:35.770+0000] {processor.py:830} INFO - Processing file /home/airflow/.local/lib/python3.12/site-packages/airflow/example_dags/example_skip_dag.py for tasks to queue
[2024-04-13T16:17:35.771+0000] {logging_mixin.py:188} INFO - [2024-04-13T16:17:35.771+0000] {dagbag.py:540} INFO - Filling up the DagBag from /home/airflow/.local/lib/python3.12/site-packages/airflow/example_dags/example_skip_dag.py
[2024-04-13T16:17:35.774+0000] {processor.py:840} INFO - DAG(s) 'example_skip_dag' retrieved from /home/airflow/.local/lib/python3.12/site-packages/airflow/example_dags/example_skip_dag.py
[2024-04-13T16:17:35.782+0000] {logging_mixin.py:188} INFO - [2024-04-13T16:17:35.782+0000] {dag.py:3096} INFO - Sync 1 DAGs
[2024-04-13T16:17:35.790+0000] {logging_mixin.py:188} INFO - [2024-04-13T16:17:35.790+0000] {dag.py:3954} INFO - Setting next_dagrun for example_skip_dag to 2024-04-12 00:00:00+00:00, run_after=2024-04-13 00:00:00+00:00
[2024-04-13T16:17:35.796+0000] {processor.py:183} INFO - Processing /home/airflow/.local/lib/python3.12/site-packages/airflow/example_dags/example_skip_dag.py took 0.029 seconds
[2024-04-13T16:18:06.402+0000] {processor.py:161} INFO - Started process (PID=672) to work on /home/airflow/.local/lib/python3.12/site-packages/airflow/example_dags/example_skip_dag.py
[2024-04-13T16:18:06.402+0000] {processor.py:830} INFO - Processing file /home/airflow/.local/lib/python3.12/site-packages/airflow/example_dags/example_skip_dag.py for tasks to queue
[2024-04-13T16:18:06.403+0000] {logging_mixin.py:188} INFO - [2024-04-13T16:18:06.403+0000] {dagbag.py:540} INFO - Filling up the DagBag from /home/airflow/.local/lib/python3.12/site-packages/airflow/example_dags/example_skip_dag.py
[2024-04-13T16:18:06.406+0000] {processor.py:840} INFO - DAG(s) 'example_skip_dag' retrieved from /home/airflow/.local/lib/python3.12/site-packages/airflow/example_dags/example_skip_dag.py
[2024-04-13T16:18:06.415+0000] {logging_mixin.py:188} INFO - [2024-04-13T16:18:06.414+0000] {dag.py:3096} INFO - Sync 1 DAGs
[2024-04-13T16:18:06.422+0000] {logging_mixin.py:188} INFO - [2024-04-13T16:18:06.422+0000] {dag.py:3954} INFO - Setting next_dagrun for example_skip_dag to 2024-04-12 00:00:00+00:00, run_after=2024-04-13 00:00:00+00:00
[2024-04-13T16:18:06.429+0000] {processor.py:183} INFO - Processing /home/airflow/.local/lib/python3.12/site-packages/airflow/example_dags/example_skip_dag.py took 0.030 seconds
[2024-04-13T16:18:37.016+0000] {processor.py:161} INFO - Started process (PID=730) to work on /home/airflow/.local/lib/python3.12/site-packages/airflow/example_dags/example_skip_dag.py
[2024-04-13T16:18:37.016+0000] {processor.py:830} INFO - Processing file /home/airflow/.local/lib/python3.12/site-packages/airflow/example_dags/example_skip_dag.py for tasks to queue
[2024-04-13T16:18:37.017+0000] {logging_mixin.py:188} INFO - [2024-04-13T16:18:37.017+0000] {dagbag.py:540} INFO - Filling up the DagBag from /home/airflow/.local/lib/python3.12/site-packages/airflow/example_dags/example_skip_dag.py
[2024-04-13T16:18:37.020+0000] {processor.py:840} INFO - DAG(s) 'example_skip_dag' retrieved from /home/airflow/.local/lib/python3.12/site-packages/airflow/example_dags/example_skip_dag.py
[2024-04-13T16:18:37.031+0000] {logging_mixin.py:188} INFO - [2024-04-13T16:18:37.031+0000] {dag.py:3096} INFO - Sync 1 DAGs
[2024-04-13T16:18:37.041+0000] {logging_mixin.py:188} INFO - [2024-04-13T16:18:37.041+0000] {dag.py:3954} INFO - Setting next_dagrun for example_skip_dag to 2024-04-12 00:00:00+00:00, run_after=2024-04-13 00:00:00+00:00
[2024-04-13T16:18:37.050+0000] {processor.py:183} INFO - Processing /home/airflow/.local/lib/python3.12/site-packages/airflow/example_dags/example_skip_dag.py took 0.037 seconds
[2024-04-13T16:19:07.685+0000] {processor.py:161} INFO - Started process (PID=787) to work on /home/airflow/.local/lib/python3.12/site-packages/airflow/example_dags/example_skip_dag.py
[2024-04-13T16:19:07.686+0000] {processor.py:830} INFO - Processing file /home/airflow/.local/lib/python3.12/site-packages/airflow/example_dags/example_skip_dag.py for tasks to queue
[2024-04-13T16:19:07.687+0000] {logging_mixin.py:188} INFO - [2024-04-13T16:19:07.686+0000] {dagbag.py:540} INFO - Filling up the DagBag from /home/airflow/.local/lib/python3.12/site-packages/airflow/example_dags/example_skip_dag.py
[2024-04-13T16:19:07.689+0000] {processor.py:840} INFO - DAG(s) 'example_skip_dag' retrieved from /home/airflow/.local/lib/python3.12/site-packages/airflow/example_dags/example_skip_dag.py
[2024-04-13T16:19:07.698+0000] {logging_mixin.py:188} INFO - [2024-04-13T16:19:07.698+0000] {dag.py:3096} INFO - Sync 1 DAGs
[2024-04-13T16:19:07.707+0000] {logging_mixin.py:188} INFO - [2024-04-13T16:19:07.707+0000] {dag.py:3954} INFO - Setting next_dagrun for example_skip_dag to 2024-04-12 00:00:00+00:00, run_after=2024-04-13 00:00:00+00:00
[2024-04-13T16:19:07.714+0000] {processor.py:183} INFO - Processing /home/airflow/.local/lib/python3.12/site-packages/airflow/example_dags/example_skip_dag.py took 0.031 seconds
[2024-04-13T16:19:37.820+0000] {processor.py:161} INFO - Started process (PID=845) to work on /home/airflow/.local/lib/python3.12/site-packages/airflow/example_dags/example_skip_dag.py
[2024-04-13T16:19:37.820+0000] {processor.py:830} INFO - Processing file /home/airflow/.local/lib/python3.12/site-packages/airflow/example_dags/example_skip_dag.py for tasks to queue
[2024-04-13T16:19:37.821+0000] {logging_mixin.py:188} INFO - [2024-04-13T16:19:37.821+0000] {dagbag.py:540} INFO - Filling up the DagBag from /home/airflow/.local/lib/python3.12/site-packages/airflow/example_dags/example_skip_dag.py
[2024-04-13T16:19:37.824+0000] {processor.py:840} INFO - DAG(s) 'example_skip_dag' retrieved from /home/airflow/.local/lib/python3.12/site-packages/airflow/example_dags/example_skip_dag.py
[2024-04-13T16:19:37.833+0000] {logging_mixin.py:188} INFO - [2024-04-13T16:19:37.833+0000] {dag.py:3096} INFO - Sync 1 DAGs
[2024-04-13T16:19:37.841+0000] {logging_mixin.py:188} INFO - [2024-04-13T16:19:37.841+0000] {dag.py:3954} INFO - Setting next_dagrun for example_skip_dag to 2024-04-12 00:00:00+00:00, run_after=2024-04-13 00:00:00+00:00
[2024-04-13T16:19:37.848+0000] {processor.py:183} INFO - Processing /home/airflow/.local/lib/python3.12/site-packages/airflow/example_dags/example_skip_dag.py took 0.031 seconds
[2024-04-13T16:20:07.921+0000] {processor.py:161} INFO - Started process (PID=903) to work on /home/airflow/.local/lib/python3.12/site-packages/airflow/example_dags/example_skip_dag.py
[2024-04-13T16:20:07.922+0000] {processor.py:830} INFO - Processing file /home/airflow/.local/lib/python3.12/site-packages/airflow/example_dags/example_skip_dag.py for tasks to queue
[2024-04-13T16:20:07.922+0000] {logging_mixin.py:188} INFO - [2024-04-13T16:20:07.922+0000] {dagbag.py:540} INFO - Filling up the DagBag from /home/airflow/.local/lib/python3.12/site-packages/airflow/example_dags/example_skip_dag.py
[2024-04-13T16:20:07.925+0000] {processor.py:840} INFO - DAG(s) 'example_skip_dag' retrieved from /home/airflow/.local/lib/python3.12/site-packages/airflow/example_dags/example_skip_dag.py
[2024-04-13T16:20:07.933+0000] {logging_mixin.py:188} INFO - [2024-04-13T16:20:07.933+0000] {dag.py:3096} INFO - Sync 1 DAGs
[2024-04-13T16:20:07.941+0000] {logging_mixin.py:188} INFO - [2024-04-13T16:20:07.941+0000] {dag.py:3954} INFO - Setting next_dagrun for example_skip_dag to 2024-04-12 00:00:00+00:00, run_after=2024-04-13 00:00:00+00:00
[2024-04-13T16:20:07.947+0000] {processor.py:183} INFO - Processing /home/airflow/.local/lib/python3.12/site-packages/airflow/example_dags/example_skip_dag.py took 0.028 seconds
[2024-04-13T16:20:38.126+0000] {processor.py:161} INFO - Started process (PID=961) to work on /home/airflow/.local/lib/python3.12/site-packages/airflow/example_dags/example_skip_dag.py
[2024-04-13T16:20:38.126+0000] {processor.py:830} INFO - Processing file /home/airflow/.local/lib/python3.12/site-packages/airflow/example_dags/example_skip_dag.py for tasks to queue
[2024-04-13T16:20:38.127+0000] {logging_mixin.py:188} INFO - [2024-04-13T16:20:38.127+0000] {dagbag.py:540} INFO - Filling up the DagBag from /home/airflow/.local/lib/python3.12/site-packages/airflow/example_dags/example_skip_dag.py
[2024-04-13T16:20:38.129+0000] {processor.py:840} INFO - DAG(s) 'example_skip_dag' retrieved from /home/airflow/.local/lib/python3.12/site-packages/airflow/example_dags/example_skip_dag.py
[2024-04-13T16:20:38.137+0000] {logging_mixin.py:188} INFO - [2024-04-13T16:20:38.137+0000] {dag.py:3096} INFO - Sync 1 DAGs
[2024-04-13T16:20:38.145+0000] {logging_mixin.py:188} INFO - [2024-04-13T16:20:38.145+0000] {dag.py:3954} INFO - Setting next_dagrun for example_skip_dag to 2024-04-12 00:00:00+00:00, run_after=2024-04-13 00:00:00+00:00
[2024-04-13T16:20:38.151+0000] {processor.py:183} INFO - Processing /home/airflow/.local/lib/python3.12/site-packages/airflow/example_dags/example_skip_dag.py took 0.028 seconds
[2024-04-13T16:21:09.104+0000] {processor.py:161} INFO - Started process (PID=1019) to work on /home/airflow/.local/lib/python3.12/site-packages/airflow/example_dags/example_skip_dag.py
[2024-04-13T16:21:09.104+0000] {processor.py:830} INFO - Processing file /home/airflow/.local/lib/python3.12/site-packages/airflow/example_dags/example_skip_dag.py for tasks to queue
[2024-04-13T16:21:09.105+0000] {logging_mixin.py:188} INFO - [2024-04-13T16:21:09.105+0000] {dagbag.py:540} INFO - Filling up the DagBag from /home/airflow/.local/lib/python3.12/site-packages/airflow/example_dags/example_skip_dag.py
[2024-04-13T16:21:09.108+0000] {processor.py:840} INFO - DAG(s) 'example_skip_dag' retrieved from /home/airflow/.local/lib/python3.12/site-packages/airflow/example_dags/example_skip_dag.py
[2024-04-13T16:21:09.117+0000] {logging_mixin.py:188} INFO - [2024-04-13T16:21:09.117+0000] {dag.py:3096} INFO - Sync 1 DAGs
[2024-04-13T16:21:09.208+0000] {logging_mixin.py:188} INFO - [2024-04-13T16:21:09.207+0000] {dag.py:3954} INFO - Setting next_dagrun for example_skip_dag to 2024-04-12 00:00:00+00:00, run_after=2024-04-13 00:00:00+00:00
[2024-04-13T16:21:09.214+0000] {processor.py:183} INFO - Processing /home/airflow/.local/lib/python3.12/site-packages/airflow/example_dags/example_skip_dag.py took 0.112 seconds
[2024-04-13T16:21:40.091+0000] {processor.py:161} INFO - Started process (PID=1077) to work on /home/airflow/.local/lib/python3.12/site-packages/airflow/example_dags/example_skip_dag.py
[2024-04-13T16:21:40.091+0000] {processor.py:830} INFO - Processing file /home/airflow/.local/lib/python3.12/site-packages/airflow/example_dags/example_skip_dag.py for tasks to queue
[2024-04-13T16:21:40.092+0000] {logging_mixin.py:188} INFO - [2024-04-13T16:21:40.092+0000] {dagbag.py:540} INFO - Filling up the DagBag from /home/airflow/.local/lib/python3.12/site-packages/airflow/example_dags/example_skip_dag.py
[2024-04-13T16:21:40.094+0000] {processor.py:840} INFO - DAG(s) 'example_skip_dag' retrieved from /home/airflow/.local/lib/python3.12/site-packages/airflow/example_dags/example_skip_dag.py
[2024-04-13T16:21:40.103+0000] {logging_mixin.py:188} INFO - [2024-04-13T16:21:40.103+0000] {dag.py:3096} INFO - Sync 1 DAGs
[2024-04-13T16:21:40.176+0000] {logging_mixin.py:188} INFO - [2024-04-13T16:21:40.176+0000] {dag.py:3954} INFO - Setting next_dagrun for example_skip_dag to 2024-04-12 00:00:00+00:00, run_after=2024-04-13 00:00:00+00:00
[2024-04-13T16:21:40.183+0000] {processor.py:183} INFO - Processing /home/airflow/.local/lib/python3.12/site-packages/airflow/example_dags/example_skip_dag.py took 0.095 seconds
[2024-04-13T16:22:10.606+0000] {processor.py:161} INFO - Started process (PID=1135) to work on /home/airflow/.local/lib/python3.12/site-packages/airflow/example_dags/example_skip_dag.py
[2024-04-13T16:22:10.607+0000] {processor.py:830} INFO - Processing file /home/airflow/.local/lib/python3.12/site-packages/airflow/example_dags/example_skip_dag.py for tasks to queue
[2024-04-13T16:22:10.608+0000] {logging_mixin.py:188} INFO - [2024-04-13T16:22:10.608+0000] {dagbag.py:540} INFO - Filling up the DagBag from /home/airflow/.local/lib/python3.12/site-packages/airflow/example_dags/example_skip_dag.py
[2024-04-13T16:22:10.611+0000] {processor.py:840} INFO - DAG(s) 'example_skip_dag' retrieved from /home/airflow/.local/lib/python3.12/site-packages/airflow/example_dags/example_skip_dag.py
[2024-04-13T16:22:10.622+0000] {logging_mixin.py:188} INFO - [2024-04-13T16:22:10.622+0000] {dag.py:3096} INFO - Sync 1 DAGs
[2024-04-13T16:22:10.632+0000] {logging_mixin.py:188} INFO - [2024-04-13T16:22:10.632+0000] {dag.py:3954} INFO - Setting next_dagrun for example_skip_dag to 2024-04-12 00:00:00+00:00, run_after=2024-04-13 00:00:00+00:00
[2024-04-13T16:22:10.639+0000] {processor.py:183} INFO - Processing /home/airflow/.local/lib/python3.12/site-packages/airflow/example_dags/example_skip_dag.py took 0.036 seconds
[2024-04-13T16:22:41.167+0000] {processor.py:161} INFO - Started process (PID=1193) to work on /home/airflow/.local/lib/python3.12/site-packages/airflow/example_dags/example_skip_dag.py
[2024-04-13T16:22:41.168+0000] {processor.py:830} INFO - Processing file /home/airflow/.local/lib/python3.12/site-packages/airflow/example_dags/example_skip_dag.py for tasks to queue
[2024-04-13T16:22:41.169+0000] {logging_mixin.py:188} INFO - [2024-04-13T16:22:41.169+0000] {dagbag.py:540} INFO - Filling up the DagBag from /home/airflow/.local/lib/python3.12/site-packages/airflow/example_dags/example_skip_dag.py
[2024-04-13T16:22:41.172+0000] {processor.py:840} INFO - DAG(s) 'example_skip_dag' retrieved from /home/airflow/.local/lib/python3.12/site-packages/airflow/example_dags/example_skip_dag.py
[2024-04-13T16:22:41.181+0000] {logging_mixin.py:188} INFO - [2024-04-13T16:22:41.181+0000] {dag.py:3096} INFO - Sync 1 DAGs
[2024-04-13T16:22:41.191+0000] {logging_mixin.py:188} INFO - [2024-04-13T16:22:41.190+0000] {dag.py:3954} INFO - Setting next_dagrun for example_skip_dag to 2024-04-12 00:00:00+00:00, run_after=2024-04-13 00:00:00+00:00
[2024-04-13T16:22:41.197+0000] {processor.py:183} INFO - Processing /home/airflow/.local/lib/python3.12/site-packages/airflow/example_dags/example_skip_dag.py took 0.033 seconds
[2024-04-13T16:23:11.808+0000] {processor.py:161} INFO - Started process (PID=1251) to work on /home/airflow/.local/lib/python3.12/site-packages/airflow/example_dags/example_skip_dag.py
[2024-04-13T16:23:11.808+0000] {processor.py:830} INFO - Processing file /home/airflow/.local/lib/python3.12/site-packages/airflow/example_dags/example_skip_dag.py for tasks to queue
[2024-04-13T16:23:11.810+0000] {logging_mixin.py:188} INFO - [2024-04-13T16:23:11.809+0000] {dagbag.py:540} INFO - Filling up the DagBag from /home/airflow/.local/lib/python3.12/site-packages/airflow/example_dags/example_skip_dag.py
[2024-04-13T16:23:11.813+0000] {processor.py:840} INFO - DAG(s) 'example_skip_dag' retrieved from /home/airflow/.local/lib/python3.12/site-packages/airflow/example_dags/example_skip_dag.py
[2024-04-13T16:23:11.826+0000] {logging_mixin.py:188} INFO - [2024-04-13T16:23:11.826+0000] {dag.py:3096} INFO - Sync 1 DAGs
[2024-04-13T16:23:11.839+0000] {logging_mixin.py:188} INFO - [2024-04-13T16:23:11.839+0000] {dag.py:3954} INFO - Setting next_dagrun for example_skip_dag to 2024-04-12 00:00:00+00:00, run_after=2024-04-13 00:00:00+00:00
[2024-04-13T16:23:11.849+0000] {processor.py:183} INFO - Processing /home/airflow/.local/lib/python3.12/site-packages/airflow/example_dags/example_skip_dag.py took 0.044 seconds
[2024-04-13T16:23:42.522+0000] {processor.py:161} INFO - Started process (PID=1309) to work on /home/airflow/.local/lib/python3.12/site-packages/airflow/example_dags/example_skip_dag.py
[2024-04-13T16:23:42.522+0000] {processor.py:830} INFO - Processing file /home/airflow/.local/lib/python3.12/site-packages/airflow/example_dags/example_skip_dag.py for tasks to queue
[2024-04-13T16:23:42.523+0000] {logging_mixin.py:188} INFO - [2024-04-13T16:23:42.523+0000] {dagbag.py:540} INFO - Filling up the DagBag from /home/airflow/.local/lib/python3.12/site-packages/airflow/example_dags/example_skip_dag.py
[2024-04-13T16:23:42.526+0000] {processor.py:840} INFO - DAG(s) 'example_skip_dag' retrieved from /home/airflow/.local/lib/python3.12/site-packages/airflow/example_dags/example_skip_dag.py
[2024-04-13T16:23:42.534+0000] {logging_mixin.py:188} INFO - [2024-04-13T16:23:42.534+0000] {dag.py:3096} INFO - Sync 1 DAGs
[2024-04-13T16:23:42.543+0000] {logging_mixin.py:188} INFO - [2024-04-13T16:23:42.543+0000] {dag.py:3954} INFO - Setting next_dagrun for example_skip_dag to 2024-04-12 00:00:00+00:00, run_after=2024-04-13 00:00:00+00:00
[2024-04-13T16:23:42.550+0000] {processor.py:183} INFO - Processing /home/airflow/.local/lib/python3.12/site-packages/airflow/example_dags/example_skip_dag.py took 0.031 seconds
[2024-04-13T16:24:13.095+0000] {processor.py:161} INFO - Started process (PID=1367) to work on /home/airflow/.local/lib/python3.12/site-packages/airflow/example_dags/example_skip_dag.py
[2024-04-13T16:24:13.095+0000] {processor.py:830} INFO - Processing file /home/airflow/.local/lib/python3.12/site-packages/airflow/example_dags/example_skip_dag.py for tasks to queue
[2024-04-13T16:24:13.097+0000] {logging_mixin.py:188} INFO - [2024-04-13T16:24:13.097+0000] {dagbag.py:540} INFO - Filling up the DagBag from /home/airflow/.local/lib/python3.12/site-packages/airflow/example_dags/example_skip_dag.py
[2024-04-13T16:24:13.100+0000] {processor.py:840} INFO - DAG(s) 'example_skip_dag' retrieved from /home/airflow/.local/lib/python3.12/site-packages/airflow/example_dags/example_skip_dag.py
[2024-04-13T16:24:13.109+0000] {logging_mixin.py:188} INFO - [2024-04-13T16:24:13.109+0000] {dag.py:3096} INFO - Sync 1 DAGs
[2024-04-13T16:24:13.118+0000] {logging_mixin.py:188} INFO - [2024-04-13T16:24:13.118+0000] {dag.py:3954} INFO - Setting next_dagrun for example_skip_dag to 2024-04-12 00:00:00+00:00, run_after=2024-04-13 00:00:00+00:00
[2024-04-13T16:24:13.125+0000] {processor.py:183} INFO - Processing /home/airflow/.local/lib/python3.12/site-packages/airflow/example_dags/example_skip_dag.py took 0.033 seconds
[2024-04-13T16:24:43.673+0000] {processor.py:161} INFO - Started process (PID=1425) to work on /home/airflow/.local/lib/python3.12/site-packages/airflow/example_dags/example_skip_dag.py
[2024-04-13T16:24:43.673+0000] {processor.py:830} INFO - Processing file /home/airflow/.local/lib/python3.12/site-packages/airflow/example_dags/example_skip_dag.py for tasks to queue
[2024-04-13T16:24:43.674+0000] {logging_mixin.py:188} INFO - [2024-04-13T16:24:43.674+0000] {dagbag.py:540} INFO - Filling up the DagBag from /home/airflow/.local/lib/python3.12/site-packages/airflow/example_dags/example_skip_dag.py
[2024-04-13T16:24:43.677+0000] {processor.py:840} INFO - DAG(s) 'example_skip_dag' retrieved from /home/airflow/.local/lib/python3.12/site-packages/airflow/example_dags/example_skip_dag.py
[2024-04-13T16:24:43.686+0000] {logging_mixin.py:188} INFO - [2024-04-13T16:24:43.686+0000] {dag.py:3096} INFO - Sync 1 DAGs
[2024-04-13T16:24:43.695+0000] {logging_mixin.py:188} INFO - [2024-04-13T16:24:43.695+0000] {dag.py:3954} INFO - Setting next_dagrun for example_skip_dag to 2024-04-12 00:00:00+00:00, run_after=2024-04-13 00:00:00+00:00
[2024-04-13T16:24:43.702+0000] {processor.py:183} INFO - Processing /home/airflow/.local/lib/python3.12/site-packages/airflow/example_dags/example_skip_dag.py took 0.031 seconds
[2024-04-13T16:25:14.249+0000] {processor.py:161} INFO - Started process (PID=1483) to work on /home/airflow/.local/lib/python3.12/site-packages/airflow/example_dags/example_skip_dag.py
[2024-04-13T16:25:14.250+0000] {processor.py:830} INFO - Processing file /home/airflow/.local/lib/python3.12/site-packages/airflow/example_dags/example_skip_dag.py for tasks to queue
[2024-04-13T16:25:14.251+0000] {logging_mixin.py:188} INFO - [2024-04-13T16:25:14.250+0000] {dagbag.py:540} INFO - Filling up the DagBag from /home/airflow/.local/lib/python3.12/site-packages/airflow/example_dags/example_skip_dag.py
[2024-04-13T16:25:14.254+0000] {processor.py:840} INFO - DAG(s) 'example_skip_dag' retrieved from /home/airflow/.local/lib/python3.12/site-packages/airflow/example_dags/example_skip_dag.py
[2024-04-13T16:25:14.263+0000] {logging_mixin.py:188} INFO - [2024-04-13T16:25:14.263+0000] {dag.py:3096} INFO - Sync 1 DAGs
[2024-04-13T16:25:14.273+0000] {logging_mixin.py:188} INFO - [2024-04-13T16:25:14.273+0000] {dag.py:3954} INFO - Setting next_dagrun for example_skip_dag to 2024-04-12 00:00:00+00:00, run_after=2024-04-13 00:00:00+00:00
[2024-04-13T16:25:14.280+0000] {processor.py:183} INFO - Processing /home/airflow/.local/lib/python3.12/site-packages/airflow/example_dags/example_skip_dag.py took 0.033 seconds
[2024-04-13T16:25:44.852+0000] {processor.py:161} INFO - Started process (PID=1541) to work on /home/airflow/.local/lib/python3.12/site-packages/airflow/example_dags/example_skip_dag.py
[2024-04-13T16:25:44.853+0000] {processor.py:830} INFO - Processing file /home/airflow/.local/lib/python3.12/site-packages/airflow/example_dags/example_skip_dag.py for tasks to queue
[2024-04-13T16:25:44.854+0000] {logging_mixin.py:188} INFO - [2024-04-13T16:25:44.853+0000] {dagbag.py:540} INFO - Filling up the DagBag from /home/airflow/.local/lib/python3.12/site-packages/airflow/example_dags/example_skip_dag.py
[2024-04-13T16:25:44.856+0000] {processor.py:840} INFO - DAG(s) 'example_skip_dag' retrieved from /home/airflow/.local/lib/python3.12/site-packages/airflow/example_dags/example_skip_dag.py
[2024-04-13T16:25:44.865+0000] {logging_mixin.py:188} INFO - [2024-04-13T16:25:44.865+0000] {dag.py:3096} INFO - Sync 1 DAGs
[2024-04-13T16:25:44.873+0000] {logging_mixin.py:188} INFO - [2024-04-13T16:25:44.873+0000] {dag.py:3954} INFO - Setting next_dagrun for example_skip_dag to 2024-04-12 00:00:00+00:00, run_after=2024-04-13 00:00:00+00:00
[2024-04-13T16:25:44.879+0000] {processor.py:183} INFO - Processing /home/airflow/.local/lib/python3.12/site-packages/airflow/example_dags/example_skip_dag.py took 0.029 seconds
[2024-04-13T16:26:15.447+0000] {processor.py:161} INFO - Started process (PID=1599) to work on /home/airflow/.local/lib/python3.12/site-packages/airflow/example_dags/example_skip_dag.py
[2024-04-13T16:26:15.447+0000] {processor.py:830} INFO - Processing file /home/airflow/.local/lib/python3.12/site-packages/airflow/example_dags/example_skip_dag.py for tasks to queue
[2024-04-13T16:26:15.448+0000] {logging_mixin.py:188} INFO - [2024-04-13T16:26:15.448+0000] {dagbag.py:540} INFO - Filling up the DagBag from /home/airflow/.local/lib/python3.12/site-packages/airflow/example_dags/example_skip_dag.py
[2024-04-13T16:26:15.451+0000] {processor.py:840} INFO - DAG(s) 'example_skip_dag' retrieved from /home/airflow/.local/lib/python3.12/site-packages/airflow/example_dags/example_skip_dag.py
[2024-04-13T16:26:15.459+0000] {logging_mixin.py:188} INFO - [2024-04-13T16:26:15.459+0000] {dag.py:3096} INFO - Sync 1 DAGs
[2024-04-13T16:26:15.469+0000] {logging_mixin.py:188} INFO - [2024-04-13T16:26:15.469+0000] {dag.py:3954} INFO - Setting next_dagrun for example_skip_dag to 2024-04-12 00:00:00+00:00, run_after=2024-04-13 00:00:00+00:00
[2024-04-13T16:26:15.476+0000] {processor.py:183} INFO - Processing /home/airflow/.local/lib/python3.12/site-packages/airflow/example_dags/example_skip_dag.py took 0.031 seconds
[2024-04-13T16:26:45.939+0000] {processor.py:161} INFO - Started process (PID=1657) to work on /home/airflow/.local/lib/python3.12/site-packages/airflow/example_dags/example_skip_dag.py
[2024-04-13T16:26:45.940+0000] {processor.py:830} INFO - Processing file /home/airflow/.local/lib/python3.12/site-packages/airflow/example_dags/example_skip_dag.py for tasks to queue
[2024-04-13T16:26:45.940+0000] {logging_mixin.py:188} INFO - [2024-04-13T16:26:45.940+0000] {dagbag.py:540} INFO - Filling up the DagBag from /home/airflow/.local/lib/python3.12/site-packages/airflow/example_dags/example_skip_dag.py
[2024-04-13T16:26:45.943+0000] {processor.py:840} INFO - DAG(s) 'example_skip_dag' retrieved from /home/airflow/.local/lib/python3.12/site-packages/airflow/example_dags/example_skip_dag.py
[2024-04-13T16:26:45.952+0000] {logging_mixin.py:188} INFO - [2024-04-13T16:26:45.951+0000] {dag.py:3096} INFO - Sync 1 DAGs
[2024-04-13T16:26:45.959+0000] {logging_mixin.py:188} INFO - [2024-04-13T16:26:45.959+0000] {dag.py:3954} INFO - Setting next_dagrun for example_skip_dag to 2024-04-12 00:00:00+00:00, run_after=2024-04-13 00:00:00+00:00
[2024-04-13T16:26:45.966+0000] {processor.py:183} INFO - Processing /home/airflow/.local/lib/python3.12/site-packages/airflow/example_dags/example_skip_dag.py took 0.029 seconds
[2024-04-13T16:27:16.545+0000] {processor.py:161} INFO - Started process (PID=1715) to work on /home/airflow/.local/lib/python3.12/site-packages/airflow/example_dags/example_skip_dag.py
[2024-04-13T16:27:16.545+0000] {processor.py:830} INFO - Processing file /home/airflow/.local/lib/python3.12/site-packages/airflow/example_dags/example_skip_dag.py for tasks to queue
[2024-04-13T16:27:16.547+0000] {logging_mixin.py:188} INFO - [2024-04-13T16:27:16.546+0000] {dagbag.py:540} INFO - Filling up the DagBag from /home/airflow/.local/lib/python3.12/site-packages/airflow/example_dags/example_skip_dag.py
[2024-04-13T16:27:16.550+0000] {processor.py:840} INFO - DAG(s) 'example_skip_dag' retrieved from /home/airflow/.local/lib/python3.12/site-packages/airflow/example_dags/example_skip_dag.py
[2024-04-13T16:27:16.560+0000] {logging_mixin.py:188} INFO - [2024-04-13T16:27:16.560+0000] {dag.py:3096} INFO - Sync 1 DAGs
[2024-04-13T16:27:16.572+0000] {logging_mixin.py:188} INFO - [2024-04-13T16:27:16.571+0000] {dag.py:3954} INFO - Setting next_dagrun for example_skip_dag to 2024-04-12 00:00:00+00:00, run_after=2024-04-13 00:00:00+00:00
[2024-04-13T16:27:16.580+0000] {processor.py:183} INFO - Processing /home/airflow/.local/lib/python3.12/site-packages/airflow/example_dags/example_skip_dag.py took 0.037 seconds
[2024-04-13T16:27:47.425+0000] {processor.py:161} INFO - Started process (PID=1773) to work on /home/airflow/.local/lib/python3.12/site-packages/airflow/example_dags/example_skip_dag.py
[2024-04-13T16:27:47.426+0000] {processor.py:830} INFO - Processing file /home/airflow/.local/lib/python3.12/site-packages/airflow/example_dags/example_skip_dag.py for tasks to queue
[2024-04-13T16:27:47.427+0000] {logging_mixin.py:188} INFO - [2024-04-13T16:27:47.427+0000] {dagbag.py:540} INFO - Filling up the DagBag from /home/airflow/.local/lib/python3.12/site-packages/airflow/example_dags/example_skip_dag.py
[2024-04-13T16:27:47.429+0000] {processor.py:840} INFO - DAG(s) 'example_skip_dag' retrieved from /home/airflow/.local/lib/python3.12/site-packages/airflow/example_dags/example_skip_dag.py
[2024-04-13T16:27:47.438+0000] {logging_mixin.py:188} INFO - [2024-04-13T16:27:47.438+0000] {dag.py:3096} INFO - Sync 1 DAGs
[2024-04-13T16:27:47.446+0000] {logging_mixin.py:188} INFO - [2024-04-13T16:27:47.446+0000] {dag.py:3954} INFO - Setting next_dagrun for example_skip_dag to 2024-04-12 00:00:00+00:00, run_after=2024-04-13 00:00:00+00:00
[2024-04-13T16:27:47.452+0000] {processor.py:183} INFO - Processing /home/airflow/.local/lib/python3.12/site-packages/airflow/example_dags/example_skip_dag.py took 0.029 seconds
[2024-04-13T16:28:18.006+0000] {processor.py:161} INFO - Started process (PID=1838) to work on /home/airflow/.local/lib/python3.12/site-packages/airflow/example_dags/example_skip_dag.py
[2024-04-13T16:28:18.006+0000] {processor.py:830} INFO - Processing file /home/airflow/.local/lib/python3.12/site-packages/airflow/example_dags/example_skip_dag.py for tasks to queue
[2024-04-13T16:28:18.007+0000] {logging_mixin.py:188} INFO - [2024-04-13T16:28:18.007+0000] {dagbag.py:540} INFO - Filling up the DagBag from /home/airflow/.local/lib/python3.12/site-packages/airflow/example_dags/example_skip_dag.py
[2024-04-13T16:28:18.010+0000] {processor.py:840} INFO - DAG(s) 'example_skip_dag' retrieved from /home/airflow/.local/lib/python3.12/site-packages/airflow/example_dags/example_skip_dag.py
[2024-04-13T16:28:18.042+0000] {logging_mixin.py:188} INFO - [2024-04-13T16:28:18.042+0000] {dag.py:3096} INFO - Sync 1 DAGs
[2024-04-13T16:28:18.057+0000] {logging_mixin.py:188} INFO - [2024-04-13T16:28:18.057+0000] {dag.py:3954} INFO - Setting next_dagrun for example_skip_dag to 2024-04-12 00:00:00+00:00, run_after=2024-04-13 00:00:00+00:00
[2024-04-13T16:28:18.064+0000] {processor.py:183} INFO - Processing /home/airflow/.local/lib/python3.12/site-packages/airflow/example_dags/example_skip_dag.py took 0.061 seconds
[2024-04-13T16:28:48.655+0000] {processor.py:161} INFO - Started process (PID=1896) to work on /home/airflow/.local/lib/python3.12/site-packages/airflow/example_dags/example_skip_dag.py
[2024-04-13T16:28:48.655+0000] {processor.py:830} INFO - Processing file /home/airflow/.local/lib/python3.12/site-packages/airflow/example_dags/example_skip_dag.py for tasks to queue
[2024-04-13T16:28:48.656+0000] {logging_mixin.py:188} INFO - [2024-04-13T16:28:48.656+0000] {dagbag.py:540} INFO - Filling up the DagBag from /home/airflow/.local/lib/python3.12/site-packages/airflow/example_dags/example_skip_dag.py
[2024-04-13T16:28:48.659+0000] {processor.py:840} INFO - DAG(s) 'example_skip_dag' retrieved from /home/airflow/.local/lib/python3.12/site-packages/airflow/example_dags/example_skip_dag.py
[2024-04-13T16:28:48.668+0000] {logging_mixin.py:188} INFO - [2024-04-13T16:28:48.667+0000] {dag.py:3096} INFO - Sync 1 DAGs
[2024-04-13T16:28:48.676+0000] {logging_mixin.py:188} INFO - [2024-04-13T16:28:48.676+0000] {dag.py:3954} INFO - Setting next_dagrun for example_skip_dag to 2024-04-12 00:00:00+00:00, run_after=2024-04-13 00:00:00+00:00
[2024-04-13T16:28:48.683+0000] {processor.py:183} INFO - Processing /home/airflow/.local/lib/python3.12/site-packages/airflow/example_dags/example_skip_dag.py took 0.031 seconds
[2024-04-13T16:29:19.283+0000] {processor.py:161} INFO - Started process (PID=1954) to work on /home/airflow/.local/lib/python3.12/site-packages/airflow/example_dags/example_skip_dag.py
[2024-04-13T16:29:19.283+0000] {processor.py:830} INFO - Processing file /home/airflow/.local/lib/python3.12/site-packages/airflow/example_dags/example_skip_dag.py for tasks to queue
[2024-04-13T16:29:19.284+0000] {logging_mixin.py:188} INFO - [2024-04-13T16:29:19.284+0000] {dagbag.py:540} INFO - Filling up the DagBag from /home/airflow/.local/lib/python3.12/site-packages/airflow/example_dags/example_skip_dag.py
[2024-04-13T16:29:19.287+0000] {processor.py:840} INFO - DAG(s) 'example_skip_dag' retrieved from /home/airflow/.local/lib/python3.12/site-packages/airflow/example_dags/example_skip_dag.py
[2024-04-13T16:29:19.297+0000] {logging_mixin.py:188} INFO - [2024-04-13T16:29:19.296+0000] {dag.py:3096} INFO - Sync 1 DAGs
[2024-04-13T16:29:19.307+0000] {logging_mixin.py:188} INFO - [2024-04-13T16:29:19.306+0000] {dag.py:3954} INFO - Setting next_dagrun for example_skip_dag to 2024-04-12 00:00:00+00:00, run_after=2024-04-13 00:00:00+00:00
[2024-04-13T16:29:19.315+0000] {processor.py:183} INFO - Processing /home/airflow/.local/lib/python3.12/site-packages/airflow/example_dags/example_skip_dag.py took 0.034 seconds
[2024-04-13T16:29:49.948+0000] {processor.py:161} INFO - Started process (PID=2012) to work on /home/airflow/.local/lib/python3.12/site-packages/airflow/example_dags/example_skip_dag.py
[2024-04-13T16:29:49.949+0000] {processor.py:830} INFO - Processing file /home/airflow/.local/lib/python3.12/site-packages/airflow/example_dags/example_skip_dag.py for tasks to queue
[2024-04-13T16:29:49.949+0000] {logging_mixin.py:188} INFO - [2024-04-13T16:29:49.949+0000] {dagbag.py:540} INFO - Filling up the DagBag from /home/airflow/.local/lib/python3.12/site-packages/airflow/example_dags/example_skip_dag.py
[2024-04-13T16:29:49.952+0000] {processor.py:840} INFO - DAG(s) 'example_skip_dag' retrieved from /home/airflow/.local/lib/python3.12/site-packages/airflow/example_dags/example_skip_dag.py
[2024-04-13T16:29:49.960+0000] {logging_mixin.py:188} INFO - [2024-04-13T16:29:49.960+0000] {dag.py:3096} INFO - Sync 1 DAGs
[2024-04-13T16:29:49.968+0000] {logging_mixin.py:188} INFO - [2024-04-13T16:29:49.968+0000] {dag.py:3954} INFO - Setting next_dagrun for example_skip_dag to 2024-04-12 00:00:00+00:00, run_after=2024-04-13 00:00:00+00:00
[2024-04-13T16:29:49.974+0000] {processor.py:183} INFO - Processing /home/airflow/.local/lib/python3.12/site-packages/airflow/example_dags/example_skip_dag.py took 0.029 seconds
[2024-04-13T16:30:20.580+0000] {processor.py:161} INFO - Started process (PID=2070) to work on /home/airflow/.local/lib/python3.12/site-packages/airflow/example_dags/example_skip_dag.py
[2024-04-13T16:30:20.581+0000] {processor.py:830} INFO - Processing file /home/airflow/.local/lib/python3.12/site-packages/airflow/example_dags/example_skip_dag.py for tasks to queue
[2024-04-13T16:30:20.581+0000] {logging_mixin.py:188} INFO - [2024-04-13T16:30:20.581+0000] {dagbag.py:540} INFO - Filling up the DagBag from /home/airflow/.local/lib/python3.12/site-packages/airflow/example_dags/example_skip_dag.py
[2024-04-13T16:30:20.584+0000] {processor.py:840} INFO - DAG(s) 'example_skip_dag' retrieved from /home/airflow/.local/lib/python3.12/site-packages/airflow/example_dags/example_skip_dag.py
[2024-04-13T16:30:20.593+0000] {logging_mixin.py:188} INFO - [2024-04-13T16:30:20.593+0000] {dag.py:3096} INFO - Sync 1 DAGs
[2024-04-13T16:30:20.602+0000] {logging_mixin.py:188} INFO - [2024-04-13T16:30:20.602+0000] {dag.py:3954} INFO - Setting next_dagrun for example_skip_dag to 2024-04-12 00:00:00+00:00, run_after=2024-04-13 00:00:00+00:00
[2024-04-13T16:30:20.609+0000] {processor.py:183} INFO - Processing /home/airflow/.local/lib/python3.12/site-packages/airflow/example_dags/example_skip_dag.py took 0.031 seconds
[2024-04-13T16:30:51.206+0000] {processor.py:161} INFO - Started process (PID=2128) to work on /home/airflow/.local/lib/python3.12/site-packages/airflow/example_dags/example_skip_dag.py
[2024-04-13T16:30:51.207+0000] {processor.py:830} INFO - Processing file /home/airflow/.local/lib/python3.12/site-packages/airflow/example_dags/example_skip_dag.py for tasks to queue
[2024-04-13T16:30:51.208+0000] {logging_mixin.py:188} INFO - [2024-04-13T16:30:51.207+0000] {dagbag.py:540} INFO - Filling up the DagBag from /home/airflow/.local/lib/python3.12/site-packages/airflow/example_dags/example_skip_dag.py
[2024-04-13T16:30:51.211+0000] {processor.py:840} INFO - DAG(s) 'example_skip_dag' retrieved from /home/airflow/.local/lib/python3.12/site-packages/airflow/example_dags/example_skip_dag.py
[2024-04-13T16:30:51.219+0000] {logging_mixin.py:188} INFO - [2024-04-13T16:30:51.219+0000] {dag.py:3096} INFO - Sync 1 DAGs
[2024-04-13T16:30:51.228+0000] {logging_mixin.py:188} INFO - [2024-04-13T16:30:51.228+0000] {dag.py:3954} INFO - Setting next_dagrun for example_skip_dag to 2024-04-12 00:00:00+00:00, run_after=2024-04-13 00:00:00+00:00
[2024-04-13T16:30:51.235+0000] {processor.py:183} INFO - Processing /home/airflow/.local/lib/python3.12/site-packages/airflow/example_dags/example_skip_dag.py took 0.031 seconds
[2024-04-13T16:31:21.801+0000] {processor.py:161} INFO - Started process (PID=2186) to work on /home/airflow/.local/lib/python3.12/site-packages/airflow/example_dags/example_skip_dag.py
[2024-04-13T16:31:21.802+0000] {processor.py:830} INFO - Processing file /home/airflow/.local/lib/python3.12/site-packages/airflow/example_dags/example_skip_dag.py for tasks to queue
[2024-04-13T16:31:21.802+0000] {logging_mixin.py:188} INFO - [2024-04-13T16:31:21.802+0000] {dagbag.py:540} INFO - Filling up the DagBag from /home/airflow/.local/lib/python3.12/site-packages/airflow/example_dags/example_skip_dag.py
[2024-04-13T16:31:21.805+0000] {processor.py:840} INFO - DAG(s) 'example_skip_dag' retrieved from /home/airflow/.local/lib/python3.12/site-packages/airflow/example_dags/example_skip_dag.py
[2024-04-13T16:31:21.815+0000] {logging_mixin.py:188} INFO - [2024-04-13T16:31:21.815+0000] {dag.py:3096} INFO - Sync 1 DAGs
[2024-04-13T16:31:21.824+0000] {logging_mixin.py:188} INFO - [2024-04-13T16:31:21.824+0000] {dag.py:3954} INFO - Setting next_dagrun for example_skip_dag to 2024-04-12 00:00:00+00:00, run_after=2024-04-13 00:00:00+00:00
[2024-04-13T16:31:21.831+0000] {processor.py:183} INFO - Processing /home/airflow/.local/lib/python3.12/site-packages/airflow/example_dags/example_skip_dag.py took 0.032 seconds
[2024-04-13T16:31:52.431+0000] {processor.py:161} INFO - Started process (PID=2244) to work on /home/airflow/.local/lib/python3.12/site-packages/airflow/example_dags/example_skip_dag.py
[2024-04-13T16:31:52.432+0000] {processor.py:830} INFO - Processing file /home/airflow/.local/lib/python3.12/site-packages/airflow/example_dags/example_skip_dag.py for tasks to queue
[2024-04-13T16:31:52.432+0000] {logging_mixin.py:188} INFO - [2024-04-13T16:31:52.432+0000] {dagbag.py:540} INFO - Filling up the DagBag from /home/airflow/.local/lib/python3.12/site-packages/airflow/example_dags/example_skip_dag.py
[2024-04-13T16:31:52.435+0000] {processor.py:840} INFO - DAG(s) 'example_skip_dag' retrieved from /home/airflow/.local/lib/python3.12/site-packages/airflow/example_dags/example_skip_dag.py
[2024-04-13T16:31:52.444+0000] {logging_mixin.py:188} INFO - [2024-04-13T16:31:52.444+0000] {dag.py:3096} INFO - Sync 1 DAGs
[2024-04-13T16:31:52.453+0000] {logging_mixin.py:188} INFO - [2024-04-13T16:31:52.453+0000] {dag.py:3954} INFO - Setting next_dagrun for example_skip_dag to 2024-04-12 00:00:00+00:00, run_after=2024-04-13 00:00:00+00:00
[2024-04-13T16:31:52.460+0000] {processor.py:183} INFO - Processing /home/airflow/.local/lib/python3.12/site-packages/airflow/example_dags/example_skip_dag.py took 0.031 seconds
[2024-04-13T16:32:22.887+0000] {processor.py:161} INFO - Started process (PID=2301) to work on /home/airflow/.local/lib/python3.12/site-packages/airflow/example_dags/example_skip_dag.py
[2024-04-13T16:32:22.887+0000] {processor.py:830} INFO - Processing file /home/airflow/.local/lib/python3.12/site-packages/airflow/example_dags/example_skip_dag.py for tasks to queue
[2024-04-13T16:32:22.888+0000] {logging_mixin.py:188} INFO - [2024-04-13T16:32:22.888+0000] {dagbag.py:540} INFO - Filling up the DagBag from /home/airflow/.local/lib/python3.12/site-packages/airflow/example_dags/example_skip_dag.py
[2024-04-13T16:32:22.891+0000] {processor.py:840} INFO - DAG(s) 'example_skip_dag' retrieved from /home/airflow/.local/lib/python3.12/site-packages/airflow/example_dags/example_skip_dag.py
[2024-04-13T16:32:22.899+0000] {logging_mixin.py:188} INFO - [2024-04-13T16:32:22.899+0000] {dag.py:3096} INFO - Sync 1 DAGs
[2024-04-13T16:32:22.907+0000] {logging_mixin.py:188} INFO - [2024-04-13T16:32:22.907+0000] {dag.py:3954} INFO - Setting next_dagrun for example_skip_dag to 2024-04-12 00:00:00+00:00, run_after=2024-04-13 00:00:00+00:00
[2024-04-13T16:32:22.913+0000] {processor.py:183} INFO - Processing /home/airflow/.local/lib/python3.12/site-packages/airflow/example_dags/example_skip_dag.py took 0.028 seconds
[2024-04-13T16:32:53.548+0000] {processor.py:161} INFO - Started process (PID=2359) to work on /home/airflow/.local/lib/python3.12/site-packages/airflow/example_dags/example_skip_dag.py
[2024-04-13T16:32:53.549+0000] {processor.py:830} INFO - Processing file /home/airflow/.local/lib/python3.12/site-packages/airflow/example_dags/example_skip_dag.py for tasks to queue
[2024-04-13T16:32:53.550+0000] {logging_mixin.py:188} INFO - [2024-04-13T16:32:53.550+0000] {dagbag.py:540} INFO - Filling up the DagBag from /home/airflow/.local/lib/python3.12/site-packages/airflow/example_dags/example_skip_dag.py
[2024-04-13T16:32:53.553+0000] {processor.py:840} INFO - DAG(s) 'example_skip_dag' retrieved from /home/airflow/.local/lib/python3.12/site-packages/airflow/example_dags/example_skip_dag.py
[2024-04-13T16:32:53.567+0000] {logging_mixin.py:188} INFO - [2024-04-13T16:32:53.566+0000] {dag.py:3096} INFO - Sync 1 DAGs
[2024-04-13T16:32:53.588+0000] {logging_mixin.py:188} INFO - [2024-04-13T16:32:53.588+0000] {dag.py:3954} INFO - Setting next_dagrun for example_skip_dag to 2024-04-12 00:00:00+00:00, run_after=2024-04-13 00:00:00+00:00
[2024-04-13T16:32:53.594+0000] {processor.py:183} INFO - Processing /home/airflow/.local/lib/python3.12/site-packages/airflow/example_dags/example_skip_dag.py took 0.049 seconds
[2024-04-13T16:33:24.150+0000] {processor.py:161} INFO - Started process (PID=2417) to work on /home/airflow/.local/lib/python3.12/site-packages/airflow/example_dags/example_skip_dag.py
[2024-04-13T16:33:24.150+0000] {processor.py:830} INFO - Processing file /home/airflow/.local/lib/python3.12/site-packages/airflow/example_dags/example_skip_dag.py for tasks to queue
[2024-04-13T16:33:24.151+0000] {logging_mixin.py:188} INFO - [2024-04-13T16:33:24.151+0000] {dagbag.py:540} INFO - Filling up the DagBag from /home/airflow/.local/lib/python3.12/site-packages/airflow/example_dags/example_skip_dag.py
[2024-04-13T16:33:24.154+0000] {processor.py:840} INFO - DAG(s) 'example_skip_dag' retrieved from /home/airflow/.local/lib/python3.12/site-packages/airflow/example_dags/example_skip_dag.py
[2024-04-13T16:33:24.163+0000] {logging_mixin.py:188} INFO - [2024-04-13T16:33:24.163+0000] {dag.py:3096} INFO - Sync 1 DAGs
[2024-04-13T16:33:24.172+0000] {logging_mixin.py:188} INFO - [2024-04-13T16:33:24.172+0000] {dag.py:3954} INFO - Setting next_dagrun for example_skip_dag to 2024-04-12 00:00:00+00:00, run_after=2024-04-13 00:00:00+00:00
[2024-04-13T16:33:24.179+0000] {processor.py:183} INFO - Processing /home/airflow/.local/lib/python3.12/site-packages/airflow/example_dags/example_skip_dag.py took 0.031 seconds
[2024-04-13T16:33:54.813+0000] {processor.py:161} INFO - Started process (PID=2475) to work on /home/airflow/.local/lib/python3.12/site-packages/airflow/example_dags/example_skip_dag.py
[2024-04-13T16:33:54.814+0000] {processor.py:830} INFO - Processing file /home/airflow/.local/lib/python3.12/site-packages/airflow/example_dags/example_skip_dag.py for tasks to queue
[2024-04-13T16:33:54.815+0000] {logging_mixin.py:188} INFO - [2024-04-13T16:33:54.814+0000] {dagbag.py:540} INFO - Filling up the DagBag from /home/airflow/.local/lib/python3.12/site-packages/airflow/example_dags/example_skip_dag.py
[2024-04-13T16:33:54.817+0000] {processor.py:840} INFO - DAG(s) 'example_skip_dag' retrieved from /home/airflow/.local/lib/python3.12/site-packages/airflow/example_dags/example_skip_dag.py
[2024-04-13T16:33:54.826+0000] {logging_mixin.py:188} INFO - [2024-04-13T16:33:54.826+0000] {dag.py:3096} INFO - Sync 1 DAGs
[2024-04-13T16:33:54.834+0000] {logging_mixin.py:188} INFO - [2024-04-13T16:33:54.834+0000] {dag.py:3954} INFO - Setting next_dagrun for example_skip_dag to 2024-04-12 00:00:00+00:00, run_after=2024-04-13 00:00:00+00:00
[2024-04-13T16:33:54.841+0000] {processor.py:183} INFO - Processing /home/airflow/.local/lib/python3.12/site-packages/airflow/example_dags/example_skip_dag.py took 0.030 seconds
[2024-04-13T16:34:25.450+0000] {processor.py:161} INFO - Started process (PID=2533) to work on /home/airflow/.local/lib/python3.12/site-packages/airflow/example_dags/example_skip_dag.py
[2024-04-13T16:34:25.451+0000] {processor.py:830} INFO - Processing file /home/airflow/.local/lib/python3.12/site-packages/airflow/example_dags/example_skip_dag.py for tasks to queue
[2024-04-13T16:34:25.452+0000] {logging_mixin.py:188} INFO - [2024-04-13T16:34:25.451+0000] {dagbag.py:540} INFO - Filling up the DagBag from /home/airflow/.local/lib/python3.12/site-packages/airflow/example_dags/example_skip_dag.py
[2024-04-13T16:34:25.454+0000] {processor.py:840} INFO - DAG(s) 'example_skip_dag' retrieved from /home/airflow/.local/lib/python3.12/site-packages/airflow/example_dags/example_skip_dag.py
[2024-04-13T16:34:25.463+0000] {logging_mixin.py:188} INFO - [2024-04-13T16:34:25.463+0000] {dag.py:3096} INFO - Sync 1 DAGs
[2024-04-13T16:34:25.471+0000] {logging_mixin.py:188} INFO - [2024-04-13T16:34:25.471+0000] {dag.py:3954} INFO - Setting next_dagrun for example_skip_dag to 2024-04-12 00:00:00+00:00, run_after=2024-04-13 00:00:00+00:00
[2024-04-13T16:34:25.477+0000] {processor.py:183} INFO - Processing /home/airflow/.local/lib/python3.12/site-packages/airflow/example_dags/example_skip_dag.py took 0.029 seconds
[2024-04-13T16:34:55.942+0000] {processor.py:161} INFO - Started process (PID=2591) to work on /home/airflow/.local/lib/python3.12/site-packages/airflow/example_dags/example_skip_dag.py
[2024-04-13T16:34:55.942+0000] {processor.py:830} INFO - Processing file /home/airflow/.local/lib/python3.12/site-packages/airflow/example_dags/example_skip_dag.py for tasks to queue
[2024-04-13T16:34:55.943+0000] {logging_mixin.py:188} INFO - [2024-04-13T16:34:55.943+0000] {dagbag.py:540} INFO - Filling up the DagBag from /home/airflow/.local/lib/python3.12/site-packages/airflow/example_dags/example_skip_dag.py
[2024-04-13T16:34:55.946+0000] {processor.py:840} INFO - DAG(s) 'example_skip_dag' retrieved from /home/airflow/.local/lib/python3.12/site-packages/airflow/example_dags/example_skip_dag.py
[2024-04-13T16:34:55.956+0000] {logging_mixin.py:188} INFO - [2024-04-13T16:34:55.956+0000] {dag.py:3096} INFO - Sync 1 DAGs
[2024-04-13T16:34:55.964+0000] {logging_mixin.py:188} INFO - [2024-04-13T16:34:55.964+0000] {dag.py:3954} INFO - Setting next_dagrun for example_skip_dag to 2024-04-12 00:00:00+00:00, run_after=2024-04-13 00:00:00+00:00
[2024-04-13T16:34:55.971+0000] {processor.py:183} INFO - Processing /home/airflow/.local/lib/python3.12/site-packages/airflow/example_dags/example_skip_dag.py took 0.032 seconds
[2024-04-13T16:35:26.592+0000] {processor.py:161} INFO - Started process (PID=2649) to work on /home/airflow/.local/lib/python3.12/site-packages/airflow/example_dags/example_skip_dag.py
[2024-04-13T16:35:26.592+0000] {processor.py:830} INFO - Processing file /home/airflow/.local/lib/python3.12/site-packages/airflow/example_dags/example_skip_dag.py for tasks to queue
[2024-04-13T16:35:26.593+0000] {logging_mixin.py:188} INFO - [2024-04-13T16:35:26.593+0000] {dagbag.py:540} INFO - Filling up the DagBag from /home/airflow/.local/lib/python3.12/site-packages/airflow/example_dags/example_skip_dag.py
[2024-04-13T16:35:26.596+0000] {processor.py:840} INFO - DAG(s) 'example_skip_dag' retrieved from /home/airflow/.local/lib/python3.12/site-packages/airflow/example_dags/example_skip_dag.py
[2024-04-13T16:35:26.604+0000] {logging_mixin.py:188} INFO - [2024-04-13T16:35:26.604+0000] {dag.py:3096} INFO - Sync 1 DAGs
[2024-04-13T16:35:26.612+0000] {logging_mixin.py:188} INFO - [2024-04-13T16:35:26.612+0000] {dag.py:3954} INFO - Setting next_dagrun for example_skip_dag to 2024-04-12 00:00:00+00:00, run_after=2024-04-13 00:00:00+00:00
[2024-04-13T16:35:26.618+0000] {processor.py:183} INFO - Processing /home/airflow/.local/lib/python3.12/site-packages/airflow/example_dags/example_skip_dag.py took 0.029 seconds
[2024-04-13T16:35:57.185+0000] {processor.py:161} INFO - Started process (PID=2707) to work on /home/airflow/.local/lib/python3.12/site-packages/airflow/example_dags/example_skip_dag.py
[2024-04-13T16:35:57.185+0000] {processor.py:830} INFO - Processing file /home/airflow/.local/lib/python3.12/site-packages/airflow/example_dags/example_skip_dag.py for tasks to queue
[2024-04-13T16:35:57.186+0000] {logging_mixin.py:188} INFO - [2024-04-13T16:35:57.186+0000] {dagbag.py:540} INFO - Filling up the DagBag from /home/airflow/.local/lib/python3.12/site-packages/airflow/example_dags/example_skip_dag.py
[2024-04-13T16:35:57.189+0000] {processor.py:840} INFO - DAG(s) 'example_skip_dag' retrieved from /home/airflow/.local/lib/python3.12/site-packages/airflow/example_dags/example_skip_dag.py
[2024-04-13T16:35:57.198+0000] {logging_mixin.py:188} INFO - [2024-04-13T16:35:57.198+0000] {dag.py:3096} INFO - Sync 1 DAGs
[2024-04-13T16:35:57.207+0000] {logging_mixin.py:188} INFO - [2024-04-13T16:35:57.206+0000] {dag.py:3954} INFO - Setting next_dagrun for example_skip_dag to 2024-04-12 00:00:00+00:00, run_after=2024-04-13 00:00:00+00:00
[2024-04-13T16:35:57.213+0000] {processor.py:183} INFO - Processing /home/airflow/.local/lib/python3.12/site-packages/airflow/example_dags/example_skip_dag.py took 0.031 seconds
[2024-04-13T16:36:27.853+0000] {processor.py:161} INFO - Started process (PID=2765) to work on /home/airflow/.local/lib/python3.12/site-packages/airflow/example_dags/example_skip_dag.py
[2024-04-13T16:36:27.854+0000] {processor.py:830} INFO - Processing file /home/airflow/.local/lib/python3.12/site-packages/airflow/example_dags/example_skip_dag.py for tasks to queue
[2024-04-13T16:36:27.854+0000] {logging_mixin.py:188} INFO - [2024-04-13T16:36:27.854+0000] {dagbag.py:540} INFO - Filling up the DagBag from /home/airflow/.local/lib/python3.12/site-packages/airflow/example_dags/example_skip_dag.py
[2024-04-13T16:36:27.857+0000] {processor.py:840} INFO - DAG(s) 'example_skip_dag' retrieved from /home/airflow/.local/lib/python3.12/site-packages/airflow/example_dags/example_skip_dag.py
[2024-04-13T16:36:27.866+0000] {logging_mixin.py:188} INFO - [2024-04-13T16:36:27.866+0000] {dag.py:3096} INFO - Sync 1 DAGs
[2024-04-13T16:36:27.873+0000] {logging_mixin.py:188} INFO - [2024-04-13T16:36:27.873+0000] {dag.py:3954} INFO - Setting next_dagrun for example_skip_dag to 2024-04-12 00:00:00+00:00, run_after=2024-04-13 00:00:00+00:00
[2024-04-13T16:36:27.880+0000] {processor.py:183} INFO - Processing /home/airflow/.local/lib/python3.12/site-packages/airflow/example_dags/example_skip_dag.py took 0.029 seconds
[2024-04-13T16:36:58.438+0000] {processor.py:161} INFO - Started process (PID=2822) to work on /home/airflow/.local/lib/python3.12/site-packages/airflow/example_dags/example_skip_dag.py
[2024-04-13T16:36:58.439+0000] {processor.py:830} INFO - Processing file /home/airflow/.local/lib/python3.12/site-packages/airflow/example_dags/example_skip_dag.py for tasks to queue
[2024-04-13T16:36:58.440+0000] {logging_mixin.py:188} INFO - [2024-04-13T16:36:58.440+0000] {dagbag.py:540} INFO - Filling up the DagBag from /home/airflow/.local/lib/python3.12/site-packages/airflow/example_dags/example_skip_dag.py
[2024-04-13T16:36:58.443+0000] {processor.py:840} INFO - DAG(s) 'example_skip_dag' retrieved from /home/airflow/.local/lib/python3.12/site-packages/airflow/example_dags/example_skip_dag.py
[2024-04-13T16:36:58.452+0000] {logging_mixin.py:188} INFO - [2024-04-13T16:36:58.452+0000] {dag.py:3096} INFO - Sync 1 DAGs
[2024-04-13T16:36:58.460+0000] {logging_mixin.py:188} INFO - [2024-04-13T16:36:58.460+0000] {dag.py:3954} INFO - Setting next_dagrun for example_skip_dag to 2024-04-12 00:00:00+00:00, run_after=2024-04-13 00:00:00+00:00
[2024-04-13T16:36:58.467+0000] {processor.py:183} INFO - Processing /home/airflow/.local/lib/python3.12/site-packages/airflow/example_dags/example_skip_dag.py took 0.031 seconds
[2024-04-13T16:37:28.934+0000] {processor.py:161} INFO - Started process (PID=2880) to work on /home/airflow/.local/lib/python3.12/site-packages/airflow/example_dags/example_skip_dag.py
[2024-04-13T16:37:28.935+0000] {processor.py:830} INFO - Processing file /home/airflow/.local/lib/python3.12/site-packages/airflow/example_dags/example_skip_dag.py for tasks to queue
[2024-04-13T16:37:28.936+0000] {logging_mixin.py:188} INFO - [2024-04-13T16:37:28.935+0000] {dagbag.py:540} INFO - Filling up the DagBag from /home/airflow/.local/lib/python3.12/site-packages/airflow/example_dags/example_skip_dag.py
[2024-04-13T16:37:28.939+0000] {processor.py:840} INFO - DAG(s) 'example_skip_dag' retrieved from /home/airflow/.local/lib/python3.12/site-packages/airflow/example_dags/example_skip_dag.py
[2024-04-13T16:37:28.950+0000] {logging_mixin.py:188} INFO - [2024-04-13T16:37:28.950+0000] {dag.py:3096} INFO - Sync 1 DAGs
[2024-04-13T16:37:28.960+0000] {logging_mixin.py:188} INFO - [2024-04-13T16:37:28.960+0000] {dag.py:3954} INFO - Setting next_dagrun for example_skip_dag to 2024-04-12 00:00:00+00:00, run_after=2024-04-13 00:00:00+00:00
[2024-04-13T16:37:28.968+0000] {processor.py:183} INFO - Processing /home/airflow/.local/lib/python3.12/site-packages/airflow/example_dags/example_skip_dag.py took 0.036 seconds
[2024-04-13T16:37:59.817+0000] {processor.py:161} INFO - Started process (PID=2938) to work on /home/airflow/.local/lib/python3.12/site-packages/airflow/example_dags/example_skip_dag.py
[2024-04-13T16:37:59.818+0000] {processor.py:830} INFO - Processing file /home/airflow/.local/lib/python3.12/site-packages/airflow/example_dags/example_skip_dag.py for tasks to queue
[2024-04-13T16:37:59.820+0000] {logging_mixin.py:188} INFO - [2024-04-13T16:37:59.820+0000] {dagbag.py:540} INFO - Filling up the DagBag from /home/airflow/.local/lib/python3.12/site-packages/airflow/example_dags/example_skip_dag.py
[2024-04-13T16:37:59.824+0000] {processor.py:840} INFO - DAG(s) 'example_skip_dag' retrieved from /home/airflow/.local/lib/python3.12/site-packages/airflow/example_dags/example_skip_dag.py
[2024-04-13T16:37:59.850+0000] {logging_mixin.py:188} INFO - [2024-04-13T16:37:59.849+0000] {dag.py:3096} INFO - Sync 1 DAGs
[2024-04-13T16:37:59.875+0000] {logging_mixin.py:188} INFO - [2024-04-13T16:37:59.875+0000] {dag.py:3954} INFO - Setting next_dagrun for example_skip_dag to 2024-04-12 00:00:00+00:00, run_after=2024-04-13 00:00:00+00:00
[2024-04-13T16:37:59.898+0000] {processor.py:183} INFO - Processing /home/airflow/.local/lib/python3.12/site-packages/airflow/example_dags/example_skip_dag.py took 0.087 seconds
[2024-04-13T16:38:30.555+0000] {processor.py:161} INFO - Started process (PID=2996) to work on /home/airflow/.local/lib/python3.12/site-packages/airflow/example_dags/example_skip_dag.py
[2024-04-13T16:38:30.556+0000] {processor.py:830} INFO - Processing file /home/airflow/.local/lib/python3.12/site-packages/airflow/example_dags/example_skip_dag.py for tasks to queue
[2024-04-13T16:38:30.557+0000] {logging_mixin.py:188} INFO - [2024-04-13T16:38:30.556+0000] {dagbag.py:540} INFO - Filling up the DagBag from /home/airflow/.local/lib/python3.12/site-packages/airflow/example_dags/example_skip_dag.py
[2024-04-13T16:38:30.560+0000] {processor.py:840} INFO - DAG(s) 'example_skip_dag' retrieved from /home/airflow/.local/lib/python3.12/site-packages/airflow/example_dags/example_skip_dag.py
[2024-04-13T16:38:30.572+0000] {logging_mixin.py:188} INFO - [2024-04-13T16:38:30.572+0000] {dag.py:3096} INFO - Sync 1 DAGs
[2024-04-13T16:38:30.582+0000] {logging_mixin.py:188} INFO - [2024-04-13T16:38:30.582+0000] {dag.py:3954} INFO - Setting next_dagrun for example_skip_dag to 2024-04-12 00:00:00+00:00, run_after=2024-04-13 00:00:00+00:00
[2024-04-13T16:38:30.591+0000] {processor.py:183} INFO - Processing /home/airflow/.local/lib/python3.12/site-packages/airflow/example_dags/example_skip_dag.py took 0.039 seconds
[2024-04-13T16:39:00.974+0000] {processor.py:161} INFO - Started process (PID=3054) to work on /home/airflow/.local/lib/python3.12/site-packages/airflow/example_dags/example_skip_dag.py
[2024-04-13T16:39:00.974+0000] {processor.py:830} INFO - Processing file /home/airflow/.local/lib/python3.12/site-packages/airflow/example_dags/example_skip_dag.py for tasks to queue
[2024-04-13T16:39:00.975+0000] {logging_mixin.py:188} INFO - [2024-04-13T16:39:00.975+0000] {dagbag.py:540} INFO - Filling up the DagBag from /home/airflow/.local/lib/python3.12/site-packages/airflow/example_dags/example_skip_dag.py
[2024-04-13T16:39:00.977+0000] {processor.py:840} INFO - DAG(s) 'example_skip_dag' retrieved from /home/airflow/.local/lib/python3.12/site-packages/airflow/example_dags/example_skip_dag.py
[2024-04-13T16:39:00.986+0000] {logging_mixin.py:188} INFO - [2024-04-13T16:39:00.986+0000] {dag.py:3096} INFO - Sync 1 DAGs
[2024-04-13T16:39:00.994+0000] {logging_mixin.py:188} INFO - [2024-04-13T16:39:00.994+0000] {dag.py:3954} INFO - Setting next_dagrun for example_skip_dag to 2024-04-12 00:00:00+00:00, run_after=2024-04-13 00:00:00+00:00
[2024-04-13T16:39:01.000+0000] {processor.py:183} INFO - Processing /home/airflow/.local/lib/python3.12/site-packages/airflow/example_dags/example_skip_dag.py took 0.029 seconds
[2024-04-13T16:39:31.540+0000] {processor.py:161} INFO - Started process (PID=3111) to work on /home/airflow/.local/lib/python3.12/site-packages/airflow/example_dags/example_skip_dag.py
[2024-04-13T16:39:31.541+0000] {processor.py:830} INFO - Processing file /home/airflow/.local/lib/python3.12/site-packages/airflow/example_dags/example_skip_dag.py for tasks to queue
[2024-04-13T16:39:31.542+0000] {logging_mixin.py:188} INFO - [2024-04-13T16:39:31.541+0000] {dagbag.py:540} INFO - Filling up the DagBag from /home/airflow/.local/lib/python3.12/site-packages/airflow/example_dags/example_skip_dag.py
[2024-04-13T16:39:31.544+0000] {processor.py:840} INFO - DAG(s) 'example_skip_dag' retrieved from /home/airflow/.local/lib/python3.12/site-packages/airflow/example_dags/example_skip_dag.py
[2024-04-13T16:39:31.553+0000] {logging_mixin.py:188} INFO - [2024-04-13T16:39:31.553+0000] {dag.py:3096} INFO - Sync 1 DAGs
[2024-04-13T16:39:31.561+0000] {logging_mixin.py:188} INFO - [2024-04-13T16:39:31.561+0000] {dag.py:3954} INFO - Setting next_dagrun for example_skip_dag to 2024-04-12 00:00:00+00:00, run_after=2024-04-13 00:00:00+00:00
[2024-04-13T16:39:31.567+0000] {processor.py:183} INFO - Processing /home/airflow/.local/lib/python3.12/site-packages/airflow/example_dags/example_skip_dag.py took 0.029 seconds
[2024-04-13T16:40:02.055+0000] {processor.py:161} INFO - Started process (PID=3169) to work on /home/airflow/.local/lib/python3.12/site-packages/airflow/example_dags/example_skip_dag.py
[2024-04-13T16:40:02.056+0000] {processor.py:830} INFO - Processing file /home/airflow/.local/lib/python3.12/site-packages/airflow/example_dags/example_skip_dag.py for tasks to queue
[2024-04-13T16:40:02.057+0000] {logging_mixin.py:188} INFO - [2024-04-13T16:40:02.057+0000] {dagbag.py:540} INFO - Filling up the DagBag from /home/airflow/.local/lib/python3.12/site-packages/airflow/example_dags/example_skip_dag.py
[2024-04-13T16:40:02.059+0000] {processor.py:840} INFO - DAG(s) 'example_skip_dag' retrieved from /home/airflow/.local/lib/python3.12/site-packages/airflow/example_dags/example_skip_dag.py
[2024-04-13T16:40:02.068+0000] {logging_mixin.py:188} INFO - [2024-04-13T16:40:02.068+0000] {dag.py:3096} INFO - Sync 1 DAGs
[2024-04-13T16:40:02.076+0000] {logging_mixin.py:188} INFO - [2024-04-13T16:40:02.076+0000] {dag.py:3954} INFO - Setting next_dagrun for example_skip_dag to 2024-04-12 00:00:00+00:00, run_after=2024-04-13 00:00:00+00:00
[2024-04-13T16:40:02.083+0000] {processor.py:183} INFO - Processing /home/airflow/.local/lib/python3.12/site-packages/airflow/example_dags/example_skip_dag.py took 0.030 seconds
[2024-04-13T16:40:32.564+0000] {processor.py:161} INFO - Started process (PID=3227) to work on /home/airflow/.local/lib/python3.12/site-packages/airflow/example_dags/example_skip_dag.py
[2024-04-13T16:40:32.564+0000] {processor.py:830} INFO - Processing file /home/airflow/.local/lib/python3.12/site-packages/airflow/example_dags/example_skip_dag.py for tasks to queue
[2024-04-13T16:40:32.565+0000] {logging_mixin.py:188} INFO - [2024-04-13T16:40:32.565+0000] {dagbag.py:540} INFO - Filling up the DagBag from /home/airflow/.local/lib/python3.12/site-packages/airflow/example_dags/example_skip_dag.py
[2024-04-13T16:40:32.568+0000] {processor.py:840} INFO - DAG(s) 'example_skip_dag' retrieved from /home/airflow/.local/lib/python3.12/site-packages/airflow/example_dags/example_skip_dag.py
[2024-04-13T16:40:32.577+0000] {logging_mixin.py:188} INFO - [2024-04-13T16:40:32.577+0000] {dag.py:3096} INFO - Sync 1 DAGs
[2024-04-13T16:40:32.585+0000] {logging_mixin.py:188} INFO - [2024-04-13T16:40:32.585+0000] {dag.py:3954} INFO - Setting next_dagrun for example_skip_dag to 2024-04-12 00:00:00+00:00, run_after=2024-04-13 00:00:00+00:00
[2024-04-13T16:40:32.591+0000] {processor.py:183} INFO - Processing /home/airflow/.local/lib/python3.12/site-packages/airflow/example_dags/example_skip_dag.py took 0.030 seconds
[2024-04-13T16:41:03.135+0000] {processor.py:161} INFO - Started process (PID=3285) to work on /home/airflow/.local/lib/python3.12/site-packages/airflow/example_dags/example_skip_dag.py
[2024-04-13T16:41:03.136+0000] {processor.py:830} INFO - Processing file /home/airflow/.local/lib/python3.12/site-packages/airflow/example_dags/example_skip_dag.py for tasks to queue
[2024-04-13T16:41:03.136+0000] {logging_mixin.py:188} INFO - [2024-04-13T16:41:03.136+0000] {dagbag.py:540} INFO - Filling up the DagBag from /home/airflow/.local/lib/python3.12/site-packages/airflow/example_dags/example_skip_dag.py
[2024-04-13T16:41:03.139+0000] {processor.py:840} INFO - DAG(s) 'example_skip_dag' retrieved from /home/airflow/.local/lib/python3.12/site-packages/airflow/example_dags/example_skip_dag.py
[2024-04-13T16:41:03.147+0000] {logging_mixin.py:188} INFO - [2024-04-13T16:41:03.147+0000] {dag.py:3096} INFO - Sync 1 DAGs
[2024-04-13T16:41:03.155+0000] {logging_mixin.py:188} INFO - [2024-04-13T16:41:03.155+0000] {dag.py:3954} INFO - Setting next_dagrun for example_skip_dag to 2024-04-12 00:00:00+00:00, run_after=2024-04-13 00:00:00+00:00
[2024-04-13T16:41:03.161+0000] {processor.py:183} INFO - Processing /home/airflow/.local/lib/python3.12/site-packages/airflow/example_dags/example_skip_dag.py took 0.029 seconds
