[2024-04-13T16:12:30.706+0000] {processor.py:161} INFO - Started process (PID=42) to work on /home/airflow/.local/lib/python3.12/site-packages/airflow/example_dags/example_latest_only_with_trigger.py
[2024-04-13T16:12:30.708+0000] {processor.py:830} INFO - Processing file /home/airflow/.local/lib/python3.12/site-packages/airflow/example_dags/example_latest_only_with_trigger.py for tasks to queue
[2024-04-13T16:12:30.711+0000] {logging_mixin.py:188} INFO - [2024-04-13T16:12:30.710+0000] {dagbag.py:540} INFO - Filling up the DagBag from /home/airflow/.local/lib/python3.12/site-packages/airflow/example_dags/example_latest_only_with_trigger.py
[2024-04-13T16:12:30.718+0000] {processor.py:840} INFO - DAG(s) 'latest_only_with_trigger' retrieved from /home/airflow/.local/lib/python3.12/site-packages/airflow/example_dags/example_latest_only_with_trigger.py
[2024-04-13T16:12:30.730+0000] {logging_mixin.py:188} INFO - [2024-04-13T16:12:30.730+0000] {dag.py:3096} INFO - Sync 1 DAGs
[2024-04-13T16:12:30.752+0000] {logging_mixin.py:188} INFO - [2024-04-13T16:12:30.752+0000] {dag.py:3954} INFO - Setting next_dagrun for latest_only_with_trigger to 2024-04-13 12:00:00+00:00, run_after=2024-04-13 16:00:00+00:00
[2024-04-13T16:12:30.765+0000] {processor.py:183} INFO - Processing /home/airflow/.local/lib/python3.12/site-packages/airflow/example_dags/example_latest_only_with_trigger.py took 0.065 seconds
[2024-04-13T16:13:01.518+0000] {processor.py:161} INFO - Started process (PID=100) to work on /home/airflow/.local/lib/python3.12/site-packages/airflow/example_dags/example_latest_only_with_trigger.py
[2024-04-13T16:13:01.518+0000] {processor.py:830} INFO - Processing file /home/airflow/.local/lib/python3.12/site-packages/airflow/example_dags/example_latest_only_with_trigger.py for tasks to queue
[2024-04-13T16:13:01.519+0000] {logging_mixin.py:188} INFO - [2024-04-13T16:13:01.519+0000] {dagbag.py:540} INFO - Filling up the DagBag from /home/airflow/.local/lib/python3.12/site-packages/airflow/example_dags/example_latest_only_with_trigger.py
[2024-04-13T16:13:01.521+0000] {processor.py:840} INFO - DAG(s) 'latest_only_with_trigger' retrieved from /home/airflow/.local/lib/python3.12/site-packages/airflow/example_dags/example_latest_only_with_trigger.py
[2024-04-13T16:13:01.563+0000] {logging_mixin.py:188} INFO - [2024-04-13T16:13:01.563+0000] {dag.py:3096} INFO - Sync 1 DAGs
[2024-04-13T16:13:01.571+0000] {logging_mixin.py:188} INFO - [2024-04-13T16:13:01.570+0000] {dag.py:3954} INFO - Setting next_dagrun for latest_only_with_trigger to 2024-04-13 12:00:00+00:00, run_after=2024-04-13 16:00:00+00:00
[2024-04-13T16:13:01.578+0000] {processor.py:183} INFO - Processing /home/airflow/.local/lib/python3.12/site-packages/airflow/example_dags/example_latest_only_with_trigger.py took 0.063 seconds
[2024-04-13T16:13:31.700+0000] {processor.py:161} INFO - Started process (PID=157) to work on /home/airflow/.local/lib/python3.12/site-packages/airflow/example_dags/example_latest_only_with_trigger.py
[2024-04-13T16:13:31.701+0000] {processor.py:830} INFO - Processing file /home/airflow/.local/lib/python3.12/site-packages/airflow/example_dags/example_latest_only_with_trigger.py for tasks to queue
[2024-04-13T16:13:31.701+0000] {logging_mixin.py:188} INFO - [2024-04-13T16:13:31.701+0000] {dagbag.py:540} INFO - Filling up the DagBag from /home/airflow/.local/lib/python3.12/site-packages/airflow/example_dags/example_latest_only_with_trigger.py
[2024-04-13T16:13:31.704+0000] {processor.py:840} INFO - DAG(s) 'latest_only_with_trigger' retrieved from /home/airflow/.local/lib/python3.12/site-packages/airflow/example_dags/example_latest_only_with_trigger.py
[2024-04-13T16:13:31.712+0000] {logging_mixin.py:188} INFO - [2024-04-13T16:13:31.712+0000] {dag.py:3096} INFO - Sync 1 DAGs
[2024-04-13T16:13:31.721+0000] {logging_mixin.py:188} INFO - [2024-04-13T16:13:31.721+0000] {dag.py:3954} INFO - Setting next_dagrun for latest_only_with_trigger to 2024-04-13 12:00:00+00:00, run_after=2024-04-13 16:00:00+00:00
[2024-04-13T16:13:31.728+0000] {processor.py:183} INFO - Processing /home/airflow/.local/lib/python3.12/site-packages/airflow/example_dags/example_latest_only_with_trigger.py took 0.030 seconds
[2024-04-13T16:14:02.201+0000] {processor.py:161} INFO - Started process (PID=216) to work on /home/airflow/.local/lib/python3.12/site-packages/airflow/example_dags/example_latest_only_with_trigger.py
[2024-04-13T16:14:02.202+0000] {processor.py:830} INFO - Processing file /home/airflow/.local/lib/python3.12/site-packages/airflow/example_dags/example_latest_only_with_trigger.py for tasks to queue
[2024-04-13T16:14:02.202+0000] {logging_mixin.py:188} INFO - [2024-04-13T16:14:02.202+0000] {dagbag.py:540} INFO - Filling up the DagBag from /home/airflow/.local/lib/python3.12/site-packages/airflow/example_dags/example_latest_only_with_trigger.py
[2024-04-13T16:14:02.205+0000] {processor.py:840} INFO - DAG(s) 'latest_only_with_trigger' retrieved from /home/airflow/.local/lib/python3.12/site-packages/airflow/example_dags/example_latest_only_with_trigger.py
[2024-04-13T16:14:02.213+0000] {logging_mixin.py:188} INFO - [2024-04-13T16:14:02.213+0000] {dag.py:3096} INFO - Sync 1 DAGs
[2024-04-13T16:14:02.221+0000] {logging_mixin.py:188} INFO - [2024-04-13T16:14:02.221+0000] {dag.py:3954} INFO - Setting next_dagrun for latest_only_with_trigger to 2024-04-13 12:00:00+00:00, run_after=2024-04-13 16:00:00+00:00
[2024-04-13T16:14:02.227+0000] {processor.py:183} INFO - Processing /home/airflow/.local/lib/python3.12/site-packages/airflow/example_dags/example_latest_only_with_trigger.py took 0.029 seconds
[2024-04-13T16:14:32.641+0000] {processor.py:161} INFO - Started process (PID=274) to work on /home/airflow/.local/lib/python3.12/site-packages/airflow/example_dags/example_latest_only_with_trigger.py
[2024-04-13T16:14:32.642+0000] {processor.py:830} INFO - Processing file /home/airflow/.local/lib/python3.12/site-packages/airflow/example_dags/example_latest_only_with_trigger.py for tasks to queue
[2024-04-13T16:14:32.643+0000] {logging_mixin.py:188} INFO - [2024-04-13T16:14:32.642+0000] {dagbag.py:540} INFO - Filling up the DagBag from /home/airflow/.local/lib/python3.12/site-packages/airflow/example_dags/example_latest_only_with_trigger.py
[2024-04-13T16:14:32.645+0000] {processor.py:840} INFO - DAG(s) 'latest_only_with_trigger' retrieved from /home/airflow/.local/lib/python3.12/site-packages/airflow/example_dags/example_latest_only_with_trigger.py
[2024-04-13T16:14:32.654+0000] {logging_mixin.py:188} INFO - [2024-04-13T16:14:32.654+0000] {dag.py:3096} INFO - Sync 1 DAGs
[2024-04-13T16:14:32.662+0000] {logging_mixin.py:188} INFO - [2024-04-13T16:14:32.662+0000] {dag.py:3954} INFO - Setting next_dagrun for latest_only_with_trigger to 2024-04-13 12:00:00+00:00, run_after=2024-04-13 16:00:00+00:00
[2024-04-13T16:14:32.669+0000] {processor.py:183} INFO - Processing /home/airflow/.local/lib/python3.12/site-packages/airflow/example_dags/example_latest_only_with_trigger.py took 0.030 seconds
[2024-04-13T16:15:03.221+0000] {processor.py:161} INFO - Started process (PID=332) to work on /home/airflow/.local/lib/python3.12/site-packages/airflow/example_dags/example_latest_only_with_trigger.py
[2024-04-13T16:15:03.221+0000] {processor.py:830} INFO - Processing file /home/airflow/.local/lib/python3.12/site-packages/airflow/example_dags/example_latest_only_with_trigger.py for tasks to queue
[2024-04-13T16:15:03.222+0000] {logging_mixin.py:188} INFO - [2024-04-13T16:15:03.222+0000] {dagbag.py:540} INFO - Filling up the DagBag from /home/airflow/.local/lib/python3.12/site-packages/airflow/example_dags/example_latest_only_with_trigger.py
[2024-04-13T16:15:03.224+0000] {processor.py:840} INFO - DAG(s) 'latest_only_with_trigger' retrieved from /home/airflow/.local/lib/python3.12/site-packages/airflow/example_dags/example_latest_only_with_trigger.py
[2024-04-13T16:15:03.233+0000] {logging_mixin.py:188} INFO - [2024-04-13T16:15:03.233+0000] {dag.py:3096} INFO - Sync 1 DAGs
[2024-04-13T16:15:03.241+0000] {logging_mixin.py:188} INFO - [2024-04-13T16:15:03.241+0000] {dag.py:3954} INFO - Setting next_dagrun for latest_only_with_trigger to 2024-04-13 12:00:00+00:00, run_after=2024-04-13 16:00:00+00:00
[2024-04-13T16:15:03.248+0000] {processor.py:183} INFO - Processing /home/airflow/.local/lib/python3.12/site-packages/airflow/example_dags/example_latest_only_with_trigger.py took 0.030 seconds
[2024-04-13T16:15:33.688+0000] {processor.py:161} INFO - Started process (PID=390) to work on /home/airflow/.local/lib/python3.12/site-packages/airflow/example_dags/example_latest_only_with_trigger.py
[2024-04-13T16:15:33.688+0000] {processor.py:830} INFO - Processing file /home/airflow/.local/lib/python3.12/site-packages/airflow/example_dags/example_latest_only_with_trigger.py for tasks to queue
[2024-04-13T16:15:33.689+0000] {logging_mixin.py:188} INFO - [2024-04-13T16:15:33.689+0000] {dagbag.py:540} INFO - Filling up the DagBag from /home/airflow/.local/lib/python3.12/site-packages/airflow/example_dags/example_latest_only_with_trigger.py
[2024-04-13T16:15:33.691+0000] {processor.py:840} INFO - DAG(s) 'latest_only_with_trigger' retrieved from /home/airflow/.local/lib/python3.12/site-packages/airflow/example_dags/example_latest_only_with_trigger.py
[2024-04-13T16:15:33.700+0000] {logging_mixin.py:188} INFO - [2024-04-13T16:15:33.700+0000] {dag.py:3096} INFO - Sync 1 DAGs
[2024-04-13T16:15:33.708+0000] {logging_mixin.py:188} INFO - [2024-04-13T16:15:33.708+0000] {dag.py:3954} INFO - Setting next_dagrun for latest_only_with_trigger to 2024-04-13 12:00:00+00:00, run_after=2024-04-13 16:00:00+00:00
[2024-04-13T16:15:33.715+0000] {processor.py:183} INFO - Processing /home/airflow/.local/lib/python3.12/site-packages/airflow/example_dags/example_latest_only_with_trigger.py took 0.029 seconds
[2024-04-13T16:16:04.203+0000] {processor.py:161} INFO - Started process (PID=448) to work on /home/airflow/.local/lib/python3.12/site-packages/airflow/example_dags/example_latest_only_with_trigger.py
[2024-04-13T16:16:04.204+0000] {processor.py:830} INFO - Processing file /home/airflow/.local/lib/python3.12/site-packages/airflow/example_dags/example_latest_only_with_trigger.py for tasks to queue
[2024-04-13T16:16:04.205+0000] {logging_mixin.py:188} INFO - [2024-04-13T16:16:04.204+0000] {dagbag.py:540} INFO - Filling up the DagBag from /home/airflow/.local/lib/python3.12/site-packages/airflow/example_dags/example_latest_only_with_trigger.py
[2024-04-13T16:16:04.207+0000] {processor.py:840} INFO - DAG(s) 'latest_only_with_trigger' retrieved from /home/airflow/.local/lib/python3.12/site-packages/airflow/example_dags/example_latest_only_with_trigger.py
[2024-04-13T16:16:04.215+0000] {logging_mixin.py:188} INFO - [2024-04-13T16:16:04.215+0000] {dag.py:3096} INFO - Sync 1 DAGs
[2024-04-13T16:16:04.223+0000] {logging_mixin.py:188} INFO - [2024-04-13T16:16:04.223+0000] {dag.py:3954} INFO - Setting next_dagrun for latest_only_with_trigger to 2024-04-13 12:00:00+00:00, run_after=2024-04-13 16:00:00+00:00
[2024-04-13T16:16:04.230+0000] {processor.py:183} INFO - Processing /home/airflow/.local/lib/python3.12/site-packages/airflow/example_dags/example_latest_only_with_trigger.py took 0.029 seconds
[2024-04-13T16:16:34.812+0000] {processor.py:161} INFO - Started process (PID=506) to work on /home/airflow/.local/lib/python3.12/site-packages/airflow/example_dags/example_latest_only_with_trigger.py
[2024-04-13T16:16:34.813+0000] {processor.py:830} INFO - Processing file /home/airflow/.local/lib/python3.12/site-packages/airflow/example_dags/example_latest_only_with_trigger.py for tasks to queue
[2024-04-13T16:16:34.814+0000] {logging_mixin.py:188} INFO - [2024-04-13T16:16:34.814+0000] {dagbag.py:540} INFO - Filling up the DagBag from /home/airflow/.local/lib/python3.12/site-packages/airflow/example_dags/example_latest_only_with_trigger.py
[2024-04-13T16:16:34.816+0000] {processor.py:840} INFO - DAG(s) 'latest_only_with_trigger' retrieved from /home/airflow/.local/lib/python3.12/site-packages/airflow/example_dags/example_latest_only_with_trigger.py
[2024-04-13T16:16:34.825+0000] {logging_mixin.py:188} INFO - [2024-04-13T16:16:34.825+0000] {dag.py:3096} INFO - Sync 1 DAGs
[2024-04-13T16:16:34.833+0000] {logging_mixin.py:188} INFO - [2024-04-13T16:16:34.832+0000] {dag.py:3954} INFO - Setting next_dagrun for latest_only_with_trigger to 2024-04-13 12:00:00+00:00, run_after=2024-04-13 16:00:00+00:00
[2024-04-13T16:16:34.839+0000] {processor.py:183} INFO - Processing /home/airflow/.local/lib/python3.12/site-packages/airflow/example_dags/example_latest_only_with_trigger.py took 0.029 seconds
[2024-04-13T16:17:05.477+0000] {processor.py:161} INFO - Started process (PID=564) to work on /home/airflow/.local/lib/python3.12/site-packages/airflow/example_dags/example_latest_only_with_trigger.py
[2024-04-13T16:17:05.478+0000] {processor.py:830} INFO - Processing file /home/airflow/.local/lib/python3.12/site-packages/airflow/example_dags/example_latest_only_with_trigger.py for tasks to queue
[2024-04-13T16:17:05.478+0000] {logging_mixin.py:188} INFO - [2024-04-13T16:17:05.478+0000] {dagbag.py:540} INFO - Filling up the DagBag from /home/airflow/.local/lib/python3.12/site-packages/airflow/example_dags/example_latest_only_with_trigger.py
[2024-04-13T16:17:05.481+0000] {processor.py:840} INFO - DAG(s) 'latest_only_with_trigger' retrieved from /home/airflow/.local/lib/python3.12/site-packages/airflow/example_dags/example_latest_only_with_trigger.py
[2024-04-13T16:17:05.489+0000] {logging_mixin.py:188} INFO - [2024-04-13T16:17:05.489+0000] {dag.py:3096} INFO - Sync 1 DAGs
[2024-04-13T16:17:05.497+0000] {logging_mixin.py:188} INFO - [2024-04-13T16:17:05.497+0000] {dag.py:3954} INFO - Setting next_dagrun for latest_only_with_trigger to 2024-04-13 12:00:00+00:00, run_after=2024-04-13 16:00:00+00:00
[2024-04-13T16:17:05.503+0000] {processor.py:183} INFO - Processing /home/airflow/.local/lib/python3.12/site-packages/airflow/example_dags/example_latest_only_with_trigger.py took 0.029 seconds
[2024-04-13T16:17:36.023+0000] {processor.py:161} INFO - Started process (PID=622) to work on /home/airflow/.local/lib/python3.12/site-packages/airflow/example_dags/example_latest_only_with_trigger.py
[2024-04-13T16:17:36.024+0000] {processor.py:830} INFO - Processing file /home/airflow/.local/lib/python3.12/site-packages/airflow/example_dags/example_latest_only_with_trigger.py for tasks to queue
[2024-04-13T16:17:36.025+0000] {logging_mixin.py:188} INFO - [2024-04-13T16:17:36.025+0000] {dagbag.py:540} INFO - Filling up the DagBag from /home/airflow/.local/lib/python3.12/site-packages/airflow/example_dags/example_latest_only_with_trigger.py
[2024-04-13T16:17:36.027+0000] {processor.py:840} INFO - DAG(s) 'latest_only_with_trigger' retrieved from /home/airflow/.local/lib/python3.12/site-packages/airflow/example_dags/example_latest_only_with_trigger.py
[2024-04-13T16:17:36.036+0000] {logging_mixin.py:188} INFO - [2024-04-13T16:17:36.036+0000] {dag.py:3096} INFO - Sync 1 DAGs
[2024-04-13T16:17:36.045+0000] {logging_mixin.py:188} INFO - [2024-04-13T16:17:36.045+0000] {dag.py:3954} INFO - Setting next_dagrun for latest_only_with_trigger to 2024-04-13 12:00:00+00:00, run_after=2024-04-13 16:00:00+00:00
[2024-04-13T16:17:36.052+0000] {processor.py:183} INFO - Processing /home/airflow/.local/lib/python3.12/site-packages/airflow/example_dags/example_latest_only_with_trigger.py took 0.031 seconds
[2024-04-13T16:18:06.689+0000] {processor.py:161} INFO - Started process (PID=680) to work on /home/airflow/.local/lib/python3.12/site-packages/airflow/example_dags/example_latest_only_with_trigger.py
[2024-04-13T16:18:06.690+0000] {processor.py:830} INFO - Processing file /home/airflow/.local/lib/python3.12/site-packages/airflow/example_dags/example_latest_only_with_trigger.py for tasks to queue
[2024-04-13T16:18:06.691+0000] {logging_mixin.py:188} INFO - [2024-04-13T16:18:06.691+0000] {dagbag.py:540} INFO - Filling up the DagBag from /home/airflow/.local/lib/python3.12/site-packages/airflow/example_dags/example_latest_only_with_trigger.py
[2024-04-13T16:18:06.693+0000] {processor.py:840} INFO - DAG(s) 'latest_only_with_trigger' retrieved from /home/airflow/.local/lib/python3.12/site-packages/airflow/example_dags/example_latest_only_with_trigger.py
[2024-04-13T16:18:06.702+0000] {logging_mixin.py:188} INFO - [2024-04-13T16:18:06.702+0000] {dag.py:3096} INFO - Sync 1 DAGs
[2024-04-13T16:18:06.711+0000] {logging_mixin.py:188} INFO - [2024-04-13T16:18:06.711+0000] {dag.py:3954} INFO - Setting next_dagrun for latest_only_with_trigger to 2024-04-13 12:00:00+00:00, run_after=2024-04-13 16:00:00+00:00
[2024-04-13T16:18:06.718+0000] {processor.py:183} INFO - Processing /home/airflow/.local/lib/python3.12/site-packages/airflow/example_dags/example_latest_only_with_trigger.py took 0.031 seconds
[2024-04-13T16:18:37.447+0000] {processor.py:161} INFO - Started process (PID=738) to work on /home/airflow/.local/lib/python3.12/site-packages/airflow/example_dags/example_latest_only_with_trigger.py
[2024-04-13T16:18:37.447+0000] {processor.py:830} INFO - Processing file /home/airflow/.local/lib/python3.12/site-packages/airflow/example_dags/example_latest_only_with_trigger.py for tasks to queue
[2024-04-13T16:18:37.448+0000] {logging_mixin.py:188} INFO - [2024-04-13T16:18:37.448+0000] {dagbag.py:540} INFO - Filling up the DagBag from /home/airflow/.local/lib/python3.12/site-packages/airflow/example_dags/example_latest_only_with_trigger.py
[2024-04-13T16:18:37.450+0000] {processor.py:840} INFO - DAG(s) 'latest_only_with_trigger' retrieved from /home/airflow/.local/lib/python3.12/site-packages/airflow/example_dags/example_latest_only_with_trigger.py
[2024-04-13T16:18:37.460+0000] {logging_mixin.py:188} INFO - [2024-04-13T16:18:37.459+0000] {dag.py:3096} INFO - Sync 1 DAGs
[2024-04-13T16:18:37.468+0000] {logging_mixin.py:188} INFO - [2024-04-13T16:18:37.468+0000] {dag.py:3954} INFO - Setting next_dagrun for latest_only_with_trigger to 2024-04-13 12:00:00+00:00, run_after=2024-04-13 16:00:00+00:00
[2024-04-13T16:18:37.475+0000] {processor.py:183} INFO - Processing /home/airflow/.local/lib/python3.12/site-packages/airflow/example_dags/example_latest_only_with_trigger.py took 0.031 seconds
[2024-04-13T16:19:07.930+0000] {processor.py:161} INFO - Started process (PID=795) to work on /home/airflow/.local/lib/python3.12/site-packages/airflow/example_dags/example_latest_only_with_trigger.py
[2024-04-13T16:19:07.931+0000] {processor.py:830} INFO - Processing file /home/airflow/.local/lib/python3.12/site-packages/airflow/example_dags/example_latest_only_with_trigger.py for tasks to queue
[2024-04-13T16:19:07.932+0000] {logging_mixin.py:188} INFO - [2024-04-13T16:19:07.931+0000] {dagbag.py:540} INFO - Filling up the DagBag from /home/airflow/.local/lib/python3.12/site-packages/airflow/example_dags/example_latest_only_with_trigger.py
[2024-04-13T16:19:07.934+0000] {processor.py:840} INFO - DAG(s) 'latest_only_with_trigger' retrieved from /home/airflow/.local/lib/python3.12/site-packages/airflow/example_dags/example_latest_only_with_trigger.py
[2024-04-13T16:19:07.943+0000] {logging_mixin.py:188} INFO - [2024-04-13T16:19:07.943+0000] {dag.py:3096} INFO - Sync 1 DAGs
[2024-04-13T16:19:07.952+0000] {logging_mixin.py:188} INFO - [2024-04-13T16:19:07.952+0000] {dag.py:3954} INFO - Setting next_dagrun for latest_only_with_trigger to 2024-04-13 12:00:00+00:00, run_after=2024-04-13 16:00:00+00:00
[2024-04-13T16:19:07.959+0000] {processor.py:183} INFO - Processing /home/airflow/.local/lib/python3.12/site-packages/airflow/example_dags/example_latest_only_with_trigger.py took 0.032 seconds
