[2024-04-13T16:12:31.300+0000] {processor.py:161} INFO - Started process (PID=53) to work on /home/airflow/.local/lib/python3.12/site-packages/airflow/example_dags/example_complex.py
[2024-04-13T16:12:31.302+0000] {processor.py:830} INFO - Processing file /home/airflow/.local/lib/python3.12/site-packages/airflow/example_dags/example_complex.py for tasks to queue
[2024-04-13T16:12:31.307+0000] {logging_mixin.py:188} INFO - [2024-04-13T16:12:31.306+0000] {dagbag.py:540} INFO - Filling up the DagBag from /home/airflow/.local/lib/python3.12/site-packages/airflow/example_dags/example_complex.py
[2024-04-13T16:12:31.313+0000] {processor.py:840} INFO - DAG(s) 'example_complex' retrieved from /home/airflow/.local/lib/python3.12/site-packages/airflow/example_dags/example_complex.py
[2024-04-13T16:12:31.322+0000] {logging_mixin.py:188} INFO - [2024-04-13T16:12:31.322+0000] {dag.py:3096} INFO - Sync 1 DAGs
[2024-04-13T16:12:31.329+0000] {logging_mixin.py:188} INFO - [2024-04-13T16:12:31.329+0000] {dag.py:3954} INFO - Setting next_dagrun for example_complex to None, run_after=None
[2024-04-13T16:12:31.340+0000] {processor.py:183} INFO - Processing /home/airflow/.local/lib/python3.12/site-packages/airflow/example_dags/example_complex.py took 0.045 seconds
[2024-04-13T16:13:02.017+0000] {processor.py:161} INFO - Started process (PID=111) to work on /home/airflow/.local/lib/python3.12/site-packages/airflow/example_dags/example_complex.py
[2024-04-13T16:13:02.017+0000] {processor.py:830} INFO - Processing file /home/airflow/.local/lib/python3.12/site-packages/airflow/example_dags/example_complex.py for tasks to queue
[2024-04-13T16:13:02.018+0000] {logging_mixin.py:188} INFO - [2024-04-13T16:13:02.018+0000] {dagbag.py:540} INFO - Filling up the DagBag from /home/airflow/.local/lib/python3.12/site-packages/airflow/example_dags/example_complex.py
[2024-04-13T16:13:02.022+0000] {processor.py:840} INFO - DAG(s) 'example_complex' retrieved from /home/airflow/.local/lib/python3.12/site-packages/airflow/example_dags/example_complex.py
[2024-04-13T16:13:02.062+0000] {logging_mixin.py:188} INFO - [2024-04-13T16:13:02.062+0000] {dag.py:3096} INFO - Sync 1 DAGs
[2024-04-13T16:13:02.067+0000] {logging_mixin.py:188} INFO - [2024-04-13T16:13:02.067+0000] {dag.py:3954} INFO - Setting next_dagrun for example_complex to None, run_after=None
[2024-04-13T16:13:02.074+0000] {processor.py:183} INFO - Processing /home/airflow/.local/lib/python3.12/site-packages/airflow/example_dags/example_complex.py took 0.060 seconds
[2024-04-13T16:13:33.016+0000] {processor.py:161} INFO - Started process (PID=169) to work on /home/airflow/.local/lib/python3.12/site-packages/airflow/example_dags/example_complex.py
[2024-04-13T16:13:33.016+0000] {processor.py:830} INFO - Processing file /home/airflow/.local/lib/python3.12/site-packages/airflow/example_dags/example_complex.py for tasks to queue
[2024-04-13T16:13:33.017+0000] {logging_mixin.py:188} INFO - [2024-04-13T16:13:33.017+0000] {dagbag.py:540} INFO - Filling up the DagBag from /home/airflow/.local/lib/python3.12/site-packages/airflow/example_dags/example_complex.py
[2024-04-13T16:13:33.021+0000] {processor.py:840} INFO - DAG(s) 'example_complex' retrieved from /home/airflow/.local/lib/python3.12/site-packages/airflow/example_dags/example_complex.py
[2024-04-13T16:13:33.033+0000] {logging_mixin.py:188} INFO - [2024-04-13T16:13:33.032+0000] {dag.py:3096} INFO - Sync 1 DAGs
[2024-04-13T16:13:33.037+0000] {logging_mixin.py:188} INFO - [2024-04-13T16:13:33.037+0000] {dag.py:3954} INFO - Setting next_dagrun for example_complex to None, run_after=None
[2024-04-13T16:13:33.044+0000] {processor.py:183} INFO - Processing /home/airflow/.local/lib/python3.12/site-packages/airflow/example_dags/example_complex.py took 0.031 seconds
[2024-04-13T16:14:03.496+0000] {processor.py:161} INFO - Started process (PID=227) to work on /home/airflow/.local/lib/python3.12/site-packages/airflow/example_dags/example_complex.py
[2024-04-13T16:14:03.497+0000] {processor.py:830} INFO - Processing file /home/airflow/.local/lib/python3.12/site-packages/airflow/example_dags/example_complex.py for tasks to queue
[2024-04-13T16:14:03.497+0000] {logging_mixin.py:188} INFO - [2024-04-13T16:14:03.497+0000] {dagbag.py:540} INFO - Filling up the DagBag from /home/airflow/.local/lib/python3.12/site-packages/airflow/example_dags/example_complex.py
[2024-04-13T16:14:03.502+0000] {processor.py:840} INFO - DAG(s) 'example_complex' retrieved from /home/airflow/.local/lib/python3.12/site-packages/airflow/example_dags/example_complex.py
[2024-04-13T16:14:03.514+0000] {logging_mixin.py:188} INFO - [2024-04-13T16:14:03.514+0000] {dag.py:3096} INFO - Sync 1 DAGs
[2024-04-13T16:14:03.519+0000] {logging_mixin.py:188} INFO - [2024-04-13T16:14:03.519+0000] {dag.py:3954} INFO - Setting next_dagrun for example_complex to None, run_after=None
[2024-04-13T16:14:03.526+0000] {processor.py:183} INFO - Processing /home/airflow/.local/lib/python3.12/site-packages/airflow/example_dags/example_complex.py took 0.033 seconds
[2024-04-13T16:14:33.920+0000] {processor.py:161} INFO - Started process (PID=285) to work on /home/airflow/.local/lib/python3.12/site-packages/airflow/example_dags/example_complex.py
[2024-04-13T16:14:33.921+0000] {processor.py:830} INFO - Processing file /home/airflow/.local/lib/python3.12/site-packages/airflow/example_dags/example_complex.py for tasks to queue
[2024-04-13T16:14:33.921+0000] {logging_mixin.py:188} INFO - [2024-04-13T16:14:33.921+0000] {dagbag.py:540} INFO - Filling up the DagBag from /home/airflow/.local/lib/python3.12/site-packages/airflow/example_dags/example_complex.py
[2024-04-13T16:14:33.926+0000] {processor.py:840} INFO - DAG(s) 'example_complex' retrieved from /home/airflow/.local/lib/python3.12/site-packages/airflow/example_dags/example_complex.py
[2024-04-13T16:14:33.938+0000] {logging_mixin.py:188} INFO - [2024-04-13T16:14:33.938+0000] {dag.py:3096} INFO - Sync 1 DAGs
[2024-04-13T16:14:33.943+0000] {logging_mixin.py:188} INFO - [2024-04-13T16:14:33.943+0000] {dag.py:3954} INFO - Setting next_dagrun for example_complex to None, run_after=None
[2024-04-13T16:14:33.950+0000] {processor.py:183} INFO - Processing /home/airflow/.local/lib/python3.12/site-packages/airflow/example_dags/example_complex.py took 0.032 seconds
[2024-04-13T16:15:04.490+0000] {processor.py:161} INFO - Started process (PID=343) to work on /home/airflow/.local/lib/python3.12/site-packages/airflow/example_dags/example_complex.py
[2024-04-13T16:15:04.490+0000] {processor.py:830} INFO - Processing file /home/airflow/.local/lib/python3.12/site-packages/airflow/example_dags/example_complex.py for tasks to queue
[2024-04-13T16:15:04.491+0000] {logging_mixin.py:188} INFO - [2024-04-13T16:15:04.491+0000] {dagbag.py:540} INFO - Filling up the DagBag from /home/airflow/.local/lib/python3.12/site-packages/airflow/example_dags/example_complex.py
[2024-04-13T16:15:04.495+0000] {processor.py:840} INFO - DAG(s) 'example_complex' retrieved from /home/airflow/.local/lib/python3.12/site-packages/airflow/example_dags/example_complex.py
[2024-04-13T16:15:04.507+0000] {logging_mixin.py:188} INFO - [2024-04-13T16:15:04.507+0000] {dag.py:3096} INFO - Sync 1 DAGs
[2024-04-13T16:15:04.512+0000] {logging_mixin.py:188} INFO - [2024-04-13T16:15:04.512+0000] {dag.py:3954} INFO - Setting next_dagrun for example_complex to None, run_after=None
[2024-04-13T16:15:04.518+0000] {processor.py:183} INFO - Processing /home/airflow/.local/lib/python3.12/site-packages/airflow/example_dags/example_complex.py took 0.031 seconds
[2024-04-13T16:15:34.967+0000] {processor.py:161} INFO - Started process (PID=401) to work on /home/airflow/.local/lib/python3.12/site-packages/airflow/example_dags/example_complex.py
[2024-04-13T16:15:34.969+0000] {processor.py:830} INFO - Processing file /home/airflow/.local/lib/python3.12/site-packages/airflow/example_dags/example_complex.py for tasks to queue
[2024-04-13T16:15:34.970+0000] {logging_mixin.py:188} INFO - [2024-04-13T16:15:34.970+0000] {dagbag.py:540} INFO - Filling up the DagBag from /home/airflow/.local/lib/python3.12/site-packages/airflow/example_dags/example_complex.py
[2024-04-13T16:15:34.974+0000] {processor.py:840} INFO - DAG(s) 'example_complex' retrieved from /home/airflow/.local/lib/python3.12/site-packages/airflow/example_dags/example_complex.py
[2024-04-13T16:15:34.986+0000] {logging_mixin.py:188} INFO - [2024-04-13T16:15:34.986+0000] {dag.py:3096} INFO - Sync 1 DAGs
[2024-04-13T16:15:34.991+0000] {logging_mixin.py:188} INFO - [2024-04-13T16:15:34.991+0000] {dag.py:3954} INFO - Setting next_dagrun for example_complex to None, run_after=None
[2024-04-13T16:15:34.997+0000] {processor.py:183} INFO - Processing /home/airflow/.local/lib/python3.12/site-packages/airflow/example_dags/example_complex.py took 0.033 seconds
[2024-04-13T16:16:05.493+0000] {processor.py:161} INFO - Started process (PID=459) to work on /home/airflow/.local/lib/python3.12/site-packages/airflow/example_dags/example_complex.py
[2024-04-13T16:16:05.493+0000] {processor.py:830} INFO - Processing file /home/airflow/.local/lib/python3.12/site-packages/airflow/example_dags/example_complex.py for tasks to queue
[2024-04-13T16:16:05.494+0000] {logging_mixin.py:188} INFO - [2024-04-13T16:16:05.494+0000] {dagbag.py:540} INFO - Filling up the DagBag from /home/airflow/.local/lib/python3.12/site-packages/airflow/example_dags/example_complex.py
[2024-04-13T16:16:05.498+0000] {processor.py:840} INFO - DAG(s) 'example_complex' retrieved from /home/airflow/.local/lib/python3.12/site-packages/airflow/example_dags/example_complex.py
[2024-04-13T16:16:05.510+0000] {logging_mixin.py:188} INFO - [2024-04-13T16:16:05.510+0000] {dag.py:3096} INFO - Sync 1 DAGs
[2024-04-13T16:16:05.514+0000] {logging_mixin.py:188} INFO - [2024-04-13T16:16:05.514+0000] {dag.py:3954} INFO - Setting next_dagrun for example_complex to None, run_after=None
[2024-04-13T16:16:05.521+0000] {processor.py:183} INFO - Processing /home/airflow/.local/lib/python3.12/site-packages/airflow/example_dags/example_complex.py took 0.030 seconds
[2024-04-13T16:16:36.129+0000] {processor.py:161} INFO - Started process (PID=517) to work on /home/airflow/.local/lib/python3.12/site-packages/airflow/example_dags/example_complex.py
[2024-04-13T16:16:36.130+0000] {processor.py:830} INFO - Processing file /home/airflow/.local/lib/python3.12/site-packages/airflow/example_dags/example_complex.py for tasks to queue
[2024-04-13T16:16:36.131+0000] {logging_mixin.py:188} INFO - [2024-04-13T16:16:36.131+0000] {dagbag.py:540} INFO - Filling up the DagBag from /home/airflow/.local/lib/python3.12/site-packages/airflow/example_dags/example_complex.py
[2024-04-13T16:16:36.135+0000] {processor.py:840} INFO - DAG(s) 'example_complex' retrieved from /home/airflow/.local/lib/python3.12/site-packages/airflow/example_dags/example_complex.py
[2024-04-13T16:16:36.148+0000] {logging_mixin.py:188} INFO - [2024-04-13T16:16:36.148+0000] {dag.py:3096} INFO - Sync 1 DAGs
[2024-04-13T16:16:36.153+0000] {logging_mixin.py:188} INFO - [2024-04-13T16:16:36.153+0000] {dag.py:3954} INFO - Setting next_dagrun for example_complex to None, run_after=None
[2024-04-13T16:16:36.160+0000] {processor.py:183} INFO - Processing /home/airflow/.local/lib/python3.12/site-packages/airflow/example_dags/example_complex.py took 0.033 seconds
[2024-04-13T16:17:06.772+0000] {processor.py:161} INFO - Started process (PID=575) to work on /home/airflow/.local/lib/python3.12/site-packages/airflow/example_dags/example_complex.py
[2024-04-13T16:17:06.772+0000] {processor.py:830} INFO - Processing file /home/airflow/.local/lib/python3.12/site-packages/airflow/example_dags/example_complex.py for tasks to queue
[2024-04-13T16:17:06.773+0000] {logging_mixin.py:188} INFO - [2024-04-13T16:17:06.773+0000] {dagbag.py:540} INFO - Filling up the DagBag from /home/airflow/.local/lib/python3.12/site-packages/airflow/example_dags/example_complex.py
[2024-04-13T16:17:06.777+0000] {processor.py:840} INFO - DAG(s) 'example_complex' retrieved from /home/airflow/.local/lib/python3.12/site-packages/airflow/example_dags/example_complex.py
[2024-04-13T16:17:06.792+0000] {logging_mixin.py:188} INFO - [2024-04-13T16:17:06.792+0000] {dag.py:3096} INFO - Sync 1 DAGs
[2024-04-13T16:17:06.800+0000] {logging_mixin.py:188} INFO - [2024-04-13T16:17:06.800+0000] {dag.py:3954} INFO - Setting next_dagrun for example_complex to None, run_after=None
[2024-04-13T16:17:06.807+0000] {processor.py:183} INFO - Processing /home/airflow/.local/lib/python3.12/site-packages/airflow/example_dags/example_complex.py took 0.038 seconds
[2024-04-13T16:17:37.313+0000] {processor.py:161} INFO - Started process (PID=633) to work on /home/airflow/.local/lib/python3.12/site-packages/airflow/example_dags/example_complex.py
[2024-04-13T16:17:37.313+0000] {processor.py:830} INFO - Processing file /home/airflow/.local/lib/python3.12/site-packages/airflow/example_dags/example_complex.py for tasks to queue
[2024-04-13T16:17:37.314+0000] {logging_mixin.py:188} INFO - [2024-04-13T16:17:37.314+0000] {dagbag.py:540} INFO - Filling up the DagBag from /home/airflow/.local/lib/python3.12/site-packages/airflow/example_dags/example_complex.py
[2024-04-13T16:17:37.318+0000] {processor.py:840} INFO - DAG(s) 'example_complex' retrieved from /home/airflow/.local/lib/python3.12/site-packages/airflow/example_dags/example_complex.py
[2024-04-13T16:17:37.330+0000] {logging_mixin.py:188} INFO - [2024-04-13T16:17:37.330+0000] {dag.py:3096} INFO - Sync 1 DAGs
[2024-04-13T16:17:37.334+0000] {logging_mixin.py:188} INFO - [2024-04-13T16:17:37.334+0000] {dag.py:3954} INFO - Setting next_dagrun for example_complex to None, run_after=None
[2024-04-13T16:17:37.341+0000] {processor.py:183} INFO - Processing /home/airflow/.local/lib/python3.12/site-packages/airflow/example_dags/example_complex.py took 0.031 seconds
[2024-04-13T16:18:07.974+0000] {processor.py:161} INFO - Started process (PID=691) to work on /home/airflow/.local/lib/python3.12/site-packages/airflow/example_dags/example_complex.py
[2024-04-13T16:18:07.974+0000] {processor.py:830} INFO - Processing file /home/airflow/.local/lib/python3.12/site-packages/airflow/example_dags/example_complex.py for tasks to queue
[2024-04-13T16:18:07.975+0000] {logging_mixin.py:188} INFO - [2024-04-13T16:18:07.975+0000] {dagbag.py:540} INFO - Filling up the DagBag from /home/airflow/.local/lib/python3.12/site-packages/airflow/example_dags/example_complex.py
[2024-04-13T16:18:07.980+0000] {processor.py:840} INFO - DAG(s) 'example_complex' retrieved from /home/airflow/.local/lib/python3.12/site-packages/airflow/example_dags/example_complex.py
[2024-04-13T16:18:07.995+0000] {logging_mixin.py:188} INFO - [2024-04-13T16:18:07.995+0000] {dag.py:3096} INFO - Sync 1 DAGs
[2024-04-13T16:18:08.000+0000] {logging_mixin.py:188} INFO - [2024-04-13T16:18:08.000+0000] {dag.py:3954} INFO - Setting next_dagrun for example_complex to None, run_after=None
[2024-04-13T16:18:08.007+0000] {processor.py:183} INFO - Processing /home/airflow/.local/lib/python3.12/site-packages/airflow/example_dags/example_complex.py took 0.036 seconds
[2024-04-13T16:18:38.694+0000] {processor.py:161} INFO - Started process (PID=749) to work on /home/airflow/.local/lib/python3.12/site-packages/airflow/example_dags/example_complex.py
[2024-04-13T16:18:38.695+0000] {processor.py:830} INFO - Processing file /home/airflow/.local/lib/python3.12/site-packages/airflow/example_dags/example_complex.py for tasks to queue
[2024-04-13T16:18:38.696+0000] {logging_mixin.py:188} INFO - [2024-04-13T16:18:38.695+0000] {dagbag.py:540} INFO - Filling up the DagBag from /home/airflow/.local/lib/python3.12/site-packages/airflow/example_dags/example_complex.py
[2024-04-13T16:18:38.700+0000] {processor.py:840} INFO - DAG(s) 'example_complex' retrieved from /home/airflow/.local/lib/python3.12/site-packages/airflow/example_dags/example_complex.py
[2024-04-13T16:18:38.711+0000] {logging_mixin.py:188} INFO - [2024-04-13T16:18:38.711+0000] {dag.py:3096} INFO - Sync 1 DAGs
[2024-04-13T16:18:38.716+0000] {logging_mixin.py:188} INFO - [2024-04-13T16:18:38.716+0000] {dag.py:3954} INFO - Setting next_dagrun for example_complex to None, run_after=None
[2024-04-13T16:18:38.722+0000] {processor.py:183} INFO - Processing /home/airflow/.local/lib/python3.12/site-packages/airflow/example_dags/example_complex.py took 0.030 seconds
[2024-04-13T16:19:09.453+0000] {processor.py:161} INFO - Started process (PID=806) to work on /home/airflow/.local/lib/python3.12/site-packages/airflow/example_dags/example_complex.py
[2024-04-13T16:19:09.454+0000] {processor.py:830} INFO - Processing file /home/airflow/.local/lib/python3.12/site-packages/airflow/example_dags/example_complex.py for tasks to queue
[2024-04-13T16:19:09.454+0000] {logging_mixin.py:188} INFO - [2024-04-13T16:19:09.454+0000] {dagbag.py:540} INFO - Filling up the DagBag from /home/airflow/.local/lib/python3.12/site-packages/airflow/example_dags/example_complex.py
[2024-04-13T16:19:09.459+0000] {processor.py:840} INFO - DAG(s) 'example_complex' retrieved from /home/airflow/.local/lib/python3.12/site-packages/airflow/example_dags/example_complex.py
[2024-04-13T16:19:09.472+0000] {logging_mixin.py:188} INFO - [2024-04-13T16:19:09.472+0000] {dag.py:3096} INFO - Sync 1 DAGs
[2024-04-13T16:19:09.478+0000] {logging_mixin.py:188} INFO - [2024-04-13T16:19:09.478+0000] {dag.py:3954} INFO - Setting next_dagrun for example_complex to None, run_after=None
[2024-04-13T16:19:09.571+0000] {processor.py:183} INFO - Processing /home/airflow/.local/lib/python3.12/site-packages/airflow/example_dags/example_complex.py took 0.120 seconds
[2024-04-13T16:19:40.465+0000] {processor.py:161} INFO - Started process (PID=864) to work on /home/airflow/.local/lib/python3.12/site-packages/airflow/example_dags/example_complex.py
[2024-04-13T16:19:40.465+0000] {processor.py:830} INFO - Processing file /home/airflow/.local/lib/python3.12/site-packages/airflow/example_dags/example_complex.py for tasks to queue
[2024-04-13T16:19:40.466+0000] {logging_mixin.py:188} INFO - [2024-04-13T16:19:40.466+0000] {dagbag.py:540} INFO - Filling up the DagBag from /home/airflow/.local/lib/python3.12/site-packages/airflow/example_dags/example_complex.py
[2024-04-13T16:19:40.470+0000] {processor.py:840} INFO - DAG(s) 'example_complex' retrieved from /home/airflow/.local/lib/python3.12/site-packages/airflow/example_dags/example_complex.py
[2024-04-13T16:19:40.483+0000] {logging_mixin.py:188} INFO - [2024-04-13T16:19:40.483+0000] {dag.py:3096} INFO - Sync 1 DAGs
[2024-04-13T16:19:40.488+0000] {logging_mixin.py:188} INFO - [2024-04-13T16:19:40.487+0000] {dag.py:3954} INFO - Setting next_dagrun for example_complex to None, run_after=None
[2024-04-13T16:19:40.495+0000] {processor.py:183} INFO - Processing /home/airflow/.local/lib/python3.12/site-packages/airflow/example_dags/example_complex.py took 0.034 seconds
[2024-04-13T16:20:10.571+0000] {processor.py:161} INFO - Started process (PID=922) to work on /home/airflow/.local/lib/python3.12/site-packages/airflow/example_dags/example_complex.py
[2024-04-13T16:20:10.572+0000] {processor.py:830} INFO - Processing file /home/airflow/.local/lib/python3.12/site-packages/airflow/example_dags/example_complex.py for tasks to queue
[2024-04-13T16:20:10.572+0000] {logging_mixin.py:188} INFO - [2024-04-13T16:20:10.572+0000] {dagbag.py:540} INFO - Filling up the DagBag from /home/airflow/.local/lib/python3.12/site-packages/airflow/example_dags/example_complex.py
[2024-04-13T16:20:10.577+0000] {processor.py:840} INFO - DAG(s) 'example_complex' retrieved from /home/airflow/.local/lib/python3.12/site-packages/airflow/example_dags/example_complex.py
[2024-04-13T16:20:10.589+0000] {logging_mixin.py:188} INFO - [2024-04-13T16:20:10.589+0000] {dag.py:3096} INFO - Sync 1 DAGs
[2024-04-13T16:20:10.593+0000] {logging_mixin.py:188} INFO - [2024-04-13T16:20:10.593+0000] {dag.py:3954} INFO - Setting next_dagrun for example_complex to None, run_after=None
[2024-04-13T16:20:10.600+0000] {processor.py:183} INFO - Processing /home/airflow/.local/lib/python3.12/site-packages/airflow/example_dags/example_complex.py took 0.031 seconds
[2024-04-13T16:20:40.762+0000] {processor.py:161} INFO - Started process (PID=980) to work on /home/airflow/.local/lib/python3.12/site-packages/airflow/example_dags/example_complex.py
[2024-04-13T16:20:40.762+0000] {processor.py:830} INFO - Processing file /home/airflow/.local/lib/python3.12/site-packages/airflow/example_dags/example_complex.py for tasks to queue
[2024-04-13T16:20:40.764+0000] {logging_mixin.py:188} INFO - [2024-04-13T16:20:40.763+0000] {dagbag.py:540} INFO - Filling up the DagBag from /home/airflow/.local/lib/python3.12/site-packages/airflow/example_dags/example_complex.py
[2024-04-13T16:20:40.768+0000] {processor.py:840} INFO - DAG(s) 'example_complex' retrieved from /home/airflow/.local/lib/python3.12/site-packages/airflow/example_dags/example_complex.py
[2024-04-13T16:20:40.780+0000] {logging_mixin.py:188} INFO - [2024-04-13T16:20:40.780+0000] {dag.py:3096} INFO - Sync 1 DAGs
[2024-04-13T16:20:40.785+0000] {logging_mixin.py:188} INFO - [2024-04-13T16:20:40.785+0000] {dag.py:3954} INFO - Setting next_dagrun for example_complex to None, run_after=None
[2024-04-13T16:20:40.791+0000] {processor.py:183} INFO - Processing /home/airflow/.local/lib/python3.12/site-packages/airflow/example_dags/example_complex.py took 0.032 seconds
[2024-04-13T16:21:10.876+0000] {processor.py:161} INFO - Started process (PID=1038) to work on /home/airflow/.local/lib/python3.12/site-packages/airflow/example_dags/example_complex.py
[2024-04-13T16:21:10.877+0000] {processor.py:830} INFO - Processing file /home/airflow/.local/lib/python3.12/site-packages/airflow/example_dags/example_complex.py for tasks to queue
[2024-04-13T16:21:10.878+0000] {logging_mixin.py:188} INFO - [2024-04-13T16:21:10.878+0000] {dagbag.py:540} INFO - Filling up the DagBag from /home/airflow/.local/lib/python3.12/site-packages/airflow/example_dags/example_complex.py
[2024-04-13T16:21:10.882+0000] {processor.py:840} INFO - DAG(s) 'example_complex' retrieved from /home/airflow/.local/lib/python3.12/site-packages/airflow/example_dags/example_complex.py
[2024-04-13T16:21:10.894+0000] {logging_mixin.py:188} INFO - [2024-04-13T16:21:10.894+0000] {dag.py:3096} INFO - Sync 1 DAGs
[2024-04-13T16:21:10.899+0000] {logging_mixin.py:188} INFO - [2024-04-13T16:21:10.899+0000] {dag.py:3954} INFO - Setting next_dagrun for example_complex to None, run_after=None
[2024-04-13T16:21:10.905+0000] {processor.py:183} INFO - Processing /home/airflow/.local/lib/python3.12/site-packages/airflow/example_dags/example_complex.py took 0.032 seconds
[2024-04-13T16:21:41.542+0000] {processor.py:161} INFO - Started process (PID=1096) to work on /home/airflow/.local/lib/python3.12/site-packages/airflow/example_dags/example_complex.py
[2024-04-13T16:21:41.543+0000] {processor.py:830} INFO - Processing file /home/airflow/.local/lib/python3.12/site-packages/airflow/example_dags/example_complex.py for tasks to queue
[2024-04-13T16:21:41.544+0000] {logging_mixin.py:188} INFO - [2024-04-13T16:21:41.544+0000] {dagbag.py:540} INFO - Filling up the DagBag from /home/airflow/.local/lib/python3.12/site-packages/airflow/example_dags/example_complex.py
[2024-04-13T16:21:41.548+0000] {processor.py:840} INFO - DAG(s) 'example_complex' retrieved from /home/airflow/.local/lib/python3.12/site-packages/airflow/example_dags/example_complex.py
[2024-04-13T16:21:41.560+0000] {logging_mixin.py:188} INFO - [2024-04-13T16:21:41.560+0000] {dag.py:3096} INFO - Sync 1 DAGs
[2024-04-13T16:21:41.565+0000] {logging_mixin.py:188} INFO - [2024-04-13T16:21:41.565+0000] {dag.py:3954} INFO - Setting next_dagrun for example_complex to None, run_after=None
[2024-04-13T16:21:41.572+0000] {processor.py:183} INFO - Processing /home/airflow/.local/lib/python3.12/site-packages/airflow/example_dags/example_complex.py took 0.034 seconds
[2024-04-13T16:22:12.111+0000] {processor.py:161} INFO - Started process (PID=1154) to work on /home/airflow/.local/lib/python3.12/site-packages/airflow/example_dags/example_complex.py
[2024-04-13T16:22:12.111+0000] {processor.py:830} INFO - Processing file /home/airflow/.local/lib/python3.12/site-packages/airflow/example_dags/example_complex.py for tasks to queue
[2024-04-13T16:22:12.112+0000] {logging_mixin.py:188} INFO - [2024-04-13T16:22:12.112+0000] {dagbag.py:540} INFO - Filling up the DagBag from /home/airflow/.local/lib/python3.12/site-packages/airflow/example_dags/example_complex.py
[2024-04-13T16:22:12.116+0000] {processor.py:840} INFO - DAG(s) 'example_complex' retrieved from /home/airflow/.local/lib/python3.12/site-packages/airflow/example_dags/example_complex.py
[2024-04-13T16:22:12.128+0000] {logging_mixin.py:188} INFO - [2024-04-13T16:22:12.128+0000] {dag.py:3096} INFO - Sync 1 DAGs
[2024-04-13T16:22:12.133+0000] {logging_mixin.py:188} INFO - [2024-04-13T16:22:12.133+0000] {dag.py:3954} INFO - Setting next_dagrun for example_complex to None, run_after=None
[2024-04-13T16:22:12.140+0000] {processor.py:183} INFO - Processing /home/airflow/.local/lib/python3.12/site-packages/airflow/example_dags/example_complex.py took 0.032 seconds
[2024-04-13T16:22:42.705+0000] {processor.py:161} INFO - Started process (PID=1212) to work on /home/airflow/.local/lib/python3.12/site-packages/airflow/example_dags/example_complex.py
[2024-04-13T16:22:42.705+0000] {processor.py:830} INFO - Processing file /home/airflow/.local/lib/python3.12/site-packages/airflow/example_dags/example_complex.py for tasks to queue
[2024-04-13T16:22:42.706+0000] {logging_mixin.py:188} INFO - [2024-04-13T16:22:42.706+0000] {dagbag.py:540} INFO - Filling up the DagBag from /home/airflow/.local/lib/python3.12/site-packages/airflow/example_dags/example_complex.py
[2024-04-13T16:22:42.710+0000] {processor.py:840} INFO - DAG(s) 'example_complex' retrieved from /home/airflow/.local/lib/python3.12/site-packages/airflow/example_dags/example_complex.py
[2024-04-13T16:22:42.722+0000] {logging_mixin.py:188} INFO - [2024-04-13T16:22:42.721+0000] {dag.py:3096} INFO - Sync 1 DAGs
[2024-04-13T16:22:42.726+0000] {logging_mixin.py:188} INFO - [2024-04-13T16:22:42.726+0000] {dag.py:3954} INFO - Setting next_dagrun for example_complex to None, run_after=None
[2024-04-13T16:22:42.733+0000] {processor.py:183} INFO - Processing /home/airflow/.local/lib/python3.12/site-packages/airflow/example_dags/example_complex.py took 0.030 seconds
[2024-04-13T16:23:13.387+0000] {processor.py:161} INFO - Started process (PID=1270) to work on /home/airflow/.local/lib/python3.12/site-packages/airflow/example_dags/example_complex.py
[2024-04-13T16:23:13.387+0000] {processor.py:830} INFO - Processing file /home/airflow/.local/lib/python3.12/site-packages/airflow/example_dags/example_complex.py for tasks to queue
[2024-04-13T16:23:13.388+0000] {logging_mixin.py:188} INFO - [2024-04-13T16:23:13.388+0000] {dagbag.py:540} INFO - Filling up the DagBag from /home/airflow/.local/lib/python3.12/site-packages/airflow/example_dags/example_complex.py
[2024-04-13T16:23:13.392+0000] {processor.py:840} INFO - DAG(s) 'example_complex' retrieved from /home/airflow/.local/lib/python3.12/site-packages/airflow/example_dags/example_complex.py
[2024-04-13T16:23:13.405+0000] {logging_mixin.py:188} INFO - [2024-04-13T16:23:13.405+0000] {dag.py:3096} INFO - Sync 1 DAGs
[2024-04-13T16:23:13.411+0000] {logging_mixin.py:188} INFO - [2024-04-13T16:23:13.410+0000] {dag.py:3954} INFO - Setting next_dagrun for example_complex to None, run_after=None
[2024-04-13T16:23:13.417+0000] {processor.py:183} INFO - Processing /home/airflow/.local/lib/python3.12/site-packages/airflow/example_dags/example_complex.py took 0.033 seconds
[2024-04-13T16:23:43.961+0000] {processor.py:161} INFO - Started process (PID=1328) to work on /home/airflow/.local/lib/python3.12/site-packages/airflow/example_dags/example_complex.py
[2024-04-13T16:23:43.961+0000] {processor.py:830} INFO - Processing file /home/airflow/.local/lib/python3.12/site-packages/airflow/example_dags/example_complex.py for tasks to queue
[2024-04-13T16:23:43.962+0000] {logging_mixin.py:188} INFO - [2024-04-13T16:23:43.962+0000] {dagbag.py:540} INFO - Filling up the DagBag from /home/airflow/.local/lib/python3.12/site-packages/airflow/example_dags/example_complex.py
[2024-04-13T16:23:43.967+0000] {processor.py:840} INFO - DAG(s) 'example_complex' retrieved from /home/airflow/.local/lib/python3.12/site-packages/airflow/example_dags/example_complex.py
[2024-04-13T16:23:43.981+0000] {logging_mixin.py:188} INFO - [2024-04-13T16:23:43.981+0000] {dag.py:3096} INFO - Sync 1 DAGs
[2024-04-13T16:23:43.988+0000] {logging_mixin.py:188} INFO - [2024-04-13T16:23:43.988+0000] {dag.py:3954} INFO - Setting next_dagrun for example_complex to None, run_after=None
[2024-04-13T16:23:43.996+0000] {processor.py:183} INFO - Processing /home/airflow/.local/lib/python3.12/site-packages/airflow/example_dags/example_complex.py took 0.038 seconds
[2024-04-13T16:24:14.600+0000] {processor.py:161} INFO - Started process (PID=1386) to work on /home/airflow/.local/lib/python3.12/site-packages/airflow/example_dags/example_complex.py
[2024-04-13T16:24:14.601+0000] {processor.py:830} INFO - Processing file /home/airflow/.local/lib/python3.12/site-packages/airflow/example_dags/example_complex.py for tasks to queue
[2024-04-13T16:24:14.602+0000] {logging_mixin.py:188} INFO - [2024-04-13T16:24:14.602+0000] {dagbag.py:540} INFO - Filling up the DagBag from /home/airflow/.local/lib/python3.12/site-packages/airflow/example_dags/example_complex.py
[2024-04-13T16:24:14.606+0000] {processor.py:840} INFO - DAG(s) 'example_complex' retrieved from /home/airflow/.local/lib/python3.12/site-packages/airflow/example_dags/example_complex.py
[2024-04-13T16:24:14.619+0000] {logging_mixin.py:188} INFO - [2024-04-13T16:24:14.619+0000] {dag.py:3096} INFO - Sync 1 DAGs
[2024-04-13T16:24:14.624+0000] {logging_mixin.py:188} INFO - [2024-04-13T16:24:14.624+0000] {dag.py:3954} INFO - Setting next_dagrun for example_complex to None, run_after=None
[2024-04-13T16:24:14.631+0000] {processor.py:183} INFO - Processing /home/airflow/.local/lib/python3.12/site-packages/airflow/example_dags/example_complex.py took 0.033 seconds
[2024-04-13T16:24:45.168+0000] {processor.py:161} INFO - Started process (PID=1444) to work on /home/airflow/.local/lib/python3.12/site-packages/airflow/example_dags/example_complex.py
[2024-04-13T16:24:45.169+0000] {processor.py:830} INFO - Processing file /home/airflow/.local/lib/python3.12/site-packages/airflow/example_dags/example_complex.py for tasks to queue
[2024-04-13T16:24:45.170+0000] {logging_mixin.py:188} INFO - [2024-04-13T16:24:45.170+0000] {dagbag.py:540} INFO - Filling up the DagBag from /home/airflow/.local/lib/python3.12/site-packages/airflow/example_dags/example_complex.py
[2024-04-13T16:24:45.174+0000] {processor.py:840} INFO - DAG(s) 'example_complex' retrieved from /home/airflow/.local/lib/python3.12/site-packages/airflow/example_dags/example_complex.py
[2024-04-13T16:24:45.187+0000] {logging_mixin.py:188} INFO - [2024-04-13T16:24:45.186+0000] {dag.py:3096} INFO - Sync 1 DAGs
[2024-04-13T16:24:45.191+0000] {logging_mixin.py:188} INFO - [2024-04-13T16:24:45.191+0000] {dag.py:3954} INFO - Setting next_dagrun for example_complex to None, run_after=None
[2024-04-13T16:24:45.200+0000] {processor.py:183} INFO - Processing /home/airflow/.local/lib/python3.12/site-packages/airflow/example_dags/example_complex.py took 0.034 seconds
[2024-04-13T16:25:15.721+0000] {processor.py:161} INFO - Started process (PID=1502) to work on /home/airflow/.local/lib/python3.12/site-packages/airflow/example_dags/example_complex.py
[2024-04-13T16:25:15.721+0000] {processor.py:830} INFO - Processing file /home/airflow/.local/lib/python3.12/site-packages/airflow/example_dags/example_complex.py for tasks to queue
[2024-04-13T16:25:15.722+0000] {logging_mixin.py:188} INFO - [2024-04-13T16:25:15.722+0000] {dagbag.py:540} INFO - Filling up the DagBag from /home/airflow/.local/lib/python3.12/site-packages/airflow/example_dags/example_complex.py
[2024-04-13T16:25:15.726+0000] {processor.py:840} INFO - DAG(s) 'example_complex' retrieved from /home/airflow/.local/lib/python3.12/site-packages/airflow/example_dags/example_complex.py
[2024-04-13T16:25:15.739+0000] {logging_mixin.py:188} INFO - [2024-04-13T16:25:15.738+0000] {dag.py:3096} INFO - Sync 1 DAGs
[2024-04-13T16:25:15.744+0000] {logging_mixin.py:188} INFO - [2024-04-13T16:25:15.744+0000] {dag.py:3954} INFO - Setting next_dagrun for example_complex to None, run_after=None
[2024-04-13T16:25:15.752+0000] {processor.py:183} INFO - Processing /home/airflow/.local/lib/python3.12/site-packages/airflow/example_dags/example_complex.py took 0.034 seconds
[2024-04-13T16:25:46.297+0000] {processor.py:161} INFO - Started process (PID=1560) to work on /home/airflow/.local/lib/python3.12/site-packages/airflow/example_dags/example_complex.py
[2024-04-13T16:25:46.298+0000] {processor.py:830} INFO - Processing file /home/airflow/.local/lib/python3.12/site-packages/airflow/example_dags/example_complex.py for tasks to queue
[2024-04-13T16:25:46.298+0000] {logging_mixin.py:188} INFO - [2024-04-13T16:25:46.298+0000] {dagbag.py:540} INFO - Filling up the DagBag from /home/airflow/.local/lib/python3.12/site-packages/airflow/example_dags/example_complex.py
[2024-04-13T16:25:46.303+0000] {processor.py:840} INFO - DAG(s) 'example_complex' retrieved from /home/airflow/.local/lib/python3.12/site-packages/airflow/example_dags/example_complex.py
[2024-04-13T16:25:46.319+0000] {logging_mixin.py:188} INFO - [2024-04-13T16:25:46.319+0000] {dag.py:3096} INFO - Sync 1 DAGs
[2024-04-13T16:25:46.326+0000] {logging_mixin.py:188} INFO - [2024-04-13T16:25:46.326+0000] {dag.py:3954} INFO - Setting next_dagrun for example_complex to None, run_after=None
[2024-04-13T16:25:46.335+0000] {processor.py:183} INFO - Processing /home/airflow/.local/lib/python3.12/site-packages/airflow/example_dags/example_complex.py took 0.040 seconds
[2024-04-13T16:26:16.928+0000] {processor.py:161} INFO - Started process (PID=1618) to work on /home/airflow/.local/lib/python3.12/site-packages/airflow/example_dags/example_complex.py
[2024-04-13T16:26:16.928+0000] {processor.py:830} INFO - Processing file /home/airflow/.local/lib/python3.12/site-packages/airflow/example_dags/example_complex.py for tasks to queue
[2024-04-13T16:26:16.929+0000] {logging_mixin.py:188} INFO - [2024-04-13T16:26:16.929+0000] {dagbag.py:540} INFO - Filling up the DagBag from /home/airflow/.local/lib/python3.12/site-packages/airflow/example_dags/example_complex.py
[2024-04-13T16:26:16.934+0000] {processor.py:840} INFO - DAG(s) 'example_complex' retrieved from /home/airflow/.local/lib/python3.12/site-packages/airflow/example_dags/example_complex.py
[2024-04-13T16:26:16.946+0000] {logging_mixin.py:188} INFO - [2024-04-13T16:26:16.945+0000] {dag.py:3096} INFO - Sync 1 DAGs
[2024-04-13T16:26:16.950+0000] {logging_mixin.py:188} INFO - [2024-04-13T16:26:16.950+0000] {dag.py:3954} INFO - Setting next_dagrun for example_complex to None, run_after=None
[2024-04-13T16:26:16.957+0000] {processor.py:183} INFO - Processing /home/airflow/.local/lib/python3.12/site-packages/airflow/example_dags/example_complex.py took 0.031 seconds
[2024-04-13T16:26:47.428+0000] {processor.py:161} INFO - Started process (PID=1676) to work on /home/airflow/.local/lib/python3.12/site-packages/airflow/example_dags/example_complex.py
[2024-04-13T16:26:47.429+0000] {processor.py:830} INFO - Processing file /home/airflow/.local/lib/python3.12/site-packages/airflow/example_dags/example_complex.py for tasks to queue
[2024-04-13T16:26:47.429+0000] {logging_mixin.py:188} INFO - [2024-04-13T16:26:47.429+0000] {dagbag.py:540} INFO - Filling up the DagBag from /home/airflow/.local/lib/python3.12/site-packages/airflow/example_dags/example_complex.py
[2024-04-13T16:26:47.433+0000] {processor.py:840} INFO - DAG(s) 'example_complex' retrieved from /home/airflow/.local/lib/python3.12/site-packages/airflow/example_dags/example_complex.py
[2024-04-13T16:26:47.445+0000] {logging_mixin.py:188} INFO - [2024-04-13T16:26:47.445+0000] {dag.py:3096} INFO - Sync 1 DAGs
[2024-04-13T16:26:47.450+0000] {logging_mixin.py:188} INFO - [2024-04-13T16:26:47.450+0000] {dag.py:3954} INFO - Setting next_dagrun for example_complex to None, run_after=None
[2024-04-13T16:26:47.456+0000] {processor.py:183} INFO - Processing /home/airflow/.local/lib/python3.12/site-packages/airflow/example_dags/example_complex.py took 0.030 seconds
[2024-04-13T16:27:18.139+0000] {processor.py:161} INFO - Started process (PID=1740) to work on /home/airflow/.local/lib/python3.12/site-packages/airflow/example_dags/example_complex.py
[2024-04-13T16:27:18.140+0000] {processor.py:830} INFO - Processing file /home/airflow/.local/lib/python3.12/site-packages/airflow/example_dags/example_complex.py for tasks to queue
[2024-04-13T16:27:18.141+0000] {logging_mixin.py:188} INFO - [2024-04-13T16:27:18.141+0000] {dagbag.py:540} INFO - Filling up the DagBag from /home/airflow/.local/lib/python3.12/site-packages/airflow/example_dags/example_complex.py
[2024-04-13T16:27:18.145+0000] {processor.py:840} INFO - DAG(s) 'example_complex' retrieved from /home/airflow/.local/lib/python3.12/site-packages/airflow/example_dags/example_complex.py
[2024-04-13T16:27:18.159+0000] {logging_mixin.py:188} INFO - [2024-04-13T16:27:18.159+0000] {dag.py:3096} INFO - Sync 1 DAGs
[2024-04-13T16:27:18.165+0000] {logging_mixin.py:188} INFO - [2024-04-13T16:27:18.165+0000] {dag.py:3954} INFO - Setting next_dagrun for example_complex to None, run_after=None
[2024-04-13T16:27:18.173+0000] {processor.py:183} INFO - Processing /home/airflow/.local/lib/python3.12/site-packages/airflow/example_dags/example_complex.py took 0.038 seconds
[2024-04-13T16:27:48.911+0000] {processor.py:161} INFO - Started process (PID=1798) to work on /home/airflow/.local/lib/python3.12/site-packages/airflow/example_dags/example_complex.py
[2024-04-13T16:27:48.912+0000] {processor.py:830} INFO - Processing file /home/airflow/.local/lib/python3.12/site-packages/airflow/example_dags/example_complex.py for tasks to queue
[2024-04-13T16:27:48.913+0000] {logging_mixin.py:188} INFO - [2024-04-13T16:27:48.913+0000] {dagbag.py:540} INFO - Filling up the DagBag from /home/airflow/.local/lib/python3.12/site-packages/airflow/example_dags/example_complex.py
[2024-04-13T16:27:48.917+0000] {processor.py:840} INFO - DAG(s) 'example_complex' retrieved from /home/airflow/.local/lib/python3.12/site-packages/airflow/example_dags/example_complex.py
[2024-04-13T16:27:48.929+0000] {logging_mixin.py:188} INFO - [2024-04-13T16:27:48.929+0000] {dag.py:3096} INFO - Sync 1 DAGs
[2024-04-13T16:27:48.933+0000] {logging_mixin.py:188} INFO - [2024-04-13T16:27:48.933+0000] {dag.py:3954} INFO - Setting next_dagrun for example_complex to None, run_after=None
[2024-04-13T16:27:48.940+0000] {processor.py:183} INFO - Processing /home/airflow/.local/lib/python3.12/site-packages/airflow/example_dags/example_complex.py took 0.031 seconds
[2024-04-13T16:28:19.574+0000] {processor.py:161} INFO - Started process (PID=1857) to work on /home/airflow/.local/lib/python3.12/site-packages/airflow/example_dags/example_complex.py
[2024-04-13T16:28:19.575+0000] {processor.py:830} INFO - Processing file /home/airflow/.local/lib/python3.12/site-packages/airflow/example_dags/example_complex.py for tasks to queue
[2024-04-13T16:28:19.576+0000] {logging_mixin.py:188} INFO - [2024-04-13T16:28:19.576+0000] {dagbag.py:540} INFO - Filling up the DagBag from /home/airflow/.local/lib/python3.12/site-packages/airflow/example_dags/example_complex.py
[2024-04-13T16:28:19.580+0000] {processor.py:840} INFO - DAG(s) 'example_complex' retrieved from /home/airflow/.local/lib/python3.12/site-packages/airflow/example_dags/example_complex.py
[2024-04-13T16:28:19.592+0000] {logging_mixin.py:188} INFO - [2024-04-13T16:28:19.592+0000] {dag.py:3096} INFO - Sync 1 DAGs
[2024-04-13T16:28:19.597+0000] {logging_mixin.py:188} INFO - [2024-04-13T16:28:19.596+0000] {dag.py:3954} INFO - Setting next_dagrun for example_complex to None, run_after=None
[2024-04-13T16:28:19.603+0000] {processor.py:183} INFO - Processing /home/airflow/.local/lib/python3.12/site-packages/airflow/example_dags/example_complex.py took 0.031 seconds
[2024-04-13T16:28:50.192+0000] {processor.py:161} INFO - Started process (PID=1915) to work on /home/airflow/.local/lib/python3.12/site-packages/airflow/example_dags/example_complex.py
[2024-04-13T16:28:50.192+0000] {processor.py:830} INFO - Processing file /home/airflow/.local/lib/python3.12/site-packages/airflow/example_dags/example_complex.py for tasks to queue
[2024-04-13T16:28:50.193+0000] {logging_mixin.py:188} INFO - [2024-04-13T16:28:50.193+0000] {dagbag.py:540} INFO - Filling up the DagBag from /home/airflow/.local/lib/python3.12/site-packages/airflow/example_dags/example_complex.py
[2024-04-13T16:28:50.197+0000] {processor.py:840} INFO - DAG(s) 'example_complex' retrieved from /home/airflow/.local/lib/python3.12/site-packages/airflow/example_dags/example_complex.py
[2024-04-13T16:28:50.208+0000] {logging_mixin.py:188} INFO - [2024-04-13T16:28:50.208+0000] {dag.py:3096} INFO - Sync 1 DAGs
[2024-04-13T16:28:50.213+0000] {logging_mixin.py:188} INFO - [2024-04-13T16:28:50.213+0000] {dag.py:3954} INFO - Setting next_dagrun for example_complex to None, run_after=None
[2024-04-13T16:28:50.219+0000] {processor.py:183} INFO - Processing /home/airflow/.local/lib/python3.12/site-packages/airflow/example_dags/example_complex.py took 0.030 seconds
[2024-04-13T16:29:20.835+0000] {processor.py:161} INFO - Started process (PID=1973) to work on /home/airflow/.local/lib/python3.12/site-packages/airflow/example_dags/example_complex.py
[2024-04-13T16:29:20.836+0000] {processor.py:830} INFO - Processing file /home/airflow/.local/lib/python3.12/site-packages/airflow/example_dags/example_complex.py for tasks to queue
[2024-04-13T16:29:20.837+0000] {logging_mixin.py:188} INFO - [2024-04-13T16:29:20.836+0000] {dagbag.py:540} INFO - Filling up the DagBag from /home/airflow/.local/lib/python3.12/site-packages/airflow/example_dags/example_complex.py
[2024-04-13T16:29:20.841+0000] {processor.py:840} INFO - DAG(s) 'example_complex' retrieved from /home/airflow/.local/lib/python3.12/site-packages/airflow/example_dags/example_complex.py
[2024-04-13T16:29:20.853+0000] {logging_mixin.py:188} INFO - [2024-04-13T16:29:20.853+0000] {dag.py:3096} INFO - Sync 1 DAGs
[2024-04-13T16:29:20.858+0000] {logging_mixin.py:188} INFO - [2024-04-13T16:29:20.858+0000] {dag.py:3954} INFO - Setting next_dagrun for example_complex to None, run_after=None
[2024-04-13T16:29:20.865+0000] {processor.py:183} INFO - Processing /home/airflow/.local/lib/python3.12/site-packages/airflow/example_dags/example_complex.py took 0.032 seconds
[2024-04-13T16:29:51.433+0000] {processor.py:161} INFO - Started process (PID=2031) to work on /home/airflow/.local/lib/python3.12/site-packages/airflow/example_dags/example_complex.py
[2024-04-13T16:29:51.434+0000] {processor.py:830} INFO - Processing file /home/airflow/.local/lib/python3.12/site-packages/airflow/example_dags/example_complex.py for tasks to queue
[2024-04-13T16:29:51.434+0000] {logging_mixin.py:188} INFO - [2024-04-13T16:29:51.434+0000] {dagbag.py:540} INFO - Filling up the DagBag from /home/airflow/.local/lib/python3.12/site-packages/airflow/example_dags/example_complex.py
[2024-04-13T16:29:51.438+0000] {processor.py:840} INFO - DAG(s) 'example_complex' retrieved from /home/airflow/.local/lib/python3.12/site-packages/airflow/example_dags/example_complex.py
[2024-04-13T16:29:51.454+0000] {logging_mixin.py:188} INFO - [2024-04-13T16:29:51.454+0000] {dag.py:3096} INFO - Sync 1 DAGs
[2024-04-13T16:29:51.459+0000] {logging_mixin.py:188} INFO - [2024-04-13T16:29:51.459+0000] {dag.py:3954} INFO - Setting next_dagrun for example_complex to None, run_after=None
[2024-04-13T16:29:51.466+0000] {processor.py:183} INFO - Processing /home/airflow/.local/lib/python3.12/site-packages/airflow/example_dags/example_complex.py took 0.035 seconds
[2024-04-13T16:30:22.064+0000] {processor.py:161} INFO - Started process (PID=2089) to work on /home/airflow/.local/lib/python3.12/site-packages/airflow/example_dags/example_complex.py
[2024-04-13T16:30:22.065+0000] {processor.py:830} INFO - Processing file /home/airflow/.local/lib/python3.12/site-packages/airflow/example_dags/example_complex.py for tasks to queue
[2024-04-13T16:30:22.065+0000] {logging_mixin.py:188} INFO - [2024-04-13T16:30:22.065+0000] {dagbag.py:540} INFO - Filling up the DagBag from /home/airflow/.local/lib/python3.12/site-packages/airflow/example_dags/example_complex.py
[2024-04-13T16:30:22.070+0000] {processor.py:840} INFO - DAG(s) 'example_complex' retrieved from /home/airflow/.local/lib/python3.12/site-packages/airflow/example_dags/example_complex.py
[2024-04-13T16:30:22.081+0000] {logging_mixin.py:188} INFO - [2024-04-13T16:30:22.081+0000] {dag.py:3096} INFO - Sync 1 DAGs
[2024-04-13T16:30:22.086+0000] {logging_mixin.py:188} INFO - [2024-04-13T16:30:22.086+0000] {dag.py:3954} INFO - Setting next_dagrun for example_complex to None, run_after=None
[2024-04-13T16:30:22.094+0000] {processor.py:183} INFO - Processing /home/airflow/.local/lib/python3.12/site-packages/airflow/example_dags/example_complex.py took 0.032 seconds
[2024-04-13T16:30:52.691+0000] {processor.py:161} INFO - Started process (PID=2147) to work on /home/airflow/.local/lib/python3.12/site-packages/airflow/example_dags/example_complex.py
[2024-04-13T16:30:52.691+0000] {processor.py:830} INFO - Processing file /home/airflow/.local/lib/python3.12/site-packages/airflow/example_dags/example_complex.py for tasks to queue
[2024-04-13T16:30:52.692+0000] {logging_mixin.py:188} INFO - [2024-04-13T16:30:52.692+0000] {dagbag.py:540} INFO - Filling up the DagBag from /home/airflow/.local/lib/python3.12/site-packages/airflow/example_dags/example_complex.py
[2024-04-13T16:30:52.696+0000] {processor.py:840} INFO - DAG(s) 'example_complex' retrieved from /home/airflow/.local/lib/python3.12/site-packages/airflow/example_dags/example_complex.py
[2024-04-13T16:30:52.708+0000] {logging_mixin.py:188} INFO - [2024-04-13T16:30:52.708+0000] {dag.py:3096} INFO - Sync 1 DAGs
[2024-04-13T16:30:52.712+0000] {logging_mixin.py:188} INFO - [2024-04-13T16:30:52.712+0000] {dag.py:3954} INFO - Setting next_dagrun for example_complex to None, run_after=None
[2024-04-13T16:30:52.719+0000] {processor.py:183} INFO - Processing /home/airflow/.local/lib/python3.12/site-packages/airflow/example_dags/example_complex.py took 0.030 seconds
[2024-04-13T16:31:23.287+0000] {processor.py:161} INFO - Started process (PID=2205) to work on /home/airflow/.local/lib/python3.12/site-packages/airflow/example_dags/example_complex.py
[2024-04-13T16:31:23.287+0000] {processor.py:830} INFO - Processing file /home/airflow/.local/lib/python3.12/site-packages/airflow/example_dags/example_complex.py for tasks to queue
[2024-04-13T16:31:23.288+0000] {logging_mixin.py:188} INFO - [2024-04-13T16:31:23.288+0000] {dagbag.py:540} INFO - Filling up the DagBag from /home/airflow/.local/lib/python3.12/site-packages/airflow/example_dags/example_complex.py
[2024-04-13T16:31:23.292+0000] {processor.py:840} INFO - DAG(s) 'example_complex' retrieved from /home/airflow/.local/lib/python3.12/site-packages/airflow/example_dags/example_complex.py
[2024-04-13T16:31:23.304+0000] {logging_mixin.py:188} INFO - [2024-04-13T16:31:23.304+0000] {dag.py:3096} INFO - Sync 1 DAGs
[2024-04-13T16:31:23.309+0000] {logging_mixin.py:188} INFO - [2024-04-13T16:31:23.309+0000] {dag.py:3954} INFO - Setting next_dagrun for example_complex to None, run_after=None
[2024-04-13T16:31:23.315+0000] {processor.py:183} INFO - Processing /home/airflow/.local/lib/python3.12/site-packages/airflow/example_dags/example_complex.py took 0.031 seconds
[2024-04-13T16:31:53.942+0000] {processor.py:161} INFO - Started process (PID=2263) to work on /home/airflow/.local/lib/python3.12/site-packages/airflow/example_dags/example_complex.py
[2024-04-13T16:31:53.943+0000] {processor.py:830} INFO - Processing file /home/airflow/.local/lib/python3.12/site-packages/airflow/example_dags/example_complex.py for tasks to queue
[2024-04-13T16:31:53.944+0000] {logging_mixin.py:188} INFO - [2024-04-13T16:31:53.943+0000] {dagbag.py:540} INFO - Filling up the DagBag from /home/airflow/.local/lib/python3.12/site-packages/airflow/example_dags/example_complex.py
[2024-04-13T16:31:53.948+0000] {processor.py:840} INFO - DAG(s) 'example_complex' retrieved from /home/airflow/.local/lib/python3.12/site-packages/airflow/example_dags/example_complex.py
[2024-04-13T16:31:53.959+0000] {logging_mixin.py:188} INFO - [2024-04-13T16:31:53.959+0000] {dag.py:3096} INFO - Sync 1 DAGs
[2024-04-13T16:31:53.964+0000] {logging_mixin.py:188} INFO - [2024-04-13T16:31:53.964+0000] {dag.py:3954} INFO - Setting next_dagrun for example_complex to None, run_after=None
[2024-04-13T16:31:53.971+0000] {processor.py:183} INFO - Processing /home/airflow/.local/lib/python3.12/site-packages/airflow/example_dags/example_complex.py took 0.031 seconds
[2024-04-13T16:32:24.411+0000] {processor.py:161} INFO - Started process (PID=2320) to work on /home/airflow/.local/lib/python3.12/site-packages/airflow/example_dags/example_complex.py
[2024-04-13T16:32:24.411+0000] {processor.py:830} INFO - Processing file /home/airflow/.local/lib/python3.12/site-packages/airflow/example_dags/example_complex.py for tasks to queue
[2024-04-13T16:32:24.412+0000] {logging_mixin.py:188} INFO - [2024-04-13T16:32:24.412+0000] {dagbag.py:540} INFO - Filling up the DagBag from /home/airflow/.local/lib/python3.12/site-packages/airflow/example_dags/example_complex.py
[2024-04-13T16:32:24.416+0000] {processor.py:840} INFO - DAG(s) 'example_complex' retrieved from /home/airflow/.local/lib/python3.12/site-packages/airflow/example_dags/example_complex.py
[2024-04-13T16:32:24.428+0000] {logging_mixin.py:188} INFO - [2024-04-13T16:32:24.428+0000] {dag.py:3096} INFO - Sync 1 DAGs
[2024-04-13T16:32:24.433+0000] {logging_mixin.py:188} INFO - [2024-04-13T16:32:24.433+0000] {dag.py:3954} INFO - Setting next_dagrun for example_complex to None, run_after=None
[2024-04-13T16:32:24.440+0000] {processor.py:183} INFO - Processing /home/airflow/.local/lib/python3.12/site-packages/airflow/example_dags/example_complex.py took 0.032 seconds
[2024-04-13T16:32:55.049+0000] {processor.py:161} INFO - Started process (PID=2378) to work on /home/airflow/.local/lib/python3.12/site-packages/airflow/example_dags/example_complex.py
[2024-04-13T16:32:55.050+0000] {processor.py:830} INFO - Processing file /home/airflow/.local/lib/python3.12/site-packages/airflow/example_dags/example_complex.py for tasks to queue
[2024-04-13T16:32:55.051+0000] {logging_mixin.py:188} INFO - [2024-04-13T16:32:55.051+0000] {dagbag.py:540} INFO - Filling up the DagBag from /home/airflow/.local/lib/python3.12/site-packages/airflow/example_dags/example_complex.py
[2024-04-13T16:32:55.055+0000] {processor.py:840} INFO - DAG(s) 'example_complex' retrieved from /home/airflow/.local/lib/python3.12/site-packages/airflow/example_dags/example_complex.py
[2024-04-13T16:32:55.067+0000] {logging_mixin.py:188} INFO - [2024-04-13T16:32:55.067+0000] {dag.py:3096} INFO - Sync 1 DAGs
[2024-04-13T16:32:55.074+0000] {logging_mixin.py:188} INFO - [2024-04-13T16:32:55.074+0000] {dag.py:3954} INFO - Setting next_dagrun for example_complex to None, run_after=None
[2024-04-13T16:32:55.081+0000] {processor.py:183} INFO - Processing /home/airflow/.local/lib/python3.12/site-packages/airflow/example_dags/example_complex.py took 0.035 seconds
[2024-04-13T16:33:25.653+0000] {processor.py:161} INFO - Started process (PID=2436) to work on /home/airflow/.local/lib/python3.12/site-packages/airflow/example_dags/example_complex.py
[2024-04-13T16:33:25.653+0000] {processor.py:830} INFO - Processing file /home/airflow/.local/lib/python3.12/site-packages/airflow/example_dags/example_complex.py for tasks to queue
[2024-04-13T16:33:25.654+0000] {logging_mixin.py:188} INFO - [2024-04-13T16:33:25.654+0000] {dagbag.py:540} INFO - Filling up the DagBag from /home/airflow/.local/lib/python3.12/site-packages/airflow/example_dags/example_complex.py
[2024-04-13T16:33:25.658+0000] {processor.py:840} INFO - DAG(s) 'example_complex' retrieved from /home/airflow/.local/lib/python3.12/site-packages/airflow/example_dags/example_complex.py
[2024-04-13T16:33:25.670+0000] {logging_mixin.py:188} INFO - [2024-04-13T16:33:25.670+0000] {dag.py:3096} INFO - Sync 1 DAGs
[2024-04-13T16:33:25.675+0000] {logging_mixin.py:188} INFO - [2024-04-13T16:33:25.675+0000] {dag.py:3954} INFO - Setting next_dagrun for example_complex to None, run_after=None
[2024-04-13T16:33:25.681+0000] {processor.py:183} INFO - Processing /home/airflow/.local/lib/python3.12/site-packages/airflow/example_dags/example_complex.py took 0.031 seconds
[2024-04-13T16:33:56.314+0000] {processor.py:161} INFO - Started process (PID=2494) to work on /home/airflow/.local/lib/python3.12/site-packages/airflow/example_dags/example_complex.py
[2024-04-13T16:33:56.314+0000] {processor.py:830} INFO - Processing file /home/airflow/.local/lib/python3.12/site-packages/airflow/example_dags/example_complex.py for tasks to queue
[2024-04-13T16:33:56.315+0000] {logging_mixin.py:188} INFO - [2024-04-13T16:33:56.315+0000] {dagbag.py:540} INFO - Filling up the DagBag from /home/airflow/.local/lib/python3.12/site-packages/airflow/example_dags/example_complex.py
[2024-04-13T16:33:56.319+0000] {processor.py:840} INFO - DAG(s) 'example_complex' retrieved from /home/airflow/.local/lib/python3.12/site-packages/airflow/example_dags/example_complex.py
[2024-04-13T16:33:56.331+0000] {logging_mixin.py:188} INFO - [2024-04-13T16:33:56.331+0000] {dag.py:3096} INFO - Sync 1 DAGs
[2024-04-13T16:33:56.335+0000] {logging_mixin.py:188} INFO - [2024-04-13T16:33:56.335+0000] {dag.py:3954} INFO - Setting next_dagrun for example_complex to None, run_after=None
[2024-04-13T16:33:56.342+0000] {processor.py:183} INFO - Processing /home/airflow/.local/lib/python3.12/site-packages/airflow/example_dags/example_complex.py took 0.031 seconds
[2024-04-13T16:34:26.908+0000] {processor.py:161} INFO - Started process (PID=2552) to work on /home/airflow/.local/lib/python3.12/site-packages/airflow/example_dags/example_complex.py
[2024-04-13T16:34:26.908+0000] {processor.py:830} INFO - Processing file /home/airflow/.local/lib/python3.12/site-packages/airflow/example_dags/example_complex.py for tasks to queue
[2024-04-13T16:34:26.909+0000] {logging_mixin.py:188} INFO - [2024-04-13T16:34:26.909+0000] {dagbag.py:540} INFO - Filling up the DagBag from /home/airflow/.local/lib/python3.12/site-packages/airflow/example_dags/example_complex.py
[2024-04-13T16:34:26.914+0000] {processor.py:840} INFO - DAG(s) 'example_complex' retrieved from /home/airflow/.local/lib/python3.12/site-packages/airflow/example_dags/example_complex.py
[2024-04-13T16:34:26.927+0000] {logging_mixin.py:188} INFO - [2024-04-13T16:34:26.926+0000] {dag.py:3096} INFO - Sync 1 DAGs
[2024-04-13T16:34:26.932+0000] {logging_mixin.py:188} INFO - [2024-04-13T16:34:26.932+0000] {dag.py:3954} INFO - Setting next_dagrun for example_complex to None, run_after=None
[2024-04-13T16:34:26.938+0000] {processor.py:183} INFO - Processing /home/airflow/.local/lib/python3.12/site-packages/airflow/example_dags/example_complex.py took 0.033 seconds
[2024-04-13T16:34:57.425+0000] {processor.py:161} INFO - Started process (PID=2610) to work on /home/airflow/.local/lib/python3.12/site-packages/airflow/example_dags/example_complex.py
[2024-04-13T16:34:57.425+0000] {processor.py:830} INFO - Processing file /home/airflow/.local/lib/python3.12/site-packages/airflow/example_dags/example_complex.py for tasks to queue
[2024-04-13T16:34:57.426+0000] {logging_mixin.py:188} INFO - [2024-04-13T16:34:57.426+0000] {dagbag.py:540} INFO - Filling up the DagBag from /home/airflow/.local/lib/python3.12/site-packages/airflow/example_dags/example_complex.py
[2024-04-13T16:34:57.430+0000] {processor.py:840} INFO - DAG(s) 'example_complex' retrieved from /home/airflow/.local/lib/python3.12/site-packages/airflow/example_dags/example_complex.py
[2024-04-13T16:34:57.442+0000] {logging_mixin.py:188} INFO - [2024-04-13T16:34:57.442+0000] {dag.py:3096} INFO - Sync 1 DAGs
[2024-04-13T16:34:57.446+0000] {logging_mixin.py:188} INFO - [2024-04-13T16:34:57.446+0000] {dag.py:3954} INFO - Setting next_dagrun for example_complex to None, run_after=None
[2024-04-13T16:34:57.453+0000] {processor.py:183} INFO - Processing /home/airflow/.local/lib/python3.12/site-packages/airflow/example_dags/example_complex.py took 0.030 seconds
[2024-04-13T16:35:28.107+0000] {processor.py:161} INFO - Started process (PID=2668) to work on /home/airflow/.local/lib/python3.12/site-packages/airflow/example_dags/example_complex.py
[2024-04-13T16:35:28.108+0000] {processor.py:830} INFO - Processing file /home/airflow/.local/lib/python3.12/site-packages/airflow/example_dags/example_complex.py for tasks to queue
[2024-04-13T16:35:28.108+0000] {logging_mixin.py:188} INFO - [2024-04-13T16:35:28.108+0000] {dagbag.py:540} INFO - Filling up the DagBag from /home/airflow/.local/lib/python3.12/site-packages/airflow/example_dags/example_complex.py
[2024-04-13T16:35:28.113+0000] {processor.py:840} INFO - DAG(s) 'example_complex' retrieved from /home/airflow/.local/lib/python3.12/site-packages/airflow/example_dags/example_complex.py
[2024-04-13T16:35:28.126+0000] {logging_mixin.py:188} INFO - [2024-04-13T16:35:28.125+0000] {dag.py:3096} INFO - Sync 1 DAGs
[2024-04-13T16:35:28.130+0000] {logging_mixin.py:188} INFO - [2024-04-13T16:35:28.130+0000] {dag.py:3954} INFO - Setting next_dagrun for example_complex to None, run_after=None
[2024-04-13T16:35:28.137+0000] {processor.py:183} INFO - Processing /home/airflow/.local/lib/python3.12/site-packages/airflow/example_dags/example_complex.py took 0.032 seconds
[2024-04-13T16:35:58.682+0000] {processor.py:161} INFO - Started process (PID=2726) to work on /home/airflow/.local/lib/python3.12/site-packages/airflow/example_dags/example_complex.py
[2024-04-13T16:35:58.682+0000] {processor.py:830} INFO - Processing file /home/airflow/.local/lib/python3.12/site-packages/airflow/example_dags/example_complex.py for tasks to queue
[2024-04-13T16:35:58.683+0000] {logging_mixin.py:188} INFO - [2024-04-13T16:35:58.683+0000] {dagbag.py:540} INFO - Filling up the DagBag from /home/airflow/.local/lib/python3.12/site-packages/airflow/example_dags/example_complex.py
[2024-04-13T16:35:58.687+0000] {processor.py:840} INFO - DAG(s) 'example_complex' retrieved from /home/airflow/.local/lib/python3.12/site-packages/airflow/example_dags/example_complex.py
[2024-04-13T16:35:58.698+0000] {logging_mixin.py:188} INFO - [2024-04-13T16:35:58.698+0000] {dag.py:3096} INFO - Sync 1 DAGs
[2024-04-13T16:35:58.703+0000] {logging_mixin.py:188} INFO - [2024-04-13T16:35:58.703+0000] {dag.py:3954} INFO - Setting next_dagrun for example_complex to None, run_after=None
[2024-04-13T16:35:58.710+0000] {processor.py:183} INFO - Processing /home/airflow/.local/lib/python3.12/site-packages/airflow/example_dags/example_complex.py took 0.031 seconds
[2024-04-13T16:36:29.348+0000] {processor.py:161} INFO - Started process (PID=2784) to work on /home/airflow/.local/lib/python3.12/site-packages/airflow/example_dags/example_complex.py
[2024-04-13T16:36:29.349+0000] {processor.py:830} INFO - Processing file /home/airflow/.local/lib/python3.12/site-packages/airflow/example_dags/example_complex.py for tasks to queue
[2024-04-13T16:36:29.350+0000] {logging_mixin.py:188} INFO - [2024-04-13T16:36:29.349+0000] {dagbag.py:540} INFO - Filling up the DagBag from /home/airflow/.local/lib/python3.12/site-packages/airflow/example_dags/example_complex.py
[2024-04-13T16:36:29.354+0000] {processor.py:840} INFO - DAG(s) 'example_complex' retrieved from /home/airflow/.local/lib/python3.12/site-packages/airflow/example_dags/example_complex.py
[2024-04-13T16:36:29.365+0000] {logging_mixin.py:188} INFO - [2024-04-13T16:36:29.365+0000] {dag.py:3096} INFO - Sync 1 DAGs
[2024-04-13T16:36:29.370+0000] {logging_mixin.py:188} INFO - [2024-04-13T16:36:29.370+0000] {dag.py:3954} INFO - Setting next_dagrun for example_complex to None, run_after=None
[2024-04-13T16:36:29.376+0000] {processor.py:183} INFO - Processing /home/airflow/.local/lib/python3.12/site-packages/airflow/example_dags/example_complex.py took 0.030 seconds
[2024-04-13T16:36:59.900+0000] {processor.py:161} INFO - Started process (PID=2841) to work on /home/airflow/.local/lib/python3.12/site-packages/airflow/example_dags/example_complex.py
[2024-04-13T16:36:59.901+0000] {processor.py:830} INFO - Processing file /home/airflow/.local/lib/python3.12/site-packages/airflow/example_dags/example_complex.py for tasks to queue
[2024-04-13T16:36:59.902+0000] {logging_mixin.py:188} INFO - [2024-04-13T16:36:59.901+0000] {dagbag.py:540} INFO - Filling up the DagBag from /home/airflow/.local/lib/python3.12/site-packages/airflow/example_dags/example_complex.py
[2024-04-13T16:36:59.906+0000] {processor.py:840} INFO - DAG(s) 'example_complex' retrieved from /home/airflow/.local/lib/python3.12/site-packages/airflow/example_dags/example_complex.py
[2024-04-13T16:36:59.918+0000] {logging_mixin.py:188} INFO - [2024-04-13T16:36:59.918+0000] {dag.py:3096} INFO - Sync 1 DAGs
[2024-04-13T16:36:59.923+0000] {logging_mixin.py:188} INFO - [2024-04-13T16:36:59.923+0000] {dag.py:3954} INFO - Setting next_dagrun for example_complex to None, run_after=None
[2024-04-13T16:36:59.930+0000] {processor.py:183} INFO - Processing /home/airflow/.local/lib/python3.12/site-packages/airflow/example_dags/example_complex.py took 0.032 seconds
[2024-04-13T16:37:30.443+0000] {processor.py:161} INFO - Started process (PID=2899) to work on /home/airflow/.local/lib/python3.12/site-packages/airflow/example_dags/example_complex.py
[2024-04-13T16:37:30.444+0000] {processor.py:830} INFO - Processing file /home/airflow/.local/lib/python3.12/site-packages/airflow/example_dags/example_complex.py for tasks to queue
[2024-04-13T16:37:30.445+0000] {logging_mixin.py:188} INFO - [2024-04-13T16:37:30.445+0000] {dagbag.py:540} INFO - Filling up the DagBag from /home/airflow/.local/lib/python3.12/site-packages/airflow/example_dags/example_complex.py
[2024-04-13T16:37:30.449+0000] {processor.py:840} INFO - DAG(s) 'example_complex' retrieved from /home/airflow/.local/lib/python3.12/site-packages/airflow/example_dags/example_complex.py
[2024-04-13T16:37:30.462+0000] {logging_mixin.py:188} INFO - [2024-04-13T16:37:30.462+0000] {dag.py:3096} INFO - Sync 1 DAGs
[2024-04-13T16:37:30.467+0000] {logging_mixin.py:188} INFO - [2024-04-13T16:37:30.467+0000] {dag.py:3954} INFO - Setting next_dagrun for example_complex to None, run_after=None
[2024-04-13T16:37:30.475+0000] {processor.py:183} INFO - Processing /home/airflow/.local/lib/python3.12/site-packages/airflow/example_dags/example_complex.py took 0.034 seconds
[2024-04-13T16:38:01.698+0000] {processor.py:161} INFO - Started process (PID=2957) to work on /home/airflow/.local/lib/python3.12/site-packages/airflow/example_dags/example_complex.py
[2024-04-13T16:38:01.700+0000] {processor.py:830} INFO - Processing file /home/airflow/.local/lib/python3.12/site-packages/airflow/example_dags/example_complex.py for tasks to queue
[2024-04-13T16:38:01.703+0000] {logging_mixin.py:188} INFO - [2024-04-13T16:38:01.703+0000] {dagbag.py:540} INFO - Filling up the DagBag from /home/airflow/.local/lib/python3.12/site-packages/airflow/example_dags/example_complex.py
[2024-04-13T16:38:01.719+0000] {processor.py:840} INFO - DAG(s) 'example_complex' retrieved from /home/airflow/.local/lib/python3.12/site-packages/airflow/example_dags/example_complex.py
[2024-04-13T16:38:01.771+0000] {logging_mixin.py:188} INFO - [2024-04-13T16:38:01.771+0000] {dag.py:3096} INFO - Sync 1 DAGs
[2024-04-13T16:38:01.792+0000] {logging_mixin.py:188} INFO - [2024-04-13T16:38:01.792+0000] {dag.py:3954} INFO - Setting next_dagrun for example_complex to None, run_after=None
[2024-04-13T16:38:01.818+0000] {processor.py:183} INFO - Processing /home/airflow/.local/lib/python3.12/site-packages/airflow/example_dags/example_complex.py took 0.127 seconds
[2024-04-13T16:38:32.135+0000] {processor.py:161} INFO - Started process (PID=3015) to work on /home/airflow/.local/lib/python3.12/site-packages/airflow/example_dags/example_complex.py
[2024-04-13T16:38:32.135+0000] {processor.py:830} INFO - Processing file /home/airflow/.local/lib/python3.12/site-packages/airflow/example_dags/example_complex.py for tasks to queue
[2024-04-13T16:38:32.137+0000] {logging_mixin.py:188} INFO - [2024-04-13T16:38:32.136+0000] {dagbag.py:540} INFO - Filling up the DagBag from /home/airflow/.local/lib/python3.12/site-packages/airflow/example_dags/example_complex.py
[2024-04-13T16:38:32.142+0000] {processor.py:840} INFO - DAG(s) 'example_complex' retrieved from /home/airflow/.local/lib/python3.12/site-packages/airflow/example_dags/example_complex.py
[2024-04-13T16:38:32.158+0000] {logging_mixin.py:188} INFO - [2024-04-13T16:38:32.158+0000] {dag.py:3096} INFO - Sync 1 DAGs
[2024-04-13T16:38:32.164+0000] {logging_mixin.py:188} INFO - [2024-04-13T16:38:32.163+0000] {dag.py:3954} INFO - Setting next_dagrun for example_complex to None, run_after=None
[2024-04-13T16:38:32.173+0000] {processor.py:183} INFO - Processing /home/airflow/.local/lib/python3.12/site-packages/airflow/example_dags/example_complex.py took 0.041 seconds
[2024-04-13T16:39:02.436+0000] {processor.py:161} INFO - Started process (PID=3073) to work on /home/airflow/.local/lib/python3.12/site-packages/airflow/example_dags/example_complex.py
[2024-04-13T16:39:02.436+0000] {processor.py:830} INFO - Processing file /home/airflow/.local/lib/python3.12/site-packages/airflow/example_dags/example_complex.py for tasks to queue
[2024-04-13T16:39:02.437+0000] {logging_mixin.py:188} INFO - [2024-04-13T16:39:02.437+0000] {dagbag.py:540} INFO - Filling up the DagBag from /home/airflow/.local/lib/python3.12/site-packages/airflow/example_dags/example_complex.py
[2024-04-13T16:39:02.442+0000] {processor.py:840} INFO - DAG(s) 'example_complex' retrieved from /home/airflow/.local/lib/python3.12/site-packages/airflow/example_dags/example_complex.py
[2024-04-13T16:39:02.455+0000] {logging_mixin.py:188} INFO - [2024-04-13T16:39:02.455+0000] {dag.py:3096} INFO - Sync 1 DAGs
[2024-04-13T16:39:02.460+0000] {logging_mixin.py:188} INFO - [2024-04-13T16:39:02.460+0000] {dag.py:3954} INFO - Setting next_dagrun for example_complex to None, run_after=None
[2024-04-13T16:39:02.467+0000] {processor.py:183} INFO - Processing /home/airflow/.local/lib/python3.12/site-packages/airflow/example_dags/example_complex.py took 0.034 seconds
[2024-04-13T16:39:32.996+0000] {processor.py:161} INFO - Started process (PID=3130) to work on /home/airflow/.local/lib/python3.12/site-packages/airflow/example_dags/example_complex.py
[2024-04-13T16:39:32.996+0000] {processor.py:830} INFO - Processing file /home/airflow/.local/lib/python3.12/site-packages/airflow/example_dags/example_complex.py for tasks to queue
[2024-04-13T16:39:32.997+0000] {logging_mixin.py:188} INFO - [2024-04-13T16:39:32.997+0000] {dagbag.py:540} INFO - Filling up the DagBag from /home/airflow/.local/lib/python3.12/site-packages/airflow/example_dags/example_complex.py
[2024-04-13T16:39:33.001+0000] {processor.py:840} INFO - DAG(s) 'example_complex' retrieved from /home/airflow/.local/lib/python3.12/site-packages/airflow/example_dags/example_complex.py
[2024-04-13T16:39:33.014+0000] {logging_mixin.py:188} INFO - [2024-04-13T16:39:33.014+0000] {dag.py:3096} INFO - Sync 1 DAGs
[2024-04-13T16:39:33.019+0000] {logging_mixin.py:188} INFO - [2024-04-13T16:39:33.019+0000] {dag.py:3954} INFO - Setting next_dagrun for example_complex to None, run_after=None
[2024-04-13T16:39:33.026+0000] {processor.py:183} INFO - Processing /home/airflow/.local/lib/python3.12/site-packages/airflow/example_dags/example_complex.py took 0.033 seconds
[2024-04-13T16:40:03.504+0000] {processor.py:161} INFO - Started process (PID=3188) to work on /home/airflow/.local/lib/python3.12/site-packages/airflow/example_dags/example_complex.py
[2024-04-13T16:40:03.504+0000] {processor.py:830} INFO - Processing file /home/airflow/.local/lib/python3.12/site-packages/airflow/example_dags/example_complex.py for tasks to queue
[2024-04-13T16:40:03.505+0000] {logging_mixin.py:188} INFO - [2024-04-13T16:40:03.505+0000] {dagbag.py:540} INFO - Filling up the DagBag from /home/airflow/.local/lib/python3.12/site-packages/airflow/example_dags/example_complex.py
[2024-04-13T16:40:03.510+0000] {processor.py:840} INFO - DAG(s) 'example_complex' retrieved from /home/airflow/.local/lib/python3.12/site-packages/airflow/example_dags/example_complex.py
[2024-04-13T16:40:03.522+0000] {logging_mixin.py:188} INFO - [2024-04-13T16:40:03.522+0000] {dag.py:3096} INFO - Sync 1 DAGs
[2024-04-13T16:40:03.527+0000] {logging_mixin.py:188} INFO - [2024-04-13T16:40:03.527+0000] {dag.py:3954} INFO - Setting next_dagrun for example_complex to None, run_after=None
[2024-04-13T16:40:03.534+0000] {processor.py:183} INFO - Processing /home/airflow/.local/lib/python3.12/site-packages/airflow/example_dags/example_complex.py took 0.032 seconds
[2024-04-13T16:40:34.015+0000] {processor.py:161} INFO - Started process (PID=3246) to work on /home/airflow/.local/lib/python3.12/site-packages/airflow/example_dags/example_complex.py
[2024-04-13T16:40:34.016+0000] {processor.py:830} INFO - Processing file /home/airflow/.local/lib/python3.12/site-packages/airflow/example_dags/example_complex.py for tasks to queue
[2024-04-13T16:40:34.017+0000] {logging_mixin.py:188} INFO - [2024-04-13T16:40:34.017+0000] {dagbag.py:540} INFO - Filling up the DagBag from /home/airflow/.local/lib/python3.12/site-packages/airflow/example_dags/example_complex.py
[2024-04-13T16:40:34.021+0000] {processor.py:840} INFO - DAG(s) 'example_complex' retrieved from /home/airflow/.local/lib/python3.12/site-packages/airflow/example_dags/example_complex.py
[2024-04-13T16:40:34.033+0000] {logging_mixin.py:188} INFO - [2024-04-13T16:40:34.033+0000] {dag.py:3096} INFO - Sync 1 DAGs
[2024-04-13T16:40:34.039+0000] {logging_mixin.py:188} INFO - [2024-04-13T16:40:34.039+0000] {dag.py:3954} INFO - Setting next_dagrun for example_complex to None, run_after=None
[2024-04-13T16:40:34.046+0000] {processor.py:183} INFO - Processing /home/airflow/.local/lib/python3.12/site-packages/airflow/example_dags/example_complex.py took 0.033 seconds
[2024-04-13T16:41:04.622+0000] {processor.py:161} INFO - Started process (PID=3304) to work on /home/airflow/.local/lib/python3.12/site-packages/airflow/example_dags/example_complex.py
[2024-04-13T16:41:04.622+0000] {processor.py:830} INFO - Processing file /home/airflow/.local/lib/python3.12/site-packages/airflow/example_dags/example_complex.py for tasks to queue
[2024-04-13T16:41:04.623+0000] {logging_mixin.py:188} INFO - [2024-04-13T16:41:04.623+0000] {dagbag.py:540} INFO - Filling up the DagBag from /home/airflow/.local/lib/python3.12/site-packages/airflow/example_dags/example_complex.py
[2024-04-13T16:41:04.627+0000] {processor.py:840} INFO - DAG(s) 'example_complex' retrieved from /home/airflow/.local/lib/python3.12/site-packages/airflow/example_dags/example_complex.py
[2024-04-13T16:41:04.640+0000] {logging_mixin.py:188} INFO - [2024-04-13T16:41:04.640+0000] {dag.py:3096} INFO - Sync 1 DAGs
[2024-04-13T16:41:04.645+0000] {logging_mixin.py:188} INFO - [2024-04-13T16:41:04.645+0000] {dag.py:3954} INFO - Setting next_dagrun for example_complex to None, run_after=None
[2024-04-13T16:41:04.652+0000] {processor.py:183} INFO - Processing /home/airflow/.local/lib/python3.12/site-packages/airflow/example_dags/example_complex.py took 0.033 seconds
