[2024-04-13T16:12:30.501+0000] {processor.py:161} INFO - Started process (PID=38) to work on /home/airflow/.local/lib/python3.12/site-packages/airflow/example_dags/example_xcom.py
[2024-04-13T16:12:30.503+0000] {processor.py:830} INFO - Processing file /home/airflow/.local/lib/python3.12/site-packages/airflow/example_dags/example_xcom.py for tasks to queue
[2024-04-13T16:12:30.507+0000] {logging_mixin.py:188} INFO - [2024-04-13T16:12:30.506+0000] {dagbag.py:540} INFO - Filling up the DagBag from /home/airflow/.local/lib/python3.12/site-packages/airflow/example_dags/example_xcom.py
[2024-04-13T16:12:30.514+0000] {processor.py:840} INFO - DAG(s) 'example_xcom' retrieved from /home/airflow/.local/lib/python3.12/site-packages/airflow/example_dags/example_xcom.py
[2024-04-13T16:12:30.525+0000] {logging_mixin.py:188} INFO - [2024-04-13T16:12:30.525+0000] {dag.py:3096} INFO - Sync 1 DAGs
[2024-04-13T16:12:30.544+0000] {logging_mixin.py:188} INFO - [2024-04-13T16:12:30.544+0000] {dag.py:3954} INFO - Setting next_dagrun for example_xcom to 2021-01-01 00:00:00+00:00, run_after=2021-01-01 00:00:00+00:00
[2024-04-13T16:12:30.566+0000] {processor.py:183} INFO - Processing /home/airflow/.local/lib/python3.12/site-packages/airflow/example_dags/example_xcom.py took 0.072 seconds
[2024-04-13T16:13:01.382+0000] {processor.py:161} INFO - Started process (PID=96) to work on /home/airflow/.local/lib/python3.12/site-packages/airflow/example_dags/example_xcom.py
[2024-04-13T16:13:01.382+0000] {processor.py:830} INFO - Processing file /home/airflow/.local/lib/python3.12/site-packages/airflow/example_dags/example_xcom.py for tasks to queue
[2024-04-13T16:13:01.383+0000] {logging_mixin.py:188} INFO - [2024-04-13T16:13:01.383+0000] {dagbag.py:540} INFO - Filling up the DagBag from /home/airflow/.local/lib/python3.12/site-packages/airflow/example_dags/example_xcom.py
[2024-04-13T16:13:01.387+0000] {processor.py:840} INFO - DAG(s) 'example_xcom' retrieved from /home/airflow/.local/lib/python3.12/site-packages/airflow/example_dags/example_xcom.py
[2024-04-13T16:13:01.427+0000] {logging_mixin.py:188} INFO - [2024-04-13T16:13:01.426+0000] {dag.py:3096} INFO - Sync 1 DAGs
[2024-04-13T16:13:01.434+0000] {logging_mixin.py:188} INFO - [2024-04-13T16:13:01.434+0000] {dag.py:3954} INFO - Setting next_dagrun for example_xcom to 2021-01-01 00:00:00+00:00, run_after=2021-01-01 00:00:00+00:00
[2024-04-13T16:13:01.440+0000] {processor.py:183} INFO - Processing /home/airflow/.local/lib/python3.12/site-packages/airflow/example_dags/example_xcom.py took 0.061 seconds
[2024-04-13T16:13:31.608+0000] {processor.py:161} INFO - Started process (PID=154) to work on /home/airflow/.local/lib/python3.12/site-packages/airflow/example_dags/example_xcom.py
[2024-04-13T16:13:31.608+0000] {processor.py:830} INFO - Processing file /home/airflow/.local/lib/python3.12/site-packages/airflow/example_dags/example_xcom.py for tasks to queue
[2024-04-13T16:13:31.609+0000] {logging_mixin.py:188} INFO - [2024-04-13T16:13:31.609+0000] {dagbag.py:540} INFO - Filling up the DagBag from /home/airflow/.local/lib/python3.12/site-packages/airflow/example_dags/example_xcom.py
[2024-04-13T16:13:31.612+0000] {processor.py:840} INFO - DAG(s) 'example_xcom' retrieved from /home/airflow/.local/lib/python3.12/site-packages/airflow/example_dags/example_xcom.py
[2024-04-13T16:13:31.620+0000] {logging_mixin.py:188} INFO - [2024-04-13T16:13:31.620+0000] {dag.py:3096} INFO - Sync 1 DAGs
[2024-04-13T16:13:31.628+0000] {logging_mixin.py:188} INFO - [2024-04-13T16:13:31.628+0000] {dag.py:3954} INFO - Setting next_dagrun for example_xcom to 2021-01-01 00:00:00+00:00, run_after=2021-01-01 00:00:00+00:00
[2024-04-13T16:13:31.634+0000] {processor.py:183} INFO - Processing /home/airflow/.local/lib/python3.12/site-packages/airflow/example_dags/example_xcom.py took 0.029 seconds
[2024-04-13T16:14:02.076+0000] {processor.py:161} INFO - Started process (PID=212) to work on /home/airflow/.local/lib/python3.12/site-packages/airflow/example_dags/example_xcom.py
[2024-04-13T16:14:02.077+0000] {processor.py:830} INFO - Processing file /home/airflow/.local/lib/python3.12/site-packages/airflow/example_dags/example_xcom.py for tasks to queue
[2024-04-13T16:14:02.078+0000] {logging_mixin.py:188} INFO - [2024-04-13T16:14:02.078+0000] {dagbag.py:540} INFO - Filling up the DagBag from /home/airflow/.local/lib/python3.12/site-packages/airflow/example_dags/example_xcom.py
[2024-04-13T16:14:02.082+0000] {processor.py:840} INFO - DAG(s) 'example_xcom' retrieved from /home/airflow/.local/lib/python3.12/site-packages/airflow/example_dags/example_xcom.py
[2024-04-13T16:14:02.092+0000] {logging_mixin.py:188} INFO - [2024-04-13T16:14:02.092+0000] {dag.py:3096} INFO - Sync 1 DAGs
[2024-04-13T16:14:02.102+0000] {logging_mixin.py:188} INFO - [2024-04-13T16:14:02.102+0000] {dag.py:3954} INFO - Setting next_dagrun for example_xcom to 2021-01-01 00:00:00+00:00, run_after=2021-01-01 00:00:00+00:00
[2024-04-13T16:14:02.109+0000] {processor.py:183} INFO - Processing /home/airflow/.local/lib/python3.12/site-packages/airflow/example_dags/example_xcom.py took 0.036 seconds
[2024-04-13T16:14:32.568+0000] {processor.py:161} INFO - Started process (PID=270) to work on /home/airflow/.local/lib/python3.12/site-packages/airflow/example_dags/example_xcom.py
[2024-04-13T16:14:32.568+0000] {processor.py:830} INFO - Processing file /home/airflow/.local/lib/python3.12/site-packages/airflow/example_dags/example_xcom.py for tasks to queue
[2024-04-13T16:14:32.569+0000] {logging_mixin.py:188} INFO - [2024-04-13T16:14:32.569+0000] {dagbag.py:540} INFO - Filling up the DagBag from /home/airflow/.local/lib/python3.12/site-packages/airflow/example_dags/example_xcom.py
[2024-04-13T16:14:32.572+0000] {processor.py:840} INFO - DAG(s) 'example_xcom' retrieved from /home/airflow/.local/lib/python3.12/site-packages/airflow/example_dags/example_xcom.py
[2024-04-13T16:14:32.581+0000] {logging_mixin.py:188} INFO - [2024-04-13T16:14:32.581+0000] {dag.py:3096} INFO - Sync 1 DAGs
[2024-04-13T16:14:32.589+0000] {logging_mixin.py:188} INFO - [2024-04-13T16:14:32.589+0000] {dag.py:3954} INFO - Setting next_dagrun for example_xcom to 2021-01-01 00:00:00+00:00, run_after=2021-01-01 00:00:00+00:00
[2024-04-13T16:14:32.596+0000] {processor.py:183} INFO - Processing /home/airflow/.local/lib/python3.12/site-packages/airflow/example_dags/example_xcom.py took 0.031 seconds
[2024-04-13T16:15:03.084+0000] {processor.py:161} INFO - Started process (PID=328) to work on /home/airflow/.local/lib/python3.12/site-packages/airflow/example_dags/example_xcom.py
[2024-04-13T16:15:03.084+0000] {processor.py:830} INFO - Processing file /home/airflow/.local/lib/python3.12/site-packages/airflow/example_dags/example_xcom.py for tasks to queue
[2024-04-13T16:15:03.085+0000] {logging_mixin.py:188} INFO - [2024-04-13T16:15:03.085+0000] {dagbag.py:540} INFO - Filling up the DagBag from /home/airflow/.local/lib/python3.12/site-packages/airflow/example_dags/example_xcom.py
[2024-04-13T16:15:03.088+0000] {processor.py:840} INFO - DAG(s) 'example_xcom' retrieved from /home/airflow/.local/lib/python3.12/site-packages/airflow/example_dags/example_xcom.py
[2024-04-13T16:15:03.097+0000] {logging_mixin.py:188} INFO - [2024-04-13T16:15:03.097+0000] {dag.py:3096} INFO - Sync 1 DAGs
[2024-04-13T16:15:03.105+0000] {logging_mixin.py:188} INFO - [2024-04-13T16:15:03.105+0000] {dag.py:3954} INFO - Setting next_dagrun for example_xcom to 2021-01-01 00:00:00+00:00, run_after=2021-01-01 00:00:00+00:00
[2024-04-13T16:15:03.112+0000] {processor.py:183} INFO - Processing /home/airflow/.local/lib/python3.12/site-packages/airflow/example_dags/example_xcom.py took 0.030 seconds
[2024-04-13T16:15:33.568+0000] {processor.py:161} INFO - Started process (PID=386) to work on /home/airflow/.local/lib/python3.12/site-packages/airflow/example_dags/example_xcom.py
[2024-04-13T16:15:33.568+0000] {processor.py:830} INFO - Processing file /home/airflow/.local/lib/python3.12/site-packages/airflow/example_dags/example_xcom.py for tasks to queue
[2024-04-13T16:15:33.569+0000] {logging_mixin.py:188} INFO - [2024-04-13T16:15:33.569+0000] {dagbag.py:540} INFO - Filling up the DagBag from /home/airflow/.local/lib/python3.12/site-packages/airflow/example_dags/example_xcom.py
[2024-04-13T16:15:33.573+0000] {processor.py:840} INFO - DAG(s) 'example_xcom' retrieved from /home/airflow/.local/lib/python3.12/site-packages/airflow/example_dags/example_xcom.py
[2024-04-13T16:15:33.583+0000] {logging_mixin.py:188} INFO - [2024-04-13T16:15:33.583+0000] {dag.py:3096} INFO - Sync 1 DAGs
[2024-04-13T16:15:33.591+0000] {logging_mixin.py:188} INFO - [2024-04-13T16:15:33.591+0000] {dag.py:3954} INFO - Setting next_dagrun for example_xcom to 2021-01-01 00:00:00+00:00, run_after=2021-01-01 00:00:00+00:00
[2024-04-13T16:15:33.598+0000] {processor.py:183} INFO - Processing /home/airflow/.local/lib/python3.12/site-packages/airflow/example_dags/example_xcom.py took 0.034 seconds
[2024-04-13T16:16:04.084+0000] {processor.py:161} INFO - Started process (PID=444) to work on /home/airflow/.local/lib/python3.12/site-packages/airflow/example_dags/example_xcom.py
[2024-04-13T16:16:04.084+0000] {processor.py:830} INFO - Processing file /home/airflow/.local/lib/python3.12/site-packages/airflow/example_dags/example_xcom.py for tasks to queue
[2024-04-13T16:16:04.085+0000] {logging_mixin.py:188} INFO - [2024-04-13T16:16:04.085+0000] {dagbag.py:540} INFO - Filling up the DagBag from /home/airflow/.local/lib/python3.12/site-packages/airflow/example_dags/example_xcom.py
[2024-04-13T16:16:04.088+0000] {processor.py:840} INFO - DAG(s) 'example_xcom' retrieved from /home/airflow/.local/lib/python3.12/site-packages/airflow/example_dags/example_xcom.py
[2024-04-13T16:16:04.098+0000] {logging_mixin.py:188} INFO - [2024-04-13T16:16:04.098+0000] {dag.py:3096} INFO - Sync 1 DAGs
[2024-04-13T16:16:04.107+0000] {logging_mixin.py:188} INFO - [2024-04-13T16:16:04.107+0000] {dag.py:3954} INFO - Setting next_dagrun for example_xcom to 2021-01-01 00:00:00+00:00, run_after=2021-01-01 00:00:00+00:00
[2024-04-13T16:16:04.114+0000] {processor.py:183} INFO - Processing /home/airflow/.local/lib/python3.12/site-packages/airflow/example_dags/example_xcom.py took 0.033 seconds
[2024-04-13T16:16:34.672+0000] {processor.py:161} INFO - Started process (PID=502) to work on /home/airflow/.local/lib/python3.12/site-packages/airflow/example_dags/example_xcom.py
[2024-04-13T16:16:34.672+0000] {processor.py:830} INFO - Processing file /home/airflow/.local/lib/python3.12/site-packages/airflow/example_dags/example_xcom.py for tasks to queue
[2024-04-13T16:16:34.673+0000] {logging_mixin.py:188} INFO - [2024-04-13T16:16:34.673+0000] {dagbag.py:540} INFO - Filling up the DagBag from /home/airflow/.local/lib/python3.12/site-packages/airflow/example_dags/example_xcom.py
[2024-04-13T16:16:34.677+0000] {processor.py:840} INFO - DAG(s) 'example_xcom' retrieved from /home/airflow/.local/lib/python3.12/site-packages/airflow/example_dags/example_xcom.py
[2024-04-13T16:16:34.686+0000] {logging_mixin.py:188} INFO - [2024-04-13T16:16:34.686+0000] {dag.py:3096} INFO - Sync 1 DAGs
[2024-04-13T16:16:34.695+0000] {logging_mixin.py:188} INFO - [2024-04-13T16:16:34.695+0000] {dag.py:3954} INFO - Setting next_dagrun for example_xcom to 2021-01-01 00:00:00+00:00, run_after=2021-01-01 00:00:00+00:00
[2024-04-13T16:16:34.702+0000] {processor.py:183} INFO - Processing /home/airflow/.local/lib/python3.12/site-packages/airflow/example_dags/example_xcom.py took 0.032 seconds
[2024-04-13T16:17:05.355+0000] {processor.py:161} INFO - Started process (PID=560) to work on /home/airflow/.local/lib/python3.12/site-packages/airflow/example_dags/example_xcom.py
[2024-04-13T16:17:05.355+0000] {processor.py:830} INFO - Processing file /home/airflow/.local/lib/python3.12/site-packages/airflow/example_dags/example_xcom.py for tasks to queue
[2024-04-13T16:17:05.356+0000] {logging_mixin.py:188} INFO - [2024-04-13T16:17:05.356+0000] {dagbag.py:540} INFO - Filling up the DagBag from /home/airflow/.local/lib/python3.12/site-packages/airflow/example_dags/example_xcom.py
[2024-04-13T16:17:05.361+0000] {processor.py:840} INFO - DAG(s) 'example_xcom' retrieved from /home/airflow/.local/lib/python3.12/site-packages/airflow/example_dags/example_xcom.py
[2024-04-13T16:17:05.371+0000] {logging_mixin.py:188} INFO - [2024-04-13T16:17:05.370+0000] {dag.py:3096} INFO - Sync 1 DAGs
[2024-04-13T16:17:05.380+0000] {logging_mixin.py:188} INFO - [2024-04-13T16:17:05.379+0000] {dag.py:3954} INFO - Setting next_dagrun for example_xcom to 2021-01-01 00:00:00+00:00, run_after=2021-01-01 00:00:00+00:00
[2024-04-13T16:17:05.387+0000] {processor.py:183} INFO - Processing /home/airflow/.local/lib/python3.12/site-packages/airflow/example_dags/example_xcom.py took 0.035 seconds
[2024-04-13T16:17:35.895+0000] {processor.py:161} INFO - Started process (PID=618) to work on /home/airflow/.local/lib/python3.12/site-packages/airflow/example_dags/example_xcom.py
[2024-04-13T16:17:35.895+0000] {processor.py:830} INFO - Processing file /home/airflow/.local/lib/python3.12/site-packages/airflow/example_dags/example_xcom.py for tasks to queue
[2024-04-13T16:17:35.896+0000] {logging_mixin.py:188} INFO - [2024-04-13T16:17:35.896+0000] {dagbag.py:540} INFO - Filling up the DagBag from /home/airflow/.local/lib/python3.12/site-packages/airflow/example_dags/example_xcom.py
[2024-04-13T16:17:35.900+0000] {processor.py:840} INFO - DAG(s) 'example_xcom' retrieved from /home/airflow/.local/lib/python3.12/site-packages/airflow/example_dags/example_xcom.py
[2024-04-13T16:17:35.910+0000] {logging_mixin.py:188} INFO - [2024-04-13T16:17:35.910+0000] {dag.py:3096} INFO - Sync 1 DAGs
[2024-04-13T16:17:35.919+0000] {logging_mixin.py:188} INFO - [2024-04-13T16:17:35.919+0000] {dag.py:3954} INFO - Setting next_dagrun for example_xcom to 2021-01-01 00:00:00+00:00, run_after=2021-01-01 00:00:00+00:00
[2024-04-13T16:17:35.928+0000] {processor.py:183} INFO - Processing /home/airflow/.local/lib/python3.12/site-packages/airflow/example_dags/example_xcom.py took 0.037 seconds
[2024-04-13T16:18:06.545+0000] {processor.py:161} INFO - Started process (PID=676) to work on /home/airflow/.local/lib/python3.12/site-packages/airflow/example_dags/example_xcom.py
[2024-04-13T16:18:06.545+0000] {processor.py:830} INFO - Processing file /home/airflow/.local/lib/python3.12/site-packages/airflow/example_dags/example_xcom.py for tasks to queue
[2024-04-13T16:18:06.547+0000] {logging_mixin.py:188} INFO - [2024-04-13T16:18:06.547+0000] {dagbag.py:540} INFO - Filling up the DagBag from /home/airflow/.local/lib/python3.12/site-packages/airflow/example_dags/example_xcom.py
[2024-04-13T16:18:06.552+0000] {processor.py:840} INFO - DAG(s) 'example_xcom' retrieved from /home/airflow/.local/lib/python3.12/site-packages/airflow/example_dags/example_xcom.py
[2024-04-13T16:18:06.565+0000] {logging_mixin.py:188} INFO - [2024-04-13T16:18:06.565+0000] {dag.py:3096} INFO - Sync 1 DAGs
[2024-04-13T16:18:06.576+0000] {logging_mixin.py:188} INFO - [2024-04-13T16:18:06.576+0000] {dag.py:3954} INFO - Setting next_dagrun for example_xcom to 2021-01-01 00:00:00+00:00, run_after=2021-01-01 00:00:00+00:00
[2024-04-13T16:18:06.591+0000] {processor.py:183} INFO - Processing /home/airflow/.local/lib/python3.12/site-packages/airflow/example_dags/example_xcom.py took 0.050 seconds
[2024-04-13T16:18:37.240+0000] {processor.py:161} INFO - Started process (PID=734) to work on /home/airflow/.local/lib/python3.12/site-packages/airflow/example_dags/example_xcom.py
[2024-04-13T16:18:37.241+0000] {processor.py:830} INFO - Processing file /home/airflow/.local/lib/python3.12/site-packages/airflow/example_dags/example_xcom.py for tasks to queue
[2024-04-13T16:18:37.242+0000] {logging_mixin.py:188} INFO - [2024-04-13T16:18:37.242+0000] {dagbag.py:540} INFO - Filling up the DagBag from /home/airflow/.local/lib/python3.12/site-packages/airflow/example_dags/example_xcom.py
[2024-04-13T16:18:37.245+0000] {processor.py:840} INFO - DAG(s) 'example_xcom' retrieved from /home/airflow/.local/lib/python3.12/site-packages/airflow/example_dags/example_xcom.py
[2024-04-13T16:18:37.254+0000] {logging_mixin.py:188} INFO - [2024-04-13T16:18:37.254+0000] {dag.py:3096} INFO - Sync 1 DAGs
[2024-04-13T16:18:37.262+0000] {logging_mixin.py:188} INFO - [2024-04-13T16:18:37.262+0000] {dag.py:3954} INFO - Setting next_dagrun for example_xcom to 2021-01-01 00:00:00+00:00, run_after=2021-01-01 00:00:00+00:00
[2024-04-13T16:18:37.269+0000] {processor.py:183} INFO - Processing /home/airflow/.local/lib/python3.12/site-packages/airflow/example_dags/example_xcom.py took 0.031 seconds
[2024-04-13T16:19:07.814+0000] {processor.py:161} INFO - Started process (PID=791) to work on /home/airflow/.local/lib/python3.12/site-packages/airflow/example_dags/example_xcom.py
[2024-04-13T16:19:07.814+0000] {processor.py:830} INFO - Processing file /home/airflow/.local/lib/python3.12/site-packages/airflow/example_dags/example_xcom.py for tasks to queue
[2024-04-13T16:19:07.815+0000] {logging_mixin.py:188} INFO - [2024-04-13T16:19:07.815+0000] {dagbag.py:540} INFO - Filling up the DagBag from /home/airflow/.local/lib/python3.12/site-packages/airflow/example_dags/example_xcom.py
[2024-04-13T16:19:07.819+0000] {processor.py:840} INFO - DAG(s) 'example_xcom' retrieved from /home/airflow/.local/lib/python3.12/site-packages/airflow/example_dags/example_xcom.py
[2024-04-13T16:19:07.829+0000] {logging_mixin.py:188} INFO - [2024-04-13T16:19:07.829+0000] {dag.py:3096} INFO - Sync 1 DAGs
[2024-04-13T16:19:07.838+0000] {logging_mixin.py:188} INFO - [2024-04-13T16:19:07.838+0000] {dag.py:3954} INFO - Setting next_dagrun for example_xcom to 2021-01-01 00:00:00+00:00, run_after=2021-01-01 00:00:00+00:00
[2024-04-13T16:19:07.847+0000] {processor.py:183} INFO - Processing /home/airflow/.local/lib/python3.12/site-packages/airflow/example_dags/example_xcom.py took 0.035 seconds
[2024-04-13T16:19:37.867+0000] {processor.py:161} INFO - Started process (PID=848) to work on /home/airflow/.local/lib/python3.12/site-packages/airflow/example_dags/example_xcom.py
[2024-04-13T16:19:37.867+0000] {processor.py:830} INFO - Processing file /home/airflow/.local/lib/python3.12/site-packages/airflow/example_dags/example_xcom.py for tasks to queue
[2024-04-13T16:19:37.868+0000] {logging_mixin.py:188} INFO - [2024-04-13T16:19:37.868+0000] {dagbag.py:540} INFO - Filling up the DagBag from /home/airflow/.local/lib/python3.12/site-packages/airflow/example_dags/example_xcom.py
[2024-04-13T16:19:37.872+0000] {processor.py:840} INFO - DAG(s) 'example_xcom' retrieved from /home/airflow/.local/lib/python3.12/site-packages/airflow/example_dags/example_xcom.py
[2024-04-13T16:19:37.885+0000] {logging_mixin.py:188} INFO - [2024-04-13T16:19:37.885+0000] {dag.py:3096} INFO - Sync 1 DAGs
[2024-04-13T16:19:37.895+0000] {logging_mixin.py:188} INFO - [2024-04-13T16:19:37.894+0000] {dag.py:3954} INFO - Setting next_dagrun for example_xcom to 2021-01-01 00:00:00+00:00, run_after=2021-01-01 00:00:00+00:00
[2024-04-13T16:19:37.902+0000] {processor.py:183} INFO - Processing /home/airflow/.local/lib/python3.12/site-packages/airflow/example_dags/example_xcom.py took 0.038 seconds
[2024-04-13T16:20:07.994+0000] {processor.py:161} INFO - Started process (PID=906) to work on /home/airflow/.local/lib/python3.12/site-packages/airflow/example_dags/example_xcom.py
[2024-04-13T16:20:07.995+0000] {processor.py:830} INFO - Processing file /home/airflow/.local/lib/python3.12/site-packages/airflow/example_dags/example_xcom.py for tasks to queue
[2024-04-13T16:20:07.996+0000] {logging_mixin.py:188} INFO - [2024-04-13T16:20:07.996+0000] {dagbag.py:540} INFO - Filling up the DagBag from /home/airflow/.local/lib/python3.12/site-packages/airflow/example_dags/example_xcom.py
[2024-04-13T16:20:07.999+0000] {processor.py:840} INFO - DAG(s) 'example_xcom' retrieved from /home/airflow/.local/lib/python3.12/site-packages/airflow/example_dags/example_xcom.py
[2024-04-13T16:20:08.007+0000] {logging_mixin.py:188} INFO - [2024-04-13T16:20:08.007+0000] {dag.py:3096} INFO - Sync 1 DAGs
[2024-04-13T16:20:08.016+0000] {logging_mixin.py:188} INFO - [2024-04-13T16:20:08.015+0000] {dag.py:3954} INFO - Setting next_dagrun for example_xcom to 2021-01-01 00:00:00+00:00, run_after=2021-01-01 00:00:00+00:00
[2024-04-13T16:20:08.022+0000] {processor.py:183} INFO - Processing /home/airflow/.local/lib/python3.12/site-packages/airflow/example_dags/example_xcom.py took 0.030 seconds
[2024-04-13T16:20:38.198+0000] {processor.py:161} INFO - Started process (PID=964) to work on /home/airflow/.local/lib/python3.12/site-packages/airflow/example_dags/example_xcom.py
[2024-04-13T16:20:38.198+0000] {processor.py:830} INFO - Processing file /home/airflow/.local/lib/python3.12/site-packages/airflow/example_dags/example_xcom.py for tasks to queue
[2024-04-13T16:20:38.199+0000] {logging_mixin.py:188} INFO - [2024-04-13T16:20:38.199+0000] {dagbag.py:540} INFO - Filling up the DagBag from /home/airflow/.local/lib/python3.12/site-packages/airflow/example_dags/example_xcom.py
[2024-04-13T16:20:38.203+0000] {processor.py:840} INFO - DAG(s) 'example_xcom' retrieved from /home/airflow/.local/lib/python3.12/site-packages/airflow/example_dags/example_xcom.py
[2024-04-13T16:20:38.211+0000] {logging_mixin.py:188} INFO - [2024-04-13T16:20:38.211+0000] {dag.py:3096} INFO - Sync 1 DAGs
[2024-04-13T16:20:38.219+0000] {logging_mixin.py:188} INFO - [2024-04-13T16:20:38.219+0000] {dag.py:3954} INFO - Setting next_dagrun for example_xcom to 2021-01-01 00:00:00+00:00, run_after=2021-01-01 00:00:00+00:00
[2024-04-13T16:20:38.226+0000] {processor.py:183} INFO - Processing /home/airflow/.local/lib/python3.12/site-packages/airflow/example_dags/example_xcom.py took 0.030 seconds
[2024-04-13T16:21:09.463+0000] {processor.py:161} INFO - Started process (PID=1023) to work on /home/airflow/.local/lib/python3.12/site-packages/airflow/example_dags/example_xcom.py
[2024-04-13T16:21:09.463+0000] {processor.py:830} INFO - Processing file /home/airflow/.local/lib/python3.12/site-packages/airflow/example_dags/example_xcom.py for tasks to queue
[2024-04-13T16:21:09.464+0000] {logging_mixin.py:188} INFO - [2024-04-13T16:21:09.464+0000] {dagbag.py:540} INFO - Filling up the DagBag from /home/airflow/.local/lib/python3.12/site-packages/airflow/example_dags/example_xcom.py
[2024-04-13T16:21:09.467+0000] {processor.py:840} INFO - DAG(s) 'example_xcom' retrieved from /home/airflow/.local/lib/python3.12/site-packages/airflow/example_dags/example_xcom.py
[2024-04-13T16:21:09.476+0000] {logging_mixin.py:188} INFO - [2024-04-13T16:21:09.476+0000] {dag.py:3096} INFO - Sync 1 DAGs
[2024-04-13T16:21:09.571+0000] {logging_mixin.py:188} INFO - [2024-04-13T16:21:09.571+0000] {dag.py:3954} INFO - Setting next_dagrun for example_xcom to 2021-01-01 00:00:00+00:00, run_after=2021-01-01 00:00:00+00:00
[2024-04-13T16:21:09.577+0000] {processor.py:183} INFO - Processing /home/airflow/.local/lib/python3.12/site-packages/airflow/example_dags/example_xcom.py took 0.117 seconds
[2024-04-13T16:21:40.376+0000] {processor.py:161} INFO - Started process (PID=1081) to work on /home/airflow/.local/lib/python3.12/site-packages/airflow/example_dags/example_xcom.py
[2024-04-13T16:21:40.377+0000] {processor.py:830} INFO - Processing file /home/airflow/.local/lib/python3.12/site-packages/airflow/example_dags/example_xcom.py for tasks to queue
[2024-04-13T16:21:40.378+0000] {logging_mixin.py:188} INFO - [2024-04-13T16:21:40.377+0000] {dagbag.py:540} INFO - Filling up the DagBag from /home/airflow/.local/lib/python3.12/site-packages/airflow/example_dags/example_xcom.py
[2024-04-13T16:21:40.381+0000] {processor.py:840} INFO - DAG(s) 'example_xcom' retrieved from /home/airflow/.local/lib/python3.12/site-packages/airflow/example_dags/example_xcom.py
[2024-04-13T16:21:40.391+0000] {logging_mixin.py:188} INFO - [2024-04-13T16:21:40.391+0000] {dag.py:3096} INFO - Sync 1 DAGs
[2024-04-13T16:21:40.491+0000] {logging_mixin.py:188} INFO - [2024-04-13T16:21:40.491+0000] {dag.py:3954} INFO - Setting next_dagrun for example_xcom to 2021-01-01 00:00:00+00:00, run_after=2021-01-01 00:00:00+00:00
[2024-04-13T16:21:40.498+0000] {processor.py:183} INFO - Processing /home/airflow/.local/lib/python3.12/site-packages/airflow/example_dags/example_xcom.py took 0.125 seconds
[2024-04-13T16:22:10.750+0000] {processor.py:161} INFO - Started process (PID=1139) to work on /home/airflow/.local/lib/python3.12/site-packages/airflow/example_dags/example_xcom.py
[2024-04-13T16:22:10.751+0000] {processor.py:830} INFO - Processing file /home/airflow/.local/lib/python3.12/site-packages/airflow/example_dags/example_xcom.py for tasks to queue
[2024-04-13T16:22:10.752+0000] {logging_mixin.py:188} INFO - [2024-04-13T16:22:10.751+0000] {dagbag.py:540} INFO - Filling up the DagBag from /home/airflow/.local/lib/python3.12/site-packages/airflow/example_dags/example_xcom.py
[2024-04-13T16:22:10.755+0000] {processor.py:840} INFO - DAG(s) 'example_xcom' retrieved from /home/airflow/.local/lib/python3.12/site-packages/airflow/example_dags/example_xcom.py
[2024-04-13T16:22:10.764+0000] {logging_mixin.py:188} INFO - [2024-04-13T16:22:10.764+0000] {dag.py:3096} INFO - Sync 1 DAGs
[2024-04-13T16:22:10.773+0000] {logging_mixin.py:188} INFO - [2024-04-13T16:22:10.773+0000] {dag.py:3954} INFO - Setting next_dagrun for example_xcom to 2021-01-01 00:00:00+00:00, run_after=2021-01-01 00:00:00+00:00
[2024-04-13T16:22:10.779+0000] {processor.py:183} INFO - Processing /home/airflow/.local/lib/python3.12/site-packages/airflow/example_dags/example_xcom.py took 0.032 seconds
[2024-04-13T16:22:41.307+0000] {processor.py:161} INFO - Started process (PID=1197) to work on /home/airflow/.local/lib/python3.12/site-packages/airflow/example_dags/example_xcom.py
[2024-04-13T16:22:41.307+0000] {processor.py:830} INFO - Processing file /home/airflow/.local/lib/python3.12/site-packages/airflow/example_dags/example_xcom.py for tasks to queue
[2024-04-13T16:22:41.308+0000] {logging_mixin.py:188} INFO - [2024-04-13T16:22:41.308+0000] {dagbag.py:540} INFO - Filling up the DagBag from /home/airflow/.local/lib/python3.12/site-packages/airflow/example_dags/example_xcom.py
[2024-04-13T16:22:41.311+0000] {processor.py:840} INFO - DAG(s) 'example_xcom' retrieved from /home/airflow/.local/lib/python3.12/site-packages/airflow/example_dags/example_xcom.py
[2024-04-13T16:22:41.320+0000] {logging_mixin.py:188} INFO - [2024-04-13T16:22:41.319+0000] {dag.py:3096} INFO - Sync 1 DAGs
[2024-04-13T16:22:41.330+0000] {logging_mixin.py:188} INFO - [2024-04-13T16:22:41.329+0000] {dag.py:3954} INFO - Setting next_dagrun for example_xcom to 2021-01-01 00:00:00+00:00, run_after=2021-01-01 00:00:00+00:00
[2024-04-13T16:22:41.337+0000] {processor.py:183} INFO - Processing /home/airflow/.local/lib/python3.12/site-packages/airflow/example_dags/example_xcom.py took 0.033 seconds
[2024-04-13T16:23:11.978+0000] {processor.py:161} INFO - Started process (PID=1255) to work on /home/airflow/.local/lib/python3.12/site-packages/airflow/example_dags/example_xcom.py
[2024-04-13T16:23:11.978+0000] {processor.py:830} INFO - Processing file /home/airflow/.local/lib/python3.12/site-packages/airflow/example_dags/example_xcom.py for tasks to queue
[2024-04-13T16:23:11.979+0000] {logging_mixin.py:188} INFO - [2024-04-13T16:23:11.979+0000] {dagbag.py:540} INFO - Filling up the DagBag from /home/airflow/.local/lib/python3.12/site-packages/airflow/example_dags/example_xcom.py
[2024-04-13T16:23:11.984+0000] {processor.py:840} INFO - DAG(s) 'example_xcom' retrieved from /home/airflow/.local/lib/python3.12/site-packages/airflow/example_dags/example_xcom.py
[2024-04-13T16:23:11.994+0000] {logging_mixin.py:188} INFO - [2024-04-13T16:23:11.994+0000] {dag.py:3096} INFO - Sync 1 DAGs
[2024-04-13T16:23:12.003+0000] {logging_mixin.py:188} INFO - [2024-04-13T16:23:12.003+0000] {dag.py:3954} INFO - Setting next_dagrun for example_xcom to 2021-01-01 00:00:00+00:00, run_after=2021-01-01 00:00:00+00:00
[2024-04-13T16:23:12.012+0000] {processor.py:183} INFO - Processing /home/airflow/.local/lib/python3.12/site-packages/airflow/example_dags/example_xcom.py took 0.037 seconds
[2024-04-13T16:23:42.652+0000] {processor.py:161} INFO - Started process (PID=1313) to work on /home/airflow/.local/lib/python3.12/site-packages/airflow/example_dags/example_xcom.py
[2024-04-13T16:23:42.652+0000] {processor.py:830} INFO - Processing file /home/airflow/.local/lib/python3.12/site-packages/airflow/example_dags/example_xcom.py for tasks to queue
[2024-04-13T16:23:42.653+0000] {logging_mixin.py:188} INFO - [2024-04-13T16:23:42.653+0000] {dagbag.py:540} INFO - Filling up the DagBag from /home/airflow/.local/lib/python3.12/site-packages/airflow/example_dags/example_xcom.py
[2024-04-13T16:23:42.657+0000] {processor.py:840} INFO - DAG(s) 'example_xcom' retrieved from /home/airflow/.local/lib/python3.12/site-packages/airflow/example_dags/example_xcom.py
[2024-04-13T16:23:42.666+0000] {logging_mixin.py:188} INFO - [2024-04-13T16:23:42.666+0000] {dag.py:3096} INFO - Sync 1 DAGs
[2024-04-13T16:23:42.674+0000] {logging_mixin.py:188} INFO - [2024-04-13T16:23:42.674+0000] {dag.py:3954} INFO - Setting next_dagrun for example_xcom to 2021-01-01 00:00:00+00:00, run_after=2021-01-01 00:00:00+00:00
[2024-04-13T16:23:42.681+0000] {processor.py:183} INFO - Processing /home/airflow/.local/lib/python3.12/site-packages/airflow/example_dags/example_xcom.py took 0.032 seconds
[2024-04-13T16:24:13.224+0000] {processor.py:161} INFO - Started process (PID=1371) to work on /home/airflow/.local/lib/python3.12/site-packages/airflow/example_dags/example_xcom.py
[2024-04-13T16:24:13.225+0000] {processor.py:830} INFO - Processing file /home/airflow/.local/lib/python3.12/site-packages/airflow/example_dags/example_xcom.py for tasks to queue
[2024-04-13T16:24:13.225+0000] {logging_mixin.py:188} INFO - [2024-04-13T16:24:13.225+0000] {dagbag.py:540} INFO - Filling up the DagBag from /home/airflow/.local/lib/python3.12/site-packages/airflow/example_dags/example_xcom.py
[2024-04-13T16:24:13.229+0000] {processor.py:840} INFO - DAG(s) 'example_xcom' retrieved from /home/airflow/.local/lib/python3.12/site-packages/airflow/example_dags/example_xcom.py
[2024-04-13T16:24:13.238+0000] {logging_mixin.py:188} INFO - [2024-04-13T16:24:13.238+0000] {dag.py:3096} INFO - Sync 1 DAGs
[2024-04-13T16:24:13.246+0000] {logging_mixin.py:188} INFO - [2024-04-13T16:24:13.246+0000] {dag.py:3954} INFO - Setting next_dagrun for example_xcom to 2021-01-01 00:00:00+00:00, run_after=2021-01-01 00:00:00+00:00
[2024-04-13T16:24:13.253+0000] {processor.py:183} INFO - Processing /home/airflow/.local/lib/python3.12/site-packages/airflow/example_dags/example_xcom.py took 0.032 seconds
[2024-04-13T16:24:43.799+0000] {processor.py:161} INFO - Started process (PID=1429) to work on /home/airflow/.local/lib/python3.12/site-packages/airflow/example_dags/example_xcom.py
[2024-04-13T16:24:43.799+0000] {processor.py:830} INFO - Processing file /home/airflow/.local/lib/python3.12/site-packages/airflow/example_dags/example_xcom.py for tasks to queue
[2024-04-13T16:24:43.800+0000] {logging_mixin.py:188} INFO - [2024-04-13T16:24:43.800+0000] {dagbag.py:540} INFO - Filling up the DagBag from /home/airflow/.local/lib/python3.12/site-packages/airflow/example_dags/example_xcom.py
[2024-04-13T16:24:43.804+0000] {processor.py:840} INFO - DAG(s) 'example_xcom' retrieved from /home/airflow/.local/lib/python3.12/site-packages/airflow/example_dags/example_xcom.py
[2024-04-13T16:24:43.813+0000] {logging_mixin.py:188} INFO - [2024-04-13T16:24:43.813+0000] {dag.py:3096} INFO - Sync 1 DAGs
[2024-04-13T16:24:43.822+0000] {logging_mixin.py:188} INFO - [2024-04-13T16:24:43.822+0000] {dag.py:3954} INFO - Setting next_dagrun for example_xcom to 2021-01-01 00:00:00+00:00, run_after=2021-01-01 00:00:00+00:00
[2024-04-13T16:24:43.829+0000] {processor.py:183} INFO - Processing /home/airflow/.local/lib/python3.12/site-packages/airflow/example_dags/example_xcom.py took 0.033 seconds
[2024-04-13T16:25:14.387+0000] {processor.py:161} INFO - Started process (PID=1487) to work on /home/airflow/.local/lib/python3.12/site-packages/airflow/example_dags/example_xcom.py
[2024-04-13T16:25:14.388+0000] {processor.py:830} INFO - Processing file /home/airflow/.local/lib/python3.12/site-packages/airflow/example_dags/example_xcom.py for tasks to queue
[2024-04-13T16:25:14.388+0000] {logging_mixin.py:188} INFO - [2024-04-13T16:25:14.388+0000] {dagbag.py:540} INFO - Filling up the DagBag from /home/airflow/.local/lib/python3.12/site-packages/airflow/example_dags/example_xcom.py
[2024-04-13T16:25:14.392+0000] {processor.py:840} INFO - DAG(s) 'example_xcom' retrieved from /home/airflow/.local/lib/python3.12/site-packages/airflow/example_dags/example_xcom.py
[2024-04-13T16:25:14.402+0000] {logging_mixin.py:188} INFO - [2024-04-13T16:25:14.402+0000] {dag.py:3096} INFO - Sync 1 DAGs
[2024-04-13T16:25:14.411+0000] {logging_mixin.py:188} INFO - [2024-04-13T16:25:14.411+0000] {dag.py:3954} INFO - Setting next_dagrun for example_xcom to 2021-01-01 00:00:00+00:00, run_after=2021-01-01 00:00:00+00:00
[2024-04-13T16:25:14.418+0000] {processor.py:183} INFO - Processing /home/airflow/.local/lib/python3.12/site-packages/airflow/example_dags/example_xcom.py took 0.034 seconds
[2024-04-13T16:25:44.976+0000] {processor.py:161} INFO - Started process (PID=1545) to work on /home/airflow/.local/lib/python3.12/site-packages/airflow/example_dags/example_xcom.py
[2024-04-13T16:25:44.977+0000] {processor.py:830} INFO - Processing file /home/airflow/.local/lib/python3.12/site-packages/airflow/example_dags/example_xcom.py for tasks to queue
[2024-04-13T16:25:44.977+0000] {logging_mixin.py:188} INFO - [2024-04-13T16:25:44.977+0000] {dagbag.py:540} INFO - Filling up the DagBag from /home/airflow/.local/lib/python3.12/site-packages/airflow/example_dags/example_xcom.py
[2024-04-13T16:25:44.981+0000] {processor.py:840} INFO - DAG(s) 'example_xcom' retrieved from /home/airflow/.local/lib/python3.12/site-packages/airflow/example_dags/example_xcom.py
[2024-04-13T16:25:44.989+0000] {logging_mixin.py:188} INFO - [2024-04-13T16:25:44.989+0000] {dag.py:3096} INFO - Sync 1 DAGs
[2024-04-13T16:25:44.998+0000] {logging_mixin.py:188} INFO - [2024-04-13T16:25:44.998+0000] {dag.py:3954} INFO - Setting next_dagrun for example_xcom to 2021-01-01 00:00:00+00:00, run_after=2021-01-01 00:00:00+00:00
[2024-04-13T16:25:45.005+0000] {processor.py:183} INFO - Processing /home/airflow/.local/lib/python3.12/site-packages/airflow/example_dags/example_xcom.py took 0.031 seconds
[2024-04-13T16:26:15.573+0000] {processor.py:161} INFO - Started process (PID=1603) to work on /home/airflow/.local/lib/python3.12/site-packages/airflow/example_dags/example_xcom.py
[2024-04-13T16:26:15.573+0000] {processor.py:830} INFO - Processing file /home/airflow/.local/lib/python3.12/site-packages/airflow/example_dags/example_xcom.py for tasks to queue
[2024-04-13T16:26:15.574+0000] {logging_mixin.py:188} INFO - [2024-04-13T16:26:15.574+0000] {dagbag.py:540} INFO - Filling up the DagBag from /home/airflow/.local/lib/python3.12/site-packages/airflow/example_dags/example_xcom.py
[2024-04-13T16:26:15.578+0000] {processor.py:840} INFO - DAG(s) 'example_xcom' retrieved from /home/airflow/.local/lib/python3.12/site-packages/airflow/example_dags/example_xcom.py
[2024-04-13T16:26:15.586+0000] {logging_mixin.py:188} INFO - [2024-04-13T16:26:15.586+0000] {dag.py:3096} INFO - Sync 1 DAGs
[2024-04-13T16:26:15.595+0000] {logging_mixin.py:188} INFO - [2024-04-13T16:26:15.595+0000] {dag.py:3954} INFO - Setting next_dagrun for example_xcom to 2021-01-01 00:00:00+00:00, run_after=2021-01-01 00:00:00+00:00
[2024-04-13T16:26:15.602+0000] {processor.py:183} INFO - Processing /home/airflow/.local/lib/python3.12/site-packages/airflow/example_dags/example_xcom.py took 0.032 seconds
[2024-04-13T16:26:46.073+0000] {processor.py:161} INFO - Started process (PID=1661) to work on /home/airflow/.local/lib/python3.12/site-packages/airflow/example_dags/example_xcom.py
[2024-04-13T16:26:46.073+0000] {processor.py:830} INFO - Processing file /home/airflow/.local/lib/python3.12/site-packages/airflow/example_dags/example_xcom.py for tasks to queue
[2024-04-13T16:26:46.074+0000] {logging_mixin.py:188} INFO - [2024-04-13T16:26:46.074+0000] {dagbag.py:540} INFO - Filling up the DagBag from /home/airflow/.local/lib/python3.12/site-packages/airflow/example_dags/example_xcom.py
[2024-04-13T16:26:46.078+0000] {processor.py:840} INFO - DAG(s) 'example_xcom' retrieved from /home/airflow/.local/lib/python3.12/site-packages/airflow/example_dags/example_xcom.py
[2024-04-13T16:26:46.087+0000] {logging_mixin.py:188} INFO - [2024-04-13T16:26:46.087+0000] {dag.py:3096} INFO - Sync 1 DAGs
[2024-04-13T16:26:46.095+0000] {logging_mixin.py:188} INFO - [2024-04-13T16:26:46.095+0000] {dag.py:3954} INFO - Setting next_dagrun for example_xcom to 2021-01-01 00:00:00+00:00, run_after=2021-01-01 00:00:00+00:00
[2024-04-13T16:26:46.101+0000] {processor.py:183} INFO - Processing /home/airflow/.local/lib/python3.12/site-packages/airflow/example_dags/example_xcom.py took 0.032 seconds
[2024-04-13T16:27:16.686+0000] {processor.py:161} INFO - Started process (PID=1719) to work on /home/airflow/.local/lib/python3.12/site-packages/airflow/example_dags/example_xcom.py
[2024-04-13T16:27:16.686+0000] {processor.py:830} INFO - Processing file /home/airflow/.local/lib/python3.12/site-packages/airflow/example_dags/example_xcom.py for tasks to queue
[2024-04-13T16:27:16.687+0000] {logging_mixin.py:188} INFO - [2024-04-13T16:27:16.687+0000] {dagbag.py:540} INFO - Filling up the DagBag from /home/airflow/.local/lib/python3.12/site-packages/airflow/example_dags/example_xcom.py
[2024-04-13T16:27:16.691+0000] {processor.py:840} INFO - DAG(s) 'example_xcom' retrieved from /home/airflow/.local/lib/python3.12/site-packages/airflow/example_dags/example_xcom.py
[2024-04-13T16:27:16.700+0000] {logging_mixin.py:188} INFO - [2024-04-13T16:27:16.700+0000] {dag.py:3096} INFO - Sync 1 DAGs
[2024-04-13T16:27:16.710+0000] {logging_mixin.py:188} INFO - [2024-04-13T16:27:16.710+0000] {dag.py:3954} INFO - Setting next_dagrun for example_xcom to 2021-01-01 00:00:00+00:00, run_after=2021-01-01 00:00:00+00:00
[2024-04-13T16:27:16.717+0000] {processor.py:183} INFO - Processing /home/airflow/.local/lib/python3.12/site-packages/airflow/example_dags/example_xcom.py took 0.035 seconds
[2024-04-13T16:27:47.549+0000] {processor.py:161} INFO - Started process (PID=1777) to work on /home/airflow/.local/lib/python3.12/site-packages/airflow/example_dags/example_xcom.py
[2024-04-13T16:27:47.549+0000] {processor.py:830} INFO - Processing file /home/airflow/.local/lib/python3.12/site-packages/airflow/example_dags/example_xcom.py for tasks to queue
[2024-04-13T16:27:47.550+0000] {logging_mixin.py:188} INFO - [2024-04-13T16:27:47.550+0000] {dagbag.py:540} INFO - Filling up the DagBag from /home/airflow/.local/lib/python3.12/site-packages/airflow/example_dags/example_xcom.py
[2024-04-13T16:27:47.554+0000] {processor.py:840} INFO - DAG(s) 'example_xcom' retrieved from /home/airflow/.local/lib/python3.12/site-packages/airflow/example_dags/example_xcom.py
[2024-04-13T16:27:47.563+0000] {logging_mixin.py:188} INFO - [2024-04-13T16:27:47.562+0000] {dag.py:3096} INFO - Sync 1 DAGs
[2024-04-13T16:27:47.571+0000] {logging_mixin.py:188} INFO - [2024-04-13T16:27:47.571+0000] {dag.py:3954} INFO - Setting next_dagrun for example_xcom to 2021-01-01 00:00:00+00:00, run_after=2021-01-01 00:00:00+00:00
[2024-04-13T16:27:47.578+0000] {processor.py:183} INFO - Processing /home/airflow/.local/lib/python3.12/site-packages/airflow/example_dags/example_xcom.py took 0.032 seconds
[2024-04-13T16:28:18.148+0000] {processor.py:161} INFO - Started process (PID=1842) to work on /home/airflow/.local/lib/python3.12/site-packages/airflow/example_dags/example_xcom.py
[2024-04-13T16:28:18.149+0000] {processor.py:830} INFO - Processing file /home/airflow/.local/lib/python3.12/site-packages/airflow/example_dags/example_xcom.py for tasks to queue
[2024-04-13T16:28:18.150+0000] {logging_mixin.py:188} INFO - [2024-04-13T16:28:18.150+0000] {dagbag.py:540} INFO - Filling up the DagBag from /home/airflow/.local/lib/python3.12/site-packages/airflow/example_dags/example_xcom.py
[2024-04-13T16:28:18.153+0000] {processor.py:840} INFO - DAG(s) 'example_xcom' retrieved from /home/airflow/.local/lib/python3.12/site-packages/airflow/example_dags/example_xcom.py
[2024-04-13T16:28:18.163+0000] {logging_mixin.py:188} INFO - [2024-04-13T16:28:18.163+0000] {dag.py:3096} INFO - Sync 1 DAGs
[2024-04-13T16:28:18.173+0000] {logging_mixin.py:188} INFO - [2024-04-13T16:28:18.173+0000] {dag.py:3954} INFO - Setting next_dagrun for example_xcom to 2021-01-01 00:00:00+00:00, run_after=2021-01-01 00:00:00+00:00
[2024-04-13T16:28:18.179+0000] {processor.py:183} INFO - Processing /home/airflow/.local/lib/python3.12/site-packages/airflow/example_dags/example_xcom.py took 0.034 seconds
[2024-04-13T16:28:48.822+0000] {processor.py:161} INFO - Started process (PID=1900) to work on /home/airflow/.local/lib/python3.12/site-packages/airflow/example_dags/example_xcom.py
[2024-04-13T16:28:48.822+0000] {processor.py:830} INFO - Processing file /home/airflow/.local/lib/python3.12/site-packages/airflow/example_dags/example_xcom.py for tasks to queue
[2024-04-13T16:28:48.824+0000] {logging_mixin.py:188} INFO - [2024-04-13T16:28:48.824+0000] {dagbag.py:540} INFO - Filling up the DagBag from /home/airflow/.local/lib/python3.12/site-packages/airflow/example_dags/example_xcom.py
[2024-04-13T16:28:48.828+0000] {processor.py:840} INFO - DAG(s) 'example_xcom' retrieved from /home/airflow/.local/lib/python3.12/site-packages/airflow/example_dags/example_xcom.py
[2024-04-13T16:28:48.844+0000] {logging_mixin.py:188} INFO - [2024-04-13T16:28:48.844+0000] {dag.py:3096} INFO - Sync 1 DAGs
[2024-04-13T16:28:48.854+0000] {logging_mixin.py:188} INFO - [2024-04-13T16:28:48.854+0000] {dag.py:3954} INFO - Setting next_dagrun for example_xcom to 2021-01-01 00:00:00+00:00, run_after=2021-01-01 00:00:00+00:00
[2024-04-13T16:28:48.865+0000] {processor.py:183} INFO - Processing /home/airflow/.local/lib/python3.12/site-packages/airflow/example_dags/example_xcom.py took 0.046 seconds
[2024-04-13T16:29:19.417+0000] {processor.py:161} INFO - Started process (PID=1958) to work on /home/airflow/.local/lib/python3.12/site-packages/airflow/example_dags/example_xcom.py
[2024-04-13T16:29:19.417+0000] {processor.py:830} INFO - Processing file /home/airflow/.local/lib/python3.12/site-packages/airflow/example_dags/example_xcom.py for tasks to queue
[2024-04-13T16:29:19.418+0000] {logging_mixin.py:188} INFO - [2024-04-13T16:29:19.418+0000] {dagbag.py:540} INFO - Filling up the DagBag from /home/airflow/.local/lib/python3.12/site-packages/airflow/example_dags/example_xcom.py
[2024-04-13T16:29:19.422+0000] {processor.py:840} INFO - DAG(s) 'example_xcom' retrieved from /home/airflow/.local/lib/python3.12/site-packages/airflow/example_dags/example_xcom.py
[2024-04-13T16:29:19.431+0000] {logging_mixin.py:188} INFO - [2024-04-13T16:29:19.431+0000] {dag.py:3096} INFO - Sync 1 DAGs
[2024-04-13T16:29:19.441+0000] {logging_mixin.py:188} INFO - [2024-04-13T16:29:19.441+0000] {dag.py:3954} INFO - Setting next_dagrun for example_xcom to 2021-01-01 00:00:00+00:00, run_after=2021-01-01 00:00:00+00:00
[2024-04-13T16:29:19.448+0000] {processor.py:183} INFO - Processing /home/airflow/.local/lib/python3.12/site-packages/airflow/example_dags/example_xcom.py took 0.034 seconds
[2024-04-13T16:29:50.070+0000] {processor.py:161} INFO - Started process (PID=2016) to work on /home/airflow/.local/lib/python3.12/site-packages/airflow/example_dags/example_xcom.py
[2024-04-13T16:29:50.071+0000] {processor.py:830} INFO - Processing file /home/airflow/.local/lib/python3.12/site-packages/airflow/example_dags/example_xcom.py for tasks to queue
[2024-04-13T16:29:50.071+0000] {logging_mixin.py:188} INFO - [2024-04-13T16:29:50.071+0000] {dagbag.py:540} INFO - Filling up the DagBag from /home/airflow/.local/lib/python3.12/site-packages/airflow/example_dags/example_xcom.py
[2024-04-13T16:29:50.075+0000] {processor.py:840} INFO - DAG(s) 'example_xcom' retrieved from /home/airflow/.local/lib/python3.12/site-packages/airflow/example_dags/example_xcom.py
[2024-04-13T16:29:50.084+0000] {logging_mixin.py:188} INFO - [2024-04-13T16:29:50.083+0000] {dag.py:3096} INFO - Sync 1 DAGs
[2024-04-13T16:29:50.092+0000] {logging_mixin.py:188} INFO - [2024-04-13T16:29:50.092+0000] {dag.py:3954} INFO - Setting next_dagrun for example_xcom to 2021-01-01 00:00:00+00:00, run_after=2021-01-01 00:00:00+00:00
[2024-04-13T16:29:50.099+0000] {processor.py:183} INFO - Processing /home/airflow/.local/lib/python3.12/site-packages/airflow/example_dags/example_xcom.py took 0.032 seconds
[2024-04-13T16:30:20.704+0000] {processor.py:161} INFO - Started process (PID=2074) to work on /home/airflow/.local/lib/python3.12/site-packages/airflow/example_dags/example_xcom.py
[2024-04-13T16:30:20.705+0000] {processor.py:830} INFO - Processing file /home/airflow/.local/lib/python3.12/site-packages/airflow/example_dags/example_xcom.py for tasks to queue
[2024-04-13T16:30:20.705+0000] {logging_mixin.py:188} INFO - [2024-04-13T16:30:20.705+0000] {dagbag.py:540} INFO - Filling up the DagBag from /home/airflow/.local/lib/python3.12/site-packages/airflow/example_dags/example_xcom.py
[2024-04-13T16:30:20.709+0000] {processor.py:840} INFO - DAG(s) 'example_xcom' retrieved from /home/airflow/.local/lib/python3.12/site-packages/airflow/example_dags/example_xcom.py
[2024-04-13T16:30:20.717+0000] {logging_mixin.py:188} INFO - [2024-04-13T16:30:20.717+0000] {dag.py:3096} INFO - Sync 1 DAGs
[2024-04-13T16:30:20.726+0000] {logging_mixin.py:188} INFO - [2024-04-13T16:30:20.726+0000] {dag.py:3954} INFO - Setting next_dagrun for example_xcom to 2021-01-01 00:00:00+00:00, run_after=2021-01-01 00:00:00+00:00
[2024-04-13T16:30:20.733+0000] {processor.py:183} INFO - Processing /home/airflow/.local/lib/python3.12/site-packages/airflow/example_dags/example_xcom.py took 0.031 seconds
[2024-04-13T16:30:51.310+0000] {processor.py:161} INFO - Started process (PID=2132) to work on /home/airflow/.local/lib/python3.12/site-packages/airflow/example_dags/example_xcom.py
[2024-04-13T16:30:51.311+0000] {processor.py:830} INFO - Processing file /home/airflow/.local/lib/python3.12/site-packages/airflow/example_dags/example_xcom.py for tasks to queue
[2024-04-13T16:30:51.311+0000] {logging_mixin.py:188} INFO - [2024-04-13T16:30:51.311+0000] {dagbag.py:540} INFO - Filling up the DagBag from /home/airflow/.local/lib/python3.12/site-packages/airflow/example_dags/example_xcom.py
[2024-04-13T16:30:51.315+0000] {processor.py:840} INFO - DAG(s) 'example_xcom' retrieved from /home/airflow/.local/lib/python3.12/site-packages/airflow/example_dags/example_xcom.py
[2024-04-13T16:30:51.324+0000] {logging_mixin.py:188} INFO - [2024-04-13T16:30:51.324+0000] {dag.py:3096} INFO - Sync 1 DAGs
[2024-04-13T16:30:51.332+0000] {logging_mixin.py:188} INFO - [2024-04-13T16:30:51.332+0000] {dag.py:3954} INFO - Setting next_dagrun for example_xcom to 2021-01-01 00:00:00+00:00, run_after=2021-01-01 00:00:00+00:00
[2024-04-13T16:30:51.338+0000] {processor.py:183} INFO - Processing /home/airflow/.local/lib/python3.12/site-packages/airflow/example_dags/example_xcom.py took 0.030 seconds
[2024-04-13T16:31:21.929+0000] {processor.py:161} INFO - Started process (PID=2190) to work on /home/airflow/.local/lib/python3.12/site-packages/airflow/example_dags/example_xcom.py
[2024-04-13T16:31:21.929+0000] {processor.py:830} INFO - Processing file /home/airflow/.local/lib/python3.12/site-packages/airflow/example_dags/example_xcom.py for tasks to queue
[2024-04-13T16:31:21.930+0000] {logging_mixin.py:188} INFO - [2024-04-13T16:31:21.930+0000] {dagbag.py:540} INFO - Filling up the DagBag from /home/airflow/.local/lib/python3.12/site-packages/airflow/example_dags/example_xcom.py
[2024-04-13T16:31:21.934+0000] {processor.py:840} INFO - DAG(s) 'example_xcom' retrieved from /home/airflow/.local/lib/python3.12/site-packages/airflow/example_dags/example_xcom.py
[2024-04-13T16:31:21.943+0000] {logging_mixin.py:188} INFO - [2024-04-13T16:31:21.943+0000] {dag.py:3096} INFO - Sync 1 DAGs
[2024-04-13T16:31:21.952+0000] {logging_mixin.py:188} INFO - [2024-04-13T16:31:21.952+0000] {dag.py:3954} INFO - Setting next_dagrun for example_xcom to 2021-01-01 00:00:00+00:00, run_after=2021-01-01 00:00:00+00:00
[2024-04-13T16:31:21.960+0000] {processor.py:183} INFO - Processing /home/airflow/.local/lib/python3.12/site-packages/airflow/example_dags/example_xcom.py took 0.034 seconds
[2024-04-13T16:31:52.557+0000] {processor.py:161} INFO - Started process (PID=2248) to work on /home/airflow/.local/lib/python3.12/site-packages/airflow/example_dags/example_xcom.py
[2024-04-13T16:31:52.558+0000] {processor.py:830} INFO - Processing file /home/airflow/.local/lib/python3.12/site-packages/airflow/example_dags/example_xcom.py for tasks to queue
[2024-04-13T16:31:52.559+0000] {logging_mixin.py:188} INFO - [2024-04-13T16:31:52.559+0000] {dagbag.py:540} INFO - Filling up the DagBag from /home/airflow/.local/lib/python3.12/site-packages/airflow/example_dags/example_xcom.py
[2024-04-13T16:31:52.562+0000] {processor.py:840} INFO - DAG(s) 'example_xcom' retrieved from /home/airflow/.local/lib/python3.12/site-packages/airflow/example_dags/example_xcom.py
[2024-04-13T16:31:52.571+0000] {logging_mixin.py:188} INFO - [2024-04-13T16:31:52.571+0000] {dag.py:3096} INFO - Sync 1 DAGs
[2024-04-13T16:31:52.579+0000] {logging_mixin.py:188} INFO - [2024-04-13T16:31:52.579+0000] {dag.py:3954} INFO - Setting next_dagrun for example_xcom to 2021-01-01 00:00:00+00:00, run_after=2021-01-01 00:00:00+00:00
[2024-04-13T16:31:52.587+0000] {processor.py:183} INFO - Processing /home/airflow/.local/lib/python3.12/site-packages/airflow/example_dags/example_xcom.py took 0.032 seconds
[2024-04-13T16:32:23.008+0000] {processor.py:161} INFO - Started process (PID=2305) to work on /home/airflow/.local/lib/python3.12/site-packages/airflow/example_dags/example_xcom.py
[2024-04-13T16:32:23.009+0000] {processor.py:830} INFO - Processing file /home/airflow/.local/lib/python3.12/site-packages/airflow/example_dags/example_xcom.py for tasks to queue
[2024-04-13T16:32:23.010+0000] {logging_mixin.py:188} INFO - [2024-04-13T16:32:23.009+0000] {dagbag.py:540} INFO - Filling up the DagBag from /home/airflow/.local/lib/python3.12/site-packages/airflow/example_dags/example_xcom.py
[2024-04-13T16:32:23.013+0000] {processor.py:840} INFO - DAG(s) 'example_xcom' retrieved from /home/airflow/.local/lib/python3.12/site-packages/airflow/example_dags/example_xcom.py
[2024-04-13T16:32:23.022+0000] {logging_mixin.py:188} INFO - [2024-04-13T16:32:23.022+0000] {dag.py:3096} INFO - Sync 1 DAGs
[2024-04-13T16:32:23.031+0000] {logging_mixin.py:188} INFO - [2024-04-13T16:32:23.030+0000] {dag.py:3954} INFO - Setting next_dagrun for example_xcom to 2021-01-01 00:00:00+00:00, run_after=2021-01-01 00:00:00+00:00
[2024-04-13T16:32:23.038+0000] {processor.py:183} INFO - Processing /home/airflow/.local/lib/python3.12/site-packages/airflow/example_dags/example_xcom.py took 0.032 seconds
[2024-04-13T16:32:53.689+0000] {processor.py:161} INFO - Started process (PID=2363) to work on /home/airflow/.local/lib/python3.12/site-packages/airflow/example_dags/example_xcom.py
[2024-04-13T16:32:53.690+0000] {processor.py:830} INFO - Processing file /home/airflow/.local/lib/python3.12/site-packages/airflow/example_dags/example_xcom.py for tasks to queue
[2024-04-13T16:32:53.691+0000] {logging_mixin.py:188} INFO - [2024-04-13T16:32:53.690+0000] {dagbag.py:540} INFO - Filling up the DagBag from /home/airflow/.local/lib/python3.12/site-packages/airflow/example_dags/example_xcom.py
[2024-04-13T16:32:53.694+0000] {processor.py:840} INFO - DAG(s) 'example_xcom' retrieved from /home/airflow/.local/lib/python3.12/site-packages/airflow/example_dags/example_xcom.py
[2024-04-13T16:32:53.703+0000] {logging_mixin.py:188} INFO - [2024-04-13T16:32:53.703+0000] {dag.py:3096} INFO - Sync 1 DAGs
[2024-04-13T16:32:53.711+0000] {logging_mixin.py:188} INFO - [2024-04-13T16:32:53.711+0000] {dag.py:3954} INFO - Setting next_dagrun for example_xcom to 2021-01-01 00:00:00+00:00, run_after=2021-01-01 00:00:00+00:00
[2024-04-13T16:32:53.718+0000] {processor.py:183} INFO - Processing /home/airflow/.local/lib/python3.12/site-packages/airflow/example_dags/example_xcom.py took 0.031 seconds
[2024-04-13T16:33:24.274+0000] {processor.py:161} INFO - Started process (PID=2421) to work on /home/airflow/.local/lib/python3.12/site-packages/airflow/example_dags/example_xcom.py
[2024-04-13T16:33:24.275+0000] {processor.py:830} INFO - Processing file /home/airflow/.local/lib/python3.12/site-packages/airflow/example_dags/example_xcom.py for tasks to queue
[2024-04-13T16:33:24.276+0000] {logging_mixin.py:188} INFO - [2024-04-13T16:33:24.276+0000] {dagbag.py:540} INFO - Filling up the DagBag from /home/airflow/.local/lib/python3.12/site-packages/airflow/example_dags/example_xcom.py
[2024-04-13T16:33:24.279+0000] {processor.py:840} INFO - DAG(s) 'example_xcom' retrieved from /home/airflow/.local/lib/python3.12/site-packages/airflow/example_dags/example_xcom.py
[2024-04-13T16:33:24.288+0000] {logging_mixin.py:188} INFO - [2024-04-13T16:33:24.288+0000] {dag.py:3096} INFO - Sync 1 DAGs
[2024-04-13T16:33:24.296+0000] {logging_mixin.py:188} INFO - [2024-04-13T16:33:24.296+0000] {dag.py:3954} INFO - Setting next_dagrun for example_xcom to 2021-01-01 00:00:00+00:00, run_after=2021-01-01 00:00:00+00:00
[2024-04-13T16:33:24.303+0000] {processor.py:183} INFO - Processing /home/airflow/.local/lib/python3.12/site-packages/airflow/example_dags/example_xcom.py took 0.031 seconds
[2024-04-13T16:33:54.937+0000] {processor.py:161} INFO - Started process (PID=2479) to work on /home/airflow/.local/lib/python3.12/site-packages/airflow/example_dags/example_xcom.py
[2024-04-13T16:33:54.937+0000] {processor.py:830} INFO - Processing file /home/airflow/.local/lib/python3.12/site-packages/airflow/example_dags/example_xcom.py for tasks to queue
[2024-04-13T16:33:54.938+0000] {logging_mixin.py:188} INFO - [2024-04-13T16:33:54.938+0000] {dagbag.py:540} INFO - Filling up the DagBag from /home/airflow/.local/lib/python3.12/site-packages/airflow/example_dags/example_xcom.py
[2024-04-13T16:33:54.941+0000] {processor.py:840} INFO - DAG(s) 'example_xcom' retrieved from /home/airflow/.local/lib/python3.12/site-packages/airflow/example_dags/example_xcom.py
[2024-04-13T16:33:54.950+0000] {logging_mixin.py:188} INFO - [2024-04-13T16:33:54.950+0000] {dag.py:3096} INFO - Sync 1 DAGs
[2024-04-13T16:33:54.959+0000] {logging_mixin.py:188} INFO - [2024-04-13T16:33:54.959+0000] {dag.py:3954} INFO - Setting next_dagrun for example_xcom to 2021-01-01 00:00:00+00:00, run_after=2021-01-01 00:00:00+00:00
[2024-04-13T16:33:54.966+0000] {processor.py:183} INFO - Processing /home/airflow/.local/lib/python3.12/site-packages/airflow/example_dags/example_xcom.py took 0.032 seconds
[2024-04-13T16:34:25.578+0000] {processor.py:161} INFO - Started process (PID=2537) to work on /home/airflow/.local/lib/python3.12/site-packages/airflow/example_dags/example_xcom.py
[2024-04-13T16:34:25.579+0000] {processor.py:830} INFO - Processing file /home/airflow/.local/lib/python3.12/site-packages/airflow/example_dags/example_xcom.py for tasks to queue
[2024-04-13T16:34:25.580+0000] {logging_mixin.py:188} INFO - [2024-04-13T16:34:25.579+0000] {dagbag.py:540} INFO - Filling up the DagBag from /home/airflow/.local/lib/python3.12/site-packages/airflow/example_dags/example_xcom.py
[2024-04-13T16:34:25.583+0000] {processor.py:840} INFO - DAG(s) 'example_xcom' retrieved from /home/airflow/.local/lib/python3.12/site-packages/airflow/example_dags/example_xcom.py
[2024-04-13T16:34:25.592+0000] {logging_mixin.py:188} INFO - [2024-04-13T16:34:25.592+0000] {dag.py:3096} INFO - Sync 1 DAGs
[2024-04-13T16:34:25.601+0000] {logging_mixin.py:188} INFO - [2024-04-13T16:34:25.601+0000] {dag.py:3954} INFO - Setting next_dagrun for example_xcom to 2021-01-01 00:00:00+00:00, run_after=2021-01-01 00:00:00+00:00
[2024-04-13T16:34:25.608+0000] {processor.py:183} INFO - Processing /home/airflow/.local/lib/python3.12/site-packages/airflow/example_dags/example_xcom.py took 0.032 seconds
[2024-04-13T16:34:56.036+0000] {processor.py:161} INFO - Started process (PID=2595) to work on /home/airflow/.local/lib/python3.12/site-packages/airflow/example_dags/example_xcom.py
[2024-04-13T16:34:56.036+0000] {processor.py:830} INFO - Processing file /home/airflow/.local/lib/python3.12/site-packages/airflow/example_dags/example_xcom.py for tasks to queue
[2024-04-13T16:34:56.037+0000] {logging_mixin.py:188} INFO - [2024-04-13T16:34:56.037+0000] {dagbag.py:540} INFO - Filling up the DagBag from /home/airflow/.local/lib/python3.12/site-packages/airflow/example_dags/example_xcom.py
[2024-04-13T16:34:56.040+0000] {processor.py:840} INFO - DAG(s) 'example_xcom' retrieved from /home/airflow/.local/lib/python3.12/site-packages/airflow/example_dags/example_xcom.py
[2024-04-13T16:34:56.049+0000] {logging_mixin.py:188} INFO - [2024-04-13T16:34:56.049+0000] {dag.py:3096} INFO - Sync 1 DAGs
[2024-04-13T16:34:56.058+0000] {logging_mixin.py:188} INFO - [2024-04-13T16:34:56.058+0000] {dag.py:3954} INFO - Setting next_dagrun for example_xcom to 2021-01-01 00:00:00+00:00, run_after=2021-01-01 00:00:00+00:00
[2024-04-13T16:34:56.065+0000] {processor.py:183} INFO - Processing /home/airflow/.local/lib/python3.12/site-packages/airflow/example_dags/example_xcom.py took 0.032 seconds
[2024-04-13T16:35:26.715+0000] {processor.py:161} INFO - Started process (PID=2653) to work on /home/airflow/.local/lib/python3.12/site-packages/airflow/example_dags/example_xcom.py
[2024-04-13T16:35:26.715+0000] {processor.py:830} INFO - Processing file /home/airflow/.local/lib/python3.12/site-packages/airflow/example_dags/example_xcom.py for tasks to queue
[2024-04-13T16:35:26.716+0000] {logging_mixin.py:188} INFO - [2024-04-13T16:35:26.716+0000] {dagbag.py:540} INFO - Filling up the DagBag from /home/airflow/.local/lib/python3.12/site-packages/airflow/example_dags/example_xcom.py
[2024-04-13T16:35:26.719+0000] {processor.py:840} INFO - DAG(s) 'example_xcom' retrieved from /home/airflow/.local/lib/python3.12/site-packages/airflow/example_dags/example_xcom.py
[2024-04-13T16:35:26.728+0000] {logging_mixin.py:188} INFO - [2024-04-13T16:35:26.728+0000] {dag.py:3096} INFO - Sync 1 DAGs
[2024-04-13T16:35:26.737+0000] {logging_mixin.py:188} INFO - [2024-04-13T16:35:26.737+0000] {dag.py:3954} INFO - Setting next_dagrun for example_xcom to 2021-01-01 00:00:00+00:00, run_after=2021-01-01 00:00:00+00:00
[2024-04-13T16:35:26.743+0000] {processor.py:183} INFO - Processing /home/airflow/.local/lib/python3.12/site-packages/airflow/example_dags/example_xcom.py took 0.031 seconds
[2024-04-13T16:35:57.309+0000] {processor.py:161} INFO - Started process (PID=2711) to work on /home/airflow/.local/lib/python3.12/site-packages/airflow/example_dags/example_xcom.py
[2024-04-13T16:35:57.309+0000] {processor.py:830} INFO - Processing file /home/airflow/.local/lib/python3.12/site-packages/airflow/example_dags/example_xcom.py for tasks to queue
[2024-04-13T16:35:57.310+0000] {logging_mixin.py:188} INFO - [2024-04-13T16:35:57.310+0000] {dagbag.py:540} INFO - Filling up the DagBag from /home/airflow/.local/lib/python3.12/site-packages/airflow/example_dags/example_xcom.py
[2024-04-13T16:35:57.313+0000] {processor.py:840} INFO - DAG(s) 'example_xcom' retrieved from /home/airflow/.local/lib/python3.12/site-packages/airflow/example_dags/example_xcom.py
[2024-04-13T16:35:57.322+0000] {logging_mixin.py:188} INFO - [2024-04-13T16:35:57.322+0000] {dag.py:3096} INFO - Sync 1 DAGs
[2024-04-13T16:35:57.330+0000] {logging_mixin.py:188} INFO - [2024-04-13T16:35:57.330+0000] {dag.py:3954} INFO - Setting next_dagrun for example_xcom to 2021-01-01 00:00:00+00:00, run_after=2021-01-01 00:00:00+00:00
[2024-04-13T16:35:57.336+0000] {processor.py:183} INFO - Processing /home/airflow/.local/lib/python3.12/site-packages/airflow/example_dags/example_xcom.py took 0.030 seconds
[2024-04-13T16:36:27.976+0000] {processor.py:161} INFO - Started process (PID=2769) to work on /home/airflow/.local/lib/python3.12/site-packages/airflow/example_dags/example_xcom.py
[2024-04-13T16:36:27.976+0000] {processor.py:830} INFO - Processing file /home/airflow/.local/lib/python3.12/site-packages/airflow/example_dags/example_xcom.py for tasks to queue
[2024-04-13T16:36:27.977+0000] {logging_mixin.py:188} INFO - [2024-04-13T16:36:27.977+0000] {dagbag.py:540} INFO - Filling up the DagBag from /home/airflow/.local/lib/python3.12/site-packages/airflow/example_dags/example_xcom.py
[2024-04-13T16:36:27.981+0000] {processor.py:840} INFO - DAG(s) 'example_xcom' retrieved from /home/airflow/.local/lib/python3.12/site-packages/airflow/example_dags/example_xcom.py
[2024-04-13T16:36:27.989+0000] {logging_mixin.py:188} INFO - [2024-04-13T16:36:27.989+0000] {dag.py:3096} INFO - Sync 1 DAGs
[2024-04-13T16:36:27.998+0000] {logging_mixin.py:188} INFO - [2024-04-13T16:36:27.998+0000] {dag.py:3954} INFO - Setting next_dagrun for example_xcom to 2021-01-01 00:00:00+00:00, run_after=2021-01-01 00:00:00+00:00
[2024-04-13T16:36:28.005+0000] {processor.py:183} INFO - Processing /home/airflow/.local/lib/python3.12/site-packages/airflow/example_dags/example_xcom.py took 0.032 seconds
[2024-04-13T16:36:58.570+0000] {processor.py:161} INFO - Started process (PID=2826) to work on /home/airflow/.local/lib/python3.12/site-packages/airflow/example_dags/example_xcom.py
[2024-04-13T16:36:58.570+0000] {processor.py:830} INFO - Processing file /home/airflow/.local/lib/python3.12/site-packages/airflow/example_dags/example_xcom.py for tasks to queue
[2024-04-13T16:36:58.571+0000] {logging_mixin.py:188} INFO - [2024-04-13T16:36:58.571+0000] {dagbag.py:540} INFO - Filling up the DagBag from /home/airflow/.local/lib/python3.12/site-packages/airflow/example_dags/example_xcom.py
[2024-04-13T16:36:58.575+0000] {processor.py:840} INFO - DAG(s) 'example_xcom' retrieved from /home/airflow/.local/lib/python3.12/site-packages/airflow/example_dags/example_xcom.py
[2024-04-13T16:36:58.586+0000] {logging_mixin.py:188} INFO - [2024-04-13T16:36:58.586+0000] {dag.py:3096} INFO - Sync 1 DAGs
[2024-04-13T16:36:58.596+0000] {logging_mixin.py:188} INFO - [2024-04-13T16:36:58.596+0000] {dag.py:3954} INFO - Setting next_dagrun for example_xcom to 2021-01-01 00:00:00+00:00, run_after=2021-01-01 00:00:00+00:00
[2024-04-13T16:36:58.603+0000] {processor.py:183} INFO - Processing /home/airflow/.local/lib/python3.12/site-packages/airflow/example_dags/example_xcom.py took 0.036 seconds
[2024-04-13T16:37:29.045+0000] {processor.py:161} INFO - Started process (PID=2884) to work on /home/airflow/.local/lib/python3.12/site-packages/airflow/example_dags/example_xcom.py
[2024-04-13T16:37:29.046+0000] {processor.py:830} INFO - Processing file /home/airflow/.local/lib/python3.12/site-packages/airflow/example_dags/example_xcom.py for tasks to queue
[2024-04-13T16:37:29.047+0000] {logging_mixin.py:188} INFO - [2024-04-13T16:37:29.047+0000] {dagbag.py:540} INFO - Filling up the DagBag from /home/airflow/.local/lib/python3.12/site-packages/airflow/example_dags/example_xcom.py
[2024-04-13T16:37:29.050+0000] {processor.py:840} INFO - DAG(s) 'example_xcom' retrieved from /home/airflow/.local/lib/python3.12/site-packages/airflow/example_dags/example_xcom.py
[2024-04-13T16:37:29.060+0000] {logging_mixin.py:188} INFO - [2024-04-13T16:37:29.060+0000] {dag.py:3096} INFO - Sync 1 DAGs
[2024-04-13T16:37:29.069+0000] {logging_mixin.py:188} INFO - [2024-04-13T16:37:29.069+0000] {dag.py:3954} INFO - Setting next_dagrun for example_xcom to 2021-01-01 00:00:00+00:00, run_after=2021-01-01 00:00:00+00:00
[2024-04-13T16:37:29.076+0000] {processor.py:183} INFO - Processing /home/airflow/.local/lib/python3.12/site-packages/airflow/example_dags/example_xcom.py took 0.033 seconds
[2024-04-13T16:38:00.390+0000] {processor.py:161} INFO - Started process (PID=2942) to work on /home/airflow/.local/lib/python3.12/site-packages/airflow/example_dags/example_xcom.py
[2024-04-13T16:38:00.392+0000] {processor.py:830} INFO - Processing file /home/airflow/.local/lib/python3.12/site-packages/airflow/example_dags/example_xcom.py for tasks to queue
[2024-04-13T16:38:00.396+0000] {logging_mixin.py:188} INFO - [2024-04-13T16:38:00.395+0000] {dagbag.py:540} INFO - Filling up the DagBag from /home/airflow/.local/lib/python3.12/site-packages/airflow/example_dags/example_xcom.py
[2024-04-13T16:38:00.406+0000] {processor.py:840} INFO - DAG(s) 'example_xcom' retrieved from /home/airflow/.local/lib/python3.12/site-packages/airflow/example_dags/example_xcom.py
[2024-04-13T16:38:00.444+0000] {logging_mixin.py:188} INFO - [2024-04-13T16:38:00.444+0000] {dag.py:3096} INFO - Sync 1 DAGs
[2024-04-13T16:38:00.489+0000] {logging_mixin.py:188} INFO - [2024-04-13T16:38:00.488+0000] {dag.py:3954} INFO - Setting next_dagrun for example_xcom to 2021-01-01 00:00:00+00:00, run_after=2021-01-01 00:00:00+00:00
[2024-04-13T16:38:00.534+0000] {processor.py:183} INFO - Processing /home/airflow/.local/lib/python3.12/site-packages/airflow/example_dags/example_xcom.py took 0.154 seconds
[2024-04-13T16:38:30.666+0000] {processor.py:161} INFO - Started process (PID=3000) to work on /home/airflow/.local/lib/python3.12/site-packages/airflow/example_dags/example_xcom.py
[2024-04-13T16:38:30.667+0000] {processor.py:830} INFO - Processing file /home/airflow/.local/lib/python3.12/site-packages/airflow/example_dags/example_xcom.py for tasks to queue
[2024-04-13T16:38:30.668+0000] {logging_mixin.py:188} INFO - [2024-04-13T16:38:30.668+0000] {dagbag.py:540} INFO - Filling up the DagBag from /home/airflow/.local/lib/python3.12/site-packages/airflow/example_dags/example_xcom.py
[2024-04-13T16:38:30.672+0000] {processor.py:840} INFO - DAG(s) 'example_xcom' retrieved from /home/airflow/.local/lib/python3.12/site-packages/airflow/example_dags/example_xcom.py
[2024-04-13T16:38:30.683+0000] {logging_mixin.py:188} INFO - [2024-04-13T16:38:30.682+0000] {dag.py:3096} INFO - Sync 1 DAGs
[2024-04-13T16:38:30.692+0000] {logging_mixin.py:188} INFO - [2024-04-13T16:38:30.692+0000] {dag.py:3954} INFO - Setting next_dagrun for example_xcom to 2021-01-01 00:00:00+00:00, run_after=2021-01-01 00:00:00+00:00
[2024-04-13T16:38:30.702+0000] {processor.py:183} INFO - Processing /home/airflow/.local/lib/python3.12/site-packages/airflow/example_dags/example_xcom.py took 0.039 seconds
[2024-04-13T16:39:01.098+0000] {processor.py:161} INFO - Started process (PID=3058) to work on /home/airflow/.local/lib/python3.12/site-packages/airflow/example_dags/example_xcom.py
[2024-04-13T16:39:01.099+0000] {processor.py:830} INFO - Processing file /home/airflow/.local/lib/python3.12/site-packages/airflow/example_dags/example_xcom.py for tasks to queue
[2024-04-13T16:39:01.099+0000] {logging_mixin.py:188} INFO - [2024-04-13T16:39:01.099+0000] {dagbag.py:540} INFO - Filling up the DagBag from /home/airflow/.local/lib/python3.12/site-packages/airflow/example_dags/example_xcom.py
[2024-04-13T16:39:01.103+0000] {processor.py:840} INFO - DAG(s) 'example_xcom' retrieved from /home/airflow/.local/lib/python3.12/site-packages/airflow/example_dags/example_xcom.py
[2024-04-13T16:39:01.111+0000] {logging_mixin.py:188} INFO - [2024-04-13T16:39:01.111+0000] {dag.py:3096} INFO - Sync 1 DAGs
[2024-04-13T16:39:01.120+0000] {logging_mixin.py:188} INFO - [2024-04-13T16:39:01.120+0000] {dag.py:3954} INFO - Setting next_dagrun for example_xcom to 2021-01-01 00:00:00+00:00, run_after=2021-01-01 00:00:00+00:00
[2024-04-13T16:39:01.127+0000] {processor.py:183} INFO - Processing /home/airflow/.local/lib/python3.12/site-packages/airflow/example_dags/example_xcom.py took 0.031 seconds
[2024-04-13T16:39:31.651+0000] {processor.py:161} INFO - Started process (PID=3115) to work on /home/airflow/.local/lib/python3.12/site-packages/airflow/example_dags/example_xcom.py
[2024-04-13T16:39:31.651+0000] {processor.py:830} INFO - Processing file /home/airflow/.local/lib/python3.12/site-packages/airflow/example_dags/example_xcom.py for tasks to queue
[2024-04-13T16:39:31.652+0000] {logging_mixin.py:188} INFO - [2024-04-13T16:39:31.652+0000] {dagbag.py:540} INFO - Filling up the DagBag from /home/airflow/.local/lib/python3.12/site-packages/airflow/example_dags/example_xcom.py
[2024-04-13T16:39:31.655+0000] {processor.py:840} INFO - DAG(s) 'example_xcom' retrieved from /home/airflow/.local/lib/python3.12/site-packages/airflow/example_dags/example_xcom.py
[2024-04-13T16:39:31.664+0000] {logging_mixin.py:188} INFO - [2024-04-13T16:39:31.664+0000] {dag.py:3096} INFO - Sync 1 DAGs
[2024-04-13T16:39:31.673+0000] {logging_mixin.py:188} INFO - [2024-04-13T16:39:31.672+0000] {dag.py:3954} INFO - Setting next_dagrun for example_xcom to 2021-01-01 00:00:00+00:00, run_after=2021-01-01 00:00:00+00:00
[2024-04-13T16:39:31.680+0000] {processor.py:183} INFO - Processing /home/airflow/.local/lib/python3.12/site-packages/airflow/example_dags/example_xcom.py took 0.032 seconds
[2024-04-13T16:40:02.165+0000] {processor.py:161} INFO - Started process (PID=3173) to work on /home/airflow/.local/lib/python3.12/site-packages/airflow/example_dags/example_xcom.py
[2024-04-13T16:40:02.165+0000] {processor.py:830} INFO - Processing file /home/airflow/.local/lib/python3.12/site-packages/airflow/example_dags/example_xcom.py for tasks to queue
[2024-04-13T16:40:02.166+0000] {logging_mixin.py:188} INFO - [2024-04-13T16:40:02.166+0000] {dagbag.py:540} INFO - Filling up the DagBag from /home/airflow/.local/lib/python3.12/site-packages/airflow/example_dags/example_xcom.py
[2024-04-13T16:40:02.170+0000] {processor.py:840} INFO - DAG(s) 'example_xcom' retrieved from /home/airflow/.local/lib/python3.12/site-packages/airflow/example_dags/example_xcom.py
[2024-04-13T16:40:02.179+0000] {logging_mixin.py:188} INFO - [2024-04-13T16:40:02.179+0000] {dag.py:3096} INFO - Sync 1 DAGs
[2024-04-13T16:40:02.188+0000] {logging_mixin.py:188} INFO - [2024-04-13T16:40:02.187+0000] {dag.py:3954} INFO - Setting next_dagrun for example_xcom to 2021-01-01 00:00:00+00:00, run_after=2021-01-01 00:00:00+00:00
[2024-04-13T16:40:02.194+0000] {processor.py:183} INFO - Processing /home/airflow/.local/lib/python3.12/site-packages/airflow/example_dags/example_xcom.py took 0.032 seconds
[2024-04-13T16:40:32.671+0000] {processor.py:161} INFO - Started process (PID=3231) to work on /home/airflow/.local/lib/python3.12/site-packages/airflow/example_dags/example_xcom.py
[2024-04-13T16:40:32.672+0000] {processor.py:830} INFO - Processing file /home/airflow/.local/lib/python3.12/site-packages/airflow/example_dags/example_xcom.py for tasks to queue
[2024-04-13T16:40:32.672+0000] {logging_mixin.py:188} INFO - [2024-04-13T16:40:32.672+0000] {dagbag.py:540} INFO - Filling up the DagBag from /home/airflow/.local/lib/python3.12/site-packages/airflow/example_dags/example_xcom.py
[2024-04-13T16:40:32.676+0000] {processor.py:840} INFO - DAG(s) 'example_xcom' retrieved from /home/airflow/.local/lib/python3.12/site-packages/airflow/example_dags/example_xcom.py
[2024-04-13T16:40:32.685+0000] {logging_mixin.py:188} INFO - [2024-04-13T16:40:32.685+0000] {dag.py:3096} INFO - Sync 1 DAGs
[2024-04-13T16:40:32.693+0000] {logging_mixin.py:188} INFO - [2024-04-13T16:40:32.693+0000] {dag.py:3954} INFO - Setting next_dagrun for example_xcom to 2021-01-01 00:00:00+00:00, run_after=2021-01-01 00:00:00+00:00
[2024-04-13T16:40:32.700+0000] {processor.py:183} INFO - Processing /home/airflow/.local/lib/python3.12/site-packages/airflow/example_dags/example_xcom.py took 0.031 seconds
[2024-04-13T16:41:03.242+0000] {processor.py:161} INFO - Started process (PID=3289) to work on /home/airflow/.local/lib/python3.12/site-packages/airflow/example_dags/example_xcom.py
[2024-04-13T16:41:03.242+0000] {processor.py:830} INFO - Processing file /home/airflow/.local/lib/python3.12/site-packages/airflow/example_dags/example_xcom.py for tasks to queue
[2024-04-13T16:41:03.243+0000] {logging_mixin.py:188} INFO - [2024-04-13T16:41:03.243+0000] {dagbag.py:540} INFO - Filling up the DagBag from /home/airflow/.local/lib/python3.12/site-packages/airflow/example_dags/example_xcom.py
[2024-04-13T16:41:03.246+0000] {processor.py:840} INFO - DAG(s) 'example_xcom' retrieved from /home/airflow/.local/lib/python3.12/site-packages/airflow/example_dags/example_xcom.py
[2024-04-13T16:41:03.255+0000] {logging_mixin.py:188} INFO - [2024-04-13T16:41:03.255+0000] {dag.py:3096} INFO - Sync 1 DAGs
[2024-04-13T16:41:03.264+0000] {logging_mixin.py:188} INFO - [2024-04-13T16:41:03.264+0000] {dag.py:3954} INFO - Setting next_dagrun for example_xcom to 2021-01-01 00:00:00+00:00, run_after=2021-01-01 00:00:00+00:00
[2024-04-13T16:41:03.271+0000] {processor.py:183} INFO - Processing /home/airflow/.local/lib/python3.12/site-packages/airflow/example_dags/example_xcom.py took 0.032 seconds
