[2024-04-13T16:12:32.208+0000] {processor.py:161} INFO - Started process (PID=71) to work on /home/airflow/.local/lib/python3.12/site-packages/airflow/example_dags/example_task_group_decorator.py
[2024-04-13T16:12:32.209+0000] {processor.py:830} INFO - Processing file /home/airflow/.local/lib/python3.12/site-packages/airflow/example_dags/example_task_group_decorator.py for tasks to queue
[2024-04-13T16:12:32.211+0000] {logging_mixin.py:188} INFO - [2024-04-13T16:12:32.210+0000] {dagbag.py:540} INFO - Filling up the DagBag from /home/airflow/.local/lib/python3.12/site-packages/airflow/example_dags/example_task_group_decorator.py
[2024-04-13T16:12:32.227+0000] {processor.py:840} INFO - DAG(s) 'example_task_group_decorator' retrieved from /home/airflow/.local/lib/python3.12/site-packages/airflow/example_dags/example_task_group_decorator.py
[2024-04-13T16:12:32.246+0000] {logging_mixin.py:188} INFO - [2024-04-13T16:12:32.246+0000] {dag.py:3096} INFO - Sync 1 DAGs
[2024-04-13T16:12:32.281+0000] {logging_mixin.py:188} INFO - [2024-04-13T16:12:32.281+0000] {dag.py:3954} INFO - Setting next_dagrun for example_task_group_decorator to 2024-04-12 00:00:00+00:00, run_after=2024-04-13 00:00:00+00:00
[2024-04-13T16:12:32.304+0000] {processor.py:183} INFO - Processing /home/airflow/.local/lib/python3.12/site-packages/airflow/example_dags/example_task_group_decorator.py took 0.100 seconds
[2024-04-13T16:13:02.815+0000] {processor.py:161} INFO - Started process (PID=129) to work on /home/airflow/.local/lib/python3.12/site-packages/airflow/example_dags/example_task_group_decorator.py
[2024-04-13T16:13:02.815+0000] {processor.py:830} INFO - Processing file /home/airflow/.local/lib/python3.12/site-packages/airflow/example_dags/example_task_group_decorator.py for tasks to queue
[2024-04-13T16:13:02.816+0000] {logging_mixin.py:188} INFO - [2024-04-13T16:13:02.816+0000] {dagbag.py:540} INFO - Filling up the DagBag from /home/airflow/.local/lib/python3.12/site-packages/airflow/example_dags/example_task_group_decorator.py
[2024-04-13T16:13:02.822+0000] {processor.py:840} INFO - DAG(s) 'example_task_group_decorator' retrieved from /home/airflow/.local/lib/python3.12/site-packages/airflow/example_dags/example_task_group_decorator.py
[2024-04-13T16:13:02.859+0000] {logging_mixin.py:188} INFO - [2024-04-13T16:13:02.859+0000] {dag.py:3096} INFO - Sync 1 DAGs
[2024-04-13T16:13:02.867+0000] {logging_mixin.py:188} INFO - [2024-04-13T16:13:02.867+0000] {dag.py:3954} INFO - Setting next_dagrun for example_task_group_decorator to 2024-04-12 00:00:00+00:00, run_after=2024-04-13 00:00:00+00:00
[2024-04-13T16:13:02.873+0000] {processor.py:183} INFO - Processing /home/airflow/.local/lib/python3.12/site-packages/airflow/example_dags/example_task_group_decorator.py took 0.061 seconds
[2024-04-13T16:13:33.403+0000] {processor.py:161} INFO - Started process (PID=187) to work on /home/airflow/.local/lib/python3.12/site-packages/airflow/example_dags/example_task_group_decorator.py
[2024-04-13T16:13:33.403+0000] {processor.py:830} INFO - Processing file /home/airflow/.local/lib/python3.12/site-packages/airflow/example_dags/example_task_group_decorator.py for tasks to queue
[2024-04-13T16:13:33.407+0000] {logging_mixin.py:188} INFO - [2024-04-13T16:13:33.406+0000] {dagbag.py:540} INFO - Filling up the DagBag from /home/airflow/.local/lib/python3.12/site-packages/airflow/example_dags/example_task_group_decorator.py
[2024-04-13T16:13:33.413+0000] {processor.py:840} INFO - DAG(s) 'example_task_group_decorator' retrieved from /home/airflow/.local/lib/python3.12/site-packages/airflow/example_dags/example_task_group_decorator.py
[2024-04-13T16:13:33.422+0000] {logging_mixin.py:188} INFO - [2024-04-13T16:13:33.422+0000] {dag.py:3096} INFO - Sync 1 DAGs
[2024-04-13T16:13:33.430+0000] {logging_mixin.py:188} INFO - [2024-04-13T16:13:33.430+0000] {dag.py:3954} INFO - Setting next_dagrun for example_task_group_decorator to 2024-04-12 00:00:00+00:00, run_after=2024-04-13 00:00:00+00:00
[2024-04-13T16:13:33.437+0000] {processor.py:183} INFO - Processing /home/airflow/.local/lib/python3.12/site-packages/airflow/example_dags/example_task_group_decorator.py took 0.037 seconds
[2024-04-13T16:14:03.944+0000] {processor.py:161} INFO - Started process (PID=245) to work on /home/airflow/.local/lib/python3.12/site-packages/airflow/example_dags/example_task_group_decorator.py
[2024-04-13T16:14:03.944+0000] {processor.py:830} INFO - Processing file /home/airflow/.local/lib/python3.12/site-packages/airflow/example_dags/example_task_group_decorator.py for tasks to queue
[2024-04-13T16:14:03.945+0000] {logging_mixin.py:188} INFO - [2024-04-13T16:14:03.945+0000] {dagbag.py:540} INFO - Filling up the DagBag from /home/airflow/.local/lib/python3.12/site-packages/airflow/example_dags/example_task_group_decorator.py
[2024-04-13T16:14:03.951+0000] {processor.py:840} INFO - DAG(s) 'example_task_group_decorator' retrieved from /home/airflow/.local/lib/python3.12/site-packages/airflow/example_dags/example_task_group_decorator.py
[2024-04-13T16:14:03.961+0000] {logging_mixin.py:188} INFO - [2024-04-13T16:14:03.961+0000] {dag.py:3096} INFO - Sync 1 DAGs
[2024-04-13T16:14:03.970+0000] {logging_mixin.py:188} INFO - [2024-04-13T16:14:03.970+0000] {dag.py:3954} INFO - Setting next_dagrun for example_task_group_decorator to 2024-04-12 00:00:00+00:00, run_after=2024-04-13 00:00:00+00:00
[2024-04-13T16:14:03.978+0000] {processor.py:183} INFO - Processing /home/airflow/.local/lib/python3.12/site-packages/airflow/example_dags/example_task_group_decorator.py took 0.037 seconds
[2024-04-13T16:14:34.381+0000] {processor.py:161} INFO - Started process (PID=303) to work on /home/airflow/.local/lib/python3.12/site-packages/airflow/example_dags/example_task_group_decorator.py
[2024-04-13T16:14:34.382+0000] {processor.py:830} INFO - Processing file /home/airflow/.local/lib/python3.12/site-packages/airflow/example_dags/example_task_group_decorator.py for tasks to queue
[2024-04-13T16:14:34.383+0000] {logging_mixin.py:188} INFO - [2024-04-13T16:14:34.383+0000] {dagbag.py:540} INFO - Filling up the DagBag from /home/airflow/.local/lib/python3.12/site-packages/airflow/example_dags/example_task_group_decorator.py
[2024-04-13T16:14:34.388+0000] {processor.py:840} INFO - DAG(s) 'example_task_group_decorator' retrieved from /home/airflow/.local/lib/python3.12/site-packages/airflow/example_dags/example_task_group_decorator.py
[2024-04-13T16:14:34.399+0000] {logging_mixin.py:188} INFO - [2024-04-13T16:14:34.399+0000] {dag.py:3096} INFO - Sync 1 DAGs
[2024-04-13T16:14:34.408+0000] {logging_mixin.py:188} INFO - [2024-04-13T16:14:34.408+0000] {dag.py:3954} INFO - Setting next_dagrun for example_task_group_decorator to 2024-04-12 00:00:00+00:00, run_after=2024-04-13 00:00:00+00:00
[2024-04-13T16:14:34.415+0000] {processor.py:183} INFO - Processing /home/airflow/.local/lib/python3.12/site-packages/airflow/example_dags/example_task_group_decorator.py took 0.036 seconds
[2024-04-13T16:15:04.865+0000] {processor.py:161} INFO - Started process (PID=361) to work on /home/airflow/.local/lib/python3.12/site-packages/airflow/example_dags/example_task_group_decorator.py
[2024-04-13T16:15:04.865+0000] {processor.py:830} INFO - Processing file /home/airflow/.local/lib/python3.12/site-packages/airflow/example_dags/example_task_group_decorator.py for tasks to queue
[2024-04-13T16:15:04.866+0000] {logging_mixin.py:188} INFO - [2024-04-13T16:15:04.866+0000] {dagbag.py:540} INFO - Filling up the DagBag from /home/airflow/.local/lib/python3.12/site-packages/airflow/example_dags/example_task_group_decorator.py
[2024-04-13T16:15:04.872+0000] {processor.py:840} INFO - DAG(s) 'example_task_group_decorator' retrieved from /home/airflow/.local/lib/python3.12/site-packages/airflow/example_dags/example_task_group_decorator.py
[2024-04-13T16:15:04.881+0000] {logging_mixin.py:188} INFO - [2024-04-13T16:15:04.881+0000] {dag.py:3096} INFO - Sync 1 DAGs
[2024-04-13T16:15:04.889+0000] {logging_mixin.py:188} INFO - [2024-04-13T16:15:04.889+0000] {dag.py:3954} INFO - Setting next_dagrun for example_task_group_decorator to 2024-04-12 00:00:00+00:00, run_after=2024-04-13 00:00:00+00:00
[2024-04-13T16:15:04.896+0000] {processor.py:183} INFO - Processing /home/airflow/.local/lib/python3.12/site-packages/airflow/example_dags/example_task_group_decorator.py took 0.034 seconds
[2024-04-13T16:15:35.375+0000] {processor.py:161} INFO - Started process (PID=419) to work on /home/airflow/.local/lib/python3.12/site-packages/airflow/example_dags/example_task_group_decorator.py
[2024-04-13T16:15:35.375+0000] {processor.py:830} INFO - Processing file /home/airflow/.local/lib/python3.12/site-packages/airflow/example_dags/example_task_group_decorator.py for tasks to queue
[2024-04-13T16:15:35.376+0000] {logging_mixin.py:188} INFO - [2024-04-13T16:15:35.376+0000] {dagbag.py:540} INFO - Filling up the DagBag from /home/airflow/.local/lib/python3.12/site-packages/airflow/example_dags/example_task_group_decorator.py
[2024-04-13T16:15:35.381+0000] {processor.py:840} INFO - DAG(s) 'example_task_group_decorator' retrieved from /home/airflow/.local/lib/python3.12/site-packages/airflow/example_dags/example_task_group_decorator.py
[2024-04-13T16:15:35.391+0000] {logging_mixin.py:188} INFO - [2024-04-13T16:15:35.390+0000] {dag.py:3096} INFO - Sync 1 DAGs
[2024-04-13T16:15:35.398+0000] {logging_mixin.py:188} INFO - [2024-04-13T16:15:35.398+0000] {dag.py:3954} INFO - Setting next_dagrun for example_task_group_decorator to 2024-04-12 00:00:00+00:00, run_after=2024-04-13 00:00:00+00:00
[2024-04-13T16:15:35.405+0000] {processor.py:183} INFO - Processing /home/airflow/.local/lib/python3.12/site-packages/airflow/example_dags/example_task_group_decorator.py took 0.033 seconds
[2024-04-13T16:16:05.907+0000] {processor.py:161} INFO - Started process (PID=477) to work on /home/airflow/.local/lib/python3.12/site-packages/airflow/example_dags/example_task_group_decorator.py
[2024-04-13T16:16:05.908+0000] {processor.py:830} INFO - Processing file /home/airflow/.local/lib/python3.12/site-packages/airflow/example_dags/example_task_group_decorator.py for tasks to queue
[2024-04-13T16:16:05.908+0000] {logging_mixin.py:188} INFO - [2024-04-13T16:16:05.908+0000] {dagbag.py:540} INFO - Filling up the DagBag from /home/airflow/.local/lib/python3.12/site-packages/airflow/example_dags/example_task_group_decorator.py
[2024-04-13T16:16:05.914+0000] {processor.py:840} INFO - DAG(s) 'example_task_group_decorator' retrieved from /home/airflow/.local/lib/python3.12/site-packages/airflow/example_dags/example_task_group_decorator.py
[2024-04-13T16:16:05.923+0000] {logging_mixin.py:188} INFO - [2024-04-13T16:16:05.923+0000] {dag.py:3096} INFO - Sync 1 DAGs
[2024-04-13T16:16:05.931+0000] {logging_mixin.py:188} INFO - [2024-04-13T16:16:05.931+0000] {dag.py:3954} INFO - Setting next_dagrun for example_task_group_decorator to 2024-04-12 00:00:00+00:00, run_after=2024-04-13 00:00:00+00:00
[2024-04-13T16:16:05.938+0000] {processor.py:183} INFO - Processing /home/airflow/.local/lib/python3.12/site-packages/airflow/example_dags/example_task_group_decorator.py took 0.033 seconds
[2024-04-13T16:16:36.652+0000] {processor.py:161} INFO - Started process (PID=535) to work on /home/airflow/.local/lib/python3.12/site-packages/airflow/example_dags/example_task_group_decorator.py
[2024-04-13T16:16:36.652+0000] {processor.py:830} INFO - Processing file /home/airflow/.local/lib/python3.12/site-packages/airflow/example_dags/example_task_group_decorator.py for tasks to queue
[2024-04-13T16:16:36.653+0000] {logging_mixin.py:188} INFO - [2024-04-13T16:16:36.653+0000] {dagbag.py:540} INFO - Filling up the DagBag from /home/airflow/.local/lib/python3.12/site-packages/airflow/example_dags/example_task_group_decorator.py
[2024-04-13T16:16:36.660+0000] {processor.py:840} INFO - DAG(s) 'example_task_group_decorator' retrieved from /home/airflow/.local/lib/python3.12/site-packages/airflow/example_dags/example_task_group_decorator.py
[2024-04-13T16:16:36.672+0000] {logging_mixin.py:188} INFO - [2024-04-13T16:16:36.672+0000] {dag.py:3096} INFO - Sync 1 DAGs
[2024-04-13T16:16:36.683+0000] {logging_mixin.py:188} INFO - [2024-04-13T16:16:36.683+0000] {dag.py:3954} INFO - Setting next_dagrun for example_task_group_decorator to 2024-04-12 00:00:00+00:00, run_after=2024-04-13 00:00:00+00:00
[2024-04-13T16:16:36.690+0000] {processor.py:183} INFO - Processing /home/airflow/.local/lib/python3.12/site-packages/airflow/example_dags/example_task_group_decorator.py took 0.041 seconds
[2024-04-13T16:17:07.155+0000] {processor.py:161} INFO - Started process (PID=593) to work on /home/airflow/.local/lib/python3.12/site-packages/airflow/example_dags/example_task_group_decorator.py
[2024-04-13T16:17:07.156+0000] {processor.py:830} INFO - Processing file /home/airflow/.local/lib/python3.12/site-packages/airflow/example_dags/example_task_group_decorator.py for tasks to queue
[2024-04-13T16:17:07.156+0000] {logging_mixin.py:188} INFO - [2024-04-13T16:17:07.156+0000] {dagbag.py:540} INFO - Filling up the DagBag from /home/airflow/.local/lib/python3.12/site-packages/airflow/example_dags/example_task_group_decorator.py
[2024-04-13T16:17:07.162+0000] {processor.py:840} INFO - DAG(s) 'example_task_group_decorator' retrieved from /home/airflow/.local/lib/python3.12/site-packages/airflow/example_dags/example_task_group_decorator.py
[2024-04-13T16:17:07.171+0000] {logging_mixin.py:188} INFO - [2024-04-13T16:17:07.171+0000] {dag.py:3096} INFO - Sync 1 DAGs
[2024-04-13T16:17:07.179+0000] {logging_mixin.py:188} INFO - [2024-04-13T16:17:07.179+0000] {dag.py:3954} INFO - Setting next_dagrun for example_task_group_decorator to 2024-04-12 00:00:00+00:00, run_after=2024-04-13 00:00:00+00:00
[2024-04-13T16:17:07.186+0000] {processor.py:183} INFO - Processing /home/airflow/.local/lib/python3.12/site-packages/airflow/example_dags/example_task_group_decorator.py took 0.033 seconds
[2024-04-13T16:17:37.785+0000] {processor.py:161} INFO - Started process (PID=650) to work on /home/airflow/.local/lib/python3.12/site-packages/airflow/example_dags/example_task_group_decorator.py
[2024-04-13T16:17:37.786+0000] {processor.py:830} INFO - Processing file /home/airflow/.local/lib/python3.12/site-packages/airflow/example_dags/example_task_group_decorator.py for tasks to queue
[2024-04-13T16:17:37.787+0000] {logging_mixin.py:188} INFO - [2024-04-13T16:17:37.786+0000] {dagbag.py:540} INFO - Filling up the DagBag from /home/airflow/.local/lib/python3.12/site-packages/airflow/example_dags/example_task_group_decorator.py
[2024-04-13T16:17:37.792+0000] {processor.py:840} INFO - DAG(s) 'example_task_group_decorator' retrieved from /home/airflow/.local/lib/python3.12/site-packages/airflow/example_dags/example_task_group_decorator.py
[2024-04-13T16:17:37.802+0000] {logging_mixin.py:188} INFO - [2024-04-13T16:17:37.802+0000] {dag.py:3096} INFO - Sync 1 DAGs
[2024-04-13T16:17:37.810+0000] {logging_mixin.py:188} INFO - [2024-04-13T16:17:37.810+0000] {dag.py:3954} INFO - Setting next_dagrun for example_task_group_decorator to 2024-04-12 00:00:00+00:00, run_after=2024-04-13 00:00:00+00:00
[2024-04-13T16:17:37.816+0000] {processor.py:183} INFO - Processing /home/airflow/.local/lib/python3.12/site-packages/airflow/example_dags/example_task_group_decorator.py took 0.033 seconds
[2024-04-13T16:18:08.405+0000] {processor.py:161} INFO - Started process (PID=708) to work on /home/airflow/.local/lib/python3.12/site-packages/airflow/example_dags/example_task_group_decorator.py
[2024-04-13T16:18:08.406+0000] {processor.py:830} INFO - Processing file /home/airflow/.local/lib/python3.12/site-packages/airflow/example_dags/example_task_group_decorator.py for tasks to queue
[2024-04-13T16:18:08.407+0000] {logging_mixin.py:188} INFO - [2024-04-13T16:18:08.406+0000] {dagbag.py:540} INFO - Filling up the DagBag from /home/airflow/.local/lib/python3.12/site-packages/airflow/example_dags/example_task_group_decorator.py
[2024-04-13T16:18:08.412+0000] {processor.py:840} INFO - DAG(s) 'example_task_group_decorator' retrieved from /home/airflow/.local/lib/python3.12/site-packages/airflow/example_dags/example_task_group_decorator.py
[2024-04-13T16:18:08.421+0000] {logging_mixin.py:188} INFO - [2024-04-13T16:18:08.421+0000] {dag.py:3096} INFO - Sync 1 DAGs
[2024-04-13T16:18:08.429+0000] {logging_mixin.py:188} INFO - [2024-04-13T16:18:08.429+0000] {dag.py:3954} INFO - Setting next_dagrun for example_task_group_decorator to 2024-04-12 00:00:00+00:00, run_after=2024-04-13 00:00:00+00:00
[2024-04-13T16:18:08.436+0000] {processor.py:183} INFO - Processing /home/airflow/.local/lib/python3.12/site-packages/airflow/example_dags/example_task_group_decorator.py took 0.033 seconds
[2024-04-13T16:18:39.113+0000] {processor.py:161} INFO - Started process (PID=767) to work on /home/airflow/.local/lib/python3.12/site-packages/airflow/example_dags/example_task_group_decorator.py
[2024-04-13T16:18:39.114+0000] {processor.py:830} INFO - Processing file /home/airflow/.local/lib/python3.12/site-packages/airflow/example_dags/example_task_group_decorator.py for tasks to queue
[2024-04-13T16:18:39.115+0000] {logging_mixin.py:188} INFO - [2024-04-13T16:18:39.115+0000] {dagbag.py:540} INFO - Filling up the DagBag from /home/airflow/.local/lib/python3.12/site-packages/airflow/example_dags/example_task_group_decorator.py
[2024-04-13T16:18:39.121+0000] {processor.py:840} INFO - DAG(s) 'example_task_group_decorator' retrieved from /home/airflow/.local/lib/python3.12/site-packages/airflow/example_dags/example_task_group_decorator.py
[2024-04-13T16:18:39.131+0000] {logging_mixin.py:188} INFO - [2024-04-13T16:18:39.131+0000] {dag.py:3096} INFO - Sync 1 DAGs
[2024-04-13T16:18:39.140+0000] {logging_mixin.py:188} INFO - [2024-04-13T16:18:39.140+0000] {dag.py:3954} INFO - Setting next_dagrun for example_task_group_decorator to 2024-04-12 00:00:00+00:00, run_after=2024-04-13 00:00:00+00:00
[2024-04-13T16:18:39.146+0000] {processor.py:183} INFO - Processing /home/airflow/.local/lib/python3.12/site-packages/airflow/example_dags/example_task_group_decorator.py took 0.036 seconds
[2024-04-13T16:19:10.063+0000] {processor.py:161} INFO - Started process (PID=824) to work on /home/airflow/.local/lib/python3.12/site-packages/airflow/example_dags/example_task_group_decorator.py
[2024-04-13T16:19:10.063+0000] {processor.py:830} INFO - Processing file /home/airflow/.local/lib/python3.12/site-packages/airflow/example_dags/example_task_group_decorator.py for tasks to queue
[2024-04-13T16:19:10.064+0000] {logging_mixin.py:188} INFO - [2024-04-13T16:19:10.064+0000] {dagbag.py:540} INFO - Filling up the DagBag from /home/airflow/.local/lib/python3.12/site-packages/airflow/example_dags/example_task_group_decorator.py
[2024-04-13T16:19:10.070+0000] {processor.py:840} INFO - DAG(s) 'example_task_group_decorator' retrieved from /home/airflow/.local/lib/python3.12/site-packages/airflow/example_dags/example_task_group_decorator.py
[2024-04-13T16:19:10.081+0000] {logging_mixin.py:188} INFO - [2024-04-13T16:19:10.081+0000] {dag.py:3096} INFO - Sync 1 DAGs
[2024-04-13T16:19:10.089+0000] {logging_mixin.py:188} INFO - [2024-04-13T16:19:10.089+0000] {dag.py:3954} INFO - Setting next_dagrun for example_task_group_decorator to 2024-04-12 00:00:00+00:00, run_after=2024-04-13 00:00:00+00:00
[2024-04-13T16:19:10.096+0000] {processor.py:183} INFO - Processing /home/airflow/.local/lib/python3.12/site-packages/airflow/example_dags/example_task_group_decorator.py took 0.036 seconds
