[2024-04-13T16:12:30.805+0000] {processor.py:161} INFO - Started process (PID=43) to work on /home/airflow/.local/lib/python3.12/site-packages/airflow/example_dags/example_bash_operator.py
[2024-04-13T16:12:30.806+0000] {processor.py:830} INFO - Processing file /home/airflow/.local/lib/python3.12/site-packages/airflow/example_dags/example_bash_operator.py for tasks to queue
[2024-04-13T16:12:30.808+0000] {logging_mixin.py:188} INFO - [2024-04-13T16:12:30.808+0000] {dagbag.py:540} INFO - Filling up the DagBag from /home/airflow/.local/lib/python3.12/site-packages/airflow/example_dags/example_bash_operator.py
[2024-04-13T16:12:30.818+0000] {processor.py:840} INFO - DAG(s) 'example_bash_operator' retrieved from /home/airflow/.local/lib/python3.12/site-packages/airflow/example_dags/example_bash_operator.py
[2024-04-13T16:12:30.830+0000] {logging_mixin.py:188} INFO - [2024-04-13T16:12:30.830+0000] {dag.py:3096} INFO - Sync 1 DAGs
[2024-04-13T16:12:30.844+0000] {logging_mixin.py:188} INFO - [2024-04-13T16:12:30.844+0000] {dag.py:3954} INFO - Setting next_dagrun for example_bash_operator to 2024-04-12 00:00:00+00:00, run_after=2024-04-13 00:00:00+00:00
[2024-04-13T16:12:30.862+0000] {processor.py:183} INFO - Processing /home/airflow/.local/lib/python3.12/site-packages/airflow/example_dags/example_bash_operator.py took 0.064 seconds
[2024-04-13T16:13:01.589+0000] {processor.py:161} INFO - Started process (PID=101) to work on /home/airflow/.local/lib/python3.12/site-packages/airflow/example_dags/example_bash_operator.py
[2024-04-13T16:13:01.590+0000] {processor.py:830} INFO - Processing file /home/airflow/.local/lib/python3.12/site-packages/airflow/example_dags/example_bash_operator.py for tasks to queue
[2024-04-13T16:13:01.590+0000] {logging_mixin.py:188} INFO - [2024-04-13T16:13:01.590+0000] {dagbag.py:540} INFO - Filling up the DagBag from /home/airflow/.local/lib/python3.12/site-packages/airflow/example_dags/example_bash_operator.py
[2024-04-13T16:13:01.595+0000] {processor.py:840} INFO - DAG(s) 'example_bash_operator' retrieved from /home/airflow/.local/lib/python3.12/site-packages/airflow/example_dags/example_bash_operator.py
[2024-04-13T16:13:01.639+0000] {logging_mixin.py:188} INFO - [2024-04-13T16:13:01.639+0000] {dag.py:3096} INFO - Sync 1 DAGs
[2024-04-13T16:13:01.646+0000] {logging_mixin.py:188} INFO - [2024-04-13T16:13:01.646+0000] {dag.py:3954} INFO - Setting next_dagrun for example_bash_operator to 2024-04-12 00:00:00+00:00, run_after=2024-04-13 00:00:00+00:00
[2024-04-13T16:13:01.654+0000] {processor.py:183} INFO - Processing /home/airflow/.local/lib/python3.12/site-packages/airflow/example_dags/example_bash_operator.py took 0.068 seconds
[2024-04-13T16:13:31.737+0000] {processor.py:161} INFO - Started process (PID=159) to work on /home/airflow/.local/lib/python3.12/site-packages/airflow/example_dags/example_bash_operator.py
[2024-04-13T16:13:31.738+0000] {processor.py:830} INFO - Processing file /home/airflow/.local/lib/python3.12/site-packages/airflow/example_dags/example_bash_operator.py for tasks to queue
[2024-04-13T16:13:31.739+0000] {logging_mixin.py:188} INFO - [2024-04-13T16:13:31.739+0000] {dagbag.py:540} INFO - Filling up the DagBag from /home/airflow/.local/lib/python3.12/site-packages/airflow/example_dags/example_bash_operator.py
[2024-04-13T16:13:31.743+0000] {processor.py:840} INFO - DAG(s) 'example_bash_operator' retrieved from /home/airflow/.local/lib/python3.12/site-packages/airflow/example_dags/example_bash_operator.py
[2024-04-13T16:13:31.754+0000] {logging_mixin.py:188} INFO - [2024-04-13T16:13:31.754+0000] {dag.py:3096} INFO - Sync 1 DAGs
[2024-04-13T16:13:31.762+0000] {logging_mixin.py:188} INFO - [2024-04-13T16:13:31.762+0000] {dag.py:3954} INFO - Setting next_dagrun for example_bash_operator to 2024-04-12 00:00:00+00:00, run_after=2024-04-13 00:00:00+00:00
[2024-04-13T16:13:31.768+0000] {processor.py:183} INFO - Processing /home/airflow/.local/lib/python3.12/site-packages/airflow/example_dags/example_bash_operator.py took 0.033 seconds
[2024-04-13T16:14:02.237+0000] {processor.py:161} INFO - Started process (PID=217) to work on /home/airflow/.local/lib/python3.12/site-packages/airflow/example_dags/example_bash_operator.py
[2024-04-13T16:14:02.238+0000] {processor.py:830} INFO - Processing file /home/airflow/.local/lib/python3.12/site-packages/airflow/example_dags/example_bash_operator.py for tasks to queue
[2024-04-13T16:14:02.239+0000] {logging_mixin.py:188} INFO - [2024-04-13T16:14:02.238+0000] {dagbag.py:540} INFO - Filling up the DagBag from /home/airflow/.local/lib/python3.12/site-packages/airflow/example_dags/example_bash_operator.py
[2024-04-13T16:14:02.244+0000] {processor.py:840} INFO - DAG(s) 'example_bash_operator' retrieved from /home/airflow/.local/lib/python3.12/site-packages/airflow/example_dags/example_bash_operator.py
[2024-04-13T16:14:02.254+0000] {logging_mixin.py:188} INFO - [2024-04-13T16:14:02.254+0000] {dag.py:3096} INFO - Sync 1 DAGs
[2024-04-13T16:14:02.262+0000] {logging_mixin.py:188} INFO - [2024-04-13T16:14:02.262+0000] {dag.py:3954} INFO - Setting next_dagrun for example_bash_operator to 2024-04-12 00:00:00+00:00, run_after=2024-04-13 00:00:00+00:00
[2024-04-13T16:14:02.269+0000] {processor.py:183} INFO - Processing /home/airflow/.local/lib/python3.12/site-packages/airflow/example_dags/example_bash_operator.py took 0.034 seconds
[2024-04-13T16:14:32.679+0000] {processor.py:161} INFO - Started process (PID=275) to work on /home/airflow/.local/lib/python3.12/site-packages/airflow/example_dags/example_bash_operator.py
[2024-04-13T16:14:32.679+0000] {processor.py:830} INFO - Processing file /home/airflow/.local/lib/python3.12/site-packages/airflow/example_dags/example_bash_operator.py for tasks to queue
[2024-04-13T16:14:32.680+0000] {logging_mixin.py:188} INFO - [2024-04-13T16:14:32.680+0000] {dagbag.py:540} INFO - Filling up the DagBag from /home/airflow/.local/lib/python3.12/site-packages/airflow/example_dags/example_bash_operator.py
[2024-04-13T16:14:32.685+0000] {processor.py:840} INFO - DAG(s) 'example_bash_operator' retrieved from /home/airflow/.local/lib/python3.12/site-packages/airflow/example_dags/example_bash_operator.py
[2024-04-13T16:14:32.695+0000] {logging_mixin.py:188} INFO - [2024-04-13T16:14:32.695+0000] {dag.py:3096} INFO - Sync 1 DAGs
[2024-04-13T16:14:32.704+0000] {logging_mixin.py:188} INFO - [2024-04-13T16:14:32.704+0000] {dag.py:3954} INFO - Setting next_dagrun for example_bash_operator to 2024-04-12 00:00:00+00:00, run_after=2024-04-13 00:00:00+00:00
[2024-04-13T16:14:32.710+0000] {processor.py:183} INFO - Processing /home/airflow/.local/lib/python3.12/site-packages/airflow/example_dags/example_bash_operator.py took 0.034 seconds
[2024-04-13T16:15:03.258+0000] {processor.py:161} INFO - Started process (PID=333) to work on /home/airflow/.local/lib/python3.12/site-packages/airflow/example_dags/example_bash_operator.py
[2024-04-13T16:15:03.259+0000] {processor.py:830} INFO - Processing file /home/airflow/.local/lib/python3.12/site-packages/airflow/example_dags/example_bash_operator.py for tasks to queue
[2024-04-13T16:15:03.260+0000] {logging_mixin.py:188} INFO - [2024-04-13T16:15:03.260+0000] {dagbag.py:540} INFO - Filling up the DagBag from /home/airflow/.local/lib/python3.12/site-packages/airflow/example_dags/example_bash_operator.py
[2024-04-13T16:15:03.265+0000] {processor.py:840} INFO - DAG(s) 'example_bash_operator' retrieved from /home/airflow/.local/lib/python3.12/site-packages/airflow/example_dags/example_bash_operator.py
[2024-04-13T16:15:03.276+0000] {logging_mixin.py:188} INFO - [2024-04-13T16:15:03.276+0000] {dag.py:3096} INFO - Sync 1 DAGs
[2024-04-13T16:15:03.285+0000] {logging_mixin.py:188} INFO - [2024-04-13T16:15:03.284+0000] {dag.py:3954} INFO - Setting next_dagrun for example_bash_operator to 2024-04-12 00:00:00+00:00, run_after=2024-04-13 00:00:00+00:00
[2024-04-13T16:15:03.291+0000] {processor.py:183} INFO - Processing /home/airflow/.local/lib/python3.12/site-packages/airflow/example_dags/example_bash_operator.py took 0.035 seconds
[2024-04-13T16:15:33.725+0000] {processor.py:161} INFO - Started process (PID=391) to work on /home/airflow/.local/lib/python3.12/site-packages/airflow/example_dags/example_bash_operator.py
[2024-04-13T16:15:33.725+0000] {processor.py:830} INFO - Processing file /home/airflow/.local/lib/python3.12/site-packages/airflow/example_dags/example_bash_operator.py for tasks to queue
[2024-04-13T16:15:33.726+0000] {logging_mixin.py:188} INFO - [2024-04-13T16:15:33.726+0000] {dagbag.py:540} INFO - Filling up the DagBag from /home/airflow/.local/lib/python3.12/site-packages/airflow/example_dags/example_bash_operator.py
[2024-04-13T16:15:33.731+0000] {processor.py:840} INFO - DAG(s) 'example_bash_operator' retrieved from /home/airflow/.local/lib/python3.12/site-packages/airflow/example_dags/example_bash_operator.py
[2024-04-13T16:15:33.741+0000] {logging_mixin.py:188} INFO - [2024-04-13T16:15:33.741+0000] {dag.py:3096} INFO - Sync 1 DAGs
[2024-04-13T16:15:33.749+0000] {logging_mixin.py:188} INFO - [2024-04-13T16:15:33.749+0000] {dag.py:3954} INFO - Setting next_dagrun for example_bash_operator to 2024-04-12 00:00:00+00:00, run_after=2024-04-13 00:00:00+00:00
[2024-04-13T16:15:33.756+0000] {processor.py:183} INFO - Processing /home/airflow/.local/lib/python3.12/site-packages/airflow/example_dags/example_bash_operator.py took 0.034 seconds
[2024-04-13T16:16:04.240+0000] {processor.py:161} INFO - Started process (PID=449) to work on /home/airflow/.local/lib/python3.12/site-packages/airflow/example_dags/example_bash_operator.py
[2024-04-13T16:16:04.241+0000] {processor.py:830} INFO - Processing file /home/airflow/.local/lib/python3.12/site-packages/airflow/example_dags/example_bash_operator.py for tasks to queue
[2024-04-13T16:16:04.241+0000] {logging_mixin.py:188} INFO - [2024-04-13T16:16:04.241+0000] {dagbag.py:540} INFO - Filling up the DagBag from /home/airflow/.local/lib/python3.12/site-packages/airflow/example_dags/example_bash_operator.py
[2024-04-13T16:16:04.246+0000] {processor.py:840} INFO - DAG(s) 'example_bash_operator' retrieved from /home/airflow/.local/lib/python3.12/site-packages/airflow/example_dags/example_bash_operator.py
[2024-04-13T16:16:04.256+0000] {logging_mixin.py:188} INFO - [2024-04-13T16:16:04.255+0000] {dag.py:3096} INFO - Sync 1 DAGs
[2024-04-13T16:16:04.263+0000] {logging_mixin.py:188} INFO - [2024-04-13T16:16:04.263+0000] {dag.py:3954} INFO - Setting next_dagrun for example_bash_operator to 2024-04-12 00:00:00+00:00, run_after=2024-04-13 00:00:00+00:00
[2024-04-13T16:16:04.270+0000] {processor.py:183} INFO - Processing /home/airflow/.local/lib/python3.12/site-packages/airflow/example_dags/example_bash_operator.py took 0.032 seconds
[2024-04-13T16:16:34.850+0000] {processor.py:161} INFO - Started process (PID=507) to work on /home/airflow/.local/lib/python3.12/site-packages/airflow/example_dags/example_bash_operator.py
[2024-04-13T16:16:34.851+0000] {processor.py:830} INFO - Processing file /home/airflow/.local/lib/python3.12/site-packages/airflow/example_dags/example_bash_operator.py for tasks to queue
[2024-04-13T16:16:34.852+0000] {logging_mixin.py:188} INFO - [2024-04-13T16:16:34.851+0000] {dagbag.py:540} INFO - Filling up the DagBag from /home/airflow/.local/lib/python3.12/site-packages/airflow/example_dags/example_bash_operator.py
[2024-04-13T16:16:34.856+0000] {processor.py:840} INFO - DAG(s) 'example_bash_operator' retrieved from /home/airflow/.local/lib/python3.12/site-packages/airflow/example_dags/example_bash_operator.py
[2024-04-13T16:16:34.867+0000] {logging_mixin.py:188} INFO - [2024-04-13T16:16:34.867+0000] {dag.py:3096} INFO - Sync 1 DAGs
[2024-04-13T16:16:34.876+0000] {logging_mixin.py:188} INFO - [2024-04-13T16:16:34.876+0000] {dag.py:3954} INFO - Setting next_dagrun for example_bash_operator to 2024-04-12 00:00:00+00:00, run_after=2024-04-13 00:00:00+00:00
[2024-04-13T16:16:34.882+0000] {processor.py:183} INFO - Processing /home/airflow/.local/lib/python3.12/site-packages/airflow/example_dags/example_bash_operator.py took 0.035 seconds
[2024-04-13T16:17:05.513+0000] {processor.py:161} INFO - Started process (PID=565) to work on /home/airflow/.local/lib/python3.12/site-packages/airflow/example_dags/example_bash_operator.py
[2024-04-13T16:17:05.514+0000] {processor.py:830} INFO - Processing file /home/airflow/.local/lib/python3.12/site-packages/airflow/example_dags/example_bash_operator.py for tasks to queue
[2024-04-13T16:17:05.515+0000] {logging_mixin.py:188} INFO - [2024-04-13T16:17:05.515+0000] {dagbag.py:540} INFO - Filling up the DagBag from /home/airflow/.local/lib/python3.12/site-packages/airflow/example_dags/example_bash_operator.py
[2024-04-13T16:17:05.520+0000] {processor.py:840} INFO - DAG(s) 'example_bash_operator' retrieved from /home/airflow/.local/lib/python3.12/site-packages/airflow/example_dags/example_bash_operator.py
[2024-04-13T16:17:05.530+0000] {logging_mixin.py:188} INFO - [2024-04-13T16:17:05.530+0000] {dag.py:3096} INFO - Sync 1 DAGs
[2024-04-13T16:17:05.539+0000] {logging_mixin.py:188} INFO - [2024-04-13T16:17:05.539+0000] {dag.py:3954} INFO - Setting next_dagrun for example_bash_operator to 2024-04-12 00:00:00+00:00, run_after=2024-04-13 00:00:00+00:00
[2024-04-13T16:17:05.545+0000] {processor.py:183} INFO - Processing /home/airflow/.local/lib/python3.12/site-packages/airflow/example_dags/example_bash_operator.py took 0.034 seconds
[2024-04-13T16:17:36.063+0000] {processor.py:161} INFO - Started process (PID=623) to work on /home/airflow/.local/lib/python3.12/site-packages/airflow/example_dags/example_bash_operator.py
[2024-04-13T16:17:36.063+0000] {processor.py:830} INFO - Processing file /home/airflow/.local/lib/python3.12/site-packages/airflow/example_dags/example_bash_operator.py for tasks to queue
[2024-04-13T16:17:36.064+0000] {logging_mixin.py:188} INFO - [2024-04-13T16:17:36.064+0000] {dagbag.py:540} INFO - Filling up the DagBag from /home/airflow/.local/lib/python3.12/site-packages/airflow/example_dags/example_bash_operator.py
[2024-04-13T16:17:36.069+0000] {processor.py:840} INFO - DAG(s) 'example_bash_operator' retrieved from /home/airflow/.local/lib/python3.12/site-packages/airflow/example_dags/example_bash_operator.py
[2024-04-13T16:17:36.079+0000] {logging_mixin.py:188} INFO - [2024-04-13T16:17:36.079+0000] {dag.py:3096} INFO - Sync 1 DAGs
[2024-04-13T16:17:36.087+0000] {logging_mixin.py:188} INFO - [2024-04-13T16:17:36.087+0000] {dag.py:3954} INFO - Setting next_dagrun for example_bash_operator to 2024-04-12 00:00:00+00:00, run_after=2024-04-13 00:00:00+00:00
[2024-04-13T16:17:36.094+0000] {processor.py:183} INFO - Processing /home/airflow/.local/lib/python3.12/site-packages/airflow/example_dags/example_bash_operator.py took 0.033 seconds
[2024-04-13T16:18:06.728+0000] {processor.py:161} INFO - Started process (PID=681) to work on /home/airflow/.local/lib/python3.12/site-packages/airflow/example_dags/example_bash_operator.py
[2024-04-13T16:18:06.729+0000] {processor.py:830} INFO - Processing file /home/airflow/.local/lib/python3.12/site-packages/airflow/example_dags/example_bash_operator.py for tasks to queue
[2024-04-13T16:18:06.730+0000] {logging_mixin.py:188} INFO - [2024-04-13T16:18:06.729+0000] {dagbag.py:540} INFO - Filling up the DagBag from /home/airflow/.local/lib/python3.12/site-packages/airflow/example_dags/example_bash_operator.py
[2024-04-13T16:18:06.734+0000] {processor.py:840} INFO - DAG(s) 'example_bash_operator' retrieved from /home/airflow/.local/lib/python3.12/site-packages/airflow/example_dags/example_bash_operator.py
[2024-04-13T16:18:06.746+0000] {logging_mixin.py:188} INFO - [2024-04-13T16:18:06.746+0000] {dag.py:3096} INFO - Sync 1 DAGs
[2024-04-13T16:18:06.756+0000] {logging_mixin.py:188} INFO - [2024-04-13T16:18:06.755+0000] {dag.py:3954} INFO - Setting next_dagrun for example_bash_operator to 2024-04-12 00:00:00+00:00, run_after=2024-04-13 00:00:00+00:00
[2024-04-13T16:18:06.763+0000] {processor.py:183} INFO - Processing /home/airflow/.local/lib/python3.12/site-packages/airflow/example_dags/example_bash_operator.py took 0.037 seconds
[2024-04-13T16:18:37.448+0000] {processor.py:161} INFO - Started process (PID=739) to work on /home/airflow/.local/lib/python3.12/site-packages/airflow/example_dags/example_bash_operator.py
[2024-04-13T16:18:37.449+0000] {processor.py:830} INFO - Processing file /home/airflow/.local/lib/python3.12/site-packages/airflow/example_dags/example_bash_operator.py for tasks to queue
[2024-04-13T16:18:37.449+0000] {logging_mixin.py:188} INFO - [2024-04-13T16:18:37.449+0000] {dagbag.py:540} INFO - Filling up the DagBag from /home/airflow/.local/lib/python3.12/site-packages/airflow/example_dags/example_bash_operator.py
[2024-04-13T16:18:37.454+0000] {processor.py:840} INFO - DAG(s) 'example_bash_operator' retrieved from /home/airflow/.local/lib/python3.12/site-packages/airflow/example_dags/example_bash_operator.py
[2024-04-13T16:18:37.464+0000] {logging_mixin.py:188} INFO - [2024-04-13T16:18:37.464+0000] {dag.py:3096} INFO - Sync 1 DAGs
[2024-04-13T16:18:37.472+0000] {logging_mixin.py:188} INFO - [2024-04-13T16:18:37.472+0000] {dag.py:3954} INFO - Setting next_dagrun for example_bash_operator to 2024-04-12 00:00:00+00:00, run_after=2024-04-13 00:00:00+00:00
[2024-04-13T16:18:37.479+0000] {processor.py:183} INFO - Processing /home/airflow/.local/lib/python3.12/site-packages/airflow/example_dags/example_bash_operator.py took 0.033 seconds
[2024-04-13T16:19:07.971+0000] {processor.py:161} INFO - Started process (PID=796) to work on /home/airflow/.local/lib/python3.12/site-packages/airflow/example_dags/example_bash_operator.py
[2024-04-13T16:19:07.971+0000] {processor.py:830} INFO - Processing file /home/airflow/.local/lib/python3.12/site-packages/airflow/example_dags/example_bash_operator.py for tasks to queue
[2024-04-13T16:19:07.972+0000] {logging_mixin.py:188} INFO - [2024-04-13T16:19:07.972+0000] {dagbag.py:540} INFO - Filling up the DagBag from /home/airflow/.local/lib/python3.12/site-packages/airflow/example_dags/example_bash_operator.py
[2024-04-13T16:19:07.977+0000] {processor.py:840} INFO - DAG(s) 'example_bash_operator' retrieved from /home/airflow/.local/lib/python3.12/site-packages/airflow/example_dags/example_bash_operator.py
[2024-04-13T16:19:07.990+0000] {logging_mixin.py:188} INFO - [2024-04-13T16:19:07.990+0000] {dag.py:3096} INFO - Sync 1 DAGs
[2024-04-13T16:19:08.000+0000] {logging_mixin.py:188} INFO - [2024-04-13T16:19:07.999+0000] {dag.py:3954} INFO - Setting next_dagrun for example_bash_operator to 2024-04-12 00:00:00+00:00, run_after=2024-04-13 00:00:00+00:00
[2024-04-13T16:19:08.007+0000] {processor.py:183} INFO - Processing /home/airflow/.local/lib/python3.12/site-packages/airflow/example_dags/example_bash_operator.py took 0.039 seconds
