[2024-04-13T16:12:30.594+0000] {processor.py:161} INFO - Started process (PID=40) to work on /home/airflow/.local/lib/python3.12/site-packages/airflow/example_dags/tutorial_taskflow_api.py
[2024-04-13T16:12:30.602+0000] {processor.py:830} INFO - Processing file /home/airflow/.local/lib/python3.12/site-packages/airflow/example_dags/tutorial_taskflow_api.py for tasks to queue
[2024-04-13T16:12:30.606+0000] {logging_mixin.py:188} INFO - [2024-04-13T16:12:30.606+0000] {dagbag.py:540} INFO - Filling up the DagBag from /home/airflow/.local/lib/python3.12/site-packages/airflow/example_dags/tutorial_taskflow_api.py
[2024-04-13T16:12:30.615+0000] {processor.py:840} INFO - DAG(s) 'tutorial_taskflow_api' retrieved from /home/airflow/.local/lib/python3.12/site-packages/airflow/example_dags/tutorial_taskflow_api.py
[2024-04-13T16:12:30.632+0000] {logging_mixin.py:188} INFO - [2024-04-13T16:12:30.631+0000] {dag.py:3096} INFO - Sync 1 DAGs
[2024-04-13T16:12:30.650+0000] {logging_mixin.py:188} INFO - [2024-04-13T16:12:30.650+0000] {dag.py:3954} INFO - Setting next_dagrun for tutorial_taskflow_api to None, run_after=None
[2024-04-13T16:12:30.676+0000] {processor.py:183} INFO - Processing /home/airflow/.local/lib/python3.12/site-packages/airflow/example_dags/tutorial_taskflow_api.py took 0.088 seconds
[2024-04-13T16:13:01.451+0000] {processor.py:161} INFO - Started process (PID=98) to work on /home/airflow/.local/lib/python3.12/site-packages/airflow/example_dags/tutorial_taskflow_api.py
[2024-04-13T16:13:01.452+0000] {processor.py:830} INFO - Processing file /home/airflow/.local/lib/python3.12/site-packages/airflow/example_dags/tutorial_taskflow_api.py for tasks to queue
[2024-04-13T16:13:01.453+0000] {logging_mixin.py:188} INFO - [2024-04-13T16:13:01.453+0000] {dagbag.py:540} INFO - Filling up the DagBag from /home/airflow/.local/lib/python3.12/site-packages/airflow/example_dags/tutorial_taskflow_api.py
[2024-04-13T16:13:01.456+0000] {processor.py:840} INFO - DAG(s) 'tutorial_taskflow_api' retrieved from /home/airflow/.local/lib/python3.12/site-packages/airflow/example_dags/tutorial_taskflow_api.py
[2024-04-13T16:13:01.497+0000] {logging_mixin.py:188} INFO - [2024-04-13T16:13:01.496+0000] {dag.py:3096} INFO - Sync 1 DAGs
[2024-04-13T16:13:01.501+0000] {logging_mixin.py:188} INFO - [2024-04-13T16:13:01.500+0000] {dag.py:3954} INFO - Setting next_dagrun for tutorial_taskflow_api to None, run_after=None
[2024-04-13T16:13:01.507+0000] {processor.py:183} INFO - Processing /home/airflow/.local/lib/python3.12/site-packages/airflow/example_dags/tutorial_taskflow_api.py took 0.059 seconds
[2024-04-13T16:13:31.682+0000] {processor.py:161} INFO - Started process (PID=156) to work on /home/airflow/.local/lib/python3.12/site-packages/airflow/example_dags/tutorial_taskflow_api.py
[2024-04-13T16:13:31.682+0000] {processor.py:830} INFO - Processing file /home/airflow/.local/lib/python3.12/site-packages/airflow/example_dags/tutorial_taskflow_api.py for tasks to queue
[2024-04-13T16:13:31.683+0000] {logging_mixin.py:188} INFO - [2024-04-13T16:13:31.683+0000] {dagbag.py:540} INFO - Filling up the DagBag from /home/airflow/.local/lib/python3.12/site-packages/airflow/example_dags/tutorial_taskflow_api.py
[2024-04-13T16:13:31.686+0000] {processor.py:840} INFO - DAG(s) 'tutorial_taskflow_api' retrieved from /home/airflow/.local/lib/python3.12/site-packages/airflow/example_dags/tutorial_taskflow_api.py
[2024-04-13T16:13:31.694+0000] {logging_mixin.py:188} INFO - [2024-04-13T16:13:31.694+0000] {dag.py:3096} INFO - Sync 1 DAGs
[2024-04-13T16:13:31.699+0000] {logging_mixin.py:188} INFO - [2024-04-13T16:13:31.699+0000] {dag.py:3954} INFO - Setting next_dagrun for tutorial_taskflow_api to None, run_after=None
[2024-04-13T16:13:31.706+0000] {processor.py:183} INFO - Processing /home/airflow/.local/lib/python3.12/site-packages/airflow/example_dags/tutorial_taskflow_api.py took 0.027 seconds
[2024-04-13T16:14:02.168+0000] {processor.py:161} INFO - Started process (PID=214) to work on /home/airflow/.local/lib/python3.12/site-packages/airflow/example_dags/tutorial_taskflow_api.py
[2024-04-13T16:14:02.168+0000] {processor.py:830} INFO - Processing file /home/airflow/.local/lib/python3.12/site-packages/airflow/example_dags/tutorial_taskflow_api.py for tasks to queue
[2024-04-13T16:14:02.169+0000] {logging_mixin.py:188} INFO - [2024-04-13T16:14:02.169+0000] {dagbag.py:540} INFO - Filling up the DagBag from /home/airflow/.local/lib/python3.12/site-packages/airflow/example_dags/tutorial_taskflow_api.py
[2024-04-13T16:14:02.172+0000] {processor.py:840} INFO - DAG(s) 'tutorial_taskflow_api' retrieved from /home/airflow/.local/lib/python3.12/site-packages/airflow/example_dags/tutorial_taskflow_api.py
[2024-04-13T16:14:02.180+0000] {logging_mixin.py:188} INFO - [2024-04-13T16:14:02.180+0000] {dag.py:3096} INFO - Sync 1 DAGs
[2024-04-13T16:14:02.185+0000] {logging_mixin.py:188} INFO - [2024-04-13T16:14:02.185+0000] {dag.py:3954} INFO - Setting next_dagrun for tutorial_taskflow_api to None, run_after=None
[2024-04-13T16:14:02.191+0000] {processor.py:183} INFO - Processing /home/airflow/.local/lib/python3.12/site-packages/airflow/example_dags/tutorial_taskflow_api.py took 0.026 seconds
[2024-04-13T16:14:32.606+0000] {processor.py:161} INFO - Started process (PID=272) to work on /home/airflow/.local/lib/python3.12/site-packages/airflow/example_dags/tutorial_taskflow_api.py
[2024-04-13T16:14:32.607+0000] {processor.py:830} INFO - Processing file /home/airflow/.local/lib/python3.12/site-packages/airflow/example_dags/tutorial_taskflow_api.py for tasks to queue
[2024-04-13T16:14:32.607+0000] {logging_mixin.py:188} INFO - [2024-04-13T16:14:32.607+0000] {dagbag.py:540} INFO - Filling up the DagBag from /home/airflow/.local/lib/python3.12/site-packages/airflow/example_dags/tutorial_taskflow_api.py
[2024-04-13T16:14:32.610+0000] {processor.py:840} INFO - DAG(s) 'tutorial_taskflow_api' retrieved from /home/airflow/.local/lib/python3.12/site-packages/airflow/example_dags/tutorial_taskflow_api.py
[2024-04-13T16:14:32.618+0000] {logging_mixin.py:188} INFO - [2024-04-13T16:14:32.618+0000] {dag.py:3096} INFO - Sync 1 DAGs
[2024-04-13T16:14:32.623+0000] {logging_mixin.py:188} INFO - [2024-04-13T16:14:32.623+0000] {dag.py:3954} INFO - Setting next_dagrun for tutorial_taskflow_api to None, run_after=None
[2024-04-13T16:14:32.631+0000] {processor.py:183} INFO - Processing /home/airflow/.local/lib/python3.12/site-packages/airflow/example_dags/tutorial_taskflow_api.py took 0.027 seconds
[2024-04-13T16:15:03.163+0000] {processor.py:161} INFO - Started process (PID=330) to work on /home/airflow/.local/lib/python3.12/site-packages/airflow/example_dags/tutorial_taskflow_api.py
[2024-04-13T16:15:03.164+0000] {processor.py:830} INFO - Processing file /home/airflow/.local/lib/python3.12/site-packages/airflow/example_dags/tutorial_taskflow_api.py for tasks to queue
[2024-04-13T16:15:03.165+0000] {logging_mixin.py:188} INFO - [2024-04-13T16:15:03.165+0000] {dagbag.py:540} INFO - Filling up the DagBag from /home/airflow/.local/lib/python3.12/site-packages/airflow/example_dags/tutorial_taskflow_api.py
[2024-04-13T16:15:03.168+0000] {processor.py:840} INFO - DAG(s) 'tutorial_taskflow_api' retrieved from /home/airflow/.local/lib/python3.12/site-packages/airflow/example_dags/tutorial_taskflow_api.py
[2024-04-13T16:15:03.177+0000] {logging_mixin.py:188} INFO - [2024-04-13T16:15:03.177+0000] {dag.py:3096} INFO - Sync 1 DAGs
[2024-04-13T16:15:03.183+0000] {logging_mixin.py:188} INFO - [2024-04-13T16:15:03.183+0000] {dag.py:3954} INFO - Setting next_dagrun for tutorial_taskflow_api to None, run_after=None
[2024-04-13T16:15:03.191+0000] {processor.py:183} INFO - Processing /home/airflow/.local/lib/python3.12/site-packages/airflow/example_dags/tutorial_taskflow_api.py took 0.030 seconds
[2024-04-13T16:15:33.654+0000] {processor.py:161} INFO - Started process (PID=388) to work on /home/airflow/.local/lib/python3.12/site-packages/airflow/example_dags/tutorial_taskflow_api.py
[2024-04-13T16:15:33.654+0000] {processor.py:830} INFO - Processing file /home/airflow/.local/lib/python3.12/site-packages/airflow/example_dags/tutorial_taskflow_api.py for tasks to queue
[2024-04-13T16:15:33.655+0000] {logging_mixin.py:188} INFO - [2024-04-13T16:15:33.655+0000] {dagbag.py:540} INFO - Filling up the DagBag from /home/airflow/.local/lib/python3.12/site-packages/airflow/example_dags/tutorial_taskflow_api.py
[2024-04-13T16:15:33.658+0000] {processor.py:840} INFO - DAG(s) 'tutorial_taskflow_api' retrieved from /home/airflow/.local/lib/python3.12/site-packages/airflow/example_dags/tutorial_taskflow_api.py
[2024-04-13T16:15:33.666+0000] {logging_mixin.py:188} INFO - [2024-04-13T16:15:33.666+0000] {dag.py:3096} INFO - Sync 1 DAGs
[2024-04-13T16:15:33.671+0000] {logging_mixin.py:188} INFO - [2024-04-13T16:15:33.671+0000] {dag.py:3954} INFO - Setting next_dagrun for tutorial_taskflow_api to None, run_after=None
[2024-04-13T16:15:33.678+0000] {processor.py:183} INFO - Processing /home/airflow/.local/lib/python3.12/site-packages/airflow/example_dags/tutorial_taskflow_api.py took 0.027 seconds
[2024-04-13T16:16:04.169+0000] {processor.py:161} INFO - Started process (PID=446) to work on /home/airflow/.local/lib/python3.12/site-packages/airflow/example_dags/tutorial_taskflow_api.py
[2024-04-13T16:16:04.170+0000] {processor.py:830} INFO - Processing file /home/airflow/.local/lib/python3.12/site-packages/airflow/example_dags/tutorial_taskflow_api.py for tasks to queue
[2024-04-13T16:16:04.171+0000] {logging_mixin.py:188} INFO - [2024-04-13T16:16:04.171+0000] {dagbag.py:540} INFO - Filling up the DagBag from /home/airflow/.local/lib/python3.12/site-packages/airflow/example_dags/tutorial_taskflow_api.py
[2024-04-13T16:16:04.173+0000] {processor.py:840} INFO - DAG(s) 'tutorial_taskflow_api' retrieved from /home/airflow/.local/lib/python3.12/site-packages/airflow/example_dags/tutorial_taskflow_api.py
[2024-04-13T16:16:04.182+0000] {logging_mixin.py:188} INFO - [2024-04-13T16:16:04.182+0000] {dag.py:3096} INFO - Sync 1 DAGs
[2024-04-13T16:16:04.187+0000] {logging_mixin.py:188} INFO - [2024-04-13T16:16:04.187+0000] {dag.py:3954} INFO - Setting next_dagrun for tutorial_taskflow_api to None, run_after=None
[2024-04-13T16:16:04.194+0000] {processor.py:183} INFO - Processing /home/airflow/.local/lib/python3.12/site-packages/airflow/example_dags/tutorial_taskflow_api.py took 0.027 seconds
[2024-04-13T16:16:34.756+0000] {processor.py:161} INFO - Started process (PID=504) to work on /home/airflow/.local/lib/python3.12/site-packages/airflow/example_dags/tutorial_taskflow_api.py
[2024-04-13T16:16:34.757+0000] {processor.py:830} INFO - Processing file /home/airflow/.local/lib/python3.12/site-packages/airflow/example_dags/tutorial_taskflow_api.py for tasks to queue
[2024-04-13T16:16:34.759+0000] {logging_mixin.py:188} INFO - [2024-04-13T16:16:34.758+0000] {dagbag.py:540} INFO - Filling up the DagBag from /home/airflow/.local/lib/python3.12/site-packages/airflow/example_dags/tutorial_taskflow_api.py
[2024-04-13T16:16:34.764+0000] {processor.py:840} INFO - DAG(s) 'tutorial_taskflow_api' retrieved from /home/airflow/.local/lib/python3.12/site-packages/airflow/example_dags/tutorial_taskflow_api.py
[2024-04-13T16:16:34.773+0000] {logging_mixin.py:188} INFO - [2024-04-13T16:16:34.773+0000] {dag.py:3096} INFO - Sync 1 DAGs
[2024-04-13T16:16:34.779+0000] {logging_mixin.py:188} INFO - [2024-04-13T16:16:34.779+0000] {dag.py:3954} INFO - Setting next_dagrun for tutorial_taskflow_api to None, run_after=None
[2024-04-13T16:16:34.786+0000] {processor.py:183} INFO - Processing /home/airflow/.local/lib/python3.12/site-packages/airflow/example_dags/tutorial_taskflow_api.py took 0.034 seconds
[2024-04-13T16:17:05.442+0000] {processor.py:161} INFO - Started process (PID=562) to work on /home/airflow/.local/lib/python3.12/site-packages/airflow/example_dags/tutorial_taskflow_api.py
[2024-04-13T16:17:05.443+0000] {processor.py:830} INFO - Processing file /home/airflow/.local/lib/python3.12/site-packages/airflow/example_dags/tutorial_taskflow_api.py for tasks to queue
[2024-04-13T16:17:05.444+0000] {logging_mixin.py:188} INFO - [2024-04-13T16:17:05.443+0000] {dagbag.py:540} INFO - Filling up the DagBag from /home/airflow/.local/lib/python3.12/site-packages/airflow/example_dags/tutorial_taskflow_api.py
[2024-04-13T16:17:05.447+0000] {processor.py:840} INFO - DAG(s) 'tutorial_taskflow_api' retrieved from /home/airflow/.local/lib/python3.12/site-packages/airflow/example_dags/tutorial_taskflow_api.py
[2024-04-13T16:17:05.455+0000] {logging_mixin.py:188} INFO - [2024-04-13T16:17:05.455+0000] {dag.py:3096} INFO - Sync 1 DAGs
[2024-04-13T16:17:05.460+0000] {logging_mixin.py:188} INFO - [2024-04-13T16:17:05.460+0000] {dag.py:3954} INFO - Setting next_dagrun for tutorial_taskflow_api to None, run_after=None
[2024-04-13T16:17:05.467+0000] {processor.py:183} INFO - Processing /home/airflow/.local/lib/python3.12/site-packages/airflow/example_dags/tutorial_taskflow_api.py took 0.028 seconds
[2024-04-13T16:17:35.986+0000] {processor.py:161} INFO - Started process (PID=620) to work on /home/airflow/.local/lib/python3.12/site-packages/airflow/example_dags/tutorial_taskflow_api.py
[2024-04-13T16:17:35.987+0000] {processor.py:830} INFO - Processing file /home/airflow/.local/lib/python3.12/site-packages/airflow/example_dags/tutorial_taskflow_api.py for tasks to queue
[2024-04-13T16:17:35.988+0000] {logging_mixin.py:188} INFO - [2024-04-13T16:17:35.988+0000] {dagbag.py:540} INFO - Filling up the DagBag from /home/airflow/.local/lib/python3.12/site-packages/airflow/example_dags/tutorial_taskflow_api.py
[2024-04-13T16:17:35.991+0000] {processor.py:840} INFO - DAG(s) 'tutorial_taskflow_api' retrieved from /home/airflow/.local/lib/python3.12/site-packages/airflow/example_dags/tutorial_taskflow_api.py
[2024-04-13T16:17:36.001+0000] {logging_mixin.py:188} INFO - [2024-04-13T16:17:36.001+0000] {dag.py:3096} INFO - Sync 1 DAGs
[2024-04-13T16:17:36.006+0000] {logging_mixin.py:188} INFO - [2024-04-13T16:17:36.006+0000] {dag.py:3954} INFO - Setting next_dagrun for tutorial_taskflow_api to None, run_after=None
[2024-04-13T16:17:36.013+0000] {processor.py:183} INFO - Processing /home/airflow/.local/lib/python3.12/site-packages/airflow/example_dags/tutorial_taskflow_api.py took 0.030 seconds
[2024-04-13T16:18:06.656+0000] {processor.py:161} INFO - Started process (PID=678) to work on /home/airflow/.local/lib/python3.12/site-packages/airflow/example_dags/tutorial_taskflow_api.py
[2024-04-13T16:18:06.657+0000] {processor.py:830} INFO - Processing file /home/airflow/.local/lib/python3.12/site-packages/airflow/example_dags/tutorial_taskflow_api.py for tasks to queue
[2024-04-13T16:18:06.657+0000] {logging_mixin.py:188} INFO - [2024-04-13T16:18:06.657+0000] {dagbag.py:540} INFO - Filling up the DagBag from /home/airflow/.local/lib/python3.12/site-packages/airflow/example_dags/tutorial_taskflow_api.py
[2024-04-13T16:18:06.660+0000] {processor.py:840} INFO - DAG(s) 'tutorial_taskflow_api' retrieved from /home/airflow/.local/lib/python3.12/site-packages/airflow/example_dags/tutorial_taskflow_api.py
[2024-04-13T16:18:06.668+0000] {logging_mixin.py:188} INFO - [2024-04-13T16:18:06.668+0000] {dag.py:3096} INFO - Sync 1 DAGs
[2024-04-13T16:18:06.672+0000] {logging_mixin.py:188} INFO - [2024-04-13T16:18:06.672+0000] {dag.py:3954} INFO - Setting next_dagrun for tutorial_taskflow_api to None, run_after=None
[2024-04-13T16:18:06.678+0000] {processor.py:183} INFO - Processing /home/airflow/.local/lib/python3.12/site-packages/airflow/example_dags/tutorial_taskflow_api.py took 0.025 seconds
[2024-04-13T16:18:37.286+0000] {processor.py:161} INFO - Started process (PID=736) to work on /home/airflow/.local/lib/python3.12/site-packages/airflow/example_dags/tutorial_taskflow_api.py
[2024-04-13T16:18:37.286+0000] {processor.py:830} INFO - Processing file /home/airflow/.local/lib/python3.12/site-packages/airflow/example_dags/tutorial_taskflow_api.py for tasks to queue
[2024-04-13T16:18:37.287+0000] {logging_mixin.py:188} INFO - [2024-04-13T16:18:37.287+0000] {dagbag.py:540} INFO - Filling up the DagBag from /home/airflow/.local/lib/python3.12/site-packages/airflow/example_dags/tutorial_taskflow_api.py
[2024-04-13T16:18:37.289+0000] {processor.py:840} INFO - DAG(s) 'tutorial_taskflow_api' retrieved from /home/airflow/.local/lib/python3.12/site-packages/airflow/example_dags/tutorial_taskflow_api.py
[2024-04-13T16:18:37.297+0000] {logging_mixin.py:188} INFO - [2024-04-13T16:18:37.297+0000] {dag.py:3096} INFO - Sync 1 DAGs
[2024-04-13T16:18:37.302+0000] {logging_mixin.py:188} INFO - [2024-04-13T16:18:37.302+0000] {dag.py:3954} INFO - Setting next_dagrun for tutorial_taskflow_api to None, run_after=None
[2024-04-13T16:18:37.309+0000] {processor.py:183} INFO - Processing /home/airflow/.local/lib/python3.12/site-packages/airflow/example_dags/tutorial_taskflow_api.py took 0.026 seconds
[2024-04-13T16:19:07.895+0000] {processor.py:161} INFO - Started process (PID=793) to work on /home/airflow/.local/lib/python3.12/site-packages/airflow/example_dags/tutorial_taskflow_api.py
[2024-04-13T16:19:07.895+0000] {processor.py:830} INFO - Processing file /home/airflow/.local/lib/python3.12/site-packages/airflow/example_dags/tutorial_taskflow_api.py for tasks to queue
[2024-04-13T16:19:07.896+0000] {logging_mixin.py:188} INFO - [2024-04-13T16:19:07.896+0000] {dagbag.py:540} INFO - Filling up the DagBag from /home/airflow/.local/lib/python3.12/site-packages/airflow/example_dags/tutorial_taskflow_api.py
[2024-04-13T16:19:07.899+0000] {processor.py:840} INFO - DAG(s) 'tutorial_taskflow_api' retrieved from /home/airflow/.local/lib/python3.12/site-packages/airflow/example_dags/tutorial_taskflow_api.py
[2024-04-13T16:19:07.907+0000] {logging_mixin.py:188} INFO - [2024-04-13T16:19:07.907+0000] {dag.py:3096} INFO - Sync 1 DAGs
[2024-04-13T16:19:07.913+0000] {logging_mixin.py:188} INFO - [2024-04-13T16:19:07.913+0000] {dag.py:3954} INFO - Setting next_dagrun for tutorial_taskflow_api to None, run_after=None
[2024-04-13T16:19:07.919+0000] {processor.py:183} INFO - Processing /home/airflow/.local/lib/python3.12/site-packages/airflow/example_dags/tutorial_taskflow_api.py took 0.028 seconds
[2024-04-13T16:19:37.958+0000] {processor.py:161} INFO - Started process (PID=851) to work on /home/airflow/.local/lib/python3.12/site-packages/airflow/example_dags/tutorial_taskflow_api.py
[2024-04-13T16:19:37.958+0000] {processor.py:830} INFO - Processing file /home/airflow/.local/lib/python3.12/site-packages/airflow/example_dags/tutorial_taskflow_api.py for tasks to queue
[2024-04-13T16:19:37.959+0000] {logging_mixin.py:188} INFO - [2024-04-13T16:19:37.959+0000] {dagbag.py:540} INFO - Filling up the DagBag from /home/airflow/.local/lib/python3.12/site-packages/airflow/example_dags/tutorial_taskflow_api.py
[2024-04-13T16:19:37.963+0000] {processor.py:840} INFO - DAG(s) 'tutorial_taskflow_api' retrieved from /home/airflow/.local/lib/python3.12/site-packages/airflow/example_dags/tutorial_taskflow_api.py
[2024-04-13T16:19:37.972+0000] {logging_mixin.py:188} INFO - [2024-04-13T16:19:37.972+0000] {dag.py:3096} INFO - Sync 1 DAGs
[2024-04-13T16:19:37.977+0000] {logging_mixin.py:188} INFO - [2024-04-13T16:19:37.977+0000] {dag.py:3954} INFO - Setting next_dagrun for tutorial_taskflow_api to None, run_after=None
[2024-04-13T16:19:37.984+0000] {processor.py:183} INFO - Processing /home/airflow/.local/lib/python3.12/site-packages/airflow/example_dags/tutorial_taskflow_api.py took 0.029 seconds
[2024-04-13T16:20:08.039+0000] {processor.py:161} INFO - Started process (PID=908) to work on /home/airflow/.local/lib/python3.12/site-packages/airflow/example_dags/tutorial_taskflow_api.py
[2024-04-13T16:20:08.039+0000] {processor.py:830} INFO - Processing file /home/airflow/.local/lib/python3.12/site-packages/airflow/example_dags/tutorial_taskflow_api.py for tasks to queue
[2024-04-13T16:20:08.040+0000] {logging_mixin.py:188} INFO - [2024-04-13T16:20:08.040+0000] {dagbag.py:540} INFO - Filling up the DagBag from /home/airflow/.local/lib/python3.12/site-packages/airflow/example_dags/tutorial_taskflow_api.py
[2024-04-13T16:20:08.043+0000] {processor.py:840} INFO - DAG(s) 'tutorial_taskflow_api' retrieved from /home/airflow/.local/lib/python3.12/site-packages/airflow/example_dags/tutorial_taskflow_api.py
[2024-04-13T16:20:08.051+0000] {logging_mixin.py:188} INFO - [2024-04-13T16:20:08.051+0000] {dag.py:3096} INFO - Sync 1 DAGs
[2024-04-13T16:20:08.055+0000] {logging_mixin.py:188} INFO - [2024-04-13T16:20:08.055+0000] {dag.py:3954} INFO - Setting next_dagrun for tutorial_taskflow_api to None, run_after=None
[2024-04-13T16:20:08.062+0000] {processor.py:183} INFO - Processing /home/airflow/.local/lib/python3.12/site-packages/airflow/example_dags/tutorial_taskflow_api.py took 0.025 seconds
[2024-04-13T16:20:38.243+0000] {processor.py:161} INFO - Started process (PID=966) to work on /home/airflow/.local/lib/python3.12/site-packages/airflow/example_dags/tutorial_taskflow_api.py
[2024-04-13T16:20:38.243+0000] {processor.py:830} INFO - Processing file /home/airflow/.local/lib/python3.12/site-packages/airflow/example_dags/tutorial_taskflow_api.py for tasks to queue
[2024-04-13T16:20:38.244+0000] {logging_mixin.py:188} INFO - [2024-04-13T16:20:38.244+0000] {dagbag.py:540} INFO - Filling up the DagBag from /home/airflow/.local/lib/python3.12/site-packages/airflow/example_dags/tutorial_taskflow_api.py
[2024-04-13T16:20:38.247+0000] {processor.py:840} INFO - DAG(s) 'tutorial_taskflow_api' retrieved from /home/airflow/.local/lib/python3.12/site-packages/airflow/example_dags/tutorial_taskflow_api.py
[2024-04-13T16:20:38.254+0000] {logging_mixin.py:188} INFO - [2024-04-13T16:20:38.254+0000] {dag.py:3096} INFO - Sync 1 DAGs
[2024-04-13T16:20:38.259+0000] {logging_mixin.py:188} INFO - [2024-04-13T16:20:38.259+0000] {dag.py:3954} INFO - Setting next_dagrun for tutorial_taskflow_api to None, run_after=None
[2024-04-13T16:20:38.266+0000] {processor.py:183} INFO - Processing /home/airflow/.local/lib/python3.12/site-packages/airflow/example_dags/tutorial_taskflow_api.py took 0.026 seconds
[2024-04-13T16:21:09.555+0000] {processor.py:161} INFO - Started process (PID=1025) to work on /home/airflow/.local/lib/python3.12/site-packages/airflow/example_dags/tutorial_taskflow_api.py
[2024-04-13T16:21:09.556+0000] {processor.py:830} INFO - Processing file /home/airflow/.local/lib/python3.12/site-packages/airflow/example_dags/tutorial_taskflow_api.py for tasks to queue
[2024-04-13T16:21:09.558+0000] {logging_mixin.py:188} INFO - [2024-04-13T16:21:09.558+0000] {dagbag.py:540} INFO - Filling up the DagBag from /home/airflow/.local/lib/python3.12/site-packages/airflow/example_dags/tutorial_taskflow_api.py
[2024-04-13T16:21:09.564+0000] {processor.py:840} INFO - DAG(s) 'tutorial_taskflow_api' retrieved from /home/airflow/.local/lib/python3.12/site-packages/airflow/example_dags/tutorial_taskflow_api.py
[2024-04-13T16:21:09.572+0000] {logging_mixin.py:188} INFO - [2024-04-13T16:21:09.572+0000] {dag.py:3096} INFO - Sync 1 DAGs
[2024-04-13T16:21:09.577+0000] {logging_mixin.py:188} INFO - [2024-04-13T16:21:09.577+0000] {dag.py:3954} INFO - Setting next_dagrun for tutorial_taskflow_api to None, run_after=None
[2024-04-13T16:21:09.584+0000] {processor.py:183} INFO - Processing /home/airflow/.local/lib/python3.12/site-packages/airflow/example_dags/tutorial_taskflow_api.py took 0.033 seconds
[2024-04-13T16:21:40.510+0000] {processor.py:161} INFO - Started process (PID=1083) to work on /home/airflow/.local/lib/python3.12/site-packages/airflow/example_dags/tutorial_taskflow_api.py
[2024-04-13T16:21:40.511+0000] {processor.py:830} INFO - Processing file /home/airflow/.local/lib/python3.12/site-packages/airflow/example_dags/tutorial_taskflow_api.py for tasks to queue
[2024-04-13T16:21:40.512+0000] {logging_mixin.py:188} INFO - [2024-04-13T16:21:40.512+0000] {dagbag.py:540} INFO - Filling up the DagBag from /home/airflow/.local/lib/python3.12/site-packages/airflow/example_dags/tutorial_taskflow_api.py
[2024-04-13T16:21:40.515+0000] {processor.py:840} INFO - DAG(s) 'tutorial_taskflow_api' retrieved from /home/airflow/.local/lib/python3.12/site-packages/airflow/example_dags/tutorial_taskflow_api.py
[2024-04-13T16:21:40.524+0000] {logging_mixin.py:188} INFO - [2024-04-13T16:21:40.524+0000] {dag.py:3096} INFO - Sync 1 DAGs
[2024-04-13T16:21:40.616+0000] {logging_mixin.py:188} INFO - [2024-04-13T16:21:40.616+0000] {dag.py:3954} INFO - Setting next_dagrun for tutorial_taskflow_api to None, run_after=None
[2024-04-13T16:21:40.623+0000] {processor.py:183} INFO - Processing /home/airflow/.local/lib/python3.12/site-packages/airflow/example_dags/tutorial_taskflow_api.py took 0.116 seconds
[2024-04-13T16:22:10.790+0000] {processor.py:161} INFO - Started process (PID=1141) to work on /home/airflow/.local/lib/python3.12/site-packages/airflow/example_dags/tutorial_taskflow_api.py
[2024-04-13T16:22:10.790+0000] {processor.py:830} INFO - Processing file /home/airflow/.local/lib/python3.12/site-packages/airflow/example_dags/tutorial_taskflow_api.py for tasks to queue
[2024-04-13T16:22:10.791+0000] {logging_mixin.py:188} INFO - [2024-04-13T16:22:10.791+0000] {dagbag.py:540} INFO - Filling up the DagBag from /home/airflow/.local/lib/python3.12/site-packages/airflow/example_dags/tutorial_taskflow_api.py
[2024-04-13T16:22:10.794+0000] {processor.py:840} INFO - DAG(s) 'tutorial_taskflow_api' retrieved from /home/airflow/.local/lib/python3.12/site-packages/airflow/example_dags/tutorial_taskflow_api.py
[2024-04-13T16:22:10.802+0000] {logging_mixin.py:188} INFO - [2024-04-13T16:22:10.802+0000] {dag.py:3096} INFO - Sync 1 DAGs
[2024-04-13T16:22:10.808+0000] {logging_mixin.py:188} INFO - [2024-04-13T16:22:10.808+0000] {dag.py:3954} INFO - Setting next_dagrun for tutorial_taskflow_api to None, run_after=None
[2024-04-13T16:22:10.815+0000] {processor.py:183} INFO - Processing /home/airflow/.local/lib/python3.12/site-packages/airflow/example_dags/tutorial_taskflow_api.py took 0.028 seconds
[2024-04-13T16:22:41.356+0000] {processor.py:161} INFO - Started process (PID=1199) to work on /home/airflow/.local/lib/python3.12/site-packages/airflow/example_dags/tutorial_taskflow_api.py
[2024-04-13T16:22:41.356+0000] {processor.py:830} INFO - Processing file /home/airflow/.local/lib/python3.12/site-packages/airflow/example_dags/tutorial_taskflow_api.py for tasks to queue
[2024-04-13T16:22:41.357+0000] {logging_mixin.py:188} INFO - [2024-04-13T16:22:41.357+0000] {dagbag.py:540} INFO - Filling up the DagBag from /home/airflow/.local/lib/python3.12/site-packages/airflow/example_dags/tutorial_taskflow_api.py
[2024-04-13T16:22:41.360+0000] {processor.py:840} INFO - DAG(s) 'tutorial_taskflow_api' retrieved from /home/airflow/.local/lib/python3.12/site-packages/airflow/example_dags/tutorial_taskflow_api.py
[2024-04-13T16:22:41.367+0000] {logging_mixin.py:188} INFO - [2024-04-13T16:22:41.367+0000] {dag.py:3096} INFO - Sync 1 DAGs
[2024-04-13T16:22:41.372+0000] {logging_mixin.py:188} INFO - [2024-04-13T16:22:41.372+0000] {dag.py:3954} INFO - Setting next_dagrun for tutorial_taskflow_api to None, run_after=None
[2024-04-13T16:22:41.380+0000] {processor.py:183} INFO - Processing /home/airflow/.local/lib/python3.12/site-packages/airflow/example_dags/tutorial_taskflow_api.py took 0.027 seconds
[2024-04-13T16:23:12.023+0000] {processor.py:161} INFO - Started process (PID=1257) to work on /home/airflow/.local/lib/python3.12/site-packages/airflow/example_dags/tutorial_taskflow_api.py
[2024-04-13T16:23:12.024+0000] {processor.py:830} INFO - Processing file /home/airflow/.local/lib/python3.12/site-packages/airflow/example_dags/tutorial_taskflow_api.py for tasks to queue
[2024-04-13T16:23:12.025+0000] {logging_mixin.py:188} INFO - [2024-04-13T16:23:12.025+0000] {dagbag.py:540} INFO - Filling up the DagBag from /home/airflow/.local/lib/python3.12/site-packages/airflow/example_dags/tutorial_taskflow_api.py
[2024-04-13T16:23:12.028+0000] {processor.py:840} INFO - DAG(s) 'tutorial_taskflow_api' retrieved from /home/airflow/.local/lib/python3.12/site-packages/airflow/example_dags/tutorial_taskflow_api.py
[2024-04-13T16:23:12.038+0000] {logging_mixin.py:188} INFO - [2024-04-13T16:23:12.038+0000] {dag.py:3096} INFO - Sync 1 DAGs
[2024-04-13T16:23:12.044+0000] {logging_mixin.py:188} INFO - [2024-04-13T16:23:12.044+0000] {dag.py:3954} INFO - Setting next_dagrun for tutorial_taskflow_api to None, run_after=None
[2024-04-13T16:23:12.052+0000] {processor.py:183} INFO - Processing /home/airflow/.local/lib/python3.12/site-packages/airflow/example_dags/tutorial_taskflow_api.py took 0.031 seconds
[2024-04-13T16:23:42.692+0000] {processor.py:161} INFO - Started process (PID=1315) to work on /home/airflow/.local/lib/python3.12/site-packages/airflow/example_dags/tutorial_taskflow_api.py
[2024-04-13T16:23:42.693+0000] {processor.py:830} INFO - Processing file /home/airflow/.local/lib/python3.12/site-packages/airflow/example_dags/tutorial_taskflow_api.py for tasks to queue
[2024-04-13T16:23:42.693+0000] {logging_mixin.py:188} INFO - [2024-04-13T16:23:42.693+0000] {dagbag.py:540} INFO - Filling up the DagBag from /home/airflow/.local/lib/python3.12/site-packages/airflow/example_dags/tutorial_taskflow_api.py
[2024-04-13T16:23:42.696+0000] {processor.py:840} INFO - DAG(s) 'tutorial_taskflow_api' retrieved from /home/airflow/.local/lib/python3.12/site-packages/airflow/example_dags/tutorial_taskflow_api.py
[2024-04-13T16:23:42.705+0000] {logging_mixin.py:188} INFO - [2024-04-13T16:23:42.705+0000] {dag.py:3096} INFO - Sync 1 DAGs
[2024-04-13T16:23:42.710+0000] {logging_mixin.py:188} INFO - [2024-04-13T16:23:42.710+0000] {dag.py:3954} INFO - Setting next_dagrun for tutorial_taskflow_api to None, run_after=None
[2024-04-13T16:23:42.717+0000] {processor.py:183} INFO - Processing /home/airflow/.local/lib/python3.12/site-packages/airflow/example_dags/tutorial_taskflow_api.py took 0.028 seconds
[2024-04-13T16:24:13.278+0000] {processor.py:161} INFO - Started process (PID=1373) to work on /home/airflow/.local/lib/python3.12/site-packages/airflow/example_dags/tutorial_taskflow_api.py
[2024-04-13T16:24:13.281+0000] {processor.py:830} INFO - Processing file /home/airflow/.local/lib/python3.12/site-packages/airflow/example_dags/tutorial_taskflow_api.py for tasks to queue
[2024-04-13T16:24:13.282+0000] {logging_mixin.py:188} INFO - [2024-04-13T16:24:13.282+0000] {dagbag.py:540} INFO - Filling up the DagBag from /home/airflow/.local/lib/python3.12/site-packages/airflow/example_dags/tutorial_taskflow_api.py
[2024-04-13T16:24:13.285+0000] {processor.py:840} INFO - DAG(s) 'tutorial_taskflow_api' retrieved from /home/airflow/.local/lib/python3.12/site-packages/airflow/example_dags/tutorial_taskflow_api.py
[2024-04-13T16:24:13.294+0000] {logging_mixin.py:188} INFO - [2024-04-13T16:24:13.294+0000] {dag.py:3096} INFO - Sync 1 DAGs
[2024-04-13T16:24:13.299+0000] {logging_mixin.py:188} INFO - [2024-04-13T16:24:13.299+0000] {dag.py:3954} INFO - Setting next_dagrun for tutorial_taskflow_api to None, run_after=None
[2024-04-13T16:24:13.306+0000] {processor.py:183} INFO - Processing /home/airflow/.local/lib/python3.12/site-packages/airflow/example_dags/tutorial_taskflow_api.py took 0.030 seconds
[2024-04-13T16:24:43.853+0000] {processor.py:161} INFO - Started process (PID=1431) to work on /home/airflow/.local/lib/python3.12/site-packages/airflow/example_dags/tutorial_taskflow_api.py
[2024-04-13T16:24:43.854+0000] {processor.py:830} INFO - Processing file /home/airflow/.local/lib/python3.12/site-packages/airflow/example_dags/tutorial_taskflow_api.py for tasks to queue
[2024-04-13T16:24:43.855+0000] {logging_mixin.py:188} INFO - [2024-04-13T16:24:43.854+0000] {dagbag.py:540} INFO - Filling up the DagBag from /home/airflow/.local/lib/python3.12/site-packages/airflow/example_dags/tutorial_taskflow_api.py
[2024-04-13T16:24:43.858+0000] {processor.py:840} INFO - DAG(s) 'tutorial_taskflow_api' retrieved from /home/airflow/.local/lib/python3.12/site-packages/airflow/example_dags/tutorial_taskflow_api.py
[2024-04-13T16:24:43.866+0000] {logging_mixin.py:188} INFO - [2024-04-13T16:24:43.866+0000] {dag.py:3096} INFO - Sync 1 DAGs
[2024-04-13T16:24:43.872+0000] {logging_mixin.py:188} INFO - [2024-04-13T16:24:43.871+0000] {dag.py:3954} INFO - Setting next_dagrun for tutorial_taskflow_api to None, run_after=None
[2024-04-13T16:24:43.879+0000] {processor.py:183} INFO - Processing /home/airflow/.local/lib/python3.12/site-packages/airflow/example_dags/tutorial_taskflow_api.py took 0.028 seconds
[2024-04-13T16:25:14.442+0000] {processor.py:161} INFO - Started process (PID=1489) to work on /home/airflow/.local/lib/python3.12/site-packages/airflow/example_dags/tutorial_taskflow_api.py
[2024-04-13T16:25:14.443+0000] {processor.py:830} INFO - Processing file /home/airflow/.local/lib/python3.12/site-packages/airflow/example_dags/tutorial_taskflow_api.py for tasks to queue
[2024-04-13T16:25:14.443+0000] {logging_mixin.py:188} INFO - [2024-04-13T16:25:14.443+0000] {dagbag.py:540} INFO - Filling up the DagBag from /home/airflow/.local/lib/python3.12/site-packages/airflow/example_dags/tutorial_taskflow_api.py
[2024-04-13T16:25:14.446+0000] {processor.py:840} INFO - DAG(s) 'tutorial_taskflow_api' retrieved from /home/airflow/.local/lib/python3.12/site-packages/airflow/example_dags/tutorial_taskflow_api.py
[2024-04-13T16:25:14.454+0000] {logging_mixin.py:188} INFO - [2024-04-13T16:25:14.454+0000] {dag.py:3096} INFO - Sync 1 DAGs
[2024-04-13T16:25:14.459+0000] {logging_mixin.py:188} INFO - [2024-04-13T16:25:14.459+0000] {dag.py:3954} INFO - Setting next_dagrun for tutorial_taskflow_api to None, run_after=None
[2024-04-13T16:25:14.466+0000] {processor.py:183} INFO - Processing /home/airflow/.local/lib/python3.12/site-packages/airflow/example_dags/tutorial_taskflow_api.py took 0.026 seconds
[2024-04-13T16:25:45.016+0000] {processor.py:161} INFO - Started process (PID=1547) to work on /home/airflow/.local/lib/python3.12/site-packages/airflow/example_dags/tutorial_taskflow_api.py
[2024-04-13T16:25:45.016+0000] {processor.py:830} INFO - Processing file /home/airflow/.local/lib/python3.12/site-packages/airflow/example_dags/tutorial_taskflow_api.py for tasks to queue
[2024-04-13T16:25:45.017+0000] {logging_mixin.py:188} INFO - [2024-04-13T16:25:45.017+0000] {dagbag.py:540} INFO - Filling up the DagBag from /home/airflow/.local/lib/python3.12/site-packages/airflow/example_dags/tutorial_taskflow_api.py
[2024-04-13T16:25:45.020+0000] {processor.py:840} INFO - DAG(s) 'tutorial_taskflow_api' retrieved from /home/airflow/.local/lib/python3.12/site-packages/airflow/example_dags/tutorial_taskflow_api.py
[2024-04-13T16:25:45.028+0000] {logging_mixin.py:188} INFO - [2024-04-13T16:25:45.028+0000] {dag.py:3096} INFO - Sync 1 DAGs
[2024-04-13T16:25:45.033+0000] {logging_mixin.py:188} INFO - [2024-04-13T16:25:45.033+0000] {dag.py:3954} INFO - Setting next_dagrun for tutorial_taskflow_api to None, run_after=None
[2024-04-13T16:25:45.041+0000] {processor.py:183} INFO - Processing /home/airflow/.local/lib/python3.12/site-packages/airflow/example_dags/tutorial_taskflow_api.py took 0.028 seconds
[2024-04-13T16:26:15.613+0000] {processor.py:161} INFO - Started process (PID=1605) to work on /home/airflow/.local/lib/python3.12/site-packages/airflow/example_dags/tutorial_taskflow_api.py
[2024-04-13T16:26:15.613+0000] {processor.py:830} INFO - Processing file /home/airflow/.local/lib/python3.12/site-packages/airflow/example_dags/tutorial_taskflow_api.py for tasks to queue
[2024-04-13T16:26:15.614+0000] {logging_mixin.py:188} INFO - [2024-04-13T16:26:15.614+0000] {dagbag.py:540} INFO - Filling up the DagBag from /home/airflow/.local/lib/python3.12/site-packages/airflow/example_dags/tutorial_taskflow_api.py
[2024-04-13T16:26:15.617+0000] {processor.py:840} INFO - DAG(s) 'tutorial_taskflow_api' retrieved from /home/airflow/.local/lib/python3.12/site-packages/airflow/example_dags/tutorial_taskflow_api.py
[2024-04-13T16:26:15.625+0000] {logging_mixin.py:188} INFO - [2024-04-13T16:26:15.625+0000] {dag.py:3096} INFO - Sync 1 DAGs
[2024-04-13T16:26:15.630+0000] {logging_mixin.py:188} INFO - [2024-04-13T16:26:15.630+0000] {dag.py:3954} INFO - Setting next_dagrun for tutorial_taskflow_api to None, run_after=None
[2024-04-13T16:26:15.638+0000] {processor.py:183} INFO - Processing /home/airflow/.local/lib/python3.12/site-packages/airflow/example_dags/tutorial_taskflow_api.py took 0.028 seconds
[2024-04-13T16:26:46.112+0000] {processor.py:161} INFO - Started process (PID=1663) to work on /home/airflow/.local/lib/python3.12/site-packages/airflow/example_dags/tutorial_taskflow_api.py
[2024-04-13T16:26:46.113+0000] {processor.py:830} INFO - Processing file /home/airflow/.local/lib/python3.12/site-packages/airflow/example_dags/tutorial_taskflow_api.py for tasks to queue
[2024-04-13T16:26:46.114+0000] {logging_mixin.py:188} INFO - [2024-04-13T16:26:46.113+0000] {dagbag.py:540} INFO - Filling up the DagBag from /home/airflow/.local/lib/python3.12/site-packages/airflow/example_dags/tutorial_taskflow_api.py
[2024-04-13T16:26:46.117+0000] {processor.py:840} INFO - DAG(s) 'tutorial_taskflow_api' retrieved from /home/airflow/.local/lib/python3.12/site-packages/airflow/example_dags/tutorial_taskflow_api.py
[2024-04-13T16:26:46.125+0000] {logging_mixin.py:188} INFO - [2024-04-13T16:26:46.125+0000] {dag.py:3096} INFO - Sync 1 DAGs
[2024-04-13T16:26:46.130+0000] {logging_mixin.py:188} INFO - [2024-04-13T16:26:46.130+0000] {dag.py:3954} INFO - Setting next_dagrun for tutorial_taskflow_api to None, run_after=None
[2024-04-13T16:26:46.137+0000] {processor.py:183} INFO - Processing /home/airflow/.local/lib/python3.12/site-packages/airflow/example_dags/tutorial_taskflow_api.py took 0.028 seconds
[2024-04-13T16:27:16.748+0000] {processor.py:161} INFO - Started process (PID=1721) to work on /home/airflow/.local/lib/python3.12/site-packages/airflow/example_dags/tutorial_taskflow_api.py
[2024-04-13T16:27:16.748+0000] {processor.py:830} INFO - Processing file /home/airflow/.local/lib/python3.12/site-packages/airflow/example_dags/tutorial_taskflow_api.py for tasks to queue
[2024-04-13T16:27:16.749+0000] {logging_mixin.py:188} INFO - [2024-04-13T16:27:16.749+0000] {dagbag.py:540} INFO - Filling up the DagBag from /home/airflow/.local/lib/python3.12/site-packages/airflow/example_dags/tutorial_taskflow_api.py
[2024-04-13T16:27:16.752+0000] {processor.py:840} INFO - DAG(s) 'tutorial_taskflow_api' retrieved from /home/airflow/.local/lib/python3.12/site-packages/airflow/example_dags/tutorial_taskflow_api.py
[2024-04-13T16:27:16.761+0000] {logging_mixin.py:188} INFO - [2024-04-13T16:27:16.761+0000] {dag.py:3096} INFO - Sync 1 DAGs
[2024-04-13T16:27:16.767+0000] {logging_mixin.py:188} INFO - [2024-04-13T16:27:16.766+0000] {dag.py:3954} INFO - Setting next_dagrun for tutorial_taskflow_api to None, run_after=None
[2024-04-13T16:27:16.774+0000] {processor.py:183} INFO - Processing /home/airflow/.local/lib/python3.12/site-packages/airflow/example_dags/tutorial_taskflow_api.py took 0.029 seconds
[2024-04-13T16:27:47.588+0000] {processor.py:161} INFO - Started process (PID=1779) to work on /home/airflow/.local/lib/python3.12/site-packages/airflow/example_dags/tutorial_taskflow_api.py
[2024-04-13T16:27:47.589+0000] {processor.py:830} INFO - Processing file /home/airflow/.local/lib/python3.12/site-packages/airflow/example_dags/tutorial_taskflow_api.py for tasks to queue
[2024-04-13T16:27:47.590+0000] {logging_mixin.py:188} INFO - [2024-04-13T16:27:47.590+0000] {dagbag.py:540} INFO - Filling up the DagBag from /home/airflow/.local/lib/python3.12/site-packages/airflow/example_dags/tutorial_taskflow_api.py
[2024-04-13T16:27:47.593+0000] {processor.py:840} INFO - DAG(s) 'tutorial_taskflow_api' retrieved from /home/airflow/.local/lib/python3.12/site-packages/airflow/example_dags/tutorial_taskflow_api.py
[2024-04-13T16:27:47.601+0000] {logging_mixin.py:188} INFO - [2024-04-13T16:27:47.601+0000] {dag.py:3096} INFO - Sync 1 DAGs
[2024-04-13T16:27:47.607+0000] {logging_mixin.py:188} INFO - [2024-04-13T16:27:47.606+0000] {dag.py:3954} INFO - Setting next_dagrun for tutorial_taskflow_api to None, run_after=None
[2024-04-13T16:27:47.613+0000] {processor.py:183} INFO - Processing /home/airflow/.local/lib/python3.12/site-packages/airflow/example_dags/tutorial_taskflow_api.py took 0.028 seconds
[2024-04-13T16:28:18.191+0000] {processor.py:161} INFO - Started process (PID=1844) to work on /home/airflow/.local/lib/python3.12/site-packages/airflow/example_dags/tutorial_taskflow_api.py
[2024-04-13T16:28:18.191+0000] {processor.py:830} INFO - Processing file /home/airflow/.local/lib/python3.12/site-packages/airflow/example_dags/tutorial_taskflow_api.py for tasks to queue
[2024-04-13T16:28:18.192+0000] {logging_mixin.py:188} INFO - [2024-04-13T16:28:18.192+0000] {dagbag.py:540} INFO - Filling up the DagBag from /home/airflow/.local/lib/python3.12/site-packages/airflow/example_dags/tutorial_taskflow_api.py
[2024-04-13T16:28:18.195+0000] {processor.py:840} INFO - DAG(s) 'tutorial_taskflow_api' retrieved from /home/airflow/.local/lib/python3.12/site-packages/airflow/example_dags/tutorial_taskflow_api.py
[2024-04-13T16:28:18.203+0000] {logging_mixin.py:188} INFO - [2024-04-13T16:28:18.203+0000] {dag.py:3096} INFO - Sync 1 DAGs
[2024-04-13T16:28:18.209+0000] {logging_mixin.py:188} INFO - [2024-04-13T16:28:18.209+0000] {dag.py:3954} INFO - Setting next_dagrun for tutorial_taskflow_api to None, run_after=None
[2024-04-13T16:28:18.216+0000] {processor.py:183} INFO - Processing /home/airflow/.local/lib/python3.12/site-packages/airflow/example_dags/tutorial_taskflow_api.py took 0.027 seconds
[2024-04-13T16:28:48.879+0000] {processor.py:161} INFO - Started process (PID=1902) to work on /home/airflow/.local/lib/python3.12/site-packages/airflow/example_dags/tutorial_taskflow_api.py
[2024-04-13T16:28:48.879+0000] {processor.py:830} INFO - Processing file /home/airflow/.local/lib/python3.12/site-packages/airflow/example_dags/tutorial_taskflow_api.py for tasks to queue
[2024-04-13T16:28:48.881+0000] {logging_mixin.py:188} INFO - [2024-04-13T16:28:48.881+0000] {dagbag.py:540} INFO - Filling up the DagBag from /home/airflow/.local/lib/python3.12/site-packages/airflow/example_dags/tutorial_taskflow_api.py
[2024-04-13T16:28:48.885+0000] {processor.py:840} INFO - DAG(s) 'tutorial_taskflow_api' retrieved from /home/airflow/.local/lib/python3.12/site-packages/airflow/example_dags/tutorial_taskflow_api.py
[2024-04-13T16:28:48.897+0000] {logging_mixin.py:188} INFO - [2024-04-13T16:28:48.897+0000] {dag.py:3096} INFO - Sync 1 DAGs
[2024-04-13T16:28:48.902+0000] {logging_mixin.py:188} INFO - [2024-04-13T16:28:48.902+0000] {dag.py:3954} INFO - Setting next_dagrun for tutorial_taskflow_api to None, run_after=None
[2024-04-13T16:28:48.910+0000] {processor.py:183} INFO - Processing /home/airflow/.local/lib/python3.12/site-packages/airflow/example_dags/tutorial_taskflow_api.py took 0.034 seconds
[2024-04-13T16:29:19.475+0000] {processor.py:161} INFO - Started process (PID=1960) to work on /home/airflow/.local/lib/python3.12/site-packages/airflow/example_dags/tutorial_taskflow_api.py
[2024-04-13T16:29:19.476+0000] {processor.py:830} INFO - Processing file /home/airflow/.local/lib/python3.12/site-packages/airflow/example_dags/tutorial_taskflow_api.py for tasks to queue
[2024-04-13T16:29:19.477+0000] {logging_mixin.py:188} INFO - [2024-04-13T16:29:19.477+0000] {dagbag.py:540} INFO - Filling up the DagBag from /home/airflow/.local/lib/python3.12/site-packages/airflow/example_dags/tutorial_taskflow_api.py
[2024-04-13T16:29:19.479+0000] {processor.py:840} INFO - DAG(s) 'tutorial_taskflow_api' retrieved from /home/airflow/.local/lib/python3.12/site-packages/airflow/example_dags/tutorial_taskflow_api.py
[2024-04-13T16:29:19.488+0000] {logging_mixin.py:188} INFO - [2024-04-13T16:29:19.488+0000] {dag.py:3096} INFO - Sync 1 DAGs
[2024-04-13T16:29:19.493+0000] {logging_mixin.py:188} INFO - [2024-04-13T16:29:19.493+0000] {dag.py:3954} INFO - Setting next_dagrun for tutorial_taskflow_api to None, run_after=None
[2024-04-13T16:29:19.500+0000] {processor.py:183} INFO - Processing /home/airflow/.local/lib/python3.12/site-packages/airflow/example_dags/tutorial_taskflow_api.py took 0.027 seconds
[2024-04-13T16:29:50.116+0000] {processor.py:161} INFO - Started process (PID=2018) to work on /home/airflow/.local/lib/python3.12/site-packages/airflow/example_dags/tutorial_taskflow_api.py
[2024-04-13T16:29:50.117+0000] {processor.py:830} INFO - Processing file /home/airflow/.local/lib/python3.12/site-packages/airflow/example_dags/tutorial_taskflow_api.py for tasks to queue
[2024-04-13T16:29:50.118+0000] {logging_mixin.py:188} INFO - [2024-04-13T16:29:50.118+0000] {dagbag.py:540} INFO - Filling up the DagBag from /home/airflow/.local/lib/python3.12/site-packages/airflow/example_dags/tutorial_taskflow_api.py
[2024-04-13T16:29:50.121+0000] {processor.py:840} INFO - DAG(s) 'tutorial_taskflow_api' retrieved from /home/airflow/.local/lib/python3.12/site-packages/airflow/example_dags/tutorial_taskflow_api.py
[2024-04-13T16:29:50.130+0000] {logging_mixin.py:188} INFO - [2024-04-13T16:29:50.129+0000] {dag.py:3096} INFO - Sync 1 DAGs
[2024-04-13T16:29:50.136+0000] {logging_mixin.py:188} INFO - [2024-04-13T16:29:50.136+0000] {dag.py:3954} INFO - Setting next_dagrun for tutorial_taskflow_api to None, run_after=None
[2024-04-13T16:29:50.143+0000] {processor.py:183} INFO - Processing /home/airflow/.local/lib/python3.12/site-packages/airflow/example_dags/tutorial_taskflow_api.py took 0.030 seconds
[2024-04-13T16:30:20.757+0000] {processor.py:161} INFO - Started process (PID=2076) to work on /home/airflow/.local/lib/python3.12/site-packages/airflow/example_dags/tutorial_taskflow_api.py
[2024-04-13T16:30:20.758+0000] {processor.py:830} INFO - Processing file /home/airflow/.local/lib/python3.12/site-packages/airflow/example_dags/tutorial_taskflow_api.py for tasks to queue
[2024-04-13T16:30:20.758+0000] {logging_mixin.py:188} INFO - [2024-04-13T16:30:20.758+0000] {dagbag.py:540} INFO - Filling up the DagBag from /home/airflow/.local/lib/python3.12/site-packages/airflow/example_dags/tutorial_taskflow_api.py
[2024-04-13T16:30:20.761+0000] {processor.py:840} INFO - DAG(s) 'tutorial_taskflow_api' retrieved from /home/airflow/.local/lib/python3.12/site-packages/airflow/example_dags/tutorial_taskflow_api.py
[2024-04-13T16:30:20.770+0000] {logging_mixin.py:188} INFO - [2024-04-13T16:30:20.770+0000] {dag.py:3096} INFO - Sync 1 DAGs
[2024-04-13T16:30:20.775+0000] {logging_mixin.py:188} INFO - [2024-04-13T16:30:20.775+0000] {dag.py:3954} INFO - Setting next_dagrun for tutorial_taskflow_api to None, run_after=None
[2024-04-13T16:30:20.782+0000] {processor.py:183} INFO - Processing /home/airflow/.local/lib/python3.12/site-packages/airflow/example_dags/tutorial_taskflow_api.py took 0.027 seconds
[2024-04-13T16:30:51.380+0000] {processor.py:161} INFO - Started process (PID=2134) to work on /home/airflow/.local/lib/python3.12/site-packages/airflow/example_dags/tutorial_taskflow_api.py
[2024-04-13T16:30:51.380+0000] {processor.py:830} INFO - Processing file /home/airflow/.local/lib/python3.12/site-packages/airflow/example_dags/tutorial_taskflow_api.py for tasks to queue
[2024-04-13T16:30:51.381+0000] {logging_mixin.py:188} INFO - [2024-04-13T16:30:51.381+0000] {dagbag.py:540} INFO - Filling up the DagBag from /home/airflow/.local/lib/python3.12/site-packages/airflow/example_dags/tutorial_taskflow_api.py
[2024-04-13T16:30:51.384+0000] {processor.py:840} INFO - DAG(s) 'tutorial_taskflow_api' retrieved from /home/airflow/.local/lib/python3.12/site-packages/airflow/example_dags/tutorial_taskflow_api.py
[2024-04-13T16:30:51.393+0000] {logging_mixin.py:188} INFO - [2024-04-13T16:30:51.393+0000] {dag.py:3096} INFO - Sync 1 DAGs
[2024-04-13T16:30:51.398+0000] {logging_mixin.py:188} INFO - [2024-04-13T16:30:51.398+0000] {dag.py:3954} INFO - Setting next_dagrun for tutorial_taskflow_api to None, run_after=None
[2024-04-13T16:30:51.405+0000] {processor.py:183} INFO - Processing /home/airflow/.local/lib/python3.12/site-packages/airflow/example_dags/tutorial_taskflow_api.py took 0.028 seconds
[2024-04-13T16:31:21.992+0000] {processor.py:161} INFO - Started process (PID=2192) to work on /home/airflow/.local/lib/python3.12/site-packages/airflow/example_dags/tutorial_taskflow_api.py
[2024-04-13T16:31:21.992+0000] {processor.py:830} INFO - Processing file /home/airflow/.local/lib/python3.12/site-packages/airflow/example_dags/tutorial_taskflow_api.py for tasks to queue
[2024-04-13T16:31:21.993+0000] {logging_mixin.py:188} INFO - [2024-04-13T16:31:21.993+0000] {dagbag.py:540} INFO - Filling up the DagBag from /home/airflow/.local/lib/python3.12/site-packages/airflow/example_dags/tutorial_taskflow_api.py
[2024-04-13T16:31:21.996+0000] {processor.py:840} INFO - DAG(s) 'tutorial_taskflow_api' retrieved from /home/airflow/.local/lib/python3.12/site-packages/airflow/example_dags/tutorial_taskflow_api.py
[2024-04-13T16:31:22.005+0000] {logging_mixin.py:188} INFO - [2024-04-13T16:31:22.004+0000] {dag.py:3096} INFO - Sync 1 DAGs
[2024-04-13T16:31:22.010+0000] {logging_mixin.py:188} INFO - [2024-04-13T16:31:22.010+0000] {dag.py:3954} INFO - Setting next_dagrun for tutorial_taskflow_api to None, run_after=None
[2024-04-13T16:31:22.017+0000] {processor.py:183} INFO - Processing /home/airflow/.local/lib/python3.12/site-packages/airflow/example_dags/tutorial_taskflow_api.py took 0.027 seconds
[2024-04-13T16:31:52.600+0000] {processor.py:161} INFO - Started process (PID=2250) to work on /home/airflow/.local/lib/python3.12/site-packages/airflow/example_dags/tutorial_taskflow_api.py
[2024-04-13T16:31:52.600+0000] {processor.py:830} INFO - Processing file /home/airflow/.local/lib/python3.12/site-packages/airflow/example_dags/tutorial_taskflow_api.py for tasks to queue
[2024-04-13T16:31:52.601+0000] {logging_mixin.py:188} INFO - [2024-04-13T16:31:52.601+0000] {dagbag.py:540} INFO - Filling up the DagBag from /home/airflow/.local/lib/python3.12/site-packages/airflow/example_dags/tutorial_taskflow_api.py
[2024-04-13T16:31:52.604+0000] {processor.py:840} INFO - DAG(s) 'tutorial_taskflow_api' retrieved from /home/airflow/.local/lib/python3.12/site-packages/airflow/example_dags/tutorial_taskflow_api.py
[2024-04-13T16:31:52.613+0000] {logging_mixin.py:188} INFO - [2024-04-13T16:31:52.612+0000] {dag.py:3096} INFO - Sync 1 DAGs
[2024-04-13T16:31:52.618+0000] {logging_mixin.py:188} INFO - [2024-04-13T16:31:52.618+0000] {dag.py:3954} INFO - Setting next_dagrun for tutorial_taskflow_api to None, run_after=None
[2024-04-13T16:31:52.625+0000] {processor.py:183} INFO - Processing /home/airflow/.local/lib/python3.12/site-packages/airflow/example_dags/tutorial_taskflow_api.py took 0.028 seconds
[2024-04-13T16:32:23.048+0000] {processor.py:161} INFO - Started process (PID=2307) to work on /home/airflow/.local/lib/python3.12/site-packages/airflow/example_dags/tutorial_taskflow_api.py
[2024-04-13T16:32:23.048+0000] {processor.py:830} INFO - Processing file /home/airflow/.local/lib/python3.12/site-packages/airflow/example_dags/tutorial_taskflow_api.py for tasks to queue
[2024-04-13T16:32:23.049+0000] {logging_mixin.py:188} INFO - [2024-04-13T16:32:23.049+0000] {dagbag.py:540} INFO - Filling up the DagBag from /home/airflow/.local/lib/python3.12/site-packages/airflow/example_dags/tutorial_taskflow_api.py
[2024-04-13T16:32:23.052+0000] {processor.py:840} INFO - DAG(s) 'tutorial_taskflow_api' retrieved from /home/airflow/.local/lib/python3.12/site-packages/airflow/example_dags/tutorial_taskflow_api.py
[2024-04-13T16:32:23.060+0000] {logging_mixin.py:188} INFO - [2024-04-13T16:32:23.060+0000] {dag.py:3096} INFO - Sync 1 DAGs
[2024-04-13T16:32:23.066+0000] {logging_mixin.py:188} INFO - [2024-04-13T16:32:23.065+0000] {dag.py:3954} INFO - Setting next_dagrun for tutorial_taskflow_api to None, run_after=None
[2024-04-13T16:32:23.073+0000] {processor.py:183} INFO - Processing /home/airflow/.local/lib/python3.12/site-packages/airflow/example_dags/tutorial_taskflow_api.py took 0.027 seconds
[2024-04-13T16:32:53.741+0000] {processor.py:161} INFO - Started process (PID=2365) to work on /home/airflow/.local/lib/python3.12/site-packages/airflow/example_dags/tutorial_taskflow_api.py
[2024-04-13T16:32:53.741+0000] {processor.py:830} INFO - Processing file /home/airflow/.local/lib/python3.12/site-packages/airflow/example_dags/tutorial_taskflow_api.py for tasks to queue
[2024-04-13T16:32:53.742+0000] {logging_mixin.py:188} INFO - [2024-04-13T16:32:53.742+0000] {dagbag.py:540} INFO - Filling up the DagBag from /home/airflow/.local/lib/python3.12/site-packages/airflow/example_dags/tutorial_taskflow_api.py
[2024-04-13T16:32:53.745+0000] {processor.py:840} INFO - DAG(s) 'tutorial_taskflow_api' retrieved from /home/airflow/.local/lib/python3.12/site-packages/airflow/example_dags/tutorial_taskflow_api.py
[2024-04-13T16:32:53.753+0000] {logging_mixin.py:188} INFO - [2024-04-13T16:32:53.753+0000] {dag.py:3096} INFO - Sync 1 DAGs
[2024-04-13T16:32:53.758+0000] {logging_mixin.py:188} INFO - [2024-04-13T16:32:53.758+0000] {dag.py:3954} INFO - Setting next_dagrun for tutorial_taskflow_api to None, run_after=None
[2024-04-13T16:32:53.765+0000] {processor.py:183} INFO - Processing /home/airflow/.local/lib/python3.12/site-packages/airflow/example_dags/tutorial_taskflow_api.py took 0.027 seconds
[2024-04-13T16:33:24.326+0000] {processor.py:161} INFO - Started process (PID=2423) to work on /home/airflow/.local/lib/python3.12/site-packages/airflow/example_dags/tutorial_taskflow_api.py
[2024-04-13T16:33:24.326+0000] {processor.py:830} INFO - Processing file /home/airflow/.local/lib/python3.12/site-packages/airflow/example_dags/tutorial_taskflow_api.py for tasks to queue
[2024-04-13T16:33:24.327+0000] {logging_mixin.py:188} INFO - [2024-04-13T16:33:24.327+0000] {dagbag.py:540} INFO - Filling up the DagBag from /home/airflow/.local/lib/python3.12/site-packages/airflow/example_dags/tutorial_taskflow_api.py
[2024-04-13T16:33:24.330+0000] {processor.py:840} INFO - DAG(s) 'tutorial_taskflow_api' retrieved from /home/airflow/.local/lib/python3.12/site-packages/airflow/example_dags/tutorial_taskflow_api.py
[2024-04-13T16:33:24.338+0000] {logging_mixin.py:188} INFO - [2024-04-13T16:33:24.338+0000] {dag.py:3096} INFO - Sync 1 DAGs
[2024-04-13T16:33:24.344+0000] {logging_mixin.py:188} INFO - [2024-04-13T16:33:24.344+0000] {dag.py:3954} INFO - Setting next_dagrun for tutorial_taskflow_api to None, run_after=None
[2024-04-13T16:33:24.351+0000] {processor.py:183} INFO - Processing /home/airflow/.local/lib/python3.12/site-packages/airflow/example_dags/tutorial_taskflow_api.py took 0.027 seconds
[2024-04-13T16:33:54.980+0000] {processor.py:161} INFO - Started process (PID=2481) to work on /home/airflow/.local/lib/python3.12/site-packages/airflow/example_dags/tutorial_taskflow_api.py
[2024-04-13T16:33:54.981+0000] {processor.py:830} INFO - Processing file /home/airflow/.local/lib/python3.12/site-packages/airflow/example_dags/tutorial_taskflow_api.py for tasks to queue
[2024-04-13T16:33:54.982+0000] {logging_mixin.py:188} INFO - [2024-04-13T16:33:54.982+0000] {dagbag.py:540} INFO - Filling up the DagBag from /home/airflow/.local/lib/python3.12/site-packages/airflow/example_dags/tutorial_taskflow_api.py
[2024-04-13T16:33:54.985+0000] {processor.py:840} INFO - DAG(s) 'tutorial_taskflow_api' retrieved from /home/airflow/.local/lib/python3.12/site-packages/airflow/example_dags/tutorial_taskflow_api.py
[2024-04-13T16:33:54.993+0000] {logging_mixin.py:188} INFO - [2024-04-13T16:33:54.993+0000] {dag.py:3096} INFO - Sync 1 DAGs
[2024-04-13T16:33:54.998+0000] {logging_mixin.py:188} INFO - [2024-04-13T16:33:54.998+0000] {dag.py:3954} INFO - Setting next_dagrun for tutorial_taskflow_api to None, run_after=None
[2024-04-13T16:33:55.005+0000] {processor.py:183} INFO - Processing /home/airflow/.local/lib/python3.12/site-packages/airflow/example_dags/tutorial_taskflow_api.py took 0.028 seconds
[2024-04-13T16:34:25.618+0000] {processor.py:161} INFO - Started process (PID=2539) to work on /home/airflow/.local/lib/python3.12/site-packages/airflow/example_dags/tutorial_taskflow_api.py
[2024-04-13T16:34:25.619+0000] {processor.py:830} INFO - Processing file /home/airflow/.local/lib/python3.12/site-packages/airflow/example_dags/tutorial_taskflow_api.py for tasks to queue
[2024-04-13T16:34:25.620+0000] {logging_mixin.py:188} INFO - [2024-04-13T16:34:25.619+0000] {dagbag.py:540} INFO - Filling up the DagBag from /home/airflow/.local/lib/python3.12/site-packages/airflow/example_dags/tutorial_taskflow_api.py
[2024-04-13T16:34:25.623+0000] {processor.py:840} INFO - DAG(s) 'tutorial_taskflow_api' retrieved from /home/airflow/.local/lib/python3.12/site-packages/airflow/example_dags/tutorial_taskflow_api.py
[2024-04-13T16:34:25.632+0000] {logging_mixin.py:188} INFO - [2024-04-13T16:34:25.631+0000] {dag.py:3096} INFO - Sync 1 DAGs
[2024-04-13T16:34:25.637+0000] {logging_mixin.py:188} INFO - [2024-04-13T16:34:25.637+0000] {dag.py:3954} INFO - Setting next_dagrun for tutorial_taskflow_api to None, run_after=None
[2024-04-13T16:34:25.645+0000] {processor.py:183} INFO - Processing /home/airflow/.local/lib/python3.12/site-packages/airflow/example_dags/tutorial_taskflow_api.py took 0.029 seconds
[2024-04-13T16:34:56.086+0000] {processor.py:161} INFO - Started process (PID=2597) to work on /home/airflow/.local/lib/python3.12/site-packages/airflow/example_dags/tutorial_taskflow_api.py
[2024-04-13T16:34:56.086+0000] {processor.py:830} INFO - Processing file /home/airflow/.local/lib/python3.12/site-packages/airflow/example_dags/tutorial_taskflow_api.py for tasks to queue
[2024-04-13T16:34:56.088+0000] {logging_mixin.py:188} INFO - [2024-04-13T16:34:56.087+0000] {dagbag.py:540} INFO - Filling up the DagBag from /home/airflow/.local/lib/python3.12/site-packages/airflow/example_dags/tutorial_taskflow_api.py
[2024-04-13T16:34:56.093+0000] {processor.py:840} INFO - DAG(s) 'tutorial_taskflow_api' retrieved from /home/airflow/.local/lib/python3.12/site-packages/airflow/example_dags/tutorial_taskflow_api.py
[2024-04-13T16:34:56.105+0000] {logging_mixin.py:188} INFO - [2024-04-13T16:34:56.105+0000] {dag.py:3096} INFO - Sync 1 DAGs
[2024-04-13T16:34:56.110+0000] {logging_mixin.py:188} INFO - [2024-04-13T16:34:56.110+0000] {dag.py:3954} INFO - Setting next_dagrun for tutorial_taskflow_api to None, run_after=None
[2024-04-13T16:34:56.117+0000] {processor.py:183} INFO - Processing /home/airflow/.local/lib/python3.12/site-packages/airflow/example_dags/tutorial_taskflow_api.py took 0.034 seconds
[2024-04-13T16:35:26.754+0000] {processor.py:161} INFO - Started process (PID=2655) to work on /home/airflow/.local/lib/python3.12/site-packages/airflow/example_dags/tutorial_taskflow_api.py
[2024-04-13T16:35:26.754+0000] {processor.py:830} INFO - Processing file /home/airflow/.local/lib/python3.12/site-packages/airflow/example_dags/tutorial_taskflow_api.py for tasks to queue
[2024-04-13T16:35:26.755+0000] {logging_mixin.py:188} INFO - [2024-04-13T16:35:26.755+0000] {dagbag.py:540} INFO - Filling up the DagBag from /home/airflow/.local/lib/python3.12/site-packages/airflow/example_dags/tutorial_taskflow_api.py
[2024-04-13T16:35:26.758+0000] {processor.py:840} INFO - DAG(s) 'tutorial_taskflow_api' retrieved from /home/airflow/.local/lib/python3.12/site-packages/airflow/example_dags/tutorial_taskflow_api.py
[2024-04-13T16:35:26.766+0000] {logging_mixin.py:188} INFO - [2024-04-13T16:35:26.766+0000] {dag.py:3096} INFO - Sync 1 DAGs
[2024-04-13T16:35:26.772+0000] {logging_mixin.py:188} INFO - [2024-04-13T16:35:26.772+0000] {dag.py:3954} INFO - Setting next_dagrun for tutorial_taskflow_api to None, run_after=None
[2024-04-13T16:35:26.779+0000] {processor.py:183} INFO - Processing /home/airflow/.local/lib/python3.12/site-packages/airflow/example_dags/tutorial_taskflow_api.py took 0.027 seconds
[2024-04-13T16:35:57.361+0000] {processor.py:161} INFO - Started process (PID=2713) to work on /home/airflow/.local/lib/python3.12/site-packages/airflow/example_dags/tutorial_taskflow_api.py
[2024-04-13T16:35:57.361+0000] {processor.py:830} INFO - Processing file /home/airflow/.local/lib/python3.12/site-packages/airflow/example_dags/tutorial_taskflow_api.py for tasks to queue
[2024-04-13T16:35:57.362+0000] {logging_mixin.py:188} INFO - [2024-04-13T16:35:57.362+0000] {dagbag.py:540} INFO - Filling up the DagBag from /home/airflow/.local/lib/python3.12/site-packages/airflow/example_dags/tutorial_taskflow_api.py
[2024-04-13T16:35:57.365+0000] {processor.py:840} INFO - DAG(s) 'tutorial_taskflow_api' retrieved from /home/airflow/.local/lib/python3.12/site-packages/airflow/example_dags/tutorial_taskflow_api.py
[2024-04-13T16:35:57.374+0000] {logging_mixin.py:188} INFO - [2024-04-13T16:35:57.374+0000] {dag.py:3096} INFO - Sync 1 DAGs
[2024-04-13T16:35:57.379+0000] {logging_mixin.py:188} INFO - [2024-04-13T16:35:57.379+0000] {dag.py:3954} INFO - Setting next_dagrun for tutorial_taskflow_api to None, run_after=None
[2024-04-13T16:35:57.385+0000] {processor.py:183} INFO - Processing /home/airflow/.local/lib/python3.12/site-packages/airflow/example_dags/tutorial_taskflow_api.py took 0.027 seconds
[2024-04-13T16:36:28.015+0000] {processor.py:161} INFO - Started process (PID=2771) to work on /home/airflow/.local/lib/python3.12/site-packages/airflow/example_dags/tutorial_taskflow_api.py
[2024-04-13T16:36:28.016+0000] {processor.py:830} INFO - Processing file /home/airflow/.local/lib/python3.12/site-packages/airflow/example_dags/tutorial_taskflow_api.py for tasks to queue
[2024-04-13T16:36:28.017+0000] {logging_mixin.py:188} INFO - [2024-04-13T16:36:28.017+0000] {dagbag.py:540} INFO - Filling up the DagBag from /home/airflow/.local/lib/python3.12/site-packages/airflow/example_dags/tutorial_taskflow_api.py
[2024-04-13T16:36:28.019+0000] {processor.py:840} INFO - DAG(s) 'tutorial_taskflow_api' retrieved from /home/airflow/.local/lib/python3.12/site-packages/airflow/example_dags/tutorial_taskflow_api.py
[2024-04-13T16:36:28.028+0000] {logging_mixin.py:188} INFO - [2024-04-13T16:36:28.028+0000] {dag.py:3096} INFO - Sync 1 DAGs
[2024-04-13T16:36:28.033+0000] {logging_mixin.py:188} INFO - [2024-04-13T16:36:28.033+0000] {dag.py:3954} INFO - Setting next_dagrun for tutorial_taskflow_api to None, run_after=None
[2024-04-13T16:36:28.041+0000] {processor.py:183} INFO - Processing /home/airflow/.local/lib/python3.12/site-packages/airflow/example_dags/tutorial_taskflow_api.py took 0.028 seconds
[2024-04-13T16:36:58.614+0000] {processor.py:161} INFO - Started process (PID=2828) to work on /home/airflow/.local/lib/python3.12/site-packages/airflow/example_dags/tutorial_taskflow_api.py
[2024-04-13T16:36:58.614+0000] {processor.py:830} INFO - Processing file /home/airflow/.local/lib/python3.12/site-packages/airflow/example_dags/tutorial_taskflow_api.py for tasks to queue
[2024-04-13T16:36:58.615+0000] {logging_mixin.py:188} INFO - [2024-04-13T16:36:58.615+0000] {dagbag.py:540} INFO - Filling up the DagBag from /home/airflow/.local/lib/python3.12/site-packages/airflow/example_dags/tutorial_taskflow_api.py
[2024-04-13T16:36:58.618+0000] {processor.py:840} INFO - DAG(s) 'tutorial_taskflow_api' retrieved from /home/airflow/.local/lib/python3.12/site-packages/airflow/example_dags/tutorial_taskflow_api.py
[2024-04-13T16:36:58.627+0000] {logging_mixin.py:188} INFO - [2024-04-13T16:36:58.627+0000] {dag.py:3096} INFO - Sync 1 DAGs
[2024-04-13T16:36:58.633+0000] {logging_mixin.py:188} INFO - [2024-04-13T16:36:58.633+0000] {dag.py:3954} INFO - Setting next_dagrun for tutorial_taskflow_api to None, run_after=None
[2024-04-13T16:36:58.640+0000] {processor.py:183} INFO - Processing /home/airflow/.local/lib/python3.12/site-packages/airflow/example_dags/tutorial_taskflow_api.py took 0.029 seconds
[2024-04-13T16:37:29.133+0000] {processor.py:161} INFO - Started process (PID=2886) to work on /home/airflow/.local/lib/python3.12/site-packages/airflow/example_dags/tutorial_taskflow_api.py
[2024-04-13T16:37:29.133+0000] {processor.py:830} INFO - Processing file /home/airflow/.local/lib/python3.12/site-packages/airflow/example_dags/tutorial_taskflow_api.py for tasks to queue
[2024-04-13T16:37:29.134+0000] {logging_mixin.py:188} INFO - [2024-04-13T16:37:29.134+0000] {dagbag.py:540} INFO - Filling up the DagBag from /home/airflow/.local/lib/python3.12/site-packages/airflow/example_dags/tutorial_taskflow_api.py
[2024-04-13T16:37:29.138+0000] {processor.py:840} INFO - DAG(s) 'tutorial_taskflow_api' retrieved from /home/airflow/.local/lib/python3.12/site-packages/airflow/example_dags/tutorial_taskflow_api.py
[2024-04-13T16:37:29.148+0000] {logging_mixin.py:188} INFO - [2024-04-13T16:37:29.148+0000] {dag.py:3096} INFO - Sync 1 DAGs
[2024-04-13T16:37:29.154+0000] {logging_mixin.py:188} INFO - [2024-04-13T16:37:29.154+0000] {dag.py:3954} INFO - Setting next_dagrun for tutorial_taskflow_api to None, run_after=None
[2024-04-13T16:37:29.162+0000] {processor.py:183} INFO - Processing /home/airflow/.local/lib/python3.12/site-packages/airflow/example_dags/tutorial_taskflow_api.py took 0.032 seconds
[2024-04-13T16:38:00.588+0000] {processor.py:161} INFO - Started process (PID=2944) to work on /home/airflow/.local/lib/python3.12/site-packages/airflow/example_dags/tutorial_taskflow_api.py
[2024-04-13T16:38:00.590+0000] {processor.py:830} INFO - Processing file /home/airflow/.local/lib/python3.12/site-packages/airflow/example_dags/tutorial_taskflow_api.py for tasks to queue
[2024-04-13T16:38:00.596+0000] {logging_mixin.py:188} INFO - [2024-04-13T16:38:00.595+0000] {dagbag.py:540} INFO - Filling up the DagBag from /home/airflow/.local/lib/python3.12/site-packages/airflow/example_dags/tutorial_taskflow_api.py
[2024-04-13T16:38:00.610+0000] {processor.py:840} INFO - DAG(s) 'tutorial_taskflow_api' retrieved from /home/airflow/.local/lib/python3.12/site-packages/airflow/example_dags/tutorial_taskflow_api.py
[2024-04-13T16:38:00.669+0000] {logging_mixin.py:188} INFO - [2024-04-13T16:38:00.668+0000] {dag.py:3096} INFO - Sync 1 DAGs
[2024-04-13T16:38:00.683+0000] {logging_mixin.py:188} INFO - [2024-04-13T16:38:00.683+0000] {dag.py:3954} INFO - Setting next_dagrun for tutorial_taskflow_api to None, run_after=None
[2024-04-13T16:38:00.721+0000] {processor.py:183} INFO - Processing /home/airflow/.local/lib/python3.12/site-packages/airflow/example_dags/tutorial_taskflow_api.py took 0.140 seconds
[2024-04-13T16:38:30.759+0000] {processor.py:161} INFO - Started process (PID=3002) to work on /home/airflow/.local/lib/python3.12/site-packages/airflow/example_dags/tutorial_taskflow_api.py
[2024-04-13T16:38:30.759+0000] {processor.py:830} INFO - Processing file /home/airflow/.local/lib/python3.12/site-packages/airflow/example_dags/tutorial_taskflow_api.py for tasks to queue
[2024-04-13T16:38:30.760+0000] {logging_mixin.py:188} INFO - [2024-04-13T16:38:30.760+0000] {dagbag.py:540} INFO - Filling up the DagBag from /home/airflow/.local/lib/python3.12/site-packages/airflow/example_dags/tutorial_taskflow_api.py
[2024-04-13T16:38:30.763+0000] {processor.py:840} INFO - DAG(s) 'tutorial_taskflow_api' retrieved from /home/airflow/.local/lib/python3.12/site-packages/airflow/example_dags/tutorial_taskflow_api.py
[2024-04-13T16:38:30.774+0000] {logging_mixin.py:188} INFO - [2024-04-13T16:38:30.773+0000] {dag.py:3096} INFO - Sync 1 DAGs
[2024-04-13T16:38:30.779+0000] {logging_mixin.py:188} INFO - [2024-04-13T16:38:30.779+0000] {dag.py:3954} INFO - Setting next_dagrun for tutorial_taskflow_api to None, run_after=None
[2024-04-13T16:38:30.787+0000] {processor.py:183} INFO - Processing /home/airflow/.local/lib/python3.12/site-packages/airflow/example_dags/tutorial_taskflow_api.py took 0.032 seconds
[2024-04-13T16:39:01.137+0000] {processor.py:161} INFO - Started process (PID=3060) to work on /home/airflow/.local/lib/python3.12/site-packages/airflow/example_dags/tutorial_taskflow_api.py
[2024-04-13T16:39:01.138+0000] {processor.py:830} INFO - Processing file /home/airflow/.local/lib/python3.12/site-packages/airflow/example_dags/tutorial_taskflow_api.py for tasks to queue
[2024-04-13T16:39:01.138+0000] {logging_mixin.py:188} INFO - [2024-04-13T16:39:01.138+0000] {dagbag.py:540} INFO - Filling up the DagBag from /home/airflow/.local/lib/python3.12/site-packages/airflow/example_dags/tutorial_taskflow_api.py
[2024-04-13T16:39:01.141+0000] {processor.py:840} INFO - DAG(s) 'tutorial_taskflow_api' retrieved from /home/airflow/.local/lib/python3.12/site-packages/airflow/example_dags/tutorial_taskflow_api.py
[2024-04-13T16:39:01.149+0000] {logging_mixin.py:188} INFO - [2024-04-13T16:39:01.149+0000] {dag.py:3096} INFO - Sync 1 DAGs
[2024-04-13T16:39:01.154+0000] {logging_mixin.py:188} INFO - [2024-04-13T16:39:01.154+0000] {dag.py:3954} INFO - Setting next_dagrun for tutorial_taskflow_api to None, run_after=None
[2024-04-13T16:39:01.160+0000] {processor.py:183} INFO - Processing /home/airflow/.local/lib/python3.12/site-packages/airflow/example_dags/tutorial_taskflow_api.py took 0.026 seconds
[2024-04-13T16:39:31.691+0000] {processor.py:161} INFO - Started process (PID=3117) to work on /home/airflow/.local/lib/python3.12/site-packages/airflow/example_dags/tutorial_taskflow_api.py
[2024-04-13T16:39:31.691+0000] {processor.py:830} INFO - Processing file /home/airflow/.local/lib/python3.12/site-packages/airflow/example_dags/tutorial_taskflow_api.py for tasks to queue
[2024-04-13T16:39:31.692+0000] {logging_mixin.py:188} INFO - [2024-04-13T16:39:31.692+0000] {dagbag.py:540} INFO - Filling up the DagBag from /home/airflow/.local/lib/python3.12/site-packages/airflow/example_dags/tutorial_taskflow_api.py
[2024-04-13T16:39:31.695+0000] {processor.py:840} INFO - DAG(s) 'tutorial_taskflow_api' retrieved from /home/airflow/.local/lib/python3.12/site-packages/airflow/example_dags/tutorial_taskflow_api.py
[2024-04-13T16:39:31.703+0000] {logging_mixin.py:188} INFO - [2024-04-13T16:39:31.703+0000] {dag.py:3096} INFO - Sync 1 DAGs
[2024-04-13T16:39:31.707+0000] {logging_mixin.py:188} INFO - [2024-04-13T16:39:31.707+0000] {dag.py:3954} INFO - Setting next_dagrun for tutorial_taskflow_api to None, run_after=None
[2024-04-13T16:39:31.714+0000] {processor.py:183} INFO - Processing /home/airflow/.local/lib/python3.12/site-packages/airflow/example_dags/tutorial_taskflow_api.py took 0.026 seconds
[2024-04-13T16:40:02.205+0000] {processor.py:161} INFO - Started process (PID=3175) to work on /home/airflow/.local/lib/python3.12/site-packages/airflow/example_dags/tutorial_taskflow_api.py
[2024-04-13T16:40:02.205+0000] {processor.py:830} INFO - Processing file /home/airflow/.local/lib/python3.12/site-packages/airflow/example_dags/tutorial_taskflow_api.py for tasks to queue
[2024-04-13T16:40:02.206+0000] {logging_mixin.py:188} INFO - [2024-04-13T16:40:02.206+0000] {dagbag.py:540} INFO - Filling up the DagBag from /home/airflow/.local/lib/python3.12/site-packages/airflow/example_dags/tutorial_taskflow_api.py
[2024-04-13T16:40:02.209+0000] {processor.py:840} INFO - DAG(s) 'tutorial_taskflow_api' retrieved from /home/airflow/.local/lib/python3.12/site-packages/airflow/example_dags/tutorial_taskflow_api.py
[2024-04-13T16:40:02.217+0000] {logging_mixin.py:188} INFO - [2024-04-13T16:40:02.217+0000] {dag.py:3096} INFO - Sync 1 DAGs
[2024-04-13T16:40:02.222+0000] {logging_mixin.py:188} INFO - [2024-04-13T16:40:02.222+0000] {dag.py:3954} INFO - Setting next_dagrun for tutorial_taskflow_api to None, run_after=None
[2024-04-13T16:40:02.228+0000] {processor.py:183} INFO - Processing /home/airflow/.local/lib/python3.12/site-packages/airflow/example_dags/tutorial_taskflow_api.py took 0.026 seconds
[2024-04-13T16:40:32.710+0000] {processor.py:161} INFO - Started process (PID=3233) to work on /home/airflow/.local/lib/python3.12/site-packages/airflow/example_dags/tutorial_taskflow_api.py
[2024-04-13T16:40:32.711+0000] {processor.py:830} INFO - Processing file /home/airflow/.local/lib/python3.12/site-packages/airflow/example_dags/tutorial_taskflow_api.py for tasks to queue
[2024-04-13T16:40:32.711+0000] {logging_mixin.py:188} INFO - [2024-04-13T16:40:32.711+0000] {dagbag.py:540} INFO - Filling up the DagBag from /home/airflow/.local/lib/python3.12/site-packages/airflow/example_dags/tutorial_taskflow_api.py
[2024-04-13T16:40:32.714+0000] {processor.py:840} INFO - DAG(s) 'tutorial_taskflow_api' retrieved from /home/airflow/.local/lib/python3.12/site-packages/airflow/example_dags/tutorial_taskflow_api.py
[2024-04-13T16:40:32.723+0000] {logging_mixin.py:188} INFO - [2024-04-13T16:40:32.723+0000] {dag.py:3096} INFO - Sync 1 DAGs
[2024-04-13T16:40:32.727+0000] {logging_mixin.py:188} INFO - [2024-04-13T16:40:32.727+0000] {dag.py:3954} INFO - Setting next_dagrun for tutorial_taskflow_api to None, run_after=None
[2024-04-13T16:40:32.734+0000] {processor.py:183} INFO - Processing /home/airflow/.local/lib/python3.12/site-packages/airflow/example_dags/tutorial_taskflow_api.py took 0.027 seconds
[2024-04-13T16:41:03.282+0000] {processor.py:161} INFO - Started process (PID=3291) to work on /home/airflow/.local/lib/python3.12/site-packages/airflow/example_dags/tutorial_taskflow_api.py
[2024-04-13T16:41:03.283+0000] {processor.py:830} INFO - Processing file /home/airflow/.local/lib/python3.12/site-packages/airflow/example_dags/tutorial_taskflow_api.py for tasks to queue
[2024-04-13T16:41:03.284+0000] {logging_mixin.py:188} INFO - [2024-04-13T16:41:03.283+0000] {dagbag.py:540} INFO - Filling up the DagBag from /home/airflow/.local/lib/python3.12/site-packages/airflow/example_dags/tutorial_taskflow_api.py
[2024-04-13T16:41:03.287+0000] {processor.py:840} INFO - DAG(s) 'tutorial_taskflow_api' retrieved from /home/airflow/.local/lib/python3.12/site-packages/airflow/example_dags/tutorial_taskflow_api.py
[2024-04-13T16:41:03.295+0000] {logging_mixin.py:188} INFO - [2024-04-13T16:41:03.295+0000] {dag.py:3096} INFO - Sync 1 DAGs
[2024-04-13T16:41:03.300+0000] {logging_mixin.py:188} INFO - [2024-04-13T16:41:03.300+0000] {dag.py:3954} INFO - Setting next_dagrun for tutorial_taskflow_api to None, run_after=None
[2024-04-13T16:41:03.306+0000] {processor.py:183} INFO - Processing /home/airflow/.local/lib/python3.12/site-packages/airflow/example_dags/tutorial_taskflow_api.py took 0.027 seconds
