[2024-04-13T16:12:30.838+0000] {processor.py:161} INFO - Started process (PID=44) to work on /home/airflow/.local/lib/python3.12/site-packages/airflow/example_dags/tutorial_dag.py
[2024-04-13T16:12:30.840+0000] {processor.py:830} INFO - Processing file /home/airflow/.local/lib/python3.12/site-packages/airflow/example_dags/tutorial_dag.py for tasks to queue
[2024-04-13T16:12:30.842+0000] {logging_mixin.py:188} INFO - [2024-04-13T16:12:30.842+0000] {dagbag.py:540} INFO - Filling up the DagBag from /home/airflow/.local/lib/python3.12/site-packages/airflow/example_dags/tutorial_dag.py
[2024-04-13T16:12:30.848+0000] {processor.py:840} INFO - DAG(s) 'tutorial_dag' retrieved from /home/airflow/.local/lib/python3.12/site-packages/airflow/example_dags/tutorial_dag.py
[2024-04-13T16:12:30.860+0000] {logging_mixin.py:188} INFO - [2024-04-13T16:12:30.860+0000] {dag.py:3096} INFO - Sync 1 DAGs
[2024-04-13T16:12:30.872+0000] {logging_mixin.py:188} INFO - [2024-04-13T16:12:30.872+0000] {dag.py:3954} INFO - Setting next_dagrun for tutorial_dag to None, run_after=None
[2024-04-13T16:12:30.903+0000] {processor.py:183} INFO - Processing /home/airflow/.local/lib/python3.12/site-packages/airflow/example_dags/tutorial_dag.py took 0.069 seconds
[2024-04-13T16:13:01.605+0000] {processor.py:161} INFO - Started process (PID=102) to work on /home/airflow/.local/lib/python3.12/site-packages/airflow/example_dags/tutorial_dag.py
[2024-04-13T16:13:01.606+0000] {processor.py:830} INFO - Processing file /home/airflow/.local/lib/python3.12/site-packages/airflow/example_dags/tutorial_dag.py for tasks to queue
[2024-04-13T16:13:01.607+0000] {logging_mixin.py:188} INFO - [2024-04-13T16:13:01.607+0000] {dagbag.py:540} INFO - Filling up the DagBag from /home/airflow/.local/lib/python3.12/site-packages/airflow/example_dags/tutorial_dag.py
[2024-04-13T16:13:01.609+0000] {processor.py:840} INFO - DAG(s) 'tutorial_dag' retrieved from /home/airflow/.local/lib/python3.12/site-packages/airflow/example_dags/tutorial_dag.py
[2024-04-13T16:13:01.647+0000] {logging_mixin.py:188} INFO - [2024-04-13T16:13:01.647+0000] {dag.py:3096} INFO - Sync 1 DAGs
[2024-04-13T16:13:01.651+0000] {logging_mixin.py:188} INFO - [2024-04-13T16:13:01.651+0000] {dag.py:3954} INFO - Setting next_dagrun for tutorial_dag to None, run_after=None
[2024-04-13T16:13:01.658+0000] {processor.py:183} INFO - Processing /home/airflow/.local/lib/python3.12/site-packages/airflow/example_dags/tutorial_dag.py took 0.055 seconds
[2024-04-13T16:13:31.776+0000] {processor.py:161} INFO - Started process (PID=160) to work on /home/airflow/.local/lib/python3.12/site-packages/airflow/example_dags/tutorial_dag.py
[2024-04-13T16:13:31.777+0000] {processor.py:830} INFO - Processing file /home/airflow/.local/lib/python3.12/site-packages/airflow/example_dags/tutorial_dag.py for tasks to queue
[2024-04-13T16:13:31.778+0000] {logging_mixin.py:188} INFO - [2024-04-13T16:13:31.777+0000] {dagbag.py:540} INFO - Filling up the DagBag from /home/airflow/.local/lib/python3.12/site-packages/airflow/example_dags/tutorial_dag.py
[2024-04-13T16:13:31.780+0000] {processor.py:840} INFO - DAG(s) 'tutorial_dag' retrieved from /home/airflow/.local/lib/python3.12/site-packages/airflow/example_dags/tutorial_dag.py
[2024-04-13T16:13:31.788+0000] {logging_mixin.py:188} INFO - [2024-04-13T16:13:31.788+0000] {dag.py:3096} INFO - Sync 1 DAGs
[2024-04-13T16:13:31.792+0000] {logging_mixin.py:188} INFO - [2024-04-13T16:13:31.792+0000] {dag.py:3954} INFO - Setting next_dagrun for tutorial_dag to None, run_after=None
[2024-04-13T16:13:31.799+0000] {processor.py:183} INFO - Processing /home/airflow/.local/lib/python3.12/site-packages/airflow/example_dags/tutorial_dag.py took 0.025 seconds
[2024-04-13T16:14:02.244+0000] {processor.py:161} INFO - Started process (PID=218) to work on /home/airflow/.local/lib/python3.12/site-packages/airflow/example_dags/tutorial_dag.py
[2024-04-13T16:14:02.244+0000] {processor.py:830} INFO - Processing file /home/airflow/.local/lib/python3.12/site-packages/airflow/example_dags/tutorial_dag.py for tasks to queue
[2024-04-13T16:14:02.245+0000] {logging_mixin.py:188} INFO - [2024-04-13T16:14:02.245+0000] {dagbag.py:540} INFO - Filling up the DagBag from /home/airflow/.local/lib/python3.12/site-packages/airflow/example_dags/tutorial_dag.py
[2024-04-13T16:14:02.247+0000] {processor.py:840} INFO - DAG(s) 'tutorial_dag' retrieved from /home/airflow/.local/lib/python3.12/site-packages/airflow/example_dags/tutorial_dag.py
[2024-04-13T16:14:02.254+0000] {logging_mixin.py:188} INFO - [2024-04-13T16:14:02.254+0000] {dag.py:3096} INFO - Sync 1 DAGs
[2024-04-13T16:14:02.259+0000] {logging_mixin.py:188} INFO - [2024-04-13T16:14:02.259+0000] {dag.py:3954} INFO - Setting next_dagrun for tutorial_dag to None, run_after=None
[2024-04-13T16:14:02.265+0000] {processor.py:183} INFO - Processing /home/airflow/.local/lib/python3.12/site-packages/airflow/example_dags/tutorial_dag.py took 0.024 seconds
[2024-04-13T16:14:32.682+0000] {processor.py:161} INFO - Started process (PID=276) to work on /home/airflow/.local/lib/python3.12/site-packages/airflow/example_dags/tutorial_dag.py
[2024-04-13T16:14:32.683+0000] {processor.py:830} INFO - Processing file /home/airflow/.local/lib/python3.12/site-packages/airflow/example_dags/tutorial_dag.py for tasks to queue
[2024-04-13T16:14:32.684+0000] {logging_mixin.py:188} INFO - [2024-04-13T16:14:32.684+0000] {dagbag.py:540} INFO - Filling up the DagBag from /home/airflow/.local/lib/python3.12/site-packages/airflow/example_dags/tutorial_dag.py
[2024-04-13T16:14:32.686+0000] {processor.py:840} INFO - DAG(s) 'tutorial_dag' retrieved from /home/airflow/.local/lib/python3.12/site-packages/airflow/example_dags/tutorial_dag.py
[2024-04-13T16:14:32.693+0000] {logging_mixin.py:188} INFO - [2024-04-13T16:14:32.693+0000] {dag.py:3096} INFO - Sync 1 DAGs
[2024-04-13T16:14:32.698+0000] {logging_mixin.py:188} INFO - [2024-04-13T16:14:32.698+0000] {dag.py:3954} INFO - Setting next_dagrun for tutorial_dag to None, run_after=None
[2024-04-13T16:14:32.705+0000] {processor.py:183} INFO - Processing /home/airflow/.local/lib/python3.12/site-packages/airflow/example_dags/tutorial_dag.py took 0.025 seconds
[2024-04-13T16:15:03.267+0000] {processor.py:161} INFO - Started process (PID=334) to work on /home/airflow/.local/lib/python3.12/site-packages/airflow/example_dags/tutorial_dag.py
[2024-04-13T16:15:03.268+0000] {processor.py:830} INFO - Processing file /home/airflow/.local/lib/python3.12/site-packages/airflow/example_dags/tutorial_dag.py for tasks to queue
[2024-04-13T16:15:03.268+0000] {logging_mixin.py:188} INFO - [2024-04-13T16:15:03.268+0000] {dagbag.py:540} INFO - Filling up the DagBag from /home/airflow/.local/lib/python3.12/site-packages/airflow/example_dags/tutorial_dag.py
[2024-04-13T16:15:03.271+0000] {processor.py:840} INFO - DAG(s) 'tutorial_dag' retrieved from /home/airflow/.local/lib/python3.12/site-packages/airflow/example_dags/tutorial_dag.py
[2024-04-13T16:15:03.278+0000] {logging_mixin.py:188} INFO - [2024-04-13T16:15:03.278+0000] {dag.py:3096} INFO - Sync 1 DAGs
[2024-04-13T16:15:03.283+0000] {logging_mixin.py:188} INFO - [2024-04-13T16:15:03.283+0000] {dag.py:3954} INFO - Setting next_dagrun for tutorial_dag to None, run_after=None
[2024-04-13T16:15:03.290+0000] {processor.py:183} INFO - Processing /home/airflow/.local/lib/python3.12/site-packages/airflow/example_dags/tutorial_dag.py took 0.025 seconds
[2024-04-13T16:15:33.730+0000] {processor.py:161} INFO - Started process (PID=392) to work on /home/airflow/.local/lib/python3.12/site-packages/airflow/example_dags/tutorial_dag.py
[2024-04-13T16:15:33.730+0000] {processor.py:830} INFO - Processing file /home/airflow/.local/lib/python3.12/site-packages/airflow/example_dags/tutorial_dag.py for tasks to queue
[2024-04-13T16:15:33.731+0000] {logging_mixin.py:188} INFO - [2024-04-13T16:15:33.731+0000] {dagbag.py:540} INFO - Filling up the DagBag from /home/airflow/.local/lib/python3.12/site-packages/airflow/example_dags/tutorial_dag.py
[2024-04-13T16:15:33.733+0000] {processor.py:840} INFO - DAG(s) 'tutorial_dag' retrieved from /home/airflow/.local/lib/python3.12/site-packages/airflow/example_dags/tutorial_dag.py
[2024-04-13T16:15:33.741+0000] {logging_mixin.py:188} INFO - [2024-04-13T16:15:33.741+0000] {dag.py:3096} INFO - Sync 1 DAGs
[2024-04-13T16:15:33.745+0000] {logging_mixin.py:188} INFO - [2024-04-13T16:15:33.745+0000] {dag.py:3954} INFO - Setting next_dagrun for tutorial_dag to None, run_after=None
[2024-04-13T16:15:33.752+0000] {processor.py:183} INFO - Processing /home/airflow/.local/lib/python3.12/site-packages/airflow/example_dags/tutorial_dag.py took 0.025 seconds
[2024-04-13T16:16:04.280+0000] {processor.py:161} INFO - Started process (PID=450) to work on /home/airflow/.local/lib/python3.12/site-packages/airflow/example_dags/tutorial_dag.py
[2024-04-13T16:16:04.280+0000] {processor.py:830} INFO - Processing file /home/airflow/.local/lib/python3.12/site-packages/airflow/example_dags/tutorial_dag.py for tasks to queue
[2024-04-13T16:16:04.281+0000] {logging_mixin.py:188} INFO - [2024-04-13T16:16:04.281+0000] {dagbag.py:540} INFO - Filling up the DagBag from /home/airflow/.local/lib/python3.12/site-packages/airflow/example_dags/tutorial_dag.py
[2024-04-13T16:16:04.283+0000] {processor.py:840} INFO - DAG(s) 'tutorial_dag' retrieved from /home/airflow/.local/lib/python3.12/site-packages/airflow/example_dags/tutorial_dag.py
[2024-04-13T16:16:04.292+0000] {logging_mixin.py:188} INFO - [2024-04-13T16:16:04.292+0000] {dag.py:3096} INFO - Sync 1 DAGs
[2024-04-13T16:16:04.298+0000] {logging_mixin.py:188} INFO - [2024-04-13T16:16:04.298+0000] {dag.py:3954} INFO - Setting next_dagrun for tutorial_dag to None, run_after=None
[2024-04-13T16:16:04.305+0000] {processor.py:183} INFO - Processing /home/airflow/.local/lib/python3.12/site-packages/airflow/example_dags/tutorial_dag.py took 0.028 seconds
[2024-04-13T16:16:34.858+0000] {processor.py:161} INFO - Started process (PID=508) to work on /home/airflow/.local/lib/python3.12/site-packages/airflow/example_dags/tutorial_dag.py
[2024-04-13T16:16:34.859+0000] {processor.py:830} INFO - Processing file /home/airflow/.local/lib/python3.12/site-packages/airflow/example_dags/tutorial_dag.py for tasks to queue
[2024-04-13T16:16:34.859+0000] {logging_mixin.py:188} INFO - [2024-04-13T16:16:34.859+0000] {dagbag.py:540} INFO - Filling up the DagBag from /home/airflow/.local/lib/python3.12/site-packages/airflow/example_dags/tutorial_dag.py
[2024-04-13T16:16:34.862+0000] {processor.py:840} INFO - DAG(s) 'tutorial_dag' retrieved from /home/airflow/.local/lib/python3.12/site-packages/airflow/example_dags/tutorial_dag.py
[2024-04-13T16:16:34.873+0000] {logging_mixin.py:188} INFO - [2024-04-13T16:16:34.873+0000] {dag.py:3096} INFO - Sync 1 DAGs
[2024-04-13T16:16:34.878+0000] {logging_mixin.py:188} INFO - [2024-04-13T16:16:34.878+0000] {dag.py:3954} INFO - Setting next_dagrun for tutorial_dag to None, run_after=None
[2024-04-13T16:16:34.885+0000] {processor.py:183} INFO - Processing /home/airflow/.local/lib/python3.12/site-packages/airflow/example_dags/tutorial_dag.py took 0.029 seconds
[2024-04-13T16:17:05.519+0000] {processor.py:161} INFO - Started process (PID=566) to work on /home/airflow/.local/lib/python3.12/site-packages/airflow/example_dags/tutorial_dag.py
[2024-04-13T16:17:05.520+0000] {processor.py:830} INFO - Processing file /home/airflow/.local/lib/python3.12/site-packages/airflow/example_dags/tutorial_dag.py for tasks to queue
[2024-04-13T16:17:05.520+0000] {logging_mixin.py:188} INFO - [2024-04-13T16:17:05.520+0000] {dagbag.py:540} INFO - Filling up the DagBag from /home/airflow/.local/lib/python3.12/site-packages/airflow/example_dags/tutorial_dag.py
[2024-04-13T16:17:05.522+0000] {processor.py:840} INFO - DAG(s) 'tutorial_dag' retrieved from /home/airflow/.local/lib/python3.12/site-packages/airflow/example_dags/tutorial_dag.py
[2024-04-13T16:17:05.530+0000] {logging_mixin.py:188} INFO - [2024-04-13T16:17:05.530+0000] {dag.py:3096} INFO - Sync 1 DAGs
[2024-04-13T16:17:05.535+0000] {logging_mixin.py:188} INFO - [2024-04-13T16:17:05.535+0000] {dag.py:3954} INFO - Setting next_dagrun for tutorial_dag to None, run_after=None
[2024-04-13T16:17:05.542+0000] {processor.py:183} INFO - Processing /home/airflow/.local/lib/python3.12/site-packages/airflow/example_dags/tutorial_dag.py took 0.025 seconds
[2024-04-13T16:17:36.104+0000] {processor.py:161} INFO - Started process (PID=624) to work on /home/airflow/.local/lib/python3.12/site-packages/airflow/example_dags/tutorial_dag.py
[2024-04-13T16:17:36.104+0000] {processor.py:830} INFO - Processing file /home/airflow/.local/lib/python3.12/site-packages/airflow/example_dags/tutorial_dag.py for tasks to queue
[2024-04-13T16:17:36.105+0000] {logging_mixin.py:188} INFO - [2024-04-13T16:17:36.105+0000] {dagbag.py:540} INFO - Filling up the DagBag from /home/airflow/.local/lib/python3.12/site-packages/airflow/example_dags/tutorial_dag.py
[2024-04-13T16:17:36.107+0000] {processor.py:840} INFO - DAG(s) 'tutorial_dag' retrieved from /home/airflow/.local/lib/python3.12/site-packages/airflow/example_dags/tutorial_dag.py
[2024-04-13T16:17:36.117+0000] {logging_mixin.py:188} INFO - [2024-04-13T16:17:36.117+0000] {dag.py:3096} INFO - Sync 1 DAGs
[2024-04-13T16:17:36.122+0000] {logging_mixin.py:188} INFO - [2024-04-13T16:17:36.122+0000] {dag.py:3954} INFO - Setting next_dagrun for tutorial_dag to None, run_after=None
[2024-04-13T16:17:36.130+0000] {processor.py:183} INFO - Processing /home/airflow/.local/lib/python3.12/site-packages/airflow/example_dags/tutorial_dag.py took 0.028 seconds
[2024-04-13T16:18:06.750+0000] {processor.py:161} INFO - Started process (PID=682) to work on /home/airflow/.local/lib/python3.12/site-packages/airflow/example_dags/tutorial_dag.py
[2024-04-13T16:18:06.751+0000] {processor.py:830} INFO - Processing file /home/airflow/.local/lib/python3.12/site-packages/airflow/example_dags/tutorial_dag.py for tasks to queue
[2024-04-13T16:18:06.751+0000] {logging_mixin.py:188} INFO - [2024-04-13T16:18:06.751+0000] {dagbag.py:540} INFO - Filling up the DagBag from /home/airflow/.local/lib/python3.12/site-packages/airflow/example_dags/tutorial_dag.py
[2024-04-13T16:18:06.754+0000] {processor.py:840} INFO - DAG(s) 'tutorial_dag' retrieved from /home/airflow/.local/lib/python3.12/site-packages/airflow/example_dags/tutorial_dag.py
[2024-04-13T16:18:06.763+0000] {logging_mixin.py:188} INFO - [2024-04-13T16:18:06.762+0000] {dag.py:3096} INFO - Sync 1 DAGs
[2024-04-13T16:18:06.768+0000] {logging_mixin.py:188} INFO - [2024-04-13T16:18:06.768+0000] {dag.py:3954} INFO - Setting next_dagrun for tutorial_dag to None, run_after=None
[2024-04-13T16:18:06.775+0000] {processor.py:183} INFO - Processing /home/airflow/.local/lib/python3.12/site-packages/airflow/example_dags/tutorial_dag.py took 0.027 seconds
[2024-04-13T16:18:37.485+0000] {processor.py:161} INFO - Started process (PID=740) to work on /home/airflow/.local/lib/python3.12/site-packages/airflow/example_dags/tutorial_dag.py
[2024-04-13T16:18:37.486+0000] {processor.py:830} INFO - Processing file /home/airflow/.local/lib/python3.12/site-packages/airflow/example_dags/tutorial_dag.py for tasks to queue
[2024-04-13T16:18:37.487+0000] {logging_mixin.py:188} INFO - [2024-04-13T16:18:37.486+0000] {dagbag.py:540} INFO - Filling up the DagBag from /home/airflow/.local/lib/python3.12/site-packages/airflow/example_dags/tutorial_dag.py
[2024-04-13T16:18:37.489+0000] {processor.py:840} INFO - DAG(s) 'tutorial_dag' retrieved from /home/airflow/.local/lib/python3.12/site-packages/airflow/example_dags/tutorial_dag.py
[2024-04-13T16:18:37.497+0000] {logging_mixin.py:188} INFO - [2024-04-13T16:18:37.497+0000] {dag.py:3096} INFO - Sync 1 DAGs
[2024-04-13T16:18:37.502+0000] {logging_mixin.py:188} INFO - [2024-04-13T16:18:37.502+0000] {dag.py:3954} INFO - Setting next_dagrun for tutorial_dag to None, run_after=None
[2024-04-13T16:18:37.509+0000] {processor.py:183} INFO - Processing /home/airflow/.local/lib/python3.12/site-packages/airflow/example_dags/tutorial_dag.py took 0.026 seconds
[2024-04-13T16:19:08.019+0000] {processor.py:161} INFO - Started process (PID=797) to work on /home/airflow/.local/lib/python3.12/site-packages/airflow/example_dags/tutorial_dag.py
[2024-04-13T16:19:08.019+0000] {processor.py:830} INFO - Processing file /home/airflow/.local/lib/python3.12/site-packages/airflow/example_dags/tutorial_dag.py for tasks to queue
[2024-04-13T16:19:08.021+0000] {logging_mixin.py:188} INFO - [2024-04-13T16:19:08.020+0000] {dagbag.py:540} INFO - Filling up the DagBag from /home/airflow/.local/lib/python3.12/site-packages/airflow/example_dags/tutorial_dag.py
[2024-04-13T16:19:08.023+0000] {processor.py:840} INFO - DAG(s) 'tutorial_dag' retrieved from /home/airflow/.local/lib/python3.12/site-packages/airflow/example_dags/tutorial_dag.py
[2024-04-13T16:19:08.037+0000] {logging_mixin.py:188} INFO - [2024-04-13T16:19:08.037+0000] {dag.py:3096} INFO - Sync 1 DAGs
[2024-04-13T16:19:08.042+0000] {logging_mixin.py:188} INFO - [2024-04-13T16:19:08.042+0000] {dag.py:3954} INFO - Setting next_dagrun for tutorial_dag to None, run_after=None
[2024-04-13T16:19:08.049+0000] {processor.py:183} INFO - Processing /home/airflow/.local/lib/python3.12/site-packages/airflow/example_dags/tutorial_dag.py took 0.033 seconds
