[2024-04-13T16:12:31.030+0000] {processor.py:161} INFO - Started process (PID=48) to work on /home/airflow/.local/lib/python3.12/site-packages/airflow/example_dags/tutorial.py
[2024-04-13T16:12:31.031+0000] {processor.py:830} INFO - Processing file /home/airflow/.local/lib/python3.12/site-packages/airflow/example_dags/tutorial.py for tasks to queue
[2024-04-13T16:12:31.033+0000] {logging_mixin.py:188} INFO - [2024-04-13T16:12:31.033+0000] {dagbag.py:540} INFO - Filling up the DagBag from /home/airflow/.local/lib/python3.12/site-packages/airflow/example_dags/tutorial.py
[2024-04-13T16:12:31.043+0000] {processor.py:840} INFO - DAG(s) 'tutorial' retrieved from /home/airflow/.local/lib/python3.12/site-packages/airflow/example_dags/tutorial.py
[2024-04-13T16:12:31.055+0000] {logging_mixin.py:188} INFO - [2024-04-13T16:12:31.054+0000] {dag.py:3096} INFO - Sync 1 DAGs
[2024-04-13T16:12:31.072+0000] {logging_mixin.py:188} INFO - [2024-04-13T16:12:31.072+0000] {dag.py:3954} INFO - Setting next_dagrun for tutorial to 2024-04-12 00:00:00+00:00, run_after=2024-04-13 00:00:00+00:00
[2024-04-13T16:12:31.087+0000] {processor.py:183} INFO - Processing /home/airflow/.local/lib/python3.12/site-packages/airflow/example_dags/tutorial.py took 0.063 seconds
[2024-04-13T16:13:01.806+0000] {processor.py:161} INFO - Started process (PID=106) to work on /home/airflow/.local/lib/python3.12/site-packages/airflow/example_dags/tutorial.py
[2024-04-13T16:13:01.807+0000] {processor.py:830} INFO - Processing file /home/airflow/.local/lib/python3.12/site-packages/airflow/example_dags/tutorial.py for tasks to queue
[2024-04-13T16:13:01.808+0000] {logging_mixin.py:188} INFO - [2024-04-13T16:13:01.807+0000] {dagbag.py:540} INFO - Filling up the DagBag from /home/airflow/.local/lib/python3.12/site-packages/airflow/example_dags/tutorial.py
[2024-04-13T16:13:01.810+0000] {processor.py:840} INFO - DAG(s) 'tutorial' retrieved from /home/airflow/.local/lib/python3.12/site-packages/airflow/example_dags/tutorial.py
[2024-04-13T16:13:01.854+0000] {logging_mixin.py:188} INFO - [2024-04-13T16:13:01.854+0000] {dag.py:3096} INFO - Sync 1 DAGs
[2024-04-13T16:13:01.861+0000] {logging_mixin.py:188} INFO - [2024-04-13T16:13:01.861+0000] {dag.py:3954} INFO - Setting next_dagrun for tutorial to 2024-04-12 00:00:00+00:00, run_after=2024-04-13 00:00:00+00:00
[2024-04-13T16:13:01.877+0000] {processor.py:183} INFO - Processing /home/airflow/.local/lib/python3.12/site-packages/airflow/example_dags/tutorial.py took 0.073 seconds
[2024-04-13T16:13:31.890+0000] {processor.py:161} INFO - Started process (PID=164) to work on /home/airflow/.local/lib/python3.12/site-packages/airflow/example_dags/tutorial.py
[2024-04-13T16:13:31.891+0000] {processor.py:830} INFO - Processing file /home/airflow/.local/lib/python3.12/site-packages/airflow/example_dags/tutorial.py for tasks to queue
[2024-04-13T16:13:31.892+0000] {logging_mixin.py:188} INFO - [2024-04-13T16:13:31.891+0000] {dagbag.py:540} INFO - Filling up the DagBag from /home/airflow/.local/lib/python3.12/site-packages/airflow/example_dags/tutorial.py
[2024-04-13T16:13:31.894+0000] {processor.py:840} INFO - DAG(s) 'tutorial' retrieved from /home/airflow/.local/lib/python3.12/site-packages/airflow/example_dags/tutorial.py
[2024-04-13T16:13:31.902+0000] {logging_mixin.py:188} INFO - [2024-04-13T16:13:31.902+0000] {dag.py:3096} INFO - Sync 1 DAGs
[2024-04-13T16:13:31.909+0000] {logging_mixin.py:188} INFO - [2024-04-13T16:13:31.909+0000] {dag.py:3954} INFO - Setting next_dagrun for tutorial to 2024-04-12 00:00:00+00:00, run_after=2024-04-13 00:00:00+00:00
[2024-04-13T16:13:31.916+0000] {processor.py:183} INFO - Processing /home/airflow/.local/lib/python3.12/site-packages/airflow/example_dags/tutorial.py took 0.028 seconds
[2024-04-13T16:14:02.359+0000] {processor.py:161} INFO - Started process (PID=222) to work on /home/airflow/.local/lib/python3.12/site-packages/airflow/example_dags/tutorial.py
[2024-04-13T16:14:02.360+0000] {processor.py:830} INFO - Processing file /home/airflow/.local/lib/python3.12/site-packages/airflow/example_dags/tutorial.py for tasks to queue
[2024-04-13T16:14:02.361+0000] {logging_mixin.py:188} INFO - [2024-04-13T16:14:02.361+0000] {dagbag.py:540} INFO - Filling up the DagBag from /home/airflow/.local/lib/python3.12/site-packages/airflow/example_dags/tutorial.py
[2024-04-13T16:14:02.364+0000] {processor.py:840} INFO - DAG(s) 'tutorial' retrieved from /home/airflow/.local/lib/python3.12/site-packages/airflow/example_dags/tutorial.py
[2024-04-13T16:14:02.372+0000] {logging_mixin.py:188} INFO - [2024-04-13T16:14:02.372+0000] {dag.py:3096} INFO - Sync 1 DAGs
[2024-04-13T16:14:02.381+0000] {logging_mixin.py:188} INFO - [2024-04-13T16:14:02.381+0000] {dag.py:3954} INFO - Setting next_dagrun for tutorial to 2024-04-12 00:00:00+00:00, run_after=2024-04-13 00:00:00+00:00
[2024-04-13T16:14:02.389+0000] {processor.py:183} INFO - Processing /home/airflow/.local/lib/python3.12/site-packages/airflow/example_dags/tutorial.py took 0.033 seconds
[2024-04-13T16:14:32.763+0000] {processor.py:161} INFO - Started process (PID=280) to work on /home/airflow/.local/lib/python3.12/site-packages/airflow/example_dags/tutorial.py
[2024-04-13T16:14:32.763+0000] {processor.py:830} INFO - Processing file /home/airflow/.local/lib/python3.12/site-packages/airflow/example_dags/tutorial.py for tasks to queue
[2024-04-13T16:14:32.764+0000] {logging_mixin.py:188} INFO - [2024-04-13T16:14:32.764+0000] {dagbag.py:540} INFO - Filling up the DagBag from /home/airflow/.local/lib/python3.12/site-packages/airflow/example_dags/tutorial.py
[2024-04-13T16:14:32.767+0000] {processor.py:840} INFO - DAG(s) 'tutorial' retrieved from /home/airflow/.local/lib/python3.12/site-packages/airflow/example_dags/tutorial.py
[2024-04-13T16:14:32.774+0000] {logging_mixin.py:188} INFO - [2024-04-13T16:14:32.774+0000] {dag.py:3096} INFO - Sync 1 DAGs
[2024-04-13T16:14:32.782+0000] {logging_mixin.py:188} INFO - [2024-04-13T16:14:32.782+0000] {dag.py:3954} INFO - Setting next_dagrun for tutorial to 2024-04-12 00:00:00+00:00, run_after=2024-04-13 00:00:00+00:00
[2024-04-13T16:14:32.788+0000] {processor.py:183} INFO - Processing /home/airflow/.local/lib/python3.12/site-packages/airflow/example_dags/tutorial.py took 0.028 seconds
[2024-04-13T16:15:03.381+0000] {processor.py:161} INFO - Started process (PID=338) to work on /home/airflow/.local/lib/python3.12/site-packages/airflow/example_dags/tutorial.py
[2024-04-13T16:15:03.381+0000] {processor.py:830} INFO - Processing file /home/airflow/.local/lib/python3.12/site-packages/airflow/example_dags/tutorial.py for tasks to queue
[2024-04-13T16:15:03.382+0000] {logging_mixin.py:188} INFO - [2024-04-13T16:15:03.381+0000] {dagbag.py:540} INFO - Filling up the DagBag from /home/airflow/.local/lib/python3.12/site-packages/airflow/example_dags/tutorial.py
[2024-04-13T16:15:03.384+0000] {processor.py:840} INFO - DAG(s) 'tutorial' retrieved from /home/airflow/.local/lib/python3.12/site-packages/airflow/example_dags/tutorial.py
[2024-04-13T16:15:03.391+0000] {logging_mixin.py:188} INFO - [2024-04-13T16:15:03.391+0000] {dag.py:3096} INFO - Sync 1 DAGs
[2024-04-13T16:15:03.399+0000] {logging_mixin.py:188} INFO - [2024-04-13T16:15:03.399+0000] {dag.py:3954} INFO - Setting next_dagrun for tutorial to 2024-04-12 00:00:00+00:00, run_after=2024-04-13 00:00:00+00:00
[2024-04-13T16:15:03.407+0000] {processor.py:183} INFO - Processing /home/airflow/.local/lib/python3.12/site-packages/airflow/example_dags/tutorial.py took 0.029 seconds
[2024-04-13T16:15:33.841+0000] {processor.py:161} INFO - Started process (PID=396) to work on /home/airflow/.local/lib/python3.12/site-packages/airflow/example_dags/tutorial.py
[2024-04-13T16:15:33.841+0000] {processor.py:830} INFO - Processing file /home/airflow/.local/lib/python3.12/site-packages/airflow/example_dags/tutorial.py for tasks to queue
[2024-04-13T16:15:33.842+0000] {logging_mixin.py:188} INFO - [2024-04-13T16:15:33.842+0000] {dagbag.py:540} INFO - Filling up the DagBag from /home/airflow/.local/lib/python3.12/site-packages/airflow/example_dags/tutorial.py
[2024-04-13T16:15:33.844+0000] {processor.py:840} INFO - DAG(s) 'tutorial' retrieved from /home/airflow/.local/lib/python3.12/site-packages/airflow/example_dags/tutorial.py
[2024-04-13T16:15:33.852+0000] {logging_mixin.py:188} INFO - [2024-04-13T16:15:33.852+0000] {dag.py:3096} INFO - Sync 1 DAGs
[2024-04-13T16:15:33.859+0000] {logging_mixin.py:188} INFO - [2024-04-13T16:15:33.859+0000] {dag.py:3954} INFO - Setting next_dagrun for tutorial to 2024-04-12 00:00:00+00:00, run_after=2024-04-13 00:00:00+00:00
[2024-04-13T16:15:33.866+0000] {processor.py:183} INFO - Processing /home/airflow/.local/lib/python3.12/site-packages/airflow/example_dags/tutorial.py took 0.028 seconds
[2024-04-13T16:16:04.368+0000] {processor.py:161} INFO - Started process (PID=454) to work on /home/airflow/.local/lib/python3.12/site-packages/airflow/example_dags/tutorial.py
[2024-04-13T16:16:04.369+0000] {processor.py:830} INFO - Processing file /home/airflow/.local/lib/python3.12/site-packages/airflow/example_dags/tutorial.py for tasks to queue
[2024-04-13T16:16:04.369+0000] {logging_mixin.py:188} INFO - [2024-04-13T16:16:04.369+0000] {dagbag.py:540} INFO - Filling up the DagBag from /home/airflow/.local/lib/python3.12/site-packages/airflow/example_dags/tutorial.py
[2024-04-13T16:16:04.372+0000] {processor.py:840} INFO - DAG(s) 'tutorial' retrieved from /home/airflow/.local/lib/python3.12/site-packages/airflow/example_dags/tutorial.py
[2024-04-13T16:16:04.380+0000] {logging_mixin.py:188} INFO - [2024-04-13T16:16:04.380+0000] {dag.py:3096} INFO - Sync 1 DAGs
[2024-04-13T16:16:04.389+0000] {logging_mixin.py:188} INFO - [2024-04-13T16:16:04.389+0000] {dag.py:3954} INFO - Setting next_dagrun for tutorial to 2024-04-12 00:00:00+00:00, run_after=2024-04-13 00:00:00+00:00
[2024-04-13T16:16:04.396+0000] {processor.py:183} INFO - Processing /home/airflow/.local/lib/python3.12/site-packages/airflow/example_dags/tutorial.py took 0.031 seconds
[2024-04-13T16:16:34.972+0000] {processor.py:161} INFO - Started process (PID=512) to work on /home/airflow/.local/lib/python3.12/site-packages/airflow/example_dags/tutorial.py
[2024-04-13T16:16:34.972+0000] {processor.py:830} INFO - Processing file /home/airflow/.local/lib/python3.12/site-packages/airflow/example_dags/tutorial.py for tasks to queue
[2024-04-13T16:16:34.973+0000] {logging_mixin.py:188} INFO - [2024-04-13T16:16:34.973+0000] {dagbag.py:540} INFO - Filling up the DagBag from /home/airflow/.local/lib/python3.12/site-packages/airflow/example_dags/tutorial.py
[2024-04-13T16:16:34.975+0000] {processor.py:840} INFO - DAG(s) 'tutorial' retrieved from /home/airflow/.local/lib/python3.12/site-packages/airflow/example_dags/tutorial.py
[2024-04-13T16:16:34.983+0000] {logging_mixin.py:188} INFO - [2024-04-13T16:16:34.983+0000] {dag.py:3096} INFO - Sync 1 DAGs
[2024-04-13T16:16:34.990+0000] {logging_mixin.py:188} INFO - [2024-04-13T16:16:34.990+0000] {dag.py:3954} INFO - Setting next_dagrun for tutorial to 2024-04-12 00:00:00+00:00, run_after=2024-04-13 00:00:00+00:00
[2024-04-13T16:16:34.997+0000] {processor.py:183} INFO - Processing /home/airflow/.local/lib/python3.12/site-packages/airflow/example_dags/tutorial.py took 0.027 seconds
[2024-04-13T16:17:05.630+0000] {processor.py:161} INFO - Started process (PID=570) to work on /home/airflow/.local/lib/python3.12/site-packages/airflow/example_dags/tutorial.py
[2024-04-13T16:17:05.631+0000] {processor.py:830} INFO - Processing file /home/airflow/.local/lib/python3.12/site-packages/airflow/example_dags/tutorial.py for tasks to queue
[2024-04-13T16:17:05.631+0000] {logging_mixin.py:188} INFO - [2024-04-13T16:17:05.631+0000] {dagbag.py:540} INFO - Filling up the DagBag from /home/airflow/.local/lib/python3.12/site-packages/airflow/example_dags/tutorial.py
[2024-04-13T16:17:05.634+0000] {processor.py:840} INFO - DAG(s) 'tutorial' retrieved from /home/airflow/.local/lib/python3.12/site-packages/airflow/example_dags/tutorial.py
[2024-04-13T16:17:05.641+0000] {logging_mixin.py:188} INFO - [2024-04-13T16:17:05.641+0000] {dag.py:3096} INFO - Sync 1 DAGs
[2024-04-13T16:17:05.649+0000] {logging_mixin.py:188} INFO - [2024-04-13T16:17:05.649+0000] {dag.py:3954} INFO - Setting next_dagrun for tutorial to 2024-04-12 00:00:00+00:00, run_after=2024-04-13 00:00:00+00:00
[2024-04-13T16:17:05.655+0000] {processor.py:183} INFO - Processing /home/airflow/.local/lib/python3.12/site-packages/airflow/example_dags/tutorial.py took 0.027 seconds
[2024-04-13T16:17:36.188+0000] {processor.py:161} INFO - Started process (PID=628) to work on /home/airflow/.local/lib/python3.12/site-packages/airflow/example_dags/tutorial.py
[2024-04-13T16:17:36.188+0000] {processor.py:830} INFO - Processing file /home/airflow/.local/lib/python3.12/site-packages/airflow/example_dags/tutorial.py for tasks to queue
[2024-04-13T16:17:36.189+0000] {logging_mixin.py:188} INFO - [2024-04-13T16:17:36.189+0000] {dagbag.py:540} INFO - Filling up the DagBag from /home/airflow/.local/lib/python3.12/site-packages/airflow/example_dags/tutorial.py
[2024-04-13T16:17:36.192+0000] {processor.py:840} INFO - DAG(s) 'tutorial' retrieved from /home/airflow/.local/lib/python3.12/site-packages/airflow/example_dags/tutorial.py
[2024-04-13T16:17:36.201+0000] {logging_mixin.py:188} INFO - [2024-04-13T16:17:36.201+0000] {dag.py:3096} INFO - Sync 1 DAGs
[2024-04-13T16:17:36.209+0000] {logging_mixin.py:188} INFO - [2024-04-13T16:17:36.209+0000] {dag.py:3954} INFO - Setting next_dagrun for tutorial to 2024-04-12 00:00:00+00:00, run_after=2024-04-13 00:00:00+00:00
[2024-04-13T16:17:36.215+0000] {processor.py:183} INFO - Processing /home/airflow/.local/lib/python3.12/site-packages/airflow/example_dags/tutorial.py took 0.030 seconds
[2024-04-13T16:18:06.832+0000] {processor.py:161} INFO - Started process (PID=686) to work on /home/airflow/.local/lib/python3.12/site-packages/airflow/example_dags/tutorial.py
[2024-04-13T16:18:06.832+0000] {processor.py:830} INFO - Processing file /home/airflow/.local/lib/python3.12/site-packages/airflow/example_dags/tutorial.py for tasks to queue
[2024-04-13T16:18:06.833+0000] {logging_mixin.py:188} INFO - [2024-04-13T16:18:06.833+0000] {dagbag.py:540} INFO - Filling up the DagBag from /home/airflow/.local/lib/python3.12/site-packages/airflow/example_dags/tutorial.py
[2024-04-13T16:18:06.835+0000] {processor.py:840} INFO - DAG(s) 'tutorial' retrieved from /home/airflow/.local/lib/python3.12/site-packages/airflow/example_dags/tutorial.py
[2024-04-13T16:18:06.844+0000] {logging_mixin.py:188} INFO - [2024-04-13T16:18:06.844+0000] {dag.py:3096} INFO - Sync 1 DAGs
[2024-04-13T16:18:06.853+0000] {logging_mixin.py:188} INFO - [2024-04-13T16:18:06.853+0000] {dag.py:3954} INFO - Setting next_dagrun for tutorial to 2024-04-12 00:00:00+00:00, run_after=2024-04-13 00:00:00+00:00
[2024-04-13T16:18:06.859+0000] {processor.py:183} INFO - Processing /home/airflow/.local/lib/python3.12/site-packages/airflow/example_dags/tutorial.py took 0.029 seconds
[2024-04-13T16:18:37.567+0000] {processor.py:161} INFO - Started process (PID=744) to work on /home/airflow/.local/lib/python3.12/site-packages/airflow/example_dags/tutorial.py
[2024-04-13T16:18:37.567+0000] {processor.py:830} INFO - Processing file /home/airflow/.local/lib/python3.12/site-packages/airflow/example_dags/tutorial.py for tasks to queue
[2024-04-13T16:18:37.568+0000] {logging_mixin.py:188} INFO - [2024-04-13T16:18:37.568+0000] {dagbag.py:540} INFO - Filling up the DagBag from /home/airflow/.local/lib/python3.12/site-packages/airflow/example_dags/tutorial.py
[2024-04-13T16:18:37.571+0000] {processor.py:840} INFO - DAG(s) 'tutorial' retrieved from /home/airflow/.local/lib/python3.12/site-packages/airflow/example_dags/tutorial.py
[2024-04-13T16:18:37.578+0000] {logging_mixin.py:188} INFO - [2024-04-13T16:18:37.578+0000] {dag.py:3096} INFO - Sync 1 DAGs
[2024-04-13T16:18:37.586+0000] {logging_mixin.py:188} INFO - [2024-04-13T16:18:37.586+0000] {dag.py:3954} INFO - Setting next_dagrun for tutorial to 2024-04-12 00:00:00+00:00, run_after=2024-04-13 00:00:00+00:00
[2024-04-13T16:18:37.592+0000] {processor.py:183} INFO - Processing /home/airflow/.local/lib/python3.12/site-packages/airflow/example_dags/tutorial.py took 0.028 seconds
[2024-04-13T16:19:08.141+0000] {processor.py:161} INFO - Started process (PID=801) to work on /home/airflow/.local/lib/python3.12/site-packages/airflow/example_dags/tutorial.py
[2024-04-13T16:19:08.142+0000] {processor.py:830} INFO - Processing file /home/airflow/.local/lib/python3.12/site-packages/airflow/example_dags/tutorial.py for tasks to queue
[2024-04-13T16:19:08.143+0000] {logging_mixin.py:188} INFO - [2024-04-13T16:19:08.143+0000] {dagbag.py:540} INFO - Filling up the DagBag from /home/airflow/.local/lib/python3.12/site-packages/airflow/example_dags/tutorial.py
[2024-04-13T16:19:08.146+0000] {processor.py:840} INFO - DAG(s) 'tutorial' retrieved from /home/airflow/.local/lib/python3.12/site-packages/airflow/example_dags/tutorial.py
[2024-04-13T16:19:08.155+0000] {logging_mixin.py:188} INFO - [2024-04-13T16:19:08.155+0000] {dag.py:3096} INFO - Sync 1 DAGs
[2024-04-13T16:19:08.164+0000] {logging_mixin.py:188} INFO - [2024-04-13T16:19:08.164+0000] {dag.py:3954} INFO - Setting next_dagrun for tutorial to 2024-04-12 00:00:00+00:00, run_after=2024-04-13 00:00:00+00:00
[2024-04-13T16:19:08.254+0000] {processor.py:183} INFO - Processing /home/airflow/.local/lib/python3.12/site-packages/airflow/example_dags/tutorial.py took 0.115 seconds
